2025-08-17 05:12:20,773 [INFO] Loading features...
2025-08-17 05:12:20,778 [INFO] Training Logistic Regression...
2025-08-17 05:12:20,800 [INFO] Training Random Forest...
2025-08-17 05:12:20,901 [INFO] Logistic Regression metrics: {'accuracy': 0.5, 'precision': 0.0, 'recall': 0.0, 'f1_score': 0.0, 'roc_auc': 0.0}
2025-08-17 05:12:20,902 [INFO] Random Forest metrics: {'accuracy': 0.5, 'precision': 0.0, 'recall': 0.0, 'f1_score': 0.0, 'roc_auc': 0.0}
2025-08-17 05:12:20,933 [INFO] Saved best model: models/random_forest_20250817_051220.pkl
2025-08-17 05:12:20,935 [INFO] Best model metrics: {'accuracy': 0.5, 'precision': 0.0, 'recall': 0.0, 'f1_score': 0.0, 'roc_auc': 0.0}
2025-08-17 05:35:51,519 [INFO] Loading features...
2025-08-17 05:35:51,524 [INFO] Training Logistic Regression...
2025-08-17 05:35:51,538 [INFO] Training Random Forest...
2025-08-17 05:35:51,631 [INFO] Logistic Regression metrics: {'accuracy': 0.5, 'precision': 0.0, 'recall': 0.0, 'f1_score': 0.0, 'roc_auc': 0.0}
2025-08-17 05:35:51,632 [INFO] Random Forest metrics: {'accuracy': 0.5, 'precision': 0.0, 'recall': 0.0, 'f1_score': 0.0, 'roc_auc': 0.0}
2025-08-17 05:35:51,665 [INFO] Saved best model: models/random_forest_20250817_053551.pkl
2025-08-17 05:35:51,665 [INFO] Best model metrics: {'accuracy': 0.5, 'precision': 0.0, 'recall': 0.0, 'f1_score': 0.0, 'roc_auc': 0.0}
2025-08-17 05:39:08,023 [INFO] Loading features...
2025-08-17 05:39:08,028 [INFO] Training Logistic Regression...
2025-08-17 05:39:08,041 [INFO] Training Random Forest...
2025-08-17 05:39:08,133 [INFO] Logistic Regression metrics: {'accuracy': 0.5, 'precision': 0.0, 'recall': 0.0, 'f1_score': 0.0, 'roc_auc': 0.0}
2025-08-17 05:39:08,134 [INFO] Random Forest metrics: {'accuracy': 0.5, 'precision': 0.0, 'recall': 0.0, 'f1_score': 0.0, 'roc_auc': 0.0}
2025-08-17 05:39:08,167 [INFO] Saved best model: models/random_forest_20250817_053908.pkl
2025-08-17 05:39:08,168 [INFO] Best model metrics: {'accuracy': 0.5, 'precision': 0.0, 'recall': 0.0, 'f1_score': 0.0, 'roc_auc': 0.0}
2025-08-18 16:25:58,021 [INFO] Loading features...
2025-08-18 16:25:58,027 [INFO] Training Logistic Regression...
2025-08-18 16:25:58,050 [INFO] Training Random Forest...
2025-08-18 16:25:58,155 [INFO] Logistic Regression metrics: {'accuracy': 0.5, 'precision': 0.0, 'recall': 0.0, 'f1_score': 0.0, 'roc_auc': 0.0}
2025-08-18 16:25:58,156 [INFO] Random Forest metrics: {'accuracy': 0.5, 'precision': 0.0, 'recall': 0.0, 'f1_score': 0.0, 'roc_auc': 0.0}
2025-08-18 16:25:58,190 [INFO] Saved best model: models/random_forest_20250818_162558.pkl
2025-08-18 16:25:58,191 [INFO] Best model metrics: {'accuracy': 0.5, 'precision': 0.0, 'recall': 0.0, 'f1_score': 0.0, 'roc_auc': 0.0}
