[2025-08-18T16:13:03.039+0000] {processor.py:157} INFO - Started process (PID=53) to work on /opt/airflow/dags/churn_pipeline_dag.py
[2025-08-18T16:13:03.042+0000] {processor.py:829} INFO - Processing file /opt/airflow/dags/churn_pipeline_dag.py for tasks to queue
[2025-08-18T16:13:03.047+0000] {logging_mixin.py:154} INFO - [2025-08-18T16:13:03.046+0000] {dagbag.py:536} INFO - Filling up the DagBag from /opt/airflow/dags/churn_pipeline_dag.py
[2025-08-18T16:13:03.091+0000] {processor.py:839} INFO - DAG(s) dict_keys(['churn_pipeline_dag']) retrieved from /opt/airflow/dags/churn_pipeline_dag.py
[2025-08-18T16:13:03.130+0000] {logging_mixin.py:154} INFO - [2025-08-18T16:13:03.130+0000] {dag.py:2941} INFO - Sync 1 DAGs
[2025-08-18T16:13:03.153+0000] {logging_mixin.py:154} INFO - [2025-08-18T16:13:03.153+0000] {dag.py:3722} INFO - Setting next_dagrun for churn_pipeline_dag to None, run_after=None
[2025-08-18T16:13:03.185+0000] {processor.py:179} INFO - Processing /opt/airflow/dags/churn_pipeline_dag.py took 0.152 seconds
[2025-08-18T16:13:33.298+0000] {processor.py:157} INFO - Started process (PID=54) to work on /opt/airflow/dags/churn_pipeline_dag.py
[2025-08-18T16:13:33.299+0000] {processor.py:829} INFO - Processing file /opt/airflow/dags/churn_pipeline_dag.py for tasks to queue
[2025-08-18T16:13:33.303+0000] {logging_mixin.py:154} INFO - [2025-08-18T16:13:33.302+0000] {dagbag.py:536} INFO - Filling up the DagBag from /opt/airflow/dags/churn_pipeline_dag.py
[2025-08-18T16:13:33.331+0000] {processor.py:839} INFO - DAG(s) dict_keys(['churn_pipeline_dag']) retrieved from /opt/airflow/dags/churn_pipeline_dag.py
[2025-08-18T16:13:33.374+0000] {logging_mixin.py:154} INFO - [2025-08-18T16:13:33.374+0000] {dag.py:2941} INFO - Sync 1 DAGs
[2025-08-18T16:13:33.389+0000] {logging_mixin.py:154} INFO - [2025-08-18T16:13:33.389+0000] {dag.py:3722} INFO - Setting next_dagrun for churn_pipeline_dag to None, run_after=None
[2025-08-18T16:13:33.414+0000] {processor.py:179} INFO - Processing /opt/airflow/dags/churn_pipeline_dag.py took 0.121 seconds
[2025-08-18T16:14:03.594+0000] {processor.py:157} INFO - Started process (PID=55) to work on /opt/airflow/dags/churn_pipeline_dag.py
[2025-08-18T16:14:03.595+0000] {processor.py:829} INFO - Processing file /opt/airflow/dags/churn_pipeline_dag.py for tasks to queue
[2025-08-18T16:14:03.598+0000] {logging_mixin.py:154} INFO - [2025-08-18T16:14:03.598+0000] {dagbag.py:536} INFO - Filling up the DagBag from /opt/airflow/dags/churn_pipeline_dag.py
[2025-08-18T16:14:03.626+0000] {processor.py:839} INFO - DAG(s) dict_keys(['churn_pipeline_dag']) retrieved from /opt/airflow/dags/churn_pipeline_dag.py
[2025-08-18T16:14:03.663+0000] {logging_mixin.py:154} INFO - [2025-08-18T16:14:03.663+0000] {dag.py:2941} INFO - Sync 1 DAGs
[2025-08-18T16:14:03.680+0000] {logging_mixin.py:154} INFO - [2025-08-18T16:14:03.680+0000] {dag.py:3722} INFO - Setting next_dagrun for churn_pipeline_dag to None, run_after=None
[2025-08-18T16:14:03.706+0000] {processor.py:179} INFO - Processing /opt/airflow/dags/churn_pipeline_dag.py took 0.115 seconds
[2025-08-18T16:14:33.801+0000] {processor.py:157} INFO - Started process (PID=64) to work on /opt/airflow/dags/churn_pipeline_dag.py
[2025-08-18T16:14:33.802+0000] {processor.py:829} INFO - Processing file /opt/airflow/dags/churn_pipeline_dag.py for tasks to queue
[2025-08-18T16:14:33.805+0000] {logging_mixin.py:154} INFO - [2025-08-18T16:14:33.805+0000] {dagbag.py:536} INFO - Filling up the DagBag from /opt/airflow/dags/churn_pipeline_dag.py
[2025-08-18T16:14:33.830+0000] {processor.py:839} INFO - DAG(s) dict_keys(['churn_pipeline_dag']) retrieved from /opt/airflow/dags/churn_pipeline_dag.py
[2025-08-18T16:14:33.847+0000] {logging_mixin.py:154} INFO - [2025-08-18T16:14:33.846+0000] {dag.py:2941} INFO - Sync 1 DAGs
[2025-08-18T16:14:33.860+0000] {logging_mixin.py:154} INFO - [2025-08-18T16:14:33.859+0000] {dag.py:3722} INFO - Setting next_dagrun for churn_pipeline_dag to None, run_after=None
[2025-08-18T16:14:33.881+0000] {processor.py:179} INFO - Processing /opt/airflow/dags/churn_pipeline_dag.py took 0.083 seconds
[2025-08-18T16:15:04.098+0000] {processor.py:157} INFO - Started process (PID=76) to work on /opt/airflow/dags/churn_pipeline_dag.py
[2025-08-18T16:15:04.100+0000] {processor.py:829} INFO - Processing file /opt/airflow/dags/churn_pipeline_dag.py for tasks to queue
[2025-08-18T16:15:04.104+0000] {logging_mixin.py:154} INFO - [2025-08-18T16:15:04.104+0000] {dagbag.py:536} INFO - Filling up the DagBag from /opt/airflow/dags/churn_pipeline_dag.py
[2025-08-18T16:15:04.131+0000] {processor.py:839} INFO - DAG(s) dict_keys(['churn_pipeline_dag']) retrieved from /opt/airflow/dags/churn_pipeline_dag.py
[2025-08-18T16:15:04.173+0000] {logging_mixin.py:154} INFO - [2025-08-18T16:15:04.173+0000] {dag.py:2941} INFO - Sync 1 DAGs
[2025-08-18T16:15:04.189+0000] {logging_mixin.py:154} INFO - [2025-08-18T16:15:04.189+0000] {dag.py:3722} INFO - Setting next_dagrun for churn_pipeline_dag to None, run_after=None
[2025-08-18T16:15:04.211+0000] {processor.py:179} INFO - Processing /opt/airflow/dags/churn_pipeline_dag.py took 0.117 seconds
[2025-08-18T16:15:34.308+0000] {processor.py:157} INFO - Started process (PID=78) to work on /opt/airflow/dags/churn_pipeline_dag.py
[2025-08-18T16:15:34.310+0000] {processor.py:829} INFO - Processing file /opt/airflow/dags/churn_pipeline_dag.py for tasks to queue
[2025-08-18T16:15:34.314+0000] {logging_mixin.py:154} INFO - [2025-08-18T16:15:34.314+0000] {dagbag.py:536} INFO - Filling up the DagBag from /opt/airflow/dags/churn_pipeline_dag.py
[2025-08-18T16:15:34.340+0000] {processor.py:839} INFO - DAG(s) dict_keys(['churn_pipeline_dag']) retrieved from /opt/airflow/dags/churn_pipeline_dag.py
[2025-08-18T16:15:34.372+0000] {logging_mixin.py:154} INFO - [2025-08-18T16:15:34.372+0000] {dag.py:2941} INFO - Sync 1 DAGs
[2025-08-18T16:15:34.387+0000] {logging_mixin.py:154} INFO - [2025-08-18T16:15:34.387+0000] {dag.py:3722} INFO - Setting next_dagrun for churn_pipeline_dag to None, run_after=None
[2025-08-18T16:15:34.408+0000] {processor.py:179} INFO - Processing /opt/airflow/dags/churn_pipeline_dag.py took 0.104 seconds
[2025-08-18T16:16:04.580+0000] {processor.py:157} INFO - Started process (PID=89) to work on /opt/airflow/dags/churn_pipeline_dag.py
[2025-08-18T16:16:04.581+0000] {processor.py:829} INFO - Processing file /opt/airflow/dags/churn_pipeline_dag.py for tasks to queue
[2025-08-18T16:16:04.584+0000] {logging_mixin.py:154} INFO - [2025-08-18T16:16:04.584+0000] {dagbag.py:536} INFO - Filling up the DagBag from /opt/airflow/dags/churn_pipeline_dag.py
[2025-08-18T16:16:04.614+0000] {processor.py:839} INFO - DAG(s) dict_keys(['churn_pipeline_dag']) retrieved from /opt/airflow/dags/churn_pipeline_dag.py
[2025-08-18T16:16:04.651+0000] {logging_mixin.py:154} INFO - [2025-08-18T16:16:04.650+0000] {dag.py:2941} INFO - Sync 1 DAGs
[2025-08-18T16:16:04.669+0000] {logging_mixin.py:154} INFO - [2025-08-18T16:16:04.669+0000] {dag.py:3722} INFO - Setting next_dagrun for churn_pipeline_dag to None, run_after=None
[2025-08-18T16:16:04.700+0000] {processor.py:179} INFO - Processing /opt/airflow/dags/churn_pipeline_dag.py took 0.124 seconds
[2025-08-18T16:16:34.777+0000] {processor.py:157} INFO - Started process (PID=90) to work on /opt/airflow/dags/churn_pipeline_dag.py
[2025-08-18T16:16:34.778+0000] {processor.py:829} INFO - Processing file /opt/airflow/dags/churn_pipeline_dag.py for tasks to queue
[2025-08-18T16:16:34.780+0000] {logging_mixin.py:154} INFO - [2025-08-18T16:16:34.780+0000] {dagbag.py:536} INFO - Filling up the DagBag from /opt/airflow/dags/churn_pipeline_dag.py
[2025-08-18T16:16:34.804+0000] {processor.py:839} INFO - DAG(s) dict_keys(['churn_pipeline_dag']) retrieved from /opt/airflow/dags/churn_pipeline_dag.py
[2025-08-18T16:16:34.833+0000] {logging_mixin.py:154} INFO - [2025-08-18T16:16:34.833+0000] {dag.py:2941} INFO - Sync 1 DAGs
[2025-08-18T16:16:34.848+0000] {logging_mixin.py:154} INFO - [2025-08-18T16:16:34.848+0000] {dag.py:3722} INFO - Setting next_dagrun for churn_pipeline_dag to None, run_after=None
[2025-08-18T16:16:34.871+0000] {processor.py:179} INFO - Processing /opt/airflow/dags/churn_pipeline_dag.py took 0.097 seconds
[2025-08-18T16:17:05.096+0000] {processor.py:157} INFO - Started process (PID=100) to work on /opt/airflow/dags/churn_pipeline_dag.py
[2025-08-18T16:17:05.097+0000] {processor.py:829} INFO - Processing file /opt/airflow/dags/churn_pipeline_dag.py for tasks to queue
[2025-08-18T16:17:05.100+0000] {logging_mixin.py:154} INFO - [2025-08-18T16:17:05.100+0000] {dagbag.py:536} INFO - Filling up the DagBag from /opt/airflow/dags/churn_pipeline_dag.py
[2025-08-18T16:17:05.123+0000] {processor.py:839} INFO - DAG(s) dict_keys(['churn_pipeline_dag']) retrieved from /opt/airflow/dags/churn_pipeline_dag.py
[2025-08-18T16:17:05.151+0000] {logging_mixin.py:154} INFO - [2025-08-18T16:17:05.150+0000] {dag.py:2941} INFO - Sync 1 DAGs
[2025-08-18T16:17:05.164+0000] {logging_mixin.py:154} INFO - [2025-08-18T16:17:05.163+0000] {dag.py:3722} INFO - Setting next_dagrun for churn_pipeline_dag to None, run_after=None
[2025-08-18T16:17:05.187+0000] {processor.py:179} INFO - Processing /opt/airflow/dags/churn_pipeline_dag.py took 0.094 seconds
[2025-08-18T16:17:35.297+0000] {processor.py:157} INFO - Started process (PID=101) to work on /opt/airflow/dags/churn_pipeline_dag.py
[2025-08-18T16:17:35.298+0000] {processor.py:829} INFO - Processing file /opt/airflow/dags/churn_pipeline_dag.py for tasks to queue
[2025-08-18T16:17:35.301+0000] {logging_mixin.py:154} INFO - [2025-08-18T16:17:35.301+0000] {dagbag.py:536} INFO - Filling up the DagBag from /opt/airflow/dags/churn_pipeline_dag.py
[2025-08-18T16:17:35.325+0000] {processor.py:839} INFO - DAG(s) dict_keys(['churn_pipeline_dag']) retrieved from /opt/airflow/dags/churn_pipeline_dag.py
[2025-08-18T16:17:35.361+0000] {logging_mixin.py:154} INFO - [2025-08-18T16:17:35.361+0000] {dag.py:2941} INFO - Sync 1 DAGs
[2025-08-18T16:17:35.377+0000] {logging_mixin.py:154} INFO - [2025-08-18T16:17:35.376+0000] {dag.py:3722} INFO - Setting next_dagrun for churn_pipeline_dag to None, run_after=None
[2025-08-18T16:17:35.399+0000] {processor.py:179} INFO - Processing /opt/airflow/dags/churn_pipeline_dag.py took 0.107 seconds
[2025-08-18T16:18:05.602+0000] {processor.py:157} INFO - Started process (PID=102) to work on /opt/airflow/dags/churn_pipeline_dag.py
[2025-08-18T16:18:05.603+0000] {processor.py:829} INFO - Processing file /opt/airflow/dags/churn_pipeline_dag.py for tasks to queue
[2025-08-18T16:18:05.608+0000] {logging_mixin.py:154} INFO - [2025-08-18T16:18:05.607+0000] {dagbag.py:536} INFO - Filling up the DagBag from /opt/airflow/dags/churn_pipeline_dag.py
[2025-08-18T16:18:05.633+0000] {processor.py:839} INFO - DAG(s) dict_keys(['churn_pipeline_dag']) retrieved from /opt/airflow/dags/churn_pipeline_dag.py
[2025-08-18T16:18:05.666+0000] {logging_mixin.py:154} INFO - [2025-08-18T16:18:05.666+0000] {dag.py:2941} INFO - Sync 1 DAGs
[2025-08-18T16:18:05.681+0000] {logging_mixin.py:154} INFO - [2025-08-18T16:18:05.681+0000] {dag.py:3722} INFO - Setting next_dagrun for churn_pipeline_dag to None, run_after=None
[2025-08-18T16:18:05.706+0000] {processor.py:179} INFO - Processing /opt/airflow/dags/churn_pipeline_dag.py took 0.108 seconds
[2025-08-18T16:18:35.804+0000] {processor.py:157} INFO - Started process (PID=103) to work on /opt/airflow/dags/churn_pipeline_dag.py
[2025-08-18T16:18:35.805+0000] {processor.py:829} INFO - Processing file /opt/airflow/dags/churn_pipeline_dag.py for tasks to queue
[2025-08-18T16:18:35.808+0000] {logging_mixin.py:154} INFO - [2025-08-18T16:18:35.808+0000] {dagbag.py:536} INFO - Filling up the DagBag from /opt/airflow/dags/churn_pipeline_dag.py
[2025-08-18T16:18:35.831+0000] {processor.py:839} INFO - DAG(s) dict_keys(['churn_pipeline_dag']) retrieved from /opt/airflow/dags/churn_pipeline_dag.py
[2025-08-18T16:18:35.866+0000] {logging_mixin.py:154} INFO - [2025-08-18T16:18:35.866+0000] {dag.py:2941} INFO - Sync 1 DAGs
[2025-08-18T16:18:35.880+0000] {logging_mixin.py:154} INFO - [2025-08-18T16:18:35.880+0000] {dag.py:3722} INFO - Setting next_dagrun for churn_pipeline_dag to None, run_after=None
[2025-08-18T16:18:35.899+0000] {processor.py:179} INFO - Processing /opt/airflow/dags/churn_pipeline_dag.py took 0.099 seconds
[2025-08-18T16:19:06.092+0000] {processor.py:157} INFO - Started process (PID=107) to work on /opt/airflow/dags/churn_pipeline_dag.py
[2025-08-18T16:19:06.093+0000] {processor.py:829} INFO - Processing file /opt/airflow/dags/churn_pipeline_dag.py for tasks to queue
[2025-08-18T16:19:06.098+0000] {logging_mixin.py:154} INFO - [2025-08-18T16:19:06.097+0000] {dagbag.py:536} INFO - Filling up the DagBag from /opt/airflow/dags/churn_pipeline_dag.py
[2025-08-18T16:19:06.131+0000] {processor.py:839} INFO - DAG(s) dict_keys(['churn_pipeline_dag']) retrieved from /opt/airflow/dags/churn_pipeline_dag.py
[2025-08-18T16:19:06.174+0000] {logging_mixin.py:154} INFO - [2025-08-18T16:19:06.174+0000] {dag.py:2941} INFO - Sync 1 DAGs
[2025-08-18T16:19:06.194+0000] {logging_mixin.py:154} INFO - [2025-08-18T16:19:06.193+0000] {dag.py:3722} INFO - Setting next_dagrun for churn_pipeline_dag to None, run_after=None
[2025-08-18T16:19:06.221+0000] {processor.py:179} INFO - Processing /opt/airflow/dags/churn_pipeline_dag.py took 0.134 seconds
[2025-08-18T16:19:36.290+0000] {processor.py:157} INFO - Started process (PID=108) to work on /opt/airflow/dags/churn_pipeline_dag.py
[2025-08-18T16:19:36.292+0000] {processor.py:829} INFO - Processing file /opt/airflow/dags/churn_pipeline_dag.py for tasks to queue
[2025-08-18T16:19:36.295+0000] {logging_mixin.py:154} INFO - [2025-08-18T16:19:36.294+0000] {dagbag.py:536} INFO - Filling up the DagBag from /opt/airflow/dags/churn_pipeline_dag.py
[2025-08-18T16:19:36.321+0000] {processor.py:839} INFO - DAG(s) dict_keys(['churn_pipeline_dag']) retrieved from /opt/airflow/dags/churn_pipeline_dag.py
[2025-08-18T16:19:36.357+0000] {logging_mixin.py:154} INFO - [2025-08-18T16:19:36.357+0000] {dag.py:2941} INFO - Sync 1 DAGs
[2025-08-18T16:19:36.372+0000] {logging_mixin.py:154} INFO - [2025-08-18T16:19:36.372+0000] {dag.py:3722} INFO - Setting next_dagrun for churn_pipeline_dag to None, run_after=None
[2025-08-18T16:19:36.391+0000] {processor.py:179} INFO - Processing /opt/airflow/dags/churn_pipeline_dag.py took 0.104 seconds
[2025-08-18T16:20:06.602+0000] {processor.py:157} INFO - Started process (PID=114) to work on /opt/airflow/dags/churn_pipeline_dag.py
[2025-08-18T16:20:06.603+0000] {processor.py:829} INFO - Processing file /opt/airflow/dags/churn_pipeline_dag.py for tasks to queue
[2025-08-18T16:20:06.606+0000] {logging_mixin.py:154} INFO - [2025-08-18T16:20:06.606+0000] {dagbag.py:536} INFO - Filling up the DagBag from /opt/airflow/dags/churn_pipeline_dag.py
[2025-08-18T16:20:06.631+0000] {processor.py:839} INFO - DAG(s) dict_keys(['churn_pipeline_dag']) retrieved from /opt/airflow/dags/churn_pipeline_dag.py
[2025-08-18T16:20:06.666+0000] {logging_mixin.py:154} INFO - [2025-08-18T16:20:06.666+0000] {dag.py:2941} INFO - Sync 1 DAGs
[2025-08-18T16:20:06.682+0000] {logging_mixin.py:154} INFO - [2025-08-18T16:20:06.682+0000] {dag.py:3722} INFO - Setting next_dagrun for churn_pipeline_dag to None, run_after=None
[2025-08-18T16:20:06.705+0000] {processor.py:179} INFO - Processing /opt/airflow/dags/churn_pipeline_dag.py took 0.108 seconds
[2025-08-18T16:20:36.803+0000] {processor.py:157} INFO - Started process (PID=117) to work on /opt/airflow/dags/churn_pipeline_dag.py
[2025-08-18T16:20:36.805+0000] {processor.py:829} INFO - Processing file /opt/airflow/dags/churn_pipeline_dag.py for tasks to queue
[2025-08-18T16:20:36.808+0000] {logging_mixin.py:154} INFO - [2025-08-18T16:20:36.808+0000] {dagbag.py:536} INFO - Filling up the DagBag from /opt/airflow/dags/churn_pipeline_dag.py
[2025-08-18T16:20:36.834+0000] {processor.py:839} INFO - DAG(s) dict_keys(['churn_pipeline_dag']) retrieved from /opt/airflow/dags/churn_pipeline_dag.py
[2025-08-18T16:20:36.869+0000] {logging_mixin.py:154} INFO - [2025-08-18T16:20:36.869+0000] {dag.py:2941} INFO - Sync 1 DAGs
[2025-08-18T16:20:36.886+0000] {logging_mixin.py:154} INFO - [2025-08-18T16:20:36.886+0000] {dag.py:3722} INFO - Setting next_dagrun for churn_pipeline_dag to None, run_after=None
[2025-08-18T16:20:36.906+0000] {processor.py:179} INFO - Processing /opt/airflow/dags/churn_pipeline_dag.py took 0.108 seconds
[2025-08-18T16:21:07.085+0000] {processor.py:157} INFO - Started process (PID=135) to work on /opt/airflow/dags/churn_pipeline_dag.py
[2025-08-18T16:21:07.086+0000] {processor.py:829} INFO - Processing file /opt/airflow/dags/churn_pipeline_dag.py for tasks to queue
[2025-08-18T16:21:07.089+0000] {logging_mixin.py:154} INFO - [2025-08-18T16:21:07.089+0000] {dagbag.py:536} INFO - Filling up the DagBag from /opt/airflow/dags/churn_pipeline_dag.py
[2025-08-18T16:21:07.113+0000] {processor.py:839} INFO - DAG(s) dict_keys(['churn_pipeline_dag']) retrieved from /opt/airflow/dags/churn_pipeline_dag.py
[2025-08-18T16:21:07.151+0000] {logging_mixin.py:154} INFO - [2025-08-18T16:21:07.151+0000] {dag.py:2941} INFO - Sync 1 DAGs
[2025-08-18T16:21:07.167+0000] {logging_mixin.py:154} INFO - [2025-08-18T16:21:07.167+0000] {dag.py:3722} INFO - Setting next_dagrun for churn_pipeline_dag to None, run_after=None
[2025-08-18T16:21:07.194+0000] {processor.py:179} INFO - Processing /opt/airflow/dags/churn_pipeline_dag.py took 0.112 seconds
[2025-08-18T16:21:37.287+0000] {processor.py:157} INFO - Started process (PID=147) to work on /opt/airflow/dags/churn_pipeline_dag.py
[2025-08-18T16:21:37.288+0000] {processor.py:829} INFO - Processing file /opt/airflow/dags/churn_pipeline_dag.py for tasks to queue
[2025-08-18T16:21:37.291+0000] {logging_mixin.py:154} INFO - [2025-08-18T16:21:37.290+0000] {dagbag.py:536} INFO - Filling up the DagBag from /opt/airflow/dags/churn_pipeline_dag.py
[2025-08-18T16:21:37.316+0000] {processor.py:839} INFO - DAG(s) dict_keys(['churn_pipeline_dag']) retrieved from /opt/airflow/dags/churn_pipeline_dag.py
[2025-08-18T16:21:37.353+0000] {logging_mixin.py:154} INFO - [2025-08-18T16:21:37.353+0000] {dag.py:2941} INFO - Sync 1 DAGs
[2025-08-18T16:21:37.369+0000] {logging_mixin.py:154} INFO - [2025-08-18T16:21:37.368+0000] {dag.py:3722} INFO - Setting next_dagrun for churn_pipeline_dag to None, run_after=None
[2025-08-18T16:21:37.391+0000] {processor.py:179} INFO - Processing /opt/airflow/dags/churn_pipeline_dag.py took 0.108 seconds
[2025-08-18T16:22:07.582+0000] {processor.py:157} INFO - Started process (PID=151) to work on /opt/airflow/dags/churn_pipeline_dag.py
[2025-08-18T16:22:07.583+0000] {processor.py:829} INFO - Processing file /opt/airflow/dags/churn_pipeline_dag.py for tasks to queue
[2025-08-18T16:22:07.587+0000] {logging_mixin.py:154} INFO - [2025-08-18T16:22:07.586+0000] {dagbag.py:536} INFO - Filling up the DagBag from /opt/airflow/dags/churn_pipeline_dag.py
[2025-08-18T16:22:07.610+0000] {processor.py:839} INFO - DAG(s) dict_keys(['churn_pipeline_dag']) retrieved from /opt/airflow/dags/churn_pipeline_dag.py
[2025-08-18T16:22:07.644+0000] {logging_mixin.py:154} INFO - [2025-08-18T16:22:07.644+0000] {dag.py:2941} INFO - Sync 1 DAGs
[2025-08-18T16:22:07.659+0000] {logging_mixin.py:154} INFO - [2025-08-18T16:22:07.659+0000] {dag.py:3722} INFO - Setting next_dagrun for churn_pipeline_dag to None, run_after=None
[2025-08-18T16:22:07.683+0000] {processor.py:179} INFO - Processing /opt/airflow/dags/churn_pipeline_dag.py took 0.106 seconds
[2025-08-18T16:22:37.784+0000] {processor.py:157} INFO - Started process (PID=165) to work on /opt/airflow/dags/churn_pipeline_dag.py
[2025-08-18T16:22:37.786+0000] {processor.py:829} INFO - Processing file /opt/airflow/dags/churn_pipeline_dag.py for tasks to queue
[2025-08-18T16:22:37.789+0000] {logging_mixin.py:154} INFO - [2025-08-18T16:22:37.788+0000] {dagbag.py:536} INFO - Filling up the DagBag from /opt/airflow/dags/churn_pipeline_dag.py
[2025-08-18T16:22:37.813+0000] {processor.py:839} INFO - DAG(s) dict_keys(['churn_pipeline_dag']) retrieved from /opt/airflow/dags/churn_pipeline_dag.py
[2025-08-18T16:22:37.847+0000] {logging_mixin.py:154} INFO - [2025-08-18T16:22:37.847+0000] {dag.py:2941} INFO - Sync 1 DAGs
[2025-08-18T16:22:37.863+0000] {logging_mixin.py:154} INFO - [2025-08-18T16:22:37.863+0000] {dag.py:3722} INFO - Setting next_dagrun for churn_pipeline_dag to None, run_after=None
[2025-08-18T16:22:37.886+0000] {processor.py:179} INFO - Processing /opt/airflow/dags/churn_pipeline_dag.py took 0.105 seconds
[2025-08-18T16:23:08.096+0000] {processor.py:157} INFO - Started process (PID=166) to work on /opt/airflow/dags/churn_pipeline_dag.py
[2025-08-18T16:23:08.097+0000] {processor.py:829} INFO - Processing file /opt/airflow/dags/churn_pipeline_dag.py for tasks to queue
[2025-08-18T16:23:08.101+0000] {logging_mixin.py:154} INFO - [2025-08-18T16:23:08.101+0000] {dagbag.py:536} INFO - Filling up the DagBag from /opt/airflow/dags/churn_pipeline_dag.py
[2025-08-18T16:23:08.126+0000] {processor.py:839} INFO - DAG(s) dict_keys(['churn_pipeline_dag']) retrieved from /opt/airflow/dags/churn_pipeline_dag.py
[2025-08-18T16:23:08.159+0000] {logging_mixin.py:154} INFO - [2025-08-18T16:23:08.159+0000] {dag.py:2941} INFO - Sync 1 DAGs
[2025-08-18T16:23:08.173+0000] {logging_mixin.py:154} INFO - [2025-08-18T16:23:08.173+0000] {dag.py:3722} INFO - Setting next_dagrun for churn_pipeline_dag to None, run_after=None
[2025-08-18T16:23:08.197+0000] {processor.py:179} INFO - Processing /opt/airflow/dags/churn_pipeline_dag.py took 0.104 seconds
[2025-08-18T16:23:38.296+0000] {processor.py:157} INFO - Started process (PID=181) to work on /opt/airflow/dags/churn_pipeline_dag.py
[2025-08-18T16:23:38.297+0000] {processor.py:829} INFO - Processing file /opt/airflow/dags/churn_pipeline_dag.py for tasks to queue
[2025-08-18T16:23:38.301+0000] {logging_mixin.py:154} INFO - [2025-08-18T16:23:38.300+0000] {dagbag.py:536} INFO - Filling up the DagBag from /opt/airflow/dags/churn_pipeline_dag.py
[2025-08-18T16:23:38.322+0000] {processor.py:839} INFO - DAG(s) dict_keys(['churn_pipeline_dag']) retrieved from /opt/airflow/dags/churn_pipeline_dag.py
[2025-08-18T16:23:38.352+0000] {logging_mixin.py:154} INFO - [2025-08-18T16:23:38.351+0000] {dag.py:2941} INFO - Sync 1 DAGs
[2025-08-18T16:23:38.366+0000] {logging_mixin.py:154} INFO - [2025-08-18T16:23:38.366+0000] {dag.py:3722} INFO - Setting next_dagrun for churn_pipeline_dag to None, run_after=None
[2025-08-18T16:23:38.388+0000] {processor.py:179} INFO - Processing /opt/airflow/dags/churn_pipeline_dag.py took 0.096 seconds
[2025-08-18T16:24:08.566+0000] {processor.py:157} INFO - Started process (PID=184) to work on /opt/airflow/dags/churn_pipeline_dag.py
[2025-08-18T16:24:08.567+0000] {processor.py:829} INFO - Processing file /opt/airflow/dags/churn_pipeline_dag.py for tasks to queue
[2025-08-18T16:24:08.570+0000] {logging_mixin.py:154} INFO - [2025-08-18T16:24:08.570+0000] {dagbag.py:536} INFO - Filling up the DagBag from /opt/airflow/dags/churn_pipeline_dag.py
[2025-08-18T16:24:08.594+0000] {processor.py:839} INFO - DAG(s) dict_keys(['churn_pipeline_dag']) retrieved from /opt/airflow/dags/churn_pipeline_dag.py
[2025-08-18T16:24:08.627+0000] {logging_mixin.py:154} INFO - [2025-08-18T16:24:08.626+0000] {dag.py:2941} INFO - Sync 1 DAGs
[2025-08-18T16:24:08.643+0000] {logging_mixin.py:154} INFO - [2025-08-18T16:24:08.643+0000] {dag.py:3722} INFO - Setting next_dagrun for churn_pipeline_dag to None, run_after=None
[2025-08-18T16:24:08.663+0000] {processor.py:179} INFO - Processing /opt/airflow/dags/churn_pipeline_dag.py took 0.101 seconds
[2025-08-18T16:24:38.775+0000] {processor.py:157} INFO - Started process (PID=186) to work on /opt/airflow/dags/churn_pipeline_dag.py
[2025-08-18T16:24:38.777+0000] {processor.py:829} INFO - Processing file /opt/airflow/dags/churn_pipeline_dag.py for tasks to queue
[2025-08-18T16:24:38.781+0000] {logging_mixin.py:154} INFO - [2025-08-18T16:24:38.781+0000] {dagbag.py:536} INFO - Filling up the DagBag from /opt/airflow/dags/churn_pipeline_dag.py
[2025-08-18T16:24:38.816+0000] {processor.py:839} INFO - DAG(s) dict_keys(['churn_pipeline_dag']) retrieved from /opt/airflow/dags/churn_pipeline_dag.py
[2025-08-18T16:24:38.863+0000] {logging_mixin.py:154} INFO - [2025-08-18T16:24:38.863+0000] {dag.py:2941} INFO - Sync 1 DAGs
[2025-08-18T16:24:38.883+0000] {logging_mixin.py:154} INFO - [2025-08-18T16:24:38.883+0000] {dag.py:3722} INFO - Setting next_dagrun for churn_pipeline_dag to None, run_after=None
[2025-08-18T16:24:38.913+0000] {processor.py:179} INFO - Processing /opt/airflow/dags/churn_pipeline_dag.py took 0.142 seconds
[2025-08-18T16:25:09.047+0000] {processor.py:157} INFO - Started process (PID=197) to work on /opt/airflow/dags/churn_pipeline_dag.py
[2025-08-18T16:25:09.048+0000] {processor.py:829} INFO - Processing file /opt/airflow/dags/churn_pipeline_dag.py for tasks to queue
[2025-08-18T16:25:09.051+0000] {logging_mixin.py:154} INFO - [2025-08-18T16:25:09.051+0000] {dagbag.py:536} INFO - Filling up the DagBag from /opt/airflow/dags/churn_pipeline_dag.py
[2025-08-18T16:25:09.074+0000] {processor.py:839} INFO - DAG(s) dict_keys(['churn_pipeline_dag']) retrieved from /opt/airflow/dags/churn_pipeline_dag.py
[2025-08-18T16:25:09.103+0000] {logging_mixin.py:154} INFO - [2025-08-18T16:25:09.102+0000] {dag.py:2941} INFO - Sync 1 DAGs
[2025-08-18T16:25:09.115+0000] {logging_mixin.py:154} INFO - [2025-08-18T16:25:09.115+0000] {dag.py:3722} INFO - Setting next_dagrun for churn_pipeline_dag to None, run_after=None
[2025-08-18T16:25:09.136+0000] {processor.py:179} INFO - Processing /opt/airflow/dags/churn_pipeline_dag.py took 0.093 seconds
[2025-08-18T16:25:39.302+0000] {processor.py:157} INFO - Started process (PID=209) to work on /opt/airflow/dags/churn_pipeline_dag.py
[2025-08-18T16:25:39.303+0000] {processor.py:829} INFO - Processing file /opt/airflow/dags/churn_pipeline_dag.py for tasks to queue
[2025-08-18T16:25:39.305+0000] {logging_mixin.py:154} INFO - [2025-08-18T16:25:39.305+0000] {dagbag.py:536} INFO - Filling up the DagBag from /opt/airflow/dags/churn_pipeline_dag.py
[2025-08-18T16:25:39.327+0000] {processor.py:839} INFO - DAG(s) dict_keys(['churn_pipeline_dag']) retrieved from /opt/airflow/dags/churn_pipeline_dag.py
[2025-08-18T16:25:39.358+0000] {logging_mixin.py:154} INFO - [2025-08-18T16:25:39.357+0000] {dag.py:2941} INFO - Sync 1 DAGs
[2025-08-18T16:25:39.371+0000] {logging_mixin.py:154} INFO - [2025-08-18T16:25:39.370+0000] {dag.py:3722} INFO - Setting next_dagrun for churn_pipeline_dag to None, run_after=None
[2025-08-18T16:25:39.390+0000] {processor.py:179} INFO - Processing /opt/airflow/dags/churn_pipeline_dag.py took 0.092 seconds
[2025-08-18T16:26:09.521+0000] {processor.py:157} INFO - Started process (PID=219) to work on /opt/airflow/dags/churn_pipeline_dag.py
[2025-08-18T16:26:09.522+0000] {processor.py:829} INFO - Processing file /opt/airflow/dags/churn_pipeline_dag.py for tasks to queue
[2025-08-18T16:26:09.525+0000] {logging_mixin.py:154} INFO - [2025-08-18T16:26:09.525+0000] {dagbag.py:536} INFO - Filling up the DagBag from /opt/airflow/dags/churn_pipeline_dag.py
[2025-08-18T16:26:09.554+0000] {processor.py:839} INFO - DAG(s) dict_keys(['churn_pipeline_dag']) retrieved from /opt/airflow/dags/churn_pipeline_dag.py
[2025-08-18T16:26:09.588+0000] {logging_mixin.py:154} INFO - [2025-08-18T16:26:09.588+0000] {dag.py:2941} INFO - Sync 1 DAGs
[2025-08-18T16:26:09.604+0000] {logging_mixin.py:154} INFO - [2025-08-18T16:26:09.604+0000] {dag.py:3722} INFO - Setting next_dagrun for churn_pipeline_dag to None, run_after=None
[2025-08-18T16:26:09.630+0000] {processor.py:179} INFO - Processing /opt/airflow/dags/churn_pipeline_dag.py took 0.113 seconds
[2025-08-18T16:26:39.766+0000] {processor.py:157} INFO - Started process (PID=220) to work on /opt/airflow/dags/churn_pipeline_dag.py
[2025-08-18T16:26:39.768+0000] {processor.py:829} INFO - Processing file /opt/airflow/dags/churn_pipeline_dag.py for tasks to queue
[2025-08-18T16:26:39.770+0000] {logging_mixin.py:154} INFO - [2025-08-18T16:26:39.770+0000] {dagbag.py:536} INFO - Filling up the DagBag from /opt/airflow/dags/churn_pipeline_dag.py
[2025-08-18T16:26:39.796+0000] {processor.py:839} INFO - DAG(s) dict_keys(['churn_pipeline_dag']) retrieved from /opt/airflow/dags/churn_pipeline_dag.py
[2025-08-18T16:26:39.825+0000] {logging_mixin.py:154} INFO - [2025-08-18T16:26:39.825+0000] {dag.py:2941} INFO - Sync 1 DAGs
[2025-08-18T16:26:39.839+0000] {logging_mixin.py:154} INFO - [2025-08-18T16:26:39.839+0000] {dag.py:3722} INFO - Setting next_dagrun for churn_pipeline_dag to None, run_after=None
[2025-08-18T16:26:39.860+0000] {processor.py:179} INFO - Processing /opt/airflow/dags/churn_pipeline_dag.py took 0.098 seconds
[2025-08-18T16:27:10.010+0000] {processor.py:157} INFO - Started process (PID=221) to work on /opt/airflow/dags/churn_pipeline_dag.py
[2025-08-18T16:27:10.011+0000] {processor.py:829} INFO - Processing file /opt/airflow/dags/churn_pipeline_dag.py for tasks to queue
[2025-08-18T16:27:10.014+0000] {logging_mixin.py:154} INFO - [2025-08-18T16:27:10.014+0000] {dagbag.py:536} INFO - Filling up the DagBag from /opt/airflow/dags/churn_pipeline_dag.py
[2025-08-18T16:27:10.040+0000] {processor.py:839} INFO - DAG(s) dict_keys(['churn_pipeline_dag']) retrieved from /opt/airflow/dags/churn_pipeline_dag.py
[2025-08-18T16:27:10.078+0000] {logging_mixin.py:154} INFO - [2025-08-18T16:27:10.078+0000] {dag.py:2941} INFO - Sync 1 DAGs
[2025-08-18T16:27:10.093+0000] {logging_mixin.py:154} INFO - [2025-08-18T16:27:10.093+0000] {dag.py:3722} INFO - Setting next_dagrun for churn_pipeline_dag to None, run_after=None
[2025-08-18T16:27:10.118+0000] {processor.py:179} INFO - Processing /opt/airflow/dags/churn_pipeline_dag.py took 0.112 seconds
