[2025-08-17T00:53:33.194+0000] {processor.py:161} INFO - Started process (PID=74) to work on /home/airflow/.local/lib/python3.12/site-packages/airflow/example_dags/example_sensor_decorator.py
[2025-08-17T00:53:33.196+0000] {processor.py:830} INFO - Processing file /home/airflow/.local/lib/python3.12/site-packages/airflow/example_dags/example_sensor_decorator.py for tasks to queue
[2025-08-17T00:53:33.200+0000] {logging_mixin.py:188} INFO - [2025-08-17T00:53:33.199+0000] {dagbag.py:545} INFO - Filling up the DagBag from /home/airflow/.local/lib/python3.12/site-packages/airflow/example_dags/example_sensor_decorator.py
[2025-08-17T00:53:33.217+0000] {processor.py:840} INFO - DAG(s) 'example_sensor_decorator' retrieved from /home/airflow/.local/lib/python3.12/site-packages/airflow/example_dags/example_sensor_decorator.py
[2025-08-17T00:53:33.371+0000] {logging_mixin.py:188} INFO - [2025-08-17T00:53:33.370+0000] {dag.py:3089} INFO - Sync 1 DAGs
[2025-08-17T00:53:33.387+0000] {logging_mixin.py:188} INFO - [2025-08-17T00:53:33.387+0000] {dag.py:3947} INFO - Setting next_dagrun for example_sensor_decorator to None, run_after=None
[2025-08-17T00:53:33.423+0000] {processor.py:183} INFO - Processing /home/airflow/.local/lib/python3.12/site-packages/airflow/example_dags/example_sensor_decorator.py took 0.238 seconds
[2025-08-17T00:54:04.358+0000] {processor.py:161} INFO - Started process (PID=139) to work on /home/airflow/.local/lib/python3.12/site-packages/airflow/example_dags/example_sensor_decorator.py
[2025-08-17T00:54:04.360+0000] {processor.py:830} INFO - Processing file /home/airflow/.local/lib/python3.12/site-packages/airflow/example_dags/example_sensor_decorator.py for tasks to queue
[2025-08-17T00:54:04.362+0000] {logging_mixin.py:188} INFO - [2025-08-17T00:54:04.362+0000] {dagbag.py:545} INFO - Filling up the DagBag from /home/airflow/.local/lib/python3.12/site-packages/airflow/example_dags/example_sensor_decorator.py
[2025-08-17T00:54:04.369+0000] {processor.py:840} INFO - DAG(s) 'example_sensor_decorator' retrieved from /home/airflow/.local/lib/python3.12/site-packages/airflow/example_dags/example_sensor_decorator.py
[2025-08-17T00:54:04.392+0000] {logging_mixin.py:188} INFO - [2025-08-17T00:54:04.392+0000] {dag.py:3089} INFO - Sync 1 DAGs
[2025-08-17T00:54:04.405+0000] {logging_mixin.py:188} INFO - [2025-08-17T00:54:04.405+0000] {dag.py:3947} INFO - Setting next_dagrun for example_sensor_decorator to None, run_after=None
[2025-08-17T00:54:04.428+0000] {processor.py:183} INFO - Processing /home/airflow/.local/lib/python3.12/site-packages/airflow/example_dags/example_sensor_decorator.py took 0.077 seconds
[2025-08-17T00:54:34.687+0000] {processor.py:161} INFO - Started process (PID=197) to work on /home/airflow/.local/lib/python3.12/site-packages/airflow/example_dags/example_sensor_decorator.py
[2025-08-17T00:54:34.688+0000] {processor.py:830} INFO - Processing file /home/airflow/.local/lib/python3.12/site-packages/airflow/example_dags/example_sensor_decorator.py for tasks to queue
[2025-08-17T00:54:34.690+0000] {logging_mixin.py:188} INFO - [2025-08-17T00:54:34.690+0000] {dagbag.py:545} INFO - Filling up the DagBag from /home/airflow/.local/lib/python3.12/site-packages/airflow/example_dags/example_sensor_decorator.py
[2025-08-17T00:54:34.697+0000] {processor.py:840} INFO - DAG(s) 'example_sensor_decorator' retrieved from /home/airflow/.local/lib/python3.12/site-packages/airflow/example_dags/example_sensor_decorator.py
[2025-08-17T00:54:34.720+0000] {logging_mixin.py:188} INFO - [2025-08-17T00:54:34.719+0000] {dag.py:3089} INFO - Sync 1 DAGs
[2025-08-17T00:54:34.733+0000] {logging_mixin.py:188} INFO - [2025-08-17T00:54:34.733+0000] {dag.py:3947} INFO - Setting next_dagrun for example_sensor_decorator to None, run_after=None
[2025-08-17T00:54:34.755+0000] {processor.py:183} INFO - Processing /home/airflow/.local/lib/python3.12/site-packages/airflow/example_dags/example_sensor_decorator.py took 0.074 seconds
[2025-08-17T00:55:05.131+0000] {processor.py:161} INFO - Started process (PID=255) to work on /home/airflow/.local/lib/python3.12/site-packages/airflow/example_dags/example_sensor_decorator.py
[2025-08-17T00:55:05.132+0000] {processor.py:830} INFO - Processing file /home/airflow/.local/lib/python3.12/site-packages/airflow/example_dags/example_sensor_decorator.py for tasks to queue
[2025-08-17T00:55:05.135+0000] {logging_mixin.py:188} INFO - [2025-08-17T00:55:05.134+0000] {dagbag.py:545} INFO - Filling up the DagBag from /home/airflow/.local/lib/python3.12/site-packages/airflow/example_dags/example_sensor_decorator.py
[2025-08-17T00:55:05.141+0000] {processor.py:840} INFO - DAG(s) 'example_sensor_decorator' retrieved from /home/airflow/.local/lib/python3.12/site-packages/airflow/example_dags/example_sensor_decorator.py
[2025-08-17T00:55:05.166+0000] {logging_mixin.py:188} INFO - [2025-08-17T00:55:05.166+0000] {dag.py:3089} INFO - Sync 1 DAGs
[2025-08-17T00:55:05.179+0000] {logging_mixin.py:188} INFO - [2025-08-17T00:55:05.179+0000] {dag.py:3947} INFO - Setting next_dagrun for example_sensor_decorator to None, run_after=None
[2025-08-17T00:55:05.199+0000] {processor.py:183} INFO - Processing /home/airflow/.local/lib/python3.12/site-packages/airflow/example_dags/example_sensor_decorator.py took 0.074 seconds
[2025-08-17T00:55:35.909+0000] {processor.py:161} INFO - Started process (PID=314) to work on /home/airflow/.local/lib/python3.12/site-packages/airflow/example_dags/example_sensor_decorator.py
[2025-08-17T00:55:35.911+0000] {processor.py:830} INFO - Processing file /home/airflow/.local/lib/python3.12/site-packages/airflow/example_dags/example_sensor_decorator.py for tasks to queue
[2025-08-17T00:55:35.913+0000] {logging_mixin.py:188} INFO - [2025-08-17T00:55:35.913+0000] {dagbag.py:545} INFO - Filling up the DagBag from /home/airflow/.local/lib/python3.12/site-packages/airflow/example_dags/example_sensor_decorator.py
[2025-08-17T00:55:35.920+0000] {processor.py:840} INFO - DAG(s) 'example_sensor_decorator' retrieved from /home/airflow/.local/lib/python3.12/site-packages/airflow/example_dags/example_sensor_decorator.py
[2025-08-17T00:55:35.947+0000] {logging_mixin.py:188} INFO - [2025-08-17T00:55:35.947+0000] {dag.py:3089} INFO - Sync 1 DAGs
[2025-08-17T00:55:35.964+0000] {logging_mixin.py:188} INFO - [2025-08-17T00:55:35.964+0000] {dag.py:3947} INFO - Setting next_dagrun for example_sensor_decorator to None, run_after=None
[2025-08-17T00:55:35.989+0000] {processor.py:183} INFO - Processing /home/airflow/.local/lib/python3.12/site-packages/airflow/example_dags/example_sensor_decorator.py took 0.086 seconds
[2025-08-17T00:56:06.203+0000] {processor.py:161} INFO - Started process (PID=372) to work on /home/airflow/.local/lib/python3.12/site-packages/airflow/example_dags/example_sensor_decorator.py
[2025-08-17T00:56:06.205+0000] {processor.py:830} INFO - Processing file /home/airflow/.local/lib/python3.12/site-packages/airflow/example_dags/example_sensor_decorator.py for tasks to queue
[2025-08-17T00:56:06.208+0000] {logging_mixin.py:188} INFO - [2025-08-17T00:56:06.208+0000] {dagbag.py:545} INFO - Filling up the DagBag from /home/airflow/.local/lib/python3.12/site-packages/airflow/example_dags/example_sensor_decorator.py
[2025-08-17T00:56:06.215+0000] {processor.py:840} INFO - DAG(s) 'example_sensor_decorator' retrieved from /home/airflow/.local/lib/python3.12/site-packages/airflow/example_dags/example_sensor_decorator.py
[2025-08-17T00:56:06.240+0000] {logging_mixin.py:188} INFO - [2025-08-17T00:56:06.240+0000] {dag.py:3089} INFO - Sync 1 DAGs
[2025-08-17T00:56:06.254+0000] {logging_mixin.py:188} INFO - [2025-08-17T00:56:06.254+0000] {dag.py:3947} INFO - Setting next_dagrun for example_sensor_decorator to None, run_after=None
[2025-08-17T00:56:06.281+0000] {processor.py:183} INFO - Processing /home/airflow/.local/lib/python3.12/site-packages/airflow/example_dags/example_sensor_decorator.py took 0.084 seconds
[2025-08-17T00:56:36.433+0000] {processor.py:161} INFO - Started process (PID=430) to work on /home/airflow/.local/lib/python3.12/site-packages/airflow/example_dags/example_sensor_decorator.py
[2025-08-17T00:56:36.434+0000] {processor.py:830} INFO - Processing file /home/airflow/.local/lib/python3.12/site-packages/airflow/example_dags/example_sensor_decorator.py for tasks to queue
[2025-08-17T00:56:36.437+0000] {logging_mixin.py:188} INFO - [2025-08-17T00:56:36.437+0000] {dagbag.py:545} INFO - Filling up the DagBag from /home/airflow/.local/lib/python3.12/site-packages/airflow/example_dags/example_sensor_decorator.py
[2025-08-17T00:56:36.444+0000] {processor.py:840} INFO - DAG(s) 'example_sensor_decorator' retrieved from /home/airflow/.local/lib/python3.12/site-packages/airflow/example_dags/example_sensor_decorator.py
[2025-08-17T00:56:36.469+0000] {logging_mixin.py:188} INFO - [2025-08-17T00:56:36.468+0000] {dag.py:3089} INFO - Sync 1 DAGs
[2025-08-17T00:56:36.483+0000] {logging_mixin.py:188} INFO - [2025-08-17T00:56:36.482+0000] {dag.py:3947} INFO - Setting next_dagrun for example_sensor_decorator to None, run_after=None
[2025-08-17T00:56:36.504+0000] {processor.py:183} INFO - Processing /home/airflow/.local/lib/python3.12/site-packages/airflow/example_dags/example_sensor_decorator.py took 0.078 seconds
[2025-08-17T00:57:06.773+0000] {processor.py:161} INFO - Started process (PID=488) to work on /home/airflow/.local/lib/python3.12/site-packages/airflow/example_dags/example_sensor_decorator.py
[2025-08-17T00:57:06.775+0000] {processor.py:830} INFO - Processing file /home/airflow/.local/lib/python3.12/site-packages/airflow/example_dags/example_sensor_decorator.py for tasks to queue
[2025-08-17T00:57:06.777+0000] {logging_mixin.py:188} INFO - [2025-08-17T00:57:06.777+0000] {dagbag.py:545} INFO - Filling up the DagBag from /home/airflow/.local/lib/python3.12/site-packages/airflow/example_dags/example_sensor_decorator.py
[2025-08-17T00:57:06.784+0000] {processor.py:840} INFO - DAG(s) 'example_sensor_decorator' retrieved from /home/airflow/.local/lib/python3.12/site-packages/airflow/example_dags/example_sensor_decorator.py
[2025-08-17T00:57:06.806+0000] {logging_mixin.py:188} INFO - [2025-08-17T00:57:06.806+0000] {dag.py:3089} INFO - Sync 1 DAGs
[2025-08-17T00:57:06.820+0000] {logging_mixin.py:188} INFO - [2025-08-17T00:57:06.819+0000] {dag.py:3947} INFO - Setting next_dagrun for example_sensor_decorator to None, run_after=None
[2025-08-17T00:57:06.839+0000] {processor.py:183} INFO - Processing /home/airflow/.local/lib/python3.12/site-packages/airflow/example_dags/example_sensor_decorator.py took 0.072 seconds
[2025-08-17T00:57:37.349+0000] {processor.py:161} INFO - Started process (PID=546) to work on /home/airflow/.local/lib/python3.12/site-packages/airflow/example_dags/example_sensor_decorator.py
[2025-08-17T00:57:37.350+0000] {processor.py:830} INFO - Processing file /home/airflow/.local/lib/python3.12/site-packages/airflow/example_dags/example_sensor_decorator.py for tasks to queue
[2025-08-17T00:57:37.352+0000] {logging_mixin.py:188} INFO - [2025-08-17T00:57:37.352+0000] {dagbag.py:545} INFO - Filling up the DagBag from /home/airflow/.local/lib/python3.12/site-packages/airflow/example_dags/example_sensor_decorator.py
[2025-08-17T00:57:37.359+0000] {processor.py:840} INFO - DAG(s) 'example_sensor_decorator' retrieved from /home/airflow/.local/lib/python3.12/site-packages/airflow/example_dags/example_sensor_decorator.py
[2025-08-17T00:57:37.382+0000] {logging_mixin.py:188} INFO - [2025-08-17T00:57:37.382+0000] {dag.py:3089} INFO - Sync 1 DAGs
[2025-08-17T00:57:37.395+0000] {logging_mixin.py:188} INFO - [2025-08-17T00:57:37.395+0000] {dag.py:3947} INFO - Setting next_dagrun for example_sensor_decorator to None, run_after=None
[2025-08-17T00:57:37.416+0000] {processor.py:183} INFO - Processing /home/airflow/.local/lib/python3.12/site-packages/airflow/example_dags/example_sensor_decorator.py took 0.073 seconds
[2025-08-17T00:58:07.939+0000] {processor.py:161} INFO - Started process (PID=604) to work on /home/airflow/.local/lib/python3.12/site-packages/airflow/example_dags/example_sensor_decorator.py
[2025-08-17T00:58:07.941+0000] {processor.py:830} INFO - Processing file /home/airflow/.local/lib/python3.12/site-packages/airflow/example_dags/example_sensor_decorator.py for tasks to queue
[2025-08-17T00:58:07.944+0000] {logging_mixin.py:188} INFO - [2025-08-17T00:58:07.944+0000] {dagbag.py:545} INFO - Filling up the DagBag from /home/airflow/.local/lib/python3.12/site-packages/airflow/example_dags/example_sensor_decorator.py
[2025-08-17T00:58:07.952+0000] {processor.py:840} INFO - DAG(s) 'example_sensor_decorator' retrieved from /home/airflow/.local/lib/python3.12/site-packages/airflow/example_dags/example_sensor_decorator.py
[2025-08-17T00:58:07.980+0000] {logging_mixin.py:188} INFO - [2025-08-17T00:58:07.979+0000] {dag.py:3089} INFO - Sync 1 DAGs
[2025-08-17T00:58:07.995+0000] {logging_mixin.py:188} INFO - [2025-08-17T00:58:07.995+0000] {dag.py:3947} INFO - Setting next_dagrun for example_sensor_decorator to None, run_after=None
[2025-08-17T00:58:08.018+0000] {processor.py:183} INFO - Processing /home/airflow/.local/lib/python3.12/site-packages/airflow/example_dags/example_sensor_decorator.py took 0.086 seconds
[2025-08-17T00:58:38.727+0000] {processor.py:161} INFO - Started process (PID=663) to work on /home/airflow/.local/lib/python3.12/site-packages/airflow/example_dags/example_sensor_decorator.py
[2025-08-17T00:58:38.728+0000] {processor.py:830} INFO - Processing file /home/airflow/.local/lib/python3.12/site-packages/airflow/example_dags/example_sensor_decorator.py for tasks to queue
[2025-08-17T00:58:38.731+0000] {logging_mixin.py:188} INFO - [2025-08-17T00:58:38.731+0000] {dagbag.py:545} INFO - Filling up the DagBag from /home/airflow/.local/lib/python3.12/site-packages/airflow/example_dags/example_sensor_decorator.py
[2025-08-17T00:58:38.739+0000] {processor.py:840} INFO - DAG(s) 'example_sensor_decorator' retrieved from /home/airflow/.local/lib/python3.12/site-packages/airflow/example_dags/example_sensor_decorator.py
[2025-08-17T00:58:38.764+0000] {logging_mixin.py:188} INFO - [2025-08-17T00:58:38.764+0000] {dag.py:3089} INFO - Sync 1 DAGs
[2025-08-17T00:58:38.779+0000] {logging_mixin.py:188} INFO - [2025-08-17T00:58:38.778+0000] {dag.py:3947} INFO - Setting next_dagrun for example_sensor_decorator to None, run_after=None
[2025-08-17T00:58:38.801+0000] {processor.py:183} INFO - Processing /home/airflow/.local/lib/python3.12/site-packages/airflow/example_dags/example_sensor_decorator.py took 0.081 seconds
[2025-08-17T00:59:09.525+0000] {processor.py:161} INFO - Started process (PID=722) to work on /home/airflow/.local/lib/python3.12/site-packages/airflow/example_dags/example_sensor_decorator.py
[2025-08-17T00:59:09.527+0000] {processor.py:830} INFO - Processing file /home/airflow/.local/lib/python3.12/site-packages/airflow/example_dags/example_sensor_decorator.py for tasks to queue
[2025-08-17T00:59:09.529+0000] {logging_mixin.py:188} INFO - [2025-08-17T00:59:09.528+0000] {dagbag.py:545} INFO - Filling up the DagBag from /home/airflow/.local/lib/python3.12/site-packages/airflow/example_dags/example_sensor_decorator.py
[2025-08-17T00:59:09.535+0000] {processor.py:840} INFO - DAG(s) 'example_sensor_decorator' retrieved from /home/airflow/.local/lib/python3.12/site-packages/airflow/example_dags/example_sensor_decorator.py
[2025-08-17T00:59:09.557+0000] {logging_mixin.py:188} INFO - [2025-08-17T00:59:09.557+0000] {dag.py:3089} INFO - Sync 1 DAGs
[2025-08-17T00:59:09.571+0000] {logging_mixin.py:188} INFO - [2025-08-17T00:59:09.570+0000] {dag.py:3947} INFO - Setting next_dagrun for example_sensor_decorator to None, run_after=None
[2025-08-17T00:59:09.592+0000] {processor.py:183} INFO - Processing /home/airflow/.local/lib/python3.12/site-packages/airflow/example_dags/example_sensor_decorator.py took 0.073 seconds
[2025-08-17T01:00:10.768+0000] {processor.py:161} INFO - Started process (PID=69) to work on /home/airflow/.local/lib/python3.12/site-packages/airflow/example_dags/example_sensor_decorator.py
[2025-08-17T01:00:10.770+0000] {processor.py:830} INFO - Processing file /home/airflow/.local/lib/python3.12/site-packages/airflow/example_dags/example_sensor_decorator.py for tasks to queue
[2025-08-17T01:00:10.774+0000] {logging_mixin.py:188} INFO - [2025-08-17T01:00:10.773+0000] {dagbag.py:545} INFO - Filling up the DagBag from /home/airflow/.local/lib/python3.12/site-packages/airflow/example_dags/example_sensor_decorator.py
[2025-08-17T01:00:10.788+0000] {processor.py:840} INFO - DAG(s) 'example_sensor_decorator' retrieved from /home/airflow/.local/lib/python3.12/site-packages/airflow/example_dags/example_sensor_decorator.py
[2025-08-17T01:00:10.811+0000] {logging_mixin.py:188} INFO - [2025-08-17T01:00:10.811+0000] {dag.py:3089} INFO - Sync 1 DAGs
[2025-08-17T01:00:10.832+0000] {logging_mixin.py:188} INFO - [2025-08-17T01:00:10.832+0000] {dag.py:3947} INFO - Setting next_dagrun for example_sensor_decorator to None, run_after=None
[2025-08-17T01:00:10.861+0000] {processor.py:183} INFO - Processing /home/airflow/.local/lib/python3.12/site-packages/airflow/example_dags/example_sensor_decorator.py took 0.104 seconds
[2025-08-17T01:01:33.949+0000] {processor.py:161} INFO - Started process (PID=69) to work on /home/airflow/.local/lib/python3.12/site-packages/airflow/example_dags/example_sensor_decorator.py
[2025-08-17T01:01:33.951+0000] {processor.py:830} INFO - Processing file /home/airflow/.local/lib/python3.12/site-packages/airflow/example_dags/example_sensor_decorator.py for tasks to queue
[2025-08-17T01:01:33.954+0000] {logging_mixin.py:188} INFO - [2025-08-17T01:01:33.954+0000] {dagbag.py:545} INFO - Filling up the DagBag from /home/airflow/.local/lib/python3.12/site-packages/airflow/example_dags/example_sensor_decorator.py
[2025-08-17T01:01:33.966+0000] {processor.py:840} INFO - DAG(s) 'example_sensor_decorator' retrieved from /home/airflow/.local/lib/python3.12/site-packages/airflow/example_dags/example_sensor_decorator.py
[2025-08-17T01:01:33.985+0000] {logging_mixin.py:188} INFO - [2025-08-17T01:01:33.984+0000] {dag.py:3089} INFO - Sync 1 DAGs
[2025-08-17T01:01:34.003+0000] {logging_mixin.py:188} INFO - [2025-08-17T01:01:34.002+0000] {dag.py:3947} INFO - Setting next_dagrun for example_sensor_decorator to None, run_after=None
[2025-08-17T01:01:34.032+0000] {processor.py:183} INFO - Processing /home/airflow/.local/lib/python3.12/site-packages/airflow/example_dags/example_sensor_decorator.py took 0.093 seconds
[2025-08-17T01:02:04.672+0000] {processor.py:161} INFO - Started process (PID=128) to work on /home/airflow/.local/lib/python3.12/site-packages/airflow/example_dags/example_sensor_decorator.py
[2025-08-17T01:02:04.674+0000] {processor.py:830} INFO - Processing file /home/airflow/.local/lib/python3.12/site-packages/airflow/example_dags/example_sensor_decorator.py for tasks to queue
[2025-08-17T01:02:04.676+0000] {logging_mixin.py:188} INFO - [2025-08-17T01:02:04.676+0000] {dagbag.py:545} INFO - Filling up the DagBag from /home/airflow/.local/lib/python3.12/site-packages/airflow/example_dags/example_sensor_decorator.py
[2025-08-17T01:02:04.684+0000] {processor.py:840} INFO - DAG(s) 'example_sensor_decorator' retrieved from /home/airflow/.local/lib/python3.12/site-packages/airflow/example_dags/example_sensor_decorator.py
[2025-08-17T01:02:04.813+0000] {logging_mixin.py:188} INFO - [2025-08-17T01:02:04.812+0000] {dag.py:3089} INFO - Sync 1 DAGs
[2025-08-17T01:02:04.825+0000] {logging_mixin.py:188} INFO - [2025-08-17T01:02:04.825+0000] {dag.py:3947} INFO - Setting next_dagrun for example_sensor_decorator to None, run_after=None
[2025-08-17T01:02:04.845+0000] {processor.py:183} INFO - Processing /home/airflow/.local/lib/python3.12/site-packages/airflow/example_dags/example_sensor_decorator.py took 0.180 seconds
[2025-08-17T01:02:35.859+0000] {processor.py:161} INFO - Started process (PID=187) to work on /home/airflow/.local/lib/python3.12/site-packages/airflow/example_dags/example_sensor_decorator.py
[2025-08-17T01:02:35.860+0000] {processor.py:830} INFO - Processing file /home/airflow/.local/lib/python3.12/site-packages/airflow/example_dags/example_sensor_decorator.py for tasks to queue
[2025-08-17T01:02:35.862+0000] {logging_mixin.py:188} INFO - [2025-08-17T01:02:35.862+0000] {dagbag.py:545} INFO - Filling up the DagBag from /home/airflow/.local/lib/python3.12/site-packages/airflow/example_dags/example_sensor_decorator.py
[2025-08-17T01:02:35.870+0000] {processor.py:840} INFO - DAG(s) 'example_sensor_decorator' retrieved from /home/airflow/.local/lib/python3.12/site-packages/airflow/example_dags/example_sensor_decorator.py
[2025-08-17T01:02:35.893+0000] {logging_mixin.py:188} INFO - [2025-08-17T01:02:35.893+0000] {dag.py:3089} INFO - Sync 1 DAGs
[2025-08-17T01:02:35.908+0000] {logging_mixin.py:188} INFO - [2025-08-17T01:02:35.908+0000] {dag.py:3947} INFO - Setting next_dagrun for example_sensor_decorator to None, run_after=None
[2025-08-17T01:02:35.938+0000] {processor.py:183} INFO - Processing /home/airflow/.local/lib/python3.12/site-packages/airflow/example_dags/example_sensor_decorator.py took 0.086 seconds
[2025-08-17T01:03:06.405+0000] {processor.py:161} INFO - Started process (PID=246) to work on /home/airflow/.local/lib/python3.12/site-packages/airflow/example_dags/example_sensor_decorator.py
[2025-08-17T01:03:06.406+0000] {processor.py:830} INFO - Processing file /home/airflow/.local/lib/python3.12/site-packages/airflow/example_dags/example_sensor_decorator.py for tasks to queue
[2025-08-17T01:03:06.409+0000] {logging_mixin.py:188} INFO - [2025-08-17T01:03:06.409+0000] {dagbag.py:545} INFO - Filling up the DagBag from /home/airflow/.local/lib/python3.12/site-packages/airflow/example_dags/example_sensor_decorator.py
[2025-08-17T01:03:06.416+0000] {processor.py:840} INFO - DAG(s) 'example_sensor_decorator' retrieved from /home/airflow/.local/lib/python3.12/site-packages/airflow/example_dags/example_sensor_decorator.py
[2025-08-17T01:03:06.446+0000] {logging_mixin.py:188} INFO - [2025-08-17T01:03:06.446+0000] {dag.py:3089} INFO - Sync 1 DAGs
[2025-08-17T01:03:06.463+0000] {logging_mixin.py:188} INFO - [2025-08-17T01:03:06.462+0000] {dag.py:3947} INFO - Setting next_dagrun for example_sensor_decorator to None, run_after=None
[2025-08-17T01:03:06.487+0000] {processor.py:183} INFO - Processing /home/airflow/.local/lib/python3.12/site-packages/airflow/example_dags/example_sensor_decorator.py took 0.088 seconds
[2025-08-17T01:03:36.592+0000] {processor.py:161} INFO - Started process (PID=305) to work on /home/airflow/.local/lib/python3.12/site-packages/airflow/example_dags/example_sensor_decorator.py
[2025-08-17T01:03:36.594+0000] {processor.py:830} INFO - Processing file /home/airflow/.local/lib/python3.12/site-packages/airflow/example_dags/example_sensor_decorator.py for tasks to queue
[2025-08-17T01:03:36.597+0000] {logging_mixin.py:188} INFO - [2025-08-17T01:03:36.597+0000] {dagbag.py:545} INFO - Filling up the DagBag from /home/airflow/.local/lib/python3.12/site-packages/airflow/example_dags/example_sensor_decorator.py
[2025-08-17T01:03:36.607+0000] {processor.py:840} INFO - DAG(s) 'example_sensor_decorator' retrieved from /home/airflow/.local/lib/python3.12/site-packages/airflow/example_dags/example_sensor_decorator.py
[2025-08-17T01:03:36.636+0000] {logging_mixin.py:188} INFO - [2025-08-17T01:03:36.635+0000] {dag.py:3089} INFO - Sync 1 DAGs
[2025-08-17T01:03:36.652+0000] {logging_mixin.py:188} INFO - [2025-08-17T01:03:36.652+0000] {dag.py:3947} INFO - Setting next_dagrun for example_sensor_decorator to None, run_after=None
[2025-08-17T01:03:36.677+0000] {processor.py:183} INFO - Processing /home/airflow/.local/lib/python3.12/site-packages/airflow/example_dags/example_sensor_decorator.py took 0.093 seconds
[2025-08-17T01:04:06.760+0000] {processor.py:161} INFO - Started process (PID=364) to work on /home/airflow/.local/lib/python3.12/site-packages/airflow/example_dags/example_sensor_decorator.py
[2025-08-17T01:04:06.763+0000] {processor.py:830} INFO - Processing file /home/airflow/.local/lib/python3.12/site-packages/airflow/example_dags/example_sensor_decorator.py for tasks to queue
[2025-08-17T01:04:06.766+0000] {logging_mixin.py:188} INFO - [2025-08-17T01:04:06.765+0000] {dagbag.py:545} INFO - Filling up the DagBag from /home/airflow/.local/lib/python3.12/site-packages/airflow/example_dags/example_sensor_decorator.py
[2025-08-17T01:04:06.776+0000] {processor.py:840} INFO - DAG(s) 'example_sensor_decorator' retrieved from /home/airflow/.local/lib/python3.12/site-packages/airflow/example_dags/example_sensor_decorator.py
[2025-08-17T01:04:06.804+0000] {logging_mixin.py:188} INFO - [2025-08-17T01:04:06.803+0000] {dag.py:3089} INFO - Sync 1 DAGs
[2025-08-17T01:04:06.820+0000] {logging_mixin.py:188} INFO - [2025-08-17T01:04:06.820+0000] {dag.py:3947} INFO - Setting next_dagrun for example_sensor_decorator to None, run_after=None
[2025-08-17T01:04:06.848+0000] {processor.py:183} INFO - Processing /home/airflow/.local/lib/python3.12/site-packages/airflow/example_dags/example_sensor_decorator.py took 0.094 seconds
[2025-08-17T01:04:37.698+0000] {processor.py:161} INFO - Started process (PID=423) to work on /home/airflow/.local/lib/python3.12/site-packages/airflow/example_dags/example_sensor_decorator.py
[2025-08-17T01:04:37.699+0000] {processor.py:830} INFO - Processing file /home/airflow/.local/lib/python3.12/site-packages/airflow/example_dags/example_sensor_decorator.py for tasks to queue
[2025-08-17T01:04:37.702+0000] {logging_mixin.py:188} INFO - [2025-08-17T01:04:37.701+0000] {dagbag.py:545} INFO - Filling up the DagBag from /home/airflow/.local/lib/python3.12/site-packages/airflow/example_dags/example_sensor_decorator.py
[2025-08-17T01:04:37.709+0000] {processor.py:840} INFO - DAG(s) 'example_sensor_decorator' retrieved from /home/airflow/.local/lib/python3.12/site-packages/airflow/example_dags/example_sensor_decorator.py
[2025-08-17T01:04:37.734+0000] {logging_mixin.py:188} INFO - [2025-08-17T01:04:37.733+0000] {dag.py:3089} INFO - Sync 1 DAGs
[2025-08-17T01:04:37.751+0000] {logging_mixin.py:188} INFO - [2025-08-17T01:04:37.751+0000] {dag.py:3947} INFO - Setting next_dagrun for example_sensor_decorator to None, run_after=None
[2025-08-17T01:04:37.777+0000] {processor.py:183} INFO - Processing /home/airflow/.local/lib/python3.12/site-packages/airflow/example_dags/example_sensor_decorator.py took 0.086 seconds
[2025-08-17T01:05:08.263+0000] {processor.py:161} INFO - Started process (PID=488) to work on /home/airflow/.local/lib/python3.12/site-packages/airflow/example_dags/example_sensor_decorator.py
[2025-08-17T01:05:08.264+0000] {processor.py:830} INFO - Processing file /home/airflow/.local/lib/python3.12/site-packages/airflow/example_dags/example_sensor_decorator.py for tasks to queue
[2025-08-17T01:05:08.267+0000] {logging_mixin.py:188} INFO - [2025-08-17T01:05:08.266+0000] {dagbag.py:545} INFO - Filling up the DagBag from /home/airflow/.local/lib/python3.12/site-packages/airflow/example_dags/example_sensor_decorator.py
[2025-08-17T01:05:08.274+0000] {processor.py:840} INFO - DAG(s) 'example_sensor_decorator' retrieved from /home/airflow/.local/lib/python3.12/site-packages/airflow/example_dags/example_sensor_decorator.py
[2025-08-17T01:05:08.296+0000] {logging_mixin.py:188} INFO - [2025-08-17T01:05:08.296+0000] {dag.py:3089} INFO - Sync 1 DAGs
[2025-08-17T01:05:08.310+0000] {logging_mixin.py:188} INFO - [2025-08-17T01:05:08.310+0000] {dag.py:3947} INFO - Setting next_dagrun for example_sensor_decorator to None, run_after=None
[2025-08-17T01:05:08.335+0000] {processor.py:183} INFO - Processing /home/airflow/.local/lib/python3.12/site-packages/airflow/example_dags/example_sensor_decorator.py took 0.079 seconds
[2025-08-17T01:05:38.524+0000] {processor.py:161} INFO - Started process (PID=546) to work on /home/airflow/.local/lib/python3.12/site-packages/airflow/example_dags/example_sensor_decorator.py
[2025-08-17T01:05:38.527+0000] {processor.py:830} INFO - Processing file /home/airflow/.local/lib/python3.12/site-packages/airflow/example_dags/example_sensor_decorator.py for tasks to queue
[2025-08-17T01:05:38.529+0000] {logging_mixin.py:188} INFO - [2025-08-17T01:05:38.529+0000] {dagbag.py:545} INFO - Filling up the DagBag from /home/airflow/.local/lib/python3.12/site-packages/airflow/example_dags/example_sensor_decorator.py
[2025-08-17T01:05:38.537+0000] {processor.py:840} INFO - DAG(s) 'example_sensor_decorator' retrieved from /home/airflow/.local/lib/python3.12/site-packages/airflow/example_dags/example_sensor_decorator.py
[2025-08-17T01:05:38.560+0000] {logging_mixin.py:188} INFO - [2025-08-17T01:05:38.560+0000] {dag.py:3089} INFO - Sync 1 DAGs
[2025-08-17T01:05:38.573+0000] {logging_mixin.py:188} INFO - [2025-08-17T01:05:38.572+0000] {dag.py:3947} INFO - Setting next_dagrun for example_sensor_decorator to None, run_after=None
[2025-08-17T01:05:38.601+0000] {processor.py:183} INFO - Processing /home/airflow/.local/lib/python3.12/site-packages/airflow/example_dags/example_sensor_decorator.py took 0.084 seconds
[2025-08-17T01:06:08.901+0000] {processor.py:161} INFO - Started process (PID=605) to work on /home/airflow/.local/lib/python3.12/site-packages/airflow/example_dags/example_sensor_decorator.py
[2025-08-17T01:06:08.902+0000] {processor.py:830} INFO - Processing file /home/airflow/.local/lib/python3.12/site-packages/airflow/example_dags/example_sensor_decorator.py for tasks to queue
[2025-08-17T01:06:08.906+0000] {logging_mixin.py:188} INFO - [2025-08-17T01:06:08.905+0000] {dagbag.py:545} INFO - Filling up the DagBag from /home/airflow/.local/lib/python3.12/site-packages/airflow/example_dags/example_sensor_decorator.py
[2025-08-17T01:06:08.913+0000] {processor.py:840} INFO - DAG(s) 'example_sensor_decorator' retrieved from /home/airflow/.local/lib/python3.12/site-packages/airflow/example_dags/example_sensor_decorator.py
[2025-08-17T01:06:08.936+0000] {logging_mixin.py:188} INFO - [2025-08-17T01:06:08.936+0000] {dag.py:3089} INFO - Sync 1 DAGs
[2025-08-17T01:06:08.951+0000] {logging_mixin.py:188} INFO - [2025-08-17T01:06:08.951+0000] {dag.py:3947} INFO - Setting next_dagrun for example_sensor_decorator to None, run_after=None
[2025-08-17T01:06:08.975+0000] {processor.py:183} INFO - Processing /home/airflow/.local/lib/python3.12/site-packages/airflow/example_dags/example_sensor_decorator.py took 0.082 seconds
[2025-08-17T01:06:39.126+0000] {processor.py:161} INFO - Started process (PID=664) to work on /home/airflow/.local/lib/python3.12/site-packages/airflow/example_dags/example_sensor_decorator.py
[2025-08-17T01:06:39.127+0000] {processor.py:830} INFO - Processing file /home/airflow/.local/lib/python3.12/site-packages/airflow/example_dags/example_sensor_decorator.py for tasks to queue
[2025-08-17T01:06:39.129+0000] {logging_mixin.py:188} INFO - [2025-08-17T01:06:39.129+0000] {dagbag.py:545} INFO - Filling up the DagBag from /home/airflow/.local/lib/python3.12/site-packages/airflow/example_dags/example_sensor_decorator.py
[2025-08-17T01:06:39.136+0000] {processor.py:840} INFO - DAG(s) 'example_sensor_decorator' retrieved from /home/airflow/.local/lib/python3.12/site-packages/airflow/example_dags/example_sensor_decorator.py
[2025-08-17T01:06:39.164+0000] {logging_mixin.py:188} INFO - [2025-08-17T01:06:39.164+0000] {dag.py:3089} INFO - Sync 1 DAGs
[2025-08-17T01:06:39.181+0000] {logging_mixin.py:188} INFO - [2025-08-17T01:06:39.181+0000] {dag.py:3947} INFO - Setting next_dagrun for example_sensor_decorator to None, run_after=None
[2025-08-17T01:06:39.206+0000] {processor.py:183} INFO - Processing /home/airflow/.local/lib/python3.12/site-packages/airflow/example_dags/example_sensor_decorator.py took 0.086 seconds
[2025-08-17T01:07:09.391+0000] {processor.py:161} INFO - Started process (PID=723) to work on /home/airflow/.local/lib/python3.12/site-packages/airflow/example_dags/example_sensor_decorator.py
[2025-08-17T01:07:09.392+0000] {processor.py:830} INFO - Processing file /home/airflow/.local/lib/python3.12/site-packages/airflow/example_dags/example_sensor_decorator.py for tasks to queue
[2025-08-17T01:07:09.395+0000] {logging_mixin.py:188} INFO - [2025-08-17T01:07:09.395+0000] {dagbag.py:545} INFO - Filling up the DagBag from /home/airflow/.local/lib/python3.12/site-packages/airflow/example_dags/example_sensor_decorator.py
[2025-08-17T01:07:09.402+0000] {processor.py:840} INFO - DAG(s) 'example_sensor_decorator' retrieved from /home/airflow/.local/lib/python3.12/site-packages/airflow/example_dags/example_sensor_decorator.py
[2025-08-17T01:07:09.425+0000] {logging_mixin.py:188} INFO - [2025-08-17T01:07:09.424+0000] {dag.py:3089} INFO - Sync 1 DAGs
[2025-08-17T01:07:09.439+0000] {logging_mixin.py:188} INFO - [2025-08-17T01:07:09.438+0000] {dag.py:3947} INFO - Setting next_dagrun for example_sensor_decorator to None, run_after=None
[2025-08-17T01:07:09.459+0000] {processor.py:183} INFO - Processing /home/airflow/.local/lib/python3.12/site-packages/airflow/example_dags/example_sensor_decorator.py took 0.074 seconds
[2025-08-17T01:07:39.695+0000] {processor.py:161} INFO - Started process (PID=783) to work on /home/airflow/.local/lib/python3.12/site-packages/airflow/example_dags/example_sensor_decorator.py
[2025-08-17T01:07:39.697+0000] {processor.py:830} INFO - Processing file /home/airflow/.local/lib/python3.12/site-packages/airflow/example_dags/example_sensor_decorator.py for tasks to queue
[2025-08-17T01:07:39.700+0000] {logging_mixin.py:188} INFO - [2025-08-17T01:07:39.700+0000] {dagbag.py:545} INFO - Filling up the DagBag from /home/airflow/.local/lib/python3.12/site-packages/airflow/example_dags/example_sensor_decorator.py
[2025-08-17T01:07:39.710+0000] {processor.py:840} INFO - DAG(s) 'example_sensor_decorator' retrieved from /home/airflow/.local/lib/python3.12/site-packages/airflow/example_dags/example_sensor_decorator.py
[2025-08-17T01:07:39.741+0000] {logging_mixin.py:188} INFO - [2025-08-17T01:07:39.741+0000] {dag.py:3089} INFO - Sync 1 DAGs
[2025-08-17T01:07:39.759+0000] {logging_mixin.py:188} INFO - [2025-08-17T01:07:39.759+0000] {dag.py:3947} INFO - Setting next_dagrun for example_sensor_decorator to None, run_after=None
[2025-08-17T01:07:39.788+0000] {processor.py:183} INFO - Processing /home/airflow/.local/lib/python3.12/site-packages/airflow/example_dags/example_sensor_decorator.py took 0.101 seconds
[2025-08-17T01:08:10.549+0000] {processor.py:161} INFO - Started process (PID=842) to work on /home/airflow/.local/lib/python3.12/site-packages/airflow/example_dags/example_sensor_decorator.py
[2025-08-17T01:08:10.551+0000] {processor.py:830} INFO - Processing file /home/airflow/.local/lib/python3.12/site-packages/airflow/example_dags/example_sensor_decorator.py for tasks to queue
[2025-08-17T01:08:10.555+0000] {logging_mixin.py:188} INFO - [2025-08-17T01:08:10.554+0000] {dagbag.py:545} INFO - Filling up the DagBag from /home/airflow/.local/lib/python3.12/site-packages/airflow/example_dags/example_sensor_decorator.py
[2025-08-17T01:08:10.566+0000] {processor.py:840} INFO - DAG(s) 'example_sensor_decorator' retrieved from /home/airflow/.local/lib/python3.12/site-packages/airflow/example_dags/example_sensor_decorator.py
[2025-08-17T01:08:10.597+0000] {logging_mixin.py:188} INFO - [2025-08-17T01:08:10.596+0000] {dag.py:3089} INFO - Sync 1 DAGs
[2025-08-17T01:08:10.622+0000] {logging_mixin.py:188} INFO - [2025-08-17T01:08:10.621+0000] {dag.py:3947} INFO - Setting next_dagrun for example_sensor_decorator to None, run_after=None
[2025-08-17T01:08:10.650+0000] {processor.py:183} INFO - Processing /home/airflow/.local/lib/python3.12/site-packages/airflow/example_dags/example_sensor_decorator.py took 0.111 seconds
[2025-08-17T01:08:40.805+0000] {processor.py:161} INFO - Started process (PID=901) to work on /home/airflow/.local/lib/python3.12/site-packages/airflow/example_dags/example_sensor_decorator.py
[2025-08-17T01:08:40.806+0000] {processor.py:830} INFO - Processing file /home/airflow/.local/lib/python3.12/site-packages/airflow/example_dags/example_sensor_decorator.py for tasks to queue
[2025-08-17T01:08:40.809+0000] {logging_mixin.py:188} INFO - [2025-08-17T01:08:40.809+0000] {dagbag.py:545} INFO - Filling up the DagBag from /home/airflow/.local/lib/python3.12/site-packages/airflow/example_dags/example_sensor_decorator.py
[2025-08-17T01:08:40.816+0000] {processor.py:840} INFO - DAG(s) 'example_sensor_decorator' retrieved from /home/airflow/.local/lib/python3.12/site-packages/airflow/example_dags/example_sensor_decorator.py
[2025-08-17T01:08:40.837+0000] {logging_mixin.py:188} INFO - [2025-08-17T01:08:40.837+0000] {dag.py:3089} INFO - Sync 1 DAGs
[2025-08-17T01:08:40.849+0000] {logging_mixin.py:188} INFO - [2025-08-17T01:08:40.849+0000] {dag.py:3947} INFO - Setting next_dagrun for example_sensor_decorator to None, run_after=None
[2025-08-17T01:08:40.865+0000] {processor.py:183} INFO - Processing /home/airflow/.local/lib/python3.12/site-packages/airflow/example_dags/example_sensor_decorator.py took 0.066 seconds
[2025-08-17T01:09:11.088+0000] {processor.py:161} INFO - Started process (PID=960) to work on /home/airflow/.local/lib/python3.12/site-packages/airflow/example_dags/example_sensor_decorator.py
[2025-08-17T01:09:11.089+0000] {processor.py:830} INFO - Processing file /home/airflow/.local/lib/python3.12/site-packages/airflow/example_dags/example_sensor_decorator.py for tasks to queue
[2025-08-17T01:09:11.093+0000] {logging_mixin.py:188} INFO - [2025-08-17T01:09:11.092+0000] {dagbag.py:545} INFO - Filling up the DagBag from /home/airflow/.local/lib/python3.12/site-packages/airflow/example_dags/example_sensor_decorator.py
[2025-08-17T01:09:11.101+0000] {processor.py:840} INFO - DAG(s) 'example_sensor_decorator' retrieved from /home/airflow/.local/lib/python3.12/site-packages/airflow/example_dags/example_sensor_decorator.py
[2025-08-17T01:09:11.127+0000] {logging_mixin.py:188} INFO - [2025-08-17T01:09:11.127+0000] {dag.py:3089} INFO - Sync 1 DAGs
[2025-08-17T01:09:11.141+0000] {logging_mixin.py:188} INFO - [2025-08-17T01:09:11.141+0000] {dag.py:3947} INFO - Setting next_dagrun for example_sensor_decorator to None, run_after=None
[2025-08-17T01:09:11.163+0000] {processor.py:183} INFO - Processing /home/airflow/.local/lib/python3.12/site-packages/airflow/example_dags/example_sensor_decorator.py took 0.082 seconds
[2025-08-17T01:09:41.409+0000] {processor.py:161} INFO - Started process (PID=1019) to work on /home/airflow/.local/lib/python3.12/site-packages/airflow/example_dags/example_sensor_decorator.py
[2025-08-17T01:09:41.410+0000] {processor.py:830} INFO - Processing file /home/airflow/.local/lib/python3.12/site-packages/airflow/example_dags/example_sensor_decorator.py for tasks to queue
[2025-08-17T01:09:41.413+0000] {logging_mixin.py:188} INFO - [2025-08-17T01:09:41.412+0000] {dagbag.py:545} INFO - Filling up the DagBag from /home/airflow/.local/lib/python3.12/site-packages/airflow/example_dags/example_sensor_decorator.py
[2025-08-17T01:09:41.419+0000] {processor.py:840} INFO - DAG(s) 'example_sensor_decorator' retrieved from /home/airflow/.local/lib/python3.12/site-packages/airflow/example_dags/example_sensor_decorator.py
[2025-08-17T01:09:41.443+0000] {logging_mixin.py:188} INFO - [2025-08-17T01:09:41.443+0000] {dag.py:3089} INFO - Sync 1 DAGs
[2025-08-17T01:09:41.456+0000] {logging_mixin.py:188} INFO - [2025-08-17T01:09:41.456+0000] {dag.py:3947} INFO - Setting next_dagrun for example_sensor_decorator to None, run_after=None
[2025-08-17T01:09:41.474+0000] {processor.py:183} INFO - Processing /home/airflow/.local/lib/python3.12/site-packages/airflow/example_dags/example_sensor_decorator.py took 0.071 seconds
[2025-08-17T01:10:11.652+0000] {processor.py:161} INFO - Started process (PID=1079) to work on /home/airflow/.local/lib/python3.12/site-packages/airflow/example_dags/example_sensor_decorator.py
[2025-08-17T01:10:11.653+0000] {processor.py:830} INFO - Processing file /home/airflow/.local/lib/python3.12/site-packages/airflow/example_dags/example_sensor_decorator.py for tasks to queue
[2025-08-17T01:10:11.655+0000] {logging_mixin.py:188} INFO - [2025-08-17T01:10:11.654+0000] {dagbag.py:545} INFO - Filling up the DagBag from /home/airflow/.local/lib/python3.12/site-packages/airflow/example_dags/example_sensor_decorator.py
[2025-08-17T01:10:11.661+0000] {processor.py:840} INFO - DAG(s) 'example_sensor_decorator' retrieved from /home/airflow/.local/lib/python3.12/site-packages/airflow/example_dags/example_sensor_decorator.py
[2025-08-17T01:10:11.681+0000] {logging_mixin.py:188} INFO - [2025-08-17T01:10:11.681+0000] {dag.py:3089} INFO - Sync 1 DAGs
[2025-08-17T01:10:11.692+0000] {logging_mixin.py:188} INFO - [2025-08-17T01:10:11.692+0000] {dag.py:3947} INFO - Setting next_dagrun for example_sensor_decorator to None, run_after=None
[2025-08-17T01:10:11.707+0000] {processor.py:183} INFO - Processing /home/airflow/.local/lib/python3.12/site-packages/airflow/example_dags/example_sensor_decorator.py took 0.061 seconds
[2025-08-17T01:10:42.162+0000] {processor.py:161} INFO - Started process (PID=1138) to work on /home/airflow/.local/lib/python3.12/site-packages/airflow/example_dags/example_sensor_decorator.py
[2025-08-17T01:10:42.163+0000] {processor.py:830} INFO - Processing file /home/airflow/.local/lib/python3.12/site-packages/airflow/example_dags/example_sensor_decorator.py for tasks to queue
[2025-08-17T01:10:42.166+0000] {logging_mixin.py:188} INFO - [2025-08-17T01:10:42.166+0000] {dagbag.py:545} INFO - Filling up the DagBag from /home/airflow/.local/lib/python3.12/site-packages/airflow/example_dags/example_sensor_decorator.py
[2025-08-17T01:10:42.174+0000] {processor.py:840} INFO - DAG(s) 'example_sensor_decorator' retrieved from /home/airflow/.local/lib/python3.12/site-packages/airflow/example_dags/example_sensor_decorator.py
[2025-08-17T01:10:42.200+0000] {logging_mixin.py:188} INFO - [2025-08-17T01:10:42.199+0000] {dag.py:3089} INFO - Sync 1 DAGs
[2025-08-17T01:10:42.214+0000] {logging_mixin.py:188} INFO - [2025-08-17T01:10:42.213+0000] {dag.py:3947} INFO - Setting next_dagrun for example_sensor_decorator to None, run_after=None
[2025-08-17T01:10:42.234+0000] {processor.py:183} INFO - Processing /home/airflow/.local/lib/python3.12/site-packages/airflow/example_dags/example_sensor_decorator.py took 0.078 seconds
[2025-08-17T01:11:12.628+0000] {processor.py:161} INFO - Started process (PID=1197) to work on /home/airflow/.local/lib/python3.12/site-packages/airflow/example_dags/example_sensor_decorator.py
[2025-08-17T01:11:12.629+0000] {processor.py:830} INFO - Processing file /home/airflow/.local/lib/python3.12/site-packages/airflow/example_dags/example_sensor_decorator.py for tasks to queue
[2025-08-17T01:11:12.632+0000] {logging_mixin.py:188} INFO - [2025-08-17T01:11:12.631+0000] {dagbag.py:545} INFO - Filling up the DagBag from /home/airflow/.local/lib/python3.12/site-packages/airflow/example_dags/example_sensor_decorator.py
[2025-08-17T01:11:12.639+0000] {processor.py:840} INFO - DAG(s) 'example_sensor_decorator' retrieved from /home/airflow/.local/lib/python3.12/site-packages/airflow/example_dags/example_sensor_decorator.py
[2025-08-17T01:11:12.663+0000] {logging_mixin.py:188} INFO - [2025-08-17T01:11:12.663+0000] {dag.py:3089} INFO - Sync 1 DAGs
[2025-08-17T01:11:12.676+0000] {logging_mixin.py:188} INFO - [2025-08-17T01:11:12.676+0000] {dag.py:3947} INFO - Setting next_dagrun for example_sensor_decorator to None, run_after=None
[2025-08-17T01:11:12.697+0000] {processor.py:183} INFO - Processing /home/airflow/.local/lib/python3.12/site-packages/airflow/example_dags/example_sensor_decorator.py took 0.076 seconds
[2025-08-17T01:11:43.156+0000] {processor.py:161} INFO - Started process (PID=1256) to work on /home/airflow/.local/lib/python3.12/site-packages/airflow/example_dags/example_sensor_decorator.py
[2025-08-17T01:11:43.157+0000] {processor.py:830} INFO - Processing file /home/airflow/.local/lib/python3.12/site-packages/airflow/example_dags/example_sensor_decorator.py for tasks to queue
[2025-08-17T01:11:43.160+0000] {logging_mixin.py:188} INFO - [2025-08-17T01:11:43.159+0000] {dagbag.py:545} INFO - Filling up the DagBag from /home/airflow/.local/lib/python3.12/site-packages/airflow/example_dags/example_sensor_decorator.py
[2025-08-17T01:11:43.168+0000] {processor.py:840} INFO - DAG(s) 'example_sensor_decorator' retrieved from /home/airflow/.local/lib/python3.12/site-packages/airflow/example_dags/example_sensor_decorator.py
[2025-08-17T01:11:43.193+0000] {logging_mixin.py:188} INFO - [2025-08-17T01:11:43.192+0000] {dag.py:3089} INFO - Sync 1 DAGs
[2025-08-17T01:11:43.207+0000] {logging_mixin.py:188} INFO - [2025-08-17T01:11:43.207+0000] {dag.py:3947} INFO - Setting next_dagrun for example_sensor_decorator to None, run_after=None
[2025-08-17T01:11:43.229+0000] {processor.py:183} INFO - Processing /home/airflow/.local/lib/python3.12/site-packages/airflow/example_dags/example_sensor_decorator.py took 0.081 seconds
[2025-08-17T01:12:13.456+0000] {processor.py:161} INFO - Started process (PID=1315) to work on /home/airflow/.local/lib/python3.12/site-packages/airflow/example_dags/example_sensor_decorator.py
[2025-08-17T01:12:13.458+0000] {processor.py:830} INFO - Processing file /home/airflow/.local/lib/python3.12/site-packages/airflow/example_dags/example_sensor_decorator.py for tasks to queue
[2025-08-17T01:12:13.461+0000] {logging_mixin.py:188} INFO - [2025-08-17T01:12:13.460+0000] {dagbag.py:545} INFO - Filling up the DagBag from /home/airflow/.local/lib/python3.12/site-packages/airflow/example_dags/example_sensor_decorator.py
[2025-08-17T01:12:13.469+0000] {processor.py:840} INFO - DAG(s) 'example_sensor_decorator' retrieved from /home/airflow/.local/lib/python3.12/site-packages/airflow/example_dags/example_sensor_decorator.py
[2025-08-17T01:12:13.496+0000] {logging_mixin.py:188} INFO - [2025-08-17T01:12:13.495+0000] {dag.py:3089} INFO - Sync 1 DAGs
[2025-08-17T01:12:13.513+0000] {logging_mixin.py:188} INFO - [2025-08-17T01:12:13.513+0000] {dag.py:3947} INFO - Setting next_dagrun for example_sensor_decorator to None, run_after=None
[2025-08-17T01:12:13.539+0000] {processor.py:183} INFO - Processing /home/airflow/.local/lib/python3.12/site-packages/airflow/example_dags/example_sensor_decorator.py took 0.090 seconds
[2025-08-17T01:12:44.029+0000] {processor.py:161} INFO - Started process (PID=1374) to work on /home/airflow/.local/lib/python3.12/site-packages/airflow/example_dags/example_sensor_decorator.py
[2025-08-17T01:12:44.031+0000] {processor.py:830} INFO - Processing file /home/airflow/.local/lib/python3.12/site-packages/airflow/example_dags/example_sensor_decorator.py for tasks to queue
[2025-08-17T01:12:44.033+0000] {logging_mixin.py:188} INFO - [2025-08-17T01:12:44.032+0000] {dagbag.py:545} INFO - Filling up the DagBag from /home/airflow/.local/lib/python3.12/site-packages/airflow/example_dags/example_sensor_decorator.py
[2025-08-17T01:12:44.040+0000] {processor.py:840} INFO - DAG(s) 'example_sensor_decorator' retrieved from /home/airflow/.local/lib/python3.12/site-packages/airflow/example_dags/example_sensor_decorator.py
[2025-08-17T01:12:44.062+0000] {logging_mixin.py:188} INFO - [2025-08-17T01:12:44.062+0000] {dag.py:3089} INFO - Sync 1 DAGs
[2025-08-17T01:12:44.075+0000] {logging_mixin.py:188} INFO - [2025-08-17T01:12:44.075+0000] {dag.py:3947} INFO - Setting next_dagrun for example_sensor_decorator to None, run_after=None
[2025-08-17T01:12:44.095+0000] {processor.py:183} INFO - Processing /home/airflow/.local/lib/python3.12/site-packages/airflow/example_dags/example_sensor_decorator.py took 0.071 seconds
[2025-08-17T01:13:14.538+0000] {processor.py:161} INFO - Started process (PID=1434) to work on /home/airflow/.local/lib/python3.12/site-packages/airflow/example_dags/example_sensor_decorator.py
[2025-08-17T01:13:14.540+0000] {processor.py:830} INFO - Processing file /home/airflow/.local/lib/python3.12/site-packages/airflow/example_dags/example_sensor_decorator.py for tasks to queue
[2025-08-17T01:13:14.542+0000] {logging_mixin.py:188} INFO - [2025-08-17T01:13:14.542+0000] {dagbag.py:545} INFO - Filling up the DagBag from /home/airflow/.local/lib/python3.12/site-packages/airflow/example_dags/example_sensor_decorator.py
[2025-08-17T01:13:14.549+0000] {processor.py:840} INFO - DAG(s) 'example_sensor_decorator' retrieved from /home/airflow/.local/lib/python3.12/site-packages/airflow/example_dags/example_sensor_decorator.py
[2025-08-17T01:13:14.574+0000] {logging_mixin.py:188} INFO - [2025-08-17T01:13:14.573+0000] {dag.py:3089} INFO - Sync 1 DAGs
[2025-08-17T01:13:14.589+0000] {logging_mixin.py:188} INFO - [2025-08-17T01:13:14.588+0000] {dag.py:3947} INFO - Setting next_dagrun for example_sensor_decorator to None, run_after=None
[2025-08-17T01:13:14.610+0000] {processor.py:183} INFO - Processing /home/airflow/.local/lib/python3.12/site-packages/airflow/example_dags/example_sensor_decorator.py took 0.078 seconds
[2025-08-17T01:13:44.937+0000] {processor.py:161} INFO - Started process (PID=1493) to work on /home/airflow/.local/lib/python3.12/site-packages/airflow/example_dags/example_sensor_decorator.py
[2025-08-17T01:13:44.938+0000] {processor.py:830} INFO - Processing file /home/airflow/.local/lib/python3.12/site-packages/airflow/example_dags/example_sensor_decorator.py for tasks to queue
[2025-08-17T01:13:44.941+0000] {logging_mixin.py:188} INFO - [2025-08-17T01:13:44.941+0000] {dagbag.py:545} INFO - Filling up the DagBag from /home/airflow/.local/lib/python3.12/site-packages/airflow/example_dags/example_sensor_decorator.py
[2025-08-17T01:13:44.948+0000] {processor.py:840} INFO - DAG(s) 'example_sensor_decorator' retrieved from /home/airflow/.local/lib/python3.12/site-packages/airflow/example_dags/example_sensor_decorator.py
[2025-08-17T01:13:44.972+0000] {logging_mixin.py:188} INFO - [2025-08-17T01:13:44.971+0000] {dag.py:3089} INFO - Sync 1 DAGs
[2025-08-17T01:13:44.985+0000] {logging_mixin.py:188} INFO - [2025-08-17T01:13:44.984+0000] {dag.py:3947} INFO - Setting next_dagrun for example_sensor_decorator to None, run_after=None
[2025-08-17T01:13:45.004+0000] {processor.py:183} INFO - Processing /home/airflow/.local/lib/python3.12/site-packages/airflow/example_dags/example_sensor_decorator.py took 0.074 seconds
[2025-08-17T01:14:15.552+0000] {processor.py:161} INFO - Started process (PID=1552) to work on /home/airflow/.local/lib/python3.12/site-packages/airflow/example_dags/example_sensor_decorator.py
[2025-08-17T01:14:15.553+0000] {processor.py:830} INFO - Processing file /home/airflow/.local/lib/python3.12/site-packages/airflow/example_dags/example_sensor_decorator.py for tasks to queue
[2025-08-17T01:14:15.556+0000] {logging_mixin.py:188} INFO - [2025-08-17T01:14:15.556+0000] {dagbag.py:545} INFO - Filling up the DagBag from /home/airflow/.local/lib/python3.12/site-packages/airflow/example_dags/example_sensor_decorator.py
[2025-08-17T01:14:15.563+0000] {processor.py:840} INFO - DAG(s) 'example_sensor_decorator' retrieved from /home/airflow/.local/lib/python3.12/site-packages/airflow/example_dags/example_sensor_decorator.py
[2025-08-17T01:14:15.585+0000] {logging_mixin.py:188} INFO - [2025-08-17T01:14:15.585+0000] {dag.py:3089} INFO - Sync 1 DAGs
[2025-08-17T01:14:15.598+0000] {logging_mixin.py:188} INFO - [2025-08-17T01:14:15.597+0000] {dag.py:3947} INFO - Setting next_dagrun for example_sensor_decorator to None, run_after=None
[2025-08-17T01:14:15.617+0000] {processor.py:183} INFO - Processing /home/airflow/.local/lib/python3.12/site-packages/airflow/example_dags/example_sensor_decorator.py took 0.071 seconds
[2025-08-17T01:14:46.193+0000] {processor.py:161} INFO - Started process (PID=1611) to work on /home/airflow/.local/lib/python3.12/site-packages/airflow/example_dags/example_sensor_decorator.py
[2025-08-17T01:14:46.194+0000] {processor.py:830} INFO - Processing file /home/airflow/.local/lib/python3.12/site-packages/airflow/example_dags/example_sensor_decorator.py for tasks to queue
[2025-08-17T01:14:46.196+0000] {logging_mixin.py:188} INFO - [2025-08-17T01:14:46.196+0000] {dagbag.py:545} INFO - Filling up the DagBag from /home/airflow/.local/lib/python3.12/site-packages/airflow/example_dags/example_sensor_decorator.py
[2025-08-17T01:14:46.204+0000] {processor.py:840} INFO - DAG(s) 'example_sensor_decorator' retrieved from /home/airflow/.local/lib/python3.12/site-packages/airflow/example_dags/example_sensor_decorator.py
[2025-08-17T01:14:46.230+0000] {logging_mixin.py:188} INFO - [2025-08-17T01:14:46.229+0000] {dag.py:3089} INFO - Sync 1 DAGs
[2025-08-17T01:14:46.243+0000] {logging_mixin.py:188} INFO - [2025-08-17T01:14:46.243+0000] {dag.py:3947} INFO - Setting next_dagrun for example_sensor_decorator to None, run_after=None
[2025-08-17T01:14:46.264+0000] {processor.py:183} INFO - Processing /home/airflow/.local/lib/python3.12/site-packages/airflow/example_dags/example_sensor_decorator.py took 0.079 seconds
[2025-08-17T01:15:17.267+0000] {processor.py:161} INFO - Started process (PID=1670) to work on /home/airflow/.local/lib/python3.12/site-packages/airflow/example_dags/example_sensor_decorator.py
[2025-08-17T01:15:17.268+0000] {processor.py:830} INFO - Processing file /home/airflow/.local/lib/python3.12/site-packages/airflow/example_dags/example_sensor_decorator.py for tasks to queue
[2025-08-17T01:15:17.270+0000] {logging_mixin.py:188} INFO - [2025-08-17T01:15:17.270+0000] {dagbag.py:545} INFO - Filling up the DagBag from /home/airflow/.local/lib/python3.12/site-packages/airflow/example_dags/example_sensor_decorator.py
[2025-08-17T01:15:17.277+0000] {processor.py:840} INFO - DAG(s) 'example_sensor_decorator' retrieved from /home/airflow/.local/lib/python3.12/site-packages/airflow/example_dags/example_sensor_decorator.py
[2025-08-17T01:15:17.299+0000] {logging_mixin.py:188} INFO - [2025-08-17T01:15:17.299+0000] {dag.py:3089} INFO - Sync 1 DAGs
[2025-08-17T01:15:17.313+0000] {logging_mixin.py:188} INFO - [2025-08-17T01:15:17.312+0000] {dag.py:3947} INFO - Setting next_dagrun for example_sensor_decorator to None, run_after=None
[2025-08-17T01:15:17.467+0000] {processor.py:183} INFO - Processing /home/airflow/.local/lib/python3.12/site-packages/airflow/example_dags/example_sensor_decorator.py took 0.206 seconds
[2025-08-17T01:15:48.263+0000] {processor.py:161} INFO - Started process (PID=1729) to work on /home/airflow/.local/lib/python3.12/site-packages/airflow/example_dags/example_sensor_decorator.py
[2025-08-17T01:15:48.264+0000] {processor.py:830} INFO - Processing file /home/airflow/.local/lib/python3.12/site-packages/airflow/example_dags/example_sensor_decorator.py for tasks to queue
[2025-08-17T01:15:48.267+0000] {logging_mixin.py:188} INFO - [2025-08-17T01:15:48.267+0000] {dagbag.py:545} INFO - Filling up the DagBag from /home/airflow/.local/lib/python3.12/site-packages/airflow/example_dags/example_sensor_decorator.py
[2025-08-17T01:15:48.273+0000] {processor.py:840} INFO - DAG(s) 'example_sensor_decorator' retrieved from /home/airflow/.local/lib/python3.12/site-packages/airflow/example_dags/example_sensor_decorator.py
[2025-08-17T01:15:48.294+0000] {logging_mixin.py:188} INFO - [2025-08-17T01:15:48.293+0000] {dag.py:3089} INFO - Sync 1 DAGs
[2025-08-17T01:15:48.305+0000] {logging_mixin.py:188} INFO - [2025-08-17T01:15:48.304+0000] {dag.py:3947} INFO - Setting next_dagrun for example_sensor_decorator to None, run_after=None
[2025-08-17T01:15:48.323+0000] {processor.py:183} INFO - Processing /home/airflow/.local/lib/python3.12/site-packages/airflow/example_dags/example_sensor_decorator.py took 0.066 seconds
[2025-08-17T01:16:19.041+0000] {processor.py:161} INFO - Started process (PID=1788) to work on /home/airflow/.local/lib/python3.12/site-packages/airflow/example_dags/example_sensor_decorator.py
[2025-08-17T01:16:19.042+0000] {processor.py:830} INFO - Processing file /home/airflow/.local/lib/python3.12/site-packages/airflow/example_dags/example_sensor_decorator.py for tasks to queue
[2025-08-17T01:16:19.045+0000] {logging_mixin.py:188} INFO - [2025-08-17T01:16:19.044+0000] {dagbag.py:545} INFO - Filling up the DagBag from /home/airflow/.local/lib/python3.12/site-packages/airflow/example_dags/example_sensor_decorator.py
[2025-08-17T01:16:19.052+0000] {processor.py:840} INFO - DAG(s) 'example_sensor_decorator' retrieved from /home/airflow/.local/lib/python3.12/site-packages/airflow/example_dags/example_sensor_decorator.py
[2025-08-17T01:16:19.077+0000] {logging_mixin.py:188} INFO - [2025-08-17T01:16:19.077+0000] {dag.py:3089} INFO - Sync 1 DAGs
[2025-08-17T01:16:19.090+0000] {logging_mixin.py:188} INFO - [2025-08-17T01:16:19.089+0000] {dag.py:3947} INFO - Setting next_dagrun for example_sensor_decorator to None, run_after=None
[2025-08-17T01:16:19.111+0000] {processor.py:183} INFO - Processing /home/airflow/.local/lib/python3.12/site-packages/airflow/example_dags/example_sensor_decorator.py took 0.078 seconds
[2025-08-17T01:17:37.837+0000] {processor.py:161} INFO - Started process (PID=75) to work on /home/airflow/.local/lib/python3.12/site-packages/airflow/example_dags/example_sensor_decorator.py
[2025-08-17T01:17:37.839+0000] {processor.py:830} INFO - Processing file /home/airflow/.local/lib/python3.12/site-packages/airflow/example_dags/example_sensor_decorator.py for tasks to queue
[2025-08-17T01:17:37.843+0000] {logging_mixin.py:188} INFO - [2025-08-17T01:17:37.843+0000] {dagbag.py:545} INFO - Filling up the DagBag from /home/airflow/.local/lib/python3.12/site-packages/airflow/example_dags/example_sensor_decorator.py
[2025-08-17T01:17:37.860+0000] {processor.py:840} INFO - DAG(s) 'example_sensor_decorator' retrieved from /home/airflow/.local/lib/python3.12/site-packages/airflow/example_dags/example_sensor_decorator.py
[2025-08-17T01:17:38.055+0000] {logging_mixin.py:188} INFO - [2025-08-17T01:17:38.054+0000] {dag.py:3089} INFO - Sync 1 DAGs
[2025-08-17T01:17:38.073+0000] {logging_mixin.py:188} INFO - [2025-08-17T01:17:38.073+0000] {dag.py:3947} INFO - Setting next_dagrun for example_sensor_decorator to None, run_after=None
[2025-08-17T01:17:38.111+0000] {processor.py:183} INFO - Processing /home/airflow/.local/lib/python3.12/site-packages/airflow/example_dags/example_sensor_decorator.py took 0.285 seconds
[2025-08-17T01:18:08.608+0000] {processor.py:161} INFO - Started process (PID=134) to work on /home/airflow/.local/lib/python3.12/site-packages/airflow/example_dags/example_sensor_decorator.py
[2025-08-17T01:18:08.610+0000] {processor.py:830} INFO - Processing file /home/airflow/.local/lib/python3.12/site-packages/airflow/example_dags/example_sensor_decorator.py for tasks to queue
[2025-08-17T01:18:08.614+0000] {logging_mixin.py:188} INFO - [2025-08-17T01:18:08.613+0000] {dagbag.py:545} INFO - Filling up the DagBag from /home/airflow/.local/lib/python3.12/site-packages/airflow/example_dags/example_sensor_decorator.py
[2025-08-17T01:18:08.622+0000] {processor.py:840} INFO - DAG(s) 'example_sensor_decorator' retrieved from /home/airflow/.local/lib/python3.12/site-packages/airflow/example_dags/example_sensor_decorator.py
[2025-08-17T01:18:08.648+0000] {logging_mixin.py:188} INFO - [2025-08-17T01:18:08.647+0000] {dag.py:3089} INFO - Sync 1 DAGs
[2025-08-17T01:18:08.662+0000] {logging_mixin.py:188} INFO - [2025-08-17T01:18:08.662+0000] {dag.py:3947} INFO - Setting next_dagrun for example_sensor_decorator to None, run_after=None
[2025-08-17T01:18:08.696+0000] {processor.py:183} INFO - Processing /home/airflow/.local/lib/python3.12/site-packages/airflow/example_dags/example_sensor_decorator.py took 0.095 seconds
[2025-08-17T01:18:38.931+0000] {processor.py:161} INFO - Started process (PID=193) to work on /home/airflow/.local/lib/python3.12/site-packages/airflow/example_dags/example_sensor_decorator.py
[2025-08-17T01:18:38.932+0000] {processor.py:830} INFO - Processing file /home/airflow/.local/lib/python3.12/site-packages/airflow/example_dags/example_sensor_decorator.py for tasks to queue
[2025-08-17T01:18:38.935+0000] {logging_mixin.py:188} INFO - [2025-08-17T01:18:38.934+0000] {dagbag.py:545} INFO - Filling up the DagBag from /home/airflow/.local/lib/python3.12/site-packages/airflow/example_dags/example_sensor_decorator.py
[2025-08-17T01:18:38.941+0000] {processor.py:840} INFO - DAG(s) 'example_sensor_decorator' retrieved from /home/airflow/.local/lib/python3.12/site-packages/airflow/example_dags/example_sensor_decorator.py
[2025-08-17T01:18:38.962+0000] {logging_mixin.py:188} INFO - [2025-08-17T01:18:38.962+0000] {dag.py:3089} INFO - Sync 1 DAGs
[2025-08-17T01:18:38.975+0000] {logging_mixin.py:188} INFO - [2025-08-17T01:18:38.974+0000] {dag.py:3947} INFO - Setting next_dagrun for example_sensor_decorator to None, run_after=None
[2025-08-17T01:18:38.993+0000] {processor.py:183} INFO - Processing /home/airflow/.local/lib/python3.12/site-packages/airflow/example_dags/example_sensor_decorator.py took 0.068 seconds
[2025-08-17T01:19:09.117+0000] {processor.py:161} INFO - Started process (PID=252) to work on /home/airflow/.local/lib/python3.12/site-packages/airflow/example_dags/example_sensor_decorator.py
[2025-08-17T01:19:09.119+0000] {processor.py:830} INFO - Processing file /home/airflow/.local/lib/python3.12/site-packages/airflow/example_dags/example_sensor_decorator.py for tasks to queue
[2025-08-17T01:19:09.121+0000] {logging_mixin.py:188} INFO - [2025-08-17T01:19:09.120+0000] {dagbag.py:545} INFO - Filling up the DagBag from /home/airflow/.local/lib/python3.12/site-packages/airflow/example_dags/example_sensor_decorator.py
[2025-08-17T01:19:09.129+0000] {processor.py:840} INFO - DAG(s) 'example_sensor_decorator' retrieved from /home/airflow/.local/lib/python3.12/site-packages/airflow/example_dags/example_sensor_decorator.py
[2025-08-17T01:19:09.154+0000] {logging_mixin.py:188} INFO - [2025-08-17T01:19:09.154+0000] {dag.py:3089} INFO - Sync 1 DAGs
[2025-08-17T01:19:09.171+0000] {logging_mixin.py:188} INFO - [2025-08-17T01:19:09.170+0000] {dag.py:3947} INFO - Setting next_dagrun for example_sensor_decorator to None, run_after=None
[2025-08-17T01:19:09.192+0000] {processor.py:183} INFO - Processing /home/airflow/.local/lib/python3.12/site-packages/airflow/example_dags/example_sensor_decorator.py took 0.081 seconds
[2025-08-17T01:19:39.305+0000] {processor.py:161} INFO - Started process (PID=311) to work on /home/airflow/.local/lib/python3.12/site-packages/airflow/example_dags/example_sensor_decorator.py
[2025-08-17T01:19:39.307+0000] {processor.py:830} INFO - Processing file /home/airflow/.local/lib/python3.12/site-packages/airflow/example_dags/example_sensor_decorator.py for tasks to queue
[2025-08-17T01:19:39.309+0000] {logging_mixin.py:188} INFO - [2025-08-17T01:19:39.309+0000] {dagbag.py:545} INFO - Filling up the DagBag from /home/airflow/.local/lib/python3.12/site-packages/airflow/example_dags/example_sensor_decorator.py
[2025-08-17T01:19:39.315+0000] {processor.py:840} INFO - DAG(s) 'example_sensor_decorator' retrieved from /home/airflow/.local/lib/python3.12/site-packages/airflow/example_dags/example_sensor_decorator.py
[2025-08-17T01:19:39.338+0000] {logging_mixin.py:188} INFO - [2025-08-17T01:19:39.337+0000] {dag.py:3089} INFO - Sync 1 DAGs
[2025-08-17T01:19:39.350+0000] {logging_mixin.py:188} INFO - [2025-08-17T01:19:39.349+0000] {dag.py:3947} INFO - Setting next_dagrun for example_sensor_decorator to None, run_after=None
[2025-08-17T01:19:39.366+0000] {processor.py:183} INFO - Processing /home/airflow/.local/lib/python3.12/site-packages/airflow/example_dags/example_sensor_decorator.py took 0.066 seconds
[2025-08-17T01:20:09.491+0000] {processor.py:161} INFO - Started process (PID=369) to work on /home/airflow/.local/lib/python3.12/site-packages/airflow/example_dags/example_sensor_decorator.py
[2025-08-17T01:20:09.492+0000] {processor.py:830} INFO - Processing file /home/airflow/.local/lib/python3.12/site-packages/airflow/example_dags/example_sensor_decorator.py for tasks to queue
[2025-08-17T01:20:09.494+0000] {logging_mixin.py:188} INFO - [2025-08-17T01:20:09.494+0000] {dagbag.py:545} INFO - Filling up the DagBag from /home/airflow/.local/lib/python3.12/site-packages/airflow/example_dags/example_sensor_decorator.py
[2025-08-17T01:20:09.501+0000] {processor.py:840} INFO - DAG(s) 'example_sensor_decorator' retrieved from /home/airflow/.local/lib/python3.12/site-packages/airflow/example_dags/example_sensor_decorator.py
[2025-08-17T01:20:09.524+0000] {logging_mixin.py:188} INFO - [2025-08-17T01:20:09.524+0000] {dag.py:3089} INFO - Sync 1 DAGs
[2025-08-17T01:20:09.535+0000] {logging_mixin.py:188} INFO - [2025-08-17T01:20:09.535+0000] {dag.py:3947} INFO - Setting next_dagrun for example_sensor_decorator to None, run_after=None
[2025-08-17T01:20:09.555+0000] {processor.py:183} INFO - Processing /home/airflow/.local/lib/python3.12/site-packages/airflow/example_dags/example_sensor_decorator.py took 0.070 seconds
[2025-08-17T01:20:39.745+0000] {processor.py:161} INFO - Started process (PID=429) to work on /home/airflow/.local/lib/python3.12/site-packages/airflow/example_dags/example_sensor_decorator.py
[2025-08-17T01:20:39.747+0000] {processor.py:830} INFO - Processing file /home/airflow/.local/lib/python3.12/site-packages/airflow/example_dags/example_sensor_decorator.py for tasks to queue
[2025-08-17T01:20:39.750+0000] {logging_mixin.py:188} INFO - [2025-08-17T01:20:39.749+0000] {dagbag.py:545} INFO - Filling up the DagBag from /home/airflow/.local/lib/python3.12/site-packages/airflow/example_dags/example_sensor_decorator.py
[2025-08-17T01:20:39.757+0000] {processor.py:840} INFO - DAG(s) 'example_sensor_decorator' retrieved from /home/airflow/.local/lib/python3.12/site-packages/airflow/example_dags/example_sensor_decorator.py
[2025-08-17T01:20:39.782+0000] {logging_mixin.py:188} INFO - [2025-08-17T01:20:39.782+0000] {dag.py:3089} INFO - Sync 1 DAGs
[2025-08-17T01:20:39.795+0000] {logging_mixin.py:188} INFO - [2025-08-17T01:20:39.795+0000] {dag.py:3947} INFO - Setting next_dagrun for example_sensor_decorator to None, run_after=None
[2025-08-17T01:20:39.816+0000] {processor.py:183} INFO - Processing /home/airflow/.local/lib/python3.12/site-packages/airflow/example_dags/example_sensor_decorator.py took 0.077 seconds
[2025-08-17T01:21:10.285+0000] {processor.py:161} INFO - Started process (PID=489) to work on /home/airflow/.local/lib/python3.12/site-packages/airflow/example_dags/example_sensor_decorator.py
[2025-08-17T01:21:10.287+0000] {processor.py:830} INFO - Processing file /home/airflow/.local/lib/python3.12/site-packages/airflow/example_dags/example_sensor_decorator.py for tasks to queue
[2025-08-17T01:21:10.290+0000] {logging_mixin.py:188} INFO - [2025-08-17T01:21:10.289+0000] {dagbag.py:545} INFO - Filling up the DagBag from /home/airflow/.local/lib/python3.12/site-packages/airflow/example_dags/example_sensor_decorator.py
[2025-08-17T01:21:10.298+0000] {processor.py:840} INFO - DAG(s) 'example_sensor_decorator' retrieved from /home/airflow/.local/lib/python3.12/site-packages/airflow/example_dags/example_sensor_decorator.py
[2025-08-17T01:21:10.323+0000] {logging_mixin.py:188} INFO - [2025-08-17T01:21:10.323+0000] {dag.py:3089} INFO - Sync 1 DAGs
[2025-08-17T01:21:10.337+0000] {logging_mixin.py:188} INFO - [2025-08-17T01:21:10.337+0000] {dag.py:3947} INFO - Setting next_dagrun for example_sensor_decorator to None, run_after=None
[2025-08-17T01:21:10.369+0000] {processor.py:183} INFO - Processing /home/airflow/.local/lib/python3.12/site-packages/airflow/example_dags/example_sensor_decorator.py took 0.091 seconds
[2025-08-17T01:21:40.681+0000] {processor.py:161} INFO - Started process (PID=554) to work on /home/airflow/.local/lib/python3.12/site-packages/airflow/example_dags/example_sensor_decorator.py
[2025-08-17T01:21:40.682+0000] {processor.py:830} INFO - Processing file /home/airflow/.local/lib/python3.12/site-packages/airflow/example_dags/example_sensor_decorator.py for tasks to queue
[2025-08-17T01:21:40.685+0000] {logging_mixin.py:188} INFO - [2025-08-17T01:21:40.684+0000] {dagbag.py:545} INFO - Filling up the DagBag from /home/airflow/.local/lib/python3.12/site-packages/airflow/example_dags/example_sensor_decorator.py
[2025-08-17T01:21:40.692+0000] {processor.py:840} INFO - DAG(s) 'example_sensor_decorator' retrieved from /home/airflow/.local/lib/python3.12/site-packages/airflow/example_dags/example_sensor_decorator.py
[2025-08-17T01:21:40.717+0000] {logging_mixin.py:188} INFO - [2025-08-17T01:21:40.716+0000] {dag.py:3089} INFO - Sync 1 DAGs
[2025-08-17T01:21:40.730+0000] {logging_mixin.py:188} INFO - [2025-08-17T01:21:40.730+0000] {dag.py:3947} INFO - Setting next_dagrun for example_sensor_decorator to None, run_after=None
[2025-08-17T01:21:40.755+0000] {processor.py:183} INFO - Processing /home/airflow/.local/lib/python3.12/site-packages/airflow/example_dags/example_sensor_decorator.py took 0.080 seconds
[2025-08-17T01:22:10.954+0000] {processor.py:161} INFO - Started process (PID=613) to work on /home/airflow/.local/lib/python3.12/site-packages/airflow/example_dags/example_sensor_decorator.py
[2025-08-17T01:22:10.955+0000] {processor.py:830} INFO - Processing file /home/airflow/.local/lib/python3.12/site-packages/airflow/example_dags/example_sensor_decorator.py for tasks to queue
[2025-08-17T01:22:10.958+0000] {logging_mixin.py:188} INFO - [2025-08-17T01:22:10.958+0000] {dagbag.py:545} INFO - Filling up the DagBag from /home/airflow/.local/lib/python3.12/site-packages/airflow/example_dags/example_sensor_decorator.py
[2025-08-17T01:22:10.966+0000] {processor.py:840} INFO - DAG(s) 'example_sensor_decorator' retrieved from /home/airflow/.local/lib/python3.12/site-packages/airflow/example_dags/example_sensor_decorator.py
[2025-08-17T01:22:10.991+0000] {logging_mixin.py:188} INFO - [2025-08-17T01:22:10.990+0000] {dag.py:3089} INFO - Sync 1 DAGs
[2025-08-17T01:22:11.006+0000] {logging_mixin.py:188} INFO - [2025-08-17T01:22:11.005+0000] {dag.py:3947} INFO - Setting next_dagrun for example_sensor_decorator to None, run_after=None
[2025-08-17T01:22:11.031+0000] {processor.py:183} INFO - Processing /home/airflow/.local/lib/python3.12/site-packages/airflow/example_dags/example_sensor_decorator.py took 0.084 seconds
[2025-08-17T01:22:41.234+0000] {processor.py:161} INFO - Started process (PID=672) to work on /home/airflow/.local/lib/python3.12/site-packages/airflow/example_dags/example_sensor_decorator.py
[2025-08-17T01:22:41.235+0000] {processor.py:830} INFO - Processing file /home/airflow/.local/lib/python3.12/site-packages/airflow/example_dags/example_sensor_decorator.py for tasks to queue
[2025-08-17T01:22:41.238+0000] {logging_mixin.py:188} INFO - [2025-08-17T01:22:41.237+0000] {dagbag.py:545} INFO - Filling up the DagBag from /home/airflow/.local/lib/python3.12/site-packages/airflow/example_dags/example_sensor_decorator.py
[2025-08-17T01:22:41.244+0000] {processor.py:840} INFO - DAG(s) 'example_sensor_decorator' retrieved from /home/airflow/.local/lib/python3.12/site-packages/airflow/example_dags/example_sensor_decorator.py
[2025-08-17T01:22:41.266+0000] {logging_mixin.py:188} INFO - [2025-08-17T01:22:41.266+0000] {dag.py:3089} INFO - Sync 1 DAGs
[2025-08-17T01:22:41.279+0000] {logging_mixin.py:188} INFO - [2025-08-17T01:22:41.279+0000] {dag.py:3947} INFO - Setting next_dagrun for example_sensor_decorator to None, run_after=None
[2025-08-17T01:22:41.299+0000] {processor.py:183} INFO - Processing /home/airflow/.local/lib/python3.12/site-packages/airflow/example_dags/example_sensor_decorator.py took 0.071 seconds
[2025-08-17T01:23:11.576+0000] {processor.py:161} INFO - Started process (PID=731) to work on /home/airflow/.local/lib/python3.12/site-packages/airflow/example_dags/example_sensor_decorator.py
[2025-08-17T01:23:11.578+0000] {processor.py:830} INFO - Processing file /home/airflow/.local/lib/python3.12/site-packages/airflow/example_dags/example_sensor_decorator.py for tasks to queue
[2025-08-17T01:23:11.580+0000] {logging_mixin.py:188} INFO - [2025-08-17T01:23:11.580+0000] {dagbag.py:545} INFO - Filling up the DagBag from /home/airflow/.local/lib/python3.12/site-packages/airflow/example_dags/example_sensor_decorator.py
[2025-08-17T01:23:11.587+0000] {processor.py:840} INFO - DAG(s) 'example_sensor_decorator' retrieved from /home/airflow/.local/lib/python3.12/site-packages/airflow/example_dags/example_sensor_decorator.py
[2025-08-17T01:23:11.613+0000] {logging_mixin.py:188} INFO - [2025-08-17T01:23:11.613+0000] {dag.py:3089} INFO - Sync 1 DAGs
[2025-08-17T01:23:11.626+0000] {logging_mixin.py:188} INFO - [2025-08-17T01:23:11.625+0000] {dag.py:3947} INFO - Setting next_dagrun for example_sensor_decorator to None, run_after=None
[2025-08-17T01:23:11.649+0000] {processor.py:183} INFO - Processing /home/airflow/.local/lib/python3.12/site-packages/airflow/example_dags/example_sensor_decorator.py took 0.080 seconds
[2025-08-17T01:23:42.362+0000] {processor.py:161} INFO - Started process (PID=790) to work on /home/airflow/.local/lib/python3.12/site-packages/airflow/example_dags/example_sensor_decorator.py
[2025-08-17T01:23:42.363+0000] {processor.py:830} INFO - Processing file /home/airflow/.local/lib/python3.12/site-packages/airflow/example_dags/example_sensor_decorator.py for tasks to queue
[2025-08-17T01:23:42.366+0000] {logging_mixin.py:188} INFO - [2025-08-17T01:23:42.366+0000] {dagbag.py:545} INFO - Filling up the DagBag from /home/airflow/.local/lib/python3.12/site-packages/airflow/example_dags/example_sensor_decorator.py
[2025-08-17T01:23:42.374+0000] {processor.py:840} INFO - DAG(s) 'example_sensor_decorator' retrieved from /home/airflow/.local/lib/python3.12/site-packages/airflow/example_dags/example_sensor_decorator.py
[2025-08-17T01:23:42.398+0000] {logging_mixin.py:188} INFO - [2025-08-17T01:23:42.398+0000] {dag.py:3089} INFO - Sync 1 DAGs
[2025-08-17T01:23:42.411+0000] {logging_mixin.py:188} INFO - [2025-08-17T01:23:42.411+0000] {dag.py:3947} INFO - Setting next_dagrun for example_sensor_decorator to None, run_after=None
[2025-08-17T01:23:42.433+0000] {processor.py:183} INFO - Processing /home/airflow/.local/lib/python3.12/site-packages/airflow/example_dags/example_sensor_decorator.py took 0.079 seconds
[2025-08-17T01:24:12.765+0000] {processor.py:161} INFO - Started process (PID=849) to work on /home/airflow/.local/lib/python3.12/site-packages/airflow/example_dags/example_sensor_decorator.py
[2025-08-17T01:24:12.766+0000] {processor.py:830} INFO - Processing file /home/airflow/.local/lib/python3.12/site-packages/airflow/example_dags/example_sensor_decorator.py for tasks to queue
[2025-08-17T01:24:12.769+0000] {logging_mixin.py:188} INFO - [2025-08-17T01:24:12.769+0000] {dagbag.py:545} INFO - Filling up the DagBag from /home/airflow/.local/lib/python3.12/site-packages/airflow/example_dags/example_sensor_decorator.py
[2025-08-17T01:24:12.776+0000] {processor.py:840} INFO - DAG(s) 'example_sensor_decorator' retrieved from /home/airflow/.local/lib/python3.12/site-packages/airflow/example_dags/example_sensor_decorator.py
[2025-08-17T01:24:12.807+0000] {logging_mixin.py:188} INFO - [2025-08-17T01:24:12.806+0000] {dag.py:3089} INFO - Sync 1 DAGs
[2025-08-17T01:24:12.826+0000] {logging_mixin.py:188} INFO - [2025-08-17T01:24:12.825+0000] {dag.py:3947} INFO - Setting next_dagrun for example_sensor_decorator to None, run_after=None
[2025-08-17T01:24:12.850+0000] {processor.py:183} INFO - Processing /home/airflow/.local/lib/python3.12/site-packages/airflow/example_dags/example_sensor_decorator.py took 0.092 seconds
[2025-08-17T01:24:42.953+0000] {processor.py:161} INFO - Started process (PID=908) to work on /home/airflow/.local/lib/python3.12/site-packages/airflow/example_dags/example_sensor_decorator.py
[2025-08-17T01:24:42.954+0000] {processor.py:830} INFO - Processing file /home/airflow/.local/lib/python3.12/site-packages/airflow/example_dags/example_sensor_decorator.py for tasks to queue
[2025-08-17T01:24:42.957+0000] {logging_mixin.py:188} INFO - [2025-08-17T01:24:42.956+0000] {dagbag.py:545} INFO - Filling up the DagBag from /home/airflow/.local/lib/python3.12/site-packages/airflow/example_dags/example_sensor_decorator.py
[2025-08-17T01:24:42.965+0000] {processor.py:840} INFO - DAG(s) 'example_sensor_decorator' retrieved from /home/airflow/.local/lib/python3.12/site-packages/airflow/example_dags/example_sensor_decorator.py
[2025-08-17T01:24:42.994+0000] {logging_mixin.py:188} INFO - [2025-08-17T01:24:42.993+0000] {dag.py:3089} INFO - Sync 1 DAGs
[2025-08-17T01:24:43.010+0000] {logging_mixin.py:188} INFO - [2025-08-17T01:24:43.010+0000] {dag.py:3947} INFO - Setting next_dagrun for example_sensor_decorator to None, run_after=None
[2025-08-17T01:24:43.037+0000] {processor.py:183} INFO - Processing /home/airflow/.local/lib/python3.12/site-packages/airflow/example_dags/example_sensor_decorator.py took 0.093 seconds
[2025-08-17T01:25:13.344+0000] {processor.py:161} INFO - Started process (PID=967) to work on /home/airflow/.local/lib/python3.12/site-packages/airflow/example_dags/example_sensor_decorator.py
[2025-08-17T01:25:13.345+0000] {processor.py:830} INFO - Processing file /home/airflow/.local/lib/python3.12/site-packages/airflow/example_dags/example_sensor_decorator.py for tasks to queue
[2025-08-17T01:25:13.349+0000] {logging_mixin.py:188} INFO - [2025-08-17T01:25:13.348+0000] {dagbag.py:545} INFO - Filling up the DagBag from /home/airflow/.local/lib/python3.12/site-packages/airflow/example_dags/example_sensor_decorator.py
[2025-08-17T01:25:13.358+0000] {processor.py:840} INFO - DAG(s) 'example_sensor_decorator' retrieved from /home/airflow/.local/lib/python3.12/site-packages/airflow/example_dags/example_sensor_decorator.py
[2025-08-17T01:25:13.388+0000] {logging_mixin.py:188} INFO - [2025-08-17T01:25:13.387+0000] {dag.py:3089} INFO - Sync 1 DAGs
[2025-08-17T01:25:13.405+0000] {logging_mixin.py:188} INFO - [2025-08-17T01:25:13.404+0000] {dag.py:3947} INFO - Setting next_dagrun for example_sensor_decorator to None, run_after=None
[2025-08-17T01:25:13.432+0000] {processor.py:183} INFO - Processing /home/airflow/.local/lib/python3.12/site-packages/airflow/example_dags/example_sensor_decorator.py took 0.097 seconds
[2025-08-17T01:26:39.186+0000] {processor.py:161} INFO - Started process (PID=75) to work on /home/airflow/.local/lib/python3.12/site-packages/airflow/example_dags/example_sensor_decorator.py
[2025-08-17T01:26:39.187+0000] {processor.py:830} INFO - Processing file /home/airflow/.local/lib/python3.12/site-packages/airflow/example_dags/example_sensor_decorator.py for tasks to queue
[2025-08-17T01:26:39.191+0000] {logging_mixin.py:188} INFO - [2025-08-17T01:26:39.190+0000] {dagbag.py:545} INFO - Filling up the DagBag from /home/airflow/.local/lib/python3.12/site-packages/airflow/example_dags/example_sensor_decorator.py
[2025-08-17T01:26:39.203+0000] {processor.py:840} INFO - DAG(s) 'example_sensor_decorator' retrieved from /home/airflow/.local/lib/python3.12/site-packages/airflow/example_dags/example_sensor_decorator.py
[2025-08-17T01:26:39.354+0000] {logging_mixin.py:188} INFO - [2025-08-17T01:26:39.353+0000] {dag.py:3089} INFO - Sync 1 DAGs
[2025-08-17T01:26:39.371+0000] {logging_mixin.py:188} INFO - [2025-08-17T01:26:39.370+0000] {dag.py:3947} INFO - Setting next_dagrun for example_sensor_decorator to None, run_after=None
[2025-08-17T01:26:39.405+0000] {processor.py:183} INFO - Processing /home/airflow/.local/lib/python3.12/site-packages/airflow/example_dags/example_sensor_decorator.py took 0.227 seconds
[2025-08-17T01:27:09.578+0000] {processor.py:161} INFO - Started process (PID=134) to work on /home/airflow/.local/lib/python3.12/site-packages/airflow/example_dags/example_sensor_decorator.py
[2025-08-17T01:27:09.580+0000] {processor.py:830} INFO - Processing file /home/airflow/.local/lib/python3.12/site-packages/airflow/example_dags/example_sensor_decorator.py for tasks to queue
[2025-08-17T01:27:09.582+0000] {logging_mixin.py:188} INFO - [2025-08-17T01:27:09.582+0000] {dagbag.py:545} INFO - Filling up the DagBag from /home/airflow/.local/lib/python3.12/site-packages/airflow/example_dags/example_sensor_decorator.py
[2025-08-17T01:27:09.589+0000] {processor.py:840} INFO - DAG(s) 'example_sensor_decorator' retrieved from /home/airflow/.local/lib/python3.12/site-packages/airflow/example_dags/example_sensor_decorator.py
[2025-08-17T01:27:09.608+0000] {logging_mixin.py:188} INFO - [2025-08-17T01:27:09.607+0000] {dag.py:3089} INFO - Sync 1 DAGs
[2025-08-17T01:27:09.632+0000] {logging_mixin.py:188} INFO - [2025-08-17T01:27:09.632+0000] {dag.py:3947} INFO - Setting next_dagrun for example_sensor_decorator to None, run_after=None
[2025-08-17T01:27:09.668+0000] {processor.py:183} INFO - Processing /home/airflow/.local/lib/python3.12/site-packages/airflow/example_dags/example_sensor_decorator.py took 0.096 seconds
[2025-08-17T01:27:40.775+0000] {processor.py:161} INFO - Started process (PID=199) to work on /home/airflow/.local/lib/python3.12/site-packages/airflow/example_dags/example_sensor_decorator.py
[2025-08-17T01:27:40.777+0000] {processor.py:830} INFO - Processing file /home/airflow/.local/lib/python3.12/site-packages/airflow/example_dags/example_sensor_decorator.py for tasks to queue
[2025-08-17T01:27:40.780+0000] {logging_mixin.py:188} INFO - [2025-08-17T01:27:40.779+0000] {dagbag.py:545} INFO - Filling up the DagBag from /home/airflow/.local/lib/python3.12/site-packages/airflow/example_dags/example_sensor_decorator.py
[2025-08-17T01:27:40.788+0000] {processor.py:840} INFO - DAG(s) 'example_sensor_decorator' retrieved from /home/airflow/.local/lib/python3.12/site-packages/airflow/example_dags/example_sensor_decorator.py
[2025-08-17T01:27:40.916+0000] {logging_mixin.py:188} INFO - [2025-08-17T01:27:40.916+0000] {dag.py:3089} INFO - Sync 1 DAGs
[2025-08-17T01:27:40.930+0000] {logging_mixin.py:188} INFO - [2025-08-17T01:27:40.930+0000] {dag.py:3947} INFO - Setting next_dagrun for example_sensor_decorator to None, run_after=None
[2025-08-17T01:27:40.955+0000] {processor.py:183} INFO - Processing /home/airflow/.local/lib/python3.12/site-packages/airflow/example_dags/example_sensor_decorator.py took 0.187 seconds
[2025-08-17T01:28:11.314+0000] {processor.py:161} INFO - Started process (PID=258) to work on /home/airflow/.local/lib/python3.12/site-packages/airflow/example_dags/example_sensor_decorator.py
[2025-08-17T01:28:11.316+0000] {processor.py:830} INFO - Processing file /home/airflow/.local/lib/python3.12/site-packages/airflow/example_dags/example_sensor_decorator.py for tasks to queue
[2025-08-17T01:28:11.319+0000] {logging_mixin.py:188} INFO - [2025-08-17T01:28:11.318+0000] {dagbag.py:545} INFO - Filling up the DagBag from /home/airflow/.local/lib/python3.12/site-packages/airflow/example_dags/example_sensor_decorator.py
[2025-08-17T01:28:11.327+0000] {processor.py:840} INFO - DAG(s) 'example_sensor_decorator' retrieved from /home/airflow/.local/lib/python3.12/site-packages/airflow/example_dags/example_sensor_decorator.py
[2025-08-17T01:28:11.364+0000] {logging_mixin.py:188} INFO - [2025-08-17T01:28:11.363+0000] {dag.py:3089} INFO - Sync 1 DAGs
[2025-08-17T01:28:11.380+0000] {logging_mixin.py:188} INFO - [2025-08-17T01:28:11.379+0000] {dag.py:3947} INFO - Setting next_dagrun for example_sensor_decorator to None, run_after=None
[2025-08-17T01:28:11.406+0000] {processor.py:183} INFO - Processing /home/airflow/.local/lib/python3.12/site-packages/airflow/example_dags/example_sensor_decorator.py took 0.101 seconds
[2025-08-17T01:28:41.711+0000] {processor.py:161} INFO - Started process (PID=317) to work on /home/airflow/.local/lib/python3.12/site-packages/airflow/example_dags/example_sensor_decorator.py
[2025-08-17T01:28:41.712+0000] {processor.py:830} INFO - Processing file /home/airflow/.local/lib/python3.12/site-packages/airflow/example_dags/example_sensor_decorator.py for tasks to queue
[2025-08-17T01:28:41.715+0000] {logging_mixin.py:188} INFO - [2025-08-17T01:28:41.714+0000] {dagbag.py:545} INFO - Filling up the DagBag from /home/airflow/.local/lib/python3.12/site-packages/airflow/example_dags/example_sensor_decorator.py
[2025-08-17T01:28:41.724+0000] {processor.py:840} INFO - DAG(s) 'example_sensor_decorator' retrieved from /home/airflow/.local/lib/python3.12/site-packages/airflow/example_dags/example_sensor_decorator.py
[2025-08-17T01:28:41.750+0000] {logging_mixin.py:188} INFO - [2025-08-17T01:28:41.749+0000] {dag.py:3089} INFO - Sync 1 DAGs
[2025-08-17T01:28:41.763+0000] {logging_mixin.py:188} INFO - [2025-08-17T01:28:41.763+0000] {dag.py:3947} INFO - Setting next_dagrun for example_sensor_decorator to None, run_after=None
[2025-08-17T01:28:41.784+0000] {processor.py:183} INFO - Processing /home/airflow/.local/lib/python3.12/site-packages/airflow/example_dags/example_sensor_decorator.py took 0.080 seconds
[2025-08-17T01:29:12.072+0000] {processor.py:161} INFO - Started process (PID=377) to work on /home/airflow/.local/lib/python3.12/site-packages/airflow/example_dags/example_sensor_decorator.py
[2025-08-17T01:29:12.073+0000] {processor.py:830} INFO - Processing file /home/airflow/.local/lib/python3.12/site-packages/airflow/example_dags/example_sensor_decorator.py for tasks to queue
[2025-08-17T01:29:12.076+0000] {logging_mixin.py:188} INFO - [2025-08-17T01:29:12.075+0000] {dagbag.py:545} INFO - Filling up the DagBag from /home/airflow/.local/lib/python3.12/site-packages/airflow/example_dags/example_sensor_decorator.py
[2025-08-17T01:29:12.082+0000] {processor.py:840} INFO - DAG(s) 'example_sensor_decorator' retrieved from /home/airflow/.local/lib/python3.12/site-packages/airflow/example_dags/example_sensor_decorator.py
[2025-08-17T01:29:12.107+0000] {logging_mixin.py:188} INFO - [2025-08-17T01:29:12.107+0000] {dag.py:3089} INFO - Sync 1 DAGs
[2025-08-17T01:29:12.121+0000] {logging_mixin.py:188} INFO - [2025-08-17T01:29:12.121+0000] {dag.py:3947} INFO - Setting next_dagrun for example_sensor_decorator to None, run_after=None
[2025-08-17T01:29:12.145+0000] {processor.py:183} INFO - Processing /home/airflow/.local/lib/python3.12/site-packages/airflow/example_dags/example_sensor_decorator.py took 0.079 seconds
[2025-08-17T01:29:42.501+0000] {processor.py:161} INFO - Started process (PID=437) to work on /home/airflow/.local/lib/python3.12/site-packages/airflow/example_dags/example_sensor_decorator.py
[2025-08-17T01:29:42.502+0000] {processor.py:830} INFO - Processing file /home/airflow/.local/lib/python3.12/site-packages/airflow/example_dags/example_sensor_decorator.py for tasks to queue
[2025-08-17T01:29:42.504+0000] {logging_mixin.py:188} INFO - [2025-08-17T01:29:42.504+0000] {dagbag.py:545} INFO - Filling up the DagBag from /home/airflow/.local/lib/python3.12/site-packages/airflow/example_dags/example_sensor_decorator.py
[2025-08-17T01:29:42.511+0000] {processor.py:840} INFO - DAG(s) 'example_sensor_decorator' retrieved from /home/airflow/.local/lib/python3.12/site-packages/airflow/example_dags/example_sensor_decorator.py
[2025-08-17T01:29:42.533+0000] {logging_mixin.py:188} INFO - [2025-08-17T01:29:42.533+0000] {dag.py:3089} INFO - Sync 1 DAGs
[2025-08-17T01:29:42.546+0000] {logging_mixin.py:188} INFO - [2025-08-17T01:29:42.546+0000] {dag.py:3947} INFO - Setting next_dagrun for example_sensor_decorator to None, run_after=None
[2025-08-17T01:29:42.565+0000] {processor.py:183} INFO - Processing /home/airflow/.local/lib/python3.12/site-packages/airflow/example_dags/example_sensor_decorator.py took 0.070 seconds
[2025-08-17T01:30:13.109+0000] {processor.py:161} INFO - Started process (PID=496) to work on /home/airflow/.local/lib/python3.12/site-packages/airflow/example_dags/example_sensor_decorator.py
[2025-08-17T01:30:13.110+0000] {processor.py:830} INFO - Processing file /home/airflow/.local/lib/python3.12/site-packages/airflow/example_dags/example_sensor_decorator.py for tasks to queue
[2025-08-17T01:30:13.113+0000] {logging_mixin.py:188} INFO - [2025-08-17T01:30:13.113+0000] {dagbag.py:545} INFO - Filling up the DagBag from /home/airflow/.local/lib/python3.12/site-packages/airflow/example_dags/example_sensor_decorator.py
[2025-08-17T01:30:13.119+0000] {processor.py:840} INFO - DAG(s) 'example_sensor_decorator' retrieved from /home/airflow/.local/lib/python3.12/site-packages/airflow/example_dags/example_sensor_decorator.py
[2025-08-17T01:30:13.139+0000] {logging_mixin.py:188} INFO - [2025-08-17T01:30:13.139+0000] {dag.py:3089} INFO - Sync 1 DAGs
[2025-08-17T01:30:13.153+0000] {logging_mixin.py:188} INFO - [2025-08-17T01:30:13.152+0000] {dag.py:3947} INFO - Setting next_dagrun for example_sensor_decorator to None, run_after=None
[2025-08-17T01:30:13.172+0000] {processor.py:183} INFO - Processing /home/airflow/.local/lib/python3.12/site-packages/airflow/example_dags/example_sensor_decorator.py took 0.069 seconds
[2025-08-17T01:30:43.580+0000] {processor.py:161} INFO - Started process (PID=555) to work on /home/airflow/.local/lib/python3.12/site-packages/airflow/example_dags/example_sensor_decorator.py
[2025-08-17T01:30:43.581+0000] {processor.py:830} INFO - Processing file /home/airflow/.local/lib/python3.12/site-packages/airflow/example_dags/example_sensor_decorator.py for tasks to queue
[2025-08-17T01:30:43.584+0000] {logging_mixin.py:188} INFO - [2025-08-17T01:30:43.583+0000] {dagbag.py:545} INFO - Filling up the DagBag from /home/airflow/.local/lib/python3.12/site-packages/airflow/example_dags/example_sensor_decorator.py
[2025-08-17T01:30:43.591+0000] {processor.py:840} INFO - DAG(s) 'example_sensor_decorator' retrieved from /home/airflow/.local/lib/python3.12/site-packages/airflow/example_dags/example_sensor_decorator.py
[2025-08-17T01:30:43.615+0000] {logging_mixin.py:188} INFO - [2025-08-17T01:30:43.615+0000] {dag.py:3089} INFO - Sync 1 DAGs
[2025-08-17T01:30:43.630+0000] {logging_mixin.py:188} INFO - [2025-08-17T01:30:43.630+0000] {dag.py:3947} INFO - Setting next_dagrun for example_sensor_decorator to None, run_after=None
[2025-08-17T01:30:43.654+0000] {processor.py:183} INFO - Processing /home/airflow/.local/lib/python3.12/site-packages/airflow/example_dags/example_sensor_decorator.py took 0.080 seconds
[2025-08-17T01:31:14.043+0000] {processor.py:161} INFO - Started process (PID=614) to work on /home/airflow/.local/lib/python3.12/site-packages/airflow/example_dags/example_sensor_decorator.py
[2025-08-17T01:31:14.045+0000] {processor.py:830} INFO - Processing file /home/airflow/.local/lib/python3.12/site-packages/airflow/example_dags/example_sensor_decorator.py for tasks to queue
[2025-08-17T01:31:14.047+0000] {logging_mixin.py:188} INFO - [2025-08-17T01:31:14.046+0000] {dagbag.py:545} INFO - Filling up the DagBag from /home/airflow/.local/lib/python3.12/site-packages/airflow/example_dags/example_sensor_decorator.py
[2025-08-17T01:31:14.053+0000] {processor.py:840} INFO - DAG(s) 'example_sensor_decorator' retrieved from /home/airflow/.local/lib/python3.12/site-packages/airflow/example_dags/example_sensor_decorator.py
[2025-08-17T01:31:14.079+0000] {logging_mixin.py:188} INFO - [2025-08-17T01:31:14.079+0000] {dag.py:3089} INFO - Sync 1 DAGs
[2025-08-17T01:31:14.092+0000] {logging_mixin.py:188} INFO - [2025-08-17T01:31:14.092+0000] {dag.py:3947} INFO - Setting next_dagrun for example_sensor_decorator to None, run_after=None
[2025-08-17T01:31:14.114+0000] {processor.py:183} INFO - Processing /home/airflow/.local/lib/python3.12/site-packages/airflow/example_dags/example_sensor_decorator.py took 0.077 seconds
[2025-08-17T01:31:44.759+0000] {processor.py:161} INFO - Started process (PID=676) to work on /home/airflow/.local/lib/python3.12/site-packages/airflow/example_dags/example_sensor_decorator.py
[2025-08-17T01:31:44.760+0000] {processor.py:830} INFO - Processing file /home/airflow/.local/lib/python3.12/site-packages/airflow/example_dags/example_sensor_decorator.py for tasks to queue
[2025-08-17T01:31:44.763+0000] {logging_mixin.py:188} INFO - [2025-08-17T01:31:44.762+0000] {dagbag.py:545} INFO - Filling up the DagBag from /home/airflow/.local/lib/python3.12/site-packages/airflow/example_dags/example_sensor_decorator.py
[2025-08-17T01:31:44.771+0000] {processor.py:840} INFO - DAG(s) 'example_sensor_decorator' retrieved from /home/airflow/.local/lib/python3.12/site-packages/airflow/example_dags/example_sensor_decorator.py
[2025-08-17T01:31:44.799+0000] {logging_mixin.py:188} INFO - [2025-08-17T01:31:44.798+0000] {dag.py:3089} INFO - Sync 1 DAGs
[2025-08-17T01:31:44.814+0000] {logging_mixin.py:188} INFO - [2025-08-17T01:31:44.814+0000] {dag.py:3947} INFO - Setting next_dagrun for example_sensor_decorator to None, run_after=None
[2025-08-17T01:31:44.837+0000] {processor.py:183} INFO - Processing /home/airflow/.local/lib/python3.12/site-packages/airflow/example_dags/example_sensor_decorator.py took 0.086 seconds
