[2025-08-17T00:53:31.414+0000] {processor.py:161} INFO - Started process (PID=67) to work on /home/airflow/.local/lib/python3.12/site-packages/airflow/example_dags/example_complex.py
[2025-08-17T00:53:31.419+0000] {processor.py:830} INFO - Processing file /home/airflow/.local/lib/python3.12/site-packages/airflow/example_dags/example_complex.py for tasks to queue
[2025-08-17T00:53:31.426+0000] {logging_mixin.py:188} INFO - [2025-08-17T00:53:31.425+0000] {dagbag.py:545} INFO - Filling up the DagBag from /home/airflow/.local/lib/python3.12/site-packages/airflow/example_dags/example_complex.py
[2025-08-17T00:53:31.457+0000] {processor.py:840} INFO - DAG(s) 'example_complex' retrieved from /home/airflow/.local/lib/python3.12/site-packages/airflow/example_dags/example_complex.py
[2025-08-17T00:53:31.800+0000] {logging_mixin.py:188} INFO - [2025-08-17T00:53:31.800+0000] {dag.py:3089} INFO - Sync 1 DAGs
[2025-08-17T00:53:31.821+0000] {logging_mixin.py:188} INFO - [2025-08-17T00:53:31.821+0000] {dag.py:3947} INFO - Setting next_dagrun for example_complex to None, run_after=None
[2025-08-17T00:53:31.867+0000] {processor.py:183} INFO - Processing /home/airflow/.local/lib/python3.12/site-packages/airflow/example_dags/example_complex.py took 0.477 seconds
[2025-08-17T00:54:02.606+0000] {processor.py:161} INFO - Started process (PID=126) to work on /home/airflow/.local/lib/python3.12/site-packages/airflow/example_dags/example_complex.py
[2025-08-17T00:54:02.608+0000] {processor.py:830} INFO - Processing file /home/airflow/.local/lib/python3.12/site-packages/airflow/example_dags/example_complex.py for tasks to queue
[2025-08-17T00:54:02.610+0000] {logging_mixin.py:188} INFO - [2025-08-17T00:54:02.609+0000] {dagbag.py:545} INFO - Filling up the DagBag from /home/airflow/.local/lib/python3.12/site-packages/airflow/example_dags/example_complex.py
[2025-08-17T00:54:02.619+0000] {processor.py:840} INFO - DAG(s) 'example_complex' retrieved from /home/airflow/.local/lib/python3.12/site-packages/airflow/example_dags/example_complex.py
[2025-08-17T00:54:02.652+0000] {logging_mixin.py:188} INFO - [2025-08-17T00:54:02.652+0000] {dag.py:3089} INFO - Sync 1 DAGs
[2025-08-17T00:54:02.666+0000] {logging_mixin.py:188} INFO - [2025-08-17T00:54:02.665+0000] {dag.py:3947} INFO - Setting next_dagrun for example_complex to None, run_after=None
[2025-08-17T00:54:02.684+0000] {processor.py:183} INFO - Processing /home/airflow/.local/lib/python3.12/site-packages/airflow/example_dags/example_complex.py took 0.084 seconds
[2025-08-17T00:54:32.991+0000] {processor.py:161} INFO - Started process (PID=184) to work on /home/airflow/.local/lib/python3.12/site-packages/airflow/example_dags/example_complex.py
[2025-08-17T00:54:32.992+0000] {processor.py:830} INFO - Processing file /home/airflow/.local/lib/python3.12/site-packages/airflow/example_dags/example_complex.py for tasks to queue
[2025-08-17T00:54:32.995+0000] {logging_mixin.py:188} INFO - [2025-08-17T00:54:32.994+0000] {dagbag.py:545} INFO - Filling up the DagBag from /home/airflow/.local/lib/python3.12/site-packages/airflow/example_dags/example_complex.py
[2025-08-17T00:54:33.006+0000] {processor.py:840} INFO - DAG(s) 'example_complex' retrieved from /home/airflow/.local/lib/python3.12/site-packages/airflow/example_dags/example_complex.py
[2025-08-17T00:54:33.043+0000] {logging_mixin.py:188} INFO - [2025-08-17T00:54:33.043+0000] {dag.py:3089} INFO - Sync 1 DAGs
[2025-08-17T00:54:33.059+0000] {logging_mixin.py:188} INFO - [2025-08-17T00:54:33.059+0000] {dag.py:3947} INFO - Setting next_dagrun for example_complex to None, run_after=None
[2025-08-17T00:54:33.082+0000] {processor.py:183} INFO - Processing /home/airflow/.local/lib/python3.12/site-packages/airflow/example_dags/example_complex.py took 0.096 seconds
[2025-08-17T00:55:03.369+0000] {processor.py:161} INFO - Started process (PID=242) to work on /home/airflow/.local/lib/python3.12/site-packages/airflow/example_dags/example_complex.py
[2025-08-17T00:55:03.371+0000] {processor.py:830} INFO - Processing file /home/airflow/.local/lib/python3.12/site-packages/airflow/example_dags/example_complex.py for tasks to queue
[2025-08-17T00:55:03.374+0000] {logging_mixin.py:188} INFO - [2025-08-17T00:55:03.373+0000] {dagbag.py:545} INFO - Filling up the DagBag from /home/airflow/.local/lib/python3.12/site-packages/airflow/example_dags/example_complex.py
[2025-08-17T00:55:03.386+0000] {processor.py:840} INFO - DAG(s) 'example_complex' retrieved from /home/airflow/.local/lib/python3.12/site-packages/airflow/example_dags/example_complex.py
[2025-08-17T00:55:03.438+0000] {logging_mixin.py:188} INFO - [2025-08-17T00:55:03.438+0000] {dag.py:3089} INFO - Sync 1 DAGs
[2025-08-17T00:55:03.460+0000] {logging_mixin.py:188} INFO - [2025-08-17T00:55:03.459+0000] {dag.py:3947} INFO - Setting next_dagrun for example_complex to None, run_after=None
[2025-08-17T00:55:03.487+0000] {processor.py:183} INFO - Processing /home/airflow/.local/lib/python3.12/site-packages/airflow/example_dags/example_complex.py took 0.126 seconds
[2025-08-17T00:55:34.258+0000] {processor.py:161} INFO - Started process (PID=307) to work on /home/airflow/.local/lib/python3.12/site-packages/airflow/example_dags/example_complex.py
[2025-08-17T00:55:34.259+0000] {processor.py:830} INFO - Processing file /home/airflow/.local/lib/python3.12/site-packages/airflow/example_dags/example_complex.py for tasks to queue
[2025-08-17T00:55:34.262+0000] {logging_mixin.py:188} INFO - [2025-08-17T00:55:34.262+0000] {dagbag.py:545} INFO - Filling up the DagBag from /home/airflow/.local/lib/python3.12/site-packages/airflow/example_dags/example_complex.py
[2025-08-17T00:55:34.273+0000] {processor.py:840} INFO - DAG(s) 'example_complex' retrieved from /home/airflow/.local/lib/python3.12/site-packages/airflow/example_dags/example_complex.py
[2025-08-17T00:55:34.312+0000] {logging_mixin.py:188} INFO - [2025-08-17T00:55:34.312+0000] {dag.py:3089} INFO - Sync 1 DAGs
[2025-08-17T00:55:34.327+0000] {logging_mixin.py:188} INFO - [2025-08-17T00:55:34.327+0000] {dag.py:3947} INFO - Setting next_dagrun for example_complex to None, run_after=None
[2025-08-17T00:55:34.351+0000] {processor.py:183} INFO - Processing /home/airflow/.local/lib/python3.12/site-packages/airflow/example_dags/example_complex.py took 0.099 seconds
[2025-08-17T00:56:04.566+0000] {processor.py:161} INFO - Started process (PID=365) to work on /home/airflow/.local/lib/python3.12/site-packages/airflow/example_dags/example_complex.py
[2025-08-17T00:56:04.568+0000] {processor.py:830} INFO - Processing file /home/airflow/.local/lib/python3.12/site-packages/airflow/example_dags/example_complex.py for tasks to queue
[2025-08-17T00:56:04.570+0000] {logging_mixin.py:188} INFO - [2025-08-17T00:56:04.569+0000] {dagbag.py:545} INFO - Filling up the DagBag from /home/airflow/.local/lib/python3.12/site-packages/airflow/example_dags/example_complex.py
[2025-08-17T00:56:04.581+0000] {processor.py:840} INFO - DAG(s) 'example_complex' retrieved from /home/airflow/.local/lib/python3.12/site-packages/airflow/example_dags/example_complex.py
[2025-08-17T00:56:04.615+0000] {logging_mixin.py:188} INFO - [2025-08-17T00:56:04.615+0000] {dag.py:3089} INFO - Sync 1 DAGs
[2025-08-17T00:56:04.628+0000] {logging_mixin.py:188} INFO - [2025-08-17T00:56:04.627+0000] {dag.py:3947} INFO - Setting next_dagrun for example_complex to None, run_after=None
[2025-08-17T00:56:04.648+0000] {processor.py:183} INFO - Processing /home/airflow/.local/lib/python3.12/site-packages/airflow/example_dags/example_complex.py took 0.088 seconds
[2025-08-17T00:56:34.936+0000] {processor.py:161} INFO - Started process (PID=423) to work on /home/airflow/.local/lib/python3.12/site-packages/airflow/example_dags/example_complex.py
[2025-08-17T00:56:34.937+0000] {processor.py:830} INFO - Processing file /home/airflow/.local/lib/python3.12/site-packages/airflow/example_dags/example_complex.py for tasks to queue
[2025-08-17T00:56:34.939+0000] {logging_mixin.py:188} INFO - [2025-08-17T00:56:34.939+0000] {dagbag.py:545} INFO - Filling up the DagBag from /home/airflow/.local/lib/python3.12/site-packages/airflow/example_dags/example_complex.py
[2025-08-17T00:56:34.949+0000] {processor.py:840} INFO - DAG(s) 'example_complex' retrieved from /home/airflow/.local/lib/python3.12/site-packages/airflow/example_dags/example_complex.py
[2025-08-17T00:56:34.982+0000] {logging_mixin.py:188} INFO - [2025-08-17T00:56:34.982+0000] {dag.py:3089} INFO - Sync 1 DAGs
[2025-08-17T00:56:34.995+0000] {logging_mixin.py:188} INFO - [2025-08-17T00:56:34.995+0000] {dag.py:3947} INFO - Setting next_dagrun for example_complex to None, run_after=None
[2025-08-17T00:56:35.018+0000] {processor.py:183} INFO - Processing /home/airflow/.local/lib/python3.12/site-packages/airflow/example_dags/example_complex.py took 0.089 seconds
[2025-08-17T00:57:05.159+0000] {processor.py:161} INFO - Started process (PID=481) to work on /home/airflow/.local/lib/python3.12/site-packages/airflow/example_dags/example_complex.py
[2025-08-17T00:57:05.160+0000] {processor.py:830} INFO - Processing file /home/airflow/.local/lib/python3.12/site-packages/airflow/example_dags/example_complex.py for tasks to queue
[2025-08-17T00:57:05.163+0000] {logging_mixin.py:188} INFO - [2025-08-17T00:57:05.162+0000] {dagbag.py:545} INFO - Filling up the DagBag from /home/airflow/.local/lib/python3.12/site-packages/airflow/example_dags/example_complex.py
[2025-08-17T00:57:05.174+0000] {processor.py:840} INFO - DAG(s) 'example_complex' retrieved from /home/airflow/.local/lib/python3.12/site-packages/airflow/example_dags/example_complex.py
[2025-08-17T00:57:05.207+0000] {logging_mixin.py:188} INFO - [2025-08-17T00:57:05.207+0000] {dag.py:3089} INFO - Sync 1 DAGs
[2025-08-17T00:57:05.221+0000] {logging_mixin.py:188} INFO - [2025-08-17T00:57:05.221+0000] {dag.py:3947} INFO - Setting next_dagrun for example_complex to None, run_after=None
[2025-08-17T00:57:05.242+0000] {processor.py:183} INFO - Processing /home/airflow/.local/lib/python3.12/site-packages/airflow/example_dags/example_complex.py took 0.088 seconds
[2025-08-17T00:57:35.735+0000] {processor.py:161} INFO - Started process (PID=539) to work on /home/airflow/.local/lib/python3.12/site-packages/airflow/example_dags/example_complex.py
[2025-08-17T00:57:35.736+0000] {processor.py:830} INFO - Processing file /home/airflow/.local/lib/python3.12/site-packages/airflow/example_dags/example_complex.py for tasks to queue
[2025-08-17T00:57:35.738+0000] {logging_mixin.py:188} INFO - [2025-08-17T00:57:35.737+0000] {dagbag.py:545} INFO - Filling up the DagBag from /home/airflow/.local/lib/python3.12/site-packages/airflow/example_dags/example_complex.py
[2025-08-17T00:57:35.749+0000] {processor.py:840} INFO - DAG(s) 'example_complex' retrieved from /home/airflow/.local/lib/python3.12/site-packages/airflow/example_dags/example_complex.py
[2025-08-17T00:57:35.783+0000] {logging_mixin.py:188} INFO - [2025-08-17T00:57:35.783+0000] {dag.py:3089} INFO - Sync 1 DAGs
[2025-08-17T00:57:35.796+0000] {logging_mixin.py:188} INFO - [2025-08-17T00:57:35.796+0000] {dag.py:3947} INFO - Setting next_dagrun for example_complex to None, run_after=None
[2025-08-17T00:57:35.817+0000] {processor.py:183} INFO - Processing /home/airflow/.local/lib/python3.12/site-packages/airflow/example_dags/example_complex.py took 0.088 seconds
[2025-08-17T00:58:06.268+0000] {processor.py:161} INFO - Started process (PID=597) to work on /home/airflow/.local/lib/python3.12/site-packages/airflow/example_dags/example_complex.py
[2025-08-17T00:58:06.270+0000] {processor.py:830} INFO - Processing file /home/airflow/.local/lib/python3.12/site-packages/airflow/example_dags/example_complex.py for tasks to queue
[2025-08-17T00:58:06.273+0000] {logging_mixin.py:188} INFO - [2025-08-17T00:58:06.272+0000] {dagbag.py:545} INFO - Filling up the DagBag from /home/airflow/.local/lib/python3.12/site-packages/airflow/example_dags/example_complex.py
[2025-08-17T00:58:06.285+0000] {processor.py:840} INFO - DAG(s) 'example_complex' retrieved from /home/airflow/.local/lib/python3.12/site-packages/airflow/example_dags/example_complex.py
[2025-08-17T00:58:06.324+0000] {logging_mixin.py:188} INFO - [2025-08-17T00:58:06.324+0000] {dag.py:3089} INFO - Sync 1 DAGs
[2025-08-17T00:58:06.340+0000] {logging_mixin.py:188} INFO - [2025-08-17T00:58:06.339+0000] {dag.py:3947} INFO - Setting next_dagrun for example_complex to None, run_after=None
[2025-08-17T00:58:06.366+0000] {processor.py:183} INFO - Processing /home/airflow/.local/lib/python3.12/site-packages/airflow/example_dags/example_complex.py took 0.106 seconds
[2025-08-17T00:58:37.095+0000] {processor.py:161} INFO - Started process (PID=656) to work on /home/airflow/.local/lib/python3.12/site-packages/airflow/example_dags/example_complex.py
[2025-08-17T00:58:37.097+0000] {processor.py:830} INFO - Processing file /home/airflow/.local/lib/python3.12/site-packages/airflow/example_dags/example_complex.py for tasks to queue
[2025-08-17T00:58:37.100+0000] {logging_mixin.py:188} INFO - [2025-08-17T00:58:37.099+0000] {dagbag.py:545} INFO - Filling up the DagBag from /home/airflow/.local/lib/python3.12/site-packages/airflow/example_dags/example_complex.py
[2025-08-17T00:58:37.111+0000] {processor.py:840} INFO - DAG(s) 'example_complex' retrieved from /home/airflow/.local/lib/python3.12/site-packages/airflow/example_dags/example_complex.py
[2025-08-17T00:58:37.144+0000] {logging_mixin.py:188} INFO - [2025-08-17T00:58:37.144+0000] {dag.py:3089} INFO - Sync 1 DAGs
[2025-08-17T00:58:37.157+0000] {logging_mixin.py:188} INFO - [2025-08-17T00:58:37.157+0000] {dag.py:3947} INFO - Setting next_dagrun for example_complex to None, run_after=None
[2025-08-17T00:58:37.178+0000] {processor.py:183} INFO - Processing /home/airflow/.local/lib/python3.12/site-packages/airflow/example_dags/example_complex.py took 0.089 seconds
[2025-08-17T00:59:07.796+0000] {processor.py:161} INFO - Started process (PID=715) to work on /home/airflow/.local/lib/python3.12/site-packages/airflow/example_dags/example_complex.py
[2025-08-17T00:59:07.797+0000] {processor.py:830} INFO - Processing file /home/airflow/.local/lib/python3.12/site-packages/airflow/example_dags/example_complex.py for tasks to queue
[2025-08-17T00:59:07.800+0000] {logging_mixin.py:188} INFO - [2025-08-17T00:59:07.799+0000] {dagbag.py:545} INFO - Filling up the DagBag from /home/airflow/.local/lib/python3.12/site-packages/airflow/example_dags/example_complex.py
[2025-08-17T00:59:07.810+0000] {processor.py:840} INFO - DAG(s) 'example_complex' retrieved from /home/airflow/.local/lib/python3.12/site-packages/airflow/example_dags/example_complex.py
[2025-08-17T00:59:07.850+0000] {logging_mixin.py:188} INFO - [2025-08-17T00:59:07.849+0000] {dag.py:3089} INFO - Sync 1 DAGs
[2025-08-17T00:59:07.865+0000] {logging_mixin.py:188} INFO - [2025-08-17T00:59:07.865+0000] {dag.py:3947} INFO - Setting next_dagrun for example_complex to None, run_after=None
[2025-08-17T00:59:07.888+0000] {processor.py:183} INFO - Processing /home/airflow/.local/lib/python3.12/site-packages/airflow/example_dags/example_complex.py took 0.100 seconds
[2025-08-17T01:00:10.060+0000] {processor.py:161} INFO - Started process (PID=62) to work on /home/airflow/.local/lib/python3.12/site-packages/airflow/example_dags/example_complex.py
[2025-08-17T01:00:10.062+0000] {processor.py:830} INFO - Processing file /home/airflow/.local/lib/python3.12/site-packages/airflow/example_dags/example_complex.py for tasks to queue
[2025-08-17T01:00:10.065+0000] {logging_mixin.py:188} INFO - [2025-08-17T01:00:10.064+0000] {dagbag.py:545} INFO - Filling up the DagBag from /home/airflow/.local/lib/python3.12/site-packages/airflow/example_dags/example_complex.py
[2025-08-17T01:00:10.082+0000] {processor.py:840} INFO - DAG(s) 'example_complex' retrieved from /home/airflow/.local/lib/python3.12/site-packages/airflow/example_dags/example_complex.py
[2025-08-17T01:00:10.103+0000] {logging_mixin.py:188} INFO - [2025-08-17T01:00:10.103+0000] {dag.py:3089} INFO - Sync 1 DAGs
[2025-08-17T01:00:10.126+0000] {logging_mixin.py:188} INFO - [2025-08-17T01:00:10.125+0000] {dag.py:3947} INFO - Setting next_dagrun for example_complex to None, run_after=None
[2025-08-17T01:00:10.175+0000] {processor.py:183} INFO - Processing /home/airflow/.local/lib/python3.12/site-packages/airflow/example_dags/example_complex.py took 0.123 seconds
[2025-08-17T01:01:33.376+0000] {processor.py:161} INFO - Started process (PID=62) to work on /home/airflow/.local/lib/python3.12/site-packages/airflow/example_dags/example_complex.py
[2025-08-17T01:01:33.378+0000] {processor.py:830} INFO - Processing file /home/airflow/.local/lib/python3.12/site-packages/airflow/example_dags/example_complex.py for tasks to queue
[2025-08-17T01:01:33.382+0000] {logging_mixin.py:188} INFO - [2025-08-17T01:01:33.382+0000] {dagbag.py:545} INFO - Filling up the DagBag from /home/airflow/.local/lib/python3.12/site-packages/airflow/example_dags/example_complex.py
[2025-08-17T01:01:33.400+0000] {processor.py:840} INFO - DAG(s) 'example_complex' retrieved from /home/airflow/.local/lib/python3.12/site-packages/airflow/example_dags/example_complex.py
[2025-08-17T01:01:33.419+0000] {logging_mixin.py:188} INFO - [2025-08-17T01:01:33.419+0000] {dag.py:3089} INFO - Sync 1 DAGs
[2025-08-17T01:01:33.435+0000] {logging_mixin.py:188} INFO - [2025-08-17T01:01:33.435+0000] {dag.py:3947} INFO - Setting next_dagrun for example_complex to None, run_after=None
[2025-08-17T01:01:33.461+0000] {processor.py:183} INFO - Processing /home/airflow/.local/lib/python3.12/site-packages/airflow/example_dags/example_complex.py took 0.095 seconds
[2025-08-17T01:02:03.805+0000] {processor.py:161} INFO - Started process (PID=121) to work on /home/airflow/.local/lib/python3.12/site-packages/airflow/example_dags/example_complex.py
[2025-08-17T01:02:03.806+0000] {processor.py:830} INFO - Processing file /home/airflow/.local/lib/python3.12/site-packages/airflow/example_dags/example_complex.py for tasks to queue
[2025-08-17T01:02:03.809+0000] {logging_mixin.py:188} INFO - [2025-08-17T01:02:03.808+0000] {dagbag.py:545} INFO - Filling up the DagBag from /home/airflow/.local/lib/python3.12/site-packages/airflow/example_dags/example_complex.py
[2025-08-17T01:02:03.819+0000] {processor.py:840} INFO - DAG(s) 'example_complex' retrieved from /home/airflow/.local/lib/python3.12/site-packages/airflow/example_dags/example_complex.py
[2025-08-17T01:02:03.928+0000] {logging_mixin.py:188} INFO - [2025-08-17T01:02:03.928+0000] {dag.py:3089} INFO - Sync 1 DAGs
[2025-08-17T01:02:03.939+0000] {logging_mixin.py:188} INFO - [2025-08-17T01:02:03.939+0000] {dag.py:3947} INFO - Setting next_dagrun for example_complex to None, run_after=None
[2025-08-17T01:02:03.959+0000] {processor.py:183} INFO - Processing /home/airflow/.local/lib/python3.12/site-packages/airflow/example_dags/example_complex.py took 0.159 seconds
[2025-08-17T01:02:34.260+0000] {processor.py:161} INFO - Started process (PID=180) to work on /home/airflow/.local/lib/python3.12/site-packages/airflow/example_dags/example_complex.py
[2025-08-17T01:02:34.262+0000] {processor.py:830} INFO - Processing file /home/airflow/.local/lib/python3.12/site-packages/airflow/example_dags/example_complex.py for tasks to queue
[2025-08-17T01:02:34.265+0000] {logging_mixin.py:188} INFO - [2025-08-17T01:02:34.264+0000] {dagbag.py:545} INFO - Filling up the DagBag from /home/airflow/.local/lib/python3.12/site-packages/airflow/example_dags/example_complex.py
[2025-08-17T01:02:34.275+0000] {processor.py:840} INFO - DAG(s) 'example_complex' retrieved from /home/airflow/.local/lib/python3.12/site-packages/airflow/example_dags/example_complex.py
[2025-08-17T01:02:34.313+0000] {logging_mixin.py:188} INFO - [2025-08-17T01:02:34.313+0000] {dag.py:3089} INFO - Sync 1 DAGs
[2025-08-17T01:02:34.328+0000] {logging_mixin.py:188} INFO - [2025-08-17T01:02:34.328+0000] {dag.py:3947} INFO - Setting next_dagrun for example_complex to None, run_after=None
[2025-08-17T01:02:34.351+0000] {processor.py:183} INFO - Processing /home/airflow/.local/lib/python3.12/site-packages/airflow/example_dags/example_complex.py took 0.097 seconds
[2025-08-17T01:03:04.841+0000] {processor.py:161} INFO - Started process (PID=239) to work on /home/airflow/.local/lib/python3.12/site-packages/airflow/example_dags/example_complex.py
[2025-08-17T01:03:04.843+0000] {processor.py:830} INFO - Processing file /home/airflow/.local/lib/python3.12/site-packages/airflow/example_dags/example_complex.py for tasks to queue
[2025-08-17T01:03:04.845+0000] {logging_mixin.py:188} INFO - [2025-08-17T01:03:04.845+0000] {dagbag.py:545} INFO - Filling up the DagBag from /home/airflow/.local/lib/python3.12/site-packages/airflow/example_dags/example_complex.py
[2025-08-17T01:03:04.857+0000] {processor.py:840} INFO - DAG(s) 'example_complex' retrieved from /home/airflow/.local/lib/python3.12/site-packages/airflow/example_dags/example_complex.py
[2025-08-17T01:03:04.893+0000] {logging_mixin.py:188} INFO - [2025-08-17T01:03:04.892+0000] {dag.py:3089} INFO - Sync 1 DAGs
[2025-08-17T01:03:04.908+0000] {logging_mixin.py:188} INFO - [2025-08-17T01:03:04.908+0000] {dag.py:3947} INFO - Setting next_dagrun for example_complex to None, run_after=None
[2025-08-17T01:03:04.931+0000] {processor.py:183} INFO - Processing /home/airflow/.local/lib/python3.12/site-packages/airflow/example_dags/example_complex.py took 0.097 seconds
[2025-08-17T01:03:35.066+0000] {processor.py:161} INFO - Started process (PID=298) to work on /home/airflow/.local/lib/python3.12/site-packages/airflow/example_dags/example_complex.py
[2025-08-17T01:03:35.067+0000] {processor.py:830} INFO - Processing file /home/airflow/.local/lib/python3.12/site-packages/airflow/example_dags/example_complex.py for tasks to queue
[2025-08-17T01:03:35.070+0000] {logging_mixin.py:188} INFO - [2025-08-17T01:03:35.069+0000] {dagbag.py:545} INFO - Filling up the DagBag from /home/airflow/.local/lib/python3.12/site-packages/airflow/example_dags/example_complex.py
[2025-08-17T01:03:35.080+0000] {processor.py:840} INFO - DAG(s) 'example_complex' retrieved from /home/airflow/.local/lib/python3.12/site-packages/airflow/example_dags/example_complex.py
[2025-08-17T01:03:35.113+0000] {logging_mixin.py:188} INFO - [2025-08-17T01:03:35.113+0000] {dag.py:3089} INFO - Sync 1 DAGs
[2025-08-17T01:03:35.127+0000] {logging_mixin.py:188} INFO - [2025-08-17T01:03:35.126+0000] {dag.py:3947} INFO - Setting next_dagrun for example_complex to None, run_after=None
[2025-08-17T01:03:35.150+0000] {processor.py:183} INFO - Processing /home/airflow/.local/lib/python3.12/site-packages/airflow/example_dags/example_complex.py took 0.090 seconds
[2025-08-17T01:04:05.220+0000] {processor.py:161} INFO - Started process (PID=357) to work on /home/airflow/.local/lib/python3.12/site-packages/airflow/example_dags/example_complex.py
[2025-08-17T01:04:05.222+0000] {processor.py:830} INFO - Processing file /home/airflow/.local/lib/python3.12/site-packages/airflow/example_dags/example_complex.py for tasks to queue
[2025-08-17T01:04:05.224+0000] {logging_mixin.py:188} INFO - [2025-08-17T01:04:05.224+0000] {dagbag.py:545} INFO - Filling up the DagBag from /home/airflow/.local/lib/python3.12/site-packages/airflow/example_dags/example_complex.py
[2025-08-17T01:04:05.233+0000] {processor.py:840} INFO - DAG(s) 'example_complex' retrieved from /home/airflow/.local/lib/python3.12/site-packages/airflow/example_dags/example_complex.py
[2025-08-17T01:04:05.268+0000] {logging_mixin.py:188} INFO - [2025-08-17T01:04:05.267+0000] {dag.py:3089} INFO - Sync 1 DAGs
[2025-08-17T01:04:05.285+0000] {logging_mixin.py:188} INFO - [2025-08-17T01:04:05.285+0000] {dag.py:3947} INFO - Setting next_dagrun for example_complex to None, run_after=None
[2025-08-17T01:04:05.316+0000] {processor.py:183} INFO - Processing /home/airflow/.local/lib/python3.12/site-packages/airflow/example_dags/example_complex.py took 0.101 seconds
[2025-08-17T01:04:35.414+0000] {processor.py:161} INFO - Started process (PID=416) to work on /home/airflow/.local/lib/python3.12/site-packages/airflow/example_dags/example_complex.py
[2025-08-17T01:04:35.415+0000] {processor.py:830} INFO - Processing file /home/airflow/.local/lib/python3.12/site-packages/airflow/example_dags/example_complex.py for tasks to queue
[2025-08-17T01:04:35.418+0000] {logging_mixin.py:188} INFO - [2025-08-17T01:04:35.417+0000] {dagbag.py:545} INFO - Filling up the DagBag from /home/airflow/.local/lib/python3.12/site-packages/airflow/example_dags/example_complex.py
[2025-08-17T01:04:35.426+0000] {processor.py:840} INFO - DAG(s) 'example_complex' retrieved from /home/airflow/.local/lib/python3.12/site-packages/airflow/example_dags/example_complex.py
[2025-08-17T01:04:35.456+0000] {logging_mixin.py:188} INFO - [2025-08-17T01:04:35.456+0000] {dag.py:3089} INFO - Sync 1 DAGs
[2025-08-17T01:04:35.468+0000] {logging_mixin.py:188} INFO - [2025-08-17T01:04:35.468+0000] {dag.py:3947} INFO - Setting next_dagrun for example_complex to None, run_after=None
[2025-08-17T01:04:35.491+0000] {processor.py:183} INFO - Processing /home/airflow/.local/lib/python3.12/site-packages/airflow/example_dags/example_complex.py took 0.082 seconds
[2025-08-17T01:05:05.890+0000] {processor.py:161} INFO - Started process (PID=475) to work on /home/airflow/.local/lib/python3.12/site-packages/airflow/example_dags/example_complex.py
[2025-08-17T01:05:05.891+0000] {processor.py:830} INFO - Processing file /home/airflow/.local/lib/python3.12/site-packages/airflow/example_dags/example_complex.py for tasks to queue
[2025-08-17T01:05:05.894+0000] {logging_mixin.py:188} INFO - [2025-08-17T01:05:05.893+0000] {dagbag.py:545} INFO - Filling up the DagBag from /home/airflow/.local/lib/python3.12/site-packages/airflow/example_dags/example_complex.py
[2025-08-17T01:05:05.903+0000] {processor.py:840} INFO - DAG(s) 'example_complex' retrieved from /home/airflow/.local/lib/python3.12/site-packages/airflow/example_dags/example_complex.py
[2025-08-17T01:05:05.935+0000] {logging_mixin.py:188} INFO - [2025-08-17T01:05:05.935+0000] {dag.py:3089} INFO - Sync 1 DAGs
[2025-08-17T01:05:05.947+0000] {logging_mixin.py:188} INFO - [2025-08-17T01:05:05.947+0000] {dag.py:3947} INFO - Setting next_dagrun for example_complex to None, run_after=None
[2025-08-17T01:05:05.966+0000] {processor.py:183} INFO - Processing /home/airflow/.local/lib/python3.12/site-packages/airflow/example_dags/example_complex.py took 0.082 seconds
[2025-08-17T01:05:36.098+0000] {processor.py:161} INFO - Started process (PID=534) to work on /home/airflow/.local/lib/python3.12/site-packages/airflow/example_dags/example_complex.py
[2025-08-17T01:05:36.099+0000] {processor.py:830} INFO - Processing file /home/airflow/.local/lib/python3.12/site-packages/airflow/example_dags/example_complex.py for tasks to queue
[2025-08-17T01:05:36.102+0000] {logging_mixin.py:188} INFO - [2025-08-17T01:05:36.101+0000] {dagbag.py:545} INFO - Filling up the DagBag from /home/airflow/.local/lib/python3.12/site-packages/airflow/example_dags/example_complex.py
[2025-08-17T01:05:36.111+0000] {processor.py:840} INFO - DAG(s) 'example_complex' retrieved from /home/airflow/.local/lib/python3.12/site-packages/airflow/example_dags/example_complex.py
[2025-08-17T01:05:36.141+0000] {logging_mixin.py:188} INFO - [2025-08-17T01:05:36.141+0000] {dag.py:3089} INFO - Sync 1 DAGs
[2025-08-17T01:05:36.155+0000] {logging_mixin.py:188} INFO - [2025-08-17T01:05:36.155+0000] {dag.py:3947} INFO - Setting next_dagrun for example_complex to None, run_after=None
[2025-08-17T01:05:36.175+0000] {processor.py:183} INFO - Processing /home/airflow/.local/lib/python3.12/site-packages/airflow/example_dags/example_complex.py took 0.083 seconds
[2025-08-17T01:06:06.430+0000] {processor.py:161} INFO - Started process (PID=593) to work on /home/airflow/.local/lib/python3.12/site-packages/airflow/example_dags/example_complex.py
[2025-08-17T01:06:06.431+0000] {processor.py:830} INFO - Processing file /home/airflow/.local/lib/python3.12/site-packages/airflow/example_dags/example_complex.py for tasks to queue
[2025-08-17T01:06:06.434+0000] {logging_mixin.py:188} INFO - [2025-08-17T01:06:06.434+0000] {dagbag.py:545} INFO - Filling up the DagBag from /home/airflow/.local/lib/python3.12/site-packages/airflow/example_dags/example_complex.py
[2025-08-17T01:06:06.444+0000] {processor.py:840} INFO - DAG(s) 'example_complex' retrieved from /home/airflow/.local/lib/python3.12/site-packages/airflow/example_dags/example_complex.py
[2025-08-17T01:06:06.479+0000] {logging_mixin.py:188} INFO - [2025-08-17T01:06:06.479+0000] {dag.py:3089} INFO - Sync 1 DAGs
[2025-08-17T01:06:06.494+0000] {logging_mixin.py:188} INFO - [2025-08-17T01:06:06.493+0000] {dag.py:3947} INFO - Setting next_dagrun for example_complex to None, run_after=None
[2025-08-17T01:06:06.517+0000] {processor.py:183} INFO - Processing /home/airflow/.local/lib/python3.12/site-packages/airflow/example_dags/example_complex.py took 0.094 seconds
[2025-08-17T01:06:36.568+0000] {processor.py:161} INFO - Started process (PID=652) to work on /home/airflow/.local/lib/python3.12/site-packages/airflow/example_dags/example_complex.py
[2025-08-17T01:06:36.569+0000] {processor.py:830} INFO - Processing file /home/airflow/.local/lib/python3.12/site-packages/airflow/example_dags/example_complex.py for tasks to queue
[2025-08-17T01:06:36.571+0000] {logging_mixin.py:188} INFO - [2025-08-17T01:06:36.571+0000] {dagbag.py:545} INFO - Filling up the DagBag from /home/airflow/.local/lib/python3.12/site-packages/airflow/example_dags/example_complex.py
[2025-08-17T01:06:36.581+0000] {processor.py:840} INFO - DAG(s) 'example_complex' retrieved from /home/airflow/.local/lib/python3.12/site-packages/airflow/example_dags/example_complex.py
[2025-08-17T01:06:36.615+0000] {logging_mixin.py:188} INFO - [2025-08-17T01:06:36.614+0000] {dag.py:3089} INFO - Sync 1 DAGs
[2025-08-17T01:06:36.629+0000] {logging_mixin.py:188} INFO - [2025-08-17T01:06:36.629+0000] {dag.py:3947} INFO - Setting next_dagrun for example_complex to None, run_after=None
[2025-08-17T01:06:36.649+0000] {processor.py:183} INFO - Processing /home/airflow/.local/lib/python3.12/site-packages/airflow/example_dags/example_complex.py took 0.088 seconds
[2025-08-17T01:07:06.809+0000] {processor.py:161} INFO - Started process (PID=711) to work on /home/airflow/.local/lib/python3.12/site-packages/airflow/example_dags/example_complex.py
[2025-08-17T01:07:06.811+0000] {processor.py:830} INFO - Processing file /home/airflow/.local/lib/python3.12/site-packages/airflow/example_dags/example_complex.py for tasks to queue
[2025-08-17T01:07:06.813+0000] {logging_mixin.py:188} INFO - [2025-08-17T01:07:06.813+0000] {dagbag.py:545} INFO - Filling up the DagBag from /home/airflow/.local/lib/python3.12/site-packages/airflow/example_dags/example_complex.py
[2025-08-17T01:07:06.826+0000] {processor.py:840} INFO - DAG(s) 'example_complex' retrieved from /home/airflow/.local/lib/python3.12/site-packages/airflow/example_dags/example_complex.py
[2025-08-17T01:07:06.865+0000] {logging_mixin.py:188} INFO - [2025-08-17T01:07:06.864+0000] {dag.py:3089} INFO - Sync 1 DAGs
[2025-08-17T01:07:06.881+0000] {logging_mixin.py:188} INFO - [2025-08-17T01:07:06.880+0000] {dag.py:3947} INFO - Setting next_dagrun for example_complex to None, run_after=None
[2025-08-17T01:07:06.904+0000] {processor.py:183} INFO - Processing /home/airflow/.local/lib/python3.12/site-packages/airflow/example_dags/example_complex.py took 0.103 seconds
[2025-08-17T01:07:36.959+0000] {processor.py:161} INFO - Started process (PID=770) to work on /home/airflow/.local/lib/python3.12/site-packages/airflow/example_dags/example_complex.py
[2025-08-17T01:07:36.960+0000] {processor.py:830} INFO - Processing file /home/airflow/.local/lib/python3.12/site-packages/airflow/example_dags/example_complex.py for tasks to queue
[2025-08-17T01:07:36.963+0000] {logging_mixin.py:188} INFO - [2025-08-17T01:07:36.963+0000] {dagbag.py:545} INFO - Filling up the DagBag from /home/airflow/.local/lib/python3.12/site-packages/airflow/example_dags/example_complex.py
[2025-08-17T01:07:36.973+0000] {processor.py:840} INFO - DAG(s) 'example_complex' retrieved from /home/airflow/.local/lib/python3.12/site-packages/airflow/example_dags/example_complex.py
[2025-08-17T01:07:37.027+0000] {logging_mixin.py:188} INFO - [2025-08-17T01:07:37.026+0000] {dag.py:3089} INFO - Sync 1 DAGs
[2025-08-17T01:07:37.047+0000] {logging_mixin.py:188} INFO - [2025-08-17T01:07:37.047+0000] {dag.py:3947} INFO - Setting next_dagrun for example_complex to None, run_after=None
[2025-08-17T01:07:37.077+0000] {processor.py:183} INFO - Processing /home/airflow/.local/lib/python3.12/site-packages/airflow/example_dags/example_complex.py took 0.126 seconds
[2025-08-17T01:08:07.139+0000] {processor.py:161} INFO - Started process (PID=830) to work on /home/airflow/.local/lib/python3.12/site-packages/airflow/example_dags/example_complex.py
[2025-08-17T01:08:07.141+0000] {processor.py:830} INFO - Processing file /home/airflow/.local/lib/python3.12/site-packages/airflow/example_dags/example_complex.py for tasks to queue
[2025-08-17T01:08:07.143+0000] {logging_mixin.py:188} INFO - [2025-08-17T01:08:07.142+0000] {dagbag.py:545} INFO - Filling up the DagBag from /home/airflow/.local/lib/python3.12/site-packages/airflow/example_dags/example_complex.py
[2025-08-17T01:08:07.152+0000] {processor.py:840} INFO - DAG(s) 'example_complex' retrieved from /home/airflow/.local/lib/python3.12/site-packages/airflow/example_dags/example_complex.py
[2025-08-17T01:08:07.180+0000] {logging_mixin.py:188} INFO - [2025-08-17T01:08:07.180+0000] {dag.py:3089} INFO - Sync 1 DAGs
[2025-08-17T01:08:07.191+0000] {logging_mixin.py:188} INFO - [2025-08-17T01:08:07.191+0000] {dag.py:3947} INFO - Setting next_dagrun for example_complex to None, run_after=None
[2025-08-17T01:08:07.209+0000] {processor.py:183} INFO - Processing /home/airflow/.local/lib/python3.12/site-packages/airflow/example_dags/example_complex.py took 0.076 seconds
[2025-08-17T01:08:37.521+0000] {processor.py:161} INFO - Started process (PID=889) to work on /home/airflow/.local/lib/python3.12/site-packages/airflow/example_dags/example_complex.py
[2025-08-17T01:08:37.522+0000] {processor.py:830} INFO - Processing file /home/airflow/.local/lib/python3.12/site-packages/airflow/example_dags/example_complex.py for tasks to queue
[2025-08-17T01:08:37.524+0000] {logging_mixin.py:188} INFO - [2025-08-17T01:08:37.524+0000] {dagbag.py:545} INFO - Filling up the DagBag from /home/airflow/.local/lib/python3.12/site-packages/airflow/example_dags/example_complex.py
[2025-08-17T01:08:37.533+0000] {processor.py:840} INFO - DAG(s) 'example_complex' retrieved from /home/airflow/.local/lib/python3.12/site-packages/airflow/example_dags/example_complex.py
[2025-08-17T01:08:37.563+0000] {logging_mixin.py:188} INFO - [2025-08-17T01:08:37.563+0000] {dag.py:3089} INFO - Sync 1 DAGs
[2025-08-17T01:08:37.575+0000] {logging_mixin.py:188} INFO - [2025-08-17T01:08:37.575+0000] {dag.py:3947} INFO - Setting next_dagrun for example_complex to None, run_after=None
[2025-08-17T01:08:37.594+0000] {processor.py:183} INFO - Processing /home/airflow/.local/lib/python3.12/site-packages/airflow/example_dags/example_complex.py took 0.077 seconds
[2025-08-17T01:09:07.777+0000] {processor.py:161} INFO - Started process (PID=948) to work on /home/airflow/.local/lib/python3.12/site-packages/airflow/example_dags/example_complex.py
[2025-08-17T01:09:07.778+0000] {processor.py:830} INFO - Processing file /home/airflow/.local/lib/python3.12/site-packages/airflow/example_dags/example_complex.py for tasks to queue
[2025-08-17T01:09:07.780+0000] {logging_mixin.py:188} INFO - [2025-08-17T01:09:07.780+0000] {dagbag.py:545} INFO - Filling up the DagBag from /home/airflow/.local/lib/python3.12/site-packages/airflow/example_dags/example_complex.py
[2025-08-17T01:09:07.790+0000] {processor.py:840} INFO - DAG(s) 'example_complex' retrieved from /home/airflow/.local/lib/python3.12/site-packages/airflow/example_dags/example_complex.py
[2025-08-17T01:09:07.822+0000] {logging_mixin.py:188} INFO - [2025-08-17T01:09:07.821+0000] {dag.py:3089} INFO - Sync 1 DAGs
[2025-08-17T01:09:07.834+0000] {logging_mixin.py:188} INFO - [2025-08-17T01:09:07.834+0000] {dag.py:3947} INFO - Setting next_dagrun for example_complex to None, run_after=None
[2025-08-17T01:09:07.855+0000] {processor.py:183} INFO - Processing /home/airflow/.local/lib/python3.12/site-packages/airflow/example_dags/example_complex.py took 0.084 seconds
[2025-08-17T01:09:38.102+0000] {processor.py:161} INFO - Started process (PID=1007) to work on /home/airflow/.local/lib/python3.12/site-packages/airflow/example_dags/example_complex.py
[2025-08-17T01:09:38.104+0000] {processor.py:830} INFO - Processing file /home/airflow/.local/lib/python3.12/site-packages/airflow/example_dags/example_complex.py for tasks to queue
[2025-08-17T01:09:38.106+0000] {logging_mixin.py:188} INFO - [2025-08-17T01:09:38.106+0000] {dagbag.py:545} INFO - Filling up the DagBag from /home/airflow/.local/lib/python3.12/site-packages/airflow/example_dags/example_complex.py
[2025-08-17T01:09:38.115+0000] {processor.py:840} INFO - DAG(s) 'example_complex' retrieved from /home/airflow/.local/lib/python3.12/site-packages/airflow/example_dags/example_complex.py
[2025-08-17T01:09:38.142+0000] {logging_mixin.py:188} INFO - [2025-08-17T01:09:38.142+0000] {dag.py:3089} INFO - Sync 1 DAGs
[2025-08-17T01:09:38.153+0000] {logging_mixin.py:188} INFO - [2025-08-17T01:09:38.153+0000] {dag.py:3947} INFO - Setting next_dagrun for example_complex to None, run_after=None
[2025-08-17T01:09:38.169+0000] {processor.py:183} INFO - Processing /home/airflow/.local/lib/python3.12/site-packages/airflow/example_dags/example_complex.py took 0.072 seconds
[2025-08-17T01:10:08.338+0000] {processor.py:161} INFO - Started process (PID=1066) to work on /home/airflow/.local/lib/python3.12/site-packages/airflow/example_dags/example_complex.py
[2025-08-17T01:10:08.339+0000] {processor.py:830} INFO - Processing file /home/airflow/.local/lib/python3.12/site-packages/airflow/example_dags/example_complex.py for tasks to queue
[2025-08-17T01:10:08.342+0000] {logging_mixin.py:188} INFO - [2025-08-17T01:10:08.341+0000] {dagbag.py:545} INFO - Filling up the DagBag from /home/airflow/.local/lib/python3.12/site-packages/airflow/example_dags/example_complex.py
[2025-08-17T01:10:08.352+0000] {processor.py:840} INFO - DAG(s) 'example_complex' retrieved from /home/airflow/.local/lib/python3.12/site-packages/airflow/example_dags/example_complex.py
[2025-08-17T01:10:08.385+0000] {logging_mixin.py:188} INFO - [2025-08-17T01:10:08.384+0000] {dag.py:3089} INFO - Sync 1 DAGs
[2025-08-17T01:10:08.397+0000] {logging_mixin.py:188} INFO - [2025-08-17T01:10:08.397+0000] {dag.py:3947} INFO - Setting next_dagrun for example_complex to None, run_after=None
[2025-08-17T01:10:08.417+0000] {processor.py:183} INFO - Processing /home/airflow/.local/lib/python3.12/site-packages/airflow/example_dags/example_complex.py took 0.087 seconds
[2025-08-17T01:10:38.878+0000] {processor.py:161} INFO - Started process (PID=1126) to work on /home/airflow/.local/lib/python3.12/site-packages/airflow/example_dags/example_complex.py
[2025-08-17T01:10:38.880+0000] {processor.py:830} INFO - Processing file /home/airflow/.local/lib/python3.12/site-packages/airflow/example_dags/example_complex.py for tasks to queue
[2025-08-17T01:10:38.882+0000] {logging_mixin.py:188} INFO - [2025-08-17T01:10:38.881+0000] {dagbag.py:545} INFO - Filling up the DagBag from /home/airflow/.local/lib/python3.12/site-packages/airflow/example_dags/example_complex.py
[2025-08-17T01:10:38.891+0000] {processor.py:840} INFO - DAG(s) 'example_complex' retrieved from /home/airflow/.local/lib/python3.12/site-packages/airflow/example_dags/example_complex.py
[2025-08-17T01:10:38.921+0000] {logging_mixin.py:188} INFO - [2025-08-17T01:10:38.921+0000] {dag.py:3089} INFO - Sync 1 DAGs
[2025-08-17T01:10:38.931+0000] {logging_mixin.py:188} INFO - [2025-08-17T01:10:38.931+0000] {dag.py:3947} INFO - Setting next_dagrun for example_complex to None, run_after=None
[2025-08-17T01:10:38.950+0000] {processor.py:183} INFO - Processing /home/airflow/.local/lib/python3.12/site-packages/airflow/example_dags/example_complex.py took 0.076 seconds
[2025-08-17T01:11:09.293+0000] {processor.py:161} INFO - Started process (PID=1185) to work on /home/airflow/.local/lib/python3.12/site-packages/airflow/example_dags/example_complex.py
[2025-08-17T01:11:09.294+0000] {processor.py:830} INFO - Processing file /home/airflow/.local/lib/python3.12/site-packages/airflow/example_dags/example_complex.py for tasks to queue
[2025-08-17T01:11:09.297+0000] {logging_mixin.py:188} INFO - [2025-08-17T01:11:09.297+0000] {dagbag.py:545} INFO - Filling up the DagBag from /home/airflow/.local/lib/python3.12/site-packages/airflow/example_dags/example_complex.py
[2025-08-17T01:11:09.306+0000] {processor.py:840} INFO - DAG(s) 'example_complex' retrieved from /home/airflow/.local/lib/python3.12/site-packages/airflow/example_dags/example_complex.py
[2025-08-17T01:11:09.342+0000] {logging_mixin.py:188} INFO - [2025-08-17T01:11:09.342+0000] {dag.py:3089} INFO - Sync 1 DAGs
[2025-08-17T01:11:09.362+0000] {logging_mixin.py:188} INFO - [2025-08-17T01:11:09.362+0000] {dag.py:3947} INFO - Setting next_dagrun for example_complex to None, run_after=None
[2025-08-17T01:11:09.383+0000] {processor.py:183} INFO - Processing /home/airflow/.local/lib/python3.12/site-packages/airflow/example_dags/example_complex.py took 0.097 seconds
[2025-08-17T01:11:39.792+0000] {processor.py:161} INFO - Started process (PID=1250) to work on /home/airflow/.local/lib/python3.12/site-packages/airflow/example_dags/example_complex.py
[2025-08-17T01:11:39.794+0000] {processor.py:830} INFO - Processing file /home/airflow/.local/lib/python3.12/site-packages/airflow/example_dags/example_complex.py for tasks to queue
[2025-08-17T01:11:39.796+0000] {logging_mixin.py:188} INFO - [2025-08-17T01:11:39.796+0000] {dagbag.py:545} INFO - Filling up the DagBag from /home/airflow/.local/lib/python3.12/site-packages/airflow/example_dags/example_complex.py
[2025-08-17T01:11:39.807+0000] {processor.py:840} INFO - DAG(s) 'example_complex' retrieved from /home/airflow/.local/lib/python3.12/site-packages/airflow/example_dags/example_complex.py
[2025-08-17T01:11:39.844+0000] {logging_mixin.py:188} INFO - [2025-08-17T01:11:39.844+0000] {dag.py:3089} INFO - Sync 1 DAGs
[2025-08-17T01:11:39.857+0000] {logging_mixin.py:188} INFO - [2025-08-17T01:11:39.857+0000] {dag.py:3947} INFO - Setting next_dagrun for example_complex to None, run_after=None
[2025-08-17T01:11:39.876+0000] {processor.py:183} INFO - Processing /home/airflow/.local/lib/python3.12/site-packages/airflow/example_dags/example_complex.py took 0.091 seconds
[2025-08-17T01:12:10.057+0000] {processor.py:161} INFO - Started process (PID=1309) to work on /home/airflow/.local/lib/python3.12/site-packages/airflow/example_dags/example_complex.py
[2025-08-17T01:12:10.058+0000] {processor.py:830} INFO - Processing file /home/airflow/.local/lib/python3.12/site-packages/airflow/example_dags/example_complex.py for tasks to queue
[2025-08-17T01:12:10.061+0000] {logging_mixin.py:188} INFO - [2025-08-17T01:12:10.061+0000] {dagbag.py:545} INFO - Filling up the DagBag from /home/airflow/.local/lib/python3.12/site-packages/airflow/example_dags/example_complex.py
[2025-08-17T01:12:10.071+0000] {processor.py:840} INFO - DAG(s) 'example_complex' retrieved from /home/airflow/.local/lib/python3.12/site-packages/airflow/example_dags/example_complex.py
[2025-08-17T01:12:10.103+0000] {logging_mixin.py:188} INFO - [2025-08-17T01:12:10.102+0000] {dag.py:3089} INFO - Sync 1 DAGs
[2025-08-17T01:12:10.115+0000] {logging_mixin.py:188} INFO - [2025-08-17T01:12:10.114+0000] {dag.py:3947} INFO - Setting next_dagrun for example_complex to None, run_after=None
[2025-08-17T01:12:10.135+0000] {processor.py:183} INFO - Processing /home/airflow/.local/lib/python3.12/site-packages/airflow/example_dags/example_complex.py took 0.084 seconds
[2025-08-17T01:12:40.737+0000] {processor.py:161} INFO - Started process (PID=1368) to work on /home/airflow/.local/lib/python3.12/site-packages/airflow/example_dags/example_complex.py
[2025-08-17T01:12:40.738+0000] {processor.py:830} INFO - Processing file /home/airflow/.local/lib/python3.12/site-packages/airflow/example_dags/example_complex.py for tasks to queue
[2025-08-17T01:12:40.740+0000] {logging_mixin.py:188} INFO - [2025-08-17T01:12:40.740+0000] {dagbag.py:545} INFO - Filling up the DagBag from /home/airflow/.local/lib/python3.12/site-packages/airflow/example_dags/example_complex.py
[2025-08-17T01:12:40.750+0000] {processor.py:840} INFO - DAG(s) 'example_complex' retrieved from /home/airflow/.local/lib/python3.12/site-packages/airflow/example_dags/example_complex.py
[2025-08-17T01:12:40.786+0000] {logging_mixin.py:188} INFO - [2025-08-17T01:12:40.786+0000] {dag.py:3089} INFO - Sync 1 DAGs
[2025-08-17T01:12:40.801+0000] {logging_mixin.py:188} INFO - [2025-08-17T01:12:40.801+0000] {dag.py:3947} INFO - Setting next_dagrun for example_complex to None, run_after=None
[2025-08-17T01:12:40.826+0000] {processor.py:183} INFO - Processing /home/airflow/.local/lib/python3.12/site-packages/airflow/example_dags/example_complex.py took 0.095 seconds
[2025-08-17T01:13:11.243+0000] {processor.py:161} INFO - Started process (PID=1428) to work on /home/airflow/.local/lib/python3.12/site-packages/airflow/example_dags/example_complex.py
[2025-08-17T01:13:11.244+0000] {processor.py:830} INFO - Processing file /home/airflow/.local/lib/python3.12/site-packages/airflow/example_dags/example_complex.py for tasks to queue
[2025-08-17T01:13:11.247+0000] {logging_mixin.py:188} INFO - [2025-08-17T01:13:11.246+0000] {dagbag.py:545} INFO - Filling up the DagBag from /home/airflow/.local/lib/python3.12/site-packages/airflow/example_dags/example_complex.py
[2025-08-17T01:13:11.257+0000] {processor.py:840} INFO - DAG(s) 'example_complex' retrieved from /home/airflow/.local/lib/python3.12/site-packages/airflow/example_dags/example_complex.py
[2025-08-17T01:13:11.290+0000] {logging_mixin.py:188} INFO - [2025-08-17T01:13:11.290+0000] {dag.py:3089} INFO - Sync 1 DAGs
[2025-08-17T01:13:11.303+0000] {logging_mixin.py:188} INFO - [2025-08-17T01:13:11.303+0000] {dag.py:3947} INFO - Setting next_dagrun for example_complex to None, run_after=None
[2025-08-17T01:13:11.321+0000] {processor.py:183} INFO - Processing /home/airflow/.local/lib/python3.12/site-packages/airflow/example_dags/example_complex.py took 0.084 seconds
[2025-08-17T01:13:41.563+0000] {processor.py:161} INFO - Started process (PID=1487) to work on /home/airflow/.local/lib/python3.12/site-packages/airflow/example_dags/example_complex.py
[2025-08-17T01:13:41.565+0000] {processor.py:830} INFO - Processing file /home/airflow/.local/lib/python3.12/site-packages/airflow/example_dags/example_complex.py for tasks to queue
[2025-08-17T01:13:41.567+0000] {logging_mixin.py:188} INFO - [2025-08-17T01:13:41.567+0000] {dagbag.py:545} INFO - Filling up the DagBag from /home/airflow/.local/lib/python3.12/site-packages/airflow/example_dags/example_complex.py
[2025-08-17T01:13:41.577+0000] {processor.py:840} INFO - DAG(s) 'example_complex' retrieved from /home/airflow/.local/lib/python3.12/site-packages/airflow/example_dags/example_complex.py
[2025-08-17T01:13:41.608+0000] {logging_mixin.py:188} INFO - [2025-08-17T01:13:41.608+0000] {dag.py:3089} INFO - Sync 1 DAGs
[2025-08-17T01:13:41.621+0000] {logging_mixin.py:188} INFO - [2025-08-17T01:13:41.620+0000] {dag.py:3947} INFO - Setting next_dagrun for example_complex to None, run_after=None
[2025-08-17T01:13:41.642+0000] {processor.py:183} INFO - Processing /home/airflow/.local/lib/python3.12/site-packages/airflow/example_dags/example_complex.py took 0.085 seconds
[2025-08-17T01:14:12.172+0000] {processor.py:161} INFO - Started process (PID=1546) to work on /home/airflow/.local/lib/python3.12/site-packages/airflow/example_dags/example_complex.py
[2025-08-17T01:14:12.173+0000] {processor.py:830} INFO - Processing file /home/airflow/.local/lib/python3.12/site-packages/airflow/example_dags/example_complex.py for tasks to queue
[2025-08-17T01:14:12.176+0000] {logging_mixin.py:188} INFO - [2025-08-17T01:14:12.175+0000] {dagbag.py:545} INFO - Filling up the DagBag from /home/airflow/.local/lib/python3.12/site-packages/airflow/example_dags/example_complex.py
[2025-08-17T01:14:12.184+0000] {processor.py:840} INFO - DAG(s) 'example_complex' retrieved from /home/airflow/.local/lib/python3.12/site-packages/airflow/example_dags/example_complex.py
[2025-08-17T01:14:12.214+0000] {logging_mixin.py:188} INFO - [2025-08-17T01:14:12.214+0000] {dag.py:3089} INFO - Sync 1 DAGs
[2025-08-17T01:14:12.227+0000] {logging_mixin.py:188} INFO - [2025-08-17T01:14:12.227+0000] {dag.py:3947} INFO - Setting next_dagrun for example_complex to None, run_after=None
[2025-08-17T01:14:12.245+0000] {processor.py:183} INFO - Processing /home/airflow/.local/lib/python3.12/site-packages/airflow/example_dags/example_complex.py took 0.080 seconds
[2025-08-17T01:14:42.886+0000] {processor.py:161} INFO - Started process (PID=1605) to work on /home/airflow/.local/lib/python3.12/site-packages/airflow/example_dags/example_complex.py
[2025-08-17T01:14:42.887+0000] {processor.py:830} INFO - Processing file /home/airflow/.local/lib/python3.12/site-packages/airflow/example_dags/example_complex.py for tasks to queue
[2025-08-17T01:14:42.890+0000] {logging_mixin.py:188} INFO - [2025-08-17T01:14:42.889+0000] {dagbag.py:545} INFO - Filling up the DagBag from /home/airflow/.local/lib/python3.12/site-packages/airflow/example_dags/example_complex.py
[2025-08-17T01:14:42.899+0000] {processor.py:840} INFO - DAG(s) 'example_complex' retrieved from /home/airflow/.local/lib/python3.12/site-packages/airflow/example_dags/example_complex.py
[2025-08-17T01:14:42.930+0000] {logging_mixin.py:188} INFO - [2025-08-17T01:14:42.930+0000] {dag.py:3089} INFO - Sync 1 DAGs
[2025-08-17T01:14:42.943+0000] {logging_mixin.py:188} INFO - [2025-08-17T01:14:42.942+0000] {dag.py:3947} INFO - Setting next_dagrun for example_complex to None, run_after=None
[2025-08-17T01:14:42.961+0000] {processor.py:183} INFO - Processing /home/airflow/.local/lib/python3.12/site-packages/airflow/example_dags/example_complex.py took 0.081 seconds
[2025-08-17T01:15:13.273+0000] {processor.py:161} INFO - Started process (PID=1664) to work on /home/airflow/.local/lib/python3.12/site-packages/airflow/example_dags/example_complex.py
[2025-08-17T01:15:13.275+0000] {processor.py:830} INFO - Processing file /home/airflow/.local/lib/python3.12/site-packages/airflow/example_dags/example_complex.py for tasks to queue
[2025-08-17T01:15:13.279+0000] {logging_mixin.py:188} INFO - [2025-08-17T01:15:13.278+0000] {dagbag.py:545} INFO - Filling up the DagBag from /home/airflow/.local/lib/python3.12/site-packages/airflow/example_dags/example_complex.py
[2025-08-17T01:15:13.293+0000] {processor.py:840} INFO - DAG(s) 'example_complex' retrieved from /home/airflow/.local/lib/python3.12/site-packages/airflow/example_dags/example_complex.py
[2025-08-17T01:15:13.338+0000] {logging_mixin.py:188} INFO - [2025-08-17T01:15:13.338+0000] {dag.py:3089} INFO - Sync 1 DAGs
[2025-08-17T01:15:13.358+0000] {logging_mixin.py:188} INFO - [2025-08-17T01:15:13.358+0000] {dag.py:3947} INFO - Setting next_dagrun for example_complex to None, run_after=None
[2025-08-17T01:15:13.577+0000] {processor.py:183} INFO - Processing /home/airflow/.local/lib/python3.12/site-packages/airflow/example_dags/example_complex.py took 0.311 seconds
[2025-08-17T01:15:44.361+0000] {processor.py:161} INFO - Started process (PID=1723) to work on /home/airflow/.local/lib/python3.12/site-packages/airflow/example_dags/example_complex.py
[2025-08-17T01:15:44.362+0000] {processor.py:830} INFO - Processing file /home/airflow/.local/lib/python3.12/site-packages/airflow/example_dags/example_complex.py for tasks to queue
[2025-08-17T01:15:44.364+0000] {logging_mixin.py:188} INFO - [2025-08-17T01:15:44.363+0000] {dagbag.py:545} INFO - Filling up the DagBag from /home/airflow/.local/lib/python3.12/site-packages/airflow/example_dags/example_complex.py
[2025-08-17T01:15:44.373+0000] {processor.py:840} INFO - DAG(s) 'example_complex' retrieved from /home/airflow/.local/lib/python3.12/site-packages/airflow/example_dags/example_complex.py
[2025-08-17T01:15:44.419+0000] {logging_mixin.py:188} INFO - [2025-08-17T01:15:44.418+0000] {dag.py:3089} INFO - Sync 1 DAGs
[2025-08-17T01:15:44.438+0000] {logging_mixin.py:188} INFO - [2025-08-17T01:15:44.437+0000] {dag.py:3947} INFO - Setting next_dagrun for example_complex to None, run_after=None
[2025-08-17T01:15:44.471+0000] {processor.py:183} INFO - Processing /home/airflow/.local/lib/python3.12/site-packages/airflow/example_dags/example_complex.py took 0.116 seconds
[2025-08-17T01:16:14.574+0000] {processor.py:161} INFO - Started process (PID=1781) to work on /home/airflow/.local/lib/python3.12/site-packages/airflow/example_dags/example_complex.py
[2025-08-17T01:16:14.575+0000] {processor.py:830} INFO - Processing file /home/airflow/.local/lib/python3.12/site-packages/airflow/example_dags/example_complex.py for tasks to queue
[2025-08-17T01:16:14.577+0000] {logging_mixin.py:188} INFO - [2025-08-17T01:16:14.577+0000] {dagbag.py:545} INFO - Filling up the DagBag from /home/airflow/.local/lib/python3.12/site-packages/airflow/example_dags/example_complex.py
[2025-08-17T01:16:14.587+0000] {processor.py:840} INFO - DAG(s) 'example_complex' retrieved from /home/airflow/.local/lib/python3.12/site-packages/airflow/example_dags/example_complex.py
[2025-08-17T01:16:14.619+0000] {logging_mixin.py:188} INFO - [2025-08-17T01:16:14.619+0000] {dag.py:3089} INFO - Sync 1 DAGs
[2025-08-17T01:16:14.633+0000] {logging_mixin.py:188} INFO - [2025-08-17T01:16:14.632+0000] {dag.py:3947} INFO - Setting next_dagrun for example_complex to None, run_after=None
[2025-08-17T01:16:14.655+0000] {processor.py:183} INFO - Processing /home/airflow/.local/lib/python3.12/site-packages/airflow/example_dags/example_complex.py took 0.088 seconds
[2025-08-17T01:17:36.496+0000] {processor.py:161} INFO - Started process (PID=68) to work on /home/airflow/.local/lib/python3.12/site-packages/airflow/example_dags/example_complex.py
[2025-08-17T01:17:36.498+0000] {processor.py:830} INFO - Processing file /home/airflow/.local/lib/python3.12/site-packages/airflow/example_dags/example_complex.py for tasks to queue
[2025-08-17T01:17:36.501+0000] {logging_mixin.py:188} INFO - [2025-08-17T01:17:36.500+0000] {dagbag.py:545} INFO - Filling up the DagBag from /home/airflow/.local/lib/python3.12/site-packages/airflow/example_dags/example_complex.py
[2025-08-17T01:17:36.520+0000] {processor.py:840} INFO - DAG(s) 'example_complex' retrieved from /home/airflow/.local/lib/python3.12/site-packages/airflow/example_dags/example_complex.py
[2025-08-17T01:17:36.545+0000] {logging_mixin.py:188} INFO - [2025-08-17T01:17:36.545+0000] {dag.py:3089} INFO - Sync 1 DAGs
[2025-08-17T01:17:36.570+0000] {logging_mixin.py:188} INFO - [2025-08-17T01:17:36.570+0000] {dag.py:3947} INFO - Setting next_dagrun for example_complex to None, run_after=None
[2025-08-17T01:17:36.623+0000] {processor.py:183} INFO - Processing /home/airflow/.local/lib/python3.12/site-packages/airflow/example_dags/example_complex.py took 0.135 seconds
[2025-08-17T01:18:07.067+0000] {processor.py:161} INFO - Started process (PID=127) to work on /home/airflow/.local/lib/python3.12/site-packages/airflow/example_dags/example_complex.py
[2025-08-17T01:18:07.069+0000] {processor.py:830} INFO - Processing file /home/airflow/.local/lib/python3.12/site-packages/airflow/example_dags/example_complex.py for tasks to queue
[2025-08-17T01:18:07.072+0000] {logging_mixin.py:188} INFO - [2025-08-17T01:18:07.072+0000] {dagbag.py:545} INFO - Filling up the DagBag from /home/airflow/.local/lib/python3.12/site-packages/airflow/example_dags/example_complex.py
[2025-08-17T01:18:07.087+0000] {processor.py:840} INFO - DAG(s) 'example_complex' retrieved from /home/airflow/.local/lib/python3.12/site-packages/airflow/example_dags/example_complex.py
[2025-08-17T01:18:07.294+0000] {logging_mixin.py:188} INFO - [2025-08-17T01:18:07.294+0000] {dag.py:3089} INFO - Sync 1 DAGs
[2025-08-17T01:18:07.318+0000] {logging_mixin.py:188} INFO - [2025-08-17T01:18:07.318+0000] {dag.py:3947} INFO - Setting next_dagrun for example_complex to None, run_after=None
[2025-08-17T01:18:07.358+0000] {processor.py:183} INFO - Processing /home/airflow/.local/lib/python3.12/site-packages/airflow/example_dags/example_complex.py took 0.301 seconds
[2025-08-17T01:18:37.458+0000] {processor.py:161} INFO - Started process (PID=186) to work on /home/airflow/.local/lib/python3.12/site-packages/airflow/example_dags/example_complex.py
[2025-08-17T01:18:37.459+0000] {processor.py:830} INFO - Processing file /home/airflow/.local/lib/python3.12/site-packages/airflow/example_dags/example_complex.py for tasks to queue
[2025-08-17T01:18:37.461+0000] {logging_mixin.py:188} INFO - [2025-08-17T01:18:37.461+0000] {dagbag.py:545} INFO - Filling up the DagBag from /home/airflow/.local/lib/python3.12/site-packages/airflow/example_dags/example_complex.py
[2025-08-17T01:18:37.471+0000] {processor.py:840} INFO - DAG(s) 'example_complex' retrieved from /home/airflow/.local/lib/python3.12/site-packages/airflow/example_dags/example_complex.py
[2025-08-17T01:18:37.504+0000] {logging_mixin.py:188} INFO - [2025-08-17T01:18:37.503+0000] {dag.py:3089} INFO - Sync 1 DAGs
[2025-08-17T01:18:37.517+0000] {logging_mixin.py:188} INFO - [2025-08-17T01:18:37.517+0000] {dag.py:3947} INFO - Setting next_dagrun for example_complex to None, run_after=None
[2025-08-17T01:18:37.537+0000] {processor.py:183} INFO - Processing /home/airflow/.local/lib/python3.12/site-packages/airflow/example_dags/example_complex.py took 0.085 seconds
[2025-08-17T01:19:07.682+0000] {processor.py:161} INFO - Started process (PID=245) to work on /home/airflow/.local/lib/python3.12/site-packages/airflow/example_dags/example_complex.py
[2025-08-17T01:19:07.683+0000] {processor.py:830} INFO - Processing file /home/airflow/.local/lib/python3.12/site-packages/airflow/example_dags/example_complex.py for tasks to queue
[2025-08-17T01:19:07.685+0000] {logging_mixin.py:188} INFO - [2025-08-17T01:19:07.685+0000] {dagbag.py:545} INFO - Filling up the DagBag from /home/airflow/.local/lib/python3.12/site-packages/airflow/example_dags/example_complex.py
[2025-08-17T01:19:07.695+0000] {processor.py:840} INFO - DAG(s) 'example_complex' retrieved from /home/airflow/.local/lib/python3.12/site-packages/airflow/example_dags/example_complex.py
[2025-08-17T01:19:07.724+0000] {logging_mixin.py:188} INFO - [2025-08-17T01:19:07.724+0000] {dag.py:3089} INFO - Sync 1 DAGs
[2025-08-17T01:19:07.736+0000] {logging_mixin.py:188} INFO - [2025-08-17T01:19:07.736+0000] {dag.py:3947} INFO - Setting next_dagrun for example_complex to None, run_after=None
[2025-08-17T01:19:07.754+0000] {processor.py:183} INFO - Processing /home/airflow/.local/lib/python3.12/site-packages/airflow/example_dags/example_complex.py took 0.079 seconds
[2025-08-17T01:19:37.919+0000] {processor.py:161} INFO - Started process (PID=304) to work on /home/airflow/.local/lib/python3.12/site-packages/airflow/example_dags/example_complex.py
[2025-08-17T01:19:37.921+0000] {processor.py:830} INFO - Processing file /home/airflow/.local/lib/python3.12/site-packages/airflow/example_dags/example_complex.py for tasks to queue
[2025-08-17T01:19:37.924+0000] {logging_mixin.py:188} INFO - [2025-08-17T01:19:37.923+0000] {dagbag.py:545} INFO - Filling up the DagBag from /home/airflow/.local/lib/python3.12/site-packages/airflow/example_dags/example_complex.py
[2025-08-17T01:19:37.934+0000] {processor.py:840} INFO - DAG(s) 'example_complex' retrieved from /home/airflow/.local/lib/python3.12/site-packages/airflow/example_dags/example_complex.py
[2025-08-17T01:19:37.966+0000] {logging_mixin.py:188} INFO - [2025-08-17T01:19:37.965+0000] {dag.py:3089} INFO - Sync 1 DAGs
[2025-08-17T01:19:37.978+0000] {logging_mixin.py:188} INFO - [2025-08-17T01:19:37.978+0000] {dag.py:3947} INFO - Setting next_dagrun for example_complex to None, run_after=None
[2025-08-17T01:19:37.994+0000] {processor.py:183} INFO - Processing /home/airflow/.local/lib/python3.12/site-packages/airflow/example_dags/example_complex.py took 0.082 seconds
[2025-08-17T01:20:08.075+0000] {processor.py:161} INFO - Started process (PID=363) to work on /home/airflow/.local/lib/python3.12/site-packages/airflow/example_dags/example_complex.py
[2025-08-17T01:20:08.076+0000] {processor.py:830} INFO - Processing file /home/airflow/.local/lib/python3.12/site-packages/airflow/example_dags/example_complex.py for tasks to queue
[2025-08-17T01:20:08.078+0000] {logging_mixin.py:188} INFO - [2025-08-17T01:20:08.078+0000] {dagbag.py:545} INFO - Filling up the DagBag from /home/airflow/.local/lib/python3.12/site-packages/airflow/example_dags/example_complex.py
[2025-08-17T01:20:08.088+0000] {processor.py:840} INFO - DAG(s) 'example_complex' retrieved from /home/airflow/.local/lib/python3.12/site-packages/airflow/example_dags/example_complex.py
[2025-08-17T01:20:08.117+0000] {logging_mixin.py:188} INFO - [2025-08-17T01:20:08.116+0000] {dag.py:3089} INFO - Sync 1 DAGs
[2025-08-17T01:20:08.128+0000] {logging_mixin.py:188} INFO - [2025-08-17T01:20:08.128+0000] {dag.py:3947} INFO - Setting next_dagrun for example_complex to None, run_after=None
[2025-08-17T01:20:08.147+0000] {processor.py:183} INFO - Processing /home/airflow/.local/lib/python3.12/site-packages/airflow/example_dags/example_complex.py took 0.078 seconds
[2025-08-17T01:20:38.380+0000] {processor.py:161} INFO - Started process (PID=423) to work on /home/airflow/.local/lib/python3.12/site-packages/airflow/example_dags/example_complex.py
[2025-08-17T01:20:38.382+0000] {processor.py:830} INFO - Processing file /home/airflow/.local/lib/python3.12/site-packages/airflow/example_dags/example_complex.py for tasks to queue
[2025-08-17T01:20:38.384+0000] {logging_mixin.py:188} INFO - [2025-08-17T01:20:38.384+0000] {dagbag.py:545} INFO - Filling up the DagBag from /home/airflow/.local/lib/python3.12/site-packages/airflow/example_dags/example_complex.py
[2025-08-17T01:20:38.394+0000] {processor.py:840} INFO - DAG(s) 'example_complex' retrieved from /home/airflow/.local/lib/python3.12/site-packages/airflow/example_dags/example_complex.py
[2025-08-17T01:20:38.429+0000] {logging_mixin.py:188} INFO - [2025-08-17T01:20:38.428+0000] {dag.py:3089} INFO - Sync 1 DAGs
[2025-08-17T01:20:38.442+0000] {logging_mixin.py:188} INFO - [2025-08-17T01:20:38.442+0000] {dag.py:3947} INFO - Setting next_dagrun for example_complex to None, run_after=None
[2025-08-17T01:20:38.462+0000] {processor.py:183} INFO - Processing /home/airflow/.local/lib/python3.12/site-packages/airflow/example_dags/example_complex.py took 0.088 seconds
[2025-08-17T01:21:09.000+0000] {processor.py:161} INFO - Started process (PID=483) to work on /home/airflow/.local/lib/python3.12/site-packages/airflow/example_dags/example_complex.py
[2025-08-17T01:21:09.001+0000] {processor.py:830} INFO - Processing file /home/airflow/.local/lib/python3.12/site-packages/airflow/example_dags/example_complex.py for tasks to queue
[2025-08-17T01:21:09.004+0000] {logging_mixin.py:188} INFO - [2025-08-17T01:21:09.004+0000] {dagbag.py:545} INFO - Filling up the DagBag from /home/airflow/.local/lib/python3.12/site-packages/airflow/example_dags/example_complex.py
[2025-08-17T01:21:09.014+0000] {processor.py:840} INFO - DAG(s) 'example_complex' retrieved from /home/airflow/.local/lib/python3.12/site-packages/airflow/example_dags/example_complex.py
[2025-08-17T01:21:09.046+0000] {logging_mixin.py:188} INFO - [2025-08-17T01:21:09.046+0000] {dag.py:3089} INFO - Sync 1 DAGs
[2025-08-17T01:21:09.060+0000] {logging_mixin.py:188} INFO - [2025-08-17T01:21:09.060+0000] {dag.py:3947} INFO - Setting next_dagrun for example_complex to None, run_after=None
[2025-08-17T01:21:09.079+0000] {processor.py:183} INFO - Processing /home/airflow/.local/lib/python3.12/site-packages/airflow/example_dags/example_complex.py took 0.085 seconds
[2025-08-17T01:21:39.296+0000] {processor.py:161} INFO - Started process (PID=542) to work on /home/airflow/.local/lib/python3.12/site-packages/airflow/example_dags/example_complex.py
[2025-08-17T01:21:39.298+0000] {processor.py:830} INFO - Processing file /home/airflow/.local/lib/python3.12/site-packages/airflow/example_dags/example_complex.py for tasks to queue
[2025-08-17T01:21:39.301+0000] {logging_mixin.py:188} INFO - [2025-08-17T01:21:39.300+0000] {dagbag.py:545} INFO - Filling up the DagBag from /home/airflow/.local/lib/python3.12/site-packages/airflow/example_dags/example_complex.py
[2025-08-17T01:21:39.311+0000] {processor.py:840} INFO - DAG(s) 'example_complex' retrieved from /home/airflow/.local/lib/python3.12/site-packages/airflow/example_dags/example_complex.py
[2025-08-17T01:21:39.341+0000] {logging_mixin.py:188} INFO - [2025-08-17T01:21:39.341+0000] {dag.py:3089} INFO - Sync 1 DAGs
[2025-08-17T01:21:39.353+0000] {logging_mixin.py:188} INFO - [2025-08-17T01:21:39.353+0000] {dag.py:3947} INFO - Setting next_dagrun for example_complex to None, run_after=None
[2025-08-17T01:21:39.385+0000] {processor.py:183} INFO - Processing /home/airflow/.local/lib/python3.12/site-packages/airflow/example_dags/example_complex.py took 0.096 seconds
[2025-08-17T01:22:09.628+0000] {processor.py:161} INFO - Started process (PID=601) to work on /home/airflow/.local/lib/python3.12/site-packages/airflow/example_dags/example_complex.py
[2025-08-17T01:22:09.629+0000] {processor.py:830} INFO - Processing file /home/airflow/.local/lib/python3.12/site-packages/airflow/example_dags/example_complex.py for tasks to queue
[2025-08-17T01:22:09.631+0000] {logging_mixin.py:188} INFO - [2025-08-17T01:22:09.631+0000] {dagbag.py:545} INFO - Filling up the DagBag from /home/airflow/.local/lib/python3.12/site-packages/airflow/example_dags/example_complex.py
[2025-08-17T01:22:09.640+0000] {processor.py:840} INFO - DAG(s) 'example_complex' retrieved from /home/airflow/.local/lib/python3.12/site-packages/airflow/example_dags/example_complex.py
[2025-08-17T01:22:09.670+0000] {logging_mixin.py:188} INFO - [2025-08-17T01:22:09.670+0000] {dag.py:3089} INFO - Sync 1 DAGs
[2025-08-17T01:22:09.682+0000] {logging_mixin.py:188} INFO - [2025-08-17T01:22:09.681+0000] {dag.py:3947} INFO - Setting next_dagrun for example_complex to None, run_after=None
[2025-08-17T01:22:09.698+0000] {processor.py:183} INFO - Processing /home/airflow/.local/lib/python3.12/site-packages/airflow/example_dags/example_complex.py took 0.076 seconds
[2025-08-17T01:22:39.962+0000] {processor.py:161} INFO - Started process (PID=660) to work on /home/airflow/.local/lib/python3.12/site-packages/airflow/example_dags/example_complex.py
[2025-08-17T01:22:39.964+0000] {processor.py:830} INFO - Processing file /home/airflow/.local/lib/python3.12/site-packages/airflow/example_dags/example_complex.py for tasks to queue
[2025-08-17T01:22:39.966+0000] {logging_mixin.py:188} INFO - [2025-08-17T01:22:39.966+0000] {dagbag.py:545} INFO - Filling up the DagBag from /home/airflow/.local/lib/python3.12/site-packages/airflow/example_dags/example_complex.py
[2025-08-17T01:22:39.975+0000] {processor.py:840} INFO - DAG(s) 'example_complex' retrieved from /home/airflow/.local/lib/python3.12/site-packages/airflow/example_dags/example_complex.py
[2025-08-17T01:22:40.004+0000] {logging_mixin.py:188} INFO - [2025-08-17T01:22:40.004+0000] {dag.py:3089} INFO - Sync 1 DAGs
[2025-08-17T01:22:40.017+0000] {logging_mixin.py:188} INFO - [2025-08-17T01:22:40.017+0000] {dag.py:3947} INFO - Setting next_dagrun for example_complex to None, run_after=None
[2025-08-17T01:22:40.035+0000] {processor.py:183} INFO - Processing /home/airflow/.local/lib/python3.12/site-packages/airflow/example_dags/example_complex.py took 0.078 seconds
[2025-08-17T01:23:10.289+0000] {processor.py:161} INFO - Started process (PID=719) to work on /home/airflow/.local/lib/python3.12/site-packages/airflow/example_dags/example_complex.py
[2025-08-17T01:23:10.290+0000] {processor.py:830} INFO - Processing file /home/airflow/.local/lib/python3.12/site-packages/airflow/example_dags/example_complex.py for tasks to queue
[2025-08-17T01:23:10.294+0000] {logging_mixin.py:188} INFO - [2025-08-17T01:23:10.293+0000] {dagbag.py:545} INFO - Filling up the DagBag from /home/airflow/.local/lib/python3.12/site-packages/airflow/example_dags/example_complex.py
[2025-08-17T01:23:10.303+0000] {processor.py:840} INFO - DAG(s) 'example_complex' retrieved from /home/airflow/.local/lib/python3.12/site-packages/airflow/example_dags/example_complex.py
[2025-08-17T01:23:10.331+0000] {logging_mixin.py:188} INFO - [2025-08-17T01:23:10.331+0000] {dag.py:3089} INFO - Sync 1 DAGs
[2025-08-17T01:23:10.343+0000] {logging_mixin.py:188} INFO - [2025-08-17T01:23:10.343+0000] {dag.py:3947} INFO - Setting next_dagrun for example_complex to None, run_after=None
[2025-08-17T01:23:10.365+0000] {processor.py:183} INFO - Processing /home/airflow/.local/lib/python3.12/site-packages/airflow/example_dags/example_complex.py took 0.081 seconds
[2025-08-17T01:23:40.970+0000] {processor.py:161} INFO - Started process (PID=784) to work on /home/airflow/.local/lib/python3.12/site-packages/airflow/example_dags/example_complex.py
[2025-08-17T01:23:40.971+0000] {processor.py:830} INFO - Processing file /home/airflow/.local/lib/python3.12/site-packages/airflow/example_dags/example_complex.py for tasks to queue
[2025-08-17T01:23:40.974+0000] {logging_mixin.py:188} INFO - [2025-08-17T01:23:40.973+0000] {dagbag.py:545} INFO - Filling up the DagBag from /home/airflow/.local/lib/python3.12/site-packages/airflow/example_dags/example_complex.py
[2025-08-17T01:23:40.985+0000] {processor.py:840} INFO - DAG(s) 'example_complex' retrieved from /home/airflow/.local/lib/python3.12/site-packages/airflow/example_dags/example_complex.py
[2025-08-17T01:23:41.020+0000] {logging_mixin.py:188} INFO - [2025-08-17T01:23:41.019+0000] {dag.py:3089} INFO - Sync 1 DAGs
[2025-08-17T01:23:41.034+0000] {logging_mixin.py:188} INFO - [2025-08-17T01:23:41.034+0000] {dag.py:3947} INFO - Setting next_dagrun for example_complex to None, run_after=None
[2025-08-17T01:23:41.060+0000] {processor.py:183} INFO - Processing /home/airflow/.local/lib/python3.12/site-packages/airflow/example_dags/example_complex.py took 0.097 seconds
[2025-08-17T01:24:11.297+0000] {processor.py:161} INFO - Started process (PID=843) to work on /home/airflow/.local/lib/python3.12/site-packages/airflow/example_dags/example_complex.py
[2025-08-17T01:24:11.299+0000] {processor.py:830} INFO - Processing file /home/airflow/.local/lib/python3.12/site-packages/airflow/example_dags/example_complex.py for tasks to queue
[2025-08-17T01:24:11.301+0000] {logging_mixin.py:188} INFO - [2025-08-17T01:24:11.300+0000] {dagbag.py:545} INFO - Filling up the DagBag from /home/airflow/.local/lib/python3.12/site-packages/airflow/example_dags/example_complex.py
[2025-08-17T01:24:11.310+0000] {processor.py:840} INFO - DAG(s) 'example_complex' retrieved from /home/airflow/.local/lib/python3.12/site-packages/airflow/example_dags/example_complex.py
[2025-08-17T01:24:11.345+0000] {logging_mixin.py:188} INFO - [2025-08-17T01:24:11.345+0000] {dag.py:3089} INFO - Sync 1 DAGs
[2025-08-17T01:24:11.359+0000] {logging_mixin.py:188} INFO - [2025-08-17T01:24:11.358+0000] {dag.py:3947} INFO - Setting next_dagrun for example_complex to None, run_after=None
[2025-08-17T01:24:11.378+0000] {processor.py:183} INFO - Processing /home/airflow/.local/lib/python3.12/site-packages/airflow/example_dags/example_complex.py took 0.086 seconds
[2025-08-17T01:24:41.639+0000] {processor.py:161} INFO - Started process (PID=902) to work on /home/airflow/.local/lib/python3.12/site-packages/airflow/example_dags/example_complex.py
[2025-08-17T01:24:41.640+0000] {processor.py:830} INFO - Processing file /home/airflow/.local/lib/python3.12/site-packages/airflow/example_dags/example_complex.py for tasks to queue
[2025-08-17T01:24:41.643+0000] {logging_mixin.py:188} INFO - [2025-08-17T01:24:41.642+0000] {dagbag.py:545} INFO - Filling up the DagBag from /home/airflow/.local/lib/python3.12/site-packages/airflow/example_dags/example_complex.py
[2025-08-17T01:24:41.651+0000] {processor.py:840} INFO - DAG(s) 'example_complex' retrieved from /home/airflow/.local/lib/python3.12/site-packages/airflow/example_dags/example_complex.py
[2025-08-17T01:24:41.680+0000] {logging_mixin.py:188} INFO - [2025-08-17T01:24:41.680+0000] {dag.py:3089} INFO - Sync 1 DAGs
[2025-08-17T01:24:41.692+0000] {logging_mixin.py:188} INFO - [2025-08-17T01:24:41.691+0000] {dag.py:3947} INFO - Setting next_dagrun for example_complex to None, run_after=None
[2025-08-17T01:24:41.710+0000] {processor.py:183} INFO - Processing /home/airflow/.local/lib/python3.12/site-packages/airflow/example_dags/example_complex.py took 0.078 seconds
[2025-08-17T01:25:11.986+0000] {processor.py:161} INFO - Started process (PID=961) to work on /home/airflow/.local/lib/python3.12/site-packages/airflow/example_dags/example_complex.py
[2025-08-17T01:25:11.988+0000] {processor.py:830} INFO - Processing file /home/airflow/.local/lib/python3.12/site-packages/airflow/example_dags/example_complex.py for tasks to queue
[2025-08-17T01:25:11.992+0000] {logging_mixin.py:188} INFO - [2025-08-17T01:25:11.991+0000] {dagbag.py:545} INFO - Filling up the DagBag from /home/airflow/.local/lib/python3.12/site-packages/airflow/example_dags/example_complex.py
[2025-08-17T01:25:12.004+0000] {processor.py:840} INFO - DAG(s) 'example_complex' retrieved from /home/airflow/.local/lib/python3.12/site-packages/airflow/example_dags/example_complex.py
[2025-08-17T01:25:12.044+0000] {logging_mixin.py:188} INFO - [2025-08-17T01:25:12.043+0000] {dag.py:3089} INFO - Sync 1 DAGs
[2025-08-17T01:25:12.059+0000] {logging_mixin.py:188} INFO - [2025-08-17T01:25:12.059+0000] {dag.py:3947} INFO - Setting next_dagrun for example_complex to None, run_after=None
[2025-08-17T01:25:12.082+0000] {processor.py:183} INFO - Processing /home/airflow/.local/lib/python3.12/site-packages/airflow/example_dags/example_complex.py took 0.104 seconds
[2025-08-17T01:26:38.006+0000] {processor.py:161} INFO - Started process (PID=68) to work on /home/airflow/.local/lib/python3.12/site-packages/airflow/example_dags/example_complex.py
[2025-08-17T01:26:38.008+0000] {processor.py:830} INFO - Processing file /home/airflow/.local/lib/python3.12/site-packages/airflow/example_dags/example_complex.py for tasks to queue
[2025-08-17T01:26:38.011+0000] {logging_mixin.py:188} INFO - [2025-08-17T01:26:38.010+0000] {dagbag.py:545} INFO - Filling up the DagBag from /home/airflow/.local/lib/python3.12/site-packages/airflow/example_dags/example_complex.py
[2025-08-17T01:26:38.031+0000] {processor.py:840} INFO - DAG(s) 'example_complex' retrieved from /home/airflow/.local/lib/python3.12/site-packages/airflow/example_dags/example_complex.py
[2025-08-17T01:26:38.057+0000] {logging_mixin.py:188} INFO - [2025-08-17T01:26:38.056+0000] {dag.py:3089} INFO - Sync 1 DAGs
[2025-08-17T01:26:38.084+0000] {logging_mixin.py:188} INFO - [2025-08-17T01:26:38.084+0000] {dag.py:3947} INFO - Setting next_dagrun for example_complex to None, run_after=None
[2025-08-17T01:26:38.136+0000] {processor.py:183} INFO - Processing /home/airflow/.local/lib/python3.12/site-packages/airflow/example_dags/example_complex.py took 0.140 seconds
[2025-08-17T01:27:09.176+0000] {processor.py:161} INFO - Started process (PID=127) to work on /home/airflow/.local/lib/python3.12/site-packages/airflow/example_dags/example_complex.py
[2025-08-17T01:27:09.177+0000] {processor.py:830} INFO - Processing file /home/airflow/.local/lib/python3.12/site-packages/airflow/example_dags/example_complex.py for tasks to queue
[2025-08-17T01:27:09.180+0000] {logging_mixin.py:188} INFO - [2025-08-17T01:27:09.179+0000] {dagbag.py:545} INFO - Filling up the DagBag from /home/airflow/.local/lib/python3.12/site-packages/airflow/example_dags/example_complex.py
[2025-08-17T01:27:09.190+0000] {processor.py:840} INFO - DAG(s) 'example_complex' retrieved from /home/airflow/.local/lib/python3.12/site-packages/airflow/example_dags/example_complex.py
[2025-08-17T01:27:09.205+0000] {logging_mixin.py:188} INFO - [2025-08-17T01:27:09.204+0000] {dag.py:3089} INFO - Sync 1 DAGs
[2025-08-17T01:27:09.221+0000] {logging_mixin.py:188} INFO - [2025-08-17T01:27:09.220+0000] {dag.py:3947} INFO - Setting next_dagrun for example_complex to None, run_after=None
[2025-08-17T01:27:09.247+0000] {processor.py:183} INFO - Processing /home/airflow/.local/lib/python3.12/site-packages/airflow/example_dags/example_complex.py took 0.077 seconds
[2025-08-17T01:27:40.012+0000] {processor.py:161} INFO - Started process (PID=186) to work on /home/airflow/.local/lib/python3.12/site-packages/airflow/example_dags/example_complex.py
[2025-08-17T01:27:40.013+0000] {processor.py:830} INFO - Processing file /home/airflow/.local/lib/python3.12/site-packages/airflow/example_dags/example_complex.py for tasks to queue
[2025-08-17T01:27:40.015+0000] {logging_mixin.py:188} INFO - [2025-08-17T01:27:40.015+0000] {dagbag.py:545} INFO - Filling up the DagBag from /home/airflow/.local/lib/python3.12/site-packages/airflow/example_dags/example_complex.py
[2025-08-17T01:27:40.025+0000] {processor.py:840} INFO - DAG(s) 'example_complex' retrieved from /home/airflow/.local/lib/python3.12/site-packages/airflow/example_dags/example_complex.py
[2025-08-17T01:27:40.135+0000] {logging_mixin.py:188} INFO - [2025-08-17T01:27:40.135+0000] {dag.py:3089} INFO - Sync 1 DAGs
[2025-08-17T01:27:40.144+0000] {logging_mixin.py:188} INFO - [2025-08-17T01:27:40.144+0000] {dag.py:3947} INFO - Setting next_dagrun for example_complex to None, run_after=None
[2025-08-17T01:27:40.162+0000] {processor.py:183} INFO - Processing /home/airflow/.local/lib/python3.12/site-packages/airflow/example_dags/example_complex.py took 0.157 seconds
[2025-08-17T01:28:10.559+0000] {processor.py:161} INFO - Started process (PID=245) to work on /home/airflow/.local/lib/python3.12/site-packages/airflow/example_dags/example_complex.py
[2025-08-17T01:28:10.561+0000] {processor.py:830} INFO - Processing file /home/airflow/.local/lib/python3.12/site-packages/airflow/example_dags/example_complex.py for tasks to queue
[2025-08-17T01:28:10.564+0000] {logging_mixin.py:188} INFO - [2025-08-17T01:28:10.564+0000] {dagbag.py:545} INFO - Filling up the DagBag from /home/airflow/.local/lib/python3.12/site-packages/airflow/example_dags/example_complex.py
[2025-08-17T01:28:10.577+0000] {processor.py:840} INFO - DAG(s) 'example_complex' retrieved from /home/airflow/.local/lib/python3.12/site-packages/airflow/example_dags/example_complex.py
[2025-08-17T01:28:10.625+0000] {logging_mixin.py:188} INFO - [2025-08-17T01:28:10.625+0000] {dag.py:3089} INFO - Sync 1 DAGs
[2025-08-17T01:28:10.644+0000] {logging_mixin.py:188} INFO - [2025-08-17T01:28:10.644+0000] {dag.py:3947} INFO - Setting next_dagrun for example_complex to None, run_after=None
[2025-08-17T01:28:10.671+0000] {processor.py:183} INFO - Processing /home/airflow/.local/lib/python3.12/site-packages/airflow/example_dags/example_complex.py took 0.119 seconds
[2025-08-17T01:28:40.832+0000] {processor.py:161} INFO - Started process (PID=304) to work on /home/airflow/.local/lib/python3.12/site-packages/airflow/example_dags/example_complex.py
[2025-08-17T01:28:40.835+0000] {processor.py:830} INFO - Processing file /home/airflow/.local/lib/python3.12/site-packages/airflow/example_dags/example_complex.py for tasks to queue
[2025-08-17T01:28:40.839+0000] {logging_mixin.py:188} INFO - [2025-08-17T01:28:40.838+0000] {dagbag.py:545} INFO - Filling up the DagBag from /home/airflow/.local/lib/python3.12/site-packages/airflow/example_dags/example_complex.py
[2025-08-17T01:28:40.860+0000] {processor.py:840} INFO - DAG(s) 'example_complex' retrieved from /home/airflow/.local/lib/python3.12/site-packages/airflow/example_dags/example_complex.py
[2025-08-17T01:28:40.903+0000] {logging_mixin.py:188} INFO - [2025-08-17T01:28:40.902+0000] {dag.py:3089} INFO - Sync 1 DAGs
[2025-08-17T01:28:40.922+0000] {logging_mixin.py:188} INFO - [2025-08-17T01:28:40.922+0000] {dag.py:3947} INFO - Setting next_dagrun for example_complex to None, run_after=None
[2025-08-17T01:28:40.955+0000] {processor.py:183} INFO - Processing /home/airflow/.local/lib/python3.12/site-packages/airflow/example_dags/example_complex.py took 0.140 seconds
[2025-08-17T01:29:11.415+0000] {processor.py:161} INFO - Started process (PID=370) to work on /home/airflow/.local/lib/python3.12/site-packages/airflow/example_dags/example_complex.py
[2025-08-17T01:29:11.417+0000] {processor.py:830} INFO - Processing file /home/airflow/.local/lib/python3.12/site-packages/airflow/example_dags/example_complex.py for tasks to queue
[2025-08-17T01:29:11.420+0000] {logging_mixin.py:188} INFO - [2025-08-17T01:29:11.419+0000] {dagbag.py:545} INFO - Filling up the DagBag from /home/airflow/.local/lib/python3.12/site-packages/airflow/example_dags/example_complex.py
[2025-08-17T01:29:11.431+0000] {processor.py:840} INFO - DAG(s) 'example_complex' retrieved from /home/airflow/.local/lib/python3.12/site-packages/airflow/example_dags/example_complex.py
[2025-08-17T01:29:11.467+0000] {logging_mixin.py:188} INFO - [2025-08-17T01:29:11.467+0000] {dag.py:3089} INFO - Sync 1 DAGs
[2025-08-17T01:29:11.480+0000] {logging_mixin.py:188} INFO - [2025-08-17T01:29:11.480+0000] {dag.py:3947} INFO - Setting next_dagrun for example_complex to None, run_after=None
[2025-08-17T01:29:11.504+0000] {processor.py:183} INFO - Processing /home/airflow/.local/lib/python3.12/site-packages/airflow/example_dags/example_complex.py took 0.096 seconds
[2025-08-17T01:29:42.013+0000] {processor.py:161} INFO - Started process (PID=430) to work on /home/airflow/.local/lib/python3.12/site-packages/airflow/example_dags/example_complex.py
[2025-08-17T01:29:42.014+0000] {processor.py:830} INFO - Processing file /home/airflow/.local/lib/python3.12/site-packages/airflow/example_dags/example_complex.py for tasks to queue
[2025-08-17T01:29:42.017+0000] {logging_mixin.py:188} INFO - [2025-08-17T01:29:42.017+0000] {dagbag.py:545} INFO - Filling up the DagBag from /home/airflow/.local/lib/python3.12/site-packages/airflow/example_dags/example_complex.py
[2025-08-17T01:29:42.028+0000] {processor.py:840} INFO - DAG(s) 'example_complex' retrieved from /home/airflow/.local/lib/python3.12/site-packages/airflow/example_dags/example_complex.py
[2025-08-17T01:29:42.060+0000] {logging_mixin.py:188} INFO - [2025-08-17T01:29:42.060+0000] {dag.py:3089} INFO - Sync 1 DAGs
[2025-08-17T01:29:42.074+0000] {logging_mixin.py:188} INFO - [2025-08-17T01:29:42.074+0000] {dag.py:3947} INFO - Setting next_dagrun for example_complex to None, run_after=None
[2025-08-17T01:29:42.094+0000] {processor.py:183} INFO - Processing /home/airflow/.local/lib/python3.12/site-packages/airflow/example_dags/example_complex.py took 0.087 seconds
[2025-08-17T01:30:12.658+0000] {processor.py:161} INFO - Started process (PID=489) to work on /home/airflow/.local/lib/python3.12/site-packages/airflow/example_dags/example_complex.py
[2025-08-17T01:30:12.659+0000] {processor.py:830} INFO - Processing file /home/airflow/.local/lib/python3.12/site-packages/airflow/example_dags/example_complex.py for tasks to queue
[2025-08-17T01:30:12.662+0000] {logging_mixin.py:188} INFO - [2025-08-17T01:30:12.662+0000] {dagbag.py:545} INFO - Filling up the DagBag from /home/airflow/.local/lib/python3.12/site-packages/airflow/example_dags/example_complex.py
[2025-08-17T01:30:12.672+0000] {processor.py:840} INFO - DAG(s) 'example_complex' retrieved from /home/airflow/.local/lib/python3.12/site-packages/airflow/example_dags/example_complex.py
[2025-08-17T01:30:12.706+0000] {logging_mixin.py:188} INFO - [2025-08-17T01:30:12.706+0000] {dag.py:3089} INFO - Sync 1 DAGs
[2025-08-17T01:30:12.720+0000] {logging_mixin.py:188} INFO - [2025-08-17T01:30:12.720+0000] {dag.py:3947} INFO - Setting next_dagrun for example_complex to None, run_after=None
[2025-08-17T01:30:12.740+0000] {processor.py:183} INFO - Processing /home/airflow/.local/lib/python3.12/site-packages/airflow/example_dags/example_complex.py took 0.088 seconds
[2025-08-17T01:30:43.105+0000] {processor.py:161} INFO - Started process (PID=548) to work on /home/airflow/.local/lib/python3.12/site-packages/airflow/example_dags/example_complex.py
[2025-08-17T01:30:43.106+0000] {processor.py:830} INFO - Processing file /home/airflow/.local/lib/python3.12/site-packages/airflow/example_dags/example_complex.py for tasks to queue
[2025-08-17T01:30:43.109+0000] {logging_mixin.py:188} INFO - [2025-08-17T01:30:43.108+0000] {dagbag.py:545} INFO - Filling up the DagBag from /home/airflow/.local/lib/python3.12/site-packages/airflow/example_dags/example_complex.py
[2025-08-17T01:30:43.119+0000] {processor.py:840} INFO - DAG(s) 'example_complex' retrieved from /home/airflow/.local/lib/python3.12/site-packages/airflow/example_dags/example_complex.py
[2025-08-17T01:30:43.154+0000] {logging_mixin.py:188} INFO - [2025-08-17T01:30:43.153+0000] {dag.py:3089} INFO - Sync 1 DAGs
[2025-08-17T01:30:43.168+0000] {logging_mixin.py:188} INFO - [2025-08-17T01:30:43.168+0000] {dag.py:3947} INFO - Setting next_dagrun for example_complex to None, run_after=None
[2025-08-17T01:30:43.193+0000] {processor.py:183} INFO - Processing /home/airflow/.local/lib/python3.12/site-packages/airflow/example_dags/example_complex.py took 0.094 seconds
[2025-08-17T01:31:13.569+0000] {processor.py:161} INFO - Started process (PID=607) to work on /home/airflow/.local/lib/python3.12/site-packages/airflow/example_dags/example_complex.py
[2025-08-17T01:31:13.571+0000] {processor.py:830} INFO - Processing file /home/airflow/.local/lib/python3.12/site-packages/airflow/example_dags/example_complex.py for tasks to queue
[2025-08-17T01:31:13.574+0000] {logging_mixin.py:188} INFO - [2025-08-17T01:31:13.574+0000] {dagbag.py:545} INFO - Filling up the DagBag from /home/airflow/.local/lib/python3.12/site-packages/airflow/example_dags/example_complex.py
[2025-08-17T01:31:13.584+0000] {processor.py:840} INFO - DAG(s) 'example_complex' retrieved from /home/airflow/.local/lib/python3.12/site-packages/airflow/example_dags/example_complex.py
[2025-08-17T01:31:13.620+0000] {logging_mixin.py:188} INFO - [2025-08-17T01:31:13.619+0000] {dag.py:3089} INFO - Sync 1 DAGs
[2025-08-17T01:31:13.633+0000] {logging_mixin.py:188} INFO - [2025-08-17T01:31:13.633+0000] {dag.py:3947} INFO - Setting next_dagrun for example_complex to None, run_after=None
[2025-08-17T01:31:13.654+0000] {processor.py:183} INFO - Processing /home/airflow/.local/lib/python3.12/site-packages/airflow/example_dags/example_complex.py took 0.091 seconds
[2025-08-17T01:31:44.001+0000] {processor.py:161} INFO - Started process (PID=669) to work on /home/airflow/.local/lib/python3.12/site-packages/airflow/example_dags/example_complex.py
[2025-08-17T01:31:44.004+0000] {processor.py:830} INFO - Processing file /home/airflow/.local/lib/python3.12/site-packages/airflow/example_dags/example_complex.py for tasks to queue
[2025-08-17T01:31:44.006+0000] {logging_mixin.py:188} INFO - [2025-08-17T01:31:44.006+0000] {dagbag.py:545} INFO - Filling up the DagBag from /home/airflow/.local/lib/python3.12/site-packages/airflow/example_dags/example_complex.py
[2025-08-17T01:31:44.017+0000] {processor.py:840} INFO - DAG(s) 'example_complex' retrieved from /home/airflow/.local/lib/python3.12/site-packages/airflow/example_dags/example_complex.py
[2025-08-17T01:31:44.055+0000] {logging_mixin.py:188} INFO - [2025-08-17T01:31:44.055+0000] {dag.py:3089} INFO - Sync 1 DAGs
[2025-08-17T01:31:44.074+0000] {logging_mixin.py:188} INFO - [2025-08-17T01:31:44.073+0000] {dag.py:3947} INFO - Setting next_dagrun for example_complex to None, run_after=None
[2025-08-17T01:31:44.113+0000] {processor.py:183} INFO - Processing /home/airflow/.local/lib/python3.12/site-packages/airflow/example_dags/example_complex.py took 0.120 seconds
