[2025-08-17T00:53:38.177+0000] {processor.py:161} INFO - Started process (PID=113) to work on /home/airflow/.local/lib/python3.12/site-packages/airflow/example_dags/example_kubernetes_executor.py
[2025-08-17T00:53:38.179+0000] {processor.py:830} INFO - Processing file /home/airflow/.local/lib/python3.12/site-packages/airflow/example_dags/example_kubernetes_executor.py for tasks to queue
[2025-08-17T00:53:38.182+0000] {logging_mixin.py:188} INFO - [2025-08-17T00:53:38.182+0000] {dagbag.py:545} INFO - Filling up the DagBag from /home/airflow/.local/lib/python3.12/site-packages/airflow/example_dags/example_kubernetes_executor.py
[2025-08-17T00:53:38.198+0000] {processor.py:840} INFO - DAG(s) 'example_kubernetes_executor' retrieved from /home/airflow/.local/lib/python3.12/site-packages/airflow/example_dags/example_kubernetes_executor.py
[2025-08-17T00:53:38.334+0000] {logging_mixin.py:188} INFO - [2025-08-17T00:53:38.334+0000] {dag.py:3089} INFO - Sync 1 DAGs
[2025-08-17T00:53:38.345+0000] {logging_mixin.py:188} INFO - [2025-08-17T00:53:38.345+0000] {dag.py:3947} INFO - Setting next_dagrun for example_kubernetes_executor to None, run_after=None
[2025-08-17T00:53:38.378+0000] {processor.py:183} INFO - Processing /home/airflow/.local/lib/python3.12/site-packages/airflow/example_dags/example_kubernetes_executor.py took 0.207 seconds
[2025-08-17T00:54:08.805+0000] {processor.py:161} INFO - Started process (PID=171) to work on /home/airflow/.local/lib/python3.12/site-packages/airflow/example_dags/example_kubernetes_executor.py
[2025-08-17T00:54:08.807+0000] {processor.py:830} INFO - Processing file /home/airflow/.local/lib/python3.12/site-packages/airflow/example_dags/example_kubernetes_executor.py for tasks to queue
[2025-08-17T00:54:08.809+0000] {logging_mixin.py:188} INFO - [2025-08-17T00:54:08.809+0000] {dagbag.py:545} INFO - Filling up the DagBag from /home/airflow/.local/lib/python3.12/site-packages/airflow/example_dags/example_kubernetes_executor.py
[2025-08-17T00:54:08.829+0000] {processor.py:840} INFO - DAG(s) 'example_kubernetes_executor' retrieved from /home/airflow/.local/lib/python3.12/site-packages/airflow/example_dags/example_kubernetes_executor.py
[2025-08-17T00:54:08.883+0000] {logging_mixin.py:188} INFO - [2025-08-17T00:54:08.883+0000] {dag.py:3089} INFO - Sync 1 DAGs
[2025-08-17T00:54:08.905+0000] {logging_mixin.py:188} INFO - [2025-08-17T00:54:08.904+0000] {dag.py:3947} INFO - Setting next_dagrun for example_kubernetes_executor to None, run_after=None
[2025-08-17T00:54:08.930+0000] {processor.py:183} INFO - Processing /home/airflow/.local/lib/python3.12/site-packages/airflow/example_dags/example_kubernetes_executor.py took 0.131 seconds
[2025-08-17T00:54:38.990+0000] {processor.py:161} INFO - Started process (PID=229) to work on /home/airflow/.local/lib/python3.12/site-packages/airflow/example_dags/example_kubernetes_executor.py
[2025-08-17T00:54:38.991+0000] {processor.py:830} INFO - Processing file /home/airflow/.local/lib/python3.12/site-packages/airflow/example_dags/example_kubernetes_executor.py for tasks to queue
[2025-08-17T00:54:38.994+0000] {logging_mixin.py:188} INFO - [2025-08-17T00:54:38.993+0000] {dagbag.py:545} INFO - Filling up the DagBag from /home/airflow/.local/lib/python3.12/site-packages/airflow/example_dags/example_kubernetes_executor.py
[2025-08-17T00:54:39.005+0000] {processor.py:840} INFO - DAG(s) 'example_kubernetes_executor' retrieved from /home/airflow/.local/lib/python3.12/site-packages/airflow/example_dags/example_kubernetes_executor.py
[2025-08-17T00:54:39.046+0000] {logging_mixin.py:188} INFO - [2025-08-17T00:54:39.046+0000] {dag.py:3089} INFO - Sync 1 DAGs
[2025-08-17T00:54:39.062+0000] {logging_mixin.py:188} INFO - [2025-08-17T00:54:39.062+0000] {dag.py:3947} INFO - Setting next_dagrun for example_kubernetes_executor to None, run_after=None
[2025-08-17T00:54:39.084+0000] {processor.py:183} INFO - Processing /home/airflow/.local/lib/python3.12/site-packages/airflow/example_dags/example_kubernetes_executor.py took 0.100 seconds
[2025-08-17T00:55:09.655+0000] {processor.py:161} INFO - Started process (PID=287) to work on /home/airflow/.local/lib/python3.12/site-packages/airflow/example_dags/example_kubernetes_executor.py
[2025-08-17T00:55:09.656+0000] {processor.py:830} INFO - Processing file /home/airflow/.local/lib/python3.12/site-packages/airflow/example_dags/example_kubernetes_executor.py for tasks to queue
[2025-08-17T00:55:09.659+0000] {logging_mixin.py:188} INFO - [2025-08-17T00:55:09.658+0000] {dagbag.py:545} INFO - Filling up the DagBag from /home/airflow/.local/lib/python3.12/site-packages/airflow/example_dags/example_kubernetes_executor.py
[2025-08-17T00:55:09.673+0000] {processor.py:840} INFO - DAG(s) 'example_kubernetes_executor' retrieved from /home/airflow/.local/lib/python3.12/site-packages/airflow/example_dags/example_kubernetes_executor.py
[2025-08-17T00:55:09.737+0000] {logging_mixin.py:188} INFO - [2025-08-17T00:55:09.736+0000] {dag.py:3089} INFO - Sync 1 DAGs
[2025-08-17T00:55:09.757+0000] {logging_mixin.py:188} INFO - [2025-08-17T00:55:09.756+0000] {dag.py:3947} INFO - Setting next_dagrun for example_kubernetes_executor to None, run_after=None
[2025-08-17T00:55:09.786+0000] {processor.py:183} INFO - Processing /home/airflow/.local/lib/python3.12/site-packages/airflow/example_dags/example_kubernetes_executor.py took 0.138 seconds
[2025-08-17T00:55:40.386+0000] {processor.py:161} INFO - Started process (PID=346) to work on /home/airflow/.local/lib/python3.12/site-packages/airflow/example_dags/example_kubernetes_executor.py
[2025-08-17T00:55:40.387+0000] {processor.py:830} INFO - Processing file /home/airflow/.local/lib/python3.12/site-packages/airflow/example_dags/example_kubernetes_executor.py for tasks to queue
[2025-08-17T00:55:40.389+0000] {logging_mixin.py:188} INFO - [2025-08-17T00:55:40.389+0000] {dagbag.py:545} INFO - Filling up the DagBag from /home/airflow/.local/lib/python3.12/site-packages/airflow/example_dags/example_kubernetes_executor.py
[2025-08-17T00:55:40.401+0000] {processor.py:840} INFO - DAG(s) 'example_kubernetes_executor' retrieved from /home/airflow/.local/lib/python3.12/site-packages/airflow/example_dags/example_kubernetes_executor.py
[2025-08-17T00:55:40.440+0000] {logging_mixin.py:188} INFO - [2025-08-17T00:55:40.440+0000] {dag.py:3089} INFO - Sync 1 DAGs
[2025-08-17T00:55:40.452+0000] {logging_mixin.py:188} INFO - [2025-08-17T00:55:40.452+0000] {dag.py:3947} INFO - Setting next_dagrun for example_kubernetes_executor to None, run_after=None
[2025-08-17T00:55:40.473+0000] {processor.py:183} INFO - Processing /home/airflow/.local/lib/python3.12/site-packages/airflow/example_dags/example_kubernetes_executor.py took 0.092 seconds
[2025-08-17T00:56:10.727+0000] {processor.py:161} INFO - Started process (PID=404) to work on /home/airflow/.local/lib/python3.12/site-packages/airflow/example_dags/example_kubernetes_executor.py
[2025-08-17T00:56:10.729+0000] {processor.py:830} INFO - Processing file /home/airflow/.local/lib/python3.12/site-packages/airflow/example_dags/example_kubernetes_executor.py for tasks to queue
[2025-08-17T00:56:10.731+0000] {logging_mixin.py:188} INFO - [2025-08-17T00:56:10.731+0000] {dagbag.py:545} INFO - Filling up the DagBag from /home/airflow/.local/lib/python3.12/site-packages/airflow/example_dags/example_kubernetes_executor.py
[2025-08-17T00:56:10.743+0000] {processor.py:840} INFO - DAG(s) 'example_kubernetes_executor' retrieved from /home/airflow/.local/lib/python3.12/site-packages/airflow/example_dags/example_kubernetes_executor.py
[2025-08-17T00:56:10.785+0000] {logging_mixin.py:188} INFO - [2025-08-17T00:56:10.784+0000] {dag.py:3089} INFO - Sync 1 DAGs
[2025-08-17T00:56:10.796+0000] {logging_mixin.py:188} INFO - [2025-08-17T00:56:10.796+0000] {dag.py:3947} INFO - Setting next_dagrun for example_kubernetes_executor to None, run_after=None
[2025-08-17T00:56:10.815+0000] {processor.py:183} INFO - Processing /home/airflow/.local/lib/python3.12/site-packages/airflow/example_dags/example_kubernetes_executor.py took 0.094 seconds
[2025-08-17T00:56:41.933+0000] {processor.py:161} INFO - Started process (PID=462) to work on /home/airflow/.local/lib/python3.12/site-packages/airflow/example_dags/example_kubernetes_executor.py
[2025-08-17T00:56:41.934+0000] {processor.py:830} INFO - Processing file /home/airflow/.local/lib/python3.12/site-packages/airflow/example_dags/example_kubernetes_executor.py for tasks to queue
[2025-08-17T00:56:41.937+0000] {logging_mixin.py:188} INFO - [2025-08-17T00:56:41.936+0000] {dagbag.py:545} INFO - Filling up the DagBag from /home/airflow/.local/lib/python3.12/site-packages/airflow/example_dags/example_kubernetes_executor.py
[2025-08-17T00:56:41.950+0000] {processor.py:840} INFO - DAG(s) 'example_kubernetes_executor' retrieved from /home/airflow/.local/lib/python3.12/site-packages/airflow/example_dags/example_kubernetes_executor.py
[2025-08-17T00:56:41.995+0000] {logging_mixin.py:188} INFO - [2025-08-17T00:56:41.994+0000] {dag.py:3089} INFO - Sync 1 DAGs
[2025-08-17T00:56:42.009+0000] {logging_mixin.py:188} INFO - [2025-08-17T00:56:42.009+0000] {dag.py:3947} INFO - Setting next_dagrun for example_kubernetes_executor to None, run_after=None
[2025-08-17T00:56:42.031+0000] {processor.py:183} INFO - Processing /home/airflow/.local/lib/python3.12/site-packages/airflow/example_dags/example_kubernetes_executor.py took 0.104 seconds
[2025-08-17T00:57:12.095+0000] {processor.py:161} INFO - Started process (PID=520) to work on /home/airflow/.local/lib/python3.12/site-packages/airflow/example_dags/example_kubernetes_executor.py
[2025-08-17T00:57:12.096+0000] {processor.py:830} INFO - Processing file /home/airflow/.local/lib/python3.12/site-packages/airflow/example_dags/example_kubernetes_executor.py for tasks to queue
[2025-08-17T00:57:12.099+0000] {logging_mixin.py:188} INFO - [2025-08-17T00:57:12.098+0000] {dagbag.py:545} INFO - Filling up the DagBag from /home/airflow/.local/lib/python3.12/site-packages/airflow/example_dags/example_kubernetes_executor.py
[2025-08-17T00:57:12.111+0000] {processor.py:840} INFO - DAG(s) 'example_kubernetes_executor' retrieved from /home/airflow/.local/lib/python3.12/site-packages/airflow/example_dags/example_kubernetes_executor.py
[2025-08-17T00:57:12.152+0000] {logging_mixin.py:188} INFO - [2025-08-17T00:57:12.151+0000] {dag.py:3089} INFO - Sync 1 DAGs
[2025-08-17T00:57:12.166+0000] {logging_mixin.py:188} INFO - [2025-08-17T00:57:12.166+0000] {dag.py:3947} INFO - Setting next_dagrun for example_kubernetes_executor to None, run_after=None
[2025-08-17T00:57:12.186+0000] {processor.py:183} INFO - Processing /home/airflow/.local/lib/python3.12/site-packages/airflow/example_dags/example_kubernetes_executor.py took 0.096 seconds
[2025-08-17T00:57:42.605+0000] {processor.py:161} INFO - Started process (PID=578) to work on /home/airflow/.local/lib/python3.12/site-packages/airflow/example_dags/example_kubernetes_executor.py
[2025-08-17T00:57:42.607+0000] {processor.py:830} INFO - Processing file /home/airflow/.local/lib/python3.12/site-packages/airflow/example_dags/example_kubernetes_executor.py for tasks to queue
[2025-08-17T00:57:42.609+0000] {logging_mixin.py:188} INFO - [2025-08-17T00:57:42.608+0000] {dagbag.py:545} INFO - Filling up the DagBag from /home/airflow/.local/lib/python3.12/site-packages/airflow/example_dags/example_kubernetes_executor.py
[2025-08-17T00:57:42.621+0000] {processor.py:840} INFO - DAG(s) 'example_kubernetes_executor' retrieved from /home/airflow/.local/lib/python3.12/site-packages/airflow/example_dags/example_kubernetes_executor.py
[2025-08-17T00:57:42.661+0000] {logging_mixin.py:188} INFO - [2025-08-17T00:57:42.661+0000] {dag.py:3089} INFO - Sync 1 DAGs
[2025-08-17T00:57:42.674+0000] {logging_mixin.py:188} INFO - [2025-08-17T00:57:42.673+0000] {dag.py:3947} INFO - Setting next_dagrun for example_kubernetes_executor to None, run_after=None
[2025-08-17T00:57:42.696+0000] {processor.py:183} INFO - Processing /home/airflow/.local/lib/python3.12/site-packages/airflow/example_dags/example_kubernetes_executor.py took 0.096 seconds
[2025-08-17T00:58:13.366+0000] {processor.py:161} INFO - Started process (PID=636) to work on /home/airflow/.local/lib/python3.12/site-packages/airflow/example_dags/example_kubernetes_executor.py
[2025-08-17T00:58:13.368+0000] {processor.py:830} INFO - Processing file /home/airflow/.local/lib/python3.12/site-packages/airflow/example_dags/example_kubernetes_executor.py for tasks to queue
[2025-08-17T00:58:13.371+0000] {logging_mixin.py:188} INFO - [2025-08-17T00:58:13.370+0000] {dagbag.py:545} INFO - Filling up the DagBag from /home/airflow/.local/lib/python3.12/site-packages/airflow/example_dags/example_kubernetes_executor.py
[2025-08-17T00:58:13.383+0000] {processor.py:840} INFO - DAG(s) 'example_kubernetes_executor' retrieved from /home/airflow/.local/lib/python3.12/site-packages/airflow/example_dags/example_kubernetes_executor.py
[2025-08-17T00:58:13.427+0000] {logging_mixin.py:188} INFO - [2025-08-17T00:58:13.427+0000] {dag.py:3089} INFO - Sync 1 DAGs
[2025-08-17T00:58:13.441+0000] {logging_mixin.py:188} INFO - [2025-08-17T00:58:13.440+0000] {dag.py:3947} INFO - Setting next_dagrun for example_kubernetes_executor to None, run_after=None
[2025-08-17T00:58:13.468+0000] {processor.py:183} INFO - Processing /home/airflow/.local/lib/python3.12/site-packages/airflow/example_dags/example_kubernetes_executor.py took 0.107 seconds
[2025-08-17T00:58:44.040+0000] {processor.py:161} INFO - Started process (PID=695) to work on /home/airflow/.local/lib/python3.12/site-packages/airflow/example_dags/example_kubernetes_executor.py
[2025-08-17T00:58:44.041+0000] {processor.py:830} INFO - Processing file /home/airflow/.local/lib/python3.12/site-packages/airflow/example_dags/example_kubernetes_executor.py for tasks to queue
[2025-08-17T00:58:44.044+0000] {logging_mixin.py:188} INFO - [2025-08-17T00:58:44.044+0000] {dagbag.py:545} INFO - Filling up the DagBag from /home/airflow/.local/lib/python3.12/site-packages/airflow/example_dags/example_kubernetes_executor.py
[2025-08-17T00:58:44.062+0000] {processor.py:840} INFO - DAG(s) 'example_kubernetes_executor' retrieved from /home/airflow/.local/lib/python3.12/site-packages/airflow/example_dags/example_kubernetes_executor.py
[2025-08-17T00:58:44.116+0000] {logging_mixin.py:188} INFO - [2025-08-17T00:58:44.116+0000] {dag.py:3089} INFO - Sync 1 DAGs
[2025-08-17T00:58:44.130+0000] {logging_mixin.py:188} INFO - [2025-08-17T00:58:44.130+0000] {dag.py:3947} INFO - Setting next_dagrun for example_kubernetes_executor to None, run_after=None
[2025-08-17T00:58:44.153+0000] {processor.py:183} INFO - Processing /home/airflow/.local/lib/python3.12/site-packages/airflow/example_dags/example_kubernetes_executor.py took 0.120 seconds
[2025-08-17T00:59:14.804+0000] {processor.py:161} INFO - Started process (PID=754) to work on /home/airflow/.local/lib/python3.12/site-packages/airflow/example_dags/example_kubernetes_executor.py
[2025-08-17T00:59:14.805+0000] {processor.py:830} INFO - Processing file /home/airflow/.local/lib/python3.12/site-packages/airflow/example_dags/example_kubernetes_executor.py for tasks to queue
[2025-08-17T00:59:14.809+0000] {logging_mixin.py:188} INFO - [2025-08-17T00:59:14.808+0000] {dagbag.py:545} INFO - Filling up the DagBag from /home/airflow/.local/lib/python3.12/site-packages/airflow/example_dags/example_kubernetes_executor.py
[2025-08-17T00:59:14.823+0000] {processor.py:840} INFO - DAG(s) 'example_kubernetes_executor' retrieved from /home/airflow/.local/lib/python3.12/site-packages/airflow/example_dags/example_kubernetes_executor.py
[2025-08-17T00:59:14.864+0000] {logging_mixin.py:188} INFO - [2025-08-17T00:59:14.864+0000] {dag.py:3089} INFO - Sync 1 DAGs
[2025-08-17T00:59:14.876+0000] {logging_mixin.py:188} INFO - [2025-08-17T00:59:14.876+0000] {dag.py:3947} INFO - Setting next_dagrun for example_kubernetes_executor to None, run_after=None
[2025-08-17T00:59:14.897+0000] {processor.py:183} INFO - Processing /home/airflow/.local/lib/python3.12/site-packages/airflow/example_dags/example_kubernetes_executor.py took 0.100 seconds
[2025-08-17T01:00:13.845+0000] {processor.py:161} INFO - Started process (PID=108) to work on /home/airflow/.local/lib/python3.12/site-packages/airflow/example_dags/example_kubernetes_executor.py
[2025-08-17T01:00:13.847+0000] {processor.py:830} INFO - Processing file /home/airflow/.local/lib/python3.12/site-packages/airflow/example_dags/example_kubernetes_executor.py for tasks to queue
[2025-08-17T01:00:13.850+0000] {logging_mixin.py:188} INFO - [2025-08-17T01:00:13.849+0000] {dagbag.py:545} INFO - Filling up the DagBag from /home/airflow/.local/lib/python3.12/site-packages/airflow/example_dags/example_kubernetes_executor.py
[2025-08-17T01:00:13.864+0000] {processor.py:840} INFO - DAG(s) 'example_kubernetes_executor' retrieved from /home/airflow/.local/lib/python3.12/site-packages/airflow/example_dags/example_kubernetes_executor.py
[2025-08-17T01:00:13.883+0000] {logging_mixin.py:188} INFO - [2025-08-17T01:00:13.882+0000] {dag.py:3089} INFO - Sync 1 DAGs
[2025-08-17T01:00:13.903+0000] {logging_mixin.py:188} INFO - [2025-08-17T01:00:13.903+0000] {dag.py:3947} INFO - Setting next_dagrun for example_kubernetes_executor to None, run_after=None
[2025-08-17T01:00:13.933+0000] {processor.py:183} INFO - Processing /home/airflow/.local/lib/python3.12/site-packages/airflow/example_dags/example_kubernetes_executor.py took 0.095 seconds
[2025-08-17T01:01:36.706+0000] {processor.py:161} INFO - Started process (PID=101) to work on /home/airflow/.local/lib/python3.12/site-packages/airflow/example_dags/example_kubernetes_executor.py
[2025-08-17T01:01:36.707+0000] {processor.py:830} INFO - Processing file /home/airflow/.local/lib/python3.12/site-packages/airflow/example_dags/example_kubernetes_executor.py for tasks to queue
[2025-08-17T01:01:36.710+0000] {logging_mixin.py:188} INFO - [2025-08-17T01:01:36.710+0000] {dagbag.py:545} INFO - Filling up the DagBag from /home/airflow/.local/lib/python3.12/site-packages/airflow/example_dags/example_kubernetes_executor.py
[2025-08-17T01:01:36.724+0000] {processor.py:840} INFO - DAG(s) 'example_kubernetes_executor' retrieved from /home/airflow/.local/lib/python3.12/site-packages/airflow/example_dags/example_kubernetes_executor.py
[2025-08-17T01:01:36.740+0000] {logging_mixin.py:188} INFO - [2025-08-17T01:01:36.740+0000] {dag.py:3089} INFO - Sync 1 DAGs
[2025-08-17T01:01:36.756+0000] {logging_mixin.py:188} INFO - [2025-08-17T01:01:36.755+0000] {dag.py:3947} INFO - Setting next_dagrun for example_kubernetes_executor to None, run_after=None
[2025-08-17T01:01:36.779+0000] {processor.py:183} INFO - Processing /home/airflow/.local/lib/python3.12/site-packages/airflow/example_dags/example_kubernetes_executor.py took 0.079 seconds
[2025-08-17T01:02:08.390+0000] {processor.py:161} INFO - Started process (PID=166) to work on /home/airflow/.local/lib/python3.12/site-packages/airflow/example_dags/example_kubernetes_executor.py
[2025-08-17T01:02:08.392+0000] {processor.py:830} INFO - Processing file /home/airflow/.local/lib/python3.12/site-packages/airflow/example_dags/example_kubernetes_executor.py for tasks to queue
[2025-08-17T01:02:08.395+0000] {logging_mixin.py:188} INFO - [2025-08-17T01:02:08.394+0000] {dagbag.py:545} INFO - Filling up the DagBag from /home/airflow/.local/lib/python3.12/site-packages/airflow/example_dags/example_kubernetes_executor.py
[2025-08-17T01:02:08.408+0000] {processor.py:840} INFO - DAG(s) 'example_kubernetes_executor' retrieved from /home/airflow/.local/lib/python3.12/site-packages/airflow/example_dags/example_kubernetes_executor.py
[2025-08-17T01:02:08.541+0000] {logging_mixin.py:188} INFO - [2025-08-17T01:02:08.541+0000] {dag.py:3089} INFO - Sync 1 DAGs
[2025-08-17T01:02:08.554+0000] {logging_mixin.py:188} INFO - [2025-08-17T01:02:08.554+0000] {dag.py:3947} INFO - Setting next_dagrun for example_kubernetes_executor to None, run_after=None
[2025-08-17T01:02:08.577+0000] {processor.py:183} INFO - Processing /home/airflow/.local/lib/python3.12/site-packages/airflow/example_dags/example_kubernetes_executor.py took 0.194 seconds
[2025-08-17T01:02:39.229+0000] {processor.py:161} INFO - Started process (PID=225) to work on /home/airflow/.local/lib/python3.12/site-packages/airflow/example_dags/example_kubernetes_executor.py
[2025-08-17T01:02:39.231+0000] {processor.py:830} INFO - Processing file /home/airflow/.local/lib/python3.12/site-packages/airflow/example_dags/example_kubernetes_executor.py for tasks to queue
[2025-08-17T01:02:39.234+0000] {logging_mixin.py:188} INFO - [2025-08-17T01:02:39.233+0000] {dagbag.py:545} INFO - Filling up the DagBag from /home/airflow/.local/lib/python3.12/site-packages/airflow/example_dags/example_kubernetes_executor.py
[2025-08-17T01:02:39.246+0000] {processor.py:840} INFO - DAG(s) 'example_kubernetes_executor' retrieved from /home/airflow/.local/lib/python3.12/site-packages/airflow/example_dags/example_kubernetes_executor.py
[2025-08-17T01:02:39.284+0000] {logging_mixin.py:188} INFO - [2025-08-17T01:02:39.284+0000] {dag.py:3089} INFO - Sync 1 DAGs
[2025-08-17T01:02:39.297+0000] {logging_mixin.py:188} INFO - [2025-08-17T01:02:39.297+0000] {dag.py:3947} INFO - Setting next_dagrun for example_kubernetes_executor to None, run_after=None
[2025-08-17T01:02:39.318+0000] {processor.py:183} INFO - Processing /home/airflow/.local/lib/python3.12/site-packages/airflow/example_dags/example_kubernetes_executor.py took 0.095 seconds
[2025-08-17T01:03:09.556+0000] {processor.py:161} INFO - Started process (PID=284) to work on /home/airflow/.local/lib/python3.12/site-packages/airflow/example_dags/example_kubernetes_executor.py
[2025-08-17T01:03:09.557+0000] {processor.py:830} INFO - Processing file /home/airflow/.local/lib/python3.12/site-packages/airflow/example_dags/example_kubernetes_executor.py for tasks to queue
[2025-08-17T01:03:09.559+0000] {logging_mixin.py:188} INFO - [2025-08-17T01:03:09.559+0000] {dagbag.py:545} INFO - Filling up the DagBag from /home/airflow/.local/lib/python3.12/site-packages/airflow/example_dags/example_kubernetes_executor.py
[2025-08-17T01:03:09.572+0000] {processor.py:840} INFO - DAG(s) 'example_kubernetes_executor' retrieved from /home/airflow/.local/lib/python3.12/site-packages/airflow/example_dags/example_kubernetes_executor.py
[2025-08-17T01:03:09.608+0000] {logging_mixin.py:188} INFO - [2025-08-17T01:03:09.608+0000] {dag.py:3089} INFO - Sync 1 DAGs
[2025-08-17T01:03:09.619+0000] {logging_mixin.py:188} INFO - [2025-08-17T01:03:09.618+0000] {dag.py:3947} INFO - Setting next_dagrun for example_kubernetes_executor to None, run_after=None
[2025-08-17T01:03:09.638+0000] {processor.py:183} INFO - Processing /home/airflow/.local/lib/python3.12/site-packages/airflow/example_dags/example_kubernetes_executor.py took 0.087 seconds
[2025-08-17T01:03:39.774+0000] {processor.py:161} INFO - Started process (PID=343) to work on /home/airflow/.local/lib/python3.12/site-packages/airflow/example_dags/example_kubernetes_executor.py
[2025-08-17T01:03:39.775+0000] {processor.py:830} INFO - Processing file /home/airflow/.local/lib/python3.12/site-packages/airflow/example_dags/example_kubernetes_executor.py for tasks to queue
[2025-08-17T01:03:39.778+0000] {logging_mixin.py:188} INFO - [2025-08-17T01:03:39.777+0000] {dagbag.py:545} INFO - Filling up the DagBag from /home/airflow/.local/lib/python3.12/site-packages/airflow/example_dags/example_kubernetes_executor.py
[2025-08-17T01:03:39.789+0000] {processor.py:840} INFO - DAG(s) 'example_kubernetes_executor' retrieved from /home/airflow/.local/lib/python3.12/site-packages/airflow/example_dags/example_kubernetes_executor.py
[2025-08-17T01:03:39.823+0000] {logging_mixin.py:188} INFO - [2025-08-17T01:03:39.823+0000] {dag.py:3089} INFO - Sync 1 DAGs
[2025-08-17T01:03:39.834+0000] {logging_mixin.py:188} INFO - [2025-08-17T01:03:39.834+0000] {dag.py:3947} INFO - Setting next_dagrun for example_kubernetes_executor to None, run_after=None
[2025-08-17T01:03:39.852+0000] {processor.py:183} INFO - Processing /home/airflow/.local/lib/python3.12/site-packages/airflow/example_dags/example_kubernetes_executor.py took 0.084 seconds
[2025-08-17T01:04:10.354+0000] {processor.py:161} INFO - Started process (PID=402) to work on /home/airflow/.local/lib/python3.12/site-packages/airflow/example_dags/example_kubernetes_executor.py
[2025-08-17T01:04:10.355+0000] {processor.py:830} INFO - Processing file /home/airflow/.local/lib/python3.12/site-packages/airflow/example_dags/example_kubernetes_executor.py for tasks to queue
[2025-08-17T01:04:10.358+0000] {logging_mixin.py:188} INFO - [2025-08-17T01:04:10.358+0000] {dagbag.py:545} INFO - Filling up the DagBag from /home/airflow/.local/lib/python3.12/site-packages/airflow/example_dags/example_kubernetes_executor.py
[2025-08-17T01:04:10.373+0000] {processor.py:840} INFO - DAG(s) 'example_kubernetes_executor' retrieved from /home/airflow/.local/lib/python3.12/site-packages/airflow/example_dags/example_kubernetes_executor.py
[2025-08-17T01:04:10.429+0000] {logging_mixin.py:188} INFO - [2025-08-17T01:04:10.428+0000] {dag.py:3089} INFO - Sync 1 DAGs
[2025-08-17T01:04:10.448+0000] {logging_mixin.py:188} INFO - [2025-08-17T01:04:10.447+0000] {dag.py:3947} INFO - Setting next_dagrun for example_kubernetes_executor to None, run_after=None
[2025-08-17T01:04:10.477+0000] {processor.py:183} INFO - Processing /home/airflow/.local/lib/python3.12/site-packages/airflow/example_dags/example_kubernetes_executor.py took 0.130 seconds
[2025-08-17T01:04:40.865+0000] {processor.py:161} INFO - Started process (PID=461) to work on /home/airflow/.local/lib/python3.12/site-packages/airflow/example_dags/example_kubernetes_executor.py
[2025-08-17T01:04:40.866+0000] {processor.py:830} INFO - Processing file /home/airflow/.local/lib/python3.12/site-packages/airflow/example_dags/example_kubernetes_executor.py for tasks to queue
[2025-08-17T01:04:40.868+0000] {logging_mixin.py:188} INFO - [2025-08-17T01:04:40.868+0000] {dagbag.py:545} INFO - Filling up the DagBag from /home/airflow/.local/lib/python3.12/site-packages/airflow/example_dags/example_kubernetes_executor.py
[2025-08-17T01:04:40.881+0000] {processor.py:840} INFO - DAG(s) 'example_kubernetes_executor' retrieved from /home/airflow/.local/lib/python3.12/site-packages/airflow/example_dags/example_kubernetes_executor.py
[2025-08-17T01:04:40.921+0000] {logging_mixin.py:188} INFO - [2025-08-17T01:04:40.920+0000] {dag.py:3089} INFO - Sync 1 DAGs
[2025-08-17T01:04:40.933+0000] {logging_mixin.py:188} INFO - [2025-08-17T01:04:40.933+0000] {dag.py:3947} INFO - Setting next_dagrun for example_kubernetes_executor to None, run_after=None
[2025-08-17T01:04:40.953+0000] {processor.py:183} INFO - Processing /home/airflow/.local/lib/python3.12/site-packages/airflow/example_dags/example_kubernetes_executor.py took 0.095 seconds
[2025-08-17T01:05:11.641+0000] {processor.py:161} INFO - Started process (PID=520) to work on /home/airflow/.local/lib/python3.12/site-packages/airflow/example_dags/example_kubernetes_executor.py
[2025-08-17T01:05:11.642+0000] {processor.py:830} INFO - Processing file /home/airflow/.local/lib/python3.12/site-packages/airflow/example_dags/example_kubernetes_executor.py for tasks to queue
[2025-08-17T01:05:11.645+0000] {logging_mixin.py:188} INFO - [2025-08-17T01:05:11.644+0000] {dagbag.py:545} INFO - Filling up the DagBag from /home/airflow/.local/lib/python3.12/site-packages/airflow/example_dags/example_kubernetes_executor.py
[2025-08-17T01:05:11.658+0000] {processor.py:840} INFO - DAG(s) 'example_kubernetes_executor' retrieved from /home/airflow/.local/lib/python3.12/site-packages/airflow/example_dags/example_kubernetes_executor.py
[2025-08-17T01:05:11.697+0000] {logging_mixin.py:188} INFO - [2025-08-17T01:05:11.697+0000] {dag.py:3089} INFO - Sync 1 DAGs
[2025-08-17T01:05:11.713+0000] {logging_mixin.py:188} INFO - [2025-08-17T01:05:11.712+0000] {dag.py:3947} INFO - Setting next_dagrun for example_kubernetes_executor to None, run_after=None
[2025-08-17T01:05:11.732+0000] {processor.py:183} INFO - Processing /home/airflow/.local/lib/python3.12/site-packages/airflow/example_dags/example_kubernetes_executor.py took 0.098 seconds
[2025-08-17T01:05:42.225+0000] {processor.py:161} INFO - Started process (PID=579) to work on /home/airflow/.local/lib/python3.12/site-packages/airflow/example_dags/example_kubernetes_executor.py
[2025-08-17T01:05:42.226+0000] {processor.py:830} INFO - Processing file /home/airflow/.local/lib/python3.12/site-packages/airflow/example_dags/example_kubernetes_executor.py for tasks to queue
[2025-08-17T01:05:42.228+0000] {logging_mixin.py:188} INFO - [2025-08-17T01:05:42.228+0000] {dagbag.py:545} INFO - Filling up the DagBag from /home/airflow/.local/lib/python3.12/site-packages/airflow/example_dags/example_kubernetes_executor.py
[2025-08-17T01:05:42.240+0000] {processor.py:840} INFO - DAG(s) 'example_kubernetes_executor' retrieved from /home/airflow/.local/lib/python3.12/site-packages/airflow/example_dags/example_kubernetes_executor.py
[2025-08-17T01:05:42.277+0000] {logging_mixin.py:188} INFO - [2025-08-17T01:05:42.277+0000] {dag.py:3089} INFO - Sync 1 DAGs
[2025-08-17T01:05:42.290+0000] {logging_mixin.py:188} INFO - [2025-08-17T01:05:42.290+0000] {dag.py:3947} INFO - Setting next_dagrun for example_kubernetes_executor to None, run_after=None
[2025-08-17T01:05:42.310+0000] {processor.py:183} INFO - Processing /home/airflow/.local/lib/python3.12/site-packages/airflow/example_dags/example_kubernetes_executor.py took 0.092 seconds
[2025-08-17T01:06:13.300+0000] {processor.py:161} INFO - Started process (PID=638) to work on /home/airflow/.local/lib/python3.12/site-packages/airflow/example_dags/example_kubernetes_executor.py
[2025-08-17T01:06:13.302+0000] {processor.py:830} INFO - Processing file /home/airflow/.local/lib/python3.12/site-packages/airflow/example_dags/example_kubernetes_executor.py for tasks to queue
[2025-08-17T01:06:13.305+0000] {logging_mixin.py:188} INFO - [2025-08-17T01:06:13.305+0000] {dagbag.py:545} INFO - Filling up the DagBag from /home/airflow/.local/lib/python3.12/site-packages/airflow/example_dags/example_kubernetes_executor.py
[2025-08-17T01:06:13.321+0000] {processor.py:840} INFO - DAG(s) 'example_kubernetes_executor' retrieved from /home/airflow/.local/lib/python3.12/site-packages/airflow/example_dags/example_kubernetes_executor.py
[2025-08-17T01:06:13.365+0000] {logging_mixin.py:188} INFO - [2025-08-17T01:06:13.365+0000] {dag.py:3089} INFO - Sync 1 DAGs
[2025-08-17T01:06:13.380+0000] {logging_mixin.py:188} INFO - [2025-08-17T01:06:13.380+0000] {dag.py:3947} INFO - Setting next_dagrun for example_kubernetes_executor to None, run_after=None
[2025-08-17T01:06:13.404+0000] {processor.py:183} INFO - Processing /home/airflow/.local/lib/python3.12/site-packages/airflow/example_dags/example_kubernetes_executor.py took 0.111 seconds
[2025-08-17T01:06:43.620+0000] {processor.py:161} INFO - Started process (PID=697) to work on /home/airflow/.local/lib/python3.12/site-packages/airflow/example_dags/example_kubernetes_executor.py
[2025-08-17T01:06:43.621+0000] {processor.py:830} INFO - Processing file /home/airflow/.local/lib/python3.12/site-packages/airflow/example_dags/example_kubernetes_executor.py for tasks to queue
[2025-08-17T01:06:43.623+0000] {logging_mixin.py:188} INFO - [2025-08-17T01:06:43.623+0000] {dagbag.py:545} INFO - Filling up the DagBag from /home/airflow/.local/lib/python3.12/site-packages/airflow/example_dags/example_kubernetes_executor.py
[2025-08-17T01:06:43.637+0000] {processor.py:840} INFO - DAG(s) 'example_kubernetes_executor' retrieved from /home/airflow/.local/lib/python3.12/site-packages/airflow/example_dags/example_kubernetes_executor.py
[2025-08-17T01:06:43.683+0000] {logging_mixin.py:188} INFO - [2025-08-17T01:06:43.682+0000] {dag.py:3089} INFO - Sync 1 DAGs
[2025-08-17T01:06:43.697+0000] {logging_mixin.py:188} INFO - [2025-08-17T01:06:43.697+0000] {dag.py:3947} INFO - Setting next_dagrun for example_kubernetes_executor to None, run_after=None
[2025-08-17T01:06:43.722+0000] {processor.py:183} INFO - Processing /home/airflow/.local/lib/python3.12/site-packages/airflow/example_dags/example_kubernetes_executor.py took 0.109 seconds
[2025-08-17T01:07:14.422+0000] {processor.py:161} INFO - Started process (PID=756) to work on /home/airflow/.local/lib/python3.12/site-packages/airflow/example_dags/example_kubernetes_executor.py
[2025-08-17T01:07:14.423+0000] {processor.py:830} INFO - Processing file /home/airflow/.local/lib/python3.12/site-packages/airflow/example_dags/example_kubernetes_executor.py for tasks to queue
[2025-08-17T01:07:14.425+0000] {logging_mixin.py:188} INFO - [2025-08-17T01:07:14.424+0000] {dagbag.py:545} INFO - Filling up the DagBag from /home/airflow/.local/lib/python3.12/site-packages/airflow/example_dags/example_kubernetes_executor.py
[2025-08-17T01:07:14.437+0000] {processor.py:840} INFO - DAG(s) 'example_kubernetes_executor' retrieved from /home/airflow/.local/lib/python3.12/site-packages/airflow/example_dags/example_kubernetes_executor.py
[2025-08-17T01:07:14.472+0000] {logging_mixin.py:188} INFO - [2025-08-17T01:07:14.472+0000] {dag.py:3089} INFO - Sync 1 DAGs
[2025-08-17T01:07:14.484+0000] {logging_mixin.py:188} INFO - [2025-08-17T01:07:14.484+0000] {dag.py:3947} INFO - Setting next_dagrun for example_kubernetes_executor to None, run_after=None
[2025-08-17T01:07:14.502+0000] {processor.py:183} INFO - Processing /home/airflow/.local/lib/python3.12/site-packages/airflow/example_dags/example_kubernetes_executor.py took 0.087 seconds
[2025-08-17T01:07:45.179+0000] {processor.py:161} INFO - Started process (PID=816) to work on /home/airflow/.local/lib/python3.12/site-packages/airflow/example_dags/example_kubernetes_executor.py
[2025-08-17T01:07:45.180+0000] {processor.py:830} INFO - Processing file /home/airflow/.local/lib/python3.12/site-packages/airflow/example_dags/example_kubernetes_executor.py for tasks to queue
[2025-08-17T01:07:45.183+0000] {logging_mixin.py:188} INFO - [2025-08-17T01:07:45.182+0000] {dagbag.py:545} INFO - Filling up the DagBag from /home/airflow/.local/lib/python3.12/site-packages/airflow/example_dags/example_kubernetes_executor.py
[2025-08-17T01:07:45.195+0000] {processor.py:840} INFO - DAG(s) 'example_kubernetes_executor' retrieved from /home/airflow/.local/lib/python3.12/site-packages/airflow/example_dags/example_kubernetes_executor.py
[2025-08-17T01:07:45.232+0000] {logging_mixin.py:188} INFO - [2025-08-17T01:07:45.231+0000] {dag.py:3089} INFO - Sync 1 DAGs
[2025-08-17T01:07:45.244+0000] {logging_mixin.py:188} INFO - [2025-08-17T01:07:45.244+0000] {dag.py:3947} INFO - Setting next_dagrun for example_kubernetes_executor to None, run_after=None
[2025-08-17T01:07:45.264+0000] {processor.py:183} INFO - Processing /home/airflow/.local/lib/python3.12/site-packages/airflow/example_dags/example_kubernetes_executor.py took 0.090 seconds
[2025-08-17T01:08:15.694+0000] {processor.py:161} INFO - Started process (PID=875) to work on /home/airflow/.local/lib/python3.12/site-packages/airflow/example_dags/example_kubernetes_executor.py
[2025-08-17T01:08:15.695+0000] {processor.py:830} INFO - Processing file /home/airflow/.local/lib/python3.12/site-packages/airflow/example_dags/example_kubernetes_executor.py for tasks to queue
[2025-08-17T01:08:15.697+0000] {logging_mixin.py:188} INFO - [2025-08-17T01:08:15.697+0000] {dagbag.py:545} INFO - Filling up the DagBag from /home/airflow/.local/lib/python3.12/site-packages/airflow/example_dags/example_kubernetes_executor.py
[2025-08-17T01:08:15.708+0000] {processor.py:840} INFO - DAG(s) 'example_kubernetes_executor' retrieved from /home/airflow/.local/lib/python3.12/site-packages/airflow/example_dags/example_kubernetes_executor.py
[2025-08-17T01:08:15.742+0000] {logging_mixin.py:188} INFO - [2025-08-17T01:08:15.742+0000] {dag.py:3089} INFO - Sync 1 DAGs
[2025-08-17T01:08:15.755+0000] {logging_mixin.py:188} INFO - [2025-08-17T01:08:15.755+0000] {dag.py:3947} INFO - Setting next_dagrun for example_kubernetes_executor to None, run_after=None
[2025-08-17T01:08:15.775+0000] {processor.py:183} INFO - Processing /home/airflow/.local/lib/python3.12/site-packages/airflow/example_dags/example_kubernetes_executor.py took 0.087 seconds
[2025-08-17T01:08:46.189+0000] {processor.py:161} INFO - Started process (PID=934) to work on /home/airflow/.local/lib/python3.12/site-packages/airflow/example_dags/example_kubernetes_executor.py
[2025-08-17T01:08:46.190+0000] {processor.py:830} INFO - Processing file /home/airflow/.local/lib/python3.12/site-packages/airflow/example_dags/example_kubernetes_executor.py for tasks to queue
[2025-08-17T01:08:46.193+0000] {logging_mixin.py:188} INFO - [2025-08-17T01:08:46.192+0000] {dagbag.py:545} INFO - Filling up the DagBag from /home/airflow/.local/lib/python3.12/site-packages/airflow/example_dags/example_kubernetes_executor.py
[2025-08-17T01:08:46.204+0000] {processor.py:840} INFO - DAG(s) 'example_kubernetes_executor' retrieved from /home/airflow/.local/lib/python3.12/site-packages/airflow/example_dags/example_kubernetes_executor.py
[2025-08-17T01:08:46.238+0000] {logging_mixin.py:188} INFO - [2025-08-17T01:08:46.238+0000] {dag.py:3089} INFO - Sync 1 DAGs
[2025-08-17T01:08:46.248+0000] {logging_mixin.py:188} INFO - [2025-08-17T01:08:46.248+0000] {dag.py:3947} INFO - Setting next_dagrun for example_kubernetes_executor to None, run_after=None
[2025-08-17T01:08:46.267+0000] {processor.py:183} INFO - Processing /home/airflow/.local/lib/python3.12/site-packages/airflow/example_dags/example_kubernetes_executor.py took 0.083 seconds
[2025-08-17T01:09:17.173+0000] {processor.py:161} INFO - Started process (PID=993) to work on /home/airflow/.local/lib/python3.12/site-packages/airflow/example_dags/example_kubernetes_executor.py
[2025-08-17T01:09:17.174+0000] {processor.py:830} INFO - Processing file /home/airflow/.local/lib/python3.12/site-packages/airflow/example_dags/example_kubernetes_executor.py for tasks to queue
[2025-08-17T01:09:17.176+0000] {logging_mixin.py:188} INFO - [2025-08-17T01:09:17.176+0000] {dagbag.py:545} INFO - Filling up the DagBag from /home/airflow/.local/lib/python3.12/site-packages/airflow/example_dags/example_kubernetes_executor.py
[2025-08-17T01:09:17.189+0000] {processor.py:840} INFO - DAG(s) 'example_kubernetes_executor' retrieved from /home/airflow/.local/lib/python3.12/site-packages/airflow/example_dags/example_kubernetes_executor.py
[2025-08-17T01:09:17.227+0000] {logging_mixin.py:188} INFO - [2025-08-17T01:09:17.227+0000] {dag.py:3089} INFO - Sync 1 DAGs
[2025-08-17T01:09:17.239+0000] {logging_mixin.py:188} INFO - [2025-08-17T01:09:17.239+0000] {dag.py:3947} INFO - Setting next_dagrun for example_kubernetes_executor to None, run_after=None
[2025-08-17T01:09:17.259+0000] {processor.py:183} INFO - Processing /home/airflow/.local/lib/python3.12/site-packages/airflow/example_dags/example_kubernetes_executor.py took 0.091 seconds
[2025-08-17T01:09:47.828+0000] {processor.py:161} INFO - Started process (PID=1052) to work on /home/airflow/.local/lib/python3.12/site-packages/airflow/example_dags/example_kubernetes_executor.py
[2025-08-17T01:09:47.830+0000] {processor.py:830} INFO - Processing file /home/airflow/.local/lib/python3.12/site-packages/airflow/example_dags/example_kubernetes_executor.py for tasks to queue
[2025-08-17T01:09:47.833+0000] {logging_mixin.py:188} INFO - [2025-08-17T01:09:47.833+0000] {dagbag.py:545} INFO - Filling up the DagBag from /home/airflow/.local/lib/python3.12/site-packages/airflow/example_dags/example_kubernetes_executor.py
[2025-08-17T01:09:47.846+0000] {processor.py:840} INFO - DAG(s) 'example_kubernetes_executor' retrieved from /home/airflow/.local/lib/python3.12/site-packages/airflow/example_dags/example_kubernetes_executor.py
[2025-08-17T01:09:47.887+0000] {logging_mixin.py:188} INFO - [2025-08-17T01:09:47.886+0000] {dag.py:3089} INFO - Sync 1 DAGs
[2025-08-17T01:09:47.902+0000] {logging_mixin.py:188} INFO - [2025-08-17T01:09:47.902+0000] {dag.py:3947} INFO - Setting next_dagrun for example_kubernetes_executor to None, run_after=None
[2025-08-17T01:09:47.924+0000] {processor.py:183} INFO - Processing /home/airflow/.local/lib/python3.12/site-packages/airflow/example_dags/example_kubernetes_executor.py took 0.103 seconds
[2025-08-17T01:10:18.041+0000] {processor.py:161} INFO - Started process (PID=1112) to work on /home/airflow/.local/lib/python3.12/site-packages/airflow/example_dags/example_kubernetes_executor.py
[2025-08-17T01:10:18.042+0000] {processor.py:830} INFO - Processing file /home/airflow/.local/lib/python3.12/site-packages/airflow/example_dags/example_kubernetes_executor.py for tasks to queue
[2025-08-17T01:10:18.045+0000] {logging_mixin.py:188} INFO - [2025-08-17T01:10:18.045+0000] {dagbag.py:545} INFO - Filling up the DagBag from /home/airflow/.local/lib/python3.12/site-packages/airflow/example_dags/example_kubernetes_executor.py
[2025-08-17T01:10:18.056+0000] {processor.py:840} INFO - DAG(s) 'example_kubernetes_executor' retrieved from /home/airflow/.local/lib/python3.12/site-packages/airflow/example_dags/example_kubernetes_executor.py
[2025-08-17T01:10:18.091+0000] {logging_mixin.py:188} INFO - [2025-08-17T01:10:18.090+0000] {dag.py:3089} INFO - Sync 1 DAGs
[2025-08-17T01:10:18.102+0000] {logging_mixin.py:188} INFO - [2025-08-17T01:10:18.102+0000] {dag.py:3947} INFO - Setting next_dagrun for example_kubernetes_executor to None, run_after=None
[2025-08-17T01:10:18.121+0000] {processor.py:183} INFO - Processing /home/airflow/.local/lib/python3.12/site-packages/airflow/example_dags/example_kubernetes_executor.py took 0.084 seconds
[2025-08-17T01:10:48.440+0000] {processor.py:161} INFO - Started process (PID=1171) to work on /home/airflow/.local/lib/python3.12/site-packages/airflow/example_dags/example_kubernetes_executor.py
[2025-08-17T01:10:48.441+0000] {processor.py:830} INFO - Processing file /home/airflow/.local/lib/python3.12/site-packages/airflow/example_dags/example_kubernetes_executor.py for tasks to queue
[2025-08-17T01:10:48.443+0000] {logging_mixin.py:188} INFO - [2025-08-17T01:10:48.443+0000] {dagbag.py:545} INFO - Filling up the DagBag from /home/airflow/.local/lib/python3.12/site-packages/airflow/example_dags/example_kubernetes_executor.py
[2025-08-17T01:10:48.454+0000] {processor.py:840} INFO - DAG(s) 'example_kubernetes_executor' retrieved from /home/airflow/.local/lib/python3.12/site-packages/airflow/example_dags/example_kubernetes_executor.py
[2025-08-17T01:10:48.490+0000] {logging_mixin.py:188} INFO - [2025-08-17T01:10:48.489+0000] {dag.py:3089} INFO - Sync 1 DAGs
[2025-08-17T01:10:48.502+0000] {logging_mixin.py:188} INFO - [2025-08-17T01:10:48.501+0000] {dag.py:3947} INFO - Setting next_dagrun for example_kubernetes_executor to None, run_after=None
[2025-08-17T01:10:48.520+0000] {processor.py:183} INFO - Processing /home/airflow/.local/lib/python3.12/site-packages/airflow/example_dags/example_kubernetes_executor.py took 0.085 seconds
[2025-08-17T01:11:18.851+0000] {processor.py:161} INFO - Started process (PID=1230) to work on /home/airflow/.local/lib/python3.12/site-packages/airflow/example_dags/example_kubernetes_executor.py
[2025-08-17T01:11:18.852+0000] {processor.py:830} INFO - Processing file /home/airflow/.local/lib/python3.12/site-packages/airflow/example_dags/example_kubernetes_executor.py for tasks to queue
[2025-08-17T01:11:18.854+0000] {logging_mixin.py:188} INFO - [2025-08-17T01:11:18.854+0000] {dagbag.py:545} INFO - Filling up the DagBag from /home/airflow/.local/lib/python3.12/site-packages/airflow/example_dags/example_kubernetes_executor.py
[2025-08-17T01:11:18.867+0000] {processor.py:840} INFO - DAG(s) 'example_kubernetes_executor' retrieved from /home/airflow/.local/lib/python3.12/site-packages/airflow/example_dags/example_kubernetes_executor.py
[2025-08-17T01:11:18.905+0000] {logging_mixin.py:188} INFO - [2025-08-17T01:11:18.905+0000] {dag.py:3089} INFO - Sync 1 DAGs
[2025-08-17T01:11:18.918+0000] {logging_mixin.py:188} INFO - [2025-08-17T01:11:18.917+0000] {dag.py:3947} INFO - Setting next_dagrun for example_kubernetes_executor to None, run_after=None
[2025-08-17T01:11:18.937+0000] {processor.py:183} INFO - Processing /home/airflow/.local/lib/python3.12/site-packages/airflow/example_dags/example_kubernetes_executor.py took 0.093 seconds
[2025-08-17T01:11:49.580+0000] {processor.py:161} INFO - Started process (PID=1289) to work on /home/airflow/.local/lib/python3.12/site-packages/airflow/example_dags/example_kubernetes_executor.py
[2025-08-17T01:11:49.581+0000] {processor.py:830} INFO - Processing file /home/airflow/.local/lib/python3.12/site-packages/airflow/example_dags/example_kubernetes_executor.py for tasks to queue
[2025-08-17T01:11:49.584+0000] {logging_mixin.py:188} INFO - [2025-08-17T01:11:49.583+0000] {dagbag.py:545} INFO - Filling up the DagBag from /home/airflow/.local/lib/python3.12/site-packages/airflow/example_dags/example_kubernetes_executor.py
[2025-08-17T01:11:49.597+0000] {processor.py:840} INFO - DAG(s) 'example_kubernetes_executor' retrieved from /home/airflow/.local/lib/python3.12/site-packages/airflow/example_dags/example_kubernetes_executor.py
[2025-08-17T01:11:49.634+0000] {logging_mixin.py:188} INFO - [2025-08-17T01:11:49.634+0000] {dag.py:3089} INFO - Sync 1 DAGs
[2025-08-17T01:11:49.646+0000] {logging_mixin.py:188} INFO - [2025-08-17T01:11:49.646+0000] {dag.py:3947} INFO - Setting next_dagrun for example_kubernetes_executor to None, run_after=None
[2025-08-17T01:11:49.671+0000] {processor.py:183} INFO - Processing /home/airflow/.local/lib/python3.12/site-packages/airflow/example_dags/example_kubernetes_executor.py took 0.096 seconds
[2025-08-17T01:12:20.166+0000] {processor.py:161} INFO - Started process (PID=1348) to work on /home/airflow/.local/lib/python3.12/site-packages/airflow/example_dags/example_kubernetes_executor.py
[2025-08-17T01:12:20.168+0000] {processor.py:830} INFO - Processing file /home/airflow/.local/lib/python3.12/site-packages/airflow/example_dags/example_kubernetes_executor.py for tasks to queue
[2025-08-17T01:12:20.170+0000] {logging_mixin.py:188} INFO - [2025-08-17T01:12:20.170+0000] {dagbag.py:545} INFO - Filling up the DagBag from /home/airflow/.local/lib/python3.12/site-packages/airflow/example_dags/example_kubernetes_executor.py
[2025-08-17T01:12:20.183+0000] {processor.py:840} INFO - DAG(s) 'example_kubernetes_executor' retrieved from /home/airflow/.local/lib/python3.12/site-packages/airflow/example_dags/example_kubernetes_executor.py
[2025-08-17T01:12:20.224+0000] {logging_mixin.py:188} INFO - [2025-08-17T01:12:20.223+0000] {dag.py:3089} INFO - Sync 1 DAGs
[2025-08-17T01:12:20.236+0000] {logging_mixin.py:188} INFO - [2025-08-17T01:12:20.236+0000] {dag.py:3947} INFO - Setting next_dagrun for example_kubernetes_executor to None, run_after=None
[2025-08-17T01:12:20.255+0000] {processor.py:183} INFO - Processing /home/airflow/.local/lib/python3.12/site-packages/airflow/example_dags/example_kubernetes_executor.py took 0.095 seconds
[2025-08-17T01:12:50.301+0000] {processor.py:161} INFO - Started process (PID=1407) to work on /home/airflow/.local/lib/python3.12/site-packages/airflow/example_dags/example_kubernetes_executor.py
[2025-08-17T01:12:50.302+0000] {processor.py:830} INFO - Processing file /home/airflow/.local/lib/python3.12/site-packages/airflow/example_dags/example_kubernetes_executor.py for tasks to queue
[2025-08-17T01:12:50.305+0000] {logging_mixin.py:188} INFO - [2025-08-17T01:12:50.305+0000] {dagbag.py:545} INFO - Filling up the DagBag from /home/airflow/.local/lib/python3.12/site-packages/airflow/example_dags/example_kubernetes_executor.py
[2025-08-17T01:12:50.321+0000] {processor.py:840} INFO - DAG(s) 'example_kubernetes_executor' retrieved from /home/airflow/.local/lib/python3.12/site-packages/airflow/example_dags/example_kubernetes_executor.py
[2025-08-17T01:12:50.362+0000] {logging_mixin.py:188} INFO - [2025-08-17T01:12:50.362+0000] {dag.py:3089} INFO - Sync 1 DAGs
[2025-08-17T01:12:50.376+0000] {logging_mixin.py:188} INFO - [2025-08-17T01:12:50.376+0000] {dag.py:3947} INFO - Setting next_dagrun for example_kubernetes_executor to None, run_after=None
[2025-08-17T01:12:50.398+0000] {processor.py:183} INFO - Processing /home/airflow/.local/lib/python3.12/site-packages/airflow/example_dags/example_kubernetes_executor.py took 0.105 seconds
[2025-08-17T01:13:20.723+0000] {processor.py:161} INFO - Started process (PID=1467) to work on /home/airflow/.local/lib/python3.12/site-packages/airflow/example_dags/example_kubernetes_executor.py
[2025-08-17T01:13:20.724+0000] {processor.py:830} INFO - Processing file /home/airflow/.local/lib/python3.12/site-packages/airflow/example_dags/example_kubernetes_executor.py for tasks to queue
[2025-08-17T01:13:20.726+0000] {logging_mixin.py:188} INFO - [2025-08-17T01:13:20.726+0000] {dagbag.py:545} INFO - Filling up the DagBag from /home/airflow/.local/lib/python3.12/site-packages/airflow/example_dags/example_kubernetes_executor.py
[2025-08-17T01:13:20.739+0000] {processor.py:840} INFO - DAG(s) 'example_kubernetes_executor' retrieved from /home/airflow/.local/lib/python3.12/site-packages/airflow/example_dags/example_kubernetes_executor.py
[2025-08-17T01:13:20.786+0000] {logging_mixin.py:188} INFO - [2025-08-17T01:13:20.786+0000] {dag.py:3089} INFO - Sync 1 DAGs
[2025-08-17T01:13:20.803+0000] {logging_mixin.py:188} INFO - [2025-08-17T01:13:20.802+0000] {dag.py:3947} INFO - Setting next_dagrun for example_kubernetes_executor to None, run_after=None
[2025-08-17T01:13:20.826+0000] {processor.py:183} INFO - Processing /home/airflow/.local/lib/python3.12/site-packages/airflow/example_dags/example_kubernetes_executor.py took 0.110 seconds
[2025-08-17T01:13:51.312+0000] {processor.py:161} INFO - Started process (PID=1526) to work on /home/airflow/.local/lib/python3.12/site-packages/airflow/example_dags/example_kubernetes_executor.py
[2025-08-17T01:13:51.314+0000] {processor.py:830} INFO - Processing file /home/airflow/.local/lib/python3.12/site-packages/airflow/example_dags/example_kubernetes_executor.py for tasks to queue
[2025-08-17T01:13:51.316+0000] {logging_mixin.py:188} INFO - [2025-08-17T01:13:51.316+0000] {dagbag.py:545} INFO - Filling up the DagBag from /home/airflow/.local/lib/python3.12/site-packages/airflow/example_dags/example_kubernetes_executor.py
[2025-08-17T01:13:51.330+0000] {processor.py:840} INFO - DAG(s) 'example_kubernetes_executor' retrieved from /home/airflow/.local/lib/python3.12/site-packages/airflow/example_dags/example_kubernetes_executor.py
[2025-08-17T01:13:51.369+0000] {logging_mixin.py:188} INFO - [2025-08-17T01:13:51.368+0000] {dag.py:3089} INFO - Sync 1 DAGs
[2025-08-17T01:13:51.385+0000] {logging_mixin.py:188} INFO - [2025-08-17T01:13:51.385+0000] {dag.py:3947} INFO - Setting next_dagrun for example_kubernetes_executor to None, run_after=None
[2025-08-17T01:13:51.408+0000] {processor.py:183} INFO - Processing /home/airflow/.local/lib/python3.12/site-packages/airflow/example_dags/example_kubernetes_executor.py took 0.102 seconds
[2025-08-17T01:14:22.272+0000] {processor.py:161} INFO - Started process (PID=1585) to work on /home/airflow/.local/lib/python3.12/site-packages/airflow/example_dags/example_kubernetes_executor.py
[2025-08-17T01:14:22.274+0000] {processor.py:830} INFO - Processing file /home/airflow/.local/lib/python3.12/site-packages/airflow/example_dags/example_kubernetes_executor.py for tasks to queue
[2025-08-17T01:14:22.277+0000] {logging_mixin.py:188} INFO - [2025-08-17T01:14:22.277+0000] {dagbag.py:545} INFO - Filling up the DagBag from /home/airflow/.local/lib/python3.12/site-packages/airflow/example_dags/example_kubernetes_executor.py
[2025-08-17T01:14:22.291+0000] {processor.py:840} INFO - DAG(s) 'example_kubernetes_executor' retrieved from /home/airflow/.local/lib/python3.12/site-packages/airflow/example_dags/example_kubernetes_executor.py
[2025-08-17T01:14:22.334+0000] {logging_mixin.py:188} INFO - [2025-08-17T01:14:22.333+0000] {dag.py:3089} INFO - Sync 1 DAGs
[2025-08-17T01:14:22.348+0000] {logging_mixin.py:188} INFO - [2025-08-17T01:14:22.348+0000] {dag.py:3947} INFO - Setting next_dagrun for example_kubernetes_executor to None, run_after=None
[2025-08-17T01:14:22.374+0000] {processor.py:183} INFO - Processing /home/airflow/.local/lib/python3.12/site-packages/airflow/example_dags/example_kubernetes_executor.py took 0.108 seconds
[2025-08-17T01:14:53.419+0000] {processor.py:161} INFO - Started process (PID=1644) to work on /home/airflow/.local/lib/python3.12/site-packages/airflow/example_dags/example_kubernetes_executor.py
[2025-08-17T01:14:53.420+0000] {processor.py:830} INFO - Processing file /home/airflow/.local/lib/python3.12/site-packages/airflow/example_dags/example_kubernetes_executor.py for tasks to queue
[2025-08-17T01:14:53.423+0000] {logging_mixin.py:188} INFO - [2025-08-17T01:14:53.422+0000] {dagbag.py:545} INFO - Filling up the DagBag from /home/airflow/.local/lib/python3.12/site-packages/airflow/example_dags/example_kubernetes_executor.py
[2025-08-17T01:14:53.437+0000] {processor.py:840} INFO - DAG(s) 'example_kubernetes_executor' retrieved from /home/airflow/.local/lib/python3.12/site-packages/airflow/example_dags/example_kubernetes_executor.py
[2025-08-17T01:14:53.486+0000] {logging_mixin.py:188} INFO - [2025-08-17T01:14:53.485+0000] {dag.py:3089} INFO - Sync 1 DAGs
[2025-08-17T01:14:53.501+0000] {logging_mixin.py:188} INFO - [2025-08-17T01:14:53.501+0000] {dag.py:3947} INFO - Setting next_dagrun for example_kubernetes_executor to None, run_after=None
[2025-08-17T01:14:53.527+0000] {processor.py:183} INFO - Processing /home/airflow/.local/lib/python3.12/site-packages/airflow/example_dags/example_kubernetes_executor.py took 0.115 seconds
[2025-08-17T01:15:24.488+0000] {processor.py:161} INFO - Started process (PID=1703) to work on /home/airflow/.local/lib/python3.12/site-packages/airflow/example_dags/example_kubernetes_executor.py
[2025-08-17T01:15:24.489+0000] {processor.py:830} INFO - Processing file /home/airflow/.local/lib/python3.12/site-packages/airflow/example_dags/example_kubernetes_executor.py for tasks to queue
[2025-08-17T01:15:24.491+0000] {logging_mixin.py:188} INFO - [2025-08-17T01:15:24.491+0000] {dagbag.py:545} INFO - Filling up the DagBag from /home/airflow/.local/lib/python3.12/site-packages/airflow/example_dags/example_kubernetes_executor.py
[2025-08-17T01:15:24.502+0000] {processor.py:840} INFO - DAG(s) 'example_kubernetes_executor' retrieved from /home/airflow/.local/lib/python3.12/site-packages/airflow/example_dags/example_kubernetes_executor.py
[2025-08-17T01:15:24.549+0000] {logging_mixin.py:188} INFO - [2025-08-17T01:15:24.549+0000] {dag.py:3089} INFO - Sync 1 DAGs
[2025-08-17T01:15:24.563+0000] {logging_mixin.py:188} INFO - [2025-08-17T01:15:24.562+0000] {dag.py:3947} INFO - Setting next_dagrun for example_kubernetes_executor to None, run_after=None
[2025-08-17T01:15:24.587+0000] {processor.py:183} INFO - Processing /home/airflow/.local/lib/python3.12/site-packages/airflow/example_dags/example_kubernetes_executor.py took 0.105 seconds
[2025-08-17T01:15:55.857+0000] {processor.py:161} INFO - Started process (PID=1762) to work on /home/airflow/.local/lib/python3.12/site-packages/airflow/example_dags/example_kubernetes_executor.py
[2025-08-17T01:15:55.859+0000] {processor.py:830} INFO - Processing file /home/airflow/.local/lib/python3.12/site-packages/airflow/example_dags/example_kubernetes_executor.py for tasks to queue
[2025-08-17T01:15:55.866+0000] {logging_mixin.py:188} INFO - [2025-08-17T01:15:55.865+0000] {dagbag.py:545} INFO - Filling up the DagBag from /home/airflow/.local/lib/python3.12/site-packages/airflow/example_dags/example_kubernetes_executor.py
[2025-08-17T01:15:55.889+0000] {processor.py:840} INFO - DAG(s) 'example_kubernetes_executor' retrieved from /home/airflow/.local/lib/python3.12/site-packages/airflow/example_dags/example_kubernetes_executor.py
[2025-08-17T01:15:55.960+0000] {logging_mixin.py:188} INFO - [2025-08-17T01:15:55.959+0000] {dag.py:3089} INFO - Sync 1 DAGs
[2025-08-17T01:15:55.980+0000] {logging_mixin.py:188} INFO - [2025-08-17T01:15:55.979+0000] {dag.py:3947} INFO - Setting next_dagrun for example_kubernetes_executor to None, run_after=None
[2025-08-17T01:15:56.018+0000] {processor.py:183} INFO - Processing /home/airflow/.local/lib/python3.12/site-packages/airflow/example_dags/example_kubernetes_executor.py took 0.171 seconds
[2025-08-17T01:16:26.312+0000] {processor.py:161} INFO - Started process (PID=1821) to work on /home/airflow/.local/lib/python3.12/site-packages/airflow/example_dags/example_kubernetes_executor.py
[2025-08-17T01:16:26.313+0000] {processor.py:830} INFO - Processing file /home/airflow/.local/lib/python3.12/site-packages/airflow/example_dags/example_kubernetes_executor.py for tasks to queue
[2025-08-17T01:16:26.316+0000] {logging_mixin.py:188} INFO - [2025-08-17T01:16:26.315+0000] {dagbag.py:545} INFO - Filling up the DagBag from /home/airflow/.local/lib/python3.12/site-packages/airflow/example_dags/example_kubernetes_executor.py
[2025-08-17T01:16:26.329+0000] {processor.py:840} INFO - DAG(s) 'example_kubernetes_executor' retrieved from /home/airflow/.local/lib/python3.12/site-packages/airflow/example_dags/example_kubernetes_executor.py
[2025-08-17T01:16:26.525+0000] {logging_mixin.py:188} INFO - [2025-08-17T01:16:26.525+0000] {dag.py:3089} INFO - Sync 1 DAGs
[2025-08-17T01:16:26.537+0000] {logging_mixin.py:188} INFO - [2025-08-17T01:16:26.536+0000] {dag.py:3947} INFO - Setting next_dagrun for example_kubernetes_executor to None, run_after=None
[2025-08-17T01:16:26.555+0000] {processor.py:183} INFO - Processing /home/airflow/.local/lib/python3.12/site-packages/airflow/example_dags/example_kubernetes_executor.py took 0.250 seconds
[2025-08-17T01:17:43.124+0000] {processor.py:161} INFO - Started process (PID=113) to work on /home/airflow/.local/lib/python3.12/site-packages/airflow/example_dags/example_kubernetes_executor.py
[2025-08-17T01:17:43.126+0000] {processor.py:830} INFO - Processing file /home/airflow/.local/lib/python3.12/site-packages/airflow/example_dags/example_kubernetes_executor.py for tasks to queue
[2025-08-17T01:17:43.128+0000] {logging_mixin.py:188} INFO - [2025-08-17T01:17:43.128+0000] {dagbag.py:545} INFO - Filling up the DagBag from /home/airflow/.local/lib/python3.12/site-packages/airflow/example_dags/example_kubernetes_executor.py
[2025-08-17T01:17:43.147+0000] {processor.py:840} INFO - DAG(s) 'example_kubernetes_executor' retrieved from /home/airflow/.local/lib/python3.12/site-packages/airflow/example_dags/example_kubernetes_executor.py
[2025-08-17T01:17:43.301+0000] {logging_mixin.py:188} INFO - [2025-08-17T01:17:43.301+0000] {dag.py:3089} INFO - Sync 1 DAGs
[2025-08-17T01:17:43.315+0000] {logging_mixin.py:188} INFO - [2025-08-17T01:17:43.314+0000] {dag.py:3947} INFO - Setting next_dagrun for example_kubernetes_executor to None, run_after=None
[2025-08-17T01:17:43.339+0000] {processor.py:183} INFO - Processing /home/airflow/.local/lib/python3.12/site-packages/airflow/example_dags/example_kubernetes_executor.py took 0.223 seconds
[2025-08-17T01:18:13.578+0000] {processor.py:161} INFO - Started process (PID=172) to work on /home/airflow/.local/lib/python3.12/site-packages/airflow/example_dags/example_kubernetes_executor.py
[2025-08-17T01:18:13.580+0000] {processor.py:830} INFO - Processing file /home/airflow/.local/lib/python3.12/site-packages/airflow/example_dags/example_kubernetes_executor.py for tasks to queue
[2025-08-17T01:18:13.585+0000] {logging_mixin.py:188} INFO - [2025-08-17T01:18:13.584+0000] {dagbag.py:545} INFO - Filling up the DagBag from /home/airflow/.local/lib/python3.12/site-packages/airflow/example_dags/example_kubernetes_executor.py
[2025-08-17T01:18:13.612+0000] {processor.py:840} INFO - DAG(s) 'example_kubernetes_executor' retrieved from /home/airflow/.local/lib/python3.12/site-packages/airflow/example_dags/example_kubernetes_executor.py
[2025-08-17T01:18:13.678+0000] {logging_mixin.py:188} INFO - [2025-08-17T01:18:13.678+0000] {dag.py:3089} INFO - Sync 1 DAGs
[2025-08-17T01:18:13.708+0000] {logging_mixin.py:188} INFO - [2025-08-17T01:18:13.707+0000] {dag.py:3947} INFO - Setting next_dagrun for example_kubernetes_executor to None, run_after=None
[2025-08-17T01:18:13.777+0000] {processor.py:183} INFO - Processing /home/airflow/.local/lib/python3.12/site-packages/airflow/example_dags/example_kubernetes_executor.py took 0.208 seconds
[2025-08-17T01:18:44.191+0000] {processor.py:161} INFO - Started process (PID=231) to work on /home/airflow/.local/lib/python3.12/site-packages/airflow/example_dags/example_kubernetes_executor.py
[2025-08-17T01:18:44.193+0000] {processor.py:830} INFO - Processing file /home/airflow/.local/lib/python3.12/site-packages/airflow/example_dags/example_kubernetes_executor.py for tasks to queue
[2025-08-17T01:18:44.196+0000] {logging_mixin.py:188} INFO - [2025-08-17T01:18:44.195+0000] {dagbag.py:545} INFO - Filling up the DagBag from /home/airflow/.local/lib/python3.12/site-packages/airflow/example_dags/example_kubernetes_executor.py
[2025-08-17T01:18:44.210+0000] {processor.py:840} INFO - DAG(s) 'example_kubernetes_executor' retrieved from /home/airflow/.local/lib/python3.12/site-packages/airflow/example_dags/example_kubernetes_executor.py
[2025-08-17T01:18:44.252+0000] {logging_mixin.py:188} INFO - [2025-08-17T01:18:44.251+0000] {dag.py:3089} INFO - Sync 1 DAGs
[2025-08-17T01:18:44.265+0000] {logging_mixin.py:188} INFO - [2025-08-17T01:18:44.265+0000] {dag.py:3947} INFO - Setting next_dagrun for example_kubernetes_executor to None, run_after=None
[2025-08-17T01:18:44.286+0000] {processor.py:183} INFO - Processing /home/airflow/.local/lib/python3.12/site-packages/airflow/example_dags/example_kubernetes_executor.py took 0.100 seconds
[2025-08-17T01:19:14.410+0000] {processor.py:161} INFO - Started process (PID=290) to work on /home/airflow/.local/lib/python3.12/site-packages/airflow/example_dags/example_kubernetes_executor.py
[2025-08-17T01:19:14.411+0000] {processor.py:830} INFO - Processing file /home/airflow/.local/lib/python3.12/site-packages/airflow/example_dags/example_kubernetes_executor.py for tasks to queue
[2025-08-17T01:19:14.413+0000] {logging_mixin.py:188} INFO - [2025-08-17T01:19:14.413+0000] {dagbag.py:545} INFO - Filling up the DagBag from /home/airflow/.local/lib/python3.12/site-packages/airflow/example_dags/example_kubernetes_executor.py
[2025-08-17T01:19:14.426+0000] {processor.py:840} INFO - DAG(s) 'example_kubernetes_executor' retrieved from /home/airflow/.local/lib/python3.12/site-packages/airflow/example_dags/example_kubernetes_executor.py
[2025-08-17T01:19:14.468+0000] {logging_mixin.py:188} INFO - [2025-08-17T01:19:14.468+0000] {dag.py:3089} INFO - Sync 1 DAGs
[2025-08-17T01:19:14.482+0000] {logging_mixin.py:188} INFO - [2025-08-17T01:19:14.481+0000] {dag.py:3947} INFO - Setting next_dagrun for example_kubernetes_executor to None, run_after=None
[2025-08-17T01:19:14.500+0000] {processor.py:183} INFO - Processing /home/airflow/.local/lib/python3.12/site-packages/airflow/example_dags/example_kubernetes_executor.py took 0.096 seconds
[2025-08-17T01:19:44.595+0000] {processor.py:161} INFO - Started process (PID=349) to work on /home/airflow/.local/lib/python3.12/site-packages/airflow/example_dags/example_kubernetes_executor.py
[2025-08-17T01:19:44.596+0000] {processor.py:830} INFO - Processing file /home/airflow/.local/lib/python3.12/site-packages/airflow/example_dags/example_kubernetes_executor.py for tasks to queue
[2025-08-17T01:19:44.599+0000] {logging_mixin.py:188} INFO - [2025-08-17T01:19:44.598+0000] {dagbag.py:545} INFO - Filling up the DagBag from /home/airflow/.local/lib/python3.12/site-packages/airflow/example_dags/example_kubernetes_executor.py
[2025-08-17T01:19:44.611+0000] {processor.py:840} INFO - DAG(s) 'example_kubernetes_executor' retrieved from /home/airflow/.local/lib/python3.12/site-packages/airflow/example_dags/example_kubernetes_executor.py
[2025-08-17T01:19:44.650+0000] {logging_mixin.py:188} INFO - [2025-08-17T01:19:44.649+0000] {dag.py:3089} INFO - Sync 1 DAGs
[2025-08-17T01:19:44.663+0000] {logging_mixin.py:188} INFO - [2025-08-17T01:19:44.663+0000] {dag.py:3947} INFO - Setting next_dagrun for example_kubernetes_executor to None, run_after=None
[2025-08-17T01:19:44.683+0000] {processor.py:183} INFO - Processing /home/airflow/.local/lib/python3.12/site-packages/airflow/example_dags/example_kubernetes_executor.py took 0.094 seconds
[2025-08-17T01:20:14.976+0000] {processor.py:161} INFO - Started process (PID=409) to work on /home/airflow/.local/lib/python3.12/site-packages/airflow/example_dags/example_kubernetes_executor.py
[2025-08-17T01:20:14.978+0000] {processor.py:830} INFO - Processing file /home/airflow/.local/lib/python3.12/site-packages/airflow/example_dags/example_kubernetes_executor.py for tasks to queue
[2025-08-17T01:20:14.981+0000] {logging_mixin.py:188} INFO - [2025-08-17T01:20:14.980+0000] {dagbag.py:545} INFO - Filling up the DagBag from /home/airflow/.local/lib/python3.12/site-packages/airflow/example_dags/example_kubernetes_executor.py
[2025-08-17T01:20:14.994+0000] {processor.py:840} INFO - DAG(s) 'example_kubernetes_executor' retrieved from /home/airflow/.local/lib/python3.12/site-packages/airflow/example_dags/example_kubernetes_executor.py
[2025-08-17T01:20:15.042+0000] {logging_mixin.py:188} INFO - [2025-08-17T01:20:15.042+0000] {dag.py:3089} INFO - Sync 1 DAGs
[2025-08-17T01:20:15.061+0000] {logging_mixin.py:188} INFO - [2025-08-17T01:20:15.060+0000] {dag.py:3947} INFO - Setting next_dagrun for example_kubernetes_executor to None, run_after=None
[2025-08-17T01:20:15.084+0000] {processor.py:183} INFO - Processing /home/airflow/.local/lib/python3.12/site-packages/airflow/example_dags/example_kubernetes_executor.py took 0.115 seconds
[2025-08-17T01:20:45.144+0000] {processor.py:161} INFO - Started process (PID=469) to work on /home/airflow/.local/lib/python3.12/site-packages/airflow/example_dags/example_kubernetes_executor.py
[2025-08-17T01:20:45.145+0000] {processor.py:830} INFO - Processing file /home/airflow/.local/lib/python3.12/site-packages/airflow/example_dags/example_kubernetes_executor.py for tasks to queue
[2025-08-17T01:20:45.147+0000] {logging_mixin.py:188} INFO - [2025-08-17T01:20:45.147+0000] {dagbag.py:545} INFO - Filling up the DagBag from /home/airflow/.local/lib/python3.12/site-packages/airflow/example_dags/example_kubernetes_executor.py
[2025-08-17T01:20:45.159+0000] {processor.py:840} INFO - DAG(s) 'example_kubernetes_executor' retrieved from /home/airflow/.local/lib/python3.12/site-packages/airflow/example_dags/example_kubernetes_executor.py
[2025-08-17T01:20:45.198+0000] {logging_mixin.py:188} INFO - [2025-08-17T01:20:45.198+0000] {dag.py:3089} INFO - Sync 1 DAGs
[2025-08-17T01:20:45.211+0000] {logging_mixin.py:188} INFO - [2025-08-17T01:20:45.211+0000] {dag.py:3947} INFO - Setting next_dagrun for example_kubernetes_executor to None, run_after=None
[2025-08-17T01:20:45.230+0000] {processor.py:183} INFO - Processing /home/airflow/.local/lib/python3.12/site-packages/airflow/example_dags/example_kubernetes_executor.py took 0.092 seconds
[2025-08-17T01:21:15.739+0000] {processor.py:161} INFO - Started process (PID=528) to work on /home/airflow/.local/lib/python3.12/site-packages/airflow/example_dags/example_kubernetes_executor.py
[2025-08-17T01:21:15.741+0000] {processor.py:830} INFO - Processing file /home/airflow/.local/lib/python3.12/site-packages/airflow/example_dags/example_kubernetes_executor.py for tasks to queue
[2025-08-17T01:21:15.743+0000] {logging_mixin.py:188} INFO - [2025-08-17T01:21:15.742+0000] {dagbag.py:545} INFO - Filling up the DagBag from /home/airflow/.local/lib/python3.12/site-packages/airflow/example_dags/example_kubernetes_executor.py
[2025-08-17T01:21:15.754+0000] {processor.py:840} INFO - DAG(s) 'example_kubernetes_executor' retrieved from /home/airflow/.local/lib/python3.12/site-packages/airflow/example_dags/example_kubernetes_executor.py
[2025-08-17T01:21:15.794+0000] {logging_mixin.py:188} INFO - [2025-08-17T01:21:15.793+0000] {dag.py:3089} INFO - Sync 1 DAGs
[2025-08-17T01:21:15.805+0000] {logging_mixin.py:188} INFO - [2025-08-17T01:21:15.805+0000] {dag.py:3947} INFO - Setting next_dagrun for example_kubernetes_executor to None, run_after=None
[2025-08-17T01:21:15.825+0000] {processor.py:183} INFO - Processing /home/airflow/.local/lib/python3.12/site-packages/airflow/example_dags/example_kubernetes_executor.py took 0.091 seconds
[2025-08-17T01:21:46.135+0000] {processor.py:161} INFO - Started process (PID=587) to work on /home/airflow/.local/lib/python3.12/site-packages/airflow/example_dags/example_kubernetes_executor.py
[2025-08-17T01:21:46.139+0000] {processor.py:830} INFO - Processing file /home/airflow/.local/lib/python3.12/site-packages/airflow/example_dags/example_kubernetes_executor.py for tasks to queue
[2025-08-17T01:21:46.143+0000] {logging_mixin.py:188} INFO - [2025-08-17T01:21:46.142+0000] {dagbag.py:545} INFO - Filling up the DagBag from /home/airflow/.local/lib/python3.12/site-packages/airflow/example_dags/example_kubernetes_executor.py
[2025-08-17T01:21:46.157+0000] {processor.py:840} INFO - DAG(s) 'example_kubernetes_executor' retrieved from /home/airflow/.local/lib/python3.12/site-packages/airflow/example_dags/example_kubernetes_executor.py
[2025-08-17T01:21:46.200+0000] {logging_mixin.py:188} INFO - [2025-08-17T01:21:46.199+0000] {dag.py:3089} INFO - Sync 1 DAGs
[2025-08-17T01:21:46.212+0000] {logging_mixin.py:188} INFO - [2025-08-17T01:21:46.212+0000] {dag.py:3947} INFO - Setting next_dagrun for example_kubernetes_executor to None, run_after=None
[2025-08-17T01:21:46.233+0000] {processor.py:183} INFO - Processing /home/airflow/.local/lib/python3.12/site-packages/airflow/example_dags/example_kubernetes_executor.py took 0.105 seconds
[2025-08-17T01:22:16.580+0000] {processor.py:161} INFO - Started process (PID=646) to work on /home/airflow/.local/lib/python3.12/site-packages/airflow/example_dags/example_kubernetes_executor.py
[2025-08-17T01:22:16.581+0000] {processor.py:830} INFO - Processing file /home/airflow/.local/lib/python3.12/site-packages/airflow/example_dags/example_kubernetes_executor.py for tasks to queue
[2025-08-17T01:22:16.584+0000] {logging_mixin.py:188} INFO - [2025-08-17T01:22:16.583+0000] {dagbag.py:545} INFO - Filling up the DagBag from /home/airflow/.local/lib/python3.12/site-packages/airflow/example_dags/example_kubernetes_executor.py
[2025-08-17T01:22:16.596+0000] {processor.py:840} INFO - DAG(s) 'example_kubernetes_executor' retrieved from /home/airflow/.local/lib/python3.12/site-packages/airflow/example_dags/example_kubernetes_executor.py
[2025-08-17T01:22:16.635+0000] {logging_mixin.py:188} INFO - [2025-08-17T01:22:16.635+0000] {dag.py:3089} INFO - Sync 1 DAGs
[2025-08-17T01:22:16.649+0000] {logging_mixin.py:188} INFO - [2025-08-17T01:22:16.649+0000] {dag.py:3947} INFO - Setting next_dagrun for example_kubernetes_executor to None, run_after=None
[2025-08-17T01:22:16.670+0000] {processor.py:183} INFO - Processing /home/airflow/.local/lib/python3.12/site-packages/airflow/example_dags/example_kubernetes_executor.py took 0.097 seconds
[2025-08-17T01:22:46.734+0000] {processor.py:161} INFO - Started process (PID=705) to work on /home/airflow/.local/lib/python3.12/site-packages/airflow/example_dags/example_kubernetes_executor.py
[2025-08-17T01:22:46.736+0000] {processor.py:830} INFO - Processing file /home/airflow/.local/lib/python3.12/site-packages/airflow/example_dags/example_kubernetes_executor.py for tasks to queue
[2025-08-17T01:22:46.738+0000] {logging_mixin.py:188} INFO - [2025-08-17T01:22:46.737+0000] {dagbag.py:545} INFO - Filling up the DagBag from /home/airflow/.local/lib/python3.12/site-packages/airflow/example_dags/example_kubernetes_executor.py
[2025-08-17T01:22:46.751+0000] {processor.py:840} INFO - DAG(s) 'example_kubernetes_executor' retrieved from /home/airflow/.local/lib/python3.12/site-packages/airflow/example_dags/example_kubernetes_executor.py
[2025-08-17T01:22:46.797+0000] {logging_mixin.py:188} INFO - [2025-08-17T01:22:46.797+0000] {dag.py:3089} INFO - Sync 1 DAGs
[2025-08-17T01:22:46.815+0000] {logging_mixin.py:188} INFO - [2025-08-17T01:22:46.814+0000] {dag.py:3947} INFO - Setting next_dagrun for example_kubernetes_executor to None, run_after=None
[2025-08-17T01:22:46.844+0000] {processor.py:183} INFO - Processing /home/airflow/.local/lib/python3.12/site-packages/airflow/example_dags/example_kubernetes_executor.py took 0.116 seconds
[2025-08-17T01:23:17.203+0000] {processor.py:161} INFO - Started process (PID=764) to work on /home/airflow/.local/lib/python3.12/site-packages/airflow/example_dags/example_kubernetes_executor.py
[2025-08-17T01:23:17.205+0000] {processor.py:830} INFO - Processing file /home/airflow/.local/lib/python3.12/site-packages/airflow/example_dags/example_kubernetes_executor.py for tasks to queue
[2025-08-17T01:23:17.207+0000] {logging_mixin.py:188} INFO - [2025-08-17T01:23:17.207+0000] {dagbag.py:545} INFO - Filling up the DagBag from /home/airflow/.local/lib/python3.12/site-packages/airflow/example_dags/example_kubernetes_executor.py
[2025-08-17T01:23:17.222+0000] {processor.py:840} INFO - DAG(s) 'example_kubernetes_executor' retrieved from /home/airflow/.local/lib/python3.12/site-packages/airflow/example_dags/example_kubernetes_executor.py
[2025-08-17T01:23:17.274+0000] {logging_mixin.py:188} INFO - [2025-08-17T01:23:17.274+0000] {dag.py:3089} INFO - Sync 1 DAGs
[2025-08-17T01:23:17.290+0000] {logging_mixin.py:188} INFO - [2025-08-17T01:23:17.290+0000] {dag.py:3947} INFO - Setting next_dagrun for example_kubernetes_executor to None, run_after=None
[2025-08-17T01:23:17.312+0000] {processor.py:183} INFO - Processing /home/airflow/.local/lib/python3.12/site-packages/airflow/example_dags/example_kubernetes_executor.py took 0.116 seconds
[2025-08-17T01:23:47.937+0000] {processor.py:161} INFO - Started process (PID=823) to work on /home/airflow/.local/lib/python3.12/site-packages/airflow/example_dags/example_kubernetes_executor.py
[2025-08-17T01:23:47.938+0000] {processor.py:830} INFO - Processing file /home/airflow/.local/lib/python3.12/site-packages/airflow/example_dags/example_kubernetes_executor.py for tasks to queue
[2025-08-17T01:23:47.940+0000] {logging_mixin.py:188} INFO - [2025-08-17T01:23:47.940+0000] {dagbag.py:545} INFO - Filling up the DagBag from /home/airflow/.local/lib/python3.12/site-packages/airflow/example_dags/example_kubernetes_executor.py
[2025-08-17T01:23:47.953+0000] {processor.py:840} INFO - DAG(s) 'example_kubernetes_executor' retrieved from /home/airflow/.local/lib/python3.12/site-packages/airflow/example_dags/example_kubernetes_executor.py
[2025-08-17T01:23:47.995+0000] {logging_mixin.py:188} INFO - [2025-08-17T01:23:47.994+0000] {dag.py:3089} INFO - Sync 1 DAGs
[2025-08-17T01:23:48.009+0000] {logging_mixin.py:188} INFO - [2025-08-17T01:23:48.009+0000] {dag.py:3947} INFO - Setting next_dagrun for example_kubernetes_executor to None, run_after=None
[2025-08-17T01:23:48.030+0000] {processor.py:183} INFO - Processing /home/airflow/.local/lib/python3.12/site-packages/airflow/example_dags/example_kubernetes_executor.py took 0.100 seconds
[2025-08-17T01:24:18.688+0000] {processor.py:161} INFO - Started process (PID=882) to work on /home/airflow/.local/lib/python3.12/site-packages/airflow/example_dags/example_kubernetes_executor.py
[2025-08-17T01:24:18.690+0000] {processor.py:830} INFO - Processing file /home/airflow/.local/lib/python3.12/site-packages/airflow/example_dags/example_kubernetes_executor.py for tasks to queue
[2025-08-17T01:24:18.692+0000] {logging_mixin.py:188} INFO - [2025-08-17T01:24:18.692+0000] {dagbag.py:545} INFO - Filling up the DagBag from /home/airflow/.local/lib/python3.12/site-packages/airflow/example_dags/example_kubernetes_executor.py
[2025-08-17T01:24:18.708+0000] {processor.py:840} INFO - DAG(s) 'example_kubernetes_executor' retrieved from /home/airflow/.local/lib/python3.12/site-packages/airflow/example_dags/example_kubernetes_executor.py
[2025-08-17T01:24:18.760+0000] {logging_mixin.py:188} INFO - [2025-08-17T01:24:18.760+0000] {dag.py:3089} INFO - Sync 1 DAGs
[2025-08-17T01:24:18.778+0000] {logging_mixin.py:188} INFO - [2025-08-17T01:24:18.777+0000] {dag.py:3947} INFO - Setting next_dagrun for example_kubernetes_executor to None, run_after=None
[2025-08-17T01:24:18.804+0000] {processor.py:183} INFO - Processing /home/airflow/.local/lib/python3.12/site-packages/airflow/example_dags/example_kubernetes_executor.py took 0.123 seconds
[2025-08-17T01:24:48.965+0000] {processor.py:161} INFO - Started process (PID=942) to work on /home/airflow/.local/lib/python3.12/site-packages/airflow/example_dags/example_kubernetes_executor.py
[2025-08-17T01:24:48.967+0000] {processor.py:830} INFO - Processing file /home/airflow/.local/lib/python3.12/site-packages/airflow/example_dags/example_kubernetes_executor.py for tasks to queue
[2025-08-17T01:24:48.970+0000] {logging_mixin.py:188} INFO - [2025-08-17T01:24:48.969+0000] {dagbag.py:545} INFO - Filling up the DagBag from /home/airflow/.local/lib/python3.12/site-packages/airflow/example_dags/example_kubernetes_executor.py
[2025-08-17T01:24:48.985+0000] {processor.py:840} INFO - DAG(s) 'example_kubernetes_executor' retrieved from /home/airflow/.local/lib/python3.12/site-packages/airflow/example_dags/example_kubernetes_executor.py
[2025-08-17T01:24:49.045+0000] {logging_mixin.py:188} INFO - [2025-08-17T01:24:49.044+0000] {dag.py:3089} INFO - Sync 1 DAGs
[2025-08-17T01:24:49.063+0000] {logging_mixin.py:188} INFO - [2025-08-17T01:24:49.063+0000] {dag.py:3947} INFO - Setting next_dagrun for example_kubernetes_executor to None, run_after=None
[2025-08-17T01:24:49.090+0000] {processor.py:183} INFO - Processing /home/airflow/.local/lib/python3.12/site-packages/airflow/example_dags/example_kubernetes_executor.py took 0.132 seconds
[2025-08-17T01:25:19.445+0000] {processor.py:161} INFO - Started process (PID=1001) to work on /home/airflow/.local/lib/python3.12/site-packages/airflow/example_dags/example_kubernetes_executor.py
[2025-08-17T01:25:19.447+0000] {processor.py:830} INFO - Processing file /home/airflow/.local/lib/python3.12/site-packages/airflow/example_dags/example_kubernetes_executor.py for tasks to queue
[2025-08-17T01:25:19.450+0000] {logging_mixin.py:188} INFO - [2025-08-17T01:25:19.449+0000] {dagbag.py:545} INFO - Filling up the DagBag from /home/airflow/.local/lib/python3.12/site-packages/airflow/example_dags/example_kubernetes_executor.py
[2025-08-17T01:25:19.470+0000] {processor.py:840} INFO - DAG(s) 'example_kubernetes_executor' retrieved from /home/airflow/.local/lib/python3.12/site-packages/airflow/example_dags/example_kubernetes_executor.py
[2025-08-17T01:25:19.525+0000] {logging_mixin.py:188} INFO - [2025-08-17T01:25:19.524+0000] {dag.py:3089} INFO - Sync 1 DAGs
[2025-08-17T01:25:19.540+0000] {logging_mixin.py:188} INFO - [2025-08-17T01:25:19.540+0000] {dag.py:3947} INFO - Setting next_dagrun for example_kubernetes_executor to None, run_after=None
[2025-08-17T01:25:19.563+0000] {processor.py:183} INFO - Processing /home/airflow/.local/lib/python3.12/site-packages/airflow/example_dags/example_kubernetes_executor.py took 0.127 seconds
[2025-08-17T01:26:44.976+0000] {processor.py:161} INFO - Started process (PID=113) to work on /home/airflow/.local/lib/python3.12/site-packages/airflow/example_dags/example_kubernetes_executor.py
[2025-08-17T01:26:44.978+0000] {processor.py:830} INFO - Processing file /home/airflow/.local/lib/python3.12/site-packages/airflow/example_dags/example_kubernetes_executor.py for tasks to queue
[2025-08-17T01:26:44.980+0000] {logging_mixin.py:188} INFO - [2025-08-17T01:26:44.980+0000] {dagbag.py:545} INFO - Filling up the DagBag from /home/airflow/.local/lib/python3.12/site-packages/airflow/example_dags/example_kubernetes_executor.py
[2025-08-17T01:26:44.996+0000] {processor.py:840} INFO - DAG(s) 'example_kubernetes_executor' retrieved from /home/airflow/.local/lib/python3.12/site-packages/airflow/example_dags/example_kubernetes_executor.py
[2025-08-17T01:26:45.175+0000] {logging_mixin.py:188} INFO - [2025-08-17T01:26:45.175+0000] {dag.py:3089} INFO - Sync 1 DAGs
[2025-08-17T01:26:45.189+0000] {logging_mixin.py:188} INFO - [2025-08-17T01:26:45.189+0000] {dag.py:3947} INFO - Setting next_dagrun for example_kubernetes_executor to None, run_after=None
[2025-08-17T01:26:45.216+0000] {processor.py:183} INFO - Processing /home/airflow/.local/lib/python3.12/site-packages/airflow/example_dags/example_kubernetes_executor.py took 0.246 seconds
[2025-08-17T01:27:15.305+0000] {processor.py:161} INFO - Started process (PID=172) to work on /home/airflow/.local/lib/python3.12/site-packages/airflow/example_dags/example_kubernetes_executor.py
[2025-08-17T01:27:15.306+0000] {processor.py:830} INFO - Processing file /home/airflow/.local/lib/python3.12/site-packages/airflow/example_dags/example_kubernetes_executor.py for tasks to queue
[2025-08-17T01:27:15.309+0000] {logging_mixin.py:188} INFO - [2025-08-17T01:27:15.308+0000] {dagbag.py:545} INFO - Filling up the DagBag from /home/airflow/.local/lib/python3.12/site-packages/airflow/example_dags/example_kubernetes_executor.py
[2025-08-17T01:27:15.323+0000] {processor.py:840} INFO - DAG(s) 'example_kubernetes_executor' retrieved from /home/airflow/.local/lib/python3.12/site-packages/airflow/example_dags/example_kubernetes_executor.py
[2025-08-17T01:27:15.341+0000] {logging_mixin.py:188} INFO - [2025-08-17T01:27:15.341+0000] {dag.py:3089} INFO - Sync 1 DAGs
[2025-08-17T01:27:15.358+0000] {logging_mixin.py:188} INFO - [2025-08-17T01:27:15.357+0000] {dag.py:3947} INFO - Setting next_dagrun for example_kubernetes_executor to None, run_after=None
[2025-08-17T01:27:15.386+0000] {processor.py:183} INFO - Processing /home/airflow/.local/lib/python3.12/site-packages/airflow/example_dags/example_kubernetes_executor.py took 0.088 seconds
[2025-08-17T01:27:46.528+0000] {processor.py:161} INFO - Started process (PID=232) to work on /home/airflow/.local/lib/python3.12/site-packages/airflow/example_dags/example_kubernetes_executor.py
[2025-08-17T01:27:46.530+0000] {processor.py:830} INFO - Processing file /home/airflow/.local/lib/python3.12/site-packages/airflow/example_dags/example_kubernetes_executor.py for tasks to queue
[2025-08-17T01:27:46.532+0000] {logging_mixin.py:188} INFO - [2025-08-17T01:27:46.532+0000] {dagbag.py:545} INFO - Filling up the DagBag from /home/airflow/.local/lib/python3.12/site-packages/airflow/example_dags/example_kubernetes_executor.py
[2025-08-17T01:27:46.545+0000] {processor.py:840} INFO - DAG(s) 'example_kubernetes_executor' retrieved from /home/airflow/.local/lib/python3.12/site-packages/airflow/example_dags/example_kubernetes_executor.py
[2025-08-17T01:27:46.665+0000] {logging_mixin.py:188} INFO - [2025-08-17T01:27:46.665+0000] {dag.py:3089} INFO - Sync 1 DAGs
[2025-08-17T01:27:46.674+0000] {logging_mixin.py:188} INFO - [2025-08-17T01:27:46.674+0000] {dag.py:3947} INFO - Setting next_dagrun for example_kubernetes_executor to None, run_after=None
[2025-08-17T01:27:46.693+0000] {processor.py:183} INFO - Processing /home/airflow/.local/lib/python3.12/site-packages/airflow/example_dags/example_kubernetes_executor.py took 0.171 seconds
[2025-08-17T01:28:17.461+0000] {processor.py:161} INFO - Started process (PID=291) to work on /home/airflow/.local/lib/python3.12/site-packages/airflow/example_dags/example_kubernetes_executor.py
[2025-08-17T01:28:17.462+0000] {processor.py:830} INFO - Processing file /home/airflow/.local/lib/python3.12/site-packages/airflow/example_dags/example_kubernetes_executor.py for tasks to queue
[2025-08-17T01:28:17.464+0000] {logging_mixin.py:188} INFO - [2025-08-17T01:28:17.464+0000] {dagbag.py:545} INFO - Filling up the DagBag from /home/airflow/.local/lib/python3.12/site-packages/airflow/example_dags/example_kubernetes_executor.py
[2025-08-17T01:28:17.478+0000] {processor.py:840} INFO - DAG(s) 'example_kubernetes_executor' retrieved from /home/airflow/.local/lib/python3.12/site-packages/airflow/example_dags/example_kubernetes_executor.py
[2025-08-17T01:28:17.518+0000] {logging_mixin.py:188} INFO - [2025-08-17T01:28:17.518+0000] {dag.py:3089} INFO - Sync 1 DAGs
[2025-08-17T01:28:17.533+0000] {logging_mixin.py:188} INFO - [2025-08-17T01:28:17.533+0000] {dag.py:3947} INFO - Setting next_dagrun for example_kubernetes_executor to None, run_after=None
[2025-08-17T01:28:17.555+0000] {processor.py:183} INFO - Processing /home/airflow/.local/lib/python3.12/site-packages/airflow/example_dags/example_kubernetes_executor.py took 0.100 seconds
[2025-08-17T01:28:47.795+0000] {processor.py:161} INFO - Started process (PID=350) to work on /home/airflow/.local/lib/python3.12/site-packages/airflow/example_dags/example_kubernetes_executor.py
[2025-08-17T01:28:47.796+0000] {processor.py:830} INFO - Processing file /home/airflow/.local/lib/python3.12/site-packages/airflow/example_dags/example_kubernetes_executor.py for tasks to queue
[2025-08-17T01:28:47.799+0000] {logging_mixin.py:188} INFO - [2025-08-17T01:28:47.799+0000] {dagbag.py:545} INFO - Filling up the DagBag from /home/airflow/.local/lib/python3.12/site-packages/airflow/example_dags/example_kubernetes_executor.py
[2025-08-17T01:28:47.819+0000] {processor.py:840} INFO - DAG(s) 'example_kubernetes_executor' retrieved from /home/airflow/.local/lib/python3.12/site-packages/airflow/example_dags/example_kubernetes_executor.py
[2025-08-17T01:28:47.866+0000] {logging_mixin.py:188} INFO - [2025-08-17T01:28:47.866+0000] {dag.py:3089} INFO - Sync 1 DAGs
[2025-08-17T01:28:47.881+0000] {logging_mixin.py:188} INFO - [2025-08-17T01:28:47.881+0000] {dag.py:3947} INFO - Setting next_dagrun for example_kubernetes_executor to None, run_after=None
[2025-08-17T01:28:47.906+0000] {processor.py:183} INFO - Processing /home/airflow/.local/lib/python3.12/site-packages/airflow/example_dags/example_kubernetes_executor.py took 0.118 seconds
[2025-08-17T01:29:18.603+0000] {processor.py:161} INFO - Started process (PID=410) to work on /home/airflow/.local/lib/python3.12/site-packages/airflow/example_dags/example_kubernetes_executor.py
[2025-08-17T01:29:18.604+0000] {processor.py:830} INFO - Processing file /home/airflow/.local/lib/python3.12/site-packages/airflow/example_dags/example_kubernetes_executor.py for tasks to queue
[2025-08-17T01:29:18.607+0000] {logging_mixin.py:188} INFO - [2025-08-17T01:29:18.606+0000] {dagbag.py:545} INFO - Filling up the DagBag from /home/airflow/.local/lib/python3.12/site-packages/airflow/example_dags/example_kubernetes_executor.py
[2025-08-17T01:29:18.624+0000] {processor.py:840} INFO - DAG(s) 'example_kubernetes_executor' retrieved from /home/airflow/.local/lib/python3.12/site-packages/airflow/example_dags/example_kubernetes_executor.py
[2025-08-17T01:29:18.670+0000] {logging_mixin.py:188} INFO - [2025-08-17T01:29:18.670+0000] {dag.py:3089} INFO - Sync 1 DAGs
[2025-08-17T01:29:18.683+0000] {logging_mixin.py:188} INFO - [2025-08-17T01:29:18.683+0000] {dag.py:3947} INFO - Setting next_dagrun for example_kubernetes_executor to None, run_after=None
[2025-08-17T01:29:18.707+0000] {processor.py:183} INFO - Processing /home/airflow/.local/lib/python3.12/site-packages/airflow/example_dags/example_kubernetes_executor.py took 0.113 seconds
[2025-08-17T01:29:49.628+0000] {processor.py:161} INFO - Started process (PID=469) to work on /home/airflow/.local/lib/python3.12/site-packages/airflow/example_dags/example_kubernetes_executor.py
[2025-08-17T01:29:49.630+0000] {processor.py:830} INFO - Processing file /home/airflow/.local/lib/python3.12/site-packages/airflow/example_dags/example_kubernetes_executor.py for tasks to queue
[2025-08-17T01:29:49.632+0000] {logging_mixin.py:188} INFO - [2025-08-17T01:29:49.632+0000] {dagbag.py:545} INFO - Filling up the DagBag from /home/airflow/.local/lib/python3.12/site-packages/airflow/example_dags/example_kubernetes_executor.py
[2025-08-17T01:29:49.645+0000] {processor.py:840} INFO - DAG(s) 'example_kubernetes_executor' retrieved from /home/airflow/.local/lib/python3.12/site-packages/airflow/example_dags/example_kubernetes_executor.py
[2025-08-17T01:29:49.687+0000] {logging_mixin.py:188} INFO - [2025-08-17T01:29:49.687+0000] {dag.py:3089} INFO - Sync 1 DAGs
[2025-08-17T01:29:49.699+0000] {logging_mixin.py:188} INFO - [2025-08-17T01:29:49.699+0000] {dag.py:3947} INFO - Setting next_dagrun for example_kubernetes_executor to None, run_after=None
[2025-08-17T01:29:49.721+0000] {processor.py:183} INFO - Processing /home/airflow/.local/lib/python3.12/site-packages/airflow/example_dags/example_kubernetes_executor.py took 0.100 seconds
[2025-08-17T01:30:20.173+0000] {processor.py:161} INFO - Started process (PID=528) to work on /home/airflow/.local/lib/python3.12/site-packages/airflow/example_dags/example_kubernetes_executor.py
[2025-08-17T01:30:20.174+0000] {processor.py:830} INFO - Processing file /home/airflow/.local/lib/python3.12/site-packages/airflow/example_dags/example_kubernetes_executor.py for tasks to queue
[2025-08-17T01:30:20.176+0000] {logging_mixin.py:188} INFO - [2025-08-17T01:30:20.176+0000] {dagbag.py:545} INFO - Filling up the DagBag from /home/airflow/.local/lib/python3.12/site-packages/airflow/example_dags/example_kubernetes_executor.py
[2025-08-17T01:30:20.187+0000] {processor.py:840} INFO - DAG(s) 'example_kubernetes_executor' retrieved from /home/airflow/.local/lib/python3.12/site-packages/airflow/example_dags/example_kubernetes_executor.py
[2025-08-17T01:30:20.227+0000] {logging_mixin.py:188} INFO - [2025-08-17T01:30:20.227+0000] {dag.py:3089} INFO - Sync 1 DAGs
[2025-08-17T01:30:20.239+0000] {logging_mixin.py:188} INFO - [2025-08-17T01:30:20.239+0000] {dag.py:3947} INFO - Setting next_dagrun for example_kubernetes_executor to None, run_after=None
[2025-08-17T01:30:20.259+0000] {processor.py:183} INFO - Processing /home/airflow/.local/lib/python3.12/site-packages/airflow/example_dags/example_kubernetes_executor.py took 0.091 seconds
[2025-08-17T01:30:50.553+0000] {processor.py:161} INFO - Started process (PID=587) to work on /home/airflow/.local/lib/python3.12/site-packages/airflow/example_dags/example_kubernetes_executor.py
[2025-08-17T01:30:50.554+0000] {processor.py:830} INFO - Processing file /home/airflow/.local/lib/python3.12/site-packages/airflow/example_dags/example_kubernetes_executor.py for tasks to queue
[2025-08-17T01:30:50.557+0000] {logging_mixin.py:188} INFO - [2025-08-17T01:30:50.556+0000] {dagbag.py:545} INFO - Filling up the DagBag from /home/airflow/.local/lib/python3.12/site-packages/airflow/example_dags/example_kubernetes_executor.py
[2025-08-17T01:30:50.569+0000] {processor.py:840} INFO - DAG(s) 'example_kubernetes_executor' retrieved from /home/airflow/.local/lib/python3.12/site-packages/airflow/example_dags/example_kubernetes_executor.py
[2025-08-17T01:30:50.606+0000] {logging_mixin.py:188} INFO - [2025-08-17T01:30:50.605+0000] {dag.py:3089} INFO - Sync 1 DAGs
[2025-08-17T01:30:50.619+0000] {logging_mixin.py:188} INFO - [2025-08-17T01:30:50.618+0000] {dag.py:3947} INFO - Setting next_dagrun for example_kubernetes_executor to None, run_after=None
[2025-08-17T01:30:50.639+0000] {processor.py:183} INFO - Processing /home/airflow/.local/lib/python3.12/site-packages/airflow/example_dags/example_kubernetes_executor.py took 0.092 seconds
[2025-08-17T01:31:21.022+0000] {processor.py:161} INFO - Started process (PID=646) to work on /home/airflow/.local/lib/python3.12/site-packages/airflow/example_dags/example_kubernetes_executor.py
[2025-08-17T01:31:21.024+0000] {processor.py:830} INFO - Processing file /home/airflow/.local/lib/python3.12/site-packages/airflow/example_dags/example_kubernetes_executor.py for tasks to queue
[2025-08-17T01:31:21.026+0000] {logging_mixin.py:188} INFO - [2025-08-17T01:31:21.025+0000] {dagbag.py:545} INFO - Filling up the DagBag from /home/airflow/.local/lib/python3.12/site-packages/airflow/example_dags/example_kubernetes_executor.py
[2025-08-17T01:31:21.037+0000] {processor.py:840} INFO - DAG(s) 'example_kubernetes_executor' retrieved from /home/airflow/.local/lib/python3.12/site-packages/airflow/example_dags/example_kubernetes_executor.py
[2025-08-17T01:31:21.080+0000] {logging_mixin.py:188} INFO - [2025-08-17T01:31:21.080+0000] {dag.py:3089} INFO - Sync 1 DAGs
[2025-08-17T01:31:21.093+0000] {logging_mixin.py:188} INFO - [2025-08-17T01:31:21.093+0000] {dag.py:3947} INFO - Setting next_dagrun for example_kubernetes_executor to None, run_after=None
[2025-08-17T01:31:21.114+0000] {processor.py:183} INFO - Processing /home/airflow/.local/lib/python3.12/site-packages/airflow/example_dags/example_kubernetes_executor.py took 0.097 seconds
[2025-08-17T01:31:51.860+0000] {processor.py:161} INFO - Started process (PID=708) to work on /home/airflow/.local/lib/python3.12/site-packages/airflow/example_dags/example_kubernetes_executor.py
[2025-08-17T01:31:51.862+0000] {processor.py:830} INFO - Processing file /home/airflow/.local/lib/python3.12/site-packages/airflow/example_dags/example_kubernetes_executor.py for tasks to queue
[2025-08-17T01:31:51.865+0000] {logging_mixin.py:188} INFO - [2025-08-17T01:31:51.865+0000] {dagbag.py:545} INFO - Filling up the DagBag from /home/airflow/.local/lib/python3.12/site-packages/airflow/example_dags/example_kubernetes_executor.py
[2025-08-17T01:31:51.881+0000] {processor.py:840} INFO - DAG(s) 'example_kubernetes_executor' retrieved from /home/airflow/.local/lib/python3.12/site-packages/airflow/example_dags/example_kubernetes_executor.py
[2025-08-17T01:31:51.922+0000] {logging_mixin.py:188} INFO - [2025-08-17T01:31:51.922+0000] {dag.py:3089} INFO - Sync 1 DAGs
[2025-08-17T01:31:51.935+0000] {logging_mixin.py:188} INFO - [2025-08-17T01:31:51.934+0000] {dag.py:3947} INFO - Setting next_dagrun for example_kubernetes_executor to None, run_after=None
[2025-08-17T01:31:51.955+0000] {processor.py:183} INFO - Processing /home/airflow/.local/lib/python3.12/site-packages/airflow/example_dags/example_kubernetes_executor.py took 0.106 seconds
