[2025-08-17T00:53:33.655+0000] {processor.py:161} INFO - Started process (PID=84) to work on /home/airflow/.local/lib/python3.12/site-packages/airflow/example_dags/example_short_circuit_decorator.py
[2025-08-17T00:53:33.657+0000] {processor.py:830} INFO - Processing file /home/airflow/.local/lib/python3.12/site-packages/airflow/example_dags/example_short_circuit_decorator.py for tasks to queue
[2025-08-17T00:53:33.661+0000] {logging_mixin.py:188} INFO - [2025-08-17T00:53:33.660+0000] {dagbag.py:545} INFO - Filling up the DagBag from /home/airflow/.local/lib/python3.12/site-packages/airflow/example_dags/example_short_circuit_decorator.py
[2025-08-17T00:53:33.684+0000] {processor.py:840} INFO - DAG(s) 'example_short_circuit_decorator' retrieved from /home/airflow/.local/lib/python3.12/site-packages/airflow/example_dags/example_short_circuit_decorator.py
[2025-08-17T00:53:33.862+0000] {logging_mixin.py:188} INFO - [2025-08-17T00:53:33.861+0000] {dag.py:3089} INFO - Sync 1 DAGs
[2025-08-17T00:53:33.891+0000] {logging_mixin.py:188} INFO - [2025-08-17T00:53:33.891+0000] {dag.py:3947} INFO - Setting next_dagrun for example_short_circuit_decorator to 2025-08-16 00:00:00+00:00, run_after=2025-08-17 00:00:00+00:00
[2025-08-17T00:53:33.925+0000] {processor.py:183} INFO - Processing /home/airflow/.local/lib/python3.12/site-packages/airflow/example_dags/example_short_circuit_decorator.py took 0.279 seconds
[2025-08-17T00:54:04.605+0000] {processor.py:161} INFO - Started process (PID=142) to work on /home/airflow/.local/lib/python3.12/site-packages/airflow/example_dags/example_short_circuit_decorator.py
[2025-08-17T00:54:04.606+0000] {processor.py:830} INFO - Processing file /home/airflow/.local/lib/python3.12/site-packages/airflow/example_dags/example_short_circuit_decorator.py for tasks to queue
[2025-08-17T00:54:04.609+0000] {logging_mixin.py:188} INFO - [2025-08-17T00:54:04.609+0000] {dagbag.py:545} INFO - Filling up the DagBag from /home/airflow/.local/lib/python3.12/site-packages/airflow/example_dags/example_short_circuit_decorator.py
[2025-08-17T00:54:04.619+0000] {processor.py:840} INFO - DAG(s) 'example_short_circuit_decorator' retrieved from /home/airflow/.local/lib/python3.12/site-packages/airflow/example_dags/example_short_circuit_decorator.py
[2025-08-17T00:54:04.642+0000] {logging_mixin.py:188} INFO - [2025-08-17T00:54:04.642+0000] {dag.py:3089} INFO - Sync 1 DAGs
[2025-08-17T00:54:04.661+0000] {logging_mixin.py:188} INFO - [2025-08-17T00:54:04.660+0000] {dag.py:3947} INFO - Setting next_dagrun for example_short_circuit_decorator to 2025-08-16 00:00:00+00:00, run_after=2025-08-17 00:00:00+00:00
[2025-08-17T00:54:04.680+0000] {processor.py:183} INFO - Processing /home/airflow/.local/lib/python3.12/site-packages/airflow/example_dags/example_short_circuit_decorator.py took 0.083 seconds
[2025-08-17T00:54:34.926+0000] {processor.py:161} INFO - Started process (PID=200) to work on /home/airflow/.local/lib/python3.12/site-packages/airflow/example_dags/example_short_circuit_decorator.py
[2025-08-17T00:54:34.928+0000] {processor.py:830} INFO - Processing file /home/airflow/.local/lib/python3.12/site-packages/airflow/example_dags/example_short_circuit_decorator.py for tasks to queue
[2025-08-17T00:54:34.933+0000] {logging_mixin.py:188} INFO - [2025-08-17T00:54:34.932+0000] {dagbag.py:545} INFO - Filling up the DagBag from /home/airflow/.local/lib/python3.12/site-packages/airflow/example_dags/example_short_circuit_decorator.py
[2025-08-17T00:54:34.941+0000] {processor.py:840} INFO - DAG(s) 'example_short_circuit_decorator' retrieved from /home/airflow/.local/lib/python3.12/site-packages/airflow/example_dags/example_short_circuit_decorator.py
[2025-08-17T00:54:34.963+0000] {logging_mixin.py:188} INFO - [2025-08-17T00:54:34.963+0000] {dag.py:3089} INFO - Sync 1 DAGs
[2025-08-17T00:54:34.985+0000] {logging_mixin.py:188} INFO - [2025-08-17T00:54:34.984+0000] {dag.py:3947} INFO - Setting next_dagrun for example_short_circuit_decorator to 2025-08-16 00:00:00+00:00, run_after=2025-08-17 00:00:00+00:00
[2025-08-17T00:54:35.004+0000] {processor.py:183} INFO - Processing /home/airflow/.local/lib/python3.12/site-packages/airflow/example_dags/example_short_circuit_decorator.py took 0.083 seconds
[2025-08-17T00:55:05.248+0000] {processor.py:161} INFO - Started process (PID=258) to work on /home/airflow/.local/lib/python3.12/site-packages/airflow/example_dags/example_short_circuit_decorator.py
[2025-08-17T00:55:05.250+0000] {processor.py:830} INFO - Processing file /home/airflow/.local/lib/python3.12/site-packages/airflow/example_dags/example_short_circuit_decorator.py for tasks to queue
[2025-08-17T00:55:05.253+0000] {logging_mixin.py:188} INFO - [2025-08-17T00:55:05.252+0000] {dagbag.py:545} INFO - Filling up the DagBag from /home/airflow/.local/lib/python3.12/site-packages/airflow/example_dags/example_short_circuit_decorator.py
[2025-08-17T00:55:05.264+0000] {processor.py:840} INFO - DAG(s) 'example_short_circuit_decorator' retrieved from /home/airflow/.local/lib/python3.12/site-packages/airflow/example_dags/example_short_circuit_decorator.py
[2025-08-17T00:55:05.305+0000] {logging_mixin.py:188} INFO - [2025-08-17T00:55:05.304+0000] {dag.py:3089} INFO - Sync 1 DAGs
[2025-08-17T00:55:05.335+0000] {logging_mixin.py:188} INFO - [2025-08-17T00:55:05.335+0000] {dag.py:3947} INFO - Setting next_dagrun for example_short_circuit_decorator to 2025-08-16 00:00:00+00:00, run_after=2025-08-17 00:00:00+00:00
[2025-08-17T00:55:05.364+0000] {processor.py:183} INFO - Processing /home/airflow/.local/lib/python3.12/site-packages/airflow/example_dags/example_short_circuit_decorator.py took 0.123 seconds
[2025-08-17T00:55:36.039+0000] {processor.py:161} INFO - Started process (PID=317) to work on /home/airflow/.local/lib/python3.12/site-packages/airflow/example_dags/example_short_circuit_decorator.py
[2025-08-17T00:55:36.040+0000] {processor.py:830} INFO - Processing file /home/airflow/.local/lib/python3.12/site-packages/airflow/example_dags/example_short_circuit_decorator.py for tasks to queue
[2025-08-17T00:55:36.042+0000] {logging_mixin.py:188} INFO - [2025-08-17T00:55:36.042+0000] {dagbag.py:545} INFO - Filling up the DagBag from /home/airflow/.local/lib/python3.12/site-packages/airflow/example_dags/example_short_circuit_decorator.py
[2025-08-17T00:55:36.052+0000] {processor.py:840} INFO - DAG(s) 'example_short_circuit_decorator' retrieved from /home/airflow/.local/lib/python3.12/site-packages/airflow/example_dags/example_short_circuit_decorator.py
[2025-08-17T00:55:36.079+0000] {logging_mixin.py:188} INFO - [2025-08-17T00:55:36.079+0000] {dag.py:3089} INFO - Sync 1 DAGs
[2025-08-17T00:55:36.103+0000] {logging_mixin.py:188} INFO - [2025-08-17T00:55:36.102+0000] {dag.py:3947} INFO - Setting next_dagrun for example_short_circuit_decorator to 2025-08-16 00:00:00+00:00, run_after=2025-08-17 00:00:00+00:00
[2025-08-17T00:55:36.124+0000] {processor.py:183} INFO - Processing /home/airflow/.local/lib/python3.12/site-packages/airflow/example_dags/example_short_circuit_decorator.py took 0.092 seconds
[2025-08-17T00:56:06.471+0000] {processor.py:161} INFO - Started process (PID=375) to work on /home/airflow/.local/lib/python3.12/site-packages/airflow/example_dags/example_short_circuit_decorator.py
[2025-08-17T00:56:06.473+0000] {processor.py:830} INFO - Processing file /home/airflow/.local/lib/python3.12/site-packages/airflow/example_dags/example_short_circuit_decorator.py for tasks to queue
[2025-08-17T00:56:06.475+0000] {logging_mixin.py:188} INFO - [2025-08-17T00:56:06.475+0000] {dagbag.py:545} INFO - Filling up the DagBag from /home/airflow/.local/lib/python3.12/site-packages/airflow/example_dags/example_short_circuit_decorator.py
[2025-08-17T00:56:06.484+0000] {processor.py:840} INFO - DAG(s) 'example_short_circuit_decorator' retrieved from /home/airflow/.local/lib/python3.12/site-packages/airflow/example_dags/example_short_circuit_decorator.py
[2025-08-17T00:56:06.508+0000] {logging_mixin.py:188} INFO - [2025-08-17T00:56:06.508+0000] {dag.py:3089} INFO - Sync 1 DAGs
[2025-08-17T00:56:06.531+0000] {logging_mixin.py:188} INFO - [2025-08-17T00:56:06.531+0000] {dag.py:3947} INFO - Setting next_dagrun for example_short_circuit_decorator to 2025-08-16 00:00:00+00:00, run_after=2025-08-17 00:00:00+00:00
[2025-08-17T00:56:06.549+0000] {processor.py:183} INFO - Processing /home/airflow/.local/lib/python3.12/site-packages/airflow/example_dags/example_short_circuit_decorator.py took 0.084 seconds
[2025-08-17T00:56:36.662+0000] {processor.py:161} INFO - Started process (PID=433) to work on /home/airflow/.local/lib/python3.12/site-packages/airflow/example_dags/example_short_circuit_decorator.py
[2025-08-17T00:56:36.663+0000] {processor.py:830} INFO - Processing file /home/airflow/.local/lib/python3.12/site-packages/airflow/example_dags/example_short_circuit_decorator.py for tasks to queue
[2025-08-17T00:56:36.665+0000] {logging_mixin.py:188} INFO - [2025-08-17T00:56:36.665+0000] {dagbag.py:545} INFO - Filling up the DagBag from /home/airflow/.local/lib/python3.12/site-packages/airflow/example_dags/example_short_circuit_decorator.py
[2025-08-17T00:56:36.673+0000] {processor.py:840} INFO - DAG(s) 'example_short_circuit_decorator' retrieved from /home/airflow/.local/lib/python3.12/site-packages/airflow/example_dags/example_short_circuit_decorator.py
[2025-08-17T00:56:36.698+0000] {logging_mixin.py:188} INFO - [2025-08-17T00:56:36.698+0000] {dag.py:3089} INFO - Sync 1 DAGs
[2025-08-17T00:56:36.719+0000] {logging_mixin.py:188} INFO - [2025-08-17T00:56:36.719+0000] {dag.py:3947} INFO - Setting next_dagrun for example_short_circuit_decorator to 2025-08-16 00:00:00+00:00, run_after=2025-08-17 00:00:00+00:00
[2025-08-17T00:56:36.739+0000] {processor.py:183} INFO - Processing /home/airflow/.local/lib/python3.12/site-packages/airflow/example_dags/example_short_circuit_decorator.py took 0.083 seconds
[2025-08-17T00:57:07.014+0000] {processor.py:161} INFO - Started process (PID=491) to work on /home/airflow/.local/lib/python3.12/site-packages/airflow/example_dags/example_short_circuit_decorator.py
[2025-08-17T00:57:07.016+0000] {processor.py:830} INFO - Processing file /home/airflow/.local/lib/python3.12/site-packages/airflow/example_dags/example_short_circuit_decorator.py for tasks to queue
[2025-08-17T00:57:07.018+0000] {logging_mixin.py:188} INFO - [2025-08-17T00:57:07.018+0000] {dagbag.py:545} INFO - Filling up the DagBag from /home/airflow/.local/lib/python3.12/site-packages/airflow/example_dags/example_short_circuit_decorator.py
[2025-08-17T00:57:07.027+0000] {processor.py:840} INFO - DAG(s) 'example_short_circuit_decorator' retrieved from /home/airflow/.local/lib/python3.12/site-packages/airflow/example_dags/example_short_circuit_decorator.py
[2025-08-17T00:57:07.050+0000] {logging_mixin.py:188} INFO - [2025-08-17T00:57:07.050+0000] {dag.py:3089} INFO - Sync 1 DAGs
[2025-08-17T00:57:07.070+0000] {logging_mixin.py:188} INFO - [2025-08-17T00:57:07.069+0000] {dag.py:3947} INFO - Setting next_dagrun for example_short_circuit_decorator to 2025-08-16 00:00:00+00:00, run_after=2025-08-17 00:00:00+00:00
[2025-08-17T00:57:07.086+0000] {processor.py:183} INFO - Processing /home/airflow/.local/lib/python3.12/site-packages/airflow/example_dags/example_short_circuit_decorator.py took 0.078 seconds
[2025-08-17T00:57:37.590+0000] {processor.py:161} INFO - Started process (PID=549) to work on /home/airflow/.local/lib/python3.12/site-packages/airflow/example_dags/example_short_circuit_decorator.py
[2025-08-17T00:57:37.592+0000] {processor.py:830} INFO - Processing file /home/airflow/.local/lib/python3.12/site-packages/airflow/example_dags/example_short_circuit_decorator.py for tasks to queue
[2025-08-17T00:57:37.594+0000] {logging_mixin.py:188} INFO - [2025-08-17T00:57:37.594+0000] {dagbag.py:545} INFO - Filling up the DagBag from /home/airflow/.local/lib/python3.12/site-packages/airflow/example_dags/example_short_circuit_decorator.py
[2025-08-17T00:57:37.604+0000] {processor.py:840} INFO - DAG(s) 'example_short_circuit_decorator' retrieved from /home/airflow/.local/lib/python3.12/site-packages/airflow/example_dags/example_short_circuit_decorator.py
[2025-08-17T00:57:37.630+0000] {logging_mixin.py:188} INFO - [2025-08-17T00:57:37.630+0000] {dag.py:3089} INFO - Sync 1 DAGs
[2025-08-17T00:57:37.652+0000] {logging_mixin.py:188} INFO - [2025-08-17T00:57:37.652+0000] {dag.py:3947} INFO - Setting next_dagrun for example_short_circuit_decorator to 2025-08-16 00:00:00+00:00, run_after=2025-08-17 00:00:00+00:00
[2025-08-17T00:57:37.672+0000] {processor.py:183} INFO - Processing /home/airflow/.local/lib/python3.12/site-packages/airflow/example_dags/example_short_circuit_decorator.py took 0.088 seconds
[2025-08-17T00:58:08.178+0000] {processor.py:161} INFO - Started process (PID=607) to work on /home/airflow/.local/lib/python3.12/site-packages/airflow/example_dags/example_short_circuit_decorator.py
[2025-08-17T00:58:08.180+0000] {processor.py:830} INFO - Processing file /home/airflow/.local/lib/python3.12/site-packages/airflow/example_dags/example_short_circuit_decorator.py for tasks to queue
[2025-08-17T00:58:08.182+0000] {logging_mixin.py:188} INFO - [2025-08-17T00:58:08.182+0000] {dagbag.py:545} INFO - Filling up the DagBag from /home/airflow/.local/lib/python3.12/site-packages/airflow/example_dags/example_short_circuit_decorator.py
[2025-08-17T00:58:08.190+0000] {processor.py:840} INFO - DAG(s) 'example_short_circuit_decorator' retrieved from /home/airflow/.local/lib/python3.12/site-packages/airflow/example_dags/example_short_circuit_decorator.py
[2025-08-17T00:58:08.214+0000] {logging_mixin.py:188} INFO - [2025-08-17T00:58:08.214+0000] {dag.py:3089} INFO - Sync 1 DAGs
[2025-08-17T00:58:08.235+0000] {logging_mixin.py:188} INFO - [2025-08-17T00:58:08.235+0000] {dag.py:3947} INFO - Setting next_dagrun for example_short_circuit_decorator to 2025-08-16 00:00:00+00:00, run_after=2025-08-17 00:00:00+00:00
[2025-08-17T00:58:08.254+0000] {processor.py:183} INFO - Processing /home/airflow/.local/lib/python3.12/site-packages/airflow/example_dags/example_short_circuit_decorator.py took 0.081 seconds
[2025-08-17T00:58:38.851+0000] {processor.py:161} INFO - Started process (PID=666) to work on /home/airflow/.local/lib/python3.12/site-packages/airflow/example_dags/example_short_circuit_decorator.py
[2025-08-17T00:58:38.853+0000] {processor.py:830} INFO - Processing file /home/airflow/.local/lib/python3.12/site-packages/airflow/example_dags/example_short_circuit_decorator.py for tasks to queue
[2025-08-17T00:58:38.855+0000] {logging_mixin.py:188} INFO - [2025-08-17T00:58:38.855+0000] {dagbag.py:545} INFO - Filling up the DagBag from /home/airflow/.local/lib/python3.12/site-packages/airflow/example_dags/example_short_circuit_decorator.py
[2025-08-17T00:58:38.864+0000] {processor.py:840} INFO - DAG(s) 'example_short_circuit_decorator' retrieved from /home/airflow/.local/lib/python3.12/site-packages/airflow/example_dags/example_short_circuit_decorator.py
[2025-08-17T00:58:38.891+0000] {logging_mixin.py:188} INFO - [2025-08-17T00:58:38.891+0000] {dag.py:3089} INFO - Sync 1 DAGs
[2025-08-17T00:58:38.914+0000] {logging_mixin.py:188} INFO - [2025-08-17T00:58:38.913+0000] {dag.py:3947} INFO - Setting next_dagrun for example_short_circuit_decorator to 2025-08-16 00:00:00+00:00, run_after=2025-08-17 00:00:00+00:00
[2025-08-17T00:58:38.933+0000] {processor.py:183} INFO - Processing /home/airflow/.local/lib/python3.12/site-packages/airflow/example_dags/example_short_circuit_decorator.py took 0.088 seconds
[2025-08-17T00:59:09.637+0000] {processor.py:161} INFO - Started process (PID=725) to work on /home/airflow/.local/lib/python3.12/site-packages/airflow/example_dags/example_short_circuit_decorator.py
[2025-08-17T00:59:09.639+0000] {processor.py:830} INFO - Processing file /home/airflow/.local/lib/python3.12/site-packages/airflow/example_dags/example_short_circuit_decorator.py for tasks to queue
[2025-08-17T00:59:09.641+0000] {logging_mixin.py:188} INFO - [2025-08-17T00:59:09.640+0000] {dagbag.py:545} INFO - Filling up the DagBag from /home/airflow/.local/lib/python3.12/site-packages/airflow/example_dags/example_short_circuit_decorator.py
[2025-08-17T00:59:09.650+0000] {processor.py:840} INFO - DAG(s) 'example_short_circuit_decorator' retrieved from /home/airflow/.local/lib/python3.12/site-packages/airflow/example_dags/example_short_circuit_decorator.py
[2025-08-17T00:59:09.676+0000] {logging_mixin.py:188} INFO - [2025-08-17T00:59:09.676+0000] {dag.py:3089} INFO - Sync 1 DAGs
[2025-08-17T00:59:09.701+0000] {logging_mixin.py:188} INFO - [2025-08-17T00:59:09.701+0000] {dag.py:3947} INFO - Setting next_dagrun for example_short_circuit_decorator to 2025-08-16 00:00:00+00:00, run_after=2025-08-17 00:00:00+00:00
[2025-08-17T00:59:09.723+0000] {processor.py:183} INFO - Processing /home/airflow/.local/lib/python3.12/site-packages/airflow/example_dags/example_short_circuit_decorator.py took 0.092 seconds
[2025-08-17T01:00:10.986+0000] {processor.py:161} INFO - Started process (PID=72) to work on /home/airflow/.local/lib/python3.12/site-packages/airflow/example_dags/example_short_circuit_decorator.py
[2025-08-17T01:00:10.988+0000] {processor.py:830} INFO - Processing file /home/airflow/.local/lib/python3.12/site-packages/airflow/example_dags/example_short_circuit_decorator.py for tasks to queue
[2025-08-17T01:00:10.991+0000] {logging_mixin.py:188} INFO - [2025-08-17T01:00:10.991+0000] {dagbag.py:545} INFO - Filling up the DagBag from /home/airflow/.local/lib/python3.12/site-packages/airflow/example_dags/example_short_circuit_decorator.py
[2025-08-17T01:00:11.008+0000] {processor.py:840} INFO - DAG(s) 'example_short_circuit_decorator' retrieved from /home/airflow/.local/lib/python3.12/site-packages/airflow/example_dags/example_short_circuit_decorator.py
[2025-08-17T01:00:11.029+0000] {logging_mixin.py:188} INFO - [2025-08-17T01:00:11.028+0000] {dag.py:3089} INFO - Sync 1 DAGs
[2025-08-17T01:00:11.063+0000] {logging_mixin.py:188} INFO - [2025-08-17T01:00:11.063+0000] {dag.py:3947} INFO - Setting next_dagrun for example_short_circuit_decorator to 2025-08-16 00:00:00+00:00, run_after=2025-08-17 00:00:00+00:00
[2025-08-17T01:00:11.094+0000] {processor.py:183} INFO - Processing /home/airflow/.local/lib/python3.12/site-packages/airflow/example_dags/example_short_circuit_decorator.py took 0.118 seconds
[2025-08-17T01:01:34.152+0000] {processor.py:161} INFO - Started process (PID=72) to work on /home/airflow/.local/lib/python3.12/site-packages/airflow/example_dags/example_short_circuit_decorator.py
[2025-08-17T01:01:34.154+0000] {processor.py:830} INFO - Processing file /home/airflow/.local/lib/python3.12/site-packages/airflow/example_dags/example_short_circuit_decorator.py for tasks to queue
[2025-08-17T01:01:34.158+0000] {logging_mixin.py:188} INFO - [2025-08-17T01:01:34.157+0000] {dagbag.py:545} INFO - Filling up the DagBag from /home/airflow/.local/lib/python3.12/site-packages/airflow/example_dags/example_short_circuit_decorator.py
[2025-08-17T01:01:34.175+0000] {processor.py:840} INFO - DAG(s) 'example_short_circuit_decorator' retrieved from /home/airflow/.local/lib/python3.12/site-packages/airflow/example_dags/example_short_circuit_decorator.py
[2025-08-17T01:01:34.198+0000] {logging_mixin.py:188} INFO - [2025-08-17T01:01:34.197+0000] {dag.py:3089} INFO - Sync 1 DAGs
[2025-08-17T01:01:34.227+0000] {logging_mixin.py:188} INFO - [2025-08-17T01:01:34.227+0000] {dag.py:3947} INFO - Setting next_dagrun for example_short_circuit_decorator to 2025-08-16 00:00:00+00:00, run_after=2025-08-17 00:00:00+00:00
[2025-08-17T01:01:34.260+0000] {processor.py:183} INFO - Processing /home/airflow/.local/lib/python3.12/site-packages/airflow/example_dags/example_short_circuit_decorator.py took 0.118 seconds
[2025-08-17T01:02:05.110+0000] {processor.py:161} INFO - Started process (PID=131) to work on /home/airflow/.local/lib/python3.12/site-packages/airflow/example_dags/example_short_circuit_decorator.py
[2025-08-17T01:02:05.112+0000] {processor.py:830} INFO - Processing file /home/airflow/.local/lib/python3.12/site-packages/airflow/example_dags/example_short_circuit_decorator.py for tasks to queue
[2025-08-17T01:02:05.115+0000] {logging_mixin.py:188} INFO - [2025-08-17T01:02:05.115+0000] {dagbag.py:545} INFO - Filling up the DagBag from /home/airflow/.local/lib/python3.12/site-packages/airflow/example_dags/example_short_circuit_decorator.py
[2025-08-17T01:02:05.127+0000] {processor.py:840} INFO - DAG(s) 'example_short_circuit_decorator' retrieved from /home/airflow/.local/lib/python3.12/site-packages/airflow/example_dags/example_short_circuit_decorator.py
[2025-08-17T01:02:05.251+0000] {logging_mixin.py:188} INFO - [2025-08-17T01:02:05.250+0000] {dag.py:3089} INFO - Sync 1 DAGs
[2025-08-17T01:02:05.276+0000] {logging_mixin.py:188} INFO - [2025-08-17T01:02:05.276+0000] {dag.py:3947} INFO - Setting next_dagrun for example_short_circuit_decorator to 2025-08-16 00:00:00+00:00, run_after=2025-08-17 00:00:00+00:00
[2025-08-17T01:02:05.305+0000] {processor.py:183} INFO - Processing /home/airflow/.local/lib/python3.12/site-packages/airflow/example_dags/example_short_circuit_decorator.py took 0.201 seconds
[2025-08-17T01:02:35.991+0000] {processor.py:161} INFO - Started process (PID=190) to work on /home/airflow/.local/lib/python3.12/site-packages/airflow/example_dags/example_short_circuit_decorator.py
[2025-08-17T01:02:35.992+0000] {processor.py:830} INFO - Processing file /home/airflow/.local/lib/python3.12/site-packages/airflow/example_dags/example_short_circuit_decorator.py for tasks to queue
[2025-08-17T01:02:35.994+0000] {logging_mixin.py:188} INFO - [2025-08-17T01:02:35.994+0000] {dagbag.py:545} INFO - Filling up the DagBag from /home/airflow/.local/lib/python3.12/site-packages/airflow/example_dags/example_short_circuit_decorator.py
[2025-08-17T01:02:36.005+0000] {processor.py:840} INFO - DAG(s) 'example_short_circuit_decorator' retrieved from /home/airflow/.local/lib/python3.12/site-packages/airflow/example_dags/example_short_circuit_decorator.py
[2025-08-17T01:02:36.035+0000] {logging_mixin.py:188} INFO - [2025-08-17T01:02:36.034+0000] {dag.py:3089} INFO - Sync 1 DAGs
[2025-08-17T01:02:36.059+0000] {logging_mixin.py:188} INFO - [2025-08-17T01:02:36.059+0000] {dag.py:3947} INFO - Setting next_dagrun for example_short_circuit_decorator to 2025-08-16 00:00:00+00:00, run_after=2025-08-17 00:00:00+00:00
[2025-08-17T01:02:36.084+0000] {processor.py:183} INFO - Processing /home/airflow/.local/lib/python3.12/site-packages/airflow/example_dags/example_short_circuit_decorator.py took 0.100 seconds
[2025-08-17T01:03:06.534+0000] {processor.py:161} INFO - Started process (PID=249) to work on /home/airflow/.local/lib/python3.12/site-packages/airflow/example_dags/example_short_circuit_decorator.py
[2025-08-17T01:03:06.536+0000] {processor.py:830} INFO - Processing file /home/airflow/.local/lib/python3.12/site-packages/airflow/example_dags/example_short_circuit_decorator.py for tasks to queue
[2025-08-17T01:03:06.537+0000] {logging_mixin.py:188} INFO - [2025-08-17T01:03:06.537+0000] {dagbag.py:545} INFO - Filling up the DagBag from /home/airflow/.local/lib/python3.12/site-packages/airflow/example_dags/example_short_circuit_decorator.py
[2025-08-17T01:03:06.545+0000] {processor.py:840} INFO - DAG(s) 'example_short_circuit_decorator' retrieved from /home/airflow/.local/lib/python3.12/site-packages/airflow/example_dags/example_short_circuit_decorator.py
[2025-08-17T01:03:06.568+0000] {logging_mixin.py:188} INFO - [2025-08-17T01:03:06.568+0000] {dag.py:3089} INFO - Sync 1 DAGs
[2025-08-17T01:03:06.589+0000] {logging_mixin.py:188} INFO - [2025-08-17T01:03:06.589+0000] {dag.py:3947} INFO - Setting next_dagrun for example_short_circuit_decorator to 2025-08-16 00:00:00+00:00, run_after=2025-08-17 00:00:00+00:00
[2025-08-17T01:03:06.610+0000] {processor.py:183} INFO - Processing /home/airflow/.local/lib/python3.12/site-packages/airflow/example_dags/example_short_circuit_decorator.py took 0.081 seconds
[2025-08-17T01:03:36.727+0000] {processor.py:161} INFO - Started process (PID=308) to work on /home/airflow/.local/lib/python3.12/site-packages/airflow/example_dags/example_short_circuit_decorator.py
[2025-08-17T01:03:36.728+0000] {processor.py:830} INFO - Processing file /home/airflow/.local/lib/python3.12/site-packages/airflow/example_dags/example_short_circuit_decorator.py for tasks to queue
[2025-08-17T01:03:36.730+0000] {logging_mixin.py:188} INFO - [2025-08-17T01:03:36.729+0000] {dagbag.py:545} INFO - Filling up the DagBag from /home/airflow/.local/lib/python3.12/site-packages/airflow/example_dags/example_short_circuit_decorator.py
[2025-08-17T01:03:36.739+0000] {processor.py:840} INFO - DAG(s) 'example_short_circuit_decorator' retrieved from /home/airflow/.local/lib/python3.12/site-packages/airflow/example_dags/example_short_circuit_decorator.py
[2025-08-17T01:03:36.767+0000] {logging_mixin.py:188} INFO - [2025-08-17T01:03:36.767+0000] {dag.py:3089} INFO - Sync 1 DAGs
[2025-08-17T01:03:36.790+0000] {logging_mixin.py:188} INFO - [2025-08-17T01:03:36.790+0000] {dag.py:3947} INFO - Setting next_dagrun for example_short_circuit_decorator to 2025-08-16 00:00:00+00:00, run_after=2025-08-17 00:00:00+00:00
[2025-08-17T01:03:36.813+0000] {processor.py:183} INFO - Processing /home/airflow/.local/lib/python3.12/site-packages/airflow/example_dags/example_short_circuit_decorator.py took 0.092 seconds
[2025-08-17T01:04:07.110+0000] {processor.py:161} INFO - Started process (PID=367) to work on /home/airflow/.local/lib/python3.12/site-packages/airflow/example_dags/example_short_circuit_decorator.py
[2025-08-17T01:04:07.111+0000] {processor.py:830} INFO - Processing file /home/airflow/.local/lib/python3.12/site-packages/airflow/example_dags/example_short_circuit_decorator.py for tasks to queue
[2025-08-17T01:04:07.114+0000] {logging_mixin.py:188} INFO - [2025-08-17T01:04:07.114+0000] {dagbag.py:545} INFO - Filling up the DagBag from /home/airflow/.local/lib/python3.12/site-packages/airflow/example_dags/example_short_circuit_decorator.py
[2025-08-17T01:04:07.127+0000] {processor.py:840} INFO - DAG(s) 'example_short_circuit_decorator' retrieved from /home/airflow/.local/lib/python3.12/site-packages/airflow/example_dags/example_short_circuit_decorator.py
[2025-08-17T01:04:07.157+0000] {logging_mixin.py:188} INFO - [2025-08-17T01:04:07.157+0000] {dag.py:3089} INFO - Sync 1 DAGs
[2025-08-17T01:04:07.184+0000] {logging_mixin.py:188} INFO - [2025-08-17T01:04:07.184+0000] {dag.py:3947} INFO - Setting next_dagrun for example_short_circuit_decorator to 2025-08-16 00:00:00+00:00, run_after=2025-08-17 00:00:00+00:00
[2025-08-17T01:04:07.209+0000] {processor.py:183} INFO - Processing /home/airflow/.local/lib/python3.12/site-packages/airflow/example_dags/example_short_circuit_decorator.py took 0.107 seconds
[2025-08-17T01:04:38.022+0000] {processor.py:161} INFO - Started process (PID=432) to work on /home/airflow/.local/lib/python3.12/site-packages/airflow/example_dags/example_short_circuit_decorator.py
[2025-08-17T01:04:38.023+0000] {processor.py:830} INFO - Processing file /home/airflow/.local/lib/python3.12/site-packages/airflow/example_dags/example_short_circuit_decorator.py for tasks to queue
[2025-08-17T01:04:38.026+0000] {logging_mixin.py:188} INFO - [2025-08-17T01:04:38.026+0000] {dagbag.py:545} INFO - Filling up the DagBag from /home/airflow/.local/lib/python3.12/site-packages/airflow/example_dags/example_short_circuit_decorator.py
[2025-08-17T01:04:38.039+0000] {processor.py:840} INFO - DAG(s) 'example_short_circuit_decorator' retrieved from /home/airflow/.local/lib/python3.12/site-packages/airflow/example_dags/example_short_circuit_decorator.py
[2025-08-17T01:04:38.071+0000] {logging_mixin.py:188} INFO - [2025-08-17T01:04:38.071+0000] {dag.py:3089} INFO - Sync 1 DAGs
[2025-08-17T01:04:38.094+0000] {logging_mixin.py:188} INFO - [2025-08-17T01:04:38.094+0000] {dag.py:3947} INFO - Setting next_dagrun for example_short_circuit_decorator to 2025-08-16 00:00:00+00:00, run_after=2025-08-17 00:00:00+00:00
[2025-08-17T01:04:38.113+0000] {processor.py:183} INFO - Processing /home/airflow/.local/lib/python3.12/site-packages/airflow/example_dags/example_short_circuit_decorator.py took 0.098 seconds
[2025-08-17T01:05:08.660+0000] {processor.py:161} INFO - Started process (PID=491) to work on /home/airflow/.local/lib/python3.12/site-packages/airflow/example_dags/example_short_circuit_decorator.py
[2025-08-17T01:05:08.661+0000] {processor.py:830} INFO - Processing file /home/airflow/.local/lib/python3.12/site-packages/airflow/example_dags/example_short_circuit_decorator.py for tasks to queue
[2025-08-17T01:05:08.663+0000] {logging_mixin.py:188} INFO - [2025-08-17T01:05:08.663+0000] {dagbag.py:545} INFO - Filling up the DagBag from /home/airflow/.local/lib/python3.12/site-packages/airflow/example_dags/example_short_circuit_decorator.py
[2025-08-17T01:05:08.671+0000] {processor.py:840} INFO - DAG(s) 'example_short_circuit_decorator' retrieved from /home/airflow/.local/lib/python3.12/site-packages/airflow/example_dags/example_short_circuit_decorator.py
[2025-08-17T01:05:08.693+0000] {logging_mixin.py:188} INFO - [2025-08-17T01:05:08.692+0000] {dag.py:3089} INFO - Sync 1 DAGs
[2025-08-17T01:05:08.713+0000] {logging_mixin.py:188} INFO - [2025-08-17T01:05:08.712+0000] {dag.py:3947} INFO - Setting next_dagrun for example_short_circuit_decorator to 2025-08-16 00:00:00+00:00, run_after=2025-08-17 00:00:00+00:00
[2025-08-17T01:05:08.733+0000] {processor.py:183} INFO - Processing /home/airflow/.local/lib/python3.12/site-packages/airflow/example_dags/example_short_circuit_decorator.py took 0.079 seconds
[2025-08-17T01:05:39.241+0000] {processor.py:161} INFO - Started process (PID=550) to work on /home/airflow/.local/lib/python3.12/site-packages/airflow/example_dags/example_short_circuit_decorator.py
[2025-08-17T01:05:39.242+0000] {processor.py:830} INFO - Processing file /home/airflow/.local/lib/python3.12/site-packages/airflow/example_dags/example_short_circuit_decorator.py for tasks to queue
[2025-08-17T01:05:39.245+0000] {logging_mixin.py:188} INFO - [2025-08-17T01:05:39.244+0000] {dagbag.py:545} INFO - Filling up the DagBag from /home/airflow/.local/lib/python3.12/site-packages/airflow/example_dags/example_short_circuit_decorator.py
[2025-08-17T01:05:39.254+0000] {processor.py:840} INFO - DAG(s) 'example_short_circuit_decorator' retrieved from /home/airflow/.local/lib/python3.12/site-packages/airflow/example_dags/example_short_circuit_decorator.py
[2025-08-17T01:05:39.285+0000] {logging_mixin.py:188} INFO - [2025-08-17T01:05:39.285+0000] {dag.py:3089} INFO - Sync 1 DAGs
[2025-08-17T01:05:39.313+0000] {logging_mixin.py:188} INFO - [2025-08-17T01:05:39.313+0000] {dag.py:3947} INFO - Setting next_dagrun for example_short_circuit_decorator to 2025-08-16 00:00:00+00:00, run_after=2025-08-17 00:00:00+00:00
[2025-08-17T01:05:39.337+0000] {processor.py:183} INFO - Processing /home/airflow/.local/lib/python3.12/site-packages/airflow/example_dags/example_short_circuit_decorator.py took 0.102 seconds
[2025-08-17T01:06:10.176+0000] {processor.py:161} INFO - Started process (PID=609) to work on /home/airflow/.local/lib/python3.12/site-packages/airflow/example_dags/example_short_circuit_decorator.py
[2025-08-17T01:06:10.177+0000] {processor.py:830} INFO - Processing file /home/airflow/.local/lib/python3.12/site-packages/airflow/example_dags/example_short_circuit_decorator.py for tasks to queue
[2025-08-17T01:06:10.180+0000] {logging_mixin.py:188} INFO - [2025-08-17T01:06:10.180+0000] {dagbag.py:545} INFO - Filling up the DagBag from /home/airflow/.local/lib/python3.12/site-packages/airflow/example_dags/example_short_circuit_decorator.py
[2025-08-17T01:06:10.190+0000] {processor.py:840} INFO - DAG(s) 'example_short_circuit_decorator' retrieved from /home/airflow/.local/lib/python3.12/site-packages/airflow/example_dags/example_short_circuit_decorator.py
[2025-08-17T01:06:10.219+0000] {logging_mixin.py:188} INFO - [2025-08-17T01:06:10.218+0000] {dag.py:3089} INFO - Sync 1 DAGs
[2025-08-17T01:06:10.242+0000] {logging_mixin.py:188} INFO - [2025-08-17T01:06:10.242+0000] {dag.py:3947} INFO - Setting next_dagrun for example_short_circuit_decorator to 2025-08-16 00:00:00+00:00, run_after=2025-08-17 00:00:00+00:00
[2025-08-17T01:06:10.265+0000] {processor.py:183} INFO - Processing /home/airflow/.local/lib/python3.12/site-packages/airflow/example_dags/example_short_circuit_decorator.py took 0.096 seconds
[2025-08-17T01:06:40.399+0000] {processor.py:161} INFO - Started process (PID=668) to work on /home/airflow/.local/lib/python3.12/site-packages/airflow/example_dags/example_short_circuit_decorator.py
[2025-08-17T01:06:40.401+0000] {processor.py:830} INFO - Processing file /home/airflow/.local/lib/python3.12/site-packages/airflow/example_dags/example_short_circuit_decorator.py for tasks to queue
[2025-08-17T01:06:40.403+0000] {logging_mixin.py:188} INFO - [2025-08-17T01:06:40.403+0000] {dagbag.py:545} INFO - Filling up the DagBag from /home/airflow/.local/lib/python3.12/site-packages/airflow/example_dags/example_short_circuit_decorator.py
[2025-08-17T01:06:40.413+0000] {processor.py:840} INFO - DAG(s) 'example_short_circuit_decorator' retrieved from /home/airflow/.local/lib/python3.12/site-packages/airflow/example_dags/example_short_circuit_decorator.py
[2025-08-17T01:06:40.446+0000] {logging_mixin.py:188} INFO - [2025-08-17T01:06:40.446+0000] {dag.py:3089} INFO - Sync 1 DAGs
[2025-08-17T01:06:40.476+0000] {logging_mixin.py:188} INFO - [2025-08-17T01:06:40.475+0000] {dag.py:3947} INFO - Setting next_dagrun for example_short_circuit_decorator to 2025-08-16 00:00:00+00:00, run_after=2025-08-17 00:00:00+00:00
[2025-08-17T01:06:40.507+0000] {processor.py:183} INFO - Processing /home/airflow/.local/lib/python3.12/site-packages/airflow/example_dags/example_short_circuit_decorator.py took 0.114 seconds
[2025-08-17T01:07:11.548+0000] {processor.py:161} INFO - Started process (PID=727) to work on /home/airflow/.local/lib/python3.12/site-packages/airflow/example_dags/example_short_circuit_decorator.py
[2025-08-17T01:07:11.550+0000] {processor.py:830} INFO - Processing file /home/airflow/.local/lib/python3.12/site-packages/airflow/example_dags/example_short_circuit_decorator.py for tasks to queue
[2025-08-17T01:07:11.552+0000] {logging_mixin.py:188} INFO - [2025-08-17T01:07:11.552+0000] {dagbag.py:545} INFO - Filling up the DagBag from /home/airflow/.local/lib/python3.12/site-packages/airflow/example_dags/example_short_circuit_decorator.py
[2025-08-17T01:07:11.561+0000] {processor.py:840} INFO - DAG(s) 'example_short_circuit_decorator' retrieved from /home/airflow/.local/lib/python3.12/site-packages/airflow/example_dags/example_short_circuit_decorator.py
[2025-08-17T01:07:11.586+0000] {logging_mixin.py:188} INFO - [2025-08-17T01:07:11.586+0000] {dag.py:3089} INFO - Sync 1 DAGs
[2025-08-17T01:07:11.609+0000] {logging_mixin.py:188} INFO - [2025-08-17T01:07:11.609+0000] {dag.py:3947} INFO - Setting next_dagrun for example_short_circuit_decorator to 2025-08-16 00:00:00+00:00, run_after=2025-08-17 00:00:00+00:00
[2025-08-17T01:07:11.634+0000] {processor.py:183} INFO - Processing /home/airflow/.local/lib/python3.12/site-packages/airflow/example_dags/example_short_circuit_decorator.py took 0.092 seconds
[2025-08-17T01:07:41.824+0000] {processor.py:161} INFO - Started process (PID=786) to work on /home/airflow/.local/lib/python3.12/site-packages/airflow/example_dags/example_short_circuit_decorator.py
[2025-08-17T01:07:41.826+0000] {processor.py:830} INFO - Processing file /home/airflow/.local/lib/python3.12/site-packages/airflow/example_dags/example_short_circuit_decorator.py for tasks to queue
[2025-08-17T01:07:41.829+0000] {logging_mixin.py:188} INFO - [2025-08-17T01:07:41.828+0000] {dagbag.py:545} INFO - Filling up the DagBag from /home/airflow/.local/lib/python3.12/site-packages/airflow/example_dags/example_short_circuit_decorator.py
[2025-08-17T01:07:41.838+0000] {processor.py:840} INFO - DAG(s) 'example_short_circuit_decorator' retrieved from /home/airflow/.local/lib/python3.12/site-packages/airflow/example_dags/example_short_circuit_decorator.py
[2025-08-17T01:07:41.864+0000] {logging_mixin.py:188} INFO - [2025-08-17T01:07:41.864+0000] {dag.py:3089} INFO - Sync 1 DAGs
[2025-08-17T01:07:41.885+0000] {logging_mixin.py:188} INFO - [2025-08-17T01:07:41.885+0000] {dag.py:3947} INFO - Setting next_dagrun for example_short_circuit_decorator to 2025-08-16 00:00:00+00:00, run_after=2025-08-17 00:00:00+00:00
[2025-08-17T01:07:41.907+0000] {processor.py:183} INFO - Processing /home/airflow/.local/lib/python3.12/site-packages/airflow/example_dags/example_short_circuit_decorator.py took 0.089 seconds
[2025-08-17T01:08:12.784+0000] {processor.py:161} INFO - Started process (PID=846) to work on /home/airflow/.local/lib/python3.12/site-packages/airflow/example_dags/example_short_circuit_decorator.py
[2025-08-17T01:08:12.785+0000] {processor.py:830} INFO - Processing file /home/airflow/.local/lib/python3.12/site-packages/airflow/example_dags/example_short_circuit_decorator.py for tasks to queue
[2025-08-17T01:08:12.787+0000] {logging_mixin.py:188} INFO - [2025-08-17T01:08:12.787+0000] {dagbag.py:545} INFO - Filling up the DagBag from /home/airflow/.local/lib/python3.12/site-packages/airflow/example_dags/example_short_circuit_decorator.py
[2025-08-17T01:08:12.796+0000] {processor.py:840} INFO - DAG(s) 'example_short_circuit_decorator' retrieved from /home/airflow/.local/lib/python3.12/site-packages/airflow/example_dags/example_short_circuit_decorator.py
[2025-08-17T01:08:12.822+0000] {logging_mixin.py:188} INFO - [2025-08-17T01:08:12.822+0000] {dag.py:3089} INFO - Sync 1 DAGs
[2025-08-17T01:08:12.848+0000] {logging_mixin.py:188} INFO - [2025-08-17T01:08:12.847+0000] {dag.py:3947} INFO - Setting next_dagrun for example_short_circuit_decorator to 2025-08-16 00:00:00+00:00, run_after=2025-08-17 00:00:00+00:00
[2025-08-17T01:08:12.868+0000] {processor.py:183} INFO - Processing /home/airflow/.local/lib/python3.12/site-packages/airflow/example_dags/example_short_circuit_decorator.py took 0.090 seconds
[2025-08-17T01:08:42.954+0000] {processor.py:161} INFO - Started process (PID=904) to work on /home/airflow/.local/lib/python3.12/site-packages/airflow/example_dags/example_short_circuit_decorator.py
[2025-08-17T01:08:42.956+0000] {processor.py:830} INFO - Processing file /home/airflow/.local/lib/python3.12/site-packages/airflow/example_dags/example_short_circuit_decorator.py for tasks to queue
[2025-08-17T01:08:42.959+0000] {logging_mixin.py:188} INFO - [2025-08-17T01:08:42.958+0000] {dagbag.py:545} INFO - Filling up the DagBag from /home/airflow/.local/lib/python3.12/site-packages/airflow/example_dags/example_short_circuit_decorator.py
[2025-08-17T01:08:42.969+0000] {processor.py:840} INFO - DAG(s) 'example_short_circuit_decorator' retrieved from /home/airflow/.local/lib/python3.12/site-packages/airflow/example_dags/example_short_circuit_decorator.py
[2025-08-17T01:08:42.998+0000] {logging_mixin.py:188} INFO - [2025-08-17T01:08:42.997+0000] {dag.py:3089} INFO - Sync 1 DAGs
[2025-08-17T01:08:43.024+0000] {logging_mixin.py:188} INFO - [2025-08-17T01:08:43.024+0000] {dag.py:3947} INFO - Setting next_dagrun for example_short_circuit_decorator to 2025-08-16 00:00:00+00:00, run_after=2025-08-17 00:00:00+00:00
[2025-08-17T01:08:43.044+0000] {processor.py:183} INFO - Processing /home/airflow/.local/lib/python3.12/site-packages/airflow/example_dags/example_short_circuit_decorator.py took 0.097 seconds
[2025-08-17T01:09:13.230+0000] {processor.py:161} INFO - Started process (PID=963) to work on /home/airflow/.local/lib/python3.12/site-packages/airflow/example_dags/example_short_circuit_decorator.py
[2025-08-17T01:09:13.231+0000] {processor.py:830} INFO - Processing file /home/airflow/.local/lib/python3.12/site-packages/airflow/example_dags/example_short_circuit_decorator.py for tasks to queue
[2025-08-17T01:09:13.233+0000] {logging_mixin.py:188} INFO - [2025-08-17T01:09:13.233+0000] {dagbag.py:545} INFO - Filling up the DagBag from /home/airflow/.local/lib/python3.12/site-packages/airflow/example_dags/example_short_circuit_decorator.py
[2025-08-17T01:09:13.244+0000] {processor.py:840} INFO - DAG(s) 'example_short_circuit_decorator' retrieved from /home/airflow/.local/lib/python3.12/site-packages/airflow/example_dags/example_short_circuit_decorator.py
[2025-08-17T01:09:13.273+0000] {logging_mixin.py:188} INFO - [2025-08-17T01:09:13.273+0000] {dag.py:3089} INFO - Sync 1 DAGs
[2025-08-17T01:09:13.303+0000] {logging_mixin.py:188} INFO - [2025-08-17T01:09:13.302+0000] {dag.py:3947} INFO - Setting next_dagrun for example_short_circuit_decorator to 2025-08-16 00:00:00+00:00, run_after=2025-08-17 00:00:00+00:00
[2025-08-17T01:09:13.339+0000] {processor.py:183} INFO - Processing /home/airflow/.local/lib/python3.12/site-packages/airflow/example_dags/example_short_circuit_decorator.py took 0.116 seconds
[2025-08-17T01:09:43.540+0000] {processor.py:161} INFO - Started process (PID=1022) to work on /home/airflow/.local/lib/python3.12/site-packages/airflow/example_dags/example_short_circuit_decorator.py
[2025-08-17T01:09:43.541+0000] {processor.py:830} INFO - Processing file /home/airflow/.local/lib/python3.12/site-packages/airflow/example_dags/example_short_circuit_decorator.py for tasks to queue
[2025-08-17T01:09:43.544+0000] {logging_mixin.py:188} INFO - [2025-08-17T01:09:43.544+0000] {dagbag.py:545} INFO - Filling up the DagBag from /home/airflow/.local/lib/python3.12/site-packages/airflow/example_dags/example_short_circuit_decorator.py
[2025-08-17T01:09:43.553+0000] {processor.py:840} INFO - DAG(s) 'example_short_circuit_decorator' retrieved from /home/airflow/.local/lib/python3.12/site-packages/airflow/example_dags/example_short_circuit_decorator.py
[2025-08-17T01:09:43.578+0000] {logging_mixin.py:188} INFO - [2025-08-17T01:09:43.578+0000] {dag.py:3089} INFO - Sync 1 DAGs
[2025-08-17T01:09:43.601+0000] {logging_mixin.py:188} INFO - [2025-08-17T01:09:43.601+0000] {dag.py:3947} INFO - Setting next_dagrun for example_short_circuit_decorator to 2025-08-16 00:00:00+00:00, run_after=2025-08-17 00:00:00+00:00
[2025-08-17T01:09:43.623+0000] {processor.py:183} INFO - Processing /home/airflow/.local/lib/python3.12/site-packages/airflow/example_dags/example_short_circuit_decorator.py took 0.090 seconds
[2025-08-17T01:10:13.798+0000] {processor.py:161} INFO - Started process (PID=1082) to work on /home/airflow/.local/lib/python3.12/site-packages/airflow/example_dags/example_short_circuit_decorator.py
[2025-08-17T01:10:13.800+0000] {processor.py:830} INFO - Processing file /home/airflow/.local/lib/python3.12/site-packages/airflow/example_dags/example_short_circuit_decorator.py for tasks to queue
[2025-08-17T01:10:13.802+0000] {logging_mixin.py:188} INFO - [2025-08-17T01:10:13.802+0000] {dagbag.py:545} INFO - Filling up the DagBag from /home/airflow/.local/lib/python3.12/site-packages/airflow/example_dags/example_short_circuit_decorator.py
[2025-08-17T01:10:13.814+0000] {processor.py:840} INFO - DAG(s) 'example_short_circuit_decorator' retrieved from /home/airflow/.local/lib/python3.12/site-packages/airflow/example_dags/example_short_circuit_decorator.py
[2025-08-17T01:10:13.839+0000] {logging_mixin.py:188} INFO - [2025-08-17T01:10:13.839+0000] {dag.py:3089} INFO - Sync 1 DAGs
[2025-08-17T01:10:13.861+0000] {logging_mixin.py:188} INFO - [2025-08-17T01:10:13.861+0000] {dag.py:3947} INFO - Setting next_dagrun for example_short_circuit_decorator to 2025-08-16 00:00:00+00:00, run_after=2025-08-17 00:00:00+00:00
[2025-08-17T01:10:13.882+0000] {processor.py:183} INFO - Processing /home/airflow/.local/lib/python3.12/site-packages/airflow/example_dags/example_short_circuit_decorator.py took 0.091 seconds
[2025-08-17T01:10:44.293+0000] {processor.py:161} INFO - Started process (PID=1141) to work on /home/airflow/.local/lib/python3.12/site-packages/airflow/example_dags/example_short_circuit_decorator.py
[2025-08-17T01:10:44.294+0000] {processor.py:830} INFO - Processing file /home/airflow/.local/lib/python3.12/site-packages/airflow/example_dags/example_short_circuit_decorator.py for tasks to queue
[2025-08-17T01:10:44.297+0000] {logging_mixin.py:188} INFO - [2025-08-17T01:10:44.296+0000] {dagbag.py:545} INFO - Filling up the DagBag from /home/airflow/.local/lib/python3.12/site-packages/airflow/example_dags/example_short_circuit_decorator.py
[2025-08-17T01:10:44.307+0000] {processor.py:840} INFO - DAG(s) 'example_short_circuit_decorator' retrieved from /home/airflow/.local/lib/python3.12/site-packages/airflow/example_dags/example_short_circuit_decorator.py
[2025-08-17T01:10:44.335+0000] {logging_mixin.py:188} INFO - [2025-08-17T01:10:44.335+0000] {dag.py:3089} INFO - Sync 1 DAGs
[2025-08-17T01:10:44.358+0000] {logging_mixin.py:188} INFO - [2025-08-17T01:10:44.358+0000] {dag.py:3947} INFO - Setting next_dagrun for example_short_circuit_decorator to 2025-08-16 00:00:00+00:00, run_after=2025-08-17 00:00:00+00:00
[2025-08-17T01:10:44.380+0000] {processor.py:183} INFO - Processing /home/airflow/.local/lib/python3.12/site-packages/airflow/example_dags/example_short_circuit_decorator.py took 0.094 seconds
[2025-08-17T01:11:14.785+0000] {processor.py:161} INFO - Started process (PID=1200) to work on /home/airflow/.local/lib/python3.12/site-packages/airflow/example_dags/example_short_circuit_decorator.py
[2025-08-17T01:11:14.787+0000] {processor.py:830} INFO - Processing file /home/airflow/.local/lib/python3.12/site-packages/airflow/example_dags/example_short_circuit_decorator.py for tasks to queue
[2025-08-17T01:11:14.790+0000] {logging_mixin.py:188} INFO - [2025-08-17T01:11:14.789+0000] {dagbag.py:545} INFO - Filling up the DagBag from /home/airflow/.local/lib/python3.12/site-packages/airflow/example_dags/example_short_circuit_decorator.py
[2025-08-17T01:11:14.800+0000] {processor.py:840} INFO - DAG(s) 'example_short_circuit_decorator' retrieved from /home/airflow/.local/lib/python3.12/site-packages/airflow/example_dags/example_short_circuit_decorator.py
[2025-08-17T01:11:14.826+0000] {logging_mixin.py:188} INFO - [2025-08-17T01:11:14.826+0000] {dag.py:3089} INFO - Sync 1 DAGs
[2025-08-17T01:11:14.846+0000] {logging_mixin.py:188} INFO - [2025-08-17T01:11:14.846+0000] {dag.py:3947} INFO - Setting next_dagrun for example_short_circuit_decorator to 2025-08-16 00:00:00+00:00, run_after=2025-08-17 00:00:00+00:00
[2025-08-17T01:11:14.868+0000] {processor.py:183} INFO - Processing /home/airflow/.local/lib/python3.12/site-packages/airflow/example_dags/example_short_circuit_decorator.py took 0.088 seconds
[2025-08-17T01:11:45.320+0000] {processor.py:161} INFO - Started process (PID=1259) to work on /home/airflow/.local/lib/python3.12/site-packages/airflow/example_dags/example_short_circuit_decorator.py
[2025-08-17T01:11:45.322+0000] {processor.py:830} INFO - Processing file /home/airflow/.local/lib/python3.12/site-packages/airflow/example_dags/example_short_circuit_decorator.py for tasks to queue
[2025-08-17T01:11:45.325+0000] {logging_mixin.py:188} INFO - [2025-08-17T01:11:45.325+0000] {dagbag.py:545} INFO - Filling up the DagBag from /home/airflow/.local/lib/python3.12/site-packages/airflow/example_dags/example_short_circuit_decorator.py
[2025-08-17T01:11:45.339+0000] {processor.py:840} INFO - DAG(s) 'example_short_circuit_decorator' retrieved from /home/airflow/.local/lib/python3.12/site-packages/airflow/example_dags/example_short_circuit_decorator.py
[2025-08-17T01:11:45.375+0000] {logging_mixin.py:188} INFO - [2025-08-17T01:11:45.375+0000] {dag.py:3089} INFO - Sync 1 DAGs
[2025-08-17T01:11:45.401+0000] {logging_mixin.py:188} INFO - [2025-08-17T01:11:45.401+0000] {dag.py:3947} INFO - Setting next_dagrun for example_short_circuit_decorator to 2025-08-16 00:00:00+00:00, run_after=2025-08-17 00:00:00+00:00
[2025-08-17T01:11:45.427+0000] {processor.py:183} INFO - Processing /home/airflow/.local/lib/python3.12/site-packages/airflow/example_dags/example_short_circuit_decorator.py took 0.116 seconds
[2025-08-17T01:12:15.592+0000] {processor.py:161} INFO - Started process (PID=1318) to work on /home/airflow/.local/lib/python3.12/site-packages/airflow/example_dags/example_short_circuit_decorator.py
[2025-08-17T01:12:15.593+0000] {processor.py:830} INFO - Processing file /home/airflow/.local/lib/python3.12/site-packages/airflow/example_dags/example_short_circuit_decorator.py for tasks to queue
[2025-08-17T01:12:15.596+0000] {logging_mixin.py:188} INFO - [2025-08-17T01:12:15.595+0000] {dagbag.py:545} INFO - Filling up the DagBag from /home/airflow/.local/lib/python3.12/site-packages/airflow/example_dags/example_short_circuit_decorator.py
[2025-08-17T01:12:15.604+0000] {processor.py:840} INFO - DAG(s) 'example_short_circuit_decorator' retrieved from /home/airflow/.local/lib/python3.12/site-packages/airflow/example_dags/example_short_circuit_decorator.py
[2025-08-17T01:12:15.629+0000] {logging_mixin.py:188} INFO - [2025-08-17T01:12:15.629+0000] {dag.py:3089} INFO - Sync 1 DAGs
[2025-08-17T01:12:15.649+0000] {logging_mixin.py:188} INFO - [2025-08-17T01:12:15.649+0000] {dag.py:3947} INFO - Setting next_dagrun for example_short_circuit_decorator to 2025-08-16 00:00:00+00:00, run_after=2025-08-17 00:00:00+00:00
[2025-08-17T01:12:15.671+0000] {processor.py:183} INFO - Processing /home/airflow/.local/lib/python3.12/site-packages/airflow/example_dags/example_short_circuit_decorator.py took 0.086 seconds
[2025-08-17T01:12:46.168+0000] {processor.py:161} INFO - Started process (PID=1377) to work on /home/airflow/.local/lib/python3.12/site-packages/airflow/example_dags/example_short_circuit_decorator.py
[2025-08-17T01:12:46.169+0000] {processor.py:830} INFO - Processing file /home/airflow/.local/lib/python3.12/site-packages/airflow/example_dags/example_short_circuit_decorator.py for tasks to queue
[2025-08-17T01:12:46.172+0000] {logging_mixin.py:188} INFO - [2025-08-17T01:12:46.172+0000] {dagbag.py:545} INFO - Filling up the DagBag from /home/airflow/.local/lib/python3.12/site-packages/airflow/example_dags/example_short_circuit_decorator.py
[2025-08-17T01:12:46.181+0000] {processor.py:840} INFO - DAG(s) 'example_short_circuit_decorator' retrieved from /home/airflow/.local/lib/python3.12/site-packages/airflow/example_dags/example_short_circuit_decorator.py
[2025-08-17T01:12:46.205+0000] {logging_mixin.py:188} INFO - [2025-08-17T01:12:46.205+0000] {dag.py:3089} INFO - Sync 1 DAGs
[2025-08-17T01:12:46.226+0000] {logging_mixin.py:188} INFO - [2025-08-17T01:12:46.225+0000] {dag.py:3947} INFO - Setting next_dagrun for example_short_circuit_decorator to 2025-08-16 00:00:00+00:00, run_after=2025-08-17 00:00:00+00:00
[2025-08-17T01:12:46.246+0000] {processor.py:183} INFO - Processing /home/airflow/.local/lib/python3.12/site-packages/airflow/example_dags/example_short_circuit_decorator.py took 0.085 seconds
[2025-08-17T01:13:16.681+0000] {processor.py:161} INFO - Started process (PID=1437) to work on /home/airflow/.local/lib/python3.12/site-packages/airflow/example_dags/example_short_circuit_decorator.py
[2025-08-17T01:13:16.683+0000] {processor.py:830} INFO - Processing file /home/airflow/.local/lib/python3.12/site-packages/airflow/example_dags/example_short_circuit_decorator.py for tasks to queue
[2025-08-17T01:13:16.685+0000] {logging_mixin.py:188} INFO - [2025-08-17T01:13:16.685+0000] {dagbag.py:545} INFO - Filling up the DagBag from /home/airflow/.local/lib/python3.12/site-packages/airflow/example_dags/example_short_circuit_decorator.py
[2025-08-17T01:13:16.693+0000] {processor.py:840} INFO - DAG(s) 'example_short_circuit_decorator' retrieved from /home/airflow/.local/lib/python3.12/site-packages/airflow/example_dags/example_short_circuit_decorator.py
[2025-08-17T01:13:16.719+0000] {logging_mixin.py:188} INFO - [2025-08-17T01:13:16.718+0000] {dag.py:3089} INFO - Sync 1 DAGs
[2025-08-17T01:13:16.739+0000] {logging_mixin.py:188} INFO - [2025-08-17T01:13:16.739+0000] {dag.py:3947} INFO - Setting next_dagrun for example_short_circuit_decorator to 2025-08-16 00:00:00+00:00, run_after=2025-08-17 00:00:00+00:00
[2025-08-17T01:13:16.761+0000] {processor.py:183} INFO - Processing /home/airflow/.local/lib/python3.12/site-packages/airflow/example_dags/example_short_circuit_decorator.py took 0.086 seconds
[2025-08-17T01:13:47.078+0000] {processor.py:161} INFO - Started process (PID=1496) to work on /home/airflow/.local/lib/python3.12/site-packages/airflow/example_dags/example_short_circuit_decorator.py
[2025-08-17T01:13:47.080+0000] {processor.py:830} INFO - Processing file /home/airflow/.local/lib/python3.12/site-packages/airflow/example_dags/example_short_circuit_decorator.py for tasks to queue
[2025-08-17T01:13:47.082+0000] {logging_mixin.py:188} INFO - [2025-08-17T01:13:47.082+0000] {dagbag.py:545} INFO - Filling up the DagBag from /home/airflow/.local/lib/python3.12/site-packages/airflow/example_dags/example_short_circuit_decorator.py
[2025-08-17T01:13:47.091+0000] {processor.py:840} INFO - DAG(s) 'example_short_circuit_decorator' retrieved from /home/airflow/.local/lib/python3.12/site-packages/airflow/example_dags/example_short_circuit_decorator.py
[2025-08-17T01:13:47.117+0000] {logging_mixin.py:188} INFO - [2025-08-17T01:13:47.117+0000] {dag.py:3089} INFO - Sync 1 DAGs
[2025-08-17T01:13:47.139+0000] {logging_mixin.py:188} INFO - [2025-08-17T01:13:47.139+0000] {dag.py:3947} INFO - Setting next_dagrun for example_short_circuit_decorator to 2025-08-16 00:00:00+00:00, run_after=2025-08-17 00:00:00+00:00
[2025-08-17T01:13:47.159+0000] {processor.py:183} INFO - Processing /home/airflow/.local/lib/python3.12/site-packages/airflow/example_dags/example_short_circuit_decorator.py took 0.087 seconds
[2025-08-17T01:14:17.692+0000] {processor.py:161} INFO - Started process (PID=1555) to work on /home/airflow/.local/lib/python3.12/site-packages/airflow/example_dags/example_short_circuit_decorator.py
[2025-08-17T01:14:17.693+0000] {processor.py:830} INFO - Processing file /home/airflow/.local/lib/python3.12/site-packages/airflow/example_dags/example_short_circuit_decorator.py for tasks to queue
[2025-08-17T01:14:17.696+0000] {logging_mixin.py:188} INFO - [2025-08-17T01:14:17.696+0000] {dagbag.py:545} INFO - Filling up the DagBag from /home/airflow/.local/lib/python3.12/site-packages/airflow/example_dags/example_short_circuit_decorator.py
[2025-08-17T01:14:17.706+0000] {processor.py:840} INFO - DAG(s) 'example_short_circuit_decorator' retrieved from /home/airflow/.local/lib/python3.12/site-packages/airflow/example_dags/example_short_circuit_decorator.py
[2025-08-17T01:14:17.733+0000] {logging_mixin.py:188} INFO - [2025-08-17T01:14:17.733+0000] {dag.py:3089} INFO - Sync 1 DAGs
[2025-08-17T01:14:17.753+0000] {logging_mixin.py:188} INFO - [2025-08-17T01:14:17.752+0000] {dag.py:3947} INFO - Setting next_dagrun for example_short_circuit_decorator to 2025-08-16 00:00:00+00:00, run_after=2025-08-17 00:00:00+00:00
[2025-08-17T01:14:17.772+0000] {processor.py:183} INFO - Processing /home/airflow/.local/lib/python3.12/site-packages/airflow/example_dags/example_short_circuit_decorator.py took 0.087 seconds
[2025-08-17T01:14:48.352+0000] {processor.py:161} INFO - Started process (PID=1614) to work on /home/airflow/.local/lib/python3.12/site-packages/airflow/example_dags/example_short_circuit_decorator.py
[2025-08-17T01:14:48.354+0000] {processor.py:830} INFO - Processing file /home/airflow/.local/lib/python3.12/site-packages/airflow/example_dags/example_short_circuit_decorator.py for tasks to queue
[2025-08-17T01:14:48.357+0000] {logging_mixin.py:188} INFO - [2025-08-17T01:14:48.356+0000] {dagbag.py:545} INFO - Filling up the DagBag from /home/airflow/.local/lib/python3.12/site-packages/airflow/example_dags/example_short_circuit_decorator.py
[2025-08-17T01:14:48.367+0000] {processor.py:840} INFO - DAG(s) 'example_short_circuit_decorator' retrieved from /home/airflow/.local/lib/python3.12/site-packages/airflow/example_dags/example_short_circuit_decorator.py
[2025-08-17T01:14:48.392+0000] {logging_mixin.py:188} INFO - [2025-08-17T01:14:48.391+0000] {dag.py:3089} INFO - Sync 1 DAGs
[2025-08-17T01:14:48.415+0000] {logging_mixin.py:188} INFO - [2025-08-17T01:14:48.414+0000] {dag.py:3947} INFO - Setting next_dagrun for example_short_circuit_decorator to 2025-08-16 00:00:00+00:00, run_after=2025-08-17 00:00:00+00:00
[2025-08-17T01:14:48.437+0000] {processor.py:183} INFO - Processing /home/airflow/.local/lib/python3.12/site-packages/airflow/example_dags/example_short_circuit_decorator.py took 0.090 seconds
[2025-08-17T01:15:18.791+0000] {processor.py:161} INFO - Started process (PID=1673) to work on /home/airflow/.local/lib/python3.12/site-packages/airflow/example_dags/example_short_circuit_decorator.py
[2025-08-17T01:15:18.793+0000] {processor.py:830} INFO - Processing file /home/airflow/.local/lib/python3.12/site-packages/airflow/example_dags/example_short_circuit_decorator.py for tasks to queue
[2025-08-17T01:15:18.795+0000] {logging_mixin.py:188} INFO - [2025-08-17T01:15:18.795+0000] {dagbag.py:545} INFO - Filling up the DagBag from /home/airflow/.local/lib/python3.12/site-packages/airflow/example_dags/example_short_circuit_decorator.py
[2025-08-17T01:15:18.804+0000] {processor.py:840} INFO - DAG(s) 'example_short_circuit_decorator' retrieved from /home/airflow/.local/lib/python3.12/site-packages/airflow/example_dags/example_short_circuit_decorator.py
[2025-08-17T01:15:18.830+0000] {logging_mixin.py:188} INFO - [2025-08-17T01:15:18.829+0000] {dag.py:3089} INFO - Sync 1 DAGs
[2025-08-17T01:15:19.013+0000] {logging_mixin.py:188} INFO - [2025-08-17T01:15:19.013+0000] {dag.py:3947} INFO - Setting next_dagrun for example_short_circuit_decorator to 2025-08-16 00:00:00+00:00, run_after=2025-08-17 00:00:00+00:00
[2025-08-17T01:15:19.032+0000] {processor.py:183} INFO - Processing /home/airflow/.local/lib/python3.12/site-packages/airflow/example_dags/example_short_circuit_decorator.py took 0.246 seconds
[2025-08-17T01:15:49.384+0000] {processor.py:161} INFO - Started process (PID=1732) to work on /home/airflow/.local/lib/python3.12/site-packages/airflow/example_dags/example_short_circuit_decorator.py
[2025-08-17T01:15:49.385+0000] {processor.py:830} INFO - Processing file /home/airflow/.local/lib/python3.12/site-packages/airflow/example_dags/example_short_circuit_decorator.py for tasks to queue
[2025-08-17T01:15:49.388+0000] {logging_mixin.py:188} INFO - [2025-08-17T01:15:49.388+0000] {dagbag.py:545} INFO - Filling up the DagBag from /home/airflow/.local/lib/python3.12/site-packages/airflow/example_dags/example_short_circuit_decorator.py
[2025-08-17T01:15:49.398+0000] {processor.py:840} INFO - DAG(s) 'example_short_circuit_decorator' retrieved from /home/airflow/.local/lib/python3.12/site-packages/airflow/example_dags/example_short_circuit_decorator.py
[2025-08-17T01:15:49.424+0000] {logging_mixin.py:188} INFO - [2025-08-17T01:15:49.424+0000] {dag.py:3089} INFO - Sync 1 DAGs
[2025-08-17T01:15:49.446+0000] {logging_mixin.py:188} INFO - [2025-08-17T01:15:49.446+0000] {dag.py:3947} INFO - Setting next_dagrun for example_short_circuit_decorator to 2025-08-16 00:00:00+00:00, run_after=2025-08-17 00:00:00+00:00
[2025-08-17T01:15:49.651+0000] {processor.py:183} INFO - Processing /home/airflow/.local/lib/python3.12/site-packages/airflow/example_dags/example_short_circuit_decorator.py took 0.274 seconds
[2025-08-17T01:16:20.172+0000] {processor.py:161} INFO - Started process (PID=1791) to work on /home/airflow/.local/lib/python3.12/site-packages/airflow/example_dags/example_short_circuit_decorator.py
[2025-08-17T01:16:20.174+0000] {processor.py:830} INFO - Processing file /home/airflow/.local/lib/python3.12/site-packages/airflow/example_dags/example_short_circuit_decorator.py for tasks to queue
[2025-08-17T01:16:20.176+0000] {logging_mixin.py:188} INFO - [2025-08-17T01:16:20.176+0000] {dagbag.py:545} INFO - Filling up the DagBag from /home/airflow/.local/lib/python3.12/site-packages/airflow/example_dags/example_short_circuit_decorator.py
[2025-08-17T01:16:20.185+0000] {processor.py:840} INFO - DAG(s) 'example_short_circuit_decorator' retrieved from /home/airflow/.local/lib/python3.12/site-packages/airflow/example_dags/example_short_circuit_decorator.py
[2025-08-17T01:16:20.210+0000] {logging_mixin.py:188} INFO - [2025-08-17T01:16:20.210+0000] {dag.py:3089} INFO - Sync 1 DAGs
[2025-08-17T01:16:20.233+0000] {logging_mixin.py:188} INFO - [2025-08-17T01:16:20.232+0000] {dag.py:3947} INFO - Setting next_dagrun for example_short_circuit_decorator to 2025-08-16 00:00:00+00:00, run_after=2025-08-17 00:00:00+00:00
[2025-08-17T01:16:20.252+0000] {processor.py:183} INFO - Processing /home/airflow/.local/lib/python3.12/site-packages/airflow/example_dags/example_short_circuit_decorator.py took 0.086 seconds
[2025-08-17T01:17:38.227+0000] {processor.py:161} INFO - Started process (PID=78) to work on /home/airflow/.local/lib/python3.12/site-packages/airflow/example_dags/example_short_circuit_decorator.py
[2025-08-17T01:17:38.229+0000] {processor.py:830} INFO - Processing file /home/airflow/.local/lib/python3.12/site-packages/airflow/example_dags/example_short_circuit_decorator.py for tasks to queue
[2025-08-17T01:17:38.234+0000] {logging_mixin.py:188} INFO - [2025-08-17T01:17:38.233+0000] {dagbag.py:545} INFO - Filling up the DagBag from /home/airflow/.local/lib/python3.12/site-packages/airflow/example_dags/example_short_circuit_decorator.py
[2025-08-17T01:17:38.255+0000] {processor.py:840} INFO - DAG(s) 'example_short_circuit_decorator' retrieved from /home/airflow/.local/lib/python3.12/site-packages/airflow/example_dags/example_short_circuit_decorator.py
[2025-08-17T01:17:38.431+0000] {logging_mixin.py:188} INFO - [2025-08-17T01:17:38.430+0000] {dag.py:3089} INFO - Sync 1 DAGs
[2025-08-17T01:17:38.465+0000] {logging_mixin.py:188} INFO - [2025-08-17T01:17:38.465+0000] {dag.py:3947} INFO - Setting next_dagrun for example_short_circuit_decorator to 2025-08-16 00:00:00+00:00, run_after=2025-08-17 00:00:00+00:00
[2025-08-17T01:17:38.502+0000] {processor.py:183} INFO - Processing /home/airflow/.local/lib/python3.12/site-packages/airflow/example_dags/example_short_circuit_decorator.py took 0.286 seconds
[2025-08-17T01:18:08.896+0000] {processor.py:161} INFO - Started process (PID=137) to work on /home/airflow/.local/lib/python3.12/site-packages/airflow/example_dags/example_short_circuit_decorator.py
[2025-08-17T01:18:08.900+0000] {processor.py:830} INFO - Processing file /home/airflow/.local/lib/python3.12/site-packages/airflow/example_dags/example_short_circuit_decorator.py for tasks to queue
[2025-08-17T01:18:08.904+0000] {logging_mixin.py:188} INFO - [2025-08-17T01:18:08.904+0000] {dagbag.py:545} INFO - Filling up the DagBag from /home/airflow/.local/lib/python3.12/site-packages/airflow/example_dags/example_short_circuit_decorator.py
[2025-08-17T01:18:08.927+0000] {processor.py:840} INFO - DAG(s) 'example_short_circuit_decorator' retrieved from /home/airflow/.local/lib/python3.12/site-packages/airflow/example_dags/example_short_circuit_decorator.py
[2025-08-17T01:18:08.977+0000] {logging_mixin.py:188} INFO - [2025-08-17T01:18:08.977+0000] {dag.py:3089} INFO - Sync 1 DAGs
[2025-08-17T01:18:09.044+0000] {logging_mixin.py:188} INFO - [2025-08-17T01:18:09.044+0000] {dag.py:3947} INFO - Setting next_dagrun for example_short_circuit_decorator to 2025-08-16 00:00:00+00:00, run_after=2025-08-17 00:00:00+00:00
[2025-08-17T01:18:09.088+0000] {processor.py:183} INFO - Processing /home/airflow/.local/lib/python3.12/site-packages/airflow/example_dags/example_short_circuit_decorator.py took 0.203 seconds
[2025-08-17T01:18:39.156+0000] {processor.py:161} INFO - Started process (PID=196) to work on /home/airflow/.local/lib/python3.12/site-packages/airflow/example_dags/example_short_circuit_decorator.py
[2025-08-17T01:18:39.158+0000] {processor.py:830} INFO - Processing file /home/airflow/.local/lib/python3.12/site-packages/airflow/example_dags/example_short_circuit_decorator.py for tasks to queue
[2025-08-17T01:18:39.160+0000] {logging_mixin.py:188} INFO - [2025-08-17T01:18:39.160+0000] {dagbag.py:545} INFO - Filling up the DagBag from /home/airflow/.local/lib/python3.12/site-packages/airflow/example_dags/example_short_circuit_decorator.py
[2025-08-17T01:18:39.169+0000] {processor.py:840} INFO - DAG(s) 'example_short_circuit_decorator' retrieved from /home/airflow/.local/lib/python3.12/site-packages/airflow/example_dags/example_short_circuit_decorator.py
[2025-08-17T01:18:39.195+0000] {logging_mixin.py:188} INFO - [2025-08-17T01:18:39.194+0000] {dag.py:3089} INFO - Sync 1 DAGs
[2025-08-17T01:18:39.216+0000] {logging_mixin.py:188} INFO - [2025-08-17T01:18:39.216+0000] {dag.py:3947} INFO - Setting next_dagrun for example_short_circuit_decorator to 2025-08-16 00:00:00+00:00, run_after=2025-08-17 00:00:00+00:00
[2025-08-17T01:18:39.235+0000] {processor.py:183} INFO - Processing /home/airflow/.local/lib/python3.12/site-packages/airflow/example_dags/example_short_circuit_decorator.py took 0.084 seconds
[2025-08-17T01:19:09.360+0000] {processor.py:161} INFO - Started process (PID=255) to work on /home/airflow/.local/lib/python3.12/site-packages/airflow/example_dags/example_short_circuit_decorator.py
[2025-08-17T01:19:09.361+0000] {processor.py:830} INFO - Processing file /home/airflow/.local/lib/python3.12/site-packages/airflow/example_dags/example_short_circuit_decorator.py for tasks to queue
[2025-08-17T01:19:09.364+0000] {logging_mixin.py:188} INFO - [2025-08-17T01:19:09.363+0000] {dagbag.py:545} INFO - Filling up the DagBag from /home/airflow/.local/lib/python3.12/site-packages/airflow/example_dags/example_short_circuit_decorator.py
[2025-08-17T01:19:09.374+0000] {processor.py:840} INFO - DAG(s) 'example_short_circuit_decorator' retrieved from /home/airflow/.local/lib/python3.12/site-packages/airflow/example_dags/example_short_circuit_decorator.py
[2025-08-17T01:19:09.401+0000] {logging_mixin.py:188} INFO - [2025-08-17T01:19:09.401+0000] {dag.py:3089} INFO - Sync 1 DAGs
[2025-08-17T01:19:09.425+0000] {logging_mixin.py:188} INFO - [2025-08-17T01:19:09.425+0000] {dag.py:3947} INFO - Setting next_dagrun for example_short_circuit_decorator to 2025-08-16 00:00:00+00:00, run_after=2025-08-17 00:00:00+00:00
[2025-08-17T01:19:09.447+0000] {processor.py:183} INFO - Processing /home/airflow/.local/lib/python3.12/site-packages/airflow/example_dags/example_short_circuit_decorator.py took 0.094 seconds
[2025-08-17T01:19:39.575+0000] {processor.py:161} INFO - Started process (PID=314) to work on /home/airflow/.local/lib/python3.12/site-packages/airflow/example_dags/example_short_circuit_decorator.py
[2025-08-17T01:19:39.576+0000] {processor.py:830} INFO - Processing file /home/airflow/.local/lib/python3.12/site-packages/airflow/example_dags/example_short_circuit_decorator.py for tasks to queue
[2025-08-17T01:19:39.578+0000] {logging_mixin.py:188} INFO - [2025-08-17T01:19:39.577+0000] {dagbag.py:545} INFO - Filling up the DagBag from /home/airflow/.local/lib/python3.12/site-packages/airflow/example_dags/example_short_circuit_decorator.py
[2025-08-17T01:19:39.587+0000] {processor.py:840} INFO - DAG(s) 'example_short_circuit_decorator' retrieved from /home/airflow/.local/lib/python3.12/site-packages/airflow/example_dags/example_short_circuit_decorator.py
[2025-08-17T01:19:39.611+0000] {logging_mixin.py:188} INFO - [2025-08-17T01:19:39.611+0000] {dag.py:3089} INFO - Sync 1 DAGs
[2025-08-17T01:19:39.633+0000] {logging_mixin.py:188} INFO - [2025-08-17T01:19:39.633+0000] {dag.py:3947} INFO - Setting next_dagrun for example_short_circuit_decorator to 2025-08-16 00:00:00+00:00, run_after=2025-08-17 00:00:00+00:00
[2025-08-17T01:19:39.654+0000] {processor.py:183} INFO - Processing /home/airflow/.local/lib/python3.12/site-packages/airflow/example_dags/example_short_circuit_decorator.py took 0.085 seconds
[2025-08-17T01:20:09.825+0000] {processor.py:161} INFO - Started process (PID=373) to work on /home/airflow/.local/lib/python3.12/site-packages/airflow/example_dags/example_short_circuit_decorator.py
[2025-08-17T01:20:09.826+0000] {processor.py:830} INFO - Processing file /home/airflow/.local/lib/python3.12/site-packages/airflow/example_dags/example_short_circuit_decorator.py for tasks to queue
[2025-08-17T01:20:09.828+0000] {logging_mixin.py:188} INFO - [2025-08-17T01:20:09.828+0000] {dagbag.py:545} INFO - Filling up the DagBag from /home/airflow/.local/lib/python3.12/site-packages/airflow/example_dags/example_short_circuit_decorator.py
[2025-08-17T01:20:09.837+0000] {processor.py:840} INFO - DAG(s) 'example_short_circuit_decorator' retrieved from /home/airflow/.local/lib/python3.12/site-packages/airflow/example_dags/example_short_circuit_decorator.py
[2025-08-17T01:20:09.863+0000] {logging_mixin.py:188} INFO - [2025-08-17T01:20:09.863+0000] {dag.py:3089} INFO - Sync 1 DAGs
[2025-08-17T01:20:09.885+0000] {logging_mixin.py:188} INFO - [2025-08-17T01:20:09.884+0000] {dag.py:3947} INFO - Setting next_dagrun for example_short_circuit_decorator to 2025-08-16 00:00:00+00:00, run_after=2025-08-17 00:00:00+00:00
[2025-08-17T01:20:09.903+0000] {processor.py:183} INFO - Processing /home/airflow/.local/lib/python3.12/site-packages/airflow/example_dags/example_short_circuit_decorator.py took 0.084 seconds
[2025-08-17T01:20:39.971+0000] {processor.py:161} INFO - Started process (PID=433) to work on /home/airflow/.local/lib/python3.12/site-packages/airflow/example_dags/example_short_circuit_decorator.py
[2025-08-17T01:20:39.973+0000] {processor.py:830} INFO - Processing file /home/airflow/.local/lib/python3.12/site-packages/airflow/example_dags/example_short_circuit_decorator.py for tasks to queue
[2025-08-17T01:20:39.975+0000] {logging_mixin.py:188} INFO - [2025-08-17T01:20:39.975+0000] {dagbag.py:545} INFO - Filling up the DagBag from /home/airflow/.local/lib/python3.12/site-packages/airflow/example_dags/example_short_circuit_decorator.py
[2025-08-17T01:20:39.984+0000] {processor.py:840} INFO - DAG(s) 'example_short_circuit_decorator' retrieved from /home/airflow/.local/lib/python3.12/site-packages/airflow/example_dags/example_short_circuit_decorator.py
[2025-08-17T01:20:40.008+0000] {logging_mixin.py:188} INFO - [2025-08-17T01:20:40.008+0000] {dag.py:3089} INFO - Sync 1 DAGs
[2025-08-17T01:20:40.029+0000] {logging_mixin.py:188} INFO - [2025-08-17T01:20:40.029+0000] {dag.py:3947} INFO - Setting next_dagrun for example_short_circuit_decorator to 2025-08-16 00:00:00+00:00, run_after=2025-08-17 00:00:00+00:00
[2025-08-17T01:20:40.047+0000] {processor.py:183} INFO - Processing /home/airflow/.local/lib/python3.12/site-packages/airflow/example_dags/example_short_circuit_decorator.py took 0.081 seconds
[2025-08-17T01:21:10.673+0000] {processor.py:161} INFO - Started process (PID=499) to work on /home/airflow/.local/lib/python3.12/site-packages/airflow/example_dags/example_short_circuit_decorator.py
[2025-08-17T01:21:10.675+0000] {processor.py:830} INFO - Processing file /home/airflow/.local/lib/python3.12/site-packages/airflow/example_dags/example_short_circuit_decorator.py for tasks to queue
[2025-08-17T01:21:10.677+0000] {logging_mixin.py:188} INFO - [2025-08-17T01:21:10.676+0000] {dagbag.py:545} INFO - Filling up the DagBag from /home/airflow/.local/lib/python3.12/site-packages/airflow/example_dags/example_short_circuit_decorator.py
[2025-08-17T01:21:10.685+0000] {processor.py:840} INFO - DAG(s) 'example_short_circuit_decorator' retrieved from /home/airflow/.local/lib/python3.12/site-packages/airflow/example_dags/example_short_circuit_decorator.py
[2025-08-17T01:21:10.712+0000] {logging_mixin.py:188} INFO - [2025-08-17T01:21:10.711+0000] {dag.py:3089} INFO - Sync 1 DAGs
[2025-08-17T01:21:10.734+0000] {logging_mixin.py:188} INFO - [2025-08-17T01:21:10.733+0000] {dag.py:3947} INFO - Setting next_dagrun for example_short_circuit_decorator to 2025-08-16 00:00:00+00:00, run_after=2025-08-17 00:00:00+00:00
[2025-08-17T01:21:10.755+0000] {processor.py:183} INFO - Processing /home/airflow/.local/lib/python3.12/site-packages/airflow/example_dags/example_short_circuit_decorator.py took 0.087 seconds
[2025-08-17T01:21:41.067+0000] {processor.py:161} INFO - Started process (PID=558) to work on /home/airflow/.local/lib/python3.12/site-packages/airflow/example_dags/example_short_circuit_decorator.py
[2025-08-17T01:21:41.068+0000] {processor.py:830} INFO - Processing file /home/airflow/.local/lib/python3.12/site-packages/airflow/example_dags/example_short_circuit_decorator.py for tasks to queue
[2025-08-17T01:21:41.070+0000] {logging_mixin.py:188} INFO - [2025-08-17T01:21:41.070+0000] {dagbag.py:545} INFO - Filling up the DagBag from /home/airflow/.local/lib/python3.12/site-packages/airflow/example_dags/example_short_circuit_decorator.py
[2025-08-17T01:21:41.078+0000] {processor.py:840} INFO - DAG(s) 'example_short_circuit_decorator' retrieved from /home/airflow/.local/lib/python3.12/site-packages/airflow/example_dags/example_short_circuit_decorator.py
[2025-08-17T01:21:41.103+0000] {logging_mixin.py:188} INFO - [2025-08-17T01:21:41.102+0000] {dag.py:3089} INFO - Sync 1 DAGs
[2025-08-17T01:21:41.126+0000] {logging_mixin.py:188} INFO - [2025-08-17T01:21:41.125+0000] {dag.py:3947} INFO - Setting next_dagrun for example_short_circuit_decorator to 2025-08-16 00:00:00+00:00, run_after=2025-08-17 00:00:00+00:00
[2025-08-17T01:21:41.152+0000] {processor.py:183} INFO - Processing /home/airflow/.local/lib/python3.12/site-packages/airflow/example_dags/example_short_circuit_decorator.py took 0.091 seconds
[2025-08-17T01:22:11.333+0000] {processor.py:161} INFO - Started process (PID=616) to work on /home/airflow/.local/lib/python3.12/site-packages/airflow/example_dags/example_short_circuit_decorator.py
[2025-08-17T01:22:11.335+0000] {processor.py:830} INFO - Processing file /home/airflow/.local/lib/python3.12/site-packages/airflow/example_dags/example_short_circuit_decorator.py for tasks to queue
[2025-08-17T01:22:11.338+0000] {logging_mixin.py:188} INFO - [2025-08-17T01:22:11.337+0000] {dagbag.py:545} INFO - Filling up the DagBag from /home/airflow/.local/lib/python3.12/site-packages/airflow/example_dags/example_short_circuit_decorator.py
[2025-08-17T01:22:11.347+0000] {processor.py:840} INFO - DAG(s) 'example_short_circuit_decorator' retrieved from /home/airflow/.local/lib/python3.12/site-packages/airflow/example_dags/example_short_circuit_decorator.py
[2025-08-17T01:22:11.374+0000] {logging_mixin.py:188} INFO - [2025-08-17T01:22:11.373+0000] {dag.py:3089} INFO - Sync 1 DAGs
[2025-08-17T01:22:11.396+0000] {logging_mixin.py:188} INFO - [2025-08-17T01:22:11.396+0000] {dag.py:3947} INFO - Setting next_dagrun for example_short_circuit_decorator to 2025-08-16 00:00:00+00:00, run_after=2025-08-17 00:00:00+00:00
[2025-08-17T01:22:11.417+0000] {processor.py:183} INFO - Processing /home/airflow/.local/lib/python3.12/site-packages/airflow/example_dags/example_short_circuit_decorator.py took 0.090 seconds
[2025-08-17T01:22:42.442+0000] {processor.py:161} INFO - Started process (PID=676) to work on /home/airflow/.local/lib/python3.12/site-packages/airflow/example_dags/example_short_circuit_decorator.py
[2025-08-17T01:22:42.444+0000] {processor.py:830} INFO - Processing file /home/airflow/.local/lib/python3.12/site-packages/airflow/example_dags/example_short_circuit_decorator.py for tasks to queue
[2025-08-17T01:22:42.446+0000] {logging_mixin.py:188} INFO - [2025-08-17T01:22:42.446+0000] {dagbag.py:545} INFO - Filling up the DagBag from /home/airflow/.local/lib/python3.12/site-packages/airflow/example_dags/example_short_circuit_decorator.py
[2025-08-17T01:22:42.455+0000] {processor.py:840} INFO - DAG(s) 'example_short_circuit_decorator' retrieved from /home/airflow/.local/lib/python3.12/site-packages/airflow/example_dags/example_short_circuit_decorator.py
[2025-08-17T01:22:42.482+0000] {logging_mixin.py:188} INFO - [2025-08-17T01:22:42.482+0000] {dag.py:3089} INFO - Sync 1 DAGs
[2025-08-17T01:22:42.509+0000] {logging_mixin.py:188} INFO - [2025-08-17T01:22:42.508+0000] {dag.py:3947} INFO - Setting next_dagrun for example_short_circuit_decorator to 2025-08-16 00:00:00+00:00, run_after=2025-08-17 00:00:00+00:00
[2025-08-17T01:22:42.534+0000] {processor.py:183} INFO - Processing /home/airflow/.local/lib/python3.12/site-packages/airflow/example_dags/example_short_circuit_decorator.py took 0.098 seconds
[2025-08-17T01:23:12.791+0000] {processor.py:161} INFO - Started process (PID=735) to work on /home/airflow/.local/lib/python3.12/site-packages/airflow/example_dags/example_short_circuit_decorator.py
[2025-08-17T01:23:12.793+0000] {processor.py:830} INFO - Processing file /home/airflow/.local/lib/python3.12/site-packages/airflow/example_dags/example_short_circuit_decorator.py for tasks to queue
[2025-08-17T01:23:12.796+0000] {logging_mixin.py:188} INFO - [2025-08-17T01:23:12.795+0000] {dagbag.py:545} INFO - Filling up the DagBag from /home/airflow/.local/lib/python3.12/site-packages/airflow/example_dags/example_short_circuit_decorator.py
[2025-08-17T01:23:12.805+0000] {processor.py:840} INFO - DAG(s) 'example_short_circuit_decorator' retrieved from /home/airflow/.local/lib/python3.12/site-packages/airflow/example_dags/example_short_circuit_decorator.py
[2025-08-17T01:23:12.832+0000] {logging_mixin.py:188} INFO - [2025-08-17T01:23:12.831+0000] {dag.py:3089} INFO - Sync 1 DAGs
[2025-08-17T01:23:12.856+0000] {logging_mixin.py:188} INFO - [2025-08-17T01:23:12.855+0000] {dag.py:3947} INFO - Setting next_dagrun for example_short_circuit_decorator to 2025-08-16 00:00:00+00:00, run_after=2025-08-17 00:00:00+00:00
[2025-08-17T01:23:12.877+0000] {processor.py:183} INFO - Processing /home/airflow/.local/lib/python3.12/site-packages/airflow/example_dags/example_short_circuit_decorator.py took 0.091 seconds
[2025-08-17T01:23:43.594+0000] {processor.py:161} INFO - Started process (PID=794) to work on /home/airflow/.local/lib/python3.12/site-packages/airflow/example_dags/example_short_circuit_decorator.py
[2025-08-17T01:23:43.596+0000] {processor.py:830} INFO - Processing file /home/airflow/.local/lib/python3.12/site-packages/airflow/example_dags/example_short_circuit_decorator.py for tasks to queue
[2025-08-17T01:23:43.598+0000] {logging_mixin.py:188} INFO - [2025-08-17T01:23:43.598+0000] {dagbag.py:545} INFO - Filling up the DagBag from /home/airflow/.local/lib/python3.12/site-packages/airflow/example_dags/example_short_circuit_decorator.py
[2025-08-17T01:23:43.608+0000] {processor.py:840} INFO - DAG(s) 'example_short_circuit_decorator' retrieved from /home/airflow/.local/lib/python3.12/site-packages/airflow/example_dags/example_short_circuit_decorator.py
[2025-08-17T01:23:43.634+0000] {logging_mixin.py:188} INFO - [2025-08-17T01:23:43.634+0000] {dag.py:3089} INFO - Sync 1 DAGs
[2025-08-17T01:23:43.657+0000] {logging_mixin.py:188} INFO - [2025-08-17T01:23:43.657+0000] {dag.py:3947} INFO - Setting next_dagrun for example_short_circuit_decorator to 2025-08-16 00:00:00+00:00, run_after=2025-08-17 00:00:00+00:00
[2025-08-17T01:23:43.677+0000] {processor.py:183} INFO - Processing /home/airflow/.local/lib/python3.12/site-packages/airflow/example_dags/example_short_circuit_decorator.py took 0.089 seconds
[2025-08-17T01:24:14.000+0000] {processor.py:161} INFO - Started process (PID=852) to work on /home/airflow/.local/lib/python3.12/site-packages/airflow/example_dags/example_short_circuit_decorator.py
[2025-08-17T01:24:14.001+0000] {processor.py:830} INFO - Processing file /home/airflow/.local/lib/python3.12/site-packages/airflow/example_dags/example_short_circuit_decorator.py for tasks to queue
[2025-08-17T01:24:14.005+0000] {logging_mixin.py:188} INFO - [2025-08-17T01:24:14.004+0000] {dagbag.py:545} INFO - Filling up the DagBag from /home/airflow/.local/lib/python3.12/site-packages/airflow/example_dags/example_short_circuit_decorator.py
[2025-08-17T01:24:14.018+0000] {processor.py:840} INFO - DAG(s) 'example_short_circuit_decorator' retrieved from /home/airflow/.local/lib/python3.12/site-packages/airflow/example_dags/example_short_circuit_decorator.py
[2025-08-17T01:24:14.048+0000] {logging_mixin.py:188} INFO - [2025-08-17T01:24:14.048+0000] {dag.py:3089} INFO - Sync 1 DAGs
[2025-08-17T01:24:14.069+0000] {logging_mixin.py:188} INFO - [2025-08-17T01:24:14.069+0000] {dag.py:3947} INFO - Setting next_dagrun for example_short_circuit_decorator to 2025-08-16 00:00:00+00:00, run_after=2025-08-17 00:00:00+00:00
[2025-08-17T01:24:14.090+0000] {processor.py:183} INFO - Processing /home/airflow/.local/lib/python3.12/site-packages/airflow/example_dags/example_short_circuit_decorator.py took 0.097 seconds
[2025-08-17T01:24:44.217+0000] {processor.py:161} INFO - Started process (PID=911) to work on /home/airflow/.local/lib/python3.12/site-packages/airflow/example_dags/example_short_circuit_decorator.py
[2025-08-17T01:24:44.219+0000] {processor.py:830} INFO - Processing file /home/airflow/.local/lib/python3.12/site-packages/airflow/example_dags/example_short_circuit_decorator.py for tasks to queue
[2025-08-17T01:24:44.222+0000] {logging_mixin.py:188} INFO - [2025-08-17T01:24:44.221+0000] {dagbag.py:545} INFO - Filling up the DagBag from /home/airflow/.local/lib/python3.12/site-packages/airflow/example_dags/example_short_circuit_decorator.py
[2025-08-17T01:24:44.231+0000] {processor.py:840} INFO - DAG(s) 'example_short_circuit_decorator' retrieved from /home/airflow/.local/lib/python3.12/site-packages/airflow/example_dags/example_short_circuit_decorator.py
[2025-08-17T01:24:44.257+0000] {logging_mixin.py:188} INFO - [2025-08-17T01:24:44.257+0000] {dag.py:3089} INFO - Sync 1 DAGs
[2025-08-17T01:24:44.278+0000] {logging_mixin.py:188} INFO - [2025-08-17T01:24:44.278+0000] {dag.py:3947} INFO - Setting next_dagrun for example_short_circuit_decorator to 2025-08-16 00:00:00+00:00, run_after=2025-08-17 00:00:00+00:00
[2025-08-17T01:24:44.300+0000] {processor.py:183} INFO - Processing /home/airflow/.local/lib/python3.12/site-packages/airflow/example_dags/example_short_circuit_decorator.py took 0.089 seconds
[2025-08-17T01:25:14.625+0000] {processor.py:161} INFO - Started process (PID=970) to work on /home/airflow/.local/lib/python3.12/site-packages/airflow/example_dags/example_short_circuit_decorator.py
[2025-08-17T01:25:14.626+0000] {processor.py:830} INFO - Processing file /home/airflow/.local/lib/python3.12/site-packages/airflow/example_dags/example_short_circuit_decorator.py for tasks to queue
[2025-08-17T01:25:14.629+0000] {logging_mixin.py:188} INFO - [2025-08-17T01:25:14.628+0000] {dagbag.py:545} INFO - Filling up the DagBag from /home/airflow/.local/lib/python3.12/site-packages/airflow/example_dags/example_short_circuit_decorator.py
[2025-08-17T01:25:14.639+0000] {processor.py:840} INFO - DAG(s) 'example_short_circuit_decorator' retrieved from /home/airflow/.local/lib/python3.12/site-packages/airflow/example_dags/example_short_circuit_decorator.py
[2025-08-17T01:25:14.669+0000] {logging_mixin.py:188} INFO - [2025-08-17T01:25:14.669+0000] {dag.py:3089} INFO - Sync 1 DAGs
[2025-08-17T01:25:14.697+0000] {logging_mixin.py:188} INFO - [2025-08-17T01:25:14.696+0000] {dag.py:3947} INFO - Setting next_dagrun for example_short_circuit_decorator to 2025-08-16 00:00:00+00:00, run_after=2025-08-17 00:00:00+00:00
[2025-08-17T01:25:14.727+0000] {processor.py:183} INFO - Processing /home/airflow/.local/lib/python3.12/site-packages/airflow/example_dags/example_short_circuit_decorator.py took 0.110 seconds
[2025-08-17T01:26:39.775+0000] {processor.py:161} INFO - Started process (PID=78) to work on /home/airflow/.local/lib/python3.12/site-packages/airflow/example_dags/example_short_circuit_decorator.py
[2025-08-17T01:26:39.776+0000] {processor.py:830} INFO - Processing file /home/airflow/.local/lib/python3.12/site-packages/airflow/example_dags/example_short_circuit_decorator.py for tasks to queue
[2025-08-17T01:26:39.780+0000] {logging_mixin.py:188} INFO - [2025-08-17T01:26:39.779+0000] {dagbag.py:545} INFO - Filling up the DagBag from /home/airflow/.local/lib/python3.12/site-packages/airflow/example_dags/example_short_circuit_decorator.py
[2025-08-17T01:26:39.800+0000] {processor.py:840} INFO - DAG(s) 'example_short_circuit_decorator' retrieved from /home/airflow/.local/lib/python3.12/site-packages/airflow/example_dags/example_short_circuit_decorator.py
[2025-08-17T01:26:39.975+0000] {logging_mixin.py:188} INFO - [2025-08-17T01:26:39.975+0000] {dag.py:3089} INFO - Sync 1 DAGs
[2025-08-17T01:26:40.009+0000] {logging_mixin.py:188} INFO - [2025-08-17T01:26:40.009+0000] {dag.py:3947} INFO - Setting next_dagrun for example_short_circuit_decorator to 2025-08-16 00:00:00+00:00, run_after=2025-08-17 00:00:00+00:00
[2025-08-17T01:26:40.042+0000] {processor.py:183} INFO - Processing /home/airflow/.local/lib/python3.12/site-packages/airflow/example_dags/example_short_circuit_decorator.py took 0.276 seconds
[2025-08-17T01:27:10.946+0000] {processor.py:161} INFO - Started process (PID=143) to work on /home/airflow/.local/lib/python3.12/site-packages/airflow/example_dags/example_short_circuit_decorator.py
[2025-08-17T01:27:10.948+0000] {processor.py:830} INFO - Processing file /home/airflow/.local/lib/python3.12/site-packages/airflow/example_dags/example_short_circuit_decorator.py for tasks to queue
[2025-08-17T01:27:10.950+0000] {logging_mixin.py:188} INFO - [2025-08-17T01:27:10.950+0000] {dagbag.py:545} INFO - Filling up the DagBag from /home/airflow/.local/lib/python3.12/site-packages/airflow/example_dags/example_short_circuit_decorator.py
[2025-08-17T01:27:10.961+0000] {processor.py:840} INFO - DAG(s) 'example_short_circuit_decorator' retrieved from /home/airflow/.local/lib/python3.12/site-packages/airflow/example_dags/example_short_circuit_decorator.py
[2025-08-17T01:27:10.978+0000] {logging_mixin.py:188} INFO - [2025-08-17T01:27:10.978+0000] {dag.py:3089} INFO - Sync 1 DAGs
[2025-08-17T01:27:11.011+0000] {logging_mixin.py:188} INFO - [2025-08-17T01:27:11.011+0000] {dag.py:3947} INFO - Setting next_dagrun for example_short_circuit_decorator to 2025-08-16 00:00:00+00:00, run_after=2025-08-17 00:00:00+00:00
[2025-08-17T01:27:11.036+0000] {processor.py:183} INFO - Processing /home/airflow/.local/lib/python3.12/site-packages/airflow/example_dags/example_short_circuit_decorator.py took 0.096 seconds
[2025-08-17T01:27:41.080+0000] {processor.py:161} INFO - Started process (PID=202) to work on /home/airflow/.local/lib/python3.12/site-packages/airflow/example_dags/example_short_circuit_decorator.py
[2025-08-17T01:27:41.082+0000] {processor.py:830} INFO - Processing file /home/airflow/.local/lib/python3.12/site-packages/airflow/example_dags/example_short_circuit_decorator.py for tasks to queue
[2025-08-17T01:27:41.085+0000] {logging_mixin.py:188} INFO - [2025-08-17T01:27:41.084+0000] {dagbag.py:545} INFO - Filling up the DagBag from /home/airflow/.local/lib/python3.12/site-packages/airflow/example_dags/example_short_circuit_decorator.py
[2025-08-17T01:27:41.095+0000] {processor.py:840} INFO - DAG(s) 'example_short_circuit_decorator' retrieved from /home/airflow/.local/lib/python3.12/site-packages/airflow/example_dags/example_short_circuit_decorator.py
[2025-08-17T01:27:41.225+0000] {logging_mixin.py:188} INFO - [2025-08-17T01:27:41.224+0000] {dag.py:3089} INFO - Sync 1 DAGs
[2025-08-17T01:27:41.250+0000] {logging_mixin.py:188} INFO - [2025-08-17T01:27:41.250+0000] {dag.py:3947} INFO - Setting next_dagrun for example_short_circuit_decorator to 2025-08-16 00:00:00+00:00, run_after=2025-08-17 00:00:00+00:00
[2025-08-17T01:27:41.277+0000] {processor.py:183} INFO - Processing /home/airflow/.local/lib/python3.12/site-packages/airflow/example_dags/example_short_circuit_decorator.py took 0.203 seconds
[2025-08-17T01:28:11.541+0000] {processor.py:161} INFO - Started process (PID=261) to work on /home/airflow/.local/lib/python3.12/site-packages/airflow/example_dags/example_short_circuit_decorator.py
[2025-08-17T01:28:11.543+0000] {processor.py:830} INFO - Processing file /home/airflow/.local/lib/python3.12/site-packages/airflow/example_dags/example_short_circuit_decorator.py for tasks to queue
[2025-08-17T01:28:11.546+0000] {logging_mixin.py:188} INFO - [2025-08-17T01:28:11.545+0000] {dagbag.py:545} INFO - Filling up the DagBag from /home/airflow/.local/lib/python3.12/site-packages/airflow/example_dags/example_short_circuit_decorator.py
[2025-08-17T01:28:11.562+0000] {processor.py:840} INFO - DAG(s) 'example_short_circuit_decorator' retrieved from /home/airflow/.local/lib/python3.12/site-packages/airflow/example_dags/example_short_circuit_decorator.py
[2025-08-17T01:28:11.636+0000] {logging_mixin.py:188} INFO - [2025-08-17T01:28:11.636+0000] {dag.py:3089} INFO - Sync 1 DAGs
[2025-08-17T01:28:11.669+0000] {logging_mixin.py:188} INFO - [2025-08-17T01:28:11.669+0000] {dag.py:3947} INFO - Setting next_dagrun for example_short_circuit_decorator to 2025-08-16 00:00:00+00:00, run_after=2025-08-17 00:00:00+00:00
[2025-08-17T01:28:11.698+0000] {processor.py:183} INFO - Processing /home/airflow/.local/lib/python3.12/site-packages/airflow/example_dags/example_short_circuit_decorator.py took 0.165 seconds
[2025-08-17T01:28:41.969+0000] {processor.py:161} INFO - Started process (PID=320) to work on /home/airflow/.local/lib/python3.12/site-packages/airflow/example_dags/example_short_circuit_decorator.py
[2025-08-17T01:28:41.971+0000] {processor.py:830} INFO - Processing file /home/airflow/.local/lib/python3.12/site-packages/airflow/example_dags/example_short_circuit_decorator.py for tasks to queue
[2025-08-17T01:28:41.973+0000] {logging_mixin.py:188} INFO - [2025-08-17T01:28:41.973+0000] {dagbag.py:545} INFO - Filling up the DagBag from /home/airflow/.local/lib/python3.12/site-packages/airflow/example_dags/example_short_circuit_decorator.py
[2025-08-17T01:28:41.982+0000] {processor.py:840} INFO - DAG(s) 'example_short_circuit_decorator' retrieved from /home/airflow/.local/lib/python3.12/site-packages/airflow/example_dags/example_short_circuit_decorator.py
[2025-08-17T01:28:42.008+0000] {logging_mixin.py:188} INFO - [2025-08-17T01:28:42.007+0000] {dag.py:3089} INFO - Sync 1 DAGs
[2025-08-17T01:28:42.028+0000] {logging_mixin.py:188} INFO - [2025-08-17T01:28:42.028+0000] {dag.py:3947} INFO - Setting next_dagrun for example_short_circuit_decorator to 2025-08-16 00:00:00+00:00, run_after=2025-08-17 00:00:00+00:00
[2025-08-17T01:28:42.047+0000] {processor.py:183} INFO - Processing /home/airflow/.local/lib/python3.12/site-packages/airflow/example_dags/example_short_circuit_decorator.py took 0.083 seconds
[2025-08-17T01:29:12.311+0000] {processor.py:161} INFO - Started process (PID=380) to work on /home/airflow/.local/lib/python3.12/site-packages/airflow/example_dags/example_short_circuit_decorator.py
[2025-08-17T01:29:12.312+0000] {processor.py:830} INFO - Processing file /home/airflow/.local/lib/python3.12/site-packages/airflow/example_dags/example_short_circuit_decorator.py for tasks to queue
[2025-08-17T01:29:12.314+0000] {logging_mixin.py:188} INFO - [2025-08-17T01:29:12.314+0000] {dagbag.py:545} INFO - Filling up the DagBag from /home/airflow/.local/lib/python3.12/site-packages/airflow/example_dags/example_short_circuit_decorator.py
[2025-08-17T01:29:12.324+0000] {processor.py:840} INFO - DAG(s) 'example_short_circuit_decorator' retrieved from /home/airflow/.local/lib/python3.12/site-packages/airflow/example_dags/example_short_circuit_decorator.py
[2025-08-17T01:29:12.348+0000] {logging_mixin.py:188} INFO - [2025-08-17T01:29:12.348+0000] {dag.py:3089} INFO - Sync 1 DAGs
[2025-08-17T01:29:12.372+0000] {logging_mixin.py:188} INFO - [2025-08-17T01:29:12.371+0000] {dag.py:3947} INFO - Setting next_dagrun for example_short_circuit_decorator to 2025-08-16 00:00:00+00:00, run_after=2025-08-17 00:00:00+00:00
[2025-08-17T01:29:12.393+0000] {processor.py:183} INFO - Processing /home/airflow/.local/lib/python3.12/site-packages/airflow/example_dags/example_short_circuit_decorator.py took 0.091 seconds
[2025-08-17T01:29:42.676+0000] {processor.py:161} INFO - Started process (PID=440) to work on /home/airflow/.local/lib/python3.12/site-packages/airflow/example_dags/example_short_circuit_decorator.py
[2025-08-17T01:29:42.677+0000] {processor.py:830} INFO - Processing file /home/airflow/.local/lib/python3.12/site-packages/airflow/example_dags/example_short_circuit_decorator.py for tasks to queue
[2025-08-17T01:29:42.680+0000] {logging_mixin.py:188} INFO - [2025-08-17T01:29:42.679+0000] {dagbag.py:545} INFO - Filling up the DagBag from /home/airflow/.local/lib/python3.12/site-packages/airflow/example_dags/example_short_circuit_decorator.py
[2025-08-17T01:29:42.688+0000] {processor.py:840} INFO - DAG(s) 'example_short_circuit_decorator' retrieved from /home/airflow/.local/lib/python3.12/site-packages/airflow/example_dags/example_short_circuit_decorator.py
[2025-08-17T01:29:42.713+0000] {logging_mixin.py:188} INFO - [2025-08-17T01:29:42.713+0000] {dag.py:3089} INFO - Sync 1 DAGs
[2025-08-17T01:29:42.735+0000] {logging_mixin.py:188} INFO - [2025-08-17T01:29:42.735+0000] {dag.py:3947} INFO - Setting next_dagrun for example_short_circuit_decorator to 2025-08-16 00:00:00+00:00, run_after=2025-08-17 00:00:00+00:00
[2025-08-17T01:29:42.754+0000] {processor.py:183} INFO - Processing /home/airflow/.local/lib/python3.12/site-packages/airflow/example_dags/example_short_circuit_decorator.py took 0.084 seconds
[2025-08-17T01:30:13.293+0000] {processor.py:161} INFO - Started process (PID=499) to work on /home/airflow/.local/lib/python3.12/site-packages/airflow/example_dags/example_short_circuit_decorator.py
[2025-08-17T01:30:13.294+0000] {processor.py:830} INFO - Processing file /home/airflow/.local/lib/python3.12/site-packages/airflow/example_dags/example_short_circuit_decorator.py for tasks to queue
[2025-08-17T01:30:13.296+0000] {logging_mixin.py:188} INFO - [2025-08-17T01:30:13.296+0000] {dagbag.py:545} INFO - Filling up the DagBag from /home/airflow/.local/lib/python3.12/site-packages/airflow/example_dags/example_short_circuit_decorator.py
[2025-08-17T01:30:13.305+0000] {processor.py:840} INFO - DAG(s) 'example_short_circuit_decorator' retrieved from /home/airflow/.local/lib/python3.12/site-packages/airflow/example_dags/example_short_circuit_decorator.py
[2025-08-17T01:30:13.331+0000] {logging_mixin.py:188} INFO - [2025-08-17T01:30:13.331+0000] {dag.py:3089} INFO - Sync 1 DAGs
[2025-08-17T01:30:13.354+0000] {logging_mixin.py:188} INFO - [2025-08-17T01:30:13.354+0000] {dag.py:3947} INFO - Setting next_dagrun for example_short_circuit_decorator to 2025-08-16 00:00:00+00:00, run_after=2025-08-17 00:00:00+00:00
[2025-08-17T01:30:13.377+0000] {processor.py:183} INFO - Processing /home/airflow/.local/lib/python3.12/site-packages/airflow/example_dags/example_short_circuit_decorator.py took 0.091 seconds
[2025-08-17T01:30:43.775+0000] {processor.py:161} INFO - Started process (PID=558) to work on /home/airflow/.local/lib/python3.12/site-packages/airflow/example_dags/example_short_circuit_decorator.py
[2025-08-17T01:30:43.776+0000] {processor.py:830} INFO - Processing file /home/airflow/.local/lib/python3.12/site-packages/airflow/example_dags/example_short_circuit_decorator.py for tasks to queue
[2025-08-17T01:30:43.779+0000] {logging_mixin.py:188} INFO - [2025-08-17T01:30:43.779+0000] {dagbag.py:545} INFO - Filling up the DagBag from /home/airflow/.local/lib/python3.12/site-packages/airflow/example_dags/example_short_circuit_decorator.py
[2025-08-17T01:30:43.790+0000] {processor.py:840} INFO - DAG(s) 'example_short_circuit_decorator' retrieved from /home/airflow/.local/lib/python3.12/site-packages/airflow/example_dags/example_short_circuit_decorator.py
[2025-08-17T01:30:43.817+0000] {logging_mixin.py:188} INFO - [2025-08-17T01:30:43.817+0000] {dag.py:3089} INFO - Sync 1 DAGs
[2025-08-17T01:30:43.840+0000] {logging_mixin.py:188} INFO - [2025-08-17T01:30:43.839+0000] {dag.py:3947} INFO - Setting next_dagrun for example_short_circuit_decorator to 2025-08-16 00:00:00+00:00, run_after=2025-08-17 00:00:00+00:00
[2025-08-17T01:30:43.858+0000] {processor.py:183} INFO - Processing /home/airflow/.local/lib/python3.12/site-packages/airflow/example_dags/example_short_circuit_decorator.py took 0.090 seconds
[2025-08-17T01:31:14.241+0000] {processor.py:161} INFO - Started process (PID=617) to work on /home/airflow/.local/lib/python3.12/site-packages/airflow/example_dags/example_short_circuit_decorator.py
[2025-08-17T01:31:14.242+0000] {processor.py:830} INFO - Processing file /home/airflow/.local/lib/python3.12/site-packages/airflow/example_dags/example_short_circuit_decorator.py for tasks to queue
[2025-08-17T01:31:14.245+0000] {logging_mixin.py:188} INFO - [2025-08-17T01:31:14.244+0000] {dagbag.py:545} INFO - Filling up the DagBag from /home/airflow/.local/lib/python3.12/site-packages/airflow/example_dags/example_short_circuit_decorator.py
[2025-08-17T01:31:14.254+0000] {processor.py:840} INFO - DAG(s) 'example_short_circuit_decorator' retrieved from /home/airflow/.local/lib/python3.12/site-packages/airflow/example_dags/example_short_circuit_decorator.py
[2025-08-17T01:31:14.281+0000] {logging_mixin.py:188} INFO - [2025-08-17T01:31:14.281+0000] {dag.py:3089} INFO - Sync 1 DAGs
[2025-08-17T01:31:14.304+0000] {logging_mixin.py:188} INFO - [2025-08-17T01:31:14.304+0000] {dag.py:3947} INFO - Setting next_dagrun for example_short_circuit_decorator to 2025-08-16 00:00:00+00:00, run_after=2025-08-17 00:00:00+00:00
[2025-08-17T01:31:14.325+0000] {processor.py:183} INFO - Processing /home/airflow/.local/lib/python3.12/site-packages/airflow/example_dags/example_short_circuit_decorator.py took 0.090 seconds
[2025-08-17T01:31:44.954+0000] {processor.py:161} INFO - Started process (PID=679) to work on /home/airflow/.local/lib/python3.12/site-packages/airflow/example_dags/example_short_circuit_decorator.py
[2025-08-17T01:31:44.955+0000] {processor.py:830} INFO - Processing file /home/airflow/.local/lib/python3.12/site-packages/airflow/example_dags/example_short_circuit_decorator.py for tasks to queue
[2025-08-17T01:31:44.957+0000] {logging_mixin.py:188} INFO - [2025-08-17T01:31:44.957+0000] {dagbag.py:545} INFO - Filling up the DagBag from /home/airflow/.local/lib/python3.12/site-packages/airflow/example_dags/example_short_circuit_decorator.py
[2025-08-17T01:31:44.968+0000] {processor.py:840} INFO - DAG(s) 'example_short_circuit_decorator' retrieved from /home/airflow/.local/lib/python3.12/site-packages/airflow/example_dags/example_short_circuit_decorator.py
[2025-08-17T01:31:44.999+0000] {logging_mixin.py:188} INFO - [2025-08-17T01:31:44.999+0000] {dag.py:3089} INFO - Sync 1 DAGs
[2025-08-17T01:31:45.028+0000] {logging_mixin.py:188} INFO - [2025-08-17T01:31:45.028+0000] {dag.py:3947} INFO - Setting next_dagrun for example_short_circuit_decorator to 2025-08-16 00:00:00+00:00, run_after=2025-08-17 00:00:00+00:00
[2025-08-17T01:31:45.055+0000] {processor.py:183} INFO - Processing /home/airflow/.local/lib/python3.12/site-packages/airflow/example_dags/example_short_circuit_decorator.py took 0.108 seconds
