[2025-08-17T00:53:37.211+0000] {processor.py:161} INFO - Started process (PID=105) to work on /home/airflow/.local/lib/python3.12/site-packages/airflow/example_dags/example_bash_operator.py
[2025-08-17T00:53:37.213+0000] {processor.py:830} INFO - Processing file /home/airflow/.local/lib/python3.12/site-packages/airflow/example_dags/example_bash_operator.py for tasks to queue
[2025-08-17T00:53:37.216+0000] {logging_mixin.py:188} INFO - [2025-08-17T00:53:37.215+0000] {dagbag.py:545} INFO - Filling up the DagBag from /home/airflow/.local/lib/python3.12/site-packages/airflow/example_dags/example_bash_operator.py
[2025-08-17T00:53:37.229+0000] {processor.py:840} INFO - DAG(s) 'example_bash_operator' retrieved from /home/airflow/.local/lib/python3.12/site-packages/airflow/example_dags/example_bash_operator.py
[2025-08-17T00:53:37.394+0000] {logging_mixin.py:188} INFO - [2025-08-17T00:53:37.394+0000] {dag.py:3089} INFO - Sync 1 DAGs
[2025-08-17T00:53:37.418+0000] {logging_mixin.py:188} INFO - [2025-08-17T00:53:37.418+0000] {dag.py:3947} INFO - Setting next_dagrun for example_bash_operator to 2025-08-16 00:00:00+00:00, run_after=2025-08-17 00:00:00+00:00
[2025-08-17T00:53:37.442+0000] {processor.py:183} INFO - Processing /home/airflow/.local/lib/python3.12/site-packages/airflow/example_dags/example_bash_operator.py took 0.238 seconds
[2025-08-17T00:54:07.950+0000] {processor.py:161} INFO - Started process (PID=163) to work on /home/airflow/.local/lib/python3.12/site-packages/airflow/example_dags/example_bash_operator.py
[2025-08-17T00:54:07.951+0000] {processor.py:830} INFO - Processing file /home/airflow/.local/lib/python3.12/site-packages/airflow/example_dags/example_bash_operator.py for tasks to queue
[2025-08-17T00:54:07.953+0000] {logging_mixin.py:188} INFO - [2025-08-17T00:54:07.953+0000] {dagbag.py:545} INFO - Filling up the DagBag from /home/airflow/.local/lib/python3.12/site-packages/airflow/example_dags/example_bash_operator.py
[2025-08-17T00:54:07.965+0000] {processor.py:840} INFO - DAG(s) 'example_bash_operator' retrieved from /home/airflow/.local/lib/python3.12/site-packages/airflow/example_dags/example_bash_operator.py
[2025-08-17T00:54:07.997+0000] {logging_mixin.py:188} INFO - [2025-08-17T00:54:07.996+0000] {dag.py:3089} INFO - Sync 1 DAGs
[2025-08-17T00:54:08.025+0000] {logging_mixin.py:188} INFO - [2025-08-17T00:54:08.025+0000] {dag.py:3947} INFO - Setting next_dagrun for example_bash_operator to 2025-08-16 00:00:00+00:00, run_after=2025-08-17 00:00:00+00:00
[2025-08-17T00:54:08.049+0000] {processor.py:183} INFO - Processing /home/airflow/.local/lib/python3.12/site-packages/airflow/example_dags/example_bash_operator.py took 0.105 seconds
[2025-08-17T00:54:38.243+0000] {processor.py:161} INFO - Started process (PID=221) to work on /home/airflow/.local/lib/python3.12/site-packages/airflow/example_dags/example_bash_operator.py
[2025-08-17T00:54:38.245+0000] {processor.py:830} INFO - Processing file /home/airflow/.local/lib/python3.12/site-packages/airflow/example_dags/example_bash_operator.py for tasks to queue
[2025-08-17T00:54:38.248+0000] {logging_mixin.py:188} INFO - [2025-08-17T00:54:38.247+0000] {dagbag.py:545} INFO - Filling up the DagBag from /home/airflow/.local/lib/python3.12/site-packages/airflow/example_dags/example_bash_operator.py
[2025-08-17T00:54:38.259+0000] {processor.py:840} INFO - DAG(s) 'example_bash_operator' retrieved from /home/airflow/.local/lib/python3.12/site-packages/airflow/example_dags/example_bash_operator.py
[2025-08-17T00:54:38.290+0000] {logging_mixin.py:188} INFO - [2025-08-17T00:54:38.289+0000] {dag.py:3089} INFO - Sync 1 DAGs
[2025-08-17T00:54:38.313+0000] {logging_mixin.py:188} INFO - [2025-08-17T00:54:38.312+0000] {dag.py:3947} INFO - Setting next_dagrun for example_bash_operator to 2025-08-16 00:00:00+00:00, run_after=2025-08-17 00:00:00+00:00
[2025-08-17T00:54:38.336+0000] {processor.py:183} INFO - Processing /home/airflow/.local/lib/python3.12/site-packages/airflow/example_dags/example_bash_operator.py took 0.098 seconds
[2025-08-17T00:55:08.804+0000] {processor.py:161} INFO - Started process (PID=279) to work on /home/airflow/.local/lib/python3.12/site-packages/airflow/example_dags/example_bash_operator.py
[2025-08-17T00:55:08.806+0000] {processor.py:830} INFO - Processing file /home/airflow/.local/lib/python3.12/site-packages/airflow/example_dags/example_bash_operator.py for tasks to queue
[2025-08-17T00:55:08.808+0000] {logging_mixin.py:188} INFO - [2025-08-17T00:55:08.807+0000] {dagbag.py:545} INFO - Filling up the DagBag from /home/airflow/.local/lib/python3.12/site-packages/airflow/example_dags/example_bash_operator.py
[2025-08-17T00:55:08.819+0000] {processor.py:840} INFO - DAG(s) 'example_bash_operator' retrieved from /home/airflow/.local/lib/python3.12/site-packages/airflow/example_dags/example_bash_operator.py
[2025-08-17T00:55:08.847+0000] {logging_mixin.py:188} INFO - [2025-08-17T00:55:08.847+0000] {dag.py:3089} INFO - Sync 1 DAGs
[2025-08-17T00:55:08.873+0000] {logging_mixin.py:188} INFO - [2025-08-17T00:55:08.872+0000] {dag.py:3947} INFO - Setting next_dagrun for example_bash_operator to 2025-08-16 00:00:00+00:00, run_after=2025-08-17 00:00:00+00:00
[2025-08-17T00:55:08.901+0000] {processor.py:183} INFO - Processing /home/airflow/.local/lib/python3.12/site-packages/airflow/example_dags/example_bash_operator.py took 0.103 seconds
[2025-08-17T00:55:39.761+0000] {processor.py:161} INFO - Started process (PID=338) to work on /home/airflow/.local/lib/python3.12/site-packages/airflow/example_dags/example_bash_operator.py
[2025-08-17T00:55:39.762+0000] {processor.py:830} INFO - Processing file /home/airflow/.local/lib/python3.12/site-packages/airflow/example_dags/example_bash_operator.py for tasks to queue
[2025-08-17T00:55:39.765+0000] {logging_mixin.py:188} INFO - [2025-08-17T00:55:39.764+0000] {dagbag.py:545} INFO - Filling up the DagBag from /home/airflow/.local/lib/python3.12/site-packages/airflow/example_dags/example_bash_operator.py
[2025-08-17T00:55:39.776+0000] {processor.py:840} INFO - DAG(s) 'example_bash_operator' retrieved from /home/airflow/.local/lib/python3.12/site-packages/airflow/example_dags/example_bash_operator.py
[2025-08-17T00:55:39.803+0000] {logging_mixin.py:188} INFO - [2025-08-17T00:55:39.803+0000] {dag.py:3089} INFO - Sync 1 DAGs
[2025-08-17T00:55:39.825+0000] {logging_mixin.py:188} INFO - [2025-08-17T00:55:39.825+0000] {dag.py:3947} INFO - Setting next_dagrun for example_bash_operator to 2025-08-16 00:00:00+00:00, run_after=2025-08-17 00:00:00+00:00
[2025-08-17T00:55:39.843+0000] {processor.py:183} INFO - Processing /home/airflow/.local/lib/python3.12/site-packages/airflow/example_dags/example_bash_operator.py took 0.088 seconds
[2025-08-17T00:56:10.164+0000] {processor.py:161} INFO - Started process (PID=396) to work on /home/airflow/.local/lib/python3.12/site-packages/airflow/example_dags/example_bash_operator.py
[2025-08-17T00:56:10.165+0000] {processor.py:830} INFO - Processing file /home/airflow/.local/lib/python3.12/site-packages/airflow/example_dags/example_bash_operator.py for tasks to queue
[2025-08-17T00:56:10.166+0000] {logging_mixin.py:188} INFO - [2025-08-17T00:56:10.166+0000] {dagbag.py:545} INFO - Filling up the DagBag from /home/airflow/.local/lib/python3.12/site-packages/airflow/example_dags/example_bash_operator.py
[2025-08-17T00:56:10.176+0000] {processor.py:840} INFO - DAG(s) 'example_bash_operator' retrieved from /home/airflow/.local/lib/python3.12/site-packages/airflow/example_dags/example_bash_operator.py
[2025-08-17T00:56:10.202+0000] {logging_mixin.py:188} INFO - [2025-08-17T00:56:10.201+0000] {dag.py:3089} INFO - Sync 1 DAGs
[2025-08-17T00:56:10.221+0000] {logging_mixin.py:188} INFO - [2025-08-17T00:56:10.221+0000] {dag.py:3947} INFO - Setting next_dagrun for example_bash_operator to 2025-08-16 00:00:00+00:00, run_after=2025-08-17 00:00:00+00:00
[2025-08-17T00:56:10.239+0000] {processor.py:183} INFO - Processing /home/airflow/.local/lib/python3.12/site-packages/airflow/example_dags/example_bash_operator.py took 0.081 seconds
[2025-08-17T00:56:41.033+0000] {processor.py:161} INFO - Started process (PID=454) to work on /home/airflow/.local/lib/python3.12/site-packages/airflow/example_dags/example_bash_operator.py
[2025-08-17T00:56:41.034+0000] {processor.py:830} INFO - Processing file /home/airflow/.local/lib/python3.12/site-packages/airflow/example_dags/example_bash_operator.py for tasks to queue
[2025-08-17T00:56:41.036+0000] {logging_mixin.py:188} INFO - [2025-08-17T00:56:41.036+0000] {dagbag.py:545} INFO - Filling up the DagBag from /home/airflow/.local/lib/python3.12/site-packages/airflow/example_dags/example_bash_operator.py
[2025-08-17T00:56:41.047+0000] {processor.py:840} INFO - DAG(s) 'example_bash_operator' retrieved from /home/airflow/.local/lib/python3.12/site-packages/airflow/example_dags/example_bash_operator.py
[2025-08-17T00:56:41.078+0000] {logging_mixin.py:188} INFO - [2025-08-17T00:56:41.078+0000] {dag.py:3089} INFO - Sync 1 DAGs
[2025-08-17T00:56:41.103+0000] {logging_mixin.py:188} INFO - [2025-08-17T00:56:41.103+0000] {dag.py:3947} INFO - Setting next_dagrun for example_bash_operator to 2025-08-16 00:00:00+00:00, run_after=2025-08-17 00:00:00+00:00
[2025-08-17T00:56:41.124+0000] {processor.py:183} INFO - Processing /home/airflow/.local/lib/python3.12/site-packages/airflow/example_dags/example_bash_operator.py took 0.097 seconds
[2025-08-17T00:57:11.353+0000] {processor.py:161} INFO - Started process (PID=512) to work on /home/airflow/.local/lib/python3.12/site-packages/airflow/example_dags/example_bash_operator.py
[2025-08-17T00:57:11.355+0000] {processor.py:830} INFO - Processing file /home/airflow/.local/lib/python3.12/site-packages/airflow/example_dags/example_bash_operator.py for tasks to queue
[2025-08-17T00:57:11.357+0000] {logging_mixin.py:188} INFO - [2025-08-17T00:57:11.357+0000] {dagbag.py:545} INFO - Filling up the DagBag from /home/airflow/.local/lib/python3.12/site-packages/airflow/example_dags/example_bash_operator.py
[2025-08-17T00:57:11.371+0000] {processor.py:840} INFO - DAG(s) 'example_bash_operator' retrieved from /home/airflow/.local/lib/python3.12/site-packages/airflow/example_dags/example_bash_operator.py
[2025-08-17T00:57:11.403+0000] {logging_mixin.py:188} INFO - [2025-08-17T00:57:11.402+0000] {dag.py:3089} INFO - Sync 1 DAGs
[2025-08-17T00:57:11.426+0000] {logging_mixin.py:188} INFO - [2025-08-17T00:57:11.425+0000] {dag.py:3947} INFO - Setting next_dagrun for example_bash_operator to 2025-08-16 00:00:00+00:00, run_after=2025-08-17 00:00:00+00:00
[2025-08-17T00:57:11.450+0000] {processor.py:183} INFO - Processing /home/airflow/.local/lib/python3.12/site-packages/airflow/example_dags/example_bash_operator.py took 0.104 seconds
[2025-08-17T00:57:41.909+0000] {processor.py:161} INFO - Started process (PID=570) to work on /home/airflow/.local/lib/python3.12/site-packages/airflow/example_dags/example_bash_operator.py
[2025-08-17T00:57:41.910+0000] {processor.py:830} INFO - Processing file /home/airflow/.local/lib/python3.12/site-packages/airflow/example_dags/example_bash_operator.py for tasks to queue
[2025-08-17T00:57:41.913+0000] {logging_mixin.py:188} INFO - [2025-08-17T00:57:41.913+0000] {dagbag.py:545} INFO - Filling up the DagBag from /home/airflow/.local/lib/python3.12/site-packages/airflow/example_dags/example_bash_operator.py
[2025-08-17T00:57:41.926+0000] {processor.py:840} INFO - DAG(s) 'example_bash_operator' retrieved from /home/airflow/.local/lib/python3.12/site-packages/airflow/example_dags/example_bash_operator.py
[2025-08-17T00:57:41.958+0000] {logging_mixin.py:188} INFO - [2025-08-17T00:57:41.958+0000] {dag.py:3089} INFO - Sync 1 DAGs
[2025-08-17T00:57:41.983+0000] {logging_mixin.py:188} INFO - [2025-08-17T00:57:41.983+0000] {dag.py:3947} INFO - Setting next_dagrun for example_bash_operator to 2025-08-16 00:00:00+00:00, run_after=2025-08-17 00:00:00+00:00
[2025-08-17T00:57:42.009+0000] {processor.py:183} INFO - Processing /home/airflow/.local/lib/python3.12/site-packages/airflow/example_dags/example_bash_operator.py took 0.107 seconds
[2025-08-17T00:58:12.603+0000] {processor.py:161} INFO - Started process (PID=628) to work on /home/airflow/.local/lib/python3.12/site-packages/airflow/example_dags/example_bash_operator.py
[2025-08-17T00:58:12.604+0000] {processor.py:830} INFO - Processing file /home/airflow/.local/lib/python3.12/site-packages/airflow/example_dags/example_bash_operator.py for tasks to queue
[2025-08-17T00:58:12.607+0000] {logging_mixin.py:188} INFO - [2025-08-17T00:58:12.607+0000] {dagbag.py:545} INFO - Filling up the DagBag from /home/airflow/.local/lib/python3.12/site-packages/airflow/example_dags/example_bash_operator.py
[2025-08-17T00:58:12.618+0000] {processor.py:840} INFO - DAG(s) 'example_bash_operator' retrieved from /home/airflow/.local/lib/python3.12/site-packages/airflow/example_dags/example_bash_operator.py
[2025-08-17T00:58:12.646+0000] {logging_mixin.py:188} INFO - [2025-08-17T00:58:12.646+0000] {dag.py:3089} INFO - Sync 1 DAGs
[2025-08-17T00:58:12.666+0000] {logging_mixin.py:188} INFO - [2025-08-17T00:58:12.666+0000] {dag.py:3947} INFO - Setting next_dagrun for example_bash_operator to 2025-08-16 00:00:00+00:00, run_after=2025-08-17 00:00:00+00:00
[2025-08-17T00:58:12.684+0000] {processor.py:183} INFO - Processing /home/airflow/.local/lib/python3.12/site-packages/airflow/example_dags/example_bash_operator.py took 0.087 seconds
[2025-08-17T00:58:43.259+0000] {processor.py:161} INFO - Started process (PID=687) to work on /home/airflow/.local/lib/python3.12/site-packages/airflow/example_dags/example_bash_operator.py
[2025-08-17T00:58:43.261+0000] {processor.py:830} INFO - Processing file /home/airflow/.local/lib/python3.12/site-packages/airflow/example_dags/example_bash_operator.py for tasks to queue
[2025-08-17T00:58:43.264+0000] {logging_mixin.py:188} INFO - [2025-08-17T00:58:43.263+0000] {dagbag.py:545} INFO - Filling up the DagBag from /home/airflow/.local/lib/python3.12/site-packages/airflow/example_dags/example_bash_operator.py
[2025-08-17T00:58:43.276+0000] {processor.py:840} INFO - DAG(s) 'example_bash_operator' retrieved from /home/airflow/.local/lib/python3.12/site-packages/airflow/example_dags/example_bash_operator.py
[2025-08-17T00:58:43.304+0000] {logging_mixin.py:188} INFO - [2025-08-17T00:58:43.304+0000] {dag.py:3089} INFO - Sync 1 DAGs
[2025-08-17T00:58:43.324+0000] {logging_mixin.py:188} INFO - [2025-08-17T00:58:43.324+0000] {dag.py:3947} INFO - Setting next_dagrun for example_bash_operator to 2025-08-16 00:00:00+00:00, run_after=2025-08-17 00:00:00+00:00
[2025-08-17T00:58:43.341+0000] {processor.py:183} INFO - Processing /home/airflow/.local/lib/python3.12/site-packages/airflow/example_dags/example_bash_operator.py took 0.088 seconds
[2025-08-17T00:59:14.030+0000] {processor.py:161} INFO - Started process (PID=746) to work on /home/airflow/.local/lib/python3.12/site-packages/airflow/example_dags/example_bash_operator.py
[2025-08-17T00:59:14.032+0000] {processor.py:830} INFO - Processing file /home/airflow/.local/lib/python3.12/site-packages/airflow/example_dags/example_bash_operator.py for tasks to queue
[2025-08-17T00:59:14.034+0000] {logging_mixin.py:188} INFO - [2025-08-17T00:59:14.033+0000] {dagbag.py:545} INFO - Filling up the DagBag from /home/airflow/.local/lib/python3.12/site-packages/airflow/example_dags/example_bash_operator.py
[2025-08-17T00:59:14.044+0000] {processor.py:840} INFO - DAG(s) 'example_bash_operator' retrieved from /home/airflow/.local/lib/python3.12/site-packages/airflow/example_dags/example_bash_operator.py
[2025-08-17T00:59:14.070+0000] {logging_mixin.py:188} INFO - [2025-08-17T00:59:14.070+0000] {dag.py:3089} INFO - Sync 1 DAGs
[2025-08-17T00:59:14.094+0000] {logging_mixin.py:188} INFO - [2025-08-17T00:59:14.094+0000] {dag.py:3947} INFO - Setting next_dagrun for example_bash_operator to 2025-08-16 00:00:00+00:00, run_after=2025-08-17 00:00:00+00:00
[2025-08-17T00:59:14.112+0000] {processor.py:183} INFO - Processing /home/airflow/.local/lib/python3.12/site-packages/airflow/example_dags/example_bash_operator.py took 0.087 seconds
[2025-08-17T01:00:13.127+0000] {processor.py:161} INFO - Started process (PID=93) to work on /home/airflow/.local/lib/python3.12/site-packages/airflow/example_dags/example_bash_operator.py
[2025-08-17T01:00:13.129+0000] {processor.py:830} INFO - Processing file /home/airflow/.local/lib/python3.12/site-packages/airflow/example_dags/example_bash_operator.py for tasks to queue
[2025-08-17T01:00:13.132+0000] {logging_mixin.py:188} INFO - [2025-08-17T01:00:13.132+0000] {dagbag.py:545} INFO - Filling up the DagBag from /home/airflow/.local/lib/python3.12/site-packages/airflow/example_dags/example_bash_operator.py
[2025-08-17T01:00:13.149+0000] {processor.py:840} INFO - DAG(s) 'example_bash_operator' retrieved from /home/airflow/.local/lib/python3.12/site-packages/airflow/example_dags/example_bash_operator.py
[2025-08-17T01:00:13.172+0000] {logging_mixin.py:188} INFO - [2025-08-17T01:00:13.171+0000] {dag.py:3089} INFO - Sync 1 DAGs
[2025-08-17T01:00:13.233+0000] {logging_mixin.py:188} INFO - [2025-08-17T01:00:13.232+0000] {dag.py:3947} INFO - Setting next_dagrun for example_bash_operator to 2025-08-16 00:00:00+00:00, run_after=2025-08-17 00:00:00+00:00
[2025-08-17T01:00:13.275+0000] {processor.py:183} INFO - Processing /home/airflow/.local/lib/python3.12/site-packages/airflow/example_dags/example_bash_operator.py took 0.156 seconds
[2025-08-17T01:01:36.094+0000] {processor.py:161} INFO - Started process (PID=93) to work on /home/airflow/.local/lib/python3.12/site-packages/airflow/example_dags/example_bash_operator.py
[2025-08-17T01:01:36.096+0000] {processor.py:830} INFO - Processing file /home/airflow/.local/lib/python3.12/site-packages/airflow/example_dags/example_bash_operator.py for tasks to queue
[2025-08-17T01:01:36.099+0000] {logging_mixin.py:188} INFO - [2025-08-17T01:01:36.098+0000] {dagbag.py:545} INFO - Filling up the DagBag from /home/airflow/.local/lib/python3.12/site-packages/airflow/example_dags/example_bash_operator.py
[2025-08-17T01:01:36.116+0000] {processor.py:840} INFO - DAG(s) 'example_bash_operator' retrieved from /home/airflow/.local/lib/python3.12/site-packages/airflow/example_dags/example_bash_operator.py
[2025-08-17T01:01:36.138+0000] {logging_mixin.py:188} INFO - [2025-08-17T01:01:36.138+0000] {dag.py:3089} INFO - Sync 1 DAGs
[2025-08-17T01:01:36.172+0000] {logging_mixin.py:188} INFO - [2025-08-17T01:01:36.172+0000] {dag.py:3947} INFO - Setting next_dagrun for example_bash_operator to 2025-08-16 00:00:00+00:00, run_after=2025-08-17 00:00:00+00:00
[2025-08-17T01:01:36.201+0000] {processor.py:183} INFO - Processing /home/airflow/.local/lib/python3.12/site-packages/airflow/example_dags/example_bash_operator.py took 0.114 seconds
[2025-08-17T01:02:07.461+0000] {processor.py:161} INFO - Started process (PID=152) to work on /home/airflow/.local/lib/python3.12/site-packages/airflow/example_dags/example_bash_operator.py
[2025-08-17T01:02:07.463+0000] {processor.py:830} INFO - Processing file /home/airflow/.local/lib/python3.12/site-packages/airflow/example_dags/example_bash_operator.py for tasks to queue
[2025-08-17T01:02:07.465+0000] {logging_mixin.py:188} INFO - [2025-08-17T01:02:07.465+0000] {dagbag.py:545} INFO - Filling up the DagBag from /home/airflow/.local/lib/python3.12/site-packages/airflow/example_dags/example_bash_operator.py
[2025-08-17T01:02:07.480+0000] {processor.py:840} INFO - DAG(s) 'example_bash_operator' retrieved from /home/airflow/.local/lib/python3.12/site-packages/airflow/example_dags/example_bash_operator.py
[2025-08-17T01:02:07.615+0000] {logging_mixin.py:188} INFO - [2025-08-17T01:02:07.615+0000] {dag.py:3089} INFO - Sync 1 DAGs
[2025-08-17T01:02:07.636+0000] {logging_mixin.py:188} INFO - [2025-08-17T01:02:07.636+0000] {dag.py:3947} INFO - Setting next_dagrun for example_bash_operator to 2025-08-16 00:00:00+00:00, run_after=2025-08-17 00:00:00+00:00
[2025-08-17T01:02:07.654+0000] {processor.py:183} INFO - Processing /home/airflow/.local/lib/python3.12/site-packages/airflow/example_dags/example_bash_operator.py took 0.202 seconds
[2025-08-17T01:02:37.716+0000] {processor.py:161} INFO - Started process (PID=217) to work on /home/airflow/.local/lib/python3.12/site-packages/airflow/example_dags/example_bash_operator.py
[2025-08-17T01:02:37.718+0000] {processor.py:830} INFO - Processing file /home/airflow/.local/lib/python3.12/site-packages/airflow/example_dags/example_bash_operator.py for tasks to queue
[2025-08-17T01:02:37.720+0000] {logging_mixin.py:188} INFO - [2025-08-17T01:02:37.720+0000] {dagbag.py:545} INFO - Filling up the DagBag from /home/airflow/.local/lib/python3.12/site-packages/airflow/example_dags/example_bash_operator.py
[2025-08-17T01:02:37.732+0000] {processor.py:840} INFO - DAG(s) 'example_bash_operator' retrieved from /home/airflow/.local/lib/python3.12/site-packages/airflow/example_dags/example_bash_operator.py
[2025-08-17T01:02:37.760+0000] {logging_mixin.py:188} INFO - [2025-08-17T01:02:37.759+0000] {dag.py:3089} INFO - Sync 1 DAGs
[2025-08-17T01:02:37.783+0000] {logging_mixin.py:188} INFO - [2025-08-17T01:02:37.783+0000] {dag.py:3947} INFO - Setting next_dagrun for example_bash_operator to 2025-08-16 00:00:00+00:00, run_after=2025-08-17 00:00:00+00:00
[2025-08-17T01:02:37.802+0000] {processor.py:183} INFO - Processing /home/airflow/.local/lib/python3.12/site-packages/airflow/example_dags/example_bash_operator.py took 0.093 seconds
[2025-08-17T01:03:08.022+0000] {processor.py:161} INFO - Started process (PID=276) to work on /home/airflow/.local/lib/python3.12/site-packages/airflow/example_dags/example_bash_operator.py
[2025-08-17T01:03:08.023+0000] {processor.py:830} INFO - Processing file /home/airflow/.local/lib/python3.12/site-packages/airflow/example_dags/example_bash_operator.py for tasks to queue
[2025-08-17T01:03:08.025+0000] {logging_mixin.py:188} INFO - [2025-08-17T01:03:08.025+0000] {dagbag.py:545} INFO - Filling up the DagBag from /home/airflow/.local/lib/python3.12/site-packages/airflow/example_dags/example_bash_operator.py
[2025-08-17T01:03:08.036+0000] {processor.py:840} INFO - DAG(s) 'example_bash_operator' retrieved from /home/airflow/.local/lib/python3.12/site-packages/airflow/example_dags/example_bash_operator.py
[2025-08-17T01:03:08.065+0000] {logging_mixin.py:188} INFO - [2025-08-17T01:03:08.065+0000] {dag.py:3089} INFO - Sync 1 DAGs
[2025-08-17T01:03:08.086+0000] {logging_mixin.py:188} INFO - [2025-08-17T01:03:08.086+0000] {dag.py:3947} INFO - Setting next_dagrun for example_bash_operator to 2025-08-16 00:00:00+00:00, run_after=2025-08-17 00:00:00+00:00
[2025-08-17T01:03:08.104+0000] {processor.py:183} INFO - Processing /home/airflow/.local/lib/python3.12/site-packages/airflow/example_dags/example_bash_operator.py took 0.089 seconds
[2025-08-17T01:03:38.267+0000] {processor.py:161} INFO - Started process (PID=335) to work on /home/airflow/.local/lib/python3.12/site-packages/airflow/example_dags/example_bash_operator.py
[2025-08-17T01:03:38.268+0000] {processor.py:830} INFO - Processing file /home/airflow/.local/lib/python3.12/site-packages/airflow/example_dags/example_bash_operator.py for tasks to queue
[2025-08-17T01:03:38.270+0000] {logging_mixin.py:188} INFO - [2025-08-17T01:03:38.270+0000] {dagbag.py:545} INFO - Filling up the DagBag from /home/airflow/.local/lib/python3.12/site-packages/airflow/example_dags/example_bash_operator.py
[2025-08-17T01:03:38.282+0000] {processor.py:840} INFO - DAG(s) 'example_bash_operator' retrieved from /home/airflow/.local/lib/python3.12/site-packages/airflow/example_dags/example_bash_operator.py
[2025-08-17T01:03:38.313+0000] {logging_mixin.py:188} INFO - [2025-08-17T01:03:38.312+0000] {dag.py:3089} INFO - Sync 1 DAGs
[2025-08-17T01:03:38.334+0000] {logging_mixin.py:188} INFO - [2025-08-17T01:03:38.334+0000] {dag.py:3947} INFO - Setting next_dagrun for example_bash_operator to 2025-08-16 00:00:00+00:00, run_after=2025-08-17 00:00:00+00:00
[2025-08-17T01:03:38.351+0000] {processor.py:183} INFO - Processing /home/airflow/.local/lib/python3.12/site-packages/airflow/example_dags/example_bash_operator.py took 0.091 seconds
[2025-08-17T01:04:08.722+0000] {processor.py:161} INFO - Started process (PID=394) to work on /home/airflow/.local/lib/python3.12/site-packages/airflow/example_dags/example_bash_operator.py
[2025-08-17T01:04:08.724+0000] {processor.py:830} INFO - Processing file /home/airflow/.local/lib/python3.12/site-packages/airflow/example_dags/example_bash_operator.py for tasks to queue
[2025-08-17T01:04:08.726+0000] {logging_mixin.py:188} INFO - [2025-08-17T01:04:08.726+0000] {dagbag.py:545} INFO - Filling up the DagBag from /home/airflow/.local/lib/python3.12/site-packages/airflow/example_dags/example_bash_operator.py
[2025-08-17T01:04:08.740+0000] {processor.py:840} INFO - DAG(s) 'example_bash_operator' retrieved from /home/airflow/.local/lib/python3.12/site-packages/airflow/example_dags/example_bash_operator.py
[2025-08-17T01:04:08.774+0000] {logging_mixin.py:188} INFO - [2025-08-17T01:04:08.774+0000] {dag.py:3089} INFO - Sync 1 DAGs
[2025-08-17T01:04:08.799+0000] {logging_mixin.py:188} INFO - [2025-08-17T01:04:08.799+0000] {dag.py:3947} INFO - Setting next_dagrun for example_bash_operator to 2025-08-16 00:00:00+00:00, run_after=2025-08-17 00:00:00+00:00
[2025-08-17T01:04:08.818+0000] {processor.py:183} INFO - Processing /home/airflow/.local/lib/python3.12/site-packages/airflow/example_dags/example_bash_operator.py took 0.103 seconds
[2025-08-17T01:04:39.323+0000] {processor.py:161} INFO - Started process (PID=453) to work on /home/airflow/.local/lib/python3.12/site-packages/airflow/example_dags/example_bash_operator.py
[2025-08-17T01:04:39.324+0000] {processor.py:830} INFO - Processing file /home/airflow/.local/lib/python3.12/site-packages/airflow/example_dags/example_bash_operator.py for tasks to queue
[2025-08-17T01:04:39.326+0000] {logging_mixin.py:188} INFO - [2025-08-17T01:04:39.326+0000] {dagbag.py:545} INFO - Filling up the DagBag from /home/airflow/.local/lib/python3.12/site-packages/airflow/example_dags/example_bash_operator.py
[2025-08-17T01:04:39.340+0000] {processor.py:840} INFO - DAG(s) 'example_bash_operator' retrieved from /home/airflow/.local/lib/python3.12/site-packages/airflow/example_dags/example_bash_operator.py
[2025-08-17T01:04:39.372+0000] {logging_mixin.py:188} INFO - [2025-08-17T01:04:39.372+0000] {dag.py:3089} INFO - Sync 1 DAGs
[2025-08-17T01:04:39.397+0000] {logging_mixin.py:188} INFO - [2025-08-17T01:04:39.397+0000] {dag.py:3947} INFO - Setting next_dagrun for example_bash_operator to 2025-08-16 00:00:00+00:00, run_after=2025-08-17 00:00:00+00:00
[2025-08-17T01:04:39.415+0000] {processor.py:183} INFO - Processing /home/airflow/.local/lib/python3.12/site-packages/airflow/example_dags/example_bash_operator.py took 0.099 seconds
[2025-08-17T01:05:10.110+0000] {processor.py:161} INFO - Started process (PID=512) to work on /home/airflow/.local/lib/python3.12/site-packages/airflow/example_dags/example_bash_operator.py
[2025-08-17T01:05:10.111+0000] {processor.py:830} INFO - Processing file /home/airflow/.local/lib/python3.12/site-packages/airflow/example_dags/example_bash_operator.py for tasks to queue
[2025-08-17T01:05:10.113+0000] {logging_mixin.py:188} INFO - [2025-08-17T01:05:10.113+0000] {dagbag.py:545} INFO - Filling up the DagBag from /home/airflow/.local/lib/python3.12/site-packages/airflow/example_dags/example_bash_operator.py
[2025-08-17T01:05:10.125+0000] {processor.py:840} INFO - DAG(s) 'example_bash_operator' retrieved from /home/airflow/.local/lib/python3.12/site-packages/airflow/example_dags/example_bash_operator.py
[2025-08-17T01:05:10.153+0000] {logging_mixin.py:188} INFO - [2025-08-17T01:05:10.153+0000] {dag.py:3089} INFO - Sync 1 DAGs
[2025-08-17T01:05:10.176+0000] {logging_mixin.py:188} INFO - [2025-08-17T01:05:10.176+0000] {dag.py:3947} INFO - Setting next_dagrun for example_bash_operator to 2025-08-16 00:00:00+00:00, run_after=2025-08-17 00:00:00+00:00
[2025-08-17T01:05:10.194+0000] {processor.py:183} INFO - Processing /home/airflow/.local/lib/python3.12/site-packages/airflow/example_dags/example_bash_operator.py took 0.091 seconds
[2025-08-17T01:05:40.740+0000] {processor.py:161} INFO - Started process (PID=571) to work on /home/airflow/.local/lib/python3.12/site-packages/airflow/example_dags/example_bash_operator.py
[2025-08-17T01:05:40.741+0000] {processor.py:830} INFO - Processing file /home/airflow/.local/lib/python3.12/site-packages/airflow/example_dags/example_bash_operator.py for tasks to queue
[2025-08-17T01:05:40.745+0000] {logging_mixin.py:188} INFO - [2025-08-17T01:05:40.744+0000] {dagbag.py:545} INFO - Filling up the DagBag from /home/airflow/.local/lib/python3.12/site-packages/airflow/example_dags/example_bash_operator.py
[2025-08-17T01:05:40.756+0000] {processor.py:840} INFO - DAG(s) 'example_bash_operator' retrieved from /home/airflow/.local/lib/python3.12/site-packages/airflow/example_dags/example_bash_operator.py
[2025-08-17T01:05:40.787+0000] {logging_mixin.py:188} INFO - [2025-08-17T01:05:40.787+0000] {dag.py:3089} INFO - Sync 1 DAGs
[2025-08-17T01:05:40.813+0000] {logging_mixin.py:188} INFO - [2025-08-17T01:05:40.813+0000] {dag.py:3947} INFO - Setting next_dagrun for example_bash_operator to 2025-08-16 00:00:00+00:00, run_after=2025-08-17 00:00:00+00:00
[2025-08-17T01:05:40.837+0000] {processor.py:183} INFO - Processing /home/airflow/.local/lib/python3.12/site-packages/airflow/example_dags/example_bash_operator.py took 0.103 seconds
[2025-08-17T01:06:11.712+0000] {processor.py:161} INFO - Started process (PID=630) to work on /home/airflow/.local/lib/python3.12/site-packages/airflow/example_dags/example_bash_operator.py
[2025-08-17T01:06:11.714+0000] {processor.py:830} INFO - Processing file /home/airflow/.local/lib/python3.12/site-packages/airflow/example_dags/example_bash_operator.py for tasks to queue
[2025-08-17T01:06:11.716+0000] {logging_mixin.py:188} INFO - [2025-08-17T01:06:11.716+0000] {dagbag.py:545} INFO - Filling up the DagBag from /home/airflow/.local/lib/python3.12/site-packages/airflow/example_dags/example_bash_operator.py
[2025-08-17T01:06:11.730+0000] {processor.py:840} INFO - DAG(s) 'example_bash_operator' retrieved from /home/airflow/.local/lib/python3.12/site-packages/airflow/example_dags/example_bash_operator.py
[2025-08-17T01:06:11.764+0000] {logging_mixin.py:188} INFO - [2025-08-17T01:06:11.763+0000] {dag.py:3089} INFO - Sync 1 DAGs
[2025-08-17T01:06:11.791+0000] {logging_mixin.py:188} INFO - [2025-08-17T01:06:11.791+0000] {dag.py:3947} INFO - Setting next_dagrun for example_bash_operator to 2025-08-16 00:00:00+00:00, run_after=2025-08-17 00:00:00+00:00
[2025-08-17T01:06:11.812+0000] {processor.py:183} INFO - Processing /home/airflow/.local/lib/python3.12/site-packages/airflow/example_dags/example_bash_operator.py took 0.109 seconds
[2025-08-17T01:06:41.882+0000] {processor.py:161} INFO - Started process (PID=689) to work on /home/airflow/.local/lib/python3.12/site-packages/airflow/example_dags/example_bash_operator.py
[2025-08-17T01:06:41.883+0000] {processor.py:830} INFO - Processing file /home/airflow/.local/lib/python3.12/site-packages/airflow/example_dags/example_bash_operator.py for tasks to queue
[2025-08-17T01:06:41.886+0000] {logging_mixin.py:188} INFO - [2025-08-17T01:06:41.885+0000] {dagbag.py:545} INFO - Filling up the DagBag from /home/airflow/.local/lib/python3.12/site-packages/airflow/example_dags/example_bash_operator.py
[2025-08-17T01:06:41.898+0000] {processor.py:840} INFO - DAG(s) 'example_bash_operator' retrieved from /home/airflow/.local/lib/python3.12/site-packages/airflow/example_dags/example_bash_operator.py
[2025-08-17T01:06:41.933+0000] {logging_mixin.py:188} INFO - [2025-08-17T01:06:41.932+0000] {dag.py:3089} INFO - Sync 1 DAGs
[2025-08-17T01:06:41.960+0000] {logging_mixin.py:188} INFO - [2025-08-17T01:06:41.960+0000] {dag.py:3947} INFO - Setting next_dagrun for example_bash_operator to 2025-08-16 00:00:00+00:00, run_after=2025-08-17 00:00:00+00:00
[2025-08-17T01:06:41.983+0000] {processor.py:183} INFO - Processing /home/airflow/.local/lib/python3.12/site-packages/airflow/example_dags/example_bash_operator.py took 0.108 seconds
[2025-08-17T01:07:12.979+0000] {processor.py:161} INFO - Started process (PID=748) to work on /home/airflow/.local/lib/python3.12/site-packages/airflow/example_dags/example_bash_operator.py
[2025-08-17T01:07:12.980+0000] {processor.py:830} INFO - Processing file /home/airflow/.local/lib/python3.12/site-packages/airflow/example_dags/example_bash_operator.py for tasks to queue
[2025-08-17T01:07:12.982+0000] {logging_mixin.py:188} INFO - [2025-08-17T01:07:12.981+0000] {dagbag.py:545} INFO - Filling up the DagBag from /home/airflow/.local/lib/python3.12/site-packages/airflow/example_dags/example_bash_operator.py
[2025-08-17T01:07:12.992+0000] {processor.py:840} INFO - DAG(s) 'example_bash_operator' retrieved from /home/airflow/.local/lib/python3.12/site-packages/airflow/example_dags/example_bash_operator.py
[2025-08-17T01:07:13.019+0000] {logging_mixin.py:188} INFO - [2025-08-17T01:07:13.019+0000] {dag.py:3089} INFO - Sync 1 DAGs
[2025-08-17T01:07:13.041+0000] {logging_mixin.py:188} INFO - [2025-08-17T01:07:13.040+0000] {dag.py:3947} INFO - Setting next_dagrun for example_bash_operator to 2025-08-16 00:00:00+00:00, run_after=2025-08-17 00:00:00+00:00
[2025-08-17T01:07:13.058+0000] {processor.py:183} INFO - Processing /home/airflow/.local/lib/python3.12/site-packages/airflow/example_dags/example_bash_operator.py took 0.085 seconds
[2025-08-17T01:07:43.674+0000] {processor.py:161} INFO - Started process (PID=808) to work on /home/airflow/.local/lib/python3.12/site-packages/airflow/example_dags/example_bash_operator.py
[2025-08-17T01:07:43.675+0000] {processor.py:830} INFO - Processing file /home/airflow/.local/lib/python3.12/site-packages/airflow/example_dags/example_bash_operator.py for tasks to queue
[2025-08-17T01:07:43.679+0000] {logging_mixin.py:188} INFO - [2025-08-17T01:07:43.678+0000] {dagbag.py:545} INFO - Filling up the DagBag from /home/airflow/.local/lib/python3.12/site-packages/airflow/example_dags/example_bash_operator.py
[2025-08-17T01:07:43.691+0000] {processor.py:840} INFO - DAG(s) 'example_bash_operator' retrieved from /home/airflow/.local/lib/python3.12/site-packages/airflow/example_dags/example_bash_operator.py
[2025-08-17T01:07:43.724+0000] {logging_mixin.py:188} INFO - [2025-08-17T01:07:43.723+0000] {dag.py:3089} INFO - Sync 1 DAGs
[2025-08-17T01:07:43.751+0000] {logging_mixin.py:188} INFO - [2025-08-17T01:07:43.751+0000] {dag.py:3947} INFO - Setting next_dagrun for example_bash_operator to 2025-08-16 00:00:00+00:00, run_after=2025-08-17 00:00:00+00:00
[2025-08-17T01:07:43.772+0000] {processor.py:183} INFO - Processing /home/airflow/.local/lib/python3.12/site-packages/airflow/example_dags/example_bash_operator.py took 0.105 seconds
[2025-08-17T01:08:14.247+0000] {processor.py:161} INFO - Started process (PID=867) to work on /home/airflow/.local/lib/python3.12/site-packages/airflow/example_dags/example_bash_operator.py
[2025-08-17T01:08:14.248+0000] {processor.py:830} INFO - Processing file /home/airflow/.local/lib/python3.12/site-packages/airflow/example_dags/example_bash_operator.py for tasks to queue
[2025-08-17T01:08:14.251+0000] {logging_mixin.py:188} INFO - [2025-08-17T01:08:14.250+0000] {dagbag.py:545} INFO - Filling up the DagBag from /home/airflow/.local/lib/python3.12/site-packages/airflow/example_dags/example_bash_operator.py
[2025-08-17T01:08:14.261+0000] {processor.py:840} INFO - DAG(s) 'example_bash_operator' retrieved from /home/airflow/.local/lib/python3.12/site-packages/airflow/example_dags/example_bash_operator.py
[2025-08-17T01:08:14.288+0000] {logging_mixin.py:188} INFO - [2025-08-17T01:08:14.287+0000] {dag.py:3089} INFO - Sync 1 DAGs
[2025-08-17T01:08:14.311+0000] {logging_mixin.py:188} INFO - [2025-08-17T01:08:14.311+0000] {dag.py:3947} INFO - Setting next_dagrun for example_bash_operator to 2025-08-16 00:00:00+00:00, run_after=2025-08-17 00:00:00+00:00
[2025-08-17T01:08:14.331+0000] {processor.py:183} INFO - Processing /home/airflow/.local/lib/python3.12/site-packages/airflow/example_dags/example_bash_operator.py took 0.090 seconds
[2025-08-17T01:08:44.682+0000] {processor.py:161} INFO - Started process (PID=926) to work on /home/airflow/.local/lib/python3.12/site-packages/airflow/example_dags/example_bash_operator.py
[2025-08-17T01:08:44.683+0000] {processor.py:830} INFO - Processing file /home/airflow/.local/lib/python3.12/site-packages/airflow/example_dags/example_bash_operator.py for tasks to queue
[2025-08-17T01:08:44.685+0000] {logging_mixin.py:188} INFO - [2025-08-17T01:08:44.685+0000] {dagbag.py:545} INFO - Filling up the DagBag from /home/airflow/.local/lib/python3.12/site-packages/airflow/example_dags/example_bash_operator.py
[2025-08-17T01:08:44.696+0000] {processor.py:840} INFO - DAG(s) 'example_bash_operator' retrieved from /home/airflow/.local/lib/python3.12/site-packages/airflow/example_dags/example_bash_operator.py
[2025-08-17T01:08:44.725+0000] {logging_mixin.py:188} INFO - [2025-08-17T01:08:44.724+0000] {dag.py:3089} INFO - Sync 1 DAGs
[2025-08-17T01:08:44.746+0000] {logging_mixin.py:188} INFO - [2025-08-17T01:08:44.746+0000] {dag.py:3947} INFO - Setting next_dagrun for example_bash_operator to 2025-08-16 00:00:00+00:00, run_after=2025-08-17 00:00:00+00:00
[2025-08-17T01:08:44.761+0000] {processor.py:183} INFO - Processing /home/airflow/.local/lib/python3.12/site-packages/airflow/example_dags/example_bash_operator.py took 0.085 seconds
[2025-08-17T01:09:15.615+0000] {processor.py:161} INFO - Started process (PID=985) to work on /home/airflow/.local/lib/python3.12/site-packages/airflow/example_dags/example_bash_operator.py
[2025-08-17T01:09:15.616+0000] {processor.py:830} INFO - Processing file /home/airflow/.local/lib/python3.12/site-packages/airflow/example_dags/example_bash_operator.py for tasks to queue
[2025-08-17T01:09:15.618+0000] {logging_mixin.py:188} INFO - [2025-08-17T01:09:15.618+0000] {dagbag.py:545} INFO - Filling up the DagBag from /home/airflow/.local/lib/python3.12/site-packages/airflow/example_dags/example_bash_operator.py
[2025-08-17T01:09:15.630+0000] {processor.py:840} INFO - DAG(s) 'example_bash_operator' retrieved from /home/airflow/.local/lib/python3.12/site-packages/airflow/example_dags/example_bash_operator.py
[2025-08-17T01:09:15.660+0000] {logging_mixin.py:188} INFO - [2025-08-17T01:09:15.660+0000] {dag.py:3089} INFO - Sync 1 DAGs
[2025-08-17T01:09:15.684+0000] {logging_mixin.py:188} INFO - [2025-08-17T01:09:15.684+0000] {dag.py:3947} INFO - Setting next_dagrun for example_bash_operator to 2025-08-16 00:00:00+00:00, run_after=2025-08-17 00:00:00+00:00
[2025-08-17T01:09:15.708+0000] {processor.py:183} INFO - Processing /home/airflow/.local/lib/python3.12/site-packages/airflow/example_dags/example_bash_operator.py took 0.099 seconds
[2025-08-17T01:09:46.387+0000] {processor.py:161} INFO - Started process (PID=1044) to work on /home/airflow/.local/lib/python3.12/site-packages/airflow/example_dags/example_bash_operator.py
[2025-08-17T01:09:46.388+0000] {processor.py:830} INFO - Processing file /home/airflow/.local/lib/python3.12/site-packages/airflow/example_dags/example_bash_operator.py for tasks to queue
[2025-08-17T01:09:46.391+0000] {logging_mixin.py:188} INFO - [2025-08-17T01:09:46.391+0000] {dagbag.py:545} INFO - Filling up the DagBag from /home/airflow/.local/lib/python3.12/site-packages/airflow/example_dags/example_bash_operator.py
[2025-08-17T01:09:46.403+0000] {processor.py:840} INFO - DAG(s) 'example_bash_operator' retrieved from /home/airflow/.local/lib/python3.12/site-packages/airflow/example_dags/example_bash_operator.py
[2025-08-17T01:09:46.433+0000] {logging_mixin.py:188} INFO - [2025-08-17T01:09:46.432+0000] {dag.py:3089} INFO - Sync 1 DAGs
[2025-08-17T01:09:46.455+0000] {logging_mixin.py:188} INFO - [2025-08-17T01:09:46.455+0000] {dag.py:3947} INFO - Setting next_dagrun for example_bash_operator to 2025-08-16 00:00:00+00:00, run_after=2025-08-17 00:00:00+00:00
[2025-08-17T01:09:46.476+0000] {processor.py:183} INFO - Processing /home/airflow/.local/lib/python3.12/site-packages/airflow/example_dags/example_bash_operator.py took 0.097 seconds
[2025-08-17T01:10:16.603+0000] {processor.py:161} INFO - Started process (PID=1104) to work on /home/airflow/.local/lib/python3.12/site-packages/airflow/example_dags/example_bash_operator.py
[2025-08-17T01:10:16.604+0000] {processor.py:830} INFO - Processing file /home/airflow/.local/lib/python3.12/site-packages/airflow/example_dags/example_bash_operator.py for tasks to queue
[2025-08-17T01:10:16.607+0000] {logging_mixin.py:188} INFO - [2025-08-17T01:10:16.606+0000] {dagbag.py:545} INFO - Filling up the DagBag from /home/airflow/.local/lib/python3.12/site-packages/airflow/example_dags/example_bash_operator.py
[2025-08-17T01:10:16.618+0000] {processor.py:840} INFO - DAG(s) 'example_bash_operator' retrieved from /home/airflow/.local/lib/python3.12/site-packages/airflow/example_dags/example_bash_operator.py
[2025-08-17T01:10:16.645+0000] {logging_mixin.py:188} INFO - [2025-08-17T01:10:16.645+0000] {dag.py:3089} INFO - Sync 1 DAGs
[2025-08-17T01:10:16.667+0000] {logging_mixin.py:188} INFO - [2025-08-17T01:10:16.666+0000] {dag.py:3947} INFO - Setting next_dagrun for example_bash_operator to 2025-08-16 00:00:00+00:00, run_after=2025-08-17 00:00:00+00:00
[2025-08-17T01:10:16.684+0000] {processor.py:183} INFO - Processing /home/airflow/.local/lib/python3.12/site-packages/airflow/example_dags/example_bash_operator.py took 0.087 seconds
[2025-08-17T01:10:46.978+0000] {processor.py:161} INFO - Started process (PID=1163) to work on /home/airflow/.local/lib/python3.12/site-packages/airflow/example_dags/example_bash_operator.py
[2025-08-17T01:10:46.979+0000] {processor.py:830} INFO - Processing file /home/airflow/.local/lib/python3.12/site-packages/airflow/example_dags/example_bash_operator.py for tasks to queue
[2025-08-17T01:10:46.982+0000] {logging_mixin.py:188} INFO - [2025-08-17T01:10:46.981+0000] {dagbag.py:545} INFO - Filling up the DagBag from /home/airflow/.local/lib/python3.12/site-packages/airflow/example_dags/example_bash_operator.py
[2025-08-17T01:10:46.992+0000] {processor.py:840} INFO - DAG(s) 'example_bash_operator' retrieved from /home/airflow/.local/lib/python3.12/site-packages/airflow/example_dags/example_bash_operator.py
[2025-08-17T01:10:47.017+0000] {logging_mixin.py:188} INFO - [2025-08-17T01:10:47.016+0000] {dag.py:3089} INFO - Sync 1 DAGs
[2025-08-17T01:10:47.039+0000] {logging_mixin.py:188} INFO - [2025-08-17T01:10:47.039+0000] {dag.py:3947} INFO - Setting next_dagrun for example_bash_operator to 2025-08-16 00:00:00+00:00, run_after=2025-08-17 00:00:00+00:00
[2025-08-17T01:10:47.056+0000] {processor.py:183} INFO - Processing /home/airflow/.local/lib/python3.12/site-packages/airflow/example_dags/example_bash_operator.py took 0.084 seconds
[2025-08-17T01:11:17.343+0000] {processor.py:161} INFO - Started process (PID=1222) to work on /home/airflow/.local/lib/python3.12/site-packages/airflow/example_dags/example_bash_operator.py
[2025-08-17T01:11:17.344+0000] {processor.py:830} INFO - Processing file /home/airflow/.local/lib/python3.12/site-packages/airflow/example_dags/example_bash_operator.py for tasks to queue
[2025-08-17T01:11:17.347+0000] {logging_mixin.py:188} INFO - [2025-08-17T01:11:17.346+0000] {dagbag.py:545} INFO - Filling up the DagBag from /home/airflow/.local/lib/python3.12/site-packages/airflow/example_dags/example_bash_operator.py
[2025-08-17T01:11:17.358+0000] {processor.py:840} INFO - DAG(s) 'example_bash_operator' retrieved from /home/airflow/.local/lib/python3.12/site-packages/airflow/example_dags/example_bash_operator.py
[2025-08-17T01:11:17.383+0000] {logging_mixin.py:188} INFO - [2025-08-17T01:11:17.383+0000] {dag.py:3089} INFO - Sync 1 DAGs
[2025-08-17T01:11:17.404+0000] {logging_mixin.py:188} INFO - [2025-08-17T01:11:17.404+0000] {dag.py:3947} INFO - Setting next_dagrun for example_bash_operator to 2025-08-16 00:00:00+00:00, run_after=2025-08-17 00:00:00+00:00
[2025-08-17T01:11:17.420+0000] {processor.py:183} INFO - Processing /home/airflow/.local/lib/python3.12/site-packages/airflow/example_dags/example_bash_operator.py took 0.084 seconds
[2025-08-17T01:11:48.015+0000] {processor.py:161} INFO - Started process (PID=1281) to work on /home/airflow/.local/lib/python3.12/site-packages/airflow/example_dags/example_bash_operator.py
[2025-08-17T01:11:48.016+0000] {processor.py:830} INFO - Processing file /home/airflow/.local/lib/python3.12/site-packages/airflow/example_dags/example_bash_operator.py for tasks to queue
[2025-08-17T01:11:48.019+0000] {logging_mixin.py:188} INFO - [2025-08-17T01:11:48.019+0000] {dagbag.py:545} INFO - Filling up the DagBag from /home/airflow/.local/lib/python3.12/site-packages/airflow/example_dags/example_bash_operator.py
[2025-08-17T01:11:48.030+0000] {processor.py:840} INFO - DAG(s) 'example_bash_operator' retrieved from /home/airflow/.local/lib/python3.12/site-packages/airflow/example_dags/example_bash_operator.py
[2025-08-17T01:11:48.060+0000] {logging_mixin.py:188} INFO - [2025-08-17T01:11:48.059+0000] {dag.py:3089} INFO - Sync 1 DAGs
[2025-08-17T01:11:48.083+0000] {logging_mixin.py:188} INFO - [2025-08-17T01:11:48.082+0000] {dag.py:3947} INFO - Setting next_dagrun for example_bash_operator to 2025-08-16 00:00:00+00:00, run_after=2025-08-17 00:00:00+00:00
[2025-08-17T01:11:48.104+0000] {processor.py:183} INFO - Processing /home/airflow/.local/lib/python3.12/site-packages/airflow/example_dags/example_bash_operator.py took 0.094 seconds
[2025-08-17T01:12:18.587+0000] {processor.py:161} INFO - Started process (PID=1340) to work on /home/airflow/.local/lib/python3.12/site-packages/airflow/example_dags/example_bash_operator.py
[2025-08-17T01:12:18.589+0000] {processor.py:830} INFO - Processing file /home/airflow/.local/lib/python3.12/site-packages/airflow/example_dags/example_bash_operator.py for tasks to queue
[2025-08-17T01:12:18.591+0000] {logging_mixin.py:188} INFO - [2025-08-17T01:12:18.591+0000] {dagbag.py:545} INFO - Filling up the DagBag from /home/airflow/.local/lib/python3.12/site-packages/airflow/example_dags/example_bash_operator.py
[2025-08-17T01:12:18.604+0000] {processor.py:840} INFO - DAG(s) 'example_bash_operator' retrieved from /home/airflow/.local/lib/python3.12/site-packages/airflow/example_dags/example_bash_operator.py
[2025-08-17T01:12:18.634+0000] {logging_mixin.py:188} INFO - [2025-08-17T01:12:18.634+0000] {dag.py:3089} INFO - Sync 1 DAGs
[2025-08-17T01:12:18.658+0000] {logging_mixin.py:188} INFO - [2025-08-17T01:12:18.657+0000] {dag.py:3947} INFO - Setting next_dagrun for example_bash_operator to 2025-08-16 00:00:00+00:00, run_after=2025-08-17 00:00:00+00:00
[2025-08-17T01:12:18.676+0000] {processor.py:183} INFO - Processing /home/airflow/.local/lib/python3.12/site-packages/airflow/example_dags/example_bash_operator.py took 0.096 seconds
[2025-08-17T01:12:49.686+0000] {processor.py:161} INFO - Started process (PID=1399) to work on /home/airflow/.local/lib/python3.12/site-packages/airflow/example_dags/example_bash_operator.py
[2025-08-17T01:12:49.687+0000] {processor.py:830} INFO - Processing file /home/airflow/.local/lib/python3.12/site-packages/airflow/example_dags/example_bash_operator.py for tasks to queue
[2025-08-17T01:12:49.689+0000] {logging_mixin.py:188} INFO - [2025-08-17T01:12:49.688+0000] {dagbag.py:545} INFO - Filling up the DagBag from /home/airflow/.local/lib/python3.12/site-packages/airflow/example_dags/example_bash_operator.py
[2025-08-17T01:12:49.699+0000] {processor.py:840} INFO - DAG(s) 'example_bash_operator' retrieved from /home/airflow/.local/lib/python3.12/site-packages/airflow/example_dags/example_bash_operator.py
[2025-08-17T01:12:49.725+0000] {logging_mixin.py:188} INFO - [2025-08-17T01:12:49.725+0000] {dag.py:3089} INFO - Sync 1 DAGs
[2025-08-17T01:12:49.745+0000] {logging_mixin.py:188} INFO - [2025-08-17T01:12:49.745+0000] {dag.py:3947} INFO - Setting next_dagrun for example_bash_operator to 2025-08-16 00:00:00+00:00, run_after=2025-08-17 00:00:00+00:00
[2025-08-17T01:12:49.763+0000] {processor.py:183} INFO - Processing /home/airflow/.local/lib/python3.12/site-packages/airflow/example_dags/example_bash_operator.py took 0.083 seconds
[2025-08-17T01:13:19.964+0000] {processor.py:161} INFO - Started process (PID=1459) to work on /home/airflow/.local/lib/python3.12/site-packages/airflow/example_dags/example_bash_operator.py
[2025-08-17T01:13:19.965+0000] {processor.py:830} INFO - Processing file /home/airflow/.local/lib/python3.12/site-packages/airflow/example_dags/example_bash_operator.py for tasks to queue
[2025-08-17T01:13:19.967+0000] {logging_mixin.py:188} INFO - [2025-08-17T01:13:19.967+0000] {dagbag.py:545} INFO - Filling up the DagBag from /home/airflow/.local/lib/python3.12/site-packages/airflow/example_dags/example_bash_operator.py
[2025-08-17T01:13:19.978+0000] {processor.py:840} INFO - DAG(s) 'example_bash_operator' retrieved from /home/airflow/.local/lib/python3.12/site-packages/airflow/example_dags/example_bash_operator.py
[2025-08-17T01:13:20.011+0000] {logging_mixin.py:188} INFO - [2025-08-17T01:13:20.010+0000] {dag.py:3089} INFO - Sync 1 DAGs
[2025-08-17T01:13:20.038+0000] {logging_mixin.py:188} INFO - [2025-08-17T01:13:20.038+0000] {dag.py:3947} INFO - Setting next_dagrun for example_bash_operator to 2025-08-16 00:00:00+00:00, run_after=2025-08-17 00:00:00+00:00
[2025-08-17T01:13:20.061+0000] {processor.py:183} INFO - Processing /home/airflow/.local/lib/python3.12/site-packages/airflow/example_dags/example_bash_operator.py took 0.103 seconds
[2025-08-17T01:13:50.457+0000] {processor.py:161} INFO - Started process (PID=1518) to work on /home/airflow/.local/lib/python3.12/site-packages/airflow/example_dags/example_bash_operator.py
[2025-08-17T01:13:50.459+0000] {processor.py:830} INFO - Processing file /home/airflow/.local/lib/python3.12/site-packages/airflow/example_dags/example_bash_operator.py for tasks to queue
[2025-08-17T01:13:50.461+0000] {logging_mixin.py:188} INFO - [2025-08-17T01:13:50.461+0000] {dagbag.py:545} INFO - Filling up the DagBag from /home/airflow/.local/lib/python3.12/site-packages/airflow/example_dags/example_bash_operator.py
[2025-08-17T01:13:50.473+0000] {processor.py:840} INFO - DAG(s) 'example_bash_operator' retrieved from /home/airflow/.local/lib/python3.12/site-packages/airflow/example_dags/example_bash_operator.py
[2025-08-17T01:13:50.501+0000] {logging_mixin.py:188} INFO - [2025-08-17T01:13:50.500+0000] {dag.py:3089} INFO - Sync 1 DAGs
[2025-08-17T01:13:50.522+0000] {logging_mixin.py:188} INFO - [2025-08-17T01:13:50.522+0000] {dag.py:3947} INFO - Setting next_dagrun for example_bash_operator to 2025-08-16 00:00:00+00:00, run_after=2025-08-17 00:00:00+00:00
[2025-08-17T01:13:50.547+0000] {processor.py:183} INFO - Processing /home/airflow/.local/lib/python3.12/site-packages/airflow/example_dags/example_bash_operator.py took 0.096 seconds
[2025-08-17T01:14:21.190+0000] {processor.py:161} INFO - Started process (PID=1576) to work on /home/airflow/.local/lib/python3.12/site-packages/airflow/example_dags/example_bash_operator.py
[2025-08-17T01:14:21.191+0000] {processor.py:830} INFO - Processing file /home/airflow/.local/lib/python3.12/site-packages/airflow/example_dags/example_bash_operator.py for tasks to queue
[2025-08-17T01:14:21.194+0000] {logging_mixin.py:188} INFO - [2025-08-17T01:14:21.193+0000] {dagbag.py:545} INFO - Filling up the DagBag from /home/airflow/.local/lib/python3.12/site-packages/airflow/example_dags/example_bash_operator.py
[2025-08-17T01:14:21.205+0000] {processor.py:840} INFO - DAG(s) 'example_bash_operator' retrieved from /home/airflow/.local/lib/python3.12/site-packages/airflow/example_dags/example_bash_operator.py
[2025-08-17T01:14:21.237+0000] {logging_mixin.py:188} INFO - [2025-08-17T01:14:21.237+0000] {dag.py:3089} INFO - Sync 1 DAGs
[2025-08-17T01:14:21.262+0000] {logging_mixin.py:188} INFO - [2025-08-17T01:14:21.262+0000] {dag.py:3947} INFO - Setting next_dagrun for example_bash_operator to 2025-08-16 00:00:00+00:00, run_after=2025-08-17 00:00:00+00:00
[2025-08-17T01:14:21.283+0000] {processor.py:183} INFO - Processing /home/airflow/.local/lib/python3.12/site-packages/airflow/example_dags/example_bash_operator.py took 0.099 seconds
[2025-08-17T01:14:51.477+0000] {processor.py:161} INFO - Started process (PID=1635) to work on /home/airflow/.local/lib/python3.12/site-packages/airflow/example_dags/example_bash_operator.py
[2025-08-17T01:14:51.479+0000] {processor.py:830} INFO - Processing file /home/airflow/.local/lib/python3.12/site-packages/airflow/example_dags/example_bash_operator.py for tasks to queue
[2025-08-17T01:14:51.481+0000] {logging_mixin.py:188} INFO - [2025-08-17T01:14:51.481+0000] {dagbag.py:545} INFO - Filling up the DagBag from /home/airflow/.local/lib/python3.12/site-packages/airflow/example_dags/example_bash_operator.py
[2025-08-17T01:14:51.492+0000] {processor.py:840} INFO - DAG(s) 'example_bash_operator' retrieved from /home/airflow/.local/lib/python3.12/site-packages/airflow/example_dags/example_bash_operator.py
[2025-08-17T01:14:51.520+0000] {logging_mixin.py:188} INFO - [2025-08-17T01:14:51.520+0000] {dag.py:3089} INFO - Sync 1 DAGs
[2025-08-17T01:14:51.544+0000] {logging_mixin.py:188} INFO - [2025-08-17T01:14:51.544+0000] {dag.py:3947} INFO - Setting next_dagrun for example_bash_operator to 2025-08-16 00:00:00+00:00, run_after=2025-08-17 00:00:00+00:00
[2025-08-17T01:14:51.565+0000] {processor.py:183} INFO - Processing /home/airflow/.local/lib/python3.12/site-packages/airflow/example_dags/example_bash_operator.py took 0.094 seconds
[2025-08-17T01:15:21.751+0000] {processor.py:161} INFO - Started process (PID=1694) to work on /home/airflow/.local/lib/python3.12/site-packages/airflow/example_dags/example_bash_operator.py
[2025-08-17T01:15:21.752+0000] {processor.py:830} INFO - Processing file /home/airflow/.local/lib/python3.12/site-packages/airflow/example_dags/example_bash_operator.py for tasks to queue
[2025-08-17T01:15:21.755+0000] {logging_mixin.py:188} INFO - [2025-08-17T01:15:21.754+0000] {dagbag.py:545} INFO - Filling up the DagBag from /home/airflow/.local/lib/python3.12/site-packages/airflow/example_dags/example_bash_operator.py
[2025-08-17T01:15:21.765+0000] {processor.py:840} INFO - DAG(s) 'example_bash_operator' retrieved from /home/airflow/.local/lib/python3.12/site-packages/airflow/example_dags/example_bash_operator.py
[2025-08-17T01:15:21.793+0000] {logging_mixin.py:188} INFO - [2025-08-17T01:15:21.793+0000] {dag.py:3089} INFO - Sync 1 DAGs
[2025-08-17T01:15:21.817+0000] {logging_mixin.py:188} INFO - [2025-08-17T01:15:21.817+0000] {dag.py:3947} INFO - Setting next_dagrun for example_bash_operator to 2025-08-16 00:00:00+00:00, run_after=2025-08-17 00:00:00+00:00
[2025-08-17T01:15:21.837+0000] {processor.py:183} INFO - Processing /home/airflow/.local/lib/python3.12/site-packages/airflow/example_dags/example_bash_operator.py took 0.092 seconds
[2025-08-17T01:15:53.411+0000] {processor.py:161} INFO - Started process (PID=1753) to work on /home/airflow/.local/lib/python3.12/site-packages/airflow/example_dags/example_bash_operator.py
[2025-08-17T01:15:53.413+0000] {processor.py:830} INFO - Processing file /home/airflow/.local/lib/python3.12/site-packages/airflow/example_dags/example_bash_operator.py for tasks to queue
[2025-08-17T01:15:53.417+0000] {logging_mixin.py:188} INFO - [2025-08-17T01:15:53.416+0000] {dagbag.py:545} INFO - Filling up the DagBag from /home/airflow/.local/lib/python3.12/site-packages/airflow/example_dags/example_bash_operator.py
[2025-08-17T01:15:53.438+0000] {processor.py:840} INFO - DAG(s) 'example_bash_operator' retrieved from /home/airflow/.local/lib/python3.12/site-packages/airflow/example_dags/example_bash_operator.py
[2025-08-17T01:15:53.485+0000] {logging_mixin.py:188} INFO - [2025-08-17T01:15:53.485+0000] {dag.py:3089} INFO - Sync 1 DAGs
[2025-08-17T01:15:53.712+0000] {logging_mixin.py:188} INFO - [2025-08-17T01:15:53.712+0000] {dag.py:3947} INFO - Setting next_dagrun for example_bash_operator to 2025-08-16 00:00:00+00:00, run_after=2025-08-17 00:00:00+00:00
[2025-08-17T01:15:53.736+0000] {processor.py:183} INFO - Processing /home/airflow/.local/lib/python3.12/site-packages/airflow/example_dags/example_bash_operator.py took 0.335 seconds
[2025-08-17T01:16:23.929+0000] {processor.py:161} INFO - Started process (PID=1812) to work on /home/airflow/.local/lib/python3.12/site-packages/airflow/example_dags/example_bash_operator.py
[2025-08-17T01:16:23.931+0000] {processor.py:830} INFO - Processing file /home/airflow/.local/lib/python3.12/site-packages/airflow/example_dags/example_bash_operator.py for tasks to queue
[2025-08-17T01:16:23.933+0000] {logging_mixin.py:188} INFO - [2025-08-17T01:16:23.932+0000] {dagbag.py:545} INFO - Filling up the DagBag from /home/airflow/.local/lib/python3.12/site-packages/airflow/example_dags/example_bash_operator.py
[2025-08-17T01:16:23.944+0000] {processor.py:840} INFO - DAG(s) 'example_bash_operator' retrieved from /home/airflow/.local/lib/python3.12/site-packages/airflow/example_dags/example_bash_operator.py
[2025-08-17T01:16:23.975+0000] {logging_mixin.py:188} INFO - [2025-08-17T01:16:23.975+0000] {dag.py:3089} INFO - Sync 1 DAGs
[2025-08-17T01:16:24.173+0000] {logging_mixin.py:188} INFO - [2025-08-17T01:16:24.173+0000] {dag.py:3947} INFO - Setting next_dagrun for example_bash_operator to 2025-08-16 00:00:00+00:00, run_after=2025-08-17 00:00:00+00:00
[2025-08-17T01:16:24.193+0000] {processor.py:183} INFO - Processing /home/airflow/.local/lib/python3.12/site-packages/airflow/example_dags/example_bash_operator.py took 0.269 seconds
[2025-08-17T01:17:41.848+0000] {processor.py:161} INFO - Started process (PID=105) to work on /home/airflow/.local/lib/python3.12/site-packages/airflow/example_dags/example_bash_operator.py
[2025-08-17T01:17:41.849+0000] {processor.py:830} INFO - Processing file /home/airflow/.local/lib/python3.12/site-packages/airflow/example_dags/example_bash_operator.py for tasks to queue
[2025-08-17T01:17:41.853+0000] {logging_mixin.py:188} INFO - [2025-08-17T01:17:41.852+0000] {dagbag.py:545} INFO - Filling up the DagBag from /home/airflow/.local/lib/python3.12/site-packages/airflow/example_dags/example_bash_operator.py
[2025-08-17T01:17:41.870+0000] {processor.py:840} INFO - DAG(s) 'example_bash_operator' retrieved from /home/airflow/.local/lib/python3.12/site-packages/airflow/example_dags/example_bash_operator.py
[2025-08-17T01:17:42.021+0000] {logging_mixin.py:188} INFO - [2025-08-17T01:17:42.020+0000] {dag.py:3089} INFO - Sync 1 DAGs
[2025-08-17T01:17:42.049+0000] {logging_mixin.py:188} INFO - [2025-08-17T01:17:42.049+0000] {dag.py:3947} INFO - Setting next_dagrun for example_bash_operator to 2025-08-16 00:00:00+00:00, run_after=2025-08-17 00:00:00+00:00
[2025-08-17T01:17:42.078+0000] {processor.py:183} INFO - Processing /home/airflow/.local/lib/python3.12/site-packages/airflow/example_dags/example_bash_operator.py took 0.239 seconds
[2025-08-17T01:18:12.836+0000] {processor.py:161} INFO - Started process (PID=164) to work on /home/airflow/.local/lib/python3.12/site-packages/airflow/example_dags/example_bash_operator.py
[2025-08-17T01:18:12.838+0000] {processor.py:830} INFO - Processing file /home/airflow/.local/lib/python3.12/site-packages/airflow/example_dags/example_bash_operator.py for tasks to queue
[2025-08-17T01:18:12.840+0000] {logging_mixin.py:188} INFO - [2025-08-17T01:18:12.840+0000] {dagbag.py:545} INFO - Filling up the DagBag from /home/airflow/.local/lib/python3.12/site-packages/airflow/example_dags/example_bash_operator.py
[2025-08-17T01:18:12.853+0000] {processor.py:840} INFO - DAG(s) 'example_bash_operator' retrieved from /home/airflow/.local/lib/python3.12/site-packages/airflow/example_dags/example_bash_operator.py
[2025-08-17T01:18:12.894+0000] {logging_mixin.py:188} INFO - [2025-08-17T01:18:12.894+0000] {dag.py:3089} INFO - Sync 1 DAGs
[2025-08-17T01:18:12.929+0000] {logging_mixin.py:188} INFO - [2025-08-17T01:18:12.929+0000] {dag.py:3947} INFO - Setting next_dagrun for example_bash_operator to 2025-08-16 00:00:00+00:00, run_after=2025-08-17 00:00:00+00:00
[2025-08-17T01:18:12.957+0000] {processor.py:183} INFO - Processing /home/airflow/.local/lib/python3.12/site-packages/airflow/example_dags/example_bash_operator.py took 0.127 seconds
[2025-08-17T01:18:43.702+0000] {processor.py:161} INFO - Started process (PID=223) to work on /home/airflow/.local/lib/python3.12/site-packages/airflow/example_dags/example_bash_operator.py
[2025-08-17T01:18:43.704+0000] {processor.py:830} INFO - Processing file /home/airflow/.local/lib/python3.12/site-packages/airflow/example_dags/example_bash_operator.py for tasks to queue
[2025-08-17T01:18:43.706+0000] {logging_mixin.py:188} INFO - [2025-08-17T01:18:43.706+0000] {dagbag.py:545} INFO - Filling up the DagBag from /home/airflow/.local/lib/python3.12/site-packages/airflow/example_dags/example_bash_operator.py
[2025-08-17T01:18:43.718+0000] {processor.py:840} INFO - DAG(s) 'example_bash_operator' retrieved from /home/airflow/.local/lib/python3.12/site-packages/airflow/example_dags/example_bash_operator.py
[2025-08-17T01:18:43.746+0000] {logging_mixin.py:188} INFO - [2025-08-17T01:18:43.746+0000] {dag.py:3089} INFO - Sync 1 DAGs
[2025-08-17T01:18:43.768+0000] {logging_mixin.py:188} INFO - [2025-08-17T01:18:43.768+0000] {dag.py:3947} INFO - Setting next_dagrun for example_bash_operator to 2025-08-16 00:00:00+00:00, run_after=2025-08-17 00:00:00+00:00
[2025-08-17T01:18:43.789+0000] {processor.py:183} INFO - Processing /home/airflow/.local/lib/python3.12/site-packages/airflow/example_dags/example_bash_operator.py took 0.094 seconds
[2025-08-17T01:19:13.919+0000] {processor.py:161} INFO - Started process (PID=282) to work on /home/airflow/.local/lib/python3.12/site-packages/airflow/example_dags/example_bash_operator.py
[2025-08-17T01:19:13.921+0000] {processor.py:830} INFO - Processing file /home/airflow/.local/lib/python3.12/site-packages/airflow/example_dags/example_bash_operator.py for tasks to queue
[2025-08-17T01:19:13.923+0000] {logging_mixin.py:188} INFO - [2025-08-17T01:19:13.923+0000] {dagbag.py:545} INFO - Filling up the DagBag from /home/airflow/.local/lib/python3.12/site-packages/airflow/example_dags/example_bash_operator.py
[2025-08-17T01:19:13.935+0000] {processor.py:840} INFO - DAG(s) 'example_bash_operator' retrieved from /home/airflow/.local/lib/python3.12/site-packages/airflow/example_dags/example_bash_operator.py
[2025-08-17T01:19:13.964+0000] {logging_mixin.py:188} INFO - [2025-08-17T01:19:13.964+0000] {dag.py:3089} INFO - Sync 1 DAGs
[2025-08-17T01:19:13.986+0000] {logging_mixin.py:188} INFO - [2025-08-17T01:19:13.986+0000] {dag.py:3947} INFO - Setting next_dagrun for example_bash_operator to 2025-08-16 00:00:00+00:00, run_after=2025-08-17 00:00:00+00:00
[2025-08-17T01:19:14.006+0000] {processor.py:183} INFO - Processing /home/airflow/.local/lib/python3.12/site-packages/airflow/example_dags/example_bash_operator.py took 0.093 seconds
[2025-08-17T01:19:44.056+0000] {processor.py:161} INFO - Started process (PID=341) to work on /home/airflow/.local/lib/python3.12/site-packages/airflow/example_dags/example_bash_operator.py
[2025-08-17T01:19:44.057+0000] {processor.py:830} INFO - Processing file /home/airflow/.local/lib/python3.12/site-packages/airflow/example_dags/example_bash_operator.py for tasks to queue
[2025-08-17T01:19:44.059+0000] {logging_mixin.py:188} INFO - [2025-08-17T01:19:44.059+0000] {dagbag.py:545} INFO - Filling up the DagBag from /home/airflow/.local/lib/python3.12/site-packages/airflow/example_dags/example_bash_operator.py
[2025-08-17T01:19:44.074+0000] {processor.py:840} INFO - DAG(s) 'example_bash_operator' retrieved from /home/airflow/.local/lib/python3.12/site-packages/airflow/example_dags/example_bash_operator.py
[2025-08-17T01:19:44.102+0000] {logging_mixin.py:188} INFO - [2025-08-17T01:19:44.102+0000] {dag.py:3089} INFO - Sync 1 DAGs
[2025-08-17T01:19:44.128+0000] {logging_mixin.py:188} INFO - [2025-08-17T01:19:44.127+0000] {dag.py:3947} INFO - Setting next_dagrun for example_bash_operator to 2025-08-16 00:00:00+00:00, run_after=2025-08-17 00:00:00+00:00
[2025-08-17T01:19:44.148+0000] {processor.py:183} INFO - Processing /home/airflow/.local/lib/python3.12/site-packages/airflow/example_dags/example_bash_operator.py took 0.099 seconds
[2025-08-17T01:20:14.361+0000] {processor.py:161} INFO - Started process (PID=401) to work on /home/airflow/.local/lib/python3.12/site-packages/airflow/example_dags/example_bash_operator.py
[2025-08-17T01:20:14.363+0000] {processor.py:830} INFO - Processing file /home/airflow/.local/lib/python3.12/site-packages/airflow/example_dags/example_bash_operator.py for tasks to queue
[2025-08-17T01:20:14.366+0000] {logging_mixin.py:188} INFO - [2025-08-17T01:20:14.365+0000] {dagbag.py:545} INFO - Filling up the DagBag from /home/airflow/.local/lib/python3.12/site-packages/airflow/example_dags/example_bash_operator.py
[2025-08-17T01:20:14.377+0000] {processor.py:840} INFO - DAG(s) 'example_bash_operator' retrieved from /home/airflow/.local/lib/python3.12/site-packages/airflow/example_dags/example_bash_operator.py
[2025-08-17T01:20:14.409+0000] {logging_mixin.py:188} INFO - [2025-08-17T01:20:14.408+0000] {dag.py:3089} INFO - Sync 1 DAGs
[2025-08-17T01:20:14.432+0000] {logging_mixin.py:188} INFO - [2025-08-17T01:20:14.432+0000] {dag.py:3947} INFO - Setting next_dagrun for example_bash_operator to 2025-08-16 00:00:00+00:00, run_after=2025-08-17 00:00:00+00:00
[2025-08-17T01:20:14.452+0000] {processor.py:183} INFO - Processing /home/airflow/.local/lib/python3.12/site-packages/airflow/example_dags/example_bash_operator.py took 0.097 seconds
[2025-08-17T01:20:44.513+0000] {processor.py:161} INFO - Started process (PID=461) to work on /home/airflow/.local/lib/python3.12/site-packages/airflow/example_dags/example_bash_operator.py
[2025-08-17T01:20:44.514+0000] {processor.py:830} INFO - Processing file /home/airflow/.local/lib/python3.12/site-packages/airflow/example_dags/example_bash_operator.py for tasks to queue
[2025-08-17T01:20:44.516+0000] {logging_mixin.py:188} INFO - [2025-08-17T01:20:44.516+0000] {dagbag.py:545} INFO - Filling up the DagBag from /home/airflow/.local/lib/python3.12/site-packages/airflow/example_dags/example_bash_operator.py
[2025-08-17T01:20:44.529+0000] {processor.py:840} INFO - DAG(s) 'example_bash_operator' retrieved from /home/airflow/.local/lib/python3.12/site-packages/airflow/example_dags/example_bash_operator.py
[2025-08-17T01:20:44.557+0000] {logging_mixin.py:188} INFO - [2025-08-17T01:20:44.557+0000] {dag.py:3089} INFO - Sync 1 DAGs
[2025-08-17T01:20:44.577+0000] {logging_mixin.py:188} INFO - [2025-08-17T01:20:44.577+0000] {dag.py:3947} INFO - Setting next_dagrun for example_bash_operator to 2025-08-16 00:00:00+00:00, run_after=2025-08-17 00:00:00+00:00
[2025-08-17T01:20:44.594+0000] {processor.py:183} INFO - Processing /home/airflow/.local/lib/python3.12/site-packages/airflow/example_dags/example_bash_operator.py took 0.087 seconds
[2025-08-17T01:21:15.114+0000] {processor.py:161} INFO - Started process (PID=520) to work on /home/airflow/.local/lib/python3.12/site-packages/airflow/example_dags/example_bash_operator.py
[2025-08-17T01:21:15.116+0000] {processor.py:830} INFO - Processing file /home/airflow/.local/lib/python3.12/site-packages/airflow/example_dags/example_bash_operator.py for tasks to queue
[2025-08-17T01:21:15.118+0000] {logging_mixin.py:188} INFO - [2025-08-17T01:21:15.118+0000] {dagbag.py:545} INFO - Filling up the DagBag from /home/airflow/.local/lib/python3.12/site-packages/airflow/example_dags/example_bash_operator.py
[2025-08-17T01:21:15.130+0000] {processor.py:840} INFO - DAG(s) 'example_bash_operator' retrieved from /home/airflow/.local/lib/python3.12/site-packages/airflow/example_dags/example_bash_operator.py
[2025-08-17T01:21:15.158+0000] {logging_mixin.py:188} INFO - [2025-08-17T01:21:15.157+0000] {dag.py:3089} INFO - Sync 1 DAGs
[2025-08-17T01:21:15.177+0000] {logging_mixin.py:188} INFO - [2025-08-17T01:21:15.177+0000] {dag.py:3947} INFO - Setting next_dagrun for example_bash_operator to 2025-08-16 00:00:00+00:00, run_after=2025-08-17 00:00:00+00:00
[2025-08-17T01:21:15.195+0000] {processor.py:183} INFO - Processing /home/airflow/.local/lib/python3.12/site-packages/airflow/example_dags/example_bash_operator.py took 0.087 seconds
[2025-08-17T01:21:45.648+0000] {processor.py:161} INFO - Started process (PID=579) to work on /home/airflow/.local/lib/python3.12/site-packages/airflow/example_dags/example_bash_operator.py
[2025-08-17T01:21:45.650+0000] {processor.py:830} INFO - Processing file /home/airflow/.local/lib/python3.12/site-packages/airflow/example_dags/example_bash_operator.py for tasks to queue
[2025-08-17T01:21:45.653+0000] {logging_mixin.py:188} INFO - [2025-08-17T01:21:45.652+0000] {dagbag.py:545} INFO - Filling up the DagBag from /home/airflow/.local/lib/python3.12/site-packages/airflow/example_dags/example_bash_operator.py
[2025-08-17T01:21:45.664+0000] {processor.py:840} INFO - DAG(s) 'example_bash_operator' retrieved from /home/airflow/.local/lib/python3.12/site-packages/airflow/example_dags/example_bash_operator.py
[2025-08-17T01:21:45.695+0000] {logging_mixin.py:188} INFO - [2025-08-17T01:21:45.694+0000] {dag.py:3089} INFO - Sync 1 DAGs
[2025-08-17T01:21:45.716+0000] {logging_mixin.py:188} INFO - [2025-08-17T01:21:45.715+0000] {dag.py:3947} INFO - Setting next_dagrun for example_bash_operator to 2025-08-16 00:00:00+00:00, run_after=2025-08-17 00:00:00+00:00
[2025-08-17T01:21:45.735+0000] {processor.py:183} INFO - Processing /home/airflow/.local/lib/python3.12/site-packages/airflow/example_dags/example_bash_operator.py took 0.093 seconds
[2025-08-17T01:22:16.137+0000] {processor.py:161} INFO - Started process (PID=639) to work on /home/airflow/.local/lib/python3.12/site-packages/airflow/example_dags/example_bash_operator.py
[2025-08-17T01:22:16.138+0000] {processor.py:830} INFO - Processing file /home/airflow/.local/lib/python3.12/site-packages/airflow/example_dags/example_bash_operator.py for tasks to queue
[2025-08-17T01:22:16.141+0000] {logging_mixin.py:188} INFO - [2025-08-17T01:22:16.140+0000] {dagbag.py:545} INFO - Filling up the DagBag from /home/airflow/.local/lib/python3.12/site-packages/airflow/example_dags/example_bash_operator.py
[2025-08-17T01:22:16.151+0000] {processor.py:840} INFO - DAG(s) 'example_bash_operator' retrieved from /home/airflow/.local/lib/python3.12/site-packages/airflow/example_dags/example_bash_operator.py
[2025-08-17T01:22:16.180+0000] {logging_mixin.py:188} INFO - [2025-08-17T01:22:16.180+0000] {dag.py:3089} INFO - Sync 1 DAGs
[2025-08-17T01:22:16.202+0000] {logging_mixin.py:188} INFO - [2025-08-17T01:22:16.202+0000] {dag.py:3947} INFO - Setting next_dagrun for example_bash_operator to 2025-08-16 00:00:00+00:00, run_after=2025-08-17 00:00:00+00:00
[2025-08-17T01:22:16.221+0000] {processor.py:183} INFO - Processing /home/airflow/.local/lib/python3.12/site-packages/airflow/example_dags/example_bash_operator.py took 0.090 seconds
[2025-08-17T01:22:46.265+0000] {processor.py:161} INFO - Started process (PID=698) to work on /home/airflow/.local/lib/python3.12/site-packages/airflow/example_dags/example_bash_operator.py
[2025-08-17T01:22:46.266+0000] {processor.py:830} INFO - Processing file /home/airflow/.local/lib/python3.12/site-packages/airflow/example_dags/example_bash_operator.py for tasks to queue
[2025-08-17T01:22:46.268+0000] {logging_mixin.py:188} INFO - [2025-08-17T01:22:46.268+0000] {dagbag.py:545} INFO - Filling up the DagBag from /home/airflow/.local/lib/python3.12/site-packages/airflow/example_dags/example_bash_operator.py
[2025-08-17T01:22:46.279+0000] {processor.py:840} INFO - DAG(s) 'example_bash_operator' retrieved from /home/airflow/.local/lib/python3.12/site-packages/airflow/example_dags/example_bash_operator.py
[2025-08-17T01:22:46.307+0000] {logging_mixin.py:188} INFO - [2025-08-17T01:22:46.306+0000] {dag.py:3089} INFO - Sync 1 DAGs
[2025-08-17T01:22:46.329+0000] {logging_mixin.py:188} INFO - [2025-08-17T01:22:46.329+0000] {dag.py:3947} INFO - Setting next_dagrun for example_bash_operator to 2025-08-16 00:00:00+00:00, run_after=2025-08-17 00:00:00+00:00
[2025-08-17T01:22:46.346+0000] {processor.py:183} INFO - Processing /home/airflow/.local/lib/python3.12/site-packages/airflow/example_dags/example_bash_operator.py took 0.087 seconds
[2025-08-17T01:23:16.651+0000] {processor.py:161} INFO - Started process (PID=756) to work on /home/airflow/.local/lib/python3.12/site-packages/airflow/example_dags/example_bash_operator.py
[2025-08-17T01:23:16.652+0000] {processor.py:830} INFO - Processing file /home/airflow/.local/lib/python3.12/site-packages/airflow/example_dags/example_bash_operator.py for tasks to queue
[2025-08-17T01:23:16.655+0000] {logging_mixin.py:188} INFO - [2025-08-17T01:23:16.655+0000] {dagbag.py:545} INFO - Filling up the DagBag from /home/airflow/.local/lib/python3.12/site-packages/airflow/example_dags/example_bash_operator.py
[2025-08-17T01:23:16.668+0000] {processor.py:840} INFO - DAG(s) 'example_bash_operator' retrieved from /home/airflow/.local/lib/python3.12/site-packages/airflow/example_dags/example_bash_operator.py
[2025-08-17T01:23:16.702+0000] {logging_mixin.py:188} INFO - [2025-08-17T01:23:16.702+0000] {dag.py:3089} INFO - Sync 1 DAGs
[2025-08-17T01:23:16.729+0000] {logging_mixin.py:188} INFO - [2025-08-17T01:23:16.728+0000] {dag.py:3947} INFO - Setting next_dagrun for example_bash_operator to 2025-08-16 00:00:00+00:00, run_after=2025-08-17 00:00:00+00:00
[2025-08-17T01:23:16.754+0000] {processor.py:183} INFO - Processing /home/airflow/.local/lib/python3.12/site-packages/airflow/example_dags/example_bash_operator.py took 0.111 seconds
[2025-08-17T01:23:47.178+0000] {processor.py:161} INFO - Started process (PID=815) to work on /home/airflow/.local/lib/python3.12/site-packages/airflow/example_dags/example_bash_operator.py
[2025-08-17T01:23:47.180+0000] {processor.py:830} INFO - Processing file /home/airflow/.local/lib/python3.12/site-packages/airflow/example_dags/example_bash_operator.py for tasks to queue
[2025-08-17T01:23:47.182+0000] {logging_mixin.py:188} INFO - [2025-08-17T01:23:47.182+0000] {dagbag.py:545} INFO - Filling up the DagBag from /home/airflow/.local/lib/python3.12/site-packages/airflow/example_dags/example_bash_operator.py
[2025-08-17T01:23:47.194+0000] {processor.py:840} INFO - DAG(s) 'example_bash_operator' retrieved from /home/airflow/.local/lib/python3.12/site-packages/airflow/example_dags/example_bash_operator.py
[2025-08-17T01:23:47.223+0000] {logging_mixin.py:188} INFO - [2025-08-17T01:23:47.222+0000] {dag.py:3089} INFO - Sync 1 DAGs
[2025-08-17T01:23:47.246+0000] {logging_mixin.py:188} INFO - [2025-08-17T01:23:47.245+0000] {dag.py:3947} INFO - Setting next_dagrun for example_bash_operator to 2025-08-16 00:00:00+00:00, run_after=2025-08-17 00:00:00+00:00
[2025-08-17T01:23:47.265+0000] {processor.py:183} INFO - Processing /home/airflow/.local/lib/python3.12/site-packages/airflow/example_dags/example_bash_operator.py took 0.093 seconds
[2025-08-17T01:24:17.740+0000] {processor.py:161} INFO - Started process (PID=874) to work on /home/airflow/.local/lib/python3.12/site-packages/airflow/example_dags/example_bash_operator.py
[2025-08-17T01:24:17.742+0000] {processor.py:830} INFO - Processing file /home/airflow/.local/lib/python3.12/site-packages/airflow/example_dags/example_bash_operator.py for tasks to queue
[2025-08-17T01:24:17.745+0000] {logging_mixin.py:188} INFO - [2025-08-17T01:24:17.744+0000] {dagbag.py:545} INFO - Filling up the DagBag from /home/airflow/.local/lib/python3.12/site-packages/airflow/example_dags/example_bash_operator.py
[2025-08-17T01:24:17.760+0000] {processor.py:840} INFO - DAG(s) 'example_bash_operator' retrieved from /home/airflow/.local/lib/python3.12/site-packages/airflow/example_dags/example_bash_operator.py
[2025-08-17T01:24:17.792+0000] {logging_mixin.py:188} INFO - [2025-08-17T01:24:17.792+0000] {dag.py:3089} INFO - Sync 1 DAGs
[2025-08-17T01:24:17.818+0000] {logging_mixin.py:188} INFO - [2025-08-17T01:24:17.817+0000] {dag.py:3947} INFO - Setting next_dagrun for example_bash_operator to 2025-08-16 00:00:00+00:00, run_after=2025-08-17 00:00:00+00:00
[2025-08-17T01:24:17.839+0000] {processor.py:183} INFO - Processing /home/airflow/.local/lib/python3.12/site-packages/airflow/example_dags/example_bash_operator.py took 0.105 seconds
[2025-08-17T01:24:48.238+0000] {processor.py:161} INFO - Started process (PID=933) to work on /home/airflow/.local/lib/python3.12/site-packages/airflow/example_dags/example_bash_operator.py
[2025-08-17T01:24:48.239+0000] {processor.py:830} INFO - Processing file /home/airflow/.local/lib/python3.12/site-packages/airflow/example_dags/example_bash_operator.py for tasks to queue
[2025-08-17T01:24:48.241+0000] {logging_mixin.py:188} INFO - [2025-08-17T01:24:48.241+0000] {dagbag.py:545} INFO - Filling up the DagBag from /home/airflow/.local/lib/python3.12/site-packages/airflow/example_dags/example_bash_operator.py
[2025-08-17T01:24:48.251+0000] {processor.py:840} INFO - DAG(s) 'example_bash_operator' retrieved from /home/airflow/.local/lib/python3.12/site-packages/airflow/example_dags/example_bash_operator.py
[2025-08-17T01:24:48.279+0000] {logging_mixin.py:188} INFO - [2025-08-17T01:24:48.278+0000] {dag.py:3089} INFO - Sync 1 DAGs
[2025-08-17T01:24:48.302+0000] {logging_mixin.py:188} INFO - [2025-08-17T01:24:48.302+0000] {dag.py:3947} INFO - Setting next_dagrun for example_bash_operator to 2025-08-16 00:00:00+00:00, run_after=2025-08-17 00:00:00+00:00
[2025-08-17T01:24:48.321+0000] {processor.py:183} INFO - Processing /home/airflow/.local/lib/python3.12/site-packages/airflow/example_dags/example_bash_operator.py took 0.088 seconds
[2025-08-17T01:25:18.499+0000] {processor.py:161} INFO - Started process (PID=992) to work on /home/airflow/.local/lib/python3.12/site-packages/airflow/example_dags/example_bash_operator.py
[2025-08-17T01:25:18.500+0000] {processor.py:830} INFO - Processing file /home/airflow/.local/lib/python3.12/site-packages/airflow/example_dags/example_bash_operator.py for tasks to queue
[2025-08-17T01:25:18.502+0000] {logging_mixin.py:188} INFO - [2025-08-17T01:25:18.502+0000] {dagbag.py:545} INFO - Filling up the DagBag from /home/airflow/.local/lib/python3.12/site-packages/airflow/example_dags/example_bash_operator.py
[2025-08-17T01:25:18.515+0000] {processor.py:840} INFO - DAG(s) 'example_bash_operator' retrieved from /home/airflow/.local/lib/python3.12/site-packages/airflow/example_dags/example_bash_operator.py
[2025-08-17T01:25:18.545+0000] {logging_mixin.py:188} INFO - [2025-08-17T01:25:18.545+0000] {dag.py:3089} INFO - Sync 1 DAGs
[2025-08-17T01:25:18.574+0000] {logging_mixin.py:188} INFO - [2025-08-17T01:25:18.574+0000] {dag.py:3947} INFO - Setting next_dagrun for example_bash_operator to 2025-08-16 00:00:00+00:00, run_after=2025-08-17 00:00:00+00:00
[2025-08-17T01:25:18.601+0000] {processor.py:183} INFO - Processing /home/airflow/.local/lib/python3.12/site-packages/airflow/example_dags/example_bash_operator.py took 0.108 seconds
[2025-08-17T01:26:43.908+0000] {processor.py:161} INFO - Started process (PID=105) to work on /home/airflow/.local/lib/python3.12/site-packages/airflow/example_dags/example_bash_operator.py
[2025-08-17T01:26:43.910+0000] {processor.py:830} INFO - Processing file /home/airflow/.local/lib/python3.12/site-packages/airflow/example_dags/example_bash_operator.py for tasks to queue
[2025-08-17T01:26:43.912+0000] {logging_mixin.py:188} INFO - [2025-08-17T01:26:43.912+0000] {dagbag.py:545} INFO - Filling up the DagBag from /home/airflow/.local/lib/python3.12/site-packages/airflow/example_dags/example_bash_operator.py
[2025-08-17T01:26:43.928+0000] {processor.py:840} INFO - DAG(s) 'example_bash_operator' retrieved from /home/airflow/.local/lib/python3.12/site-packages/airflow/example_dags/example_bash_operator.py
[2025-08-17T01:26:44.077+0000] {logging_mixin.py:188} INFO - [2025-08-17T01:26:44.077+0000] {dag.py:3089} INFO - Sync 1 DAGs
[2025-08-17T01:26:44.106+0000] {logging_mixin.py:188} INFO - [2025-08-17T01:26:44.105+0000] {dag.py:3947} INFO - Setting next_dagrun for example_bash_operator to 2025-08-16 00:00:00+00:00, run_after=2025-08-17 00:00:00+00:00
[2025-08-17T01:26:44.131+0000] {processor.py:183} INFO - Processing /home/airflow/.local/lib/python3.12/site-packages/airflow/example_dags/example_bash_operator.py took 0.230 seconds
[2025-08-17T01:27:14.490+0000] {processor.py:161} INFO - Started process (PID=164) to work on /home/airflow/.local/lib/python3.12/site-packages/airflow/example_dags/example_bash_operator.py
[2025-08-17T01:27:14.491+0000] {processor.py:830} INFO - Processing file /home/airflow/.local/lib/python3.12/site-packages/airflow/example_dags/example_bash_operator.py for tasks to queue
[2025-08-17T01:27:14.494+0000] {logging_mixin.py:188} INFO - [2025-08-17T01:27:14.493+0000] {dagbag.py:545} INFO - Filling up the DagBag from /home/airflow/.local/lib/python3.12/site-packages/airflow/example_dags/example_bash_operator.py
[2025-08-17T01:27:14.508+0000] {processor.py:840} INFO - DAG(s) 'example_bash_operator' retrieved from /home/airflow/.local/lib/python3.12/site-packages/airflow/example_dags/example_bash_operator.py
[2025-08-17T01:27:14.524+0000] {logging_mixin.py:188} INFO - [2025-08-17T01:27:14.523+0000] {dag.py:3089} INFO - Sync 1 DAGs
[2025-08-17T01:27:14.556+0000] {logging_mixin.py:188} INFO - [2025-08-17T01:27:14.556+0000] {dag.py:3947} INFO - Setting next_dagrun for example_bash_operator to 2025-08-16 00:00:00+00:00, run_after=2025-08-17 00:00:00+00:00
[2025-08-17T01:27:14.582+0000] {processor.py:183} INFO - Processing /home/airflow/.local/lib/python3.12/site-packages/airflow/example_dags/example_bash_operator.py took 0.100 seconds
[2025-08-17T01:27:45.580+0000] {processor.py:161} INFO - Started process (PID=224) to work on /home/airflow/.local/lib/python3.12/site-packages/airflow/example_dags/example_bash_operator.py
[2025-08-17T01:27:45.581+0000] {processor.py:830} INFO - Processing file /home/airflow/.local/lib/python3.12/site-packages/airflow/example_dags/example_bash_operator.py for tasks to queue
[2025-08-17T01:27:45.584+0000] {logging_mixin.py:188} INFO - [2025-08-17T01:27:45.584+0000] {dagbag.py:545} INFO - Filling up the DagBag from /home/airflow/.local/lib/python3.12/site-packages/airflow/example_dags/example_bash_operator.py
[2025-08-17T01:27:45.597+0000] {processor.py:840} INFO - DAG(s) 'example_bash_operator' retrieved from /home/airflow/.local/lib/python3.12/site-packages/airflow/example_dags/example_bash_operator.py
[2025-08-17T01:27:45.716+0000] {logging_mixin.py:188} INFO - [2025-08-17T01:27:45.716+0000] {dag.py:3089} INFO - Sync 1 DAGs
[2025-08-17T01:27:45.743+0000] {logging_mixin.py:188} INFO - [2025-08-17T01:27:45.743+0000] {dag.py:3947} INFO - Setting next_dagrun for example_bash_operator to 2025-08-16 00:00:00+00:00, run_after=2025-08-17 00:00:00+00:00
[2025-08-17T01:27:45.767+0000] {processor.py:183} INFO - Processing /home/airflow/.local/lib/python3.12/site-packages/airflow/example_dags/example_bash_operator.py took 0.194 seconds
[2025-08-17T01:28:15.837+0000] {processor.py:161} INFO - Started process (PID=283) to work on /home/airflow/.local/lib/python3.12/site-packages/airflow/example_dags/example_bash_operator.py
[2025-08-17T01:28:15.839+0000] {processor.py:830} INFO - Processing file /home/airflow/.local/lib/python3.12/site-packages/airflow/example_dags/example_bash_operator.py for tasks to queue
[2025-08-17T01:28:15.841+0000] {logging_mixin.py:188} INFO - [2025-08-17T01:28:15.841+0000] {dagbag.py:545} INFO - Filling up the DagBag from /home/airflow/.local/lib/python3.12/site-packages/airflow/example_dags/example_bash_operator.py
[2025-08-17T01:28:15.853+0000] {processor.py:840} INFO - DAG(s) 'example_bash_operator' retrieved from /home/airflow/.local/lib/python3.12/site-packages/airflow/example_dags/example_bash_operator.py
[2025-08-17T01:28:15.886+0000] {logging_mixin.py:188} INFO - [2025-08-17T01:28:15.886+0000] {dag.py:3089} INFO - Sync 1 DAGs
[2025-08-17T01:28:15.917+0000] {logging_mixin.py:188} INFO - [2025-08-17T01:28:15.916+0000] {dag.py:3947} INFO - Setting next_dagrun for example_bash_operator to 2025-08-16 00:00:00+00:00, run_after=2025-08-17 00:00:00+00:00
[2025-08-17T01:28:15.941+0000] {processor.py:183} INFO - Processing /home/airflow/.local/lib/python3.12/site-packages/airflow/example_dags/example_bash_operator.py took 0.113 seconds
[2025-08-17T01:28:46.047+0000] {processor.py:161} INFO - Started process (PID=342) to work on /home/airflow/.local/lib/python3.12/site-packages/airflow/example_dags/example_bash_operator.py
[2025-08-17T01:28:46.049+0000] {processor.py:830} INFO - Processing file /home/airflow/.local/lib/python3.12/site-packages/airflow/example_dags/example_bash_operator.py for tasks to queue
[2025-08-17T01:28:46.052+0000] {logging_mixin.py:188} INFO - [2025-08-17T01:28:46.052+0000] {dagbag.py:545} INFO - Filling up the DagBag from /home/airflow/.local/lib/python3.12/site-packages/airflow/example_dags/example_bash_operator.py
[2025-08-17T01:28:46.068+0000] {processor.py:840} INFO - DAG(s) 'example_bash_operator' retrieved from /home/airflow/.local/lib/python3.12/site-packages/airflow/example_dags/example_bash_operator.py
[2025-08-17T01:28:46.100+0000] {logging_mixin.py:188} INFO - [2025-08-17T01:28:46.100+0000] {dag.py:3089} INFO - Sync 1 DAGs
[2025-08-17T01:28:46.124+0000] {logging_mixin.py:188} INFO - [2025-08-17T01:28:46.124+0000] {dag.py:3947} INFO - Setting next_dagrun for example_bash_operator to 2025-08-16 00:00:00+00:00, run_after=2025-08-17 00:00:00+00:00
[2025-08-17T01:28:46.145+0000] {processor.py:183} INFO - Processing /home/airflow/.local/lib/python3.12/site-packages/airflow/example_dags/example_bash_operator.py took 0.105 seconds
[2025-08-17T01:29:17.048+0000] {processor.py:161} INFO - Started process (PID=402) to work on /home/airflow/.local/lib/python3.12/site-packages/airflow/example_dags/example_bash_operator.py
[2025-08-17T01:29:17.050+0000] {processor.py:830} INFO - Processing file /home/airflow/.local/lib/python3.12/site-packages/airflow/example_dags/example_bash_operator.py for tasks to queue
[2025-08-17T01:29:17.052+0000] {logging_mixin.py:188} INFO - [2025-08-17T01:29:17.051+0000] {dagbag.py:545} INFO - Filling up the DagBag from /home/airflow/.local/lib/python3.12/site-packages/airflow/example_dags/example_bash_operator.py
[2025-08-17T01:29:17.065+0000] {processor.py:840} INFO - DAG(s) 'example_bash_operator' retrieved from /home/airflow/.local/lib/python3.12/site-packages/airflow/example_dags/example_bash_operator.py
[2025-08-17T01:29:17.097+0000] {logging_mixin.py:188} INFO - [2025-08-17T01:29:17.097+0000] {dag.py:3089} INFO - Sync 1 DAGs
[2025-08-17T01:29:17.122+0000] {logging_mixin.py:188} INFO - [2025-08-17T01:29:17.121+0000] {dag.py:3947} INFO - Setting next_dagrun for example_bash_operator to 2025-08-16 00:00:00+00:00, run_after=2025-08-17 00:00:00+00:00
[2025-08-17T01:29:17.142+0000] {processor.py:183} INFO - Processing /home/airflow/.local/lib/python3.12/site-packages/airflow/example_dags/example_bash_operator.py took 0.100 seconds
[2025-08-17T01:29:48.053+0000] {processor.py:161} INFO - Started process (PID=461) to work on /home/airflow/.local/lib/python3.12/site-packages/airflow/example_dags/example_bash_operator.py
[2025-08-17T01:29:48.054+0000] {processor.py:830} INFO - Processing file /home/airflow/.local/lib/python3.12/site-packages/airflow/example_dags/example_bash_operator.py for tasks to queue
[2025-08-17T01:29:48.057+0000] {logging_mixin.py:188} INFO - [2025-08-17T01:29:48.057+0000] {dagbag.py:545} INFO - Filling up the DagBag from /home/airflow/.local/lib/python3.12/site-packages/airflow/example_dags/example_bash_operator.py
[2025-08-17T01:29:48.068+0000] {processor.py:840} INFO - DAG(s) 'example_bash_operator' retrieved from /home/airflow/.local/lib/python3.12/site-packages/airflow/example_dags/example_bash_operator.py
[2025-08-17T01:29:48.098+0000] {logging_mixin.py:188} INFO - [2025-08-17T01:29:48.097+0000] {dag.py:3089} INFO - Sync 1 DAGs
[2025-08-17T01:29:48.124+0000] {logging_mixin.py:188} INFO - [2025-08-17T01:29:48.123+0000] {dag.py:3947} INFO - Setting next_dagrun for example_bash_operator to 2025-08-16 00:00:00+00:00, run_after=2025-08-17 00:00:00+00:00
[2025-08-17T01:29:48.145+0000] {processor.py:183} INFO - Processing /home/airflow/.local/lib/python3.12/site-packages/airflow/example_dags/example_bash_operator.py took 0.098 seconds
[2025-08-17T01:30:18.603+0000] {processor.py:161} INFO - Started process (PID=520) to work on /home/airflow/.local/lib/python3.12/site-packages/airflow/example_dags/example_bash_operator.py
[2025-08-17T01:30:18.604+0000] {processor.py:830} INFO - Processing file /home/airflow/.local/lib/python3.12/site-packages/airflow/example_dags/example_bash_operator.py for tasks to queue
[2025-08-17T01:30:18.606+0000] {logging_mixin.py:188} INFO - [2025-08-17T01:30:18.606+0000] {dagbag.py:545} INFO - Filling up the DagBag from /home/airflow/.local/lib/python3.12/site-packages/airflow/example_dags/example_bash_operator.py
[2025-08-17T01:30:18.617+0000] {processor.py:840} INFO - DAG(s) 'example_bash_operator' retrieved from /home/airflow/.local/lib/python3.12/site-packages/airflow/example_dags/example_bash_operator.py
[2025-08-17T01:30:18.646+0000] {logging_mixin.py:188} INFO - [2025-08-17T01:30:18.646+0000] {dag.py:3089} INFO - Sync 1 DAGs
[2025-08-17T01:30:18.671+0000] {logging_mixin.py:188} INFO - [2025-08-17T01:30:18.670+0000] {dag.py:3947} INFO - Setting next_dagrun for example_bash_operator to 2025-08-16 00:00:00+00:00, run_after=2025-08-17 00:00:00+00:00
[2025-08-17T01:30:18.691+0000] {processor.py:183} INFO - Processing /home/airflow/.local/lib/python3.12/site-packages/airflow/example_dags/example_bash_operator.py took 0.094 seconds
[2025-08-17T01:30:49.092+0000] {processor.py:161} INFO - Started process (PID=579) to work on /home/airflow/.local/lib/python3.12/site-packages/airflow/example_dags/example_bash_operator.py
[2025-08-17T01:30:49.093+0000] {processor.py:830} INFO - Processing file /home/airflow/.local/lib/python3.12/site-packages/airflow/example_dags/example_bash_operator.py for tasks to queue
[2025-08-17T01:30:49.096+0000] {logging_mixin.py:188} INFO - [2025-08-17T01:30:49.096+0000] {dagbag.py:545} INFO - Filling up the DagBag from /home/airflow/.local/lib/python3.12/site-packages/airflow/example_dags/example_bash_operator.py
[2025-08-17T01:30:49.107+0000] {processor.py:840} INFO - DAG(s) 'example_bash_operator' retrieved from /home/airflow/.local/lib/python3.12/site-packages/airflow/example_dags/example_bash_operator.py
[2025-08-17T01:30:49.134+0000] {logging_mixin.py:188} INFO - [2025-08-17T01:30:49.133+0000] {dag.py:3089} INFO - Sync 1 DAGs
[2025-08-17T01:30:49.158+0000] {logging_mixin.py:188} INFO - [2025-08-17T01:30:49.158+0000] {dag.py:3947} INFO - Setting next_dagrun for example_bash_operator to 2025-08-16 00:00:00+00:00, run_after=2025-08-17 00:00:00+00:00
[2025-08-17T01:30:49.181+0000] {processor.py:183} INFO - Processing /home/airflow/.local/lib/python3.12/site-packages/airflow/example_dags/example_bash_operator.py took 0.094 seconds
[2025-08-17T01:31:19.544+0000] {processor.py:161} INFO - Started process (PID=638) to work on /home/airflow/.local/lib/python3.12/site-packages/airflow/example_dags/example_bash_operator.py
[2025-08-17T01:31:19.546+0000] {processor.py:830} INFO - Processing file /home/airflow/.local/lib/python3.12/site-packages/airflow/example_dags/example_bash_operator.py for tasks to queue
[2025-08-17T01:31:19.548+0000] {logging_mixin.py:188} INFO - [2025-08-17T01:31:19.548+0000] {dagbag.py:545} INFO - Filling up the DagBag from /home/airflow/.local/lib/python3.12/site-packages/airflow/example_dags/example_bash_operator.py
[2025-08-17T01:31:19.560+0000] {processor.py:840} INFO - DAG(s) 'example_bash_operator' retrieved from /home/airflow/.local/lib/python3.12/site-packages/airflow/example_dags/example_bash_operator.py
[2025-08-17T01:31:19.589+0000] {logging_mixin.py:188} INFO - [2025-08-17T01:31:19.588+0000] {dag.py:3089} INFO - Sync 1 DAGs
[2025-08-17T01:31:19.610+0000] {logging_mixin.py:188} INFO - [2025-08-17T01:31:19.610+0000] {dag.py:3947} INFO - Setting next_dagrun for example_bash_operator to 2025-08-16 00:00:00+00:00, run_after=2025-08-17 00:00:00+00:00
[2025-08-17T01:31:19.630+0000] {processor.py:183} INFO - Processing /home/airflow/.local/lib/python3.12/site-packages/airflow/example_dags/example_bash_operator.py took 0.092 seconds
[2025-08-17T01:31:50.398+0000] {processor.py:161} INFO - Started process (PID=700) to work on /home/airflow/.local/lib/python3.12/site-packages/airflow/example_dags/example_bash_operator.py
[2025-08-17T01:31:50.400+0000] {processor.py:830} INFO - Processing file /home/airflow/.local/lib/python3.12/site-packages/airflow/example_dags/example_bash_operator.py for tasks to queue
[2025-08-17T01:31:50.401+0000] {logging_mixin.py:188} INFO - [2025-08-17T01:31:50.401+0000] {dagbag.py:545} INFO - Filling up the DagBag from /home/airflow/.local/lib/python3.12/site-packages/airflow/example_dags/example_bash_operator.py
[2025-08-17T01:31:50.413+0000] {processor.py:840} INFO - DAG(s) 'example_bash_operator' retrieved from /home/airflow/.local/lib/python3.12/site-packages/airflow/example_dags/example_bash_operator.py
[2025-08-17T01:31:50.442+0000] {logging_mixin.py:188} INFO - [2025-08-17T01:31:50.442+0000] {dag.py:3089} INFO - Sync 1 DAGs
[2025-08-17T01:31:50.465+0000] {logging_mixin.py:188} INFO - [2025-08-17T01:31:50.465+0000] {dag.py:3947} INFO - Setting next_dagrun for example_bash_operator to 2025-08-16 00:00:00+00:00, run_after=2025-08-17 00:00:00+00:00
[2025-08-17T01:31:50.492+0000] {processor.py:183} INFO - Processing /home/airflow/.local/lib/python3.12/site-packages/airflow/example_dags/example_bash_operator.py took 0.100 seconds
