[2025-08-17T00:53:33.476+0000] {processor.py:161} INFO - Started process (PID=76) to work on /home/airflow/.local/lib/python3.12/site-packages/airflow/example_dags/example_short_circuit_operator.py
[2025-08-17T00:53:33.478+0000] {processor.py:830} INFO - Processing file /home/airflow/.local/lib/python3.12/site-packages/airflow/example_dags/example_short_circuit_operator.py for tasks to queue
[2025-08-17T00:53:33.481+0000] {logging_mixin.py:188} INFO - [2025-08-17T00:53:33.481+0000] {dagbag.py:545} INFO - Filling up the DagBag from /home/airflow/.local/lib/python3.12/site-packages/airflow/example_dags/example_short_circuit_operator.py
[2025-08-17T00:53:33.498+0000] {processor.py:840} INFO - DAG(s) 'example_short_circuit_operator' retrieved from /home/airflow/.local/lib/python3.12/site-packages/airflow/example_dags/example_short_circuit_operator.py
[2025-08-17T00:53:33.659+0000] {logging_mixin.py:188} INFO - [2025-08-17T00:53:33.659+0000] {dag.py:3089} INFO - Sync 1 DAGs
[2025-08-17T00:53:33.697+0000] {logging_mixin.py:188} INFO - [2025-08-17T00:53:33.696+0000] {dag.py:3947} INFO - Setting next_dagrun for example_short_circuit_operator to 2025-08-16 00:00:00+00:00, run_after=2025-08-17 00:00:00+00:00
[2025-08-17T00:53:33.738+0000] {processor.py:183} INFO - Processing /home/airflow/.local/lib/python3.12/site-packages/airflow/example_dags/example_short_circuit_operator.py took 0.270 seconds
[2025-08-17T00:54:04.476+0000] {processor.py:161} INFO - Started process (PID=141) to work on /home/airflow/.local/lib/python3.12/site-packages/airflow/example_dags/example_short_circuit_operator.py
[2025-08-17T00:54:04.477+0000] {processor.py:830} INFO - Processing file /home/airflow/.local/lib/python3.12/site-packages/airflow/example_dags/example_short_circuit_operator.py for tasks to queue
[2025-08-17T00:54:04.479+0000] {logging_mixin.py:188} INFO - [2025-08-17T00:54:04.479+0000] {dagbag.py:545} INFO - Filling up the DagBag from /home/airflow/.local/lib/python3.12/site-packages/airflow/example_dags/example_short_circuit_operator.py
[2025-08-17T00:54:04.487+0000] {processor.py:840} INFO - DAG(s) 'example_short_circuit_operator' retrieved from /home/airflow/.local/lib/python3.12/site-packages/airflow/example_dags/example_short_circuit_operator.py
[2025-08-17T00:54:04.512+0000] {logging_mixin.py:188} INFO - [2025-08-17T00:54:04.512+0000] {dag.py:3089} INFO - Sync 1 DAGs
[2025-08-17T00:54:04.536+0000] {logging_mixin.py:188} INFO - [2025-08-17T00:54:04.536+0000] {dag.py:3947} INFO - Setting next_dagrun for example_short_circuit_operator to 2025-08-16 00:00:00+00:00, run_after=2025-08-17 00:00:00+00:00
[2025-08-17T00:54:04.557+0000] {processor.py:183} INFO - Processing /home/airflow/.local/lib/python3.12/site-packages/airflow/example_dags/example_short_circuit_operator.py took 0.088 seconds
[2025-08-17T00:54:34.801+0000] {processor.py:161} INFO - Started process (PID=199) to work on /home/airflow/.local/lib/python3.12/site-packages/airflow/example_dags/example_short_circuit_operator.py
[2025-08-17T00:54:34.802+0000] {processor.py:830} INFO - Processing file /home/airflow/.local/lib/python3.12/site-packages/airflow/example_dags/example_short_circuit_operator.py for tasks to queue
[2025-08-17T00:54:34.805+0000] {logging_mixin.py:188} INFO - [2025-08-17T00:54:34.805+0000] {dagbag.py:545} INFO - Filling up the DagBag from /home/airflow/.local/lib/python3.12/site-packages/airflow/example_dags/example_short_circuit_operator.py
[2025-08-17T00:54:34.813+0000] {processor.py:840} INFO - DAG(s) 'example_short_circuit_operator' retrieved from /home/airflow/.local/lib/python3.12/site-packages/airflow/example_dags/example_short_circuit_operator.py
[2025-08-17T00:54:34.840+0000] {logging_mixin.py:188} INFO - [2025-08-17T00:54:34.839+0000] {dag.py:3089} INFO - Sync 1 DAGs
[2025-08-17T00:54:34.862+0000] {logging_mixin.py:188} INFO - [2025-08-17T00:54:34.861+0000] {dag.py:3947} INFO - Setting next_dagrun for example_short_circuit_operator to 2025-08-16 00:00:00+00:00, run_after=2025-08-17 00:00:00+00:00
[2025-08-17T00:54:34.880+0000] {processor.py:183} INFO - Processing /home/airflow/.local/lib/python3.12/site-packages/airflow/example_dags/example_short_circuit_operator.py took 0.085 seconds
[2025-08-17T00:55:05.247+0000] {processor.py:161} INFO - Started process (PID=257) to work on /home/airflow/.local/lib/python3.12/site-packages/airflow/example_dags/example_short_circuit_operator.py
[2025-08-17T00:55:05.248+0000] {processor.py:830} INFO - Processing file /home/airflow/.local/lib/python3.12/site-packages/airflow/example_dags/example_short_circuit_operator.py for tasks to queue
[2025-08-17T00:55:05.251+0000] {logging_mixin.py:188} INFO - [2025-08-17T00:55:05.251+0000] {dagbag.py:545} INFO - Filling up the DagBag from /home/airflow/.local/lib/python3.12/site-packages/airflow/example_dags/example_short_circuit_operator.py
[2025-08-17T00:55:05.260+0000] {processor.py:840} INFO - DAG(s) 'example_short_circuit_operator' retrieved from /home/airflow/.local/lib/python3.12/site-packages/airflow/example_dags/example_short_circuit_operator.py
[2025-08-17T00:55:05.298+0000] {logging_mixin.py:188} INFO - [2025-08-17T00:55:05.297+0000] {dag.py:3089} INFO - Sync 1 DAGs
[2025-08-17T00:55:05.330+0000] {logging_mixin.py:188} INFO - [2025-08-17T00:55:05.330+0000] {dag.py:3947} INFO - Setting next_dagrun for example_short_circuit_operator to 2025-08-16 00:00:00+00:00, run_after=2025-08-17 00:00:00+00:00
[2025-08-17T00:55:05.359+0000] {processor.py:183} INFO - Processing /home/airflow/.local/lib/python3.12/site-packages/airflow/example_dags/example_short_circuit_operator.py took 0.120 seconds
[2025-08-17T00:55:36.037+0000] {processor.py:161} INFO - Started process (PID=316) to work on /home/airflow/.local/lib/python3.12/site-packages/airflow/example_dags/example_short_circuit_operator.py
[2025-08-17T00:55:36.039+0000] {processor.py:830} INFO - Processing file /home/airflow/.local/lib/python3.12/site-packages/airflow/example_dags/example_short_circuit_operator.py for tasks to queue
[2025-08-17T00:55:36.042+0000] {logging_mixin.py:188} INFO - [2025-08-17T00:55:36.041+0000] {dagbag.py:545} INFO - Filling up the DagBag from /home/airflow/.local/lib/python3.12/site-packages/airflow/example_dags/example_short_circuit_operator.py
[2025-08-17T00:55:36.050+0000] {processor.py:840} INFO - DAG(s) 'example_short_circuit_operator' retrieved from /home/airflow/.local/lib/python3.12/site-packages/airflow/example_dags/example_short_circuit_operator.py
[2025-08-17T00:55:36.079+0000] {logging_mixin.py:188} INFO - [2025-08-17T00:55:36.079+0000] {dag.py:3089} INFO - Sync 1 DAGs
[2025-08-17T00:55:36.103+0000] {logging_mixin.py:188} INFO - [2025-08-17T00:55:36.102+0000] {dag.py:3947} INFO - Setting next_dagrun for example_short_circuit_operator to 2025-08-16 00:00:00+00:00, run_after=2025-08-17 00:00:00+00:00
[2025-08-17T00:55:36.124+0000] {processor.py:183} INFO - Processing /home/airflow/.local/lib/python3.12/site-packages/airflow/example_dags/example_short_circuit_operator.py took 0.093 seconds
[2025-08-17T00:56:06.333+0000] {processor.py:161} INFO - Started process (PID=374) to work on /home/airflow/.local/lib/python3.12/site-packages/airflow/example_dags/example_short_circuit_operator.py
[2025-08-17T00:56:06.335+0000] {processor.py:830} INFO - Processing file /home/airflow/.local/lib/python3.12/site-packages/airflow/example_dags/example_short_circuit_operator.py for tasks to queue
[2025-08-17T00:56:06.338+0000] {logging_mixin.py:188} INFO - [2025-08-17T00:56:06.337+0000] {dagbag.py:545} INFO - Filling up the DagBag from /home/airflow/.local/lib/python3.12/site-packages/airflow/example_dags/example_short_circuit_operator.py
[2025-08-17T00:56:06.346+0000] {processor.py:840} INFO - DAG(s) 'example_short_circuit_operator' retrieved from /home/airflow/.local/lib/python3.12/site-packages/airflow/example_dags/example_short_circuit_operator.py
[2025-08-17T00:56:06.380+0000] {logging_mixin.py:188} INFO - [2025-08-17T00:56:06.380+0000] {dag.py:3089} INFO - Sync 1 DAGs
[2025-08-17T00:56:06.404+0000] {logging_mixin.py:188} INFO - [2025-08-17T00:56:06.404+0000] {dag.py:3947} INFO - Setting next_dagrun for example_short_circuit_operator to 2025-08-16 00:00:00+00:00, run_after=2025-08-17 00:00:00+00:00
[2025-08-17T00:56:06.426+0000] {processor.py:183} INFO - Processing /home/airflow/.local/lib/python3.12/site-packages/airflow/example_dags/example_short_circuit_operator.py took 0.101 seconds
[2025-08-17T00:56:36.551+0000] {processor.py:161} INFO - Started process (PID=432) to work on /home/airflow/.local/lib/python3.12/site-packages/airflow/example_dags/example_short_circuit_operator.py
[2025-08-17T00:56:36.552+0000] {processor.py:830} INFO - Processing file /home/airflow/.local/lib/python3.12/site-packages/airflow/example_dags/example_short_circuit_operator.py for tasks to queue
[2025-08-17T00:56:36.555+0000] {logging_mixin.py:188} INFO - [2025-08-17T00:56:36.554+0000] {dagbag.py:545} INFO - Filling up the DagBag from /home/airflow/.local/lib/python3.12/site-packages/airflow/example_dags/example_short_circuit_operator.py
[2025-08-17T00:56:36.562+0000] {processor.py:840} INFO - DAG(s) 'example_short_circuit_operator' retrieved from /home/airflow/.local/lib/python3.12/site-packages/airflow/example_dags/example_short_circuit_operator.py
[2025-08-17T00:56:36.585+0000] {logging_mixin.py:188} INFO - [2025-08-17T00:56:36.585+0000] {dag.py:3089} INFO - Sync 1 DAGs
[2025-08-17T00:56:36.605+0000] {logging_mixin.py:188} INFO - [2025-08-17T00:56:36.605+0000] {dag.py:3947} INFO - Setting next_dagrun for example_short_circuit_operator to 2025-08-16 00:00:00+00:00, run_after=2025-08-17 00:00:00+00:00
[2025-08-17T00:56:36.621+0000] {processor.py:183} INFO - Processing /home/airflow/.local/lib/python3.12/site-packages/airflow/example_dags/example_short_circuit_operator.py took 0.076 seconds
[2025-08-17T00:57:06.886+0000] {processor.py:161} INFO - Started process (PID=490) to work on /home/airflow/.local/lib/python3.12/site-packages/airflow/example_dags/example_short_circuit_operator.py
[2025-08-17T00:57:06.887+0000] {processor.py:830} INFO - Processing file /home/airflow/.local/lib/python3.12/site-packages/airflow/example_dags/example_short_circuit_operator.py for tasks to queue
[2025-08-17T00:57:06.890+0000] {logging_mixin.py:188} INFO - [2025-08-17T00:57:06.889+0000] {dagbag.py:545} INFO - Filling up the DagBag from /home/airflow/.local/lib/python3.12/site-packages/airflow/example_dags/example_short_circuit_operator.py
[2025-08-17T00:57:06.898+0000] {processor.py:840} INFO - DAG(s) 'example_short_circuit_operator' retrieved from /home/airflow/.local/lib/python3.12/site-packages/airflow/example_dags/example_short_circuit_operator.py
[2025-08-17T00:57:06.924+0000] {logging_mixin.py:188} INFO - [2025-08-17T00:57:06.923+0000] {dag.py:3089} INFO - Sync 1 DAGs
[2025-08-17T00:57:06.946+0000] {logging_mixin.py:188} INFO - [2025-08-17T00:57:06.946+0000] {dag.py:3947} INFO - Setting next_dagrun for example_short_circuit_operator to 2025-08-16 00:00:00+00:00, run_after=2025-08-17 00:00:00+00:00
[2025-08-17T00:57:06.968+0000] {processor.py:183} INFO - Processing /home/airflow/.local/lib/python3.12/site-packages/airflow/example_dags/example_short_circuit_operator.py took 0.088 seconds
[2025-08-17T00:57:37.463+0000] {processor.py:161} INFO - Started process (PID=548) to work on /home/airflow/.local/lib/python3.12/site-packages/airflow/example_dags/example_short_circuit_operator.py
[2025-08-17T00:57:37.465+0000] {processor.py:830} INFO - Processing file /home/airflow/.local/lib/python3.12/site-packages/airflow/example_dags/example_short_circuit_operator.py for tasks to queue
[2025-08-17T00:57:37.468+0000] {logging_mixin.py:188} INFO - [2025-08-17T00:57:37.467+0000] {dagbag.py:545} INFO - Filling up the DagBag from /home/airflow/.local/lib/python3.12/site-packages/airflow/example_dags/example_short_circuit_operator.py
[2025-08-17T00:57:37.475+0000] {processor.py:840} INFO - DAG(s) 'example_short_circuit_operator' retrieved from /home/airflow/.local/lib/python3.12/site-packages/airflow/example_dags/example_short_circuit_operator.py
[2025-08-17T00:57:37.502+0000] {logging_mixin.py:188} INFO - [2025-08-17T00:57:37.501+0000] {dag.py:3089} INFO - Sync 1 DAGs
[2025-08-17T00:57:37.524+0000] {logging_mixin.py:188} INFO - [2025-08-17T00:57:37.524+0000] {dag.py:3947} INFO - Setting next_dagrun for example_short_circuit_operator to 2025-08-16 00:00:00+00:00, run_after=2025-08-17 00:00:00+00:00
[2025-08-17T00:57:37.544+0000] {processor.py:183} INFO - Processing /home/airflow/.local/lib/python3.12/site-packages/airflow/example_dags/example_short_circuit_operator.py took 0.087 seconds
[2025-08-17T00:58:08.059+0000] {processor.py:161} INFO - Started process (PID=606) to work on /home/airflow/.local/lib/python3.12/site-packages/airflow/example_dags/example_short_circuit_operator.py
[2025-08-17T00:58:08.061+0000] {processor.py:830} INFO - Processing file /home/airflow/.local/lib/python3.12/site-packages/airflow/example_dags/example_short_circuit_operator.py for tasks to queue
[2025-08-17T00:58:08.063+0000] {logging_mixin.py:188} INFO - [2025-08-17T00:58:08.063+0000] {dagbag.py:545} INFO - Filling up the DagBag from /home/airflow/.local/lib/python3.12/site-packages/airflow/example_dags/example_short_circuit_operator.py
[2025-08-17T00:58:08.071+0000] {processor.py:840} INFO - DAG(s) 'example_short_circuit_operator' retrieved from /home/airflow/.local/lib/python3.12/site-packages/airflow/example_dags/example_short_circuit_operator.py
[2025-08-17T00:58:08.098+0000] {logging_mixin.py:188} INFO - [2025-08-17T00:58:08.097+0000] {dag.py:3089} INFO - Sync 1 DAGs
[2025-08-17T00:58:08.119+0000] {logging_mixin.py:188} INFO - [2025-08-17T00:58:08.119+0000] {dag.py:3947} INFO - Setting next_dagrun for example_short_circuit_operator to 2025-08-16 00:00:00+00:00, run_after=2025-08-17 00:00:00+00:00
[2025-08-17T00:58:08.138+0000] {processor.py:183} INFO - Processing /home/airflow/.local/lib/python3.12/site-packages/airflow/example_dags/example_short_circuit_operator.py took 0.085 seconds
[2025-08-17T00:58:38.851+0000] {processor.py:161} INFO - Started process (PID=665) to work on /home/airflow/.local/lib/python3.12/site-packages/airflow/example_dags/example_short_circuit_operator.py
[2025-08-17T00:58:38.853+0000] {processor.py:830} INFO - Processing file /home/airflow/.local/lib/python3.12/site-packages/airflow/example_dags/example_short_circuit_operator.py for tasks to queue
[2025-08-17T00:58:38.855+0000] {logging_mixin.py:188} INFO - [2025-08-17T00:58:38.855+0000] {dagbag.py:545} INFO - Filling up the DagBag from /home/airflow/.local/lib/python3.12/site-packages/airflow/example_dags/example_short_circuit_operator.py
[2025-08-17T00:58:38.864+0000] {processor.py:840} INFO - DAG(s) 'example_short_circuit_operator' retrieved from /home/airflow/.local/lib/python3.12/site-packages/airflow/example_dags/example_short_circuit_operator.py
[2025-08-17T00:58:38.891+0000] {logging_mixin.py:188} INFO - [2025-08-17T00:58:38.891+0000] {dag.py:3089} INFO - Sync 1 DAGs
[2025-08-17T00:58:38.914+0000] {logging_mixin.py:188} INFO - [2025-08-17T00:58:38.913+0000] {dag.py:3947} INFO - Setting next_dagrun for example_short_circuit_operator to 2025-08-16 00:00:00+00:00, run_after=2025-08-17 00:00:00+00:00
[2025-08-17T00:58:38.934+0000] {processor.py:183} INFO - Processing /home/airflow/.local/lib/python3.12/site-packages/airflow/example_dags/example_short_circuit_operator.py took 0.090 seconds
[2025-08-17T00:59:09.637+0000] {processor.py:161} INFO - Started process (PID=724) to work on /home/airflow/.local/lib/python3.12/site-packages/airflow/example_dags/example_short_circuit_operator.py
[2025-08-17T00:59:09.639+0000] {processor.py:830} INFO - Processing file /home/airflow/.local/lib/python3.12/site-packages/airflow/example_dags/example_short_circuit_operator.py for tasks to queue
[2025-08-17T00:59:09.641+0000] {logging_mixin.py:188} INFO - [2025-08-17T00:59:09.640+0000] {dagbag.py:545} INFO - Filling up the DagBag from /home/airflow/.local/lib/python3.12/site-packages/airflow/example_dags/example_short_circuit_operator.py
[2025-08-17T00:59:09.649+0000] {processor.py:840} INFO - DAG(s) 'example_short_circuit_operator' retrieved from /home/airflow/.local/lib/python3.12/site-packages/airflow/example_dags/example_short_circuit_operator.py
[2025-08-17T00:59:09.676+0000] {logging_mixin.py:188} INFO - [2025-08-17T00:59:09.676+0000] {dag.py:3089} INFO - Sync 1 DAGs
[2025-08-17T00:59:09.701+0000] {logging_mixin.py:188} INFO - [2025-08-17T00:59:09.701+0000] {dag.py:3947} INFO - Setting next_dagrun for example_short_circuit_operator to 2025-08-16 00:00:00+00:00, run_after=2025-08-17 00:00:00+00:00
[2025-08-17T00:59:09.723+0000] {processor.py:183} INFO - Processing /home/airflow/.local/lib/python3.12/site-packages/airflow/example_dags/example_short_circuit_operator.py took 0.093 seconds
[2025-08-17T01:00:10.907+0000] {processor.py:161} INFO - Started process (PID=71) to work on /home/airflow/.local/lib/python3.12/site-packages/airflow/example_dags/example_short_circuit_operator.py
[2025-08-17T01:00:10.908+0000] {processor.py:830} INFO - Processing file /home/airflow/.local/lib/python3.12/site-packages/airflow/example_dags/example_short_circuit_operator.py for tasks to queue
[2025-08-17T01:00:10.911+0000] {logging_mixin.py:188} INFO - [2025-08-17T01:00:10.910+0000] {dagbag.py:545} INFO - Filling up the DagBag from /home/airflow/.local/lib/python3.12/site-packages/airflow/example_dags/example_short_circuit_operator.py
[2025-08-17T01:00:10.926+0000] {processor.py:840} INFO - DAG(s) 'example_short_circuit_operator' retrieved from /home/airflow/.local/lib/python3.12/site-packages/airflow/example_dags/example_short_circuit_operator.py
[2025-08-17T01:00:10.949+0000] {logging_mixin.py:188} INFO - [2025-08-17T01:00:10.949+0000] {dag.py:3089} INFO - Sync 1 DAGs
[2025-08-17T01:00:10.985+0000] {logging_mixin.py:188} INFO - [2025-08-17T01:00:10.985+0000] {dag.py:3947} INFO - Setting next_dagrun for example_short_circuit_operator to 2025-08-16 00:00:00+00:00, run_after=2025-08-17 00:00:00+00:00
[2025-08-17T01:00:11.014+0000] {processor.py:183} INFO - Processing /home/airflow/.local/lib/python3.12/site-packages/airflow/example_dags/example_short_circuit_operator.py took 0.115 seconds
[2025-08-17T01:01:34.077+0000] {processor.py:161} INFO - Started process (PID=71) to work on /home/airflow/.local/lib/python3.12/site-packages/airflow/example_dags/example_short_circuit_operator.py
[2025-08-17T01:01:34.079+0000] {processor.py:830} INFO - Processing file /home/airflow/.local/lib/python3.12/site-packages/airflow/example_dags/example_short_circuit_operator.py for tasks to queue
[2025-08-17T01:01:34.082+0000] {logging_mixin.py:188} INFO - [2025-08-17T01:01:34.081+0000] {dagbag.py:545} INFO - Filling up the DagBag from /home/airflow/.local/lib/python3.12/site-packages/airflow/example_dags/example_short_circuit_operator.py
[2025-08-17T01:01:34.096+0000] {processor.py:840} INFO - DAG(s) 'example_short_circuit_operator' retrieved from /home/airflow/.local/lib/python3.12/site-packages/airflow/example_dags/example_short_circuit_operator.py
[2025-08-17T01:01:34.119+0000] {logging_mixin.py:188} INFO - [2025-08-17T01:01:34.118+0000] {dag.py:3089} INFO - Sync 1 DAGs
[2025-08-17T01:01:34.155+0000] {logging_mixin.py:188} INFO - [2025-08-17T01:01:34.155+0000] {dag.py:3947} INFO - Setting next_dagrun for example_short_circuit_operator to 2025-08-16 00:00:00+00:00, run_after=2025-08-17 00:00:00+00:00
[2025-08-17T01:01:34.190+0000] {processor.py:183} INFO - Processing /home/airflow/.local/lib/python3.12/site-packages/airflow/example_dags/example_short_circuit_operator.py took 0.120 seconds
[2025-08-17T01:02:04.892+0000] {processor.py:161} INFO - Started process (PID=130) to work on /home/airflow/.local/lib/python3.12/site-packages/airflow/example_dags/example_short_circuit_operator.py
[2025-08-17T01:02:04.894+0000] {processor.py:830} INFO - Processing file /home/airflow/.local/lib/python3.12/site-packages/airflow/example_dags/example_short_circuit_operator.py for tasks to queue
[2025-08-17T01:02:04.896+0000] {logging_mixin.py:188} INFO - [2025-08-17T01:02:04.896+0000] {dagbag.py:545} INFO - Filling up the DagBag from /home/airflow/.local/lib/python3.12/site-packages/airflow/example_dags/example_short_circuit_operator.py
[2025-08-17T01:02:04.905+0000] {processor.py:840} INFO - DAG(s) 'example_short_circuit_operator' retrieved from /home/airflow/.local/lib/python3.12/site-packages/airflow/example_dags/example_short_circuit_operator.py
[2025-08-17T01:02:05.013+0000] {logging_mixin.py:188} INFO - [2025-08-17T01:02:05.013+0000] {dag.py:3089} INFO - Sync 1 DAGs
[2025-08-17T01:02:05.039+0000] {logging_mixin.py:188} INFO - [2025-08-17T01:02:05.039+0000] {dag.py:3947} INFO - Setting next_dagrun for example_short_circuit_operator to 2025-08-16 00:00:00+00:00, run_after=2025-08-17 00:00:00+00:00
[2025-08-17T01:02:05.063+0000] {processor.py:183} INFO - Processing /home/airflow/.local/lib/python3.12/site-packages/airflow/example_dags/example_short_circuit_operator.py took 0.176 seconds
[2025-08-17T01:02:35.990+0000] {processor.py:161} INFO - Started process (PID=189) to work on /home/airflow/.local/lib/python3.12/site-packages/airflow/example_dags/example_short_circuit_operator.py
[2025-08-17T01:02:35.991+0000] {processor.py:830} INFO - Processing file /home/airflow/.local/lib/python3.12/site-packages/airflow/example_dags/example_short_circuit_operator.py for tasks to queue
[2025-08-17T01:02:35.994+0000] {logging_mixin.py:188} INFO - [2025-08-17T01:02:35.994+0000] {dagbag.py:545} INFO - Filling up the DagBag from /home/airflow/.local/lib/python3.12/site-packages/airflow/example_dags/example_short_circuit_operator.py
[2025-08-17T01:02:36.004+0000] {processor.py:840} INFO - DAG(s) 'example_short_circuit_operator' retrieved from /home/airflow/.local/lib/python3.12/site-packages/airflow/example_dags/example_short_circuit_operator.py
[2025-08-17T01:02:36.035+0000] {logging_mixin.py:188} INFO - [2025-08-17T01:02:36.034+0000] {dag.py:3089} INFO - Sync 1 DAGs
[2025-08-17T01:02:36.059+0000] {logging_mixin.py:188} INFO - [2025-08-17T01:02:36.059+0000] {dag.py:3947} INFO - Setting next_dagrun for example_short_circuit_operator to 2025-08-16 00:00:00+00:00, run_after=2025-08-17 00:00:00+00:00
[2025-08-17T01:02:36.084+0000] {processor.py:183} INFO - Processing /home/airflow/.local/lib/python3.12/site-packages/airflow/example_dags/example_short_circuit_operator.py took 0.101 seconds
[2025-08-17T01:03:06.532+0000] {processor.py:161} INFO - Started process (PID=248) to work on /home/airflow/.local/lib/python3.12/site-packages/airflow/example_dags/example_short_circuit_operator.py
[2025-08-17T01:03:06.533+0000] {processor.py:830} INFO - Processing file /home/airflow/.local/lib/python3.12/site-packages/airflow/example_dags/example_short_circuit_operator.py for tasks to queue
[2025-08-17T01:03:06.535+0000] {logging_mixin.py:188} INFO - [2025-08-17T01:03:06.535+0000] {dagbag.py:545} INFO - Filling up the DagBag from /home/airflow/.local/lib/python3.12/site-packages/airflow/example_dags/example_short_circuit_operator.py
[2025-08-17T01:03:06.543+0000] {processor.py:840} INFO - DAG(s) 'example_short_circuit_operator' retrieved from /home/airflow/.local/lib/python3.12/site-packages/airflow/example_dags/example_short_circuit_operator.py
[2025-08-17T01:03:06.568+0000] {logging_mixin.py:188} INFO - [2025-08-17T01:03:06.568+0000] {dag.py:3089} INFO - Sync 1 DAGs
[2025-08-17T01:03:06.589+0000] {logging_mixin.py:188} INFO - [2025-08-17T01:03:06.589+0000] {dag.py:3947} INFO - Setting next_dagrun for example_short_circuit_operator to 2025-08-16 00:00:00+00:00, run_after=2025-08-17 00:00:00+00:00
[2025-08-17T01:03:06.612+0000] {processor.py:183} INFO - Processing /home/airflow/.local/lib/python3.12/site-packages/airflow/example_dags/example_short_circuit_operator.py took 0.086 seconds
[2025-08-17T01:03:36.726+0000] {processor.py:161} INFO - Started process (PID=307) to work on /home/airflow/.local/lib/python3.12/site-packages/airflow/example_dags/example_short_circuit_operator.py
[2025-08-17T01:03:36.728+0000] {processor.py:830} INFO - Processing file /home/airflow/.local/lib/python3.12/site-packages/airflow/example_dags/example_short_circuit_operator.py for tasks to queue
[2025-08-17T01:03:36.730+0000] {logging_mixin.py:188} INFO - [2025-08-17T01:03:36.730+0000] {dagbag.py:545} INFO - Filling up the DagBag from /home/airflow/.local/lib/python3.12/site-packages/airflow/example_dags/example_short_circuit_operator.py
[2025-08-17T01:03:36.738+0000] {processor.py:840} INFO - DAG(s) 'example_short_circuit_operator' retrieved from /home/airflow/.local/lib/python3.12/site-packages/airflow/example_dags/example_short_circuit_operator.py
[2025-08-17T01:03:36.767+0000] {logging_mixin.py:188} INFO - [2025-08-17T01:03:36.767+0000] {dag.py:3089} INFO - Sync 1 DAGs
[2025-08-17T01:03:36.790+0000] {logging_mixin.py:188} INFO - [2025-08-17T01:03:36.790+0000] {dag.py:3947} INFO - Setting next_dagrun for example_short_circuit_operator to 2025-08-16 00:00:00+00:00, run_after=2025-08-17 00:00:00+00:00
[2025-08-17T01:03:36.814+0000] {processor.py:183} INFO - Processing /home/airflow/.local/lib/python3.12/site-packages/airflow/example_dags/example_short_circuit_operator.py took 0.094 seconds
[2025-08-17T01:04:07.009+0000] {processor.py:161} INFO - Started process (PID=366) to work on /home/airflow/.local/lib/python3.12/site-packages/airflow/example_dags/example_short_circuit_operator.py
[2025-08-17T01:04:07.011+0000] {processor.py:830} INFO - Processing file /home/airflow/.local/lib/python3.12/site-packages/airflow/example_dags/example_short_circuit_operator.py for tasks to queue
[2025-08-17T01:04:07.013+0000] {logging_mixin.py:188} INFO - [2025-08-17T01:04:07.013+0000] {dagbag.py:545} INFO - Filling up the DagBag from /home/airflow/.local/lib/python3.12/site-packages/airflow/example_dags/example_short_circuit_operator.py
[2025-08-17T01:04:07.022+0000] {processor.py:840} INFO - DAG(s) 'example_short_circuit_operator' retrieved from /home/airflow/.local/lib/python3.12/site-packages/airflow/example_dags/example_short_circuit_operator.py
[2025-08-17T01:04:07.052+0000] {logging_mixin.py:188} INFO - [2025-08-17T01:04:07.052+0000] {dag.py:3089} INFO - Sync 1 DAGs
[2025-08-17T01:04:07.078+0000] {logging_mixin.py:188} INFO - [2025-08-17T01:04:07.078+0000] {dag.py:3947} INFO - Setting next_dagrun for example_short_circuit_operator to 2025-08-16 00:00:00+00:00, run_after=2025-08-17 00:00:00+00:00
[2025-08-17T01:04:07.108+0000] {processor.py:183} INFO - Processing /home/airflow/.local/lib/python3.12/site-packages/airflow/example_dags/example_short_circuit_operator.py took 0.105 seconds
[2025-08-17T01:04:37.928+0000] {processor.py:161} INFO - Started process (PID=425) to work on /home/airflow/.local/lib/python3.12/site-packages/airflow/example_dags/example_short_circuit_operator.py
[2025-08-17T01:04:37.929+0000] {processor.py:830} INFO - Processing file /home/airflow/.local/lib/python3.12/site-packages/airflow/example_dags/example_short_circuit_operator.py for tasks to queue
[2025-08-17T01:04:37.932+0000] {logging_mixin.py:188} INFO - [2025-08-17T01:04:37.931+0000] {dagbag.py:545} INFO - Filling up the DagBag from /home/airflow/.local/lib/python3.12/site-packages/airflow/example_dags/example_short_circuit_operator.py
[2025-08-17T01:04:37.940+0000] {processor.py:840} INFO - DAG(s) 'example_short_circuit_operator' retrieved from /home/airflow/.local/lib/python3.12/site-packages/airflow/example_dags/example_short_circuit_operator.py
[2025-08-17T01:04:37.971+0000] {logging_mixin.py:188} INFO - [2025-08-17T01:04:37.971+0000] {dag.py:3089} INFO - Sync 1 DAGs
[2025-08-17T01:04:37.996+0000] {logging_mixin.py:188} INFO - [2025-08-17T01:04:37.996+0000] {dag.py:3947} INFO - Setting next_dagrun for example_short_circuit_operator to 2025-08-16 00:00:00+00:00, run_after=2025-08-17 00:00:00+00:00
[2025-08-17T01:04:38.018+0000] {processor.py:183} INFO - Processing /home/airflow/.local/lib/python3.12/site-packages/airflow/example_dags/example_short_circuit_operator.py took 0.096 seconds
[2025-08-17T01:05:08.555+0000] {processor.py:161} INFO - Started process (PID=490) to work on /home/airflow/.local/lib/python3.12/site-packages/airflow/example_dags/example_short_circuit_operator.py
[2025-08-17T01:05:08.557+0000] {processor.py:830} INFO - Processing file /home/airflow/.local/lib/python3.12/site-packages/airflow/example_dags/example_short_circuit_operator.py for tasks to queue
[2025-08-17T01:05:08.559+0000] {logging_mixin.py:188} INFO - [2025-08-17T01:05:08.559+0000] {dagbag.py:545} INFO - Filling up the DagBag from /home/airflow/.local/lib/python3.12/site-packages/airflow/example_dags/example_short_circuit_operator.py
[2025-08-17T01:05:08.566+0000] {processor.py:840} INFO - DAG(s) 'example_short_circuit_operator' retrieved from /home/airflow/.local/lib/python3.12/site-packages/airflow/example_dags/example_short_circuit_operator.py
[2025-08-17T01:05:08.591+0000] {logging_mixin.py:188} INFO - [2025-08-17T01:05:08.591+0000] {dag.py:3089} INFO - Sync 1 DAGs
[2025-08-17T01:05:08.612+0000] {logging_mixin.py:188} INFO - [2025-08-17T01:05:08.612+0000] {dag.py:3947} INFO - Setting next_dagrun for example_short_circuit_operator to 2025-08-16 00:00:00+00:00, run_after=2025-08-17 00:00:00+00:00
[2025-08-17T01:05:08.632+0000] {processor.py:183} INFO - Processing /home/airflow/.local/lib/python3.12/site-packages/airflow/example_dags/example_short_circuit_operator.py took 0.082 seconds
[2025-08-17T01:05:39.143+0000] {processor.py:161} INFO - Started process (PID=549) to work on /home/airflow/.local/lib/python3.12/site-packages/airflow/example_dags/example_short_circuit_operator.py
[2025-08-17T01:05:39.144+0000] {processor.py:830} INFO - Processing file /home/airflow/.local/lib/python3.12/site-packages/airflow/example_dags/example_short_circuit_operator.py for tasks to queue
[2025-08-17T01:05:39.146+0000] {logging_mixin.py:188} INFO - [2025-08-17T01:05:39.146+0000] {dagbag.py:545} INFO - Filling up the DagBag from /home/airflow/.local/lib/python3.12/site-packages/airflow/example_dags/example_short_circuit_operator.py
[2025-08-17T01:05:39.153+0000] {processor.py:840} INFO - DAG(s) 'example_short_circuit_operator' retrieved from /home/airflow/.local/lib/python3.12/site-packages/airflow/example_dags/example_short_circuit_operator.py
[2025-08-17T01:05:39.177+0000] {logging_mixin.py:188} INFO - [2025-08-17T01:05:39.177+0000] {dag.py:3089} INFO - Sync 1 DAGs
[2025-08-17T01:05:39.200+0000] {logging_mixin.py:188} INFO - [2025-08-17T01:05:39.200+0000] {dag.py:3947} INFO - Setting next_dagrun for example_short_circuit_operator to 2025-08-16 00:00:00+00:00, run_after=2025-08-17 00:00:00+00:00
[2025-08-17T01:05:39.219+0000] {processor.py:183} INFO - Processing /home/airflow/.local/lib/python3.12/site-packages/airflow/example_dags/example_short_circuit_operator.py took 0.082 seconds
[2025-08-17T01:06:10.037+0000] {processor.py:161} INFO - Started process (PID=608) to work on /home/airflow/.local/lib/python3.12/site-packages/airflow/example_dags/example_short_circuit_operator.py
[2025-08-17T01:06:10.038+0000] {processor.py:830} INFO - Processing file /home/airflow/.local/lib/python3.12/site-packages/airflow/example_dags/example_short_circuit_operator.py for tasks to queue
[2025-08-17T01:06:10.041+0000] {logging_mixin.py:188} INFO - [2025-08-17T01:06:10.040+0000] {dagbag.py:545} INFO - Filling up the DagBag from /home/airflow/.local/lib/python3.12/site-packages/airflow/example_dags/example_short_circuit_operator.py
[2025-08-17T01:06:10.049+0000] {processor.py:840} INFO - DAG(s) 'example_short_circuit_operator' retrieved from /home/airflow/.local/lib/python3.12/site-packages/airflow/example_dags/example_short_circuit_operator.py
[2025-08-17T01:06:10.080+0000] {logging_mixin.py:188} INFO - [2025-08-17T01:06:10.079+0000] {dag.py:3089} INFO - Sync 1 DAGs
[2025-08-17T01:06:10.109+0000] {logging_mixin.py:188} INFO - [2025-08-17T01:06:10.109+0000] {dag.py:3947} INFO - Setting next_dagrun for example_short_circuit_operator to 2025-08-16 00:00:00+00:00, run_after=2025-08-17 00:00:00+00:00
[2025-08-17T01:06:10.136+0000] {processor.py:183} INFO - Processing /home/airflow/.local/lib/python3.12/site-packages/airflow/example_dags/example_short_circuit_operator.py took 0.106 seconds
[2025-08-17T01:06:40.268+0000] {processor.py:161} INFO - Started process (PID=667) to work on /home/airflow/.local/lib/python3.12/site-packages/airflow/example_dags/example_short_circuit_operator.py
[2025-08-17T01:06:40.270+0000] {processor.py:830} INFO - Processing file /home/airflow/.local/lib/python3.12/site-packages/airflow/example_dags/example_short_circuit_operator.py for tasks to queue
[2025-08-17T01:06:40.273+0000] {logging_mixin.py:188} INFO - [2025-08-17T01:06:40.272+0000] {dagbag.py:545} INFO - Filling up the DagBag from /home/airflow/.local/lib/python3.12/site-packages/airflow/example_dags/example_short_circuit_operator.py
[2025-08-17T01:06:40.282+0000] {processor.py:840} INFO - DAG(s) 'example_short_circuit_operator' retrieved from /home/airflow/.local/lib/python3.12/site-packages/airflow/example_dags/example_short_circuit_operator.py
[2025-08-17T01:06:40.309+0000] {logging_mixin.py:188} INFO - [2025-08-17T01:06:40.309+0000] {dag.py:3089} INFO - Sync 1 DAGs
[2025-08-17T01:06:40.333+0000] {logging_mixin.py:188} INFO - [2025-08-17T01:06:40.333+0000] {dag.py:3947} INFO - Setting next_dagrun for example_short_circuit_operator to 2025-08-16 00:00:00+00:00, run_after=2025-08-17 00:00:00+00:00
[2025-08-17T01:06:40.358+0000] {processor.py:183} INFO - Processing /home/airflow/.local/lib/python3.12/site-packages/airflow/example_dags/example_short_circuit_operator.py took 0.096 seconds
[2025-08-17T01:07:10.407+0000] {processor.py:161} INFO - Started process (PID=725) to work on /home/airflow/.local/lib/python3.12/site-packages/airflow/example_dags/example_short_circuit_operator.py
[2025-08-17T01:07:10.408+0000] {processor.py:830} INFO - Processing file /home/airflow/.local/lib/python3.12/site-packages/airflow/example_dags/example_short_circuit_operator.py for tasks to queue
[2025-08-17T01:07:10.411+0000] {logging_mixin.py:188} INFO - [2025-08-17T01:07:10.410+0000] {dagbag.py:545} INFO - Filling up the DagBag from /home/airflow/.local/lib/python3.12/site-packages/airflow/example_dags/example_short_circuit_operator.py
[2025-08-17T01:07:10.419+0000] {processor.py:840} INFO - DAG(s) 'example_short_circuit_operator' retrieved from /home/airflow/.local/lib/python3.12/site-packages/airflow/example_dags/example_short_circuit_operator.py
[2025-08-17T01:07:10.445+0000] {logging_mixin.py:188} INFO - [2025-08-17T01:07:10.445+0000] {dag.py:3089} INFO - Sync 1 DAGs
[2025-08-17T01:07:10.474+0000] {logging_mixin.py:188} INFO - [2025-08-17T01:07:10.474+0000] {dag.py:3947} INFO - Setting next_dagrun for example_short_circuit_operator to 2025-08-16 00:00:00+00:00, run_after=2025-08-17 00:00:00+00:00
[2025-08-17T01:07:10.503+0000] {processor.py:183} INFO - Processing /home/airflow/.local/lib/python3.12/site-packages/airflow/example_dags/example_short_circuit_operator.py took 0.103 seconds
[2025-08-17T01:07:40.702+0000] {processor.py:161} INFO - Started process (PID=785) to work on /home/airflow/.local/lib/python3.12/site-packages/airflow/example_dags/example_short_circuit_operator.py
[2025-08-17T01:07:40.704+0000] {processor.py:830} INFO - Processing file /home/airflow/.local/lib/python3.12/site-packages/airflow/example_dags/example_short_circuit_operator.py for tasks to queue
[2025-08-17T01:07:40.706+0000] {logging_mixin.py:188} INFO - [2025-08-17T01:07:40.706+0000] {dagbag.py:545} INFO - Filling up the DagBag from /home/airflow/.local/lib/python3.12/site-packages/airflow/example_dags/example_short_circuit_operator.py
[2025-08-17T01:07:40.713+0000] {processor.py:840} INFO - DAG(s) 'example_short_circuit_operator' retrieved from /home/airflow/.local/lib/python3.12/site-packages/airflow/example_dags/example_short_circuit_operator.py
[2025-08-17T01:07:40.737+0000] {logging_mixin.py:188} INFO - [2025-08-17T01:07:40.737+0000] {dag.py:3089} INFO - Sync 1 DAGs
[2025-08-17T01:07:40.759+0000] {logging_mixin.py:188} INFO - [2025-08-17T01:07:40.759+0000] {dag.py:3947} INFO - Setting next_dagrun for example_short_circuit_operator to 2025-08-16 00:00:00+00:00, run_after=2025-08-17 00:00:00+00:00
[2025-08-17T01:07:40.781+0000] {processor.py:183} INFO - Processing /home/airflow/.local/lib/python3.12/site-packages/airflow/example_dags/example_short_circuit_operator.py took 0.084 seconds
[2025-08-17T01:08:11.664+0000] {processor.py:161} INFO - Started process (PID=844) to work on /home/airflow/.local/lib/python3.12/site-packages/airflow/example_dags/example_short_circuit_operator.py
[2025-08-17T01:08:11.665+0000] {processor.py:830} INFO - Processing file /home/airflow/.local/lib/python3.12/site-packages/airflow/example_dags/example_short_circuit_operator.py for tasks to queue
[2025-08-17T01:08:11.667+0000] {logging_mixin.py:188} INFO - [2025-08-17T01:08:11.667+0000] {dagbag.py:545} INFO - Filling up the DagBag from /home/airflow/.local/lib/python3.12/site-packages/airflow/example_dags/example_short_circuit_operator.py
[2025-08-17T01:08:11.676+0000] {processor.py:840} INFO - DAG(s) 'example_short_circuit_operator' retrieved from /home/airflow/.local/lib/python3.12/site-packages/airflow/example_dags/example_short_circuit_operator.py
[2025-08-17T01:08:11.700+0000] {logging_mixin.py:188} INFO - [2025-08-17T01:08:11.699+0000] {dag.py:3089} INFO - Sync 1 DAGs
[2025-08-17T01:08:11.722+0000] {logging_mixin.py:188} INFO - [2025-08-17T01:08:11.722+0000] {dag.py:3947} INFO - Setting next_dagrun for example_short_circuit_operator to 2025-08-16 00:00:00+00:00, run_after=2025-08-17 00:00:00+00:00
[2025-08-17T01:08:11.742+0000] {processor.py:183} INFO - Processing /home/airflow/.local/lib/python3.12/site-packages/airflow/example_dags/example_short_circuit_operator.py took 0.085 seconds
[2025-08-17T01:08:41.824+0000] {processor.py:161} INFO - Started process (PID=903) to work on /home/airflow/.local/lib/python3.12/site-packages/airflow/example_dags/example_short_circuit_operator.py
[2025-08-17T01:08:41.825+0000] {processor.py:830} INFO - Processing file /home/airflow/.local/lib/python3.12/site-packages/airflow/example_dags/example_short_circuit_operator.py for tasks to queue
[2025-08-17T01:08:41.828+0000] {logging_mixin.py:188} INFO - [2025-08-17T01:08:41.828+0000] {dagbag.py:545} INFO - Filling up the DagBag from /home/airflow/.local/lib/python3.12/site-packages/airflow/example_dags/example_short_circuit_operator.py
[2025-08-17T01:08:41.837+0000] {processor.py:840} INFO - DAG(s) 'example_short_circuit_operator' retrieved from /home/airflow/.local/lib/python3.12/site-packages/airflow/example_dags/example_short_circuit_operator.py
[2025-08-17T01:08:41.866+0000] {logging_mixin.py:188} INFO - [2025-08-17T01:08:41.865+0000] {dag.py:3089} INFO - Sync 1 DAGs
[2025-08-17T01:08:41.892+0000] {logging_mixin.py:188} INFO - [2025-08-17T01:08:41.892+0000] {dag.py:3947} INFO - Setting next_dagrun for example_short_circuit_operator to 2025-08-16 00:00:00+00:00, run_after=2025-08-17 00:00:00+00:00
[2025-08-17T01:08:41.914+0000] {processor.py:183} INFO - Processing /home/airflow/.local/lib/python3.12/site-packages/airflow/example_dags/example_short_circuit_operator.py took 0.097 seconds
[2025-08-17T01:09:12.101+0000] {processor.py:161} INFO - Started process (PID=962) to work on /home/airflow/.local/lib/python3.12/site-packages/airflow/example_dags/example_short_circuit_operator.py
[2025-08-17T01:09:12.103+0000] {processor.py:830} INFO - Processing file /home/airflow/.local/lib/python3.12/site-packages/airflow/example_dags/example_short_circuit_operator.py for tasks to queue
[2025-08-17T01:09:12.105+0000] {logging_mixin.py:188} INFO - [2025-08-17T01:09:12.104+0000] {dagbag.py:545} INFO - Filling up the DagBag from /home/airflow/.local/lib/python3.12/site-packages/airflow/example_dags/example_short_circuit_operator.py
[2025-08-17T01:09:12.112+0000] {processor.py:840} INFO - DAG(s) 'example_short_circuit_operator' retrieved from /home/airflow/.local/lib/python3.12/site-packages/airflow/example_dags/example_short_circuit_operator.py
[2025-08-17T01:09:12.139+0000] {logging_mixin.py:188} INFO - [2025-08-17T01:09:12.139+0000] {dag.py:3089} INFO - Sync 1 DAGs
[2025-08-17T01:09:12.163+0000] {logging_mixin.py:188} INFO - [2025-08-17T01:09:12.163+0000] {dag.py:3947} INFO - Setting next_dagrun for example_short_circuit_operator to 2025-08-16 00:00:00+00:00, run_after=2025-08-17 00:00:00+00:00
[2025-08-17T01:09:12.184+0000] {processor.py:183} INFO - Processing /home/airflow/.local/lib/python3.12/site-packages/airflow/example_dags/example_short_circuit_operator.py took 0.089 seconds
[2025-08-17T01:09:42.423+0000] {processor.py:161} INFO - Started process (PID=1021) to work on /home/airflow/.local/lib/python3.12/site-packages/airflow/example_dags/example_short_circuit_operator.py
[2025-08-17T01:09:42.424+0000] {processor.py:830} INFO - Processing file /home/airflow/.local/lib/python3.12/site-packages/airflow/example_dags/example_short_circuit_operator.py for tasks to queue
[2025-08-17T01:09:42.426+0000] {logging_mixin.py:188} INFO - [2025-08-17T01:09:42.426+0000] {dagbag.py:545} INFO - Filling up the DagBag from /home/airflow/.local/lib/python3.12/site-packages/airflow/example_dags/example_short_circuit_operator.py
[2025-08-17T01:09:42.433+0000] {processor.py:840} INFO - DAG(s) 'example_short_circuit_operator' retrieved from /home/airflow/.local/lib/python3.12/site-packages/airflow/example_dags/example_short_circuit_operator.py
[2025-08-17T01:09:42.459+0000] {logging_mixin.py:188} INFO - [2025-08-17T01:09:42.458+0000] {dag.py:3089} INFO - Sync 1 DAGs
[2025-08-17T01:09:42.481+0000] {logging_mixin.py:188} INFO - [2025-08-17T01:09:42.480+0000] {dag.py:3947} INFO - Setting next_dagrun for example_short_circuit_operator to 2025-08-16 00:00:00+00:00, run_after=2025-08-17 00:00:00+00:00
[2025-08-17T01:09:42.502+0000] {processor.py:183} INFO - Processing /home/airflow/.local/lib/python3.12/site-packages/airflow/example_dags/example_short_circuit_operator.py took 0.085 seconds
[2025-08-17T01:10:12.670+0000] {processor.py:161} INFO - Started process (PID=1081) to work on /home/airflow/.local/lib/python3.12/site-packages/airflow/example_dags/example_short_circuit_operator.py
[2025-08-17T01:10:12.671+0000] {processor.py:830} INFO - Processing file /home/airflow/.local/lib/python3.12/site-packages/airflow/example_dags/example_short_circuit_operator.py for tasks to queue
[2025-08-17T01:10:12.674+0000] {logging_mixin.py:188} INFO - [2025-08-17T01:10:12.673+0000] {dagbag.py:545} INFO - Filling up the DagBag from /home/airflow/.local/lib/python3.12/site-packages/airflow/example_dags/example_short_circuit_operator.py
[2025-08-17T01:10:12.682+0000] {processor.py:840} INFO - DAG(s) 'example_short_circuit_operator' retrieved from /home/airflow/.local/lib/python3.12/site-packages/airflow/example_dags/example_short_circuit_operator.py
[2025-08-17T01:10:12.710+0000] {logging_mixin.py:188} INFO - [2025-08-17T01:10:12.709+0000] {dag.py:3089} INFO - Sync 1 DAGs
[2025-08-17T01:10:12.737+0000] {logging_mixin.py:188} INFO - [2025-08-17T01:10:12.737+0000] {dag.py:3947} INFO - Setting next_dagrun for example_short_circuit_operator to 2025-08-16 00:00:00+00:00, run_after=2025-08-17 00:00:00+00:00
[2025-08-17T01:10:12.759+0000] {processor.py:183} INFO - Processing /home/airflow/.local/lib/python3.12/site-packages/airflow/example_dags/example_short_circuit_operator.py took 0.096 seconds
[2025-08-17T01:10:43.174+0000] {processor.py:161} INFO - Started process (PID=1140) to work on /home/airflow/.local/lib/python3.12/site-packages/airflow/example_dags/example_short_circuit_operator.py
[2025-08-17T01:10:43.176+0000] {processor.py:830} INFO - Processing file /home/airflow/.local/lib/python3.12/site-packages/airflow/example_dags/example_short_circuit_operator.py for tasks to queue
[2025-08-17T01:10:43.178+0000] {logging_mixin.py:188} INFO - [2025-08-17T01:10:43.178+0000] {dagbag.py:545} INFO - Filling up the DagBag from /home/airflow/.local/lib/python3.12/site-packages/airflow/example_dags/example_short_circuit_operator.py
[2025-08-17T01:10:43.186+0000] {processor.py:840} INFO - DAG(s) 'example_short_circuit_operator' retrieved from /home/airflow/.local/lib/python3.12/site-packages/airflow/example_dags/example_short_circuit_operator.py
[2025-08-17T01:10:43.211+0000] {logging_mixin.py:188} INFO - [2025-08-17T01:10:43.211+0000] {dag.py:3089} INFO - Sync 1 DAGs
[2025-08-17T01:10:43.233+0000] {logging_mixin.py:188} INFO - [2025-08-17T01:10:43.233+0000] {dag.py:3947} INFO - Setting next_dagrun for example_short_circuit_operator to 2025-08-16 00:00:00+00:00, run_after=2025-08-17 00:00:00+00:00
[2025-08-17T01:10:43.252+0000] {processor.py:183} INFO - Processing /home/airflow/.local/lib/python3.12/site-packages/airflow/example_dags/example_short_circuit_operator.py took 0.083 seconds
[2025-08-17T01:11:13.646+0000] {processor.py:161} INFO - Started process (PID=1199) to work on /home/airflow/.local/lib/python3.12/site-packages/airflow/example_dags/example_short_circuit_operator.py
[2025-08-17T01:11:13.648+0000] {processor.py:830} INFO - Processing file /home/airflow/.local/lib/python3.12/site-packages/airflow/example_dags/example_short_circuit_operator.py for tasks to queue
[2025-08-17T01:11:13.651+0000] {logging_mixin.py:188} INFO - [2025-08-17T01:11:13.651+0000] {dagbag.py:545} INFO - Filling up the DagBag from /home/airflow/.local/lib/python3.12/site-packages/airflow/example_dags/example_short_circuit_operator.py
[2025-08-17T01:11:13.662+0000] {processor.py:840} INFO - DAG(s) 'example_short_circuit_operator' retrieved from /home/airflow/.local/lib/python3.12/site-packages/airflow/example_dags/example_short_circuit_operator.py
[2025-08-17T01:11:13.694+0000] {logging_mixin.py:188} INFO - [2025-08-17T01:11:13.694+0000] {dag.py:3089} INFO - Sync 1 DAGs
[2025-08-17T01:11:13.720+0000] {logging_mixin.py:188} INFO - [2025-08-17T01:11:13.720+0000] {dag.py:3947} INFO - Setting next_dagrun for example_short_circuit_operator to 2025-08-16 00:00:00+00:00, run_after=2025-08-17 00:00:00+00:00
[2025-08-17T01:11:13.743+0000] {processor.py:183} INFO - Processing /home/airflow/.local/lib/python3.12/site-packages/airflow/example_dags/example_short_circuit_operator.py took 0.105 seconds
[2025-08-17T01:11:44.175+0000] {processor.py:161} INFO - Started process (PID=1258) to work on /home/airflow/.local/lib/python3.12/site-packages/airflow/example_dags/example_short_circuit_operator.py
[2025-08-17T01:11:44.177+0000] {processor.py:830} INFO - Processing file /home/airflow/.local/lib/python3.12/site-packages/airflow/example_dags/example_short_circuit_operator.py for tasks to queue
[2025-08-17T01:11:44.180+0000] {logging_mixin.py:188} INFO - [2025-08-17T01:11:44.179+0000] {dagbag.py:545} INFO - Filling up the DagBag from /home/airflow/.local/lib/python3.12/site-packages/airflow/example_dags/example_short_circuit_operator.py
[2025-08-17T01:11:44.189+0000] {processor.py:840} INFO - DAG(s) 'example_short_circuit_operator' retrieved from /home/airflow/.local/lib/python3.12/site-packages/airflow/example_dags/example_short_circuit_operator.py
[2025-08-17T01:11:44.219+0000] {logging_mixin.py:188} INFO - [2025-08-17T01:11:44.218+0000] {dag.py:3089} INFO - Sync 1 DAGs
[2025-08-17T01:11:44.244+0000] {logging_mixin.py:188} INFO - [2025-08-17T01:11:44.243+0000] {dag.py:3947} INFO - Setting next_dagrun for example_short_circuit_operator to 2025-08-16 00:00:00+00:00, run_after=2025-08-17 00:00:00+00:00
[2025-08-17T01:11:44.268+0000] {processor.py:183} INFO - Processing /home/airflow/.local/lib/python3.12/site-packages/airflow/example_dags/example_short_circuit_operator.py took 0.098 seconds
[2025-08-17T01:12:14.469+0000] {processor.py:161} INFO - Started process (PID=1317) to work on /home/airflow/.local/lib/python3.12/site-packages/airflow/example_dags/example_short_circuit_operator.py
[2025-08-17T01:12:14.470+0000] {processor.py:830} INFO - Processing file /home/airflow/.local/lib/python3.12/site-packages/airflow/example_dags/example_short_circuit_operator.py for tasks to queue
[2025-08-17T01:12:14.473+0000] {logging_mixin.py:188} INFO - [2025-08-17T01:12:14.472+0000] {dagbag.py:545} INFO - Filling up the DagBag from /home/airflow/.local/lib/python3.12/site-packages/airflow/example_dags/example_short_circuit_operator.py
[2025-08-17T01:12:14.481+0000] {processor.py:840} INFO - DAG(s) 'example_short_circuit_operator' retrieved from /home/airflow/.local/lib/python3.12/site-packages/airflow/example_dags/example_short_circuit_operator.py
[2025-08-17T01:12:14.505+0000] {logging_mixin.py:188} INFO - [2025-08-17T01:12:14.504+0000] {dag.py:3089} INFO - Sync 1 DAGs
[2025-08-17T01:12:14.525+0000] {logging_mixin.py:188} INFO - [2025-08-17T01:12:14.525+0000] {dag.py:3947} INFO - Setting next_dagrun for example_short_circuit_operator to 2025-08-16 00:00:00+00:00, run_after=2025-08-17 00:00:00+00:00
[2025-08-17T01:12:14.548+0000] {processor.py:183} INFO - Processing /home/airflow/.local/lib/python3.12/site-packages/airflow/example_dags/example_short_circuit_operator.py took 0.084 seconds
[2025-08-17T01:12:45.043+0000] {processor.py:161} INFO - Started process (PID=1376) to work on /home/airflow/.local/lib/python3.12/site-packages/airflow/example_dags/example_short_circuit_operator.py
[2025-08-17T01:12:45.045+0000] {processor.py:830} INFO - Processing file /home/airflow/.local/lib/python3.12/site-packages/airflow/example_dags/example_short_circuit_operator.py for tasks to queue
[2025-08-17T01:12:45.047+0000] {logging_mixin.py:188} INFO - [2025-08-17T01:12:45.047+0000] {dagbag.py:545} INFO - Filling up the DagBag from /home/airflow/.local/lib/python3.12/site-packages/airflow/example_dags/example_short_circuit_operator.py
[2025-08-17T01:12:45.055+0000] {processor.py:840} INFO - DAG(s) 'example_short_circuit_operator' retrieved from /home/airflow/.local/lib/python3.12/site-packages/airflow/example_dags/example_short_circuit_operator.py
[2025-08-17T01:12:45.083+0000] {logging_mixin.py:188} INFO - [2025-08-17T01:12:45.083+0000] {dag.py:3089} INFO - Sync 1 DAGs
[2025-08-17T01:12:45.105+0000] {logging_mixin.py:188} INFO - [2025-08-17T01:12:45.105+0000] {dag.py:3947} INFO - Setting next_dagrun for example_short_circuit_operator to 2025-08-16 00:00:00+00:00, run_after=2025-08-17 00:00:00+00:00
[2025-08-17T01:12:45.125+0000] {processor.py:183} INFO - Processing /home/airflow/.local/lib/python3.12/site-packages/airflow/example_dags/example_short_circuit_operator.py took 0.088 seconds
[2025-08-17T01:13:15.558+0000] {processor.py:161} INFO - Started process (PID=1436) to work on /home/airflow/.local/lib/python3.12/site-packages/airflow/example_dags/example_short_circuit_operator.py
[2025-08-17T01:13:15.559+0000] {processor.py:830} INFO - Processing file /home/airflow/.local/lib/python3.12/site-packages/airflow/example_dags/example_short_circuit_operator.py for tasks to queue
[2025-08-17T01:13:15.561+0000] {logging_mixin.py:188} INFO - [2025-08-17T01:13:15.561+0000] {dagbag.py:545} INFO - Filling up the DagBag from /home/airflow/.local/lib/python3.12/site-packages/airflow/example_dags/example_short_circuit_operator.py
[2025-08-17T01:13:15.569+0000] {processor.py:840} INFO - DAG(s) 'example_short_circuit_operator' retrieved from /home/airflow/.local/lib/python3.12/site-packages/airflow/example_dags/example_short_circuit_operator.py
[2025-08-17T01:13:15.593+0000] {logging_mixin.py:188} INFO - [2025-08-17T01:13:15.593+0000] {dag.py:3089} INFO - Sync 1 DAGs
[2025-08-17T01:13:15.616+0000] {logging_mixin.py:188} INFO - [2025-08-17T01:13:15.616+0000] {dag.py:3947} INFO - Setting next_dagrun for example_short_circuit_operator to 2025-08-16 00:00:00+00:00, run_after=2025-08-17 00:00:00+00:00
[2025-08-17T01:13:15.637+0000] {processor.py:183} INFO - Processing /home/airflow/.local/lib/python3.12/site-packages/airflow/example_dags/example_short_circuit_operator.py took 0.084 seconds
[2025-08-17T01:13:45.948+0000] {processor.py:161} INFO - Started process (PID=1495) to work on /home/airflow/.local/lib/python3.12/site-packages/airflow/example_dags/example_short_circuit_operator.py
[2025-08-17T01:13:45.950+0000] {processor.py:830} INFO - Processing file /home/airflow/.local/lib/python3.12/site-packages/airflow/example_dags/example_short_circuit_operator.py for tasks to queue
[2025-08-17T01:13:45.953+0000] {logging_mixin.py:188} INFO - [2025-08-17T01:13:45.952+0000] {dagbag.py:545} INFO - Filling up the DagBag from /home/airflow/.local/lib/python3.12/site-packages/airflow/example_dags/example_short_circuit_operator.py
[2025-08-17T01:13:45.960+0000] {processor.py:840} INFO - DAG(s) 'example_short_circuit_operator' retrieved from /home/airflow/.local/lib/python3.12/site-packages/airflow/example_dags/example_short_circuit_operator.py
[2025-08-17T01:13:45.983+0000] {logging_mixin.py:188} INFO - [2025-08-17T01:13:45.983+0000] {dag.py:3089} INFO - Sync 1 DAGs
[2025-08-17T01:13:46.004+0000] {logging_mixin.py:188} INFO - [2025-08-17T01:13:46.004+0000] {dag.py:3947} INFO - Setting next_dagrun for example_short_circuit_operator to 2025-08-16 00:00:00+00:00, run_after=2025-08-17 00:00:00+00:00
[2025-08-17T01:13:46.031+0000] {processor.py:183} INFO - Processing /home/airflow/.local/lib/python3.12/site-packages/airflow/example_dags/example_short_circuit_operator.py took 0.089 seconds
[2025-08-17T01:14:16.565+0000] {processor.py:161} INFO - Started process (PID=1554) to work on /home/airflow/.local/lib/python3.12/site-packages/airflow/example_dags/example_short_circuit_operator.py
[2025-08-17T01:14:16.566+0000] {processor.py:830} INFO - Processing file /home/airflow/.local/lib/python3.12/site-packages/airflow/example_dags/example_short_circuit_operator.py for tasks to queue
[2025-08-17T01:14:16.569+0000] {logging_mixin.py:188} INFO - [2025-08-17T01:14:16.568+0000] {dagbag.py:545} INFO - Filling up the DagBag from /home/airflow/.local/lib/python3.12/site-packages/airflow/example_dags/example_short_circuit_operator.py
[2025-08-17T01:14:16.576+0000] {processor.py:840} INFO - DAG(s) 'example_short_circuit_operator' retrieved from /home/airflow/.local/lib/python3.12/site-packages/airflow/example_dags/example_short_circuit_operator.py
[2025-08-17T01:14:16.602+0000] {logging_mixin.py:188} INFO - [2025-08-17T01:14:16.601+0000] {dag.py:3089} INFO - Sync 1 DAGs
[2025-08-17T01:14:16.626+0000] {logging_mixin.py:188} INFO - [2025-08-17T01:14:16.626+0000] {dag.py:3947} INFO - Setting next_dagrun for example_short_circuit_operator to 2025-08-16 00:00:00+00:00, run_after=2025-08-17 00:00:00+00:00
[2025-08-17T01:14:16.649+0000] {processor.py:183} INFO - Processing /home/airflow/.local/lib/python3.12/site-packages/airflow/example_dags/example_short_circuit_operator.py took 0.089 seconds
[2025-08-17T01:14:47.210+0000] {processor.py:161} INFO - Started process (PID=1613) to work on /home/airflow/.local/lib/python3.12/site-packages/airflow/example_dags/example_short_circuit_operator.py
[2025-08-17T01:14:47.212+0000] {processor.py:830} INFO - Processing file /home/airflow/.local/lib/python3.12/site-packages/airflow/example_dags/example_short_circuit_operator.py for tasks to queue
[2025-08-17T01:14:47.214+0000] {logging_mixin.py:188} INFO - [2025-08-17T01:14:47.214+0000] {dagbag.py:545} INFO - Filling up the DagBag from /home/airflow/.local/lib/python3.12/site-packages/airflow/example_dags/example_short_circuit_operator.py
[2025-08-17T01:14:47.223+0000] {processor.py:840} INFO - DAG(s) 'example_short_circuit_operator' retrieved from /home/airflow/.local/lib/python3.12/site-packages/airflow/example_dags/example_short_circuit_operator.py
[2025-08-17T01:14:47.253+0000] {logging_mixin.py:188} INFO - [2025-08-17T01:14:47.253+0000] {dag.py:3089} INFO - Sync 1 DAGs
[2025-08-17T01:14:47.284+0000] {logging_mixin.py:188} INFO - [2025-08-17T01:14:47.284+0000] {dag.py:3947} INFO - Setting next_dagrun for example_short_circuit_operator to 2025-08-16 00:00:00+00:00, run_after=2025-08-17 00:00:00+00:00
[2025-08-17T01:14:47.333+0000] {processor.py:183} INFO - Processing /home/airflow/.local/lib/python3.12/site-packages/airflow/example_dags/example_short_circuit_operator.py took 0.130 seconds
[2025-08-17T01:15:17.516+0000] {processor.py:161} INFO - Started process (PID=1672) to work on /home/airflow/.local/lib/python3.12/site-packages/airflow/example_dags/example_short_circuit_operator.py
[2025-08-17T01:15:17.517+0000] {processor.py:830} INFO - Processing file /home/airflow/.local/lib/python3.12/site-packages/airflow/example_dags/example_short_circuit_operator.py for tasks to queue
[2025-08-17T01:15:17.519+0000] {logging_mixin.py:188} INFO - [2025-08-17T01:15:17.519+0000] {dagbag.py:545} INFO - Filling up the DagBag from /home/airflow/.local/lib/python3.12/site-packages/airflow/example_dags/example_short_circuit_operator.py
[2025-08-17T01:15:17.526+0000] {processor.py:840} INFO - DAG(s) 'example_short_circuit_operator' retrieved from /home/airflow/.local/lib/python3.12/site-packages/airflow/example_dags/example_short_circuit_operator.py
[2025-08-17T01:15:17.548+0000] {logging_mixin.py:188} INFO - [2025-08-17T01:15:17.548+0000] {dag.py:3089} INFO - Sync 1 DAGs
[2025-08-17T01:15:17.568+0000] {logging_mixin.py:188} INFO - [2025-08-17T01:15:17.568+0000] {dag.py:3947} INFO - Setting next_dagrun for example_short_circuit_operator to 2025-08-16 00:00:00+00:00, run_after=2025-08-17 00:00:00+00:00
[2025-08-17T01:15:17.739+0000] {processor.py:183} INFO - Processing /home/airflow/.local/lib/python3.12/site-packages/airflow/example_dags/example_short_circuit_operator.py took 0.229 seconds
[2025-08-17T01:15:48.365+0000] {processor.py:161} INFO - Started process (PID=1731) to work on /home/airflow/.local/lib/python3.12/site-packages/airflow/example_dags/example_short_circuit_operator.py
[2025-08-17T01:15:48.366+0000] {processor.py:830} INFO - Processing file /home/airflow/.local/lib/python3.12/site-packages/airflow/example_dags/example_short_circuit_operator.py for tasks to queue
[2025-08-17T01:15:48.369+0000] {logging_mixin.py:188} INFO - [2025-08-17T01:15:48.368+0000] {dagbag.py:545} INFO - Filling up the DagBag from /home/airflow/.local/lib/python3.12/site-packages/airflow/example_dags/example_short_circuit_operator.py
[2025-08-17T01:15:48.376+0000] {processor.py:840} INFO - DAG(s) 'example_short_circuit_operator' retrieved from /home/airflow/.local/lib/python3.12/site-packages/airflow/example_dags/example_short_circuit_operator.py
[2025-08-17T01:15:48.401+0000] {logging_mixin.py:188} INFO - [2025-08-17T01:15:48.401+0000] {dag.py:3089} INFO - Sync 1 DAGs
[2025-08-17T01:15:48.425+0000] {logging_mixin.py:188} INFO - [2025-08-17T01:15:48.425+0000] {dag.py:3947} INFO - Setting next_dagrun for example_short_circuit_operator to 2025-08-16 00:00:00+00:00, run_after=2025-08-17 00:00:00+00:00
[2025-08-17T01:15:48.605+0000] {processor.py:183} INFO - Processing /home/airflow/.local/lib/python3.12/site-packages/airflow/example_dags/example_short_circuit_operator.py took 0.246 seconds
[2025-08-17T01:16:19.157+0000] {processor.py:161} INFO - Started process (PID=1790) to work on /home/airflow/.local/lib/python3.12/site-packages/airflow/example_dags/example_short_circuit_operator.py
[2025-08-17T01:16:19.158+0000] {processor.py:830} INFO - Processing file /home/airflow/.local/lib/python3.12/site-packages/airflow/example_dags/example_short_circuit_operator.py for tasks to queue
[2025-08-17T01:16:19.161+0000] {logging_mixin.py:188} INFO - [2025-08-17T01:16:19.160+0000] {dagbag.py:545} INFO - Filling up the DagBag from /home/airflow/.local/lib/python3.12/site-packages/airflow/example_dags/example_short_circuit_operator.py
[2025-08-17T01:16:19.168+0000] {processor.py:840} INFO - DAG(s) 'example_short_circuit_operator' retrieved from /home/airflow/.local/lib/python3.12/site-packages/airflow/example_dags/example_short_circuit_operator.py
[2025-08-17T01:16:19.192+0000] {logging_mixin.py:188} INFO - [2025-08-17T01:16:19.191+0000] {dag.py:3089} INFO - Sync 1 DAGs
[2025-08-17T01:16:19.210+0000] {logging_mixin.py:188} INFO - [2025-08-17T01:16:19.210+0000] {dag.py:3947} INFO - Setting next_dagrun for example_short_circuit_operator to 2025-08-16 00:00:00+00:00, run_after=2025-08-17 00:00:00+00:00
[2025-08-17T01:16:19.226+0000] {processor.py:183} INFO - Processing /home/airflow/.local/lib/python3.12/site-packages/airflow/example_dags/example_short_circuit_operator.py took 0.075 seconds
[2025-08-17T01:17:38.171+0000] {processor.py:161} INFO - Started process (PID=77) to work on /home/airflow/.local/lib/python3.12/site-packages/airflow/example_dags/example_short_circuit_operator.py
[2025-08-17T01:17:38.173+0000] {processor.py:830} INFO - Processing file /home/airflow/.local/lib/python3.12/site-packages/airflow/example_dags/example_short_circuit_operator.py for tasks to queue
[2025-08-17T01:17:38.177+0000] {logging_mixin.py:188} INFO - [2025-08-17T01:17:38.176+0000] {dagbag.py:545} INFO - Filling up the DagBag from /home/airflow/.local/lib/python3.12/site-packages/airflow/example_dags/example_short_circuit_operator.py
[2025-08-17T01:17:38.193+0000] {processor.py:840} INFO - DAG(s) 'example_short_circuit_operator' retrieved from /home/airflow/.local/lib/python3.12/site-packages/airflow/example_dags/example_short_circuit_operator.py
[2025-08-17T01:17:38.365+0000] {logging_mixin.py:188} INFO - [2025-08-17T01:17:38.364+0000] {dag.py:3089} INFO - Sync 1 DAGs
[2025-08-17T01:17:38.398+0000] {logging_mixin.py:188} INFO - [2025-08-17T01:17:38.398+0000] {dag.py:3947} INFO - Setting next_dagrun for example_short_circuit_operator to 2025-08-16 00:00:00+00:00, run_after=2025-08-17 00:00:00+00:00
[2025-08-17T01:17:38.433+0000] {processor.py:183} INFO - Processing /home/airflow/.local/lib/python3.12/site-packages/airflow/example_dags/example_short_circuit_operator.py took 0.272 seconds
[2025-08-17T01:18:08.770+0000] {processor.py:161} INFO - Started process (PID=136) to work on /home/airflow/.local/lib/python3.12/site-packages/airflow/example_dags/example_short_circuit_operator.py
[2025-08-17T01:18:08.772+0000] {processor.py:830} INFO - Processing file /home/airflow/.local/lib/python3.12/site-packages/airflow/example_dags/example_short_circuit_operator.py for tasks to queue
[2025-08-17T01:18:08.775+0000] {logging_mixin.py:188} INFO - [2025-08-17T01:18:08.774+0000] {dagbag.py:545} INFO - Filling up the DagBag from /home/airflow/.local/lib/python3.12/site-packages/airflow/example_dags/example_short_circuit_operator.py
[2025-08-17T01:18:08.790+0000] {processor.py:840} INFO - DAG(s) 'example_short_circuit_operator' retrieved from /home/airflow/.local/lib/python3.12/site-packages/airflow/example_dags/example_short_circuit_operator.py
[2025-08-17T01:18:08.835+0000] {logging_mixin.py:188} INFO - [2025-08-17T01:18:08.834+0000] {dag.py:3089} INFO - Sync 1 DAGs
[2025-08-17T01:18:08.873+0000] {logging_mixin.py:188} INFO - [2025-08-17T01:18:08.873+0000] {dag.py:3947} INFO - Setting next_dagrun for example_short_circuit_operator to 2025-08-16 00:00:00+00:00, run_after=2025-08-17 00:00:00+00:00
[2025-08-17T01:18:08.915+0000] {processor.py:183} INFO - Processing /home/airflow/.local/lib/python3.12/site-packages/airflow/example_dags/example_short_circuit_operator.py took 0.156 seconds
[2025-08-17T01:18:39.033+0000] {processor.py:161} INFO - Started process (PID=195) to work on /home/airflow/.local/lib/python3.12/site-packages/airflow/example_dags/example_short_circuit_operator.py
[2025-08-17T01:18:39.034+0000] {processor.py:830} INFO - Processing file /home/airflow/.local/lib/python3.12/site-packages/airflow/example_dags/example_short_circuit_operator.py for tasks to queue
[2025-08-17T01:18:39.037+0000] {logging_mixin.py:188} INFO - [2025-08-17T01:18:39.036+0000] {dagbag.py:545} INFO - Filling up the DagBag from /home/airflow/.local/lib/python3.12/site-packages/airflow/example_dags/example_short_circuit_operator.py
[2025-08-17T01:18:39.044+0000] {processor.py:840} INFO - DAG(s) 'example_short_circuit_operator' retrieved from /home/airflow/.local/lib/python3.12/site-packages/airflow/example_dags/example_short_circuit_operator.py
[2025-08-17T01:18:39.066+0000] {logging_mixin.py:188} INFO - [2025-08-17T01:18:39.066+0000] {dag.py:3089} INFO - Sync 1 DAGs
[2025-08-17T01:18:39.090+0000] {logging_mixin.py:188} INFO - [2025-08-17T01:18:39.090+0000] {dag.py:3947} INFO - Setting next_dagrun for example_short_circuit_operator to 2025-08-16 00:00:00+00:00, run_after=2025-08-17 00:00:00+00:00
[2025-08-17T01:18:39.110+0000] {processor.py:183} INFO - Processing /home/airflow/.local/lib/python3.12/site-packages/airflow/example_dags/example_short_circuit_operator.py took 0.083 seconds
[2025-08-17T01:19:09.276+0000] {processor.py:161} INFO - Started process (PID=254) to work on /home/airflow/.local/lib/python3.12/site-packages/airflow/example_dags/example_short_circuit_operator.py
[2025-08-17T01:19:09.277+0000] {processor.py:830} INFO - Processing file /home/airflow/.local/lib/python3.12/site-packages/airflow/example_dags/example_short_circuit_operator.py for tasks to queue
[2025-08-17T01:19:09.280+0000] {logging_mixin.py:188} INFO - [2025-08-17T01:19:09.280+0000] {dagbag.py:545} INFO - Filling up the DagBag from /home/airflow/.local/lib/python3.12/site-packages/airflow/example_dags/example_short_circuit_operator.py
[2025-08-17T01:19:09.290+0000] {processor.py:840} INFO - DAG(s) 'example_short_circuit_operator' retrieved from /home/airflow/.local/lib/python3.12/site-packages/airflow/example_dags/example_short_circuit_operator.py
[2025-08-17T01:19:09.320+0000] {logging_mixin.py:188} INFO - [2025-08-17T01:19:09.319+0000] {dag.py:3089} INFO - Sync 1 DAGs
[2025-08-17T01:19:09.345+0000] {logging_mixin.py:188} INFO - [2025-08-17T01:19:09.345+0000] {dag.py:3947} INFO - Setting next_dagrun for example_short_circuit_operator to 2025-08-16 00:00:00+00:00, run_after=2025-08-17 00:00:00+00:00
[2025-08-17T01:19:09.367+0000] {processor.py:183} INFO - Processing /home/airflow/.local/lib/python3.12/site-packages/airflow/example_dags/example_short_circuit_operator.py took 0.098 seconds
[2025-08-17T01:19:39.503+0000] {processor.py:161} INFO - Started process (PID=313) to work on /home/airflow/.local/lib/python3.12/site-packages/airflow/example_dags/example_short_circuit_operator.py
[2025-08-17T01:19:39.504+0000] {processor.py:830} INFO - Processing file /home/airflow/.local/lib/python3.12/site-packages/airflow/example_dags/example_short_circuit_operator.py for tasks to queue
[2025-08-17T01:19:39.507+0000] {logging_mixin.py:188} INFO - [2025-08-17T01:19:39.507+0000] {dagbag.py:545} INFO - Filling up the DagBag from /home/airflow/.local/lib/python3.12/site-packages/airflow/example_dags/example_short_circuit_operator.py
[2025-08-17T01:19:39.515+0000] {processor.py:840} INFO - DAG(s) 'example_short_circuit_operator' retrieved from /home/airflow/.local/lib/python3.12/site-packages/airflow/example_dags/example_short_circuit_operator.py
[2025-08-17T01:19:39.541+0000] {logging_mixin.py:188} INFO - [2025-08-17T01:19:39.540+0000] {dag.py:3089} INFO - Sync 1 DAGs
[2025-08-17T01:19:39.562+0000] {logging_mixin.py:188} INFO - [2025-08-17T01:19:39.561+0000] {dag.py:3947} INFO - Setting next_dagrun for example_short_circuit_operator to 2025-08-16 00:00:00+00:00, run_after=2025-08-17 00:00:00+00:00
[2025-08-17T01:19:39.582+0000] {processor.py:183} INFO - Processing /home/airflow/.local/lib/python3.12/site-packages/airflow/example_dags/example_short_circuit_operator.py took 0.085 seconds
[2025-08-17T01:20:09.706+0000] {processor.py:161} INFO - Started process (PID=372) to work on /home/airflow/.local/lib/python3.12/site-packages/airflow/example_dags/example_short_circuit_operator.py
[2025-08-17T01:20:09.708+0000] {processor.py:830} INFO - Processing file /home/airflow/.local/lib/python3.12/site-packages/airflow/example_dags/example_short_circuit_operator.py for tasks to queue
[2025-08-17T01:20:09.710+0000] {logging_mixin.py:188} INFO - [2025-08-17T01:20:09.709+0000] {dagbag.py:545} INFO - Filling up the DagBag from /home/airflow/.local/lib/python3.12/site-packages/airflow/example_dags/example_short_circuit_operator.py
[2025-08-17T01:20:09.718+0000] {processor.py:840} INFO - DAG(s) 'example_short_circuit_operator' retrieved from /home/airflow/.local/lib/python3.12/site-packages/airflow/example_dags/example_short_circuit_operator.py
[2025-08-17T01:20:09.744+0000] {logging_mixin.py:188} INFO - [2025-08-17T01:20:09.744+0000] {dag.py:3089} INFO - Sync 1 DAGs
[2025-08-17T01:20:09.766+0000] {logging_mixin.py:188} INFO - [2025-08-17T01:20:09.766+0000] {dag.py:3947} INFO - Setting next_dagrun for example_short_circuit_operator to 2025-08-16 00:00:00+00:00, run_after=2025-08-17 00:00:00+00:00
[2025-08-17T01:20:09.788+0000] {processor.py:183} INFO - Processing /home/airflow/.local/lib/python3.12/site-packages/airflow/example_dags/example_short_circuit_operator.py took 0.088 seconds
[2025-08-17T01:20:39.855+0000] {processor.py:161} INFO - Started process (PID=431) to work on /home/airflow/.local/lib/python3.12/site-packages/airflow/example_dags/example_short_circuit_operator.py
[2025-08-17T01:20:39.856+0000] {processor.py:830} INFO - Processing file /home/airflow/.local/lib/python3.12/site-packages/airflow/example_dags/example_short_circuit_operator.py for tasks to queue
[2025-08-17T01:20:39.859+0000] {logging_mixin.py:188} INFO - [2025-08-17T01:20:39.859+0000] {dagbag.py:545} INFO - Filling up the DagBag from /home/airflow/.local/lib/python3.12/site-packages/airflow/example_dags/example_short_circuit_operator.py
[2025-08-17T01:20:39.866+0000] {processor.py:840} INFO - DAG(s) 'example_short_circuit_operator' retrieved from /home/airflow/.local/lib/python3.12/site-packages/airflow/example_dags/example_short_circuit_operator.py
[2025-08-17T01:20:39.891+0000] {logging_mixin.py:188} INFO - [2025-08-17T01:20:39.891+0000] {dag.py:3089} INFO - Sync 1 DAGs
[2025-08-17T01:20:39.913+0000] {logging_mixin.py:188} INFO - [2025-08-17T01:20:39.913+0000] {dag.py:3947} INFO - Setting next_dagrun for example_short_circuit_operator to 2025-08-16 00:00:00+00:00, run_after=2025-08-17 00:00:00+00:00
[2025-08-17T01:20:39.935+0000] {processor.py:183} INFO - Processing /home/airflow/.local/lib/python3.12/site-packages/airflow/example_dags/example_short_circuit_operator.py took 0.085 seconds
[2025-08-17T01:21:10.555+0000] {processor.py:161} INFO - Started process (PID=497) to work on /home/airflow/.local/lib/python3.12/site-packages/airflow/example_dags/example_short_circuit_operator.py
[2025-08-17T01:21:10.558+0000] {processor.py:830} INFO - Processing file /home/airflow/.local/lib/python3.12/site-packages/airflow/example_dags/example_short_circuit_operator.py for tasks to queue
[2025-08-17T01:21:10.561+0000] {logging_mixin.py:188} INFO - [2025-08-17T01:21:10.560+0000] {dagbag.py:545} INFO - Filling up the DagBag from /home/airflow/.local/lib/python3.12/site-packages/airflow/example_dags/example_short_circuit_operator.py
[2025-08-17T01:21:10.568+0000] {processor.py:840} INFO - DAG(s) 'example_short_circuit_operator' retrieved from /home/airflow/.local/lib/python3.12/site-packages/airflow/example_dags/example_short_circuit_operator.py
[2025-08-17T01:21:10.591+0000] {logging_mixin.py:188} INFO - [2025-08-17T01:21:10.591+0000] {dag.py:3089} INFO - Sync 1 DAGs
[2025-08-17T01:21:10.611+0000] {logging_mixin.py:188} INFO - [2025-08-17T01:21:10.611+0000] {dag.py:3947} INFO - Setting next_dagrun for example_short_circuit_operator to 2025-08-16 00:00:00+00:00, run_after=2025-08-17 00:00:00+00:00
[2025-08-17T01:21:10.628+0000] {processor.py:183} INFO - Processing /home/airflow/.local/lib/python3.12/site-packages/airflow/example_dags/example_short_circuit_operator.py took 0.078 seconds
[2025-08-17T01:21:40.941+0000] {processor.py:161} INFO - Started process (PID=556) to work on /home/airflow/.local/lib/python3.12/site-packages/airflow/example_dags/example_short_circuit_operator.py
[2025-08-17T01:21:40.943+0000] {processor.py:830} INFO - Processing file /home/airflow/.local/lib/python3.12/site-packages/airflow/example_dags/example_short_circuit_operator.py for tasks to queue
[2025-08-17T01:21:40.946+0000] {logging_mixin.py:188} INFO - [2025-08-17T01:21:40.946+0000] {dagbag.py:545} INFO - Filling up the DagBag from /home/airflow/.local/lib/python3.12/site-packages/airflow/example_dags/example_short_circuit_operator.py
[2025-08-17T01:21:40.955+0000] {processor.py:840} INFO - DAG(s) 'example_short_circuit_operator' retrieved from /home/airflow/.local/lib/python3.12/site-packages/airflow/example_dags/example_short_circuit_operator.py
[2025-08-17T01:21:40.979+0000] {logging_mixin.py:188} INFO - [2025-08-17T01:21:40.978+0000] {dag.py:3089} INFO - Sync 1 DAGs
[2025-08-17T01:21:40.998+0000] {logging_mixin.py:188} INFO - [2025-08-17T01:21:40.998+0000] {dag.py:3947} INFO - Setting next_dagrun for example_short_circuit_operator to 2025-08-16 00:00:00+00:00, run_after=2025-08-17 00:00:00+00:00
[2025-08-17T01:21:41.023+0000] {processor.py:183} INFO - Processing /home/airflow/.local/lib/python3.12/site-packages/airflow/example_dags/example_short_circuit_operator.py took 0.089 seconds
[2025-08-17T01:22:11.198+0000] {processor.py:161} INFO - Started process (PID=615) to work on /home/airflow/.local/lib/python3.12/site-packages/airflow/example_dags/example_short_circuit_operator.py
[2025-08-17T01:22:11.200+0000] {processor.py:830} INFO - Processing file /home/airflow/.local/lib/python3.12/site-packages/airflow/example_dags/example_short_circuit_operator.py for tasks to queue
[2025-08-17T01:22:11.203+0000] {logging_mixin.py:188} INFO - [2025-08-17T01:22:11.203+0000] {dagbag.py:545} INFO - Filling up the DagBag from /home/airflow/.local/lib/python3.12/site-packages/airflow/example_dags/example_short_circuit_operator.py
[2025-08-17T01:22:11.212+0000] {processor.py:840} INFO - DAG(s) 'example_short_circuit_operator' retrieved from /home/airflow/.local/lib/python3.12/site-packages/airflow/example_dags/example_short_circuit_operator.py
[2025-08-17T01:22:11.239+0000] {logging_mixin.py:188} INFO - [2025-08-17T01:22:11.239+0000] {dag.py:3089} INFO - Sync 1 DAGs
[2025-08-17T01:22:11.261+0000] {logging_mixin.py:188} INFO - [2025-08-17T01:22:11.261+0000] {dag.py:3947} INFO - Setting next_dagrun for example_short_circuit_operator to 2025-08-16 00:00:00+00:00, run_after=2025-08-17 00:00:00+00:00
[2025-08-17T01:22:11.281+0000] {processor.py:183} INFO - Processing /home/airflow/.local/lib/python3.12/site-packages/airflow/example_dags/example_short_circuit_operator.py took 0.090 seconds
[2025-08-17T01:22:41.339+0000] {processor.py:161} INFO - Started process (PID=674) to work on /home/airflow/.local/lib/python3.12/site-packages/airflow/example_dags/example_short_circuit_operator.py
[2025-08-17T01:22:41.340+0000] {processor.py:830} INFO - Processing file /home/airflow/.local/lib/python3.12/site-packages/airflow/example_dags/example_short_circuit_operator.py for tasks to queue
[2025-08-17T01:22:41.342+0000] {logging_mixin.py:188} INFO - [2025-08-17T01:22:41.342+0000] {dagbag.py:545} INFO - Filling up the DagBag from /home/airflow/.local/lib/python3.12/site-packages/airflow/example_dags/example_short_circuit_operator.py
[2025-08-17T01:22:41.350+0000] {processor.py:840} INFO - DAG(s) 'example_short_circuit_operator' retrieved from /home/airflow/.local/lib/python3.12/site-packages/airflow/example_dags/example_short_circuit_operator.py
[2025-08-17T01:22:41.373+0000] {logging_mixin.py:188} INFO - [2025-08-17T01:22:41.373+0000] {dag.py:3089} INFO - Sync 1 DAGs
[2025-08-17T01:22:41.393+0000] {logging_mixin.py:188} INFO - [2025-08-17T01:22:41.393+0000] {dag.py:3947} INFO - Setting next_dagrun for example_short_circuit_operator to 2025-08-16 00:00:00+00:00, run_after=2025-08-17 00:00:00+00:00
[2025-08-17T01:22:41.412+0000] {processor.py:183} INFO - Processing /home/airflow/.local/lib/python3.12/site-packages/airflow/example_dags/example_short_circuit_operator.py took 0.079 seconds
[2025-08-17T01:23:11.688+0000] {processor.py:161} INFO - Started process (PID=733) to work on /home/airflow/.local/lib/python3.12/site-packages/airflow/example_dags/example_short_circuit_operator.py
[2025-08-17T01:23:11.690+0000] {processor.py:830} INFO - Processing file /home/airflow/.local/lib/python3.12/site-packages/airflow/example_dags/example_short_circuit_operator.py for tasks to queue
[2025-08-17T01:23:11.692+0000] {logging_mixin.py:188} INFO - [2025-08-17T01:23:11.692+0000] {dagbag.py:545} INFO - Filling up the DagBag from /home/airflow/.local/lib/python3.12/site-packages/airflow/example_dags/example_short_circuit_operator.py
[2025-08-17T01:23:11.700+0000] {processor.py:840} INFO - DAG(s) 'example_short_circuit_operator' retrieved from /home/airflow/.local/lib/python3.12/site-packages/airflow/example_dags/example_short_circuit_operator.py
[2025-08-17T01:23:11.726+0000] {logging_mixin.py:188} INFO - [2025-08-17T01:23:11.726+0000] {dag.py:3089} INFO - Sync 1 DAGs
[2025-08-17T01:23:11.750+0000] {logging_mixin.py:188} INFO - [2025-08-17T01:23:11.750+0000] {dag.py:3947} INFO - Setting next_dagrun for example_short_circuit_operator to 2025-08-16 00:00:00+00:00, run_after=2025-08-17 00:00:00+00:00
[2025-08-17T01:23:11.772+0000] {processor.py:183} INFO - Processing /home/airflow/.local/lib/python3.12/site-packages/airflow/example_dags/example_short_circuit_operator.py took 0.089 seconds
[2025-08-17T01:23:42.473+0000] {processor.py:161} INFO - Started process (PID=792) to work on /home/airflow/.local/lib/python3.12/site-packages/airflow/example_dags/example_short_circuit_operator.py
[2025-08-17T01:23:42.474+0000] {processor.py:830} INFO - Processing file /home/airflow/.local/lib/python3.12/site-packages/airflow/example_dags/example_short_circuit_operator.py for tasks to queue
[2025-08-17T01:23:42.476+0000] {logging_mixin.py:188} INFO - [2025-08-17T01:23:42.476+0000] {dagbag.py:545} INFO - Filling up the DagBag from /home/airflow/.local/lib/python3.12/site-packages/airflow/example_dags/example_short_circuit_operator.py
[2025-08-17T01:23:42.484+0000] {processor.py:840} INFO - DAG(s) 'example_short_circuit_operator' retrieved from /home/airflow/.local/lib/python3.12/site-packages/airflow/example_dags/example_short_circuit_operator.py
[2025-08-17T01:23:42.509+0000] {logging_mixin.py:188} INFO - [2025-08-17T01:23:42.509+0000] {dag.py:3089} INFO - Sync 1 DAGs
[2025-08-17T01:23:42.531+0000] {logging_mixin.py:188} INFO - [2025-08-17T01:23:42.531+0000] {dag.py:3947} INFO - Setting next_dagrun for example_short_circuit_operator to 2025-08-16 00:00:00+00:00, run_after=2025-08-17 00:00:00+00:00
[2025-08-17T01:23:42.554+0000] {processor.py:183} INFO - Processing /home/airflow/.local/lib/python3.12/site-packages/airflow/example_dags/example_short_circuit_operator.py took 0.088 seconds
[2025-08-17T01:24:12.893+0000] {processor.py:161} INFO - Started process (PID=851) to work on /home/airflow/.local/lib/python3.12/site-packages/airflow/example_dags/example_short_circuit_operator.py
[2025-08-17T01:24:12.895+0000] {processor.py:830} INFO - Processing file /home/airflow/.local/lib/python3.12/site-packages/airflow/example_dags/example_short_circuit_operator.py for tasks to queue
[2025-08-17T01:24:12.898+0000] {logging_mixin.py:188} INFO - [2025-08-17T01:24:12.897+0000] {dagbag.py:545} INFO - Filling up the DagBag from /home/airflow/.local/lib/python3.12/site-packages/airflow/example_dags/example_short_circuit_operator.py
[2025-08-17T01:24:12.905+0000] {processor.py:840} INFO - DAG(s) 'example_short_circuit_operator' retrieved from /home/airflow/.local/lib/python3.12/site-packages/airflow/example_dags/example_short_circuit_operator.py
[2025-08-17T01:24:12.932+0000] {logging_mixin.py:188} INFO - [2025-08-17T01:24:12.932+0000] {dag.py:3089} INFO - Sync 1 DAGs
[2025-08-17T01:24:12.960+0000] {logging_mixin.py:188} INFO - [2025-08-17T01:24:12.960+0000] {dag.py:3947} INFO - Setting next_dagrun for example_short_circuit_operator to 2025-08-16 00:00:00+00:00, run_after=2025-08-17 00:00:00+00:00
[2025-08-17T01:24:12.980+0000] {processor.py:183} INFO - Processing /home/airflow/.local/lib/python3.12/site-packages/airflow/example_dags/example_short_circuit_operator.py took 0.093 seconds
[2025-08-17T01:24:43.203+0000] {processor.py:161} INFO - Started process (PID=910) to work on /home/airflow/.local/lib/python3.12/site-packages/airflow/example_dags/example_short_circuit_operator.py
[2025-08-17T01:24:43.204+0000] {processor.py:830} INFO - Processing file /home/airflow/.local/lib/python3.12/site-packages/airflow/example_dags/example_short_circuit_operator.py for tasks to queue
[2025-08-17T01:24:43.207+0000] {logging_mixin.py:188} INFO - [2025-08-17T01:24:43.207+0000] {dagbag.py:545} INFO - Filling up the DagBag from /home/airflow/.local/lib/python3.12/site-packages/airflow/example_dags/example_short_circuit_operator.py
[2025-08-17T01:24:43.215+0000] {processor.py:840} INFO - DAG(s) 'example_short_circuit_operator' retrieved from /home/airflow/.local/lib/python3.12/site-packages/airflow/example_dags/example_short_circuit_operator.py
[2025-08-17T01:24:43.242+0000] {logging_mixin.py:188} INFO - [2025-08-17T01:24:43.242+0000] {dag.py:3089} INFO - Sync 1 DAGs
[2025-08-17T01:24:43.267+0000] {logging_mixin.py:188} INFO - [2025-08-17T01:24:43.266+0000] {dag.py:3947} INFO - Setting next_dagrun for example_short_circuit_operator to 2025-08-16 00:00:00+00:00, run_after=2025-08-17 00:00:00+00:00
[2025-08-17T01:24:43.297+0000] {processor.py:183} INFO - Processing /home/airflow/.local/lib/python3.12/site-packages/airflow/example_dags/example_short_circuit_operator.py took 0.101 seconds
[2025-08-17T01:25:13.608+0000] {processor.py:161} INFO - Started process (PID=969) to work on /home/airflow/.local/lib/python3.12/site-packages/airflow/example_dags/example_short_circuit_operator.py
[2025-08-17T01:25:13.610+0000] {processor.py:830} INFO - Processing file /home/airflow/.local/lib/python3.12/site-packages/airflow/example_dags/example_short_circuit_operator.py for tasks to queue
[2025-08-17T01:25:13.612+0000] {logging_mixin.py:188} INFO - [2025-08-17T01:25:13.612+0000] {dagbag.py:545} INFO - Filling up the DagBag from /home/airflow/.local/lib/python3.12/site-packages/airflow/example_dags/example_short_circuit_operator.py
[2025-08-17T01:25:13.620+0000] {processor.py:840} INFO - DAG(s) 'example_short_circuit_operator' retrieved from /home/airflow/.local/lib/python3.12/site-packages/airflow/example_dags/example_short_circuit_operator.py
[2025-08-17T01:25:13.648+0000] {logging_mixin.py:188} INFO - [2025-08-17T01:25:13.647+0000] {dag.py:3089} INFO - Sync 1 DAGs
[2025-08-17T01:25:13.675+0000] {logging_mixin.py:188} INFO - [2025-08-17T01:25:13.675+0000] {dag.py:3947} INFO - Setting next_dagrun for example_short_circuit_operator to 2025-08-16 00:00:00+00:00, run_after=2025-08-17 00:00:00+00:00
[2025-08-17T01:25:13.701+0000] {processor.py:183} INFO - Processing /home/airflow/.local/lib/python3.12/site-packages/airflow/example_dags/example_short_circuit_operator.py took 0.099 seconds
[2025-08-17T01:26:39.462+0000] {processor.py:161} INFO - Started process (PID=77) to work on /home/airflow/.local/lib/python3.12/site-packages/airflow/example_dags/example_short_circuit_operator.py
[2025-08-17T01:26:39.464+0000] {processor.py:830} INFO - Processing file /home/airflow/.local/lib/python3.12/site-packages/airflow/example_dags/example_short_circuit_operator.py for tasks to queue
[2025-08-17T01:26:39.467+0000] {logging_mixin.py:188} INFO - [2025-08-17T01:26:39.466+0000] {dagbag.py:545} INFO - Filling up the DagBag from /home/airflow/.local/lib/python3.12/site-packages/airflow/example_dags/example_short_circuit_operator.py
[2025-08-17T01:26:39.481+0000] {processor.py:840} INFO - DAG(s) 'example_short_circuit_operator' retrieved from /home/airflow/.local/lib/python3.12/site-packages/airflow/example_dags/example_short_circuit_operator.py
[2025-08-17T01:26:39.655+0000] {logging_mixin.py:188} INFO - [2025-08-17T01:26:39.655+0000] {dag.py:3089} INFO - Sync 1 DAGs
[2025-08-17T01:26:39.691+0000] {logging_mixin.py:188} INFO - [2025-08-17T01:26:39.690+0000] {dag.py:3947} INFO - Setting next_dagrun for example_short_circuit_operator to 2025-08-16 00:00:00+00:00, run_after=2025-08-17 00:00:00+00:00
[2025-08-17T01:26:39.726+0000] {processor.py:183} INFO - Processing /home/airflow/.local/lib/python3.12/site-packages/airflow/example_dags/example_short_circuit_operator.py took 0.271 seconds
[2025-08-17T01:27:09.817+0000] {processor.py:161} INFO - Started process (PID=136) to work on /home/airflow/.local/lib/python3.12/site-packages/airflow/example_dags/example_short_circuit_operator.py
[2025-08-17T01:27:09.818+0000] {processor.py:830} INFO - Processing file /home/airflow/.local/lib/python3.12/site-packages/airflow/example_dags/example_short_circuit_operator.py for tasks to queue
[2025-08-17T01:27:09.822+0000] {logging_mixin.py:188} INFO - [2025-08-17T01:27:09.821+0000] {dagbag.py:545} INFO - Filling up the DagBag from /home/airflow/.local/lib/python3.12/site-packages/airflow/example_dags/example_short_circuit_operator.py
[2025-08-17T01:27:09.831+0000] {processor.py:840} INFO - DAG(s) 'example_short_circuit_operator' retrieved from /home/airflow/.local/lib/python3.12/site-packages/airflow/example_dags/example_short_circuit_operator.py
[2025-08-17T01:27:09.848+0000] {logging_mixin.py:188} INFO - [2025-08-17T01:27:09.848+0000] {dag.py:3089} INFO - Sync 1 DAGs
[2025-08-17T01:27:09.875+0000] {logging_mixin.py:188} INFO - [2025-08-17T01:27:09.875+0000] {dag.py:3947} INFO - Setting next_dagrun for example_short_circuit_operator to 2025-08-16 00:00:00+00:00, run_after=2025-08-17 00:00:00+00:00
[2025-08-17T01:27:09.899+0000] {processor.py:183} INFO - Processing /home/airflow/.local/lib/python3.12/site-packages/airflow/example_dags/example_short_circuit_operator.py took 0.089 seconds
[2025-08-17T01:27:41.000+0000] {processor.py:161} INFO - Started process (PID=201) to work on /home/airflow/.local/lib/python3.12/site-packages/airflow/example_dags/example_short_circuit_operator.py
[2025-08-17T01:27:41.002+0000] {processor.py:830} INFO - Processing file /home/airflow/.local/lib/python3.12/site-packages/airflow/example_dags/example_short_circuit_operator.py for tasks to queue
[2025-08-17T01:27:41.005+0000] {logging_mixin.py:188} INFO - [2025-08-17T01:27:41.004+0000] {dagbag.py:545} INFO - Filling up the DagBag from /home/airflow/.local/lib/python3.12/site-packages/airflow/example_dags/example_short_circuit_operator.py
[2025-08-17T01:27:41.013+0000] {processor.py:840} INFO - DAG(s) 'example_short_circuit_operator' retrieved from /home/airflow/.local/lib/python3.12/site-packages/airflow/example_dags/example_short_circuit_operator.py
[2025-08-17T01:27:41.143+0000] {logging_mixin.py:188} INFO - [2025-08-17T01:27:41.143+0000] {dag.py:3089} INFO - Sync 1 DAGs
[2025-08-17T01:27:41.167+0000] {logging_mixin.py:188} INFO - [2025-08-17T01:27:41.167+0000] {dag.py:3947} INFO - Setting next_dagrun for example_short_circuit_operator to 2025-08-16 00:00:00+00:00, run_after=2025-08-17 00:00:00+00:00
[2025-08-17T01:27:41.193+0000] {processor.py:183} INFO - Processing /home/airflow/.local/lib/python3.12/site-packages/airflow/example_dags/example_short_circuit_operator.py took 0.200 seconds
[2025-08-17T01:28:11.458+0000] {processor.py:161} INFO - Started process (PID=260) to work on /home/airflow/.local/lib/python3.12/site-packages/airflow/example_dags/example_short_circuit_operator.py
[2025-08-17T01:28:11.460+0000] {processor.py:830} INFO - Processing file /home/airflow/.local/lib/python3.12/site-packages/airflow/example_dags/example_short_circuit_operator.py for tasks to queue
[2025-08-17T01:28:11.463+0000] {logging_mixin.py:188} INFO - [2025-08-17T01:28:11.463+0000] {dagbag.py:545} INFO - Filling up the DagBag from /home/airflow/.local/lib/python3.12/site-packages/airflow/example_dags/example_short_circuit_operator.py
[2025-08-17T01:28:11.497+0000] {processor.py:840} INFO - DAG(s) 'example_short_circuit_operator' retrieved from /home/airflow/.local/lib/python3.12/site-packages/airflow/example_dags/example_short_circuit_operator.py
[2025-08-17T01:28:11.539+0000] {logging_mixin.py:188} INFO - [2025-08-17T01:28:11.539+0000] {dag.py:3089} INFO - Sync 1 DAGs
[2025-08-17T01:28:11.587+0000] {logging_mixin.py:188} INFO - [2025-08-17T01:28:11.587+0000] {dag.py:3947} INFO - Setting next_dagrun for example_short_circuit_operator to 2025-08-16 00:00:00+00:00, run_after=2025-08-17 00:00:00+00:00
[2025-08-17T01:28:11.628+0000] {processor.py:183} INFO - Processing /home/airflow/.local/lib/python3.12/site-packages/airflow/example_dags/example_short_circuit_operator.py took 0.177 seconds
[2025-08-17T01:28:41.968+0000] {processor.py:161} INFO - Started process (PID=319) to work on /home/airflow/.local/lib/python3.12/site-packages/airflow/example_dags/example_short_circuit_operator.py
[2025-08-17T01:28:41.969+0000] {processor.py:830} INFO - Processing file /home/airflow/.local/lib/python3.12/site-packages/airflow/example_dags/example_short_circuit_operator.py for tasks to queue
[2025-08-17T01:28:41.972+0000] {logging_mixin.py:188} INFO - [2025-08-17T01:28:41.971+0000] {dagbag.py:545} INFO - Filling up the DagBag from /home/airflow/.local/lib/python3.12/site-packages/airflow/example_dags/example_short_circuit_operator.py
[2025-08-17T01:28:41.979+0000] {processor.py:840} INFO - DAG(s) 'example_short_circuit_operator' retrieved from /home/airflow/.local/lib/python3.12/site-packages/airflow/example_dags/example_short_circuit_operator.py
[2025-08-17T01:28:42.006+0000] {logging_mixin.py:188} INFO - [2025-08-17T01:28:42.005+0000] {dag.py:3089} INFO - Sync 1 DAGs
[2025-08-17T01:28:42.028+0000] {logging_mixin.py:188} INFO - [2025-08-17T01:28:42.028+0000] {dag.py:3947} INFO - Setting next_dagrun for example_short_circuit_operator to 2025-08-16 00:00:00+00:00, run_after=2025-08-17 00:00:00+00:00
[2025-08-17T01:28:42.047+0000] {processor.py:183} INFO - Processing /home/airflow/.local/lib/python3.12/site-packages/airflow/example_dags/example_short_circuit_operator.py took 0.086 seconds
[2025-08-17T01:29:12.193+0000] {processor.py:161} INFO - Started process (PID=379) to work on /home/airflow/.local/lib/python3.12/site-packages/airflow/example_dags/example_short_circuit_operator.py
[2025-08-17T01:29:12.195+0000] {processor.py:830} INFO - Processing file /home/airflow/.local/lib/python3.12/site-packages/airflow/example_dags/example_short_circuit_operator.py for tasks to queue
[2025-08-17T01:29:12.197+0000] {logging_mixin.py:188} INFO - [2025-08-17T01:29:12.197+0000] {dagbag.py:545} INFO - Filling up the DagBag from /home/airflow/.local/lib/python3.12/site-packages/airflow/example_dags/example_short_circuit_operator.py
[2025-08-17T01:29:12.205+0000] {processor.py:840} INFO - DAG(s) 'example_short_circuit_operator' retrieved from /home/airflow/.local/lib/python3.12/site-packages/airflow/example_dags/example_short_circuit_operator.py
[2025-08-17T01:29:12.232+0000] {logging_mixin.py:188} INFO - [2025-08-17T01:29:12.232+0000] {dag.py:3089} INFO - Sync 1 DAGs
[2025-08-17T01:29:12.259+0000] {logging_mixin.py:188} INFO - [2025-08-17T01:29:12.258+0000] {dag.py:3947} INFO - Setting next_dagrun for example_short_circuit_operator to 2025-08-16 00:00:00+00:00, run_after=2025-08-17 00:00:00+00:00
[2025-08-17T01:29:12.282+0000] {processor.py:183} INFO - Processing /home/airflow/.local/lib/python3.12/site-packages/airflow/example_dags/example_short_circuit_operator.py took 0.096 seconds
[2025-08-17T01:29:42.602+0000] {processor.py:161} INFO - Started process (PID=439) to work on /home/airflow/.local/lib/python3.12/site-packages/airflow/example_dags/example_short_circuit_operator.py
[2025-08-17T01:29:42.604+0000] {processor.py:830} INFO - Processing file /home/airflow/.local/lib/python3.12/site-packages/airflow/example_dags/example_short_circuit_operator.py for tasks to queue
[2025-08-17T01:29:42.606+0000] {logging_mixin.py:188} INFO - [2025-08-17T01:29:42.606+0000] {dagbag.py:545} INFO - Filling up the DagBag from /home/airflow/.local/lib/python3.12/site-packages/airflow/example_dags/example_short_circuit_operator.py
[2025-08-17T01:29:42.613+0000] {processor.py:840} INFO - DAG(s) 'example_short_circuit_operator' retrieved from /home/airflow/.local/lib/python3.12/site-packages/airflow/example_dags/example_short_circuit_operator.py
[2025-08-17T01:29:42.638+0000] {logging_mixin.py:188} INFO - [2025-08-17T01:29:42.637+0000] {dag.py:3089} INFO - Sync 1 DAGs
[2025-08-17T01:29:42.661+0000] {logging_mixin.py:188} INFO - [2025-08-17T01:29:42.660+0000] {dag.py:3947} INFO - Setting next_dagrun for example_short_circuit_operator to 2025-08-16 00:00:00+00:00, run_after=2025-08-17 00:00:00+00:00
[2025-08-17T01:29:42.681+0000] {processor.py:183} INFO - Processing /home/airflow/.local/lib/python3.12/site-packages/airflow/example_dags/example_short_circuit_operator.py took 0.085 seconds
[2025-08-17T01:30:13.218+0000] {processor.py:161} INFO - Started process (PID=498) to work on /home/airflow/.local/lib/python3.12/site-packages/airflow/example_dags/example_short_circuit_operator.py
[2025-08-17T01:30:13.219+0000] {processor.py:830} INFO - Processing file /home/airflow/.local/lib/python3.12/site-packages/airflow/example_dags/example_short_circuit_operator.py for tasks to queue
[2025-08-17T01:30:13.222+0000] {logging_mixin.py:188} INFO - [2025-08-17T01:30:13.222+0000] {dagbag.py:545} INFO - Filling up the DagBag from /home/airflow/.local/lib/python3.12/site-packages/airflow/example_dags/example_short_circuit_operator.py
[2025-08-17T01:30:13.230+0000] {processor.py:840} INFO - DAG(s) 'example_short_circuit_operator' retrieved from /home/airflow/.local/lib/python3.12/site-packages/airflow/example_dags/example_short_circuit_operator.py
[2025-08-17T01:30:13.256+0000] {logging_mixin.py:188} INFO - [2025-08-17T01:30:13.255+0000] {dag.py:3089} INFO - Sync 1 DAGs
[2025-08-17T01:30:13.276+0000] {logging_mixin.py:188} INFO - [2025-08-17T01:30:13.276+0000] {dag.py:3947} INFO - Setting next_dagrun for example_short_circuit_operator to 2025-08-16 00:00:00+00:00, run_after=2025-08-17 00:00:00+00:00
[2025-08-17T01:30:13.296+0000] {processor.py:183} INFO - Processing /home/airflow/.local/lib/python3.12/site-packages/airflow/example_dags/example_short_circuit_operator.py took 0.085 seconds
[2025-08-17T01:30:43.694+0000] {processor.py:161} INFO - Started process (PID=557) to work on /home/airflow/.local/lib/python3.12/site-packages/airflow/example_dags/example_short_circuit_operator.py
[2025-08-17T01:30:43.696+0000] {processor.py:830} INFO - Processing file /home/airflow/.local/lib/python3.12/site-packages/airflow/example_dags/example_short_circuit_operator.py for tasks to queue
[2025-08-17T01:30:43.699+0000] {logging_mixin.py:188} INFO - [2025-08-17T01:30:43.698+0000] {dagbag.py:545} INFO - Filling up the DagBag from /home/airflow/.local/lib/python3.12/site-packages/airflow/example_dags/example_short_circuit_operator.py
[2025-08-17T01:30:43.707+0000] {processor.py:840} INFO - DAG(s) 'example_short_circuit_operator' retrieved from /home/airflow/.local/lib/python3.12/site-packages/airflow/example_dags/example_short_circuit_operator.py
[2025-08-17T01:30:43.735+0000] {logging_mixin.py:188} INFO - [2025-08-17T01:30:43.734+0000] {dag.py:3089} INFO - Sync 1 DAGs
[2025-08-17T01:30:43.759+0000] {logging_mixin.py:188} INFO - [2025-08-17T01:30:43.759+0000] {dag.py:3947} INFO - Setting next_dagrun for example_short_circuit_operator to 2025-08-16 00:00:00+00:00, run_after=2025-08-17 00:00:00+00:00
[2025-08-17T01:30:43.782+0000] {processor.py:183} INFO - Processing /home/airflow/.local/lib/python3.12/site-packages/airflow/example_dags/example_short_circuit_operator.py took 0.095 seconds
[2025-08-17T01:31:14.156+0000] {processor.py:161} INFO - Started process (PID=616) to work on /home/airflow/.local/lib/python3.12/site-packages/airflow/example_dags/example_short_circuit_operator.py
[2025-08-17T01:31:14.158+0000] {processor.py:830} INFO - Processing file /home/airflow/.local/lib/python3.12/site-packages/airflow/example_dags/example_short_circuit_operator.py for tasks to queue
[2025-08-17T01:31:14.161+0000] {logging_mixin.py:188} INFO - [2025-08-17T01:31:14.160+0000] {dagbag.py:545} INFO - Filling up the DagBag from /home/airflow/.local/lib/python3.12/site-packages/airflow/example_dags/example_short_circuit_operator.py
[2025-08-17T01:31:14.169+0000] {processor.py:840} INFO - DAG(s) 'example_short_circuit_operator' retrieved from /home/airflow/.local/lib/python3.12/site-packages/airflow/example_dags/example_short_circuit_operator.py
[2025-08-17T01:31:14.195+0000] {logging_mixin.py:188} INFO - [2025-08-17T01:31:14.195+0000] {dag.py:3089} INFO - Sync 1 DAGs
[2025-08-17T01:31:14.219+0000] {logging_mixin.py:188} INFO - [2025-08-17T01:31:14.219+0000] {dag.py:3947} INFO - Setting next_dagrun for example_short_circuit_operator to 2025-08-16 00:00:00+00:00, run_after=2025-08-17 00:00:00+00:00
[2025-08-17T01:31:14.243+0000] {processor.py:183} INFO - Processing /home/airflow/.local/lib/python3.12/site-packages/airflow/example_dags/example_short_circuit_operator.py took 0.093 seconds
[2025-08-17T01:31:44.880+0000] {processor.py:161} INFO - Started process (PID=678) to work on /home/airflow/.local/lib/python3.12/site-packages/airflow/example_dags/example_short_circuit_operator.py
[2025-08-17T01:31:44.881+0000] {processor.py:830} INFO - Processing file /home/airflow/.local/lib/python3.12/site-packages/airflow/example_dags/example_short_circuit_operator.py for tasks to queue
[2025-08-17T01:31:44.884+0000] {logging_mixin.py:188} INFO - [2025-08-17T01:31:44.883+0000] {dagbag.py:545} INFO - Filling up the DagBag from /home/airflow/.local/lib/python3.12/site-packages/airflow/example_dags/example_short_circuit_operator.py
[2025-08-17T01:31:44.893+0000] {processor.py:840} INFO - DAG(s) 'example_short_circuit_operator' retrieved from /home/airflow/.local/lib/python3.12/site-packages/airflow/example_dags/example_short_circuit_operator.py
[2025-08-17T01:31:44.922+0000] {logging_mixin.py:188} INFO - [2025-08-17T01:31:44.922+0000] {dag.py:3089} INFO - Sync 1 DAGs
[2025-08-17T01:31:44.947+0000] {logging_mixin.py:188} INFO - [2025-08-17T01:31:44.947+0000] {dag.py:3947} INFO - Setting next_dagrun for example_short_circuit_operator to 2025-08-16 00:00:00+00:00, run_after=2025-08-17 00:00:00+00:00
[2025-08-17T01:31:44.972+0000] {processor.py:183} INFO - Processing /home/airflow/.local/lib/python3.12/site-packages/airflow/example_dags/example_short_circuit_operator.py took 0.099 seconds
