[2025-08-17T00:53:36.739+0000] {processor.py:161} INFO - Started process (PID=103) to work on /home/airflow/.local/lib/python3.12/site-packages/airflow/example_dags/example_xcom.py
[2025-08-17T00:53:36.740+0000] {processor.py:830} INFO - Processing file /home/airflow/.local/lib/python3.12/site-packages/airflow/example_dags/example_xcom.py for tasks to queue
[2025-08-17T00:53:36.743+0000] {logging_mixin.py:188} INFO - [2025-08-17T00:53:36.742+0000] {dagbag.py:545} INFO - Filling up the DagBag from /home/airflow/.local/lib/python3.12/site-packages/airflow/example_dags/example_xcom.py
[2025-08-17T00:53:36.753+0000] {processor.py:840} INFO - DAG(s) 'example_xcom' retrieved from /home/airflow/.local/lib/python3.12/site-packages/airflow/example_dags/example_xcom.py
[2025-08-17T00:53:36.876+0000] {logging_mixin.py:188} INFO - [2025-08-17T00:53:36.875+0000] {dag.py:3089} INFO - Sync 1 DAGs
[2025-08-17T00:53:36.904+0000] {logging_mixin.py:188} INFO - [2025-08-17T00:53:36.903+0000] {dag.py:3947} INFO - Setting next_dagrun for example_xcom to 2021-01-01 00:00:00+00:00, run_after=2021-01-01 00:00:00+00:00
[2025-08-17T00:53:36.934+0000] {processor.py:183} INFO - Processing /home/airflow/.local/lib/python3.12/site-packages/airflow/example_dags/example_xcom.py took 0.203 seconds
[2025-08-17T00:54:07.825+0000] {processor.py:161} INFO - Started process (PID=161) to work on /home/airflow/.local/lib/python3.12/site-packages/airflow/example_dags/example_xcom.py
[2025-08-17T00:54:07.827+0000] {processor.py:830} INFO - Processing file /home/airflow/.local/lib/python3.12/site-packages/airflow/example_dags/example_xcom.py for tasks to queue
[2025-08-17T00:54:07.829+0000] {logging_mixin.py:188} INFO - [2025-08-17T00:54:07.829+0000] {dagbag.py:545} INFO - Filling up the DagBag from /home/airflow/.local/lib/python3.12/site-packages/airflow/example_dags/example_xcom.py
[2025-08-17T00:54:07.837+0000] {processor.py:840} INFO - DAG(s) 'example_xcom' retrieved from /home/airflow/.local/lib/python3.12/site-packages/airflow/example_dags/example_xcom.py
[2025-08-17T00:54:07.861+0000] {logging_mixin.py:188} INFO - [2025-08-17T00:54:07.861+0000] {dag.py:3089} INFO - Sync 1 DAGs
[2025-08-17T00:54:07.884+0000] {logging_mixin.py:188} INFO - [2025-08-17T00:54:07.883+0000] {dag.py:3947} INFO - Setting next_dagrun for example_xcom to 2021-01-01 00:00:00+00:00, run_after=2021-01-01 00:00:00+00:00
[2025-08-17T00:54:07.902+0000] {processor.py:183} INFO - Processing /home/airflow/.local/lib/python3.12/site-packages/airflow/example_dags/example_xcom.py took 0.083 seconds
[2025-08-17T00:54:38.117+0000] {processor.py:161} INFO - Started process (PID=219) to work on /home/airflow/.local/lib/python3.12/site-packages/airflow/example_dags/example_xcom.py
[2025-08-17T00:54:38.118+0000] {processor.py:830} INFO - Processing file /home/airflow/.local/lib/python3.12/site-packages/airflow/example_dags/example_xcom.py for tasks to queue
[2025-08-17T00:54:38.121+0000] {logging_mixin.py:188} INFO - [2025-08-17T00:54:38.120+0000] {dagbag.py:545} INFO - Filling up the DagBag from /home/airflow/.local/lib/python3.12/site-packages/airflow/example_dags/example_xcom.py
[2025-08-17T00:54:38.129+0000] {processor.py:840} INFO - DAG(s) 'example_xcom' retrieved from /home/airflow/.local/lib/python3.12/site-packages/airflow/example_dags/example_xcom.py
[2025-08-17T00:54:38.156+0000] {logging_mixin.py:188} INFO - [2025-08-17T00:54:38.155+0000] {dag.py:3089} INFO - Sync 1 DAGs
[2025-08-17T00:54:38.178+0000] {logging_mixin.py:188} INFO - [2025-08-17T00:54:38.177+0000] {dag.py:3947} INFO - Setting next_dagrun for example_xcom to 2021-01-01 00:00:00+00:00, run_after=2021-01-01 00:00:00+00:00
[2025-08-17T00:54:38.198+0000] {processor.py:183} INFO - Processing /home/airflow/.local/lib/python3.12/site-packages/airflow/example_dags/example_xcom.py took 0.087 seconds
[2025-08-17T00:55:08.676+0000] {processor.py:161} INFO - Started process (PID=277) to work on /home/airflow/.local/lib/python3.12/site-packages/airflow/example_dags/example_xcom.py
[2025-08-17T00:55:08.677+0000] {processor.py:830} INFO - Processing file /home/airflow/.local/lib/python3.12/site-packages/airflow/example_dags/example_xcom.py for tasks to queue
[2025-08-17T00:55:08.680+0000] {logging_mixin.py:188} INFO - [2025-08-17T00:55:08.680+0000] {dagbag.py:545} INFO - Filling up the DagBag from /home/airflow/.local/lib/python3.12/site-packages/airflow/example_dags/example_xcom.py
[2025-08-17T00:55:08.688+0000] {processor.py:840} INFO - DAG(s) 'example_xcom' retrieved from /home/airflow/.local/lib/python3.12/site-packages/airflow/example_dags/example_xcom.py
[2025-08-17T00:55:08.713+0000] {logging_mixin.py:188} INFO - [2025-08-17T00:55:08.712+0000] {dag.py:3089} INFO - Sync 1 DAGs
[2025-08-17T00:55:08.736+0000] {logging_mixin.py:188} INFO - [2025-08-17T00:55:08.736+0000] {dag.py:3947} INFO - Setting next_dagrun for example_xcom to 2021-01-01 00:00:00+00:00, run_after=2021-01-01 00:00:00+00:00
[2025-08-17T00:55:08.757+0000] {processor.py:183} INFO - Processing /home/airflow/.local/lib/python3.12/site-packages/airflow/example_dags/example_xcom.py took 0.087 seconds
[2025-08-17T00:55:39.632+0000] {processor.py:161} INFO - Started process (PID=336) to work on /home/airflow/.local/lib/python3.12/site-packages/airflow/example_dags/example_xcom.py
[2025-08-17T00:55:39.634+0000] {processor.py:830} INFO - Processing file /home/airflow/.local/lib/python3.12/site-packages/airflow/example_dags/example_xcom.py for tasks to queue
[2025-08-17T00:55:39.636+0000] {logging_mixin.py:188} INFO - [2025-08-17T00:55:39.636+0000] {dagbag.py:545} INFO - Filling up the DagBag from /home/airflow/.local/lib/python3.12/site-packages/airflow/example_dags/example_xcom.py
[2025-08-17T00:55:39.647+0000] {processor.py:840} INFO - DAG(s) 'example_xcom' retrieved from /home/airflow/.local/lib/python3.12/site-packages/airflow/example_dags/example_xcom.py
[2025-08-17T00:55:39.673+0000] {logging_mixin.py:188} INFO - [2025-08-17T00:55:39.672+0000] {dag.py:3089} INFO - Sync 1 DAGs
[2025-08-17T00:55:39.697+0000] {logging_mixin.py:188} INFO - [2025-08-17T00:55:39.696+0000] {dag.py:3947} INFO - Setting next_dagrun for example_xcom to 2021-01-01 00:00:00+00:00, run_after=2021-01-01 00:00:00+00:00
[2025-08-17T00:55:39.716+0000] {processor.py:183} INFO - Processing /home/airflow/.local/lib/python3.12/site-packages/airflow/example_dags/example_xcom.py took 0.090 seconds
[2025-08-17T00:56:10.037+0000] {processor.py:161} INFO - Started process (PID=394) to work on /home/airflow/.local/lib/python3.12/site-packages/airflow/example_dags/example_xcom.py
[2025-08-17T00:56:10.038+0000] {processor.py:830} INFO - Processing file /home/airflow/.local/lib/python3.12/site-packages/airflow/example_dags/example_xcom.py for tasks to queue
[2025-08-17T00:56:10.040+0000] {logging_mixin.py:188} INFO - [2025-08-17T00:56:10.040+0000] {dagbag.py:545} INFO - Filling up the DagBag from /home/airflow/.local/lib/python3.12/site-packages/airflow/example_dags/example_xcom.py
[2025-08-17T00:56:10.048+0000] {processor.py:840} INFO - DAG(s) 'example_xcom' retrieved from /home/airflow/.local/lib/python3.12/site-packages/airflow/example_dags/example_xcom.py
[2025-08-17T00:56:10.075+0000] {logging_mixin.py:188} INFO - [2025-08-17T00:56:10.075+0000] {dag.py:3089} INFO - Sync 1 DAGs
[2025-08-17T00:56:10.097+0000] {logging_mixin.py:188} INFO - [2025-08-17T00:56:10.097+0000] {dag.py:3947} INFO - Setting next_dagrun for example_xcom to 2021-01-01 00:00:00+00:00, run_after=2021-01-01 00:00:00+00:00
[2025-08-17T00:56:10.119+0000] {processor.py:183} INFO - Processing /home/airflow/.local/lib/python3.12/site-packages/airflow/example_dags/example_xcom.py took 0.088 seconds
[2025-08-17T00:56:40.913+0000] {processor.py:161} INFO - Started process (PID=452) to work on /home/airflow/.local/lib/python3.12/site-packages/airflow/example_dags/example_xcom.py
[2025-08-17T00:56:40.914+0000] {processor.py:830} INFO - Processing file /home/airflow/.local/lib/python3.12/site-packages/airflow/example_dags/example_xcom.py for tasks to queue
[2025-08-17T00:56:40.916+0000] {logging_mixin.py:188} INFO - [2025-08-17T00:56:40.916+0000] {dagbag.py:545} INFO - Filling up the DagBag from /home/airflow/.local/lib/python3.12/site-packages/airflow/example_dags/example_xcom.py
[2025-08-17T00:56:40.924+0000] {processor.py:840} INFO - DAG(s) 'example_xcom' retrieved from /home/airflow/.local/lib/python3.12/site-packages/airflow/example_dags/example_xcom.py
[2025-08-17T00:56:40.947+0000] {logging_mixin.py:188} INFO - [2025-08-17T00:56:40.947+0000] {dag.py:3089} INFO - Sync 1 DAGs
[2025-08-17T00:56:40.969+0000] {logging_mixin.py:188} INFO - [2025-08-17T00:56:40.968+0000] {dag.py:3947} INFO - Setting next_dagrun for example_xcom to 2021-01-01 00:00:00+00:00, run_after=2021-01-01 00:00:00+00:00
[2025-08-17T00:56:40.987+0000] {processor.py:183} INFO - Processing /home/airflow/.local/lib/python3.12/site-packages/airflow/example_dags/example_xcom.py took 0.081 seconds
[2025-08-17T00:57:11.213+0000] {processor.py:161} INFO - Started process (PID=510) to work on /home/airflow/.local/lib/python3.12/site-packages/airflow/example_dags/example_xcom.py
[2025-08-17T00:57:11.215+0000] {processor.py:830} INFO - Processing file /home/airflow/.local/lib/python3.12/site-packages/airflow/example_dags/example_xcom.py for tasks to queue
[2025-08-17T00:57:11.218+0000] {logging_mixin.py:188} INFO - [2025-08-17T00:57:11.217+0000] {dagbag.py:545} INFO - Filling up the DagBag from /home/airflow/.local/lib/python3.12/site-packages/airflow/example_dags/example_xcom.py
[2025-08-17T00:57:11.227+0000] {processor.py:840} INFO - DAG(s) 'example_xcom' retrieved from /home/airflow/.local/lib/python3.12/site-packages/airflow/example_dags/example_xcom.py
[2025-08-17T00:57:11.255+0000] {logging_mixin.py:188} INFO - [2025-08-17T00:57:11.255+0000] {dag.py:3089} INFO - Sync 1 DAGs
[2025-08-17T00:57:11.280+0000] {logging_mixin.py:188} INFO - [2025-08-17T00:57:11.280+0000] {dag.py:3947} INFO - Setting next_dagrun for example_xcom to 2021-01-01 00:00:00+00:00, run_after=2021-01-01 00:00:00+00:00
[2025-08-17T00:57:11.303+0000] {processor.py:183} INFO - Processing /home/airflow/.local/lib/python3.12/site-packages/airflow/example_dags/example_xcom.py took 0.097 seconds
[2025-08-17T00:57:41.766+0000] {processor.py:161} INFO - Started process (PID=568) to work on /home/airflow/.local/lib/python3.12/site-packages/airflow/example_dags/example_xcom.py
[2025-08-17T00:57:41.767+0000] {processor.py:830} INFO - Processing file /home/airflow/.local/lib/python3.12/site-packages/airflow/example_dags/example_xcom.py for tasks to queue
[2025-08-17T00:57:41.771+0000] {logging_mixin.py:188} INFO - [2025-08-17T00:57:41.771+0000] {dagbag.py:545} INFO - Filling up the DagBag from /home/airflow/.local/lib/python3.12/site-packages/airflow/example_dags/example_xcom.py
[2025-08-17T00:57:41.780+0000] {processor.py:840} INFO - DAG(s) 'example_xcom' retrieved from /home/airflow/.local/lib/python3.12/site-packages/airflow/example_dags/example_xcom.py
[2025-08-17T00:57:41.807+0000] {logging_mixin.py:188} INFO - [2025-08-17T00:57:41.807+0000] {dag.py:3089} INFO - Sync 1 DAGs
[2025-08-17T00:57:41.829+0000] {logging_mixin.py:188} INFO - [2025-08-17T00:57:41.829+0000] {dag.py:3947} INFO - Setting next_dagrun for example_xcom to 2021-01-01 00:00:00+00:00, run_after=2021-01-01 00:00:00+00:00
[2025-08-17T00:57:41.861+0000] {processor.py:183} INFO - Processing /home/airflow/.local/lib/python3.12/site-packages/airflow/example_dags/example_xcom.py took 0.103 seconds
[2025-08-17T00:58:12.467+0000] {processor.py:161} INFO - Started process (PID=626) to work on /home/airflow/.local/lib/python3.12/site-packages/airflow/example_dags/example_xcom.py
[2025-08-17T00:58:12.469+0000] {processor.py:830} INFO - Processing file /home/airflow/.local/lib/python3.12/site-packages/airflow/example_dags/example_xcom.py for tasks to queue
[2025-08-17T00:58:12.472+0000] {logging_mixin.py:188} INFO - [2025-08-17T00:58:12.471+0000] {dagbag.py:545} INFO - Filling up the DagBag from /home/airflow/.local/lib/python3.12/site-packages/airflow/example_dags/example_xcom.py
[2025-08-17T00:58:12.480+0000] {processor.py:840} INFO - DAG(s) 'example_xcom' retrieved from /home/airflow/.local/lib/python3.12/site-packages/airflow/example_dags/example_xcom.py
[2025-08-17T00:58:12.507+0000] {logging_mixin.py:188} INFO - [2025-08-17T00:58:12.506+0000] {dag.py:3089} INFO - Sync 1 DAGs
[2025-08-17T00:58:12.529+0000] {logging_mixin.py:188} INFO - [2025-08-17T00:58:12.529+0000] {dag.py:3947} INFO - Setting next_dagrun for example_xcom to 2021-01-01 00:00:00+00:00, run_after=2021-01-01 00:00:00+00:00
[2025-08-17T00:58:12.553+0000] {processor.py:183} INFO - Processing /home/airflow/.local/lib/python3.12/site-packages/airflow/example_dags/example_xcom.py took 0.092 seconds
[2025-08-17T00:58:43.133+0000] {processor.py:161} INFO - Started process (PID=685) to work on /home/airflow/.local/lib/python3.12/site-packages/airflow/example_dags/example_xcom.py
[2025-08-17T00:58:43.134+0000] {processor.py:830} INFO - Processing file /home/airflow/.local/lib/python3.12/site-packages/airflow/example_dags/example_xcom.py for tasks to queue
[2025-08-17T00:58:43.137+0000] {logging_mixin.py:188} INFO - [2025-08-17T00:58:43.136+0000] {dagbag.py:545} INFO - Filling up the DagBag from /home/airflow/.local/lib/python3.12/site-packages/airflow/example_dags/example_xcom.py
[2025-08-17T00:58:43.145+0000] {processor.py:840} INFO - DAG(s) 'example_xcom' retrieved from /home/airflow/.local/lib/python3.12/site-packages/airflow/example_dags/example_xcom.py
[2025-08-17T00:58:43.171+0000] {logging_mixin.py:188} INFO - [2025-08-17T00:58:43.170+0000] {dag.py:3089} INFO - Sync 1 DAGs
[2025-08-17T00:58:43.194+0000] {logging_mixin.py:188} INFO - [2025-08-17T00:58:43.194+0000] {dag.py:3947} INFO - Setting next_dagrun for example_xcom to 2021-01-01 00:00:00+00:00, run_after=2021-01-01 00:00:00+00:00
[2025-08-17T00:58:43.214+0000] {processor.py:183} INFO - Processing /home/airflow/.local/lib/python3.12/site-packages/airflow/example_dags/example_xcom.py took 0.087 seconds
[2025-08-17T00:59:13.922+0000] {processor.py:161} INFO - Started process (PID=744) to work on /home/airflow/.local/lib/python3.12/site-packages/airflow/example_dags/example_xcom.py
[2025-08-17T00:59:13.924+0000] {processor.py:830} INFO - Processing file /home/airflow/.local/lib/python3.12/site-packages/airflow/example_dags/example_xcom.py for tasks to queue
[2025-08-17T00:59:13.926+0000] {logging_mixin.py:188} INFO - [2025-08-17T00:59:13.926+0000] {dagbag.py:545} INFO - Filling up the DagBag from /home/airflow/.local/lib/python3.12/site-packages/airflow/example_dags/example_xcom.py
[2025-08-17T00:59:13.933+0000] {processor.py:840} INFO - DAG(s) 'example_xcom' retrieved from /home/airflow/.local/lib/python3.12/site-packages/airflow/example_dags/example_xcom.py
[2025-08-17T00:59:13.955+0000] {logging_mixin.py:188} INFO - [2025-08-17T00:59:13.955+0000] {dag.py:3089} INFO - Sync 1 DAGs
[2025-08-17T00:59:13.974+0000] {logging_mixin.py:188} INFO - [2025-08-17T00:59:13.974+0000] {dag.py:3947} INFO - Setting next_dagrun for example_xcom to 2021-01-01 00:00:00+00:00, run_after=2021-01-01 00:00:00+00:00
[2025-08-17T00:59:13.990+0000] {processor.py:183} INFO - Processing /home/airflow/.local/lib/python3.12/site-packages/airflow/example_dags/example_xcom.py took 0.074 seconds
[2025-08-17T01:00:12.939+0000] {processor.py:161} INFO - Started process (PID=91) to work on /home/airflow/.local/lib/python3.12/site-packages/airflow/example_dags/example_xcom.py
[2025-08-17T01:00:12.941+0000] {processor.py:830} INFO - Processing file /home/airflow/.local/lib/python3.12/site-packages/airflow/example_dags/example_xcom.py for tasks to queue
[2025-08-17T01:00:12.945+0000] {logging_mixin.py:188} INFO - [2025-08-17T01:00:12.944+0000] {dagbag.py:545} INFO - Filling up the DagBag from /home/airflow/.local/lib/python3.12/site-packages/airflow/example_dags/example_xcom.py
[2025-08-17T01:00:12.960+0000] {processor.py:840} INFO - DAG(s) 'example_xcom' retrieved from /home/airflow/.local/lib/python3.12/site-packages/airflow/example_dags/example_xcom.py
[2025-08-17T01:00:12.983+0000] {logging_mixin.py:188} INFO - [2025-08-17T01:00:12.983+0000] {dag.py:3089} INFO - Sync 1 DAGs
[2025-08-17T01:00:13.028+0000] {logging_mixin.py:188} INFO - [2025-08-17T01:00:13.028+0000] {dag.py:3947} INFO - Setting next_dagrun for example_xcom to 2021-01-01 00:00:00+00:00, run_after=2021-01-01 00:00:00+00:00
[2025-08-17T01:00:13.067+0000] {processor.py:183} INFO - Processing /home/airflow/.local/lib/python3.12/site-packages/airflow/example_dags/example_xcom.py took 0.138 seconds
[2025-08-17T01:01:35.945+0000] {processor.py:161} INFO - Started process (PID=91) to work on /home/airflow/.local/lib/python3.12/site-packages/airflow/example_dags/example_xcom.py
[2025-08-17T01:01:35.946+0000] {processor.py:830} INFO - Processing file /home/airflow/.local/lib/python3.12/site-packages/airflow/example_dags/example_xcom.py for tasks to queue
[2025-08-17T01:01:35.949+0000] {logging_mixin.py:188} INFO - [2025-08-17T01:01:35.949+0000] {dagbag.py:545} INFO - Filling up the DagBag from /home/airflow/.local/lib/python3.12/site-packages/airflow/example_dags/example_xcom.py
[2025-08-17T01:01:35.959+0000] {processor.py:840} INFO - DAG(s) 'example_xcom' retrieved from /home/airflow/.local/lib/python3.12/site-packages/airflow/example_dags/example_xcom.py
[2025-08-17T01:01:35.980+0000] {logging_mixin.py:188} INFO - [2025-08-17T01:01:35.980+0000] {dag.py:3089} INFO - Sync 1 DAGs
[2025-08-17T01:01:36.014+0000] {logging_mixin.py:188} INFO - [2025-08-17T01:01:36.014+0000] {dag.py:3947} INFO - Setting next_dagrun for example_xcom to 2021-01-01 00:00:00+00:00, run_after=2021-01-01 00:00:00+00:00
[2025-08-17T01:01:36.041+0000] {processor.py:183} INFO - Processing /home/airflow/.local/lib/python3.12/site-packages/airflow/example_dags/example_xcom.py took 0.103 seconds
[2025-08-17T01:02:07.251+0000] {processor.py:161} INFO - Started process (PID=150) to work on /home/airflow/.local/lib/python3.12/site-packages/airflow/example_dags/example_xcom.py
[2025-08-17T01:02:07.252+0000] {processor.py:830} INFO - Processing file /home/airflow/.local/lib/python3.12/site-packages/airflow/example_dags/example_xcom.py for tasks to queue
[2025-08-17T01:02:07.255+0000] {logging_mixin.py:188} INFO - [2025-08-17T01:02:07.255+0000] {dagbag.py:545} INFO - Filling up the DagBag from /home/airflow/.local/lib/python3.12/site-packages/airflow/example_dags/example_xcom.py
[2025-08-17T01:02:07.263+0000] {processor.py:840} INFO - DAG(s) 'example_xcom' retrieved from /home/airflow/.local/lib/python3.12/site-packages/airflow/example_dags/example_xcom.py
[2025-08-17T01:02:07.371+0000] {logging_mixin.py:188} INFO - [2025-08-17T01:02:07.371+0000] {dag.py:3089} INFO - Sync 1 DAGs
[2025-08-17T01:02:07.392+0000] {logging_mixin.py:188} INFO - [2025-08-17T01:02:07.392+0000] {dag.py:3947} INFO - Setting next_dagrun for example_xcom to 2021-01-01 00:00:00+00:00, run_after=2021-01-01 00:00:00+00:00
[2025-08-17T01:02:07.413+0000] {processor.py:183} INFO - Processing /home/airflow/.local/lib/python3.12/site-packages/airflow/example_dags/example_xcom.py took 0.168 seconds
[2025-08-17T01:02:37.572+0000] {processor.py:161} INFO - Started process (PID=215) to work on /home/airflow/.local/lib/python3.12/site-packages/airflow/example_dags/example_xcom.py
[2025-08-17T01:02:37.574+0000] {processor.py:830} INFO - Processing file /home/airflow/.local/lib/python3.12/site-packages/airflow/example_dags/example_xcom.py for tasks to queue
[2025-08-17T01:02:37.576+0000] {logging_mixin.py:188} INFO - [2025-08-17T01:02:37.576+0000] {dagbag.py:545} INFO - Filling up the DagBag from /home/airflow/.local/lib/python3.12/site-packages/airflow/example_dags/example_xcom.py
[2025-08-17T01:02:37.586+0000] {processor.py:840} INFO - DAG(s) 'example_xcom' retrieved from /home/airflow/.local/lib/python3.12/site-packages/airflow/example_dags/example_xcom.py
[2025-08-17T01:02:37.616+0000] {logging_mixin.py:188} INFO - [2025-08-17T01:02:37.615+0000] {dag.py:3089} INFO - Sync 1 DAGs
[2025-08-17T01:02:37.648+0000] {logging_mixin.py:188} INFO - [2025-08-17T01:02:37.648+0000] {dag.py:3947} INFO - Setting next_dagrun for example_xcom to 2021-01-01 00:00:00+00:00, run_after=2021-01-01 00:00:00+00:00
[2025-08-17T01:02:37.671+0000] {processor.py:183} INFO - Processing /home/airflow/.local/lib/python3.12/site-packages/airflow/example_dags/example_xcom.py took 0.107 seconds
[2025-08-17T01:03:07.906+0000] {processor.py:161} INFO - Started process (PID=274) to work on /home/airflow/.local/lib/python3.12/site-packages/airflow/example_dags/example_xcom.py
[2025-08-17T01:03:07.907+0000] {processor.py:830} INFO - Processing file /home/airflow/.local/lib/python3.12/site-packages/airflow/example_dags/example_xcom.py for tasks to queue
[2025-08-17T01:03:07.910+0000] {logging_mixin.py:188} INFO - [2025-08-17T01:03:07.909+0000] {dagbag.py:545} INFO - Filling up the DagBag from /home/airflow/.local/lib/python3.12/site-packages/airflow/example_dags/example_xcom.py
[2025-08-17T01:03:07.918+0000] {processor.py:840} INFO - DAG(s) 'example_xcom' retrieved from /home/airflow/.local/lib/python3.12/site-packages/airflow/example_dags/example_xcom.py
[2025-08-17T01:03:07.941+0000] {logging_mixin.py:188} INFO - [2025-08-17T01:03:07.940+0000] {dag.py:3089} INFO - Sync 1 DAGs
[2025-08-17T01:03:07.963+0000] {logging_mixin.py:188} INFO - [2025-08-17T01:03:07.962+0000] {dag.py:3947} INFO - Setting next_dagrun for example_xcom to 2021-01-01 00:00:00+00:00, run_after=2021-01-01 00:00:00+00:00
[2025-08-17T01:03:07.983+0000] {processor.py:183} INFO - Processing /home/airflow/.local/lib/python3.12/site-packages/airflow/example_dags/example_xcom.py took 0.083 seconds
[2025-08-17T01:03:38.141+0000] {processor.py:161} INFO - Started process (PID=333) to work on /home/airflow/.local/lib/python3.12/site-packages/airflow/example_dags/example_xcom.py
[2025-08-17T01:03:38.143+0000] {processor.py:830} INFO - Processing file /home/airflow/.local/lib/python3.12/site-packages/airflow/example_dags/example_xcom.py for tasks to queue
[2025-08-17T01:03:38.146+0000] {logging_mixin.py:188} INFO - [2025-08-17T01:03:38.145+0000] {dagbag.py:545} INFO - Filling up the DagBag from /home/airflow/.local/lib/python3.12/site-packages/airflow/example_dags/example_xcom.py
[2025-08-17T01:03:38.154+0000] {processor.py:840} INFO - DAG(s) 'example_xcom' retrieved from /home/airflow/.local/lib/python3.12/site-packages/airflow/example_dags/example_xcom.py
[2025-08-17T01:03:38.180+0000] {logging_mixin.py:188} INFO - [2025-08-17T01:03:38.179+0000] {dag.py:3089} INFO - Sync 1 DAGs
[2025-08-17T01:03:38.205+0000] {logging_mixin.py:188} INFO - [2025-08-17T01:03:38.205+0000] {dag.py:3947} INFO - Setting next_dagrun for example_xcom to 2021-01-01 00:00:00+00:00, run_after=2021-01-01 00:00:00+00:00
[2025-08-17T01:03:38.226+0000] {processor.py:183} INFO - Processing /home/airflow/.local/lib/python3.12/site-packages/airflow/example_dags/example_xcom.py took 0.091 seconds
[2025-08-17T01:04:08.596+0000] {processor.py:161} INFO - Started process (PID=392) to work on /home/airflow/.local/lib/python3.12/site-packages/airflow/example_dags/example_xcom.py
[2025-08-17T01:04:08.597+0000] {processor.py:830} INFO - Processing file /home/airflow/.local/lib/python3.12/site-packages/airflow/example_dags/example_xcom.py for tasks to queue
[2025-08-17T01:04:08.600+0000] {logging_mixin.py:188} INFO - [2025-08-17T01:04:08.599+0000] {dagbag.py:545} INFO - Filling up the DagBag from /home/airflow/.local/lib/python3.12/site-packages/airflow/example_dags/example_xcom.py
[2025-08-17T01:04:08.608+0000] {processor.py:840} INFO - DAG(s) 'example_xcom' retrieved from /home/airflow/.local/lib/python3.12/site-packages/airflow/example_dags/example_xcom.py
[2025-08-17T01:04:08.636+0000] {logging_mixin.py:188} INFO - [2025-08-17T01:04:08.635+0000] {dag.py:3089} INFO - Sync 1 DAGs
[2025-08-17T01:04:08.659+0000] {logging_mixin.py:188} INFO - [2025-08-17T01:04:08.659+0000] {dag.py:3947} INFO - Setting next_dagrun for example_xcom to 2021-01-01 00:00:00+00:00, run_after=2021-01-01 00:00:00+00:00
[2025-08-17T01:04:08.681+0000] {processor.py:183} INFO - Processing /home/airflow/.local/lib/python3.12/site-packages/airflow/example_dags/example_xcom.py took 0.091 seconds
[2025-08-17T01:04:39.197+0000] {processor.py:161} INFO - Started process (PID=451) to work on /home/airflow/.local/lib/python3.12/site-packages/airflow/example_dags/example_xcom.py
[2025-08-17T01:04:39.198+0000] {processor.py:830} INFO - Processing file /home/airflow/.local/lib/python3.12/site-packages/airflow/example_dags/example_xcom.py for tasks to queue
[2025-08-17T01:04:39.200+0000] {logging_mixin.py:188} INFO - [2025-08-17T01:04:39.200+0000] {dagbag.py:545} INFO - Filling up the DagBag from /home/airflow/.local/lib/python3.12/site-packages/airflow/example_dags/example_xcom.py
[2025-08-17T01:04:39.208+0000] {processor.py:840} INFO - DAG(s) 'example_xcom' retrieved from /home/airflow/.local/lib/python3.12/site-packages/airflow/example_dags/example_xcom.py
[2025-08-17T01:04:39.234+0000] {logging_mixin.py:188} INFO - [2025-08-17T01:04:39.234+0000] {dag.py:3089} INFO - Sync 1 DAGs
[2025-08-17T01:04:39.257+0000] {logging_mixin.py:188} INFO - [2025-08-17T01:04:39.257+0000] {dag.py:3947} INFO - Setting next_dagrun for example_xcom to 2021-01-01 00:00:00+00:00, run_after=2021-01-01 00:00:00+00:00
[2025-08-17T01:04:39.281+0000] {processor.py:183} INFO - Processing /home/airflow/.local/lib/python3.12/site-packages/airflow/example_dags/example_xcom.py took 0.091 seconds
[2025-08-17T01:05:09.987+0000] {processor.py:161} INFO - Started process (PID=510) to work on /home/airflow/.local/lib/python3.12/site-packages/airflow/example_dags/example_xcom.py
[2025-08-17T01:05:09.989+0000] {processor.py:830} INFO - Processing file /home/airflow/.local/lib/python3.12/site-packages/airflow/example_dags/example_xcom.py for tasks to queue
[2025-08-17T01:05:09.992+0000] {logging_mixin.py:188} INFO - [2025-08-17T01:05:09.991+0000] {dagbag.py:545} INFO - Filling up the DagBag from /home/airflow/.local/lib/python3.12/site-packages/airflow/example_dags/example_xcom.py
[2025-08-17T01:05:10.000+0000] {processor.py:840} INFO - DAG(s) 'example_xcom' retrieved from /home/airflow/.local/lib/python3.12/site-packages/airflow/example_dags/example_xcom.py
[2025-08-17T01:05:10.025+0000] {logging_mixin.py:188} INFO - [2025-08-17T01:05:10.025+0000] {dag.py:3089} INFO - Sync 1 DAGs
[2025-08-17T01:05:10.052+0000] {logging_mixin.py:188} INFO - [2025-08-17T01:05:10.051+0000] {dag.py:3947} INFO - Setting next_dagrun for example_xcom to 2021-01-01 00:00:00+00:00, run_after=2021-01-01 00:00:00+00:00
[2025-08-17T01:05:10.071+0000] {processor.py:183} INFO - Processing /home/airflow/.local/lib/python3.12/site-packages/airflow/example_dags/example_xcom.py took 0.090 seconds
[2025-08-17T01:05:40.611+0000] {processor.py:161} INFO - Started process (PID=569) to work on /home/airflow/.local/lib/python3.12/site-packages/airflow/example_dags/example_xcom.py
[2025-08-17T01:05:40.612+0000] {processor.py:830} INFO - Processing file /home/airflow/.local/lib/python3.12/site-packages/airflow/example_dags/example_xcom.py for tasks to queue
[2025-08-17T01:05:40.615+0000] {logging_mixin.py:188} INFO - [2025-08-17T01:05:40.614+0000] {dagbag.py:545} INFO - Filling up the DagBag from /home/airflow/.local/lib/python3.12/site-packages/airflow/example_dags/example_xcom.py
[2025-08-17T01:05:40.623+0000] {processor.py:840} INFO - DAG(s) 'example_xcom' retrieved from /home/airflow/.local/lib/python3.12/site-packages/airflow/example_dags/example_xcom.py
[2025-08-17T01:05:40.651+0000] {logging_mixin.py:188} INFO - [2025-08-17T01:05:40.650+0000] {dag.py:3089} INFO - Sync 1 DAGs
[2025-08-17T01:05:40.673+0000] {logging_mixin.py:188} INFO - [2025-08-17T01:05:40.673+0000] {dag.py:3947} INFO - Setting next_dagrun for example_xcom to 2021-01-01 00:00:00+00:00, run_after=2021-01-01 00:00:00+00:00
[2025-08-17T01:05:40.695+0000] {processor.py:183} INFO - Processing /home/airflow/.local/lib/python3.12/site-packages/airflow/example_dags/example_xcom.py took 0.092 seconds
[2025-08-17T01:06:11.570+0000] {processor.py:161} INFO - Started process (PID=628) to work on /home/airflow/.local/lib/python3.12/site-packages/airflow/example_dags/example_xcom.py
[2025-08-17T01:06:11.571+0000] {processor.py:830} INFO - Processing file /home/airflow/.local/lib/python3.12/site-packages/airflow/example_dags/example_xcom.py for tasks to queue
[2025-08-17T01:06:11.574+0000] {logging_mixin.py:188} INFO - [2025-08-17T01:06:11.573+0000] {dagbag.py:545} INFO - Filling up the DagBag from /home/airflow/.local/lib/python3.12/site-packages/airflow/example_dags/example_xcom.py
[2025-08-17T01:06:11.583+0000] {processor.py:840} INFO - DAG(s) 'example_xcom' retrieved from /home/airflow/.local/lib/python3.12/site-packages/airflow/example_dags/example_xcom.py
[2025-08-17T01:06:11.614+0000] {logging_mixin.py:188} INFO - [2025-08-17T01:06:11.614+0000] {dag.py:3089} INFO - Sync 1 DAGs
[2025-08-17T01:06:11.641+0000] {logging_mixin.py:188} INFO - [2025-08-17T01:06:11.641+0000] {dag.py:3947} INFO - Setting next_dagrun for example_xcom to 2021-01-01 00:00:00+00:00, run_after=2021-01-01 00:00:00+00:00
[2025-08-17T01:06:11.666+0000] {processor.py:183} INFO - Processing /home/airflow/.local/lib/python3.12/site-packages/airflow/example_dags/example_xcom.py took 0.103 seconds
[2025-08-17T01:06:41.755+0000] {processor.py:161} INFO - Started process (PID=687) to work on /home/airflow/.local/lib/python3.12/site-packages/airflow/example_dags/example_xcom.py
[2025-08-17T01:06:41.757+0000] {processor.py:830} INFO - Processing file /home/airflow/.local/lib/python3.12/site-packages/airflow/example_dags/example_xcom.py for tasks to queue
[2025-08-17T01:06:41.759+0000] {logging_mixin.py:188} INFO - [2025-08-17T01:06:41.759+0000] {dagbag.py:545} INFO - Filling up the DagBag from /home/airflow/.local/lib/python3.12/site-packages/airflow/example_dags/example_xcom.py
[2025-08-17T01:06:41.766+0000] {processor.py:840} INFO - DAG(s) 'example_xcom' retrieved from /home/airflow/.local/lib/python3.12/site-packages/airflow/example_dags/example_xcom.py
[2025-08-17T01:06:41.792+0000] {logging_mixin.py:188} INFO - [2025-08-17T01:06:41.792+0000] {dag.py:3089} INFO - Sync 1 DAGs
[2025-08-17T01:06:41.814+0000] {logging_mixin.py:188} INFO - [2025-08-17T01:06:41.814+0000] {dag.py:3947} INFO - Setting next_dagrun for example_xcom to 2021-01-01 00:00:00+00:00, run_after=2021-01-01 00:00:00+00:00
[2025-08-17T01:06:41.837+0000] {processor.py:183} INFO - Processing /home/airflow/.local/lib/python3.12/site-packages/airflow/example_dags/example_xcom.py took 0.088 seconds
[2025-08-17T01:07:12.863+0000] {processor.py:161} INFO - Started process (PID=746) to work on /home/airflow/.local/lib/python3.12/site-packages/airflow/example_dags/example_xcom.py
[2025-08-17T01:07:12.865+0000] {processor.py:830} INFO - Processing file /home/airflow/.local/lib/python3.12/site-packages/airflow/example_dags/example_xcom.py for tasks to queue
[2025-08-17T01:07:12.867+0000] {logging_mixin.py:188} INFO - [2025-08-17T01:07:12.867+0000] {dagbag.py:545} INFO - Filling up the DagBag from /home/airflow/.local/lib/python3.12/site-packages/airflow/example_dags/example_xcom.py
[2025-08-17T01:07:12.873+0000] {processor.py:840} INFO - DAG(s) 'example_xcom' retrieved from /home/airflow/.local/lib/python3.12/site-packages/airflow/example_dags/example_xcom.py
[2025-08-17T01:07:12.896+0000] {logging_mixin.py:188} INFO - [2025-08-17T01:07:12.896+0000] {dag.py:3089} INFO - Sync 1 DAGs
[2025-08-17T01:07:12.915+0000] {logging_mixin.py:188} INFO - [2025-08-17T01:07:12.915+0000] {dag.py:3947} INFO - Setting next_dagrun for example_xcom to 2021-01-01 00:00:00+00:00, run_after=2021-01-01 00:00:00+00:00
[2025-08-17T01:07:12.933+0000] {processor.py:183} INFO - Processing /home/airflow/.local/lib/python3.12/site-packages/airflow/example_dags/example_xcom.py took 0.076 seconds
[2025-08-17T01:07:43.533+0000] {processor.py:161} INFO - Started process (PID=806) to work on /home/airflow/.local/lib/python3.12/site-packages/airflow/example_dags/example_xcom.py
[2025-08-17T01:07:43.535+0000] {processor.py:830} INFO - Processing file /home/airflow/.local/lib/python3.12/site-packages/airflow/example_dags/example_xcom.py for tasks to queue
[2025-08-17T01:07:43.538+0000] {logging_mixin.py:188} INFO - [2025-08-17T01:07:43.537+0000] {dagbag.py:545} INFO - Filling up the DagBag from /home/airflow/.local/lib/python3.12/site-packages/airflow/example_dags/example_xcom.py
[2025-08-17T01:07:43.547+0000] {processor.py:840} INFO - DAG(s) 'example_xcom' retrieved from /home/airflow/.local/lib/python3.12/site-packages/airflow/example_dags/example_xcom.py
[2025-08-17T01:07:43.576+0000] {logging_mixin.py:188} INFO - [2025-08-17T01:07:43.576+0000] {dag.py:3089} INFO - Sync 1 DAGs
[2025-08-17T01:07:43.605+0000] {logging_mixin.py:188} INFO - [2025-08-17T01:07:43.605+0000] {dag.py:3947} INFO - Setting next_dagrun for example_xcom to 2021-01-01 00:00:00+00:00, run_after=2021-01-01 00:00:00+00:00
[2025-08-17T01:07:43.629+0000] {processor.py:183} INFO - Processing /home/airflow/.local/lib/python3.12/site-packages/airflow/example_dags/example_xcom.py took 0.104 seconds
[2025-08-17T01:08:14.141+0000] {processor.py:161} INFO - Started process (PID=865) to work on /home/airflow/.local/lib/python3.12/site-packages/airflow/example_dags/example_xcom.py
[2025-08-17T01:08:14.142+0000] {processor.py:830} INFO - Processing file /home/airflow/.local/lib/python3.12/site-packages/airflow/example_dags/example_xcom.py for tasks to queue
[2025-08-17T01:08:14.144+0000] {logging_mixin.py:188} INFO - [2025-08-17T01:08:14.144+0000] {dagbag.py:545} INFO - Filling up the DagBag from /home/airflow/.local/lib/python3.12/site-packages/airflow/example_dags/example_xcom.py
[2025-08-17T01:08:14.151+0000] {processor.py:840} INFO - DAG(s) 'example_xcom' retrieved from /home/airflow/.local/lib/python3.12/site-packages/airflow/example_dags/example_xcom.py
[2025-08-17T01:08:14.172+0000] {logging_mixin.py:188} INFO - [2025-08-17T01:08:14.172+0000] {dag.py:3089} INFO - Sync 1 DAGs
[2025-08-17T01:08:14.190+0000] {logging_mixin.py:188} INFO - [2025-08-17T01:08:14.190+0000] {dag.py:3947} INFO - Setting next_dagrun for example_xcom to 2021-01-01 00:00:00+00:00, run_after=2021-01-01 00:00:00+00:00
[2025-08-17T01:08:14.207+0000] {processor.py:183} INFO - Processing /home/airflow/.local/lib/python3.12/site-packages/airflow/example_dags/example_xcom.py took 0.072 seconds
[2025-08-17T01:08:44.570+0000] {processor.py:161} INFO - Started process (PID=924) to work on /home/airflow/.local/lib/python3.12/site-packages/airflow/example_dags/example_xcom.py
[2025-08-17T01:08:44.571+0000] {processor.py:830} INFO - Processing file /home/airflow/.local/lib/python3.12/site-packages/airflow/example_dags/example_xcom.py for tasks to queue
[2025-08-17T01:08:44.573+0000] {logging_mixin.py:188} INFO - [2025-08-17T01:08:44.573+0000] {dagbag.py:545} INFO - Filling up the DagBag from /home/airflow/.local/lib/python3.12/site-packages/airflow/example_dags/example_xcom.py
[2025-08-17T01:08:44.581+0000] {processor.py:840} INFO - DAG(s) 'example_xcom' retrieved from /home/airflow/.local/lib/python3.12/site-packages/airflow/example_dags/example_xcom.py
[2025-08-17T01:08:44.604+0000] {logging_mixin.py:188} INFO - [2025-08-17T01:08:44.603+0000] {dag.py:3089} INFO - Sync 1 DAGs
[2025-08-17T01:08:44.626+0000] {logging_mixin.py:188} INFO - [2025-08-17T01:08:44.625+0000] {dag.py:3947} INFO - Setting next_dagrun for example_xcom to 2021-01-01 00:00:00+00:00, run_after=2021-01-01 00:00:00+00:00
[2025-08-17T01:08:44.645+0000] {processor.py:183} INFO - Processing /home/airflow/.local/lib/python3.12/site-packages/airflow/example_dags/example_xcom.py took 0.081 seconds
[2025-08-17T01:09:15.477+0000] {processor.py:161} INFO - Started process (PID=983) to work on /home/airflow/.local/lib/python3.12/site-packages/airflow/example_dags/example_xcom.py
[2025-08-17T01:09:15.479+0000] {processor.py:830} INFO - Processing file /home/airflow/.local/lib/python3.12/site-packages/airflow/example_dags/example_xcom.py for tasks to queue
[2025-08-17T01:09:15.482+0000] {logging_mixin.py:188} INFO - [2025-08-17T01:09:15.481+0000] {dagbag.py:545} INFO - Filling up the DagBag from /home/airflow/.local/lib/python3.12/site-packages/airflow/example_dags/example_xcom.py
[2025-08-17T01:09:15.491+0000] {processor.py:840} INFO - DAG(s) 'example_xcom' retrieved from /home/airflow/.local/lib/python3.12/site-packages/airflow/example_dags/example_xcom.py
[2025-08-17T01:09:15.518+0000] {logging_mixin.py:188} INFO - [2025-08-17T01:09:15.518+0000] {dag.py:3089} INFO - Sync 1 DAGs
[2025-08-17T01:09:15.543+0000] {logging_mixin.py:188} INFO - [2025-08-17T01:09:15.542+0000] {dag.py:3947} INFO - Setting next_dagrun for example_xcom to 2021-01-01 00:00:00+00:00, run_after=2021-01-01 00:00:00+00:00
[2025-08-17T01:09:15.571+0000] {processor.py:183} INFO - Processing /home/airflow/.local/lib/python3.12/site-packages/airflow/example_dags/example_xcom.py took 0.102 seconds
[2025-08-17T01:09:46.132+0000] {processor.py:161} INFO - Started process (PID=1042) to work on /home/airflow/.local/lib/python3.12/site-packages/airflow/example_dags/example_xcom.py
[2025-08-17T01:09:46.134+0000] {processor.py:830} INFO - Processing file /home/airflow/.local/lib/python3.12/site-packages/airflow/example_dags/example_xcom.py for tasks to queue
[2025-08-17T01:09:46.136+0000] {logging_mixin.py:188} INFO - [2025-08-17T01:09:46.136+0000] {dagbag.py:545} INFO - Filling up the DagBag from /home/airflow/.local/lib/python3.12/site-packages/airflow/example_dags/example_xcom.py
[2025-08-17T01:09:46.144+0000] {processor.py:840} INFO - DAG(s) 'example_xcom' retrieved from /home/airflow/.local/lib/python3.12/site-packages/airflow/example_dags/example_xcom.py
[2025-08-17T01:09:46.167+0000] {logging_mixin.py:188} INFO - [2025-08-17T01:09:46.166+0000] {dag.py:3089} INFO - Sync 1 DAGs
[2025-08-17T01:09:46.188+0000] {logging_mixin.py:188} INFO - [2025-08-17T01:09:46.188+0000] {dag.py:3947} INFO - Setting next_dagrun for example_xcom to 2021-01-01 00:00:00+00:00, run_after=2021-01-01 00:00:00+00:00
[2025-08-17T01:09:46.209+0000] {processor.py:183} INFO - Processing /home/airflow/.local/lib/python3.12/site-packages/airflow/example_dags/example_xcom.py took 0.083 seconds
[2025-08-17T01:10:16.484+0000] {processor.py:161} INFO - Started process (PID=1102) to work on /home/airflow/.local/lib/python3.12/site-packages/airflow/example_dags/example_xcom.py
[2025-08-17T01:10:16.486+0000] {processor.py:830} INFO - Processing file /home/airflow/.local/lib/python3.12/site-packages/airflow/example_dags/example_xcom.py for tasks to queue
[2025-08-17T01:10:16.489+0000] {logging_mixin.py:188} INFO - [2025-08-17T01:10:16.489+0000] {dagbag.py:545} INFO - Filling up the DagBag from /home/airflow/.local/lib/python3.12/site-packages/airflow/example_dags/example_xcom.py
[2025-08-17T01:10:16.497+0000] {processor.py:840} INFO - DAG(s) 'example_xcom' retrieved from /home/airflow/.local/lib/python3.12/site-packages/airflow/example_dags/example_xcom.py
[2025-08-17T01:10:16.523+0000] {logging_mixin.py:188} INFO - [2025-08-17T01:10:16.523+0000] {dag.py:3089} INFO - Sync 1 DAGs
[2025-08-17T01:10:16.544+0000] {logging_mixin.py:188} INFO - [2025-08-17T01:10:16.544+0000] {dag.py:3947} INFO - Setting next_dagrun for example_xcom to 2021-01-01 00:00:00+00:00, run_after=2021-01-01 00:00:00+00:00
[2025-08-17T01:10:16.560+0000] {processor.py:183} INFO - Processing /home/airflow/.local/lib/python3.12/site-packages/airflow/example_dags/example_xcom.py took 0.083 seconds
[2025-08-17T01:10:46.859+0000] {processor.py:161} INFO - Started process (PID=1161) to work on /home/airflow/.local/lib/python3.12/site-packages/airflow/example_dags/example_xcom.py
[2025-08-17T01:10:46.861+0000] {processor.py:830} INFO - Processing file /home/airflow/.local/lib/python3.12/site-packages/airflow/example_dags/example_xcom.py for tasks to queue
[2025-08-17T01:10:46.863+0000] {logging_mixin.py:188} INFO - [2025-08-17T01:10:46.863+0000] {dagbag.py:545} INFO - Filling up the DagBag from /home/airflow/.local/lib/python3.12/site-packages/airflow/example_dags/example_xcom.py
[2025-08-17T01:10:46.872+0000] {processor.py:840} INFO - DAG(s) 'example_xcom' retrieved from /home/airflow/.local/lib/python3.12/site-packages/airflow/example_dags/example_xcom.py
[2025-08-17T01:10:46.896+0000] {logging_mixin.py:188} INFO - [2025-08-17T01:10:46.895+0000] {dag.py:3089} INFO - Sync 1 DAGs
[2025-08-17T01:10:46.919+0000] {logging_mixin.py:188} INFO - [2025-08-17T01:10:46.919+0000] {dag.py:3947} INFO - Setting next_dagrun for example_xcom to 2021-01-01 00:00:00+00:00, run_after=2021-01-01 00:00:00+00:00
[2025-08-17T01:10:46.940+0000] {processor.py:183} INFO - Processing /home/airflow/.local/lib/python3.12/site-packages/airflow/example_dags/example_xcom.py took 0.088 seconds
[2025-08-17T01:11:17.228+0000] {processor.py:161} INFO - Started process (PID=1220) to work on /home/airflow/.local/lib/python3.12/site-packages/airflow/example_dags/example_xcom.py
[2025-08-17T01:11:17.229+0000] {processor.py:830} INFO - Processing file /home/airflow/.local/lib/python3.12/site-packages/airflow/example_dags/example_xcom.py for tasks to queue
[2025-08-17T01:11:17.232+0000] {logging_mixin.py:188} INFO - [2025-08-17T01:11:17.231+0000] {dagbag.py:545} INFO - Filling up the DagBag from /home/airflow/.local/lib/python3.12/site-packages/airflow/example_dags/example_xcom.py
[2025-08-17T01:11:17.239+0000] {processor.py:840} INFO - DAG(s) 'example_xcom' retrieved from /home/airflow/.local/lib/python3.12/site-packages/airflow/example_dags/example_xcom.py
[2025-08-17T01:11:17.262+0000] {logging_mixin.py:188} INFO - [2025-08-17T01:11:17.262+0000] {dag.py:3089} INFO - Sync 1 DAGs
[2025-08-17T01:11:17.284+0000] {logging_mixin.py:188} INFO - [2025-08-17T01:11:17.283+0000] {dag.py:3947} INFO - Setting next_dagrun for example_xcom to 2021-01-01 00:00:00+00:00, run_after=2021-01-01 00:00:00+00:00
[2025-08-17T01:11:17.304+0000] {processor.py:183} INFO - Processing /home/airflow/.local/lib/python3.12/site-packages/airflow/example_dags/example_xcom.py took 0.082 seconds
[2025-08-17T01:11:47.896+0000] {processor.py:161} INFO - Started process (PID=1279) to work on /home/airflow/.local/lib/python3.12/site-packages/airflow/example_dags/example_xcom.py
[2025-08-17T01:11:47.897+0000] {processor.py:830} INFO - Processing file /home/airflow/.local/lib/python3.12/site-packages/airflow/example_dags/example_xcom.py for tasks to queue
[2025-08-17T01:11:47.899+0000] {logging_mixin.py:188} INFO - [2025-08-17T01:11:47.899+0000] {dagbag.py:545} INFO - Filling up the DagBag from /home/airflow/.local/lib/python3.12/site-packages/airflow/example_dags/example_xcom.py
[2025-08-17T01:11:47.907+0000] {processor.py:840} INFO - DAG(s) 'example_xcom' retrieved from /home/airflow/.local/lib/python3.12/site-packages/airflow/example_dags/example_xcom.py
[2025-08-17T01:11:47.930+0000] {logging_mixin.py:188} INFO - [2025-08-17T01:11:47.929+0000] {dag.py:3089} INFO - Sync 1 DAGs
[2025-08-17T01:11:47.952+0000] {logging_mixin.py:188} INFO - [2025-08-17T01:11:47.952+0000] {dag.py:3947} INFO - Setting next_dagrun for example_xcom to 2021-01-01 00:00:00+00:00, run_after=2021-01-01 00:00:00+00:00
[2025-08-17T01:11:47.972+0000] {processor.py:183} INFO - Processing /home/airflow/.local/lib/python3.12/site-packages/airflow/example_dags/example_xcom.py took 0.083 seconds
[2025-08-17T01:12:18.315+0000] {processor.py:161} INFO - Started process (PID=1338) to work on /home/airflow/.local/lib/python3.12/site-packages/airflow/example_dags/example_xcom.py
[2025-08-17T01:12:18.316+0000] {processor.py:830} INFO - Processing file /home/airflow/.local/lib/python3.12/site-packages/airflow/example_dags/example_xcom.py for tasks to queue
[2025-08-17T01:12:18.319+0000] {logging_mixin.py:188} INFO - [2025-08-17T01:12:18.318+0000] {dagbag.py:545} INFO - Filling up the DagBag from /home/airflow/.local/lib/python3.12/site-packages/airflow/example_dags/example_xcom.py
[2025-08-17T01:12:18.327+0000] {processor.py:840} INFO - DAG(s) 'example_xcom' retrieved from /home/airflow/.local/lib/python3.12/site-packages/airflow/example_dags/example_xcom.py
[2025-08-17T01:12:18.355+0000] {logging_mixin.py:188} INFO - [2025-08-17T01:12:18.355+0000] {dag.py:3089} INFO - Sync 1 DAGs
[2025-08-17T01:12:18.378+0000] {logging_mixin.py:188} INFO - [2025-08-17T01:12:18.377+0000] {dag.py:3947} INFO - Setting next_dagrun for example_xcom to 2021-01-01 00:00:00+00:00, run_after=2021-01-01 00:00:00+00:00
[2025-08-17T01:12:18.403+0000] {processor.py:183} INFO - Processing /home/airflow/.local/lib/python3.12/site-packages/airflow/example_dags/example_xcom.py took 0.096 seconds
[2025-08-17T01:12:49.451+0000] {processor.py:161} INFO - Started process (PID=1397) to work on /home/airflow/.local/lib/python3.12/site-packages/airflow/example_dags/example_xcom.py
[2025-08-17T01:12:49.453+0000] {processor.py:830} INFO - Processing file /home/airflow/.local/lib/python3.12/site-packages/airflow/example_dags/example_xcom.py for tasks to queue
[2025-08-17T01:12:49.456+0000] {logging_mixin.py:188} INFO - [2025-08-17T01:12:49.455+0000] {dagbag.py:545} INFO - Filling up the DagBag from /home/airflow/.local/lib/python3.12/site-packages/airflow/example_dags/example_xcom.py
[2025-08-17T01:12:49.465+0000] {processor.py:840} INFO - DAG(s) 'example_xcom' retrieved from /home/airflow/.local/lib/python3.12/site-packages/airflow/example_dags/example_xcom.py
[2025-08-17T01:12:49.488+0000] {logging_mixin.py:188} INFO - [2025-08-17T01:12:49.488+0000] {dag.py:3089} INFO - Sync 1 DAGs
[2025-08-17T01:12:49.510+0000] {logging_mixin.py:188} INFO - [2025-08-17T01:12:49.510+0000] {dag.py:3947} INFO - Setting next_dagrun for example_xcom to 2021-01-01 00:00:00+00:00, run_after=2021-01-01 00:00:00+00:00
[2025-08-17T01:12:49.533+0000] {processor.py:183} INFO - Processing /home/airflow/.local/lib/python3.12/site-packages/airflow/example_dags/example_xcom.py took 0.089 seconds
[2025-08-17T01:13:19.723+0000] {processor.py:161} INFO - Started process (PID=1456) to work on /home/airflow/.local/lib/python3.12/site-packages/airflow/example_dags/example_xcom.py
[2025-08-17T01:13:19.724+0000] {processor.py:830} INFO - Processing file /home/airflow/.local/lib/python3.12/site-packages/airflow/example_dags/example_xcom.py for tasks to queue
[2025-08-17T01:13:19.726+0000] {logging_mixin.py:188} INFO - [2025-08-17T01:13:19.726+0000] {dagbag.py:545} INFO - Filling up the DagBag from /home/airflow/.local/lib/python3.12/site-packages/airflow/example_dags/example_xcom.py
[2025-08-17T01:13:19.733+0000] {processor.py:840} INFO - DAG(s) 'example_xcom' retrieved from /home/airflow/.local/lib/python3.12/site-packages/airflow/example_dags/example_xcom.py
[2025-08-17T01:13:19.759+0000] {logging_mixin.py:188} INFO - [2025-08-17T01:13:19.758+0000] {dag.py:3089} INFO - Sync 1 DAGs
[2025-08-17T01:13:19.781+0000] {logging_mixin.py:188} INFO - [2025-08-17T01:13:19.781+0000] {dag.py:3947} INFO - Setting next_dagrun for example_xcom to 2021-01-01 00:00:00+00:00, run_after=2021-01-01 00:00:00+00:00
[2025-08-17T01:13:19.801+0000] {processor.py:183} INFO - Processing /home/airflow/.local/lib/python3.12/site-packages/airflow/example_dags/example_xcom.py took 0.085 seconds
[2025-08-17T01:13:50.216+0000] {processor.py:161} INFO - Started process (PID=1515) to work on /home/airflow/.local/lib/python3.12/site-packages/airflow/example_dags/example_xcom.py
[2025-08-17T01:13:50.217+0000] {processor.py:830} INFO - Processing file /home/airflow/.local/lib/python3.12/site-packages/airflow/example_dags/example_xcom.py for tasks to queue
[2025-08-17T01:13:50.220+0000] {logging_mixin.py:188} INFO - [2025-08-17T01:13:50.219+0000] {dagbag.py:545} INFO - Filling up the DagBag from /home/airflow/.local/lib/python3.12/site-packages/airflow/example_dags/example_xcom.py
[2025-08-17T01:13:50.229+0000] {processor.py:840} INFO - DAG(s) 'example_xcom' retrieved from /home/airflow/.local/lib/python3.12/site-packages/airflow/example_dags/example_xcom.py
[2025-08-17T01:13:50.253+0000] {logging_mixin.py:188} INFO - [2025-08-17T01:13:50.253+0000] {dag.py:3089} INFO - Sync 1 DAGs
[2025-08-17T01:13:50.275+0000] {logging_mixin.py:188} INFO - [2025-08-17T01:13:50.275+0000] {dag.py:3947} INFO - Setting next_dagrun for example_xcom to 2021-01-01 00:00:00+00:00, run_after=2021-01-01 00:00:00+00:00
[2025-08-17T01:13:50.295+0000] {processor.py:183} INFO - Processing /home/airflow/.local/lib/python3.12/site-packages/airflow/example_dags/example_xcom.py took 0.087 seconds
[2025-08-17T01:14:21.049+0000] {processor.py:161} INFO - Started process (PID=1574) to work on /home/airflow/.local/lib/python3.12/site-packages/airflow/example_dags/example_xcom.py
[2025-08-17T01:14:21.050+0000] {processor.py:830} INFO - Processing file /home/airflow/.local/lib/python3.12/site-packages/airflow/example_dags/example_xcom.py for tasks to queue
[2025-08-17T01:14:21.052+0000] {logging_mixin.py:188} INFO - [2025-08-17T01:14:21.052+0000] {dagbag.py:545} INFO - Filling up the DagBag from /home/airflow/.local/lib/python3.12/site-packages/airflow/example_dags/example_xcom.py
[2025-08-17T01:14:21.062+0000] {processor.py:840} INFO - DAG(s) 'example_xcom' retrieved from /home/airflow/.local/lib/python3.12/site-packages/airflow/example_dags/example_xcom.py
[2025-08-17T01:14:21.088+0000] {logging_mixin.py:188} INFO - [2025-08-17T01:14:21.087+0000] {dag.py:3089} INFO - Sync 1 DAGs
[2025-08-17T01:14:21.118+0000] {logging_mixin.py:188} INFO - [2025-08-17T01:14:21.118+0000] {dag.py:3947} INFO - Setting next_dagrun for example_xcom to 2021-01-01 00:00:00+00:00, run_after=2021-01-01 00:00:00+00:00
[2025-08-17T01:14:21.140+0000] {processor.py:183} INFO - Processing /home/airflow/.local/lib/python3.12/site-packages/airflow/example_dags/example_xcom.py took 0.098 seconds
[2025-08-17T01:14:51.351+0000] {processor.py:161} INFO - Started process (PID=1633) to work on /home/airflow/.local/lib/python3.12/site-packages/airflow/example_dags/example_xcom.py
[2025-08-17T01:14:51.352+0000] {processor.py:830} INFO - Processing file /home/airflow/.local/lib/python3.12/site-packages/airflow/example_dags/example_xcom.py for tasks to queue
[2025-08-17T01:14:51.354+0000] {logging_mixin.py:188} INFO - [2025-08-17T01:14:51.354+0000] {dagbag.py:545} INFO - Filling up the DagBag from /home/airflow/.local/lib/python3.12/site-packages/airflow/example_dags/example_xcom.py
[2025-08-17T01:14:51.362+0000] {processor.py:840} INFO - DAG(s) 'example_xcom' retrieved from /home/airflow/.local/lib/python3.12/site-packages/airflow/example_dags/example_xcom.py
[2025-08-17T01:14:51.387+0000] {logging_mixin.py:188} INFO - [2025-08-17T01:14:51.386+0000] {dag.py:3089} INFO - Sync 1 DAGs
[2025-08-17T01:14:51.409+0000] {logging_mixin.py:188} INFO - [2025-08-17T01:14:51.409+0000] {dag.py:3947} INFO - Setting next_dagrun for example_xcom to 2021-01-01 00:00:00+00:00, run_after=2021-01-01 00:00:00+00:00
[2025-08-17T01:14:51.430+0000] {processor.py:183} INFO - Processing /home/airflow/.local/lib/python3.12/site-packages/airflow/example_dags/example_xcom.py took 0.085 seconds
[2025-08-17T01:15:21.629+0000] {processor.py:161} INFO - Started process (PID=1692) to work on /home/airflow/.local/lib/python3.12/site-packages/airflow/example_dags/example_xcom.py
[2025-08-17T01:15:21.630+0000] {processor.py:830} INFO - Processing file /home/airflow/.local/lib/python3.12/site-packages/airflow/example_dags/example_xcom.py for tasks to queue
[2025-08-17T01:15:21.633+0000] {logging_mixin.py:188} INFO - [2025-08-17T01:15:21.633+0000] {dagbag.py:545} INFO - Filling up the DagBag from /home/airflow/.local/lib/python3.12/site-packages/airflow/example_dags/example_xcom.py
[2025-08-17T01:15:21.642+0000] {processor.py:840} INFO - DAG(s) 'example_xcom' retrieved from /home/airflow/.local/lib/python3.12/site-packages/airflow/example_dags/example_xcom.py
[2025-08-17T01:15:21.668+0000] {logging_mixin.py:188} INFO - [2025-08-17T01:15:21.667+0000] {dag.py:3089} INFO - Sync 1 DAGs
[2025-08-17T01:15:21.689+0000] {logging_mixin.py:188} INFO - [2025-08-17T01:15:21.689+0000] {dag.py:3947} INFO - Setting next_dagrun for example_xcom to 2021-01-01 00:00:00+00:00, run_after=2021-01-01 00:00:00+00:00
[2025-08-17T01:15:21.708+0000] {processor.py:183} INFO - Processing /home/airflow/.local/lib/python3.12/site-packages/airflow/example_dags/example_xcom.py took 0.086 seconds
[2025-08-17T01:15:52.970+0000] {processor.py:161} INFO - Started process (PID=1751) to work on /home/airflow/.local/lib/python3.12/site-packages/airflow/example_dags/example_xcom.py
[2025-08-17T01:15:52.972+0000] {processor.py:830} INFO - Processing file /home/airflow/.local/lib/python3.12/site-packages/airflow/example_dags/example_xcom.py for tasks to queue
[2025-08-17T01:15:52.976+0000] {logging_mixin.py:188} INFO - [2025-08-17T01:15:52.975+0000] {dagbag.py:545} INFO - Filling up the DagBag from /home/airflow/.local/lib/python3.12/site-packages/airflow/example_dags/example_xcom.py
[2025-08-17T01:15:52.990+0000] {processor.py:840} INFO - DAG(s) 'example_xcom' retrieved from /home/airflow/.local/lib/python3.12/site-packages/airflow/example_dags/example_xcom.py
[2025-08-17T01:15:53.025+0000] {logging_mixin.py:188} INFO - [2025-08-17T01:15:53.025+0000] {dag.py:3089} INFO - Sync 1 DAGs
[2025-08-17T01:15:53.307+0000] {logging_mixin.py:188} INFO - [2025-08-17T01:15:53.306+0000] {dag.py:3947} INFO - Setting next_dagrun for example_xcom to 2021-01-01 00:00:00+00:00, run_after=2021-01-01 00:00:00+00:00
[2025-08-17T01:15:53.342+0000] {processor.py:183} INFO - Processing /home/airflow/.local/lib/python3.12/site-packages/airflow/example_dags/example_xcom.py took 0.384 seconds
[2025-08-17T01:16:23.422+0000] {processor.py:161} INFO - Started process (PID=1810) to work on /home/airflow/.local/lib/python3.12/site-packages/airflow/example_dags/example_xcom.py
[2025-08-17T01:16:23.423+0000] {processor.py:830} INFO - Processing file /home/airflow/.local/lib/python3.12/site-packages/airflow/example_dags/example_xcom.py for tasks to queue
[2025-08-17T01:16:23.427+0000] {logging_mixin.py:188} INFO - [2025-08-17T01:16:23.426+0000] {dagbag.py:545} INFO - Filling up the DagBag from /home/airflow/.local/lib/python3.12/site-packages/airflow/example_dags/example_xcom.py
[2025-08-17T01:16:23.435+0000] {processor.py:840} INFO - DAG(s) 'example_xcom' retrieved from /home/airflow/.local/lib/python3.12/site-packages/airflow/example_dags/example_xcom.py
[2025-08-17T01:16:23.463+0000] {logging_mixin.py:188} INFO - [2025-08-17T01:16:23.463+0000] {dag.py:3089} INFO - Sync 1 DAGs
[2025-08-17T01:16:23.651+0000] {logging_mixin.py:188} INFO - [2025-08-17T01:16:23.650+0000] {dag.py:3947} INFO - Setting next_dagrun for example_xcom to 2021-01-01 00:00:00+00:00, run_after=2021-01-01 00:00:00+00:00
[2025-08-17T01:16:23.669+0000] {processor.py:183} INFO - Processing /home/airflow/.local/lib/python3.12/site-packages/airflow/example_dags/example_xcom.py took 0.254 seconds
[2025-08-17T01:17:41.509+0000] {processor.py:161} INFO - Started process (PID=103) to work on /home/airflow/.local/lib/python3.12/site-packages/airflow/example_dags/example_xcom.py
[2025-08-17T01:17:41.510+0000] {processor.py:830} INFO - Processing file /home/airflow/.local/lib/python3.12/site-packages/airflow/example_dags/example_xcom.py for tasks to queue
[2025-08-17T01:17:41.513+0000] {logging_mixin.py:188} INFO - [2025-08-17T01:17:41.513+0000] {dagbag.py:545} INFO - Filling up the DagBag from /home/airflow/.local/lib/python3.12/site-packages/airflow/example_dags/example_xcom.py
[2025-08-17T01:17:41.525+0000] {processor.py:840} INFO - DAG(s) 'example_xcom' retrieved from /home/airflow/.local/lib/python3.12/site-packages/airflow/example_dags/example_xcom.py
[2025-08-17T01:17:41.730+0000] {logging_mixin.py:188} INFO - [2025-08-17T01:17:41.729+0000] {dag.py:3089} INFO - Sync 1 DAGs
[2025-08-17T01:17:41.758+0000] {logging_mixin.py:188} INFO - [2025-08-17T01:17:41.758+0000] {dag.py:3947} INFO - Setting next_dagrun for example_xcom to 2021-01-01 00:00:00+00:00, run_after=2021-01-01 00:00:00+00:00
[2025-08-17T01:17:41.791+0000] {processor.py:183} INFO - Processing /home/airflow/.local/lib/python3.12/site-packages/airflow/example_dags/example_xcom.py took 0.290 seconds
[2025-08-17T01:18:12.707+0000] {processor.py:161} INFO - Started process (PID=162) to work on /home/airflow/.local/lib/python3.12/site-packages/airflow/example_dags/example_xcom.py
[2025-08-17T01:18:12.708+0000] {processor.py:830} INFO - Processing file /home/airflow/.local/lib/python3.12/site-packages/airflow/example_dags/example_xcom.py for tasks to queue
[2025-08-17T01:18:12.711+0000] {logging_mixin.py:188} INFO - [2025-08-17T01:18:12.710+0000] {dagbag.py:545} INFO - Filling up the DagBag from /home/airflow/.local/lib/python3.12/site-packages/airflow/example_dags/example_xcom.py
[2025-08-17T01:18:12.719+0000] {processor.py:840} INFO - DAG(s) 'example_xcom' retrieved from /home/airflow/.local/lib/python3.12/site-packages/airflow/example_dags/example_xcom.py
[2025-08-17T01:18:12.746+0000] {logging_mixin.py:188} INFO - [2025-08-17T01:18:12.746+0000] {dag.py:3089} INFO - Sync 1 DAGs
[2025-08-17T01:18:12.769+0000] {logging_mixin.py:188} INFO - [2025-08-17T01:18:12.769+0000] {dag.py:3947} INFO - Setting next_dagrun for example_xcom to 2021-01-01 00:00:00+00:00, run_after=2021-01-01 00:00:00+00:00
[2025-08-17T01:18:12.792+0000] {processor.py:183} INFO - Processing /home/airflow/.local/lib/python3.12/site-packages/airflow/example_dags/example_xcom.py took 0.092 seconds
[2025-08-17T01:18:43.453+0000] {processor.py:161} INFO - Started process (PID=221) to work on /home/airflow/.local/lib/python3.12/site-packages/airflow/example_dags/example_xcom.py
[2025-08-17T01:18:43.454+0000] {processor.py:830} INFO - Processing file /home/airflow/.local/lib/python3.12/site-packages/airflow/example_dags/example_xcom.py for tasks to queue
[2025-08-17T01:18:43.457+0000] {logging_mixin.py:188} INFO - [2025-08-17T01:18:43.456+0000] {dagbag.py:545} INFO - Filling up the DagBag from /home/airflow/.local/lib/python3.12/site-packages/airflow/example_dags/example_xcom.py
[2025-08-17T01:18:43.465+0000] {processor.py:840} INFO - DAG(s) 'example_xcom' retrieved from /home/airflow/.local/lib/python3.12/site-packages/airflow/example_dags/example_xcom.py
[2025-08-17T01:18:43.486+0000] {logging_mixin.py:188} INFO - [2025-08-17T01:18:43.486+0000] {dag.py:3089} INFO - Sync 1 DAGs
[2025-08-17T01:18:43.508+0000] {logging_mixin.py:188} INFO - [2025-08-17T01:18:43.508+0000] {dag.py:3947} INFO - Setting next_dagrun for example_xcom to 2021-01-01 00:00:00+00:00, run_after=2021-01-01 00:00:00+00:00
[2025-08-17T01:18:43.529+0000] {processor.py:183} INFO - Processing /home/airflow/.local/lib/python3.12/site-packages/airflow/example_dags/example_xcom.py took 0.082 seconds
[2025-08-17T01:19:13.678+0000] {processor.py:161} INFO - Started process (PID=280) to work on /home/airflow/.local/lib/python3.12/site-packages/airflow/example_dags/example_xcom.py
[2025-08-17T01:19:13.679+0000] {processor.py:830} INFO - Processing file /home/airflow/.local/lib/python3.12/site-packages/airflow/example_dags/example_xcom.py for tasks to queue
[2025-08-17T01:19:13.682+0000] {logging_mixin.py:188} INFO - [2025-08-17T01:19:13.682+0000] {dagbag.py:545} INFO - Filling up the DagBag from /home/airflow/.local/lib/python3.12/site-packages/airflow/example_dags/example_xcom.py
[2025-08-17T01:19:13.690+0000] {processor.py:840} INFO - DAG(s) 'example_xcom' retrieved from /home/airflow/.local/lib/python3.12/site-packages/airflow/example_dags/example_xcom.py
[2025-08-17T01:19:13.713+0000] {logging_mixin.py:188} INFO - [2025-08-17T01:19:13.713+0000] {dag.py:3089} INFO - Sync 1 DAGs
[2025-08-17T01:19:13.735+0000] {logging_mixin.py:188} INFO - [2025-08-17T01:19:13.735+0000] {dag.py:3947} INFO - Setting next_dagrun for example_xcom to 2021-01-01 00:00:00+00:00, run_after=2021-01-01 00:00:00+00:00
[2025-08-17T01:19:13.760+0000] {processor.py:183} INFO - Processing /home/airflow/.local/lib/python3.12/site-packages/airflow/example_dags/example_xcom.py took 0.089 seconds
[2025-08-17T01:19:43.935+0000] {processor.py:161} INFO - Started process (PID=339) to work on /home/airflow/.local/lib/python3.12/site-packages/airflow/example_dags/example_xcom.py
[2025-08-17T01:19:43.937+0000] {processor.py:830} INFO - Processing file /home/airflow/.local/lib/python3.12/site-packages/airflow/example_dags/example_xcom.py for tasks to queue
[2025-08-17T01:19:43.939+0000] {logging_mixin.py:188} INFO - [2025-08-17T01:19:43.939+0000] {dagbag.py:545} INFO - Filling up the DagBag from /home/airflow/.local/lib/python3.12/site-packages/airflow/example_dags/example_xcom.py
[2025-08-17T01:19:43.947+0000] {processor.py:840} INFO - DAG(s) 'example_xcom' retrieved from /home/airflow/.local/lib/python3.12/site-packages/airflow/example_dags/example_xcom.py
[2025-08-17T01:19:43.970+0000] {logging_mixin.py:188} INFO - [2025-08-17T01:19:43.970+0000] {dag.py:3089} INFO - Sync 1 DAGs
[2025-08-17T01:19:43.992+0000] {logging_mixin.py:188} INFO - [2025-08-17T01:19:43.991+0000] {dag.py:3947} INFO - Setting next_dagrun for example_xcom to 2021-01-01 00:00:00+00:00, run_after=2021-01-01 00:00:00+00:00
[2025-08-17T01:19:44.014+0000] {processor.py:183} INFO - Processing /home/airflow/.local/lib/python3.12/site-packages/airflow/example_dags/example_xcom.py took 0.085 seconds
[2025-08-17T01:20:14.097+0000] {processor.py:161} INFO - Started process (PID=399) to work on /home/airflow/.local/lib/python3.12/site-packages/airflow/example_dags/example_xcom.py
[2025-08-17T01:20:14.099+0000] {processor.py:830} INFO - Processing file /home/airflow/.local/lib/python3.12/site-packages/airflow/example_dags/example_xcom.py for tasks to queue
[2025-08-17T01:20:14.102+0000] {logging_mixin.py:188} INFO - [2025-08-17T01:20:14.102+0000] {dagbag.py:545} INFO - Filling up the DagBag from /home/airflow/.local/lib/python3.12/site-packages/airflow/example_dags/example_xcom.py
[2025-08-17T01:20:14.113+0000] {processor.py:840} INFO - DAG(s) 'example_xcom' retrieved from /home/airflow/.local/lib/python3.12/site-packages/airflow/example_dags/example_xcom.py
[2025-08-17T01:20:14.143+0000] {logging_mixin.py:188} INFO - [2025-08-17T01:20:14.142+0000] {dag.py:3089} INFO - Sync 1 DAGs
[2025-08-17T01:20:14.177+0000] {logging_mixin.py:188} INFO - [2025-08-17T01:20:14.176+0000] {dag.py:3947} INFO - Setting next_dagrun for example_xcom to 2021-01-01 00:00:00+00:00, run_after=2021-01-01 00:00:00+00:00
[2025-08-17T01:20:14.201+0000] {processor.py:183} INFO - Processing /home/airflow/.local/lib/python3.12/site-packages/airflow/example_dags/example_xcom.py took 0.113 seconds
[2025-08-17T01:20:44.277+0000] {processor.py:161} INFO - Started process (PID=459) to work on /home/airflow/.local/lib/python3.12/site-packages/airflow/example_dags/example_xcom.py
[2025-08-17T01:20:44.278+0000] {processor.py:830} INFO - Processing file /home/airflow/.local/lib/python3.12/site-packages/airflow/example_dags/example_xcom.py for tasks to queue
[2025-08-17T01:20:44.281+0000] {logging_mixin.py:188} INFO - [2025-08-17T01:20:44.280+0000] {dagbag.py:545} INFO - Filling up the DagBag from /home/airflow/.local/lib/python3.12/site-packages/airflow/example_dags/example_xcom.py
[2025-08-17T01:20:44.288+0000] {processor.py:840} INFO - DAG(s) 'example_xcom' retrieved from /home/airflow/.local/lib/python3.12/site-packages/airflow/example_dags/example_xcom.py
[2025-08-17T01:20:44.312+0000] {logging_mixin.py:188} INFO - [2025-08-17T01:20:44.312+0000] {dag.py:3089} INFO - Sync 1 DAGs
[2025-08-17T01:20:44.333+0000] {logging_mixin.py:188} INFO - [2025-08-17T01:20:44.332+0000] {dag.py:3947} INFO - Setting next_dagrun for example_xcom to 2021-01-01 00:00:00+00:00, run_after=2021-01-01 00:00:00+00:00
[2025-08-17T01:20:44.354+0000] {processor.py:183} INFO - Processing /home/airflow/.local/lib/python3.12/site-packages/airflow/example_dags/example_xcom.py took 0.083 seconds
[2025-08-17T01:21:14.867+0000] {processor.py:161} INFO - Started process (PID=518) to work on /home/airflow/.local/lib/python3.12/site-packages/airflow/example_dags/example_xcom.py
[2025-08-17T01:21:14.868+0000] {processor.py:830} INFO - Processing file /home/airflow/.local/lib/python3.12/site-packages/airflow/example_dags/example_xcom.py for tasks to queue
[2025-08-17T01:21:14.871+0000] {logging_mixin.py:188} INFO - [2025-08-17T01:21:14.870+0000] {dagbag.py:545} INFO - Filling up the DagBag from /home/airflow/.local/lib/python3.12/site-packages/airflow/example_dags/example_xcom.py
[2025-08-17T01:21:14.878+0000] {processor.py:840} INFO - DAG(s) 'example_xcom' retrieved from /home/airflow/.local/lib/python3.12/site-packages/airflow/example_dags/example_xcom.py
[2025-08-17T01:21:14.904+0000] {logging_mixin.py:188} INFO - [2025-08-17T01:21:14.904+0000] {dag.py:3089} INFO - Sync 1 DAGs
[2025-08-17T01:21:14.926+0000] {logging_mixin.py:188} INFO - [2025-08-17T01:21:14.926+0000] {dag.py:3947} INFO - Setting next_dagrun for example_xcom to 2021-01-01 00:00:00+00:00, run_after=2021-01-01 00:00:00+00:00
[2025-08-17T01:21:14.947+0000] {processor.py:183} INFO - Processing /home/airflow/.local/lib/python3.12/site-packages/airflow/example_dags/example_xcom.py took 0.086 seconds
[2025-08-17T01:21:45.393+0000] {processor.py:161} INFO - Started process (PID=577) to work on /home/airflow/.local/lib/python3.12/site-packages/airflow/example_dags/example_xcom.py
[2025-08-17T01:21:45.394+0000] {processor.py:830} INFO - Processing file /home/airflow/.local/lib/python3.12/site-packages/airflow/example_dags/example_xcom.py for tasks to queue
[2025-08-17T01:21:45.396+0000] {logging_mixin.py:188} INFO - [2025-08-17T01:21:45.396+0000] {dagbag.py:545} INFO - Filling up the DagBag from /home/airflow/.local/lib/python3.12/site-packages/airflow/example_dags/example_xcom.py
[2025-08-17T01:21:45.404+0000] {processor.py:840} INFO - DAG(s) 'example_xcom' retrieved from /home/airflow/.local/lib/python3.12/site-packages/airflow/example_dags/example_xcom.py
[2025-08-17T01:21:45.427+0000] {logging_mixin.py:188} INFO - [2025-08-17T01:21:45.426+0000] {dag.py:3089} INFO - Sync 1 DAGs
[2025-08-17T01:21:45.448+0000] {logging_mixin.py:188} INFO - [2025-08-17T01:21:45.448+0000] {dag.py:3947} INFO - Setting next_dagrun for example_xcom to 2021-01-01 00:00:00+00:00, run_after=2021-01-01 00:00:00+00:00
[2025-08-17T01:21:45.472+0000] {processor.py:183} INFO - Processing /home/airflow/.local/lib/python3.12/site-packages/airflow/example_dags/example_xcom.py took 0.086 seconds
[2025-08-17T01:22:15.777+0000] {processor.py:161} INFO - Started process (PID=636) to work on /home/airflow/.local/lib/python3.12/site-packages/airflow/example_dags/example_xcom.py
[2025-08-17T01:22:15.778+0000] {processor.py:830} INFO - Processing file /home/airflow/.local/lib/python3.12/site-packages/airflow/example_dags/example_xcom.py for tasks to queue
[2025-08-17T01:22:15.781+0000] {logging_mixin.py:188} INFO - [2025-08-17T01:22:15.781+0000] {dagbag.py:545} INFO - Filling up the DagBag from /home/airflow/.local/lib/python3.12/site-packages/airflow/example_dags/example_xcom.py
[2025-08-17T01:22:15.790+0000] {processor.py:840} INFO - DAG(s) 'example_xcom' retrieved from /home/airflow/.local/lib/python3.12/site-packages/airflow/example_dags/example_xcom.py
[2025-08-17T01:22:15.817+0000] {logging_mixin.py:188} INFO - [2025-08-17T01:22:15.817+0000] {dag.py:3089} INFO - Sync 1 DAGs
[2025-08-17T01:22:15.840+0000] {logging_mixin.py:188} INFO - [2025-08-17T01:22:15.840+0000] {dag.py:3947} INFO - Setting next_dagrun for example_xcom to 2021-01-01 00:00:00+00:00, run_after=2021-01-01 00:00:00+00:00
[2025-08-17T01:22:15.859+0000] {processor.py:183} INFO - Processing /home/airflow/.local/lib/python3.12/site-packages/airflow/example_dags/example_xcom.py took 0.089 seconds
[2025-08-17T01:22:45.918+0000] {processor.py:161} INFO - Started process (PID=695) to work on /home/airflow/.local/lib/python3.12/site-packages/airflow/example_dags/example_xcom.py
[2025-08-17T01:22:45.919+0000] {processor.py:830} INFO - Processing file /home/airflow/.local/lib/python3.12/site-packages/airflow/example_dags/example_xcom.py for tasks to queue
[2025-08-17T01:22:45.922+0000] {logging_mixin.py:188} INFO - [2025-08-17T01:22:45.922+0000] {dagbag.py:545} INFO - Filling up the DagBag from /home/airflow/.local/lib/python3.12/site-packages/airflow/example_dags/example_xcom.py
[2025-08-17T01:22:45.930+0000] {processor.py:840} INFO - DAG(s) 'example_xcom' retrieved from /home/airflow/.local/lib/python3.12/site-packages/airflow/example_dags/example_xcom.py
[2025-08-17T01:22:45.954+0000] {logging_mixin.py:188} INFO - [2025-08-17T01:22:45.954+0000] {dag.py:3089} INFO - Sync 1 DAGs
[2025-08-17T01:22:45.975+0000] {logging_mixin.py:188} INFO - [2025-08-17T01:22:45.975+0000] {dag.py:3947} INFO - Setting next_dagrun for example_xcom to 2021-01-01 00:00:00+00:00, run_after=2021-01-01 00:00:00+00:00
[2025-08-17T01:22:45.995+0000] {processor.py:183} INFO - Processing /home/airflow/.local/lib/python3.12/site-packages/airflow/example_dags/example_xcom.py took 0.083 seconds
[2025-08-17T01:23:16.376+0000] {processor.py:161} INFO - Started process (PID=754) to work on /home/airflow/.local/lib/python3.12/site-packages/airflow/example_dags/example_xcom.py
[2025-08-17T01:23:16.377+0000] {processor.py:830} INFO - Processing file /home/airflow/.local/lib/python3.12/site-packages/airflow/example_dags/example_xcom.py for tasks to queue
[2025-08-17T01:23:16.380+0000] {logging_mixin.py:188} INFO - [2025-08-17T01:23:16.380+0000] {dagbag.py:545} INFO - Filling up the DagBag from /home/airflow/.local/lib/python3.12/site-packages/airflow/example_dags/example_xcom.py
[2025-08-17T01:23:16.390+0000] {processor.py:840} INFO - DAG(s) 'example_xcom' retrieved from /home/airflow/.local/lib/python3.12/site-packages/airflow/example_dags/example_xcom.py
[2025-08-17T01:23:16.417+0000] {logging_mixin.py:188} INFO - [2025-08-17T01:23:16.417+0000] {dag.py:3089} INFO - Sync 1 DAGs
[2025-08-17T01:23:16.441+0000] {logging_mixin.py:188} INFO - [2025-08-17T01:23:16.440+0000] {dag.py:3947} INFO - Setting next_dagrun for example_xcom to 2021-01-01 00:00:00+00:00, run_after=2021-01-01 00:00:00+00:00
[2025-08-17T01:23:16.461+0000] {processor.py:183} INFO - Processing /home/airflow/.local/lib/python3.12/site-packages/airflow/example_dags/example_xcom.py took 0.093 seconds
[2025-08-17T01:23:47.048+0000] {processor.py:161} INFO - Started process (PID=813) to work on /home/airflow/.local/lib/python3.12/site-packages/airflow/example_dags/example_xcom.py
[2025-08-17T01:23:47.050+0000] {processor.py:830} INFO - Processing file /home/airflow/.local/lib/python3.12/site-packages/airflow/example_dags/example_xcom.py for tasks to queue
[2025-08-17T01:23:47.053+0000] {logging_mixin.py:188} INFO - [2025-08-17T01:23:47.052+0000] {dagbag.py:545} INFO - Filling up the DagBag from /home/airflow/.local/lib/python3.12/site-packages/airflow/example_dags/example_xcom.py
[2025-08-17T01:23:47.061+0000] {processor.py:840} INFO - DAG(s) 'example_xcom' retrieved from /home/airflow/.local/lib/python3.12/site-packages/airflow/example_dags/example_xcom.py
[2025-08-17T01:23:47.086+0000] {logging_mixin.py:188} INFO - [2025-08-17T01:23:47.085+0000] {dag.py:3089} INFO - Sync 1 DAGs
[2025-08-17T01:23:47.109+0000] {logging_mixin.py:188} INFO - [2025-08-17T01:23:47.108+0000] {dag.py:3947} INFO - Setting next_dagrun for example_xcom to 2021-01-01 00:00:00+00:00, run_after=2021-01-01 00:00:00+00:00
[2025-08-17T01:23:47.129+0000] {processor.py:183} INFO - Processing /home/airflow/.local/lib/python3.12/site-packages/airflow/example_dags/example_xcom.py took 0.088 seconds
[2025-08-17T01:24:17.603+0000] {processor.py:161} INFO - Started process (PID=872) to work on /home/airflow/.local/lib/python3.12/site-packages/airflow/example_dags/example_xcom.py
[2025-08-17T01:24:17.604+0000] {processor.py:830} INFO - Processing file /home/airflow/.local/lib/python3.12/site-packages/airflow/example_dags/example_xcom.py for tasks to queue
[2025-08-17T01:24:17.607+0000] {logging_mixin.py:188} INFO - [2025-08-17T01:24:17.607+0000] {dagbag.py:545} INFO - Filling up the DagBag from /home/airflow/.local/lib/python3.12/site-packages/airflow/example_dags/example_xcom.py
[2025-08-17T01:24:17.616+0000] {processor.py:840} INFO - DAG(s) 'example_xcom' retrieved from /home/airflow/.local/lib/python3.12/site-packages/airflow/example_dags/example_xcom.py
[2025-08-17T01:24:17.642+0000] {logging_mixin.py:188} INFO - [2025-08-17T01:24:17.642+0000] {dag.py:3089} INFO - Sync 1 DAGs
[2025-08-17T01:24:17.668+0000] {logging_mixin.py:188} INFO - [2025-08-17T01:24:17.667+0000] {dag.py:3947} INFO - Setting next_dagrun for example_xcom to 2021-01-01 00:00:00+00:00, run_after=2021-01-01 00:00:00+00:00
[2025-08-17T01:24:17.690+0000] {processor.py:183} INFO - Processing /home/airflow/.local/lib/python3.12/site-packages/airflow/example_dags/example_xcom.py took 0.094 seconds
[2025-08-17T01:24:47.990+0000] {processor.py:161} INFO - Started process (PID=931) to work on /home/airflow/.local/lib/python3.12/site-packages/airflow/example_dags/example_xcom.py
[2025-08-17T01:24:47.991+0000] {processor.py:830} INFO - Processing file /home/airflow/.local/lib/python3.12/site-packages/airflow/example_dags/example_xcom.py for tasks to queue
[2025-08-17T01:24:47.993+0000] {logging_mixin.py:188} INFO - [2025-08-17T01:24:47.993+0000] {dagbag.py:545} INFO - Filling up the DagBag from /home/airflow/.local/lib/python3.12/site-packages/airflow/example_dags/example_xcom.py
[2025-08-17T01:24:48.001+0000] {processor.py:840} INFO - DAG(s) 'example_xcom' retrieved from /home/airflow/.local/lib/python3.12/site-packages/airflow/example_dags/example_xcom.py
[2025-08-17T01:24:48.027+0000] {logging_mixin.py:188} INFO - [2025-08-17T01:24:48.027+0000] {dag.py:3089} INFO - Sync 1 DAGs
[2025-08-17T01:24:48.049+0000] {logging_mixin.py:188} INFO - [2025-08-17T01:24:48.049+0000] {dag.py:3947} INFO - Setting next_dagrun for example_xcom to 2021-01-01 00:00:00+00:00, run_after=2021-01-01 00:00:00+00:00
[2025-08-17T01:24:48.070+0000] {processor.py:183} INFO - Processing /home/airflow/.local/lib/python3.12/site-packages/airflow/example_dags/example_xcom.py took 0.087 seconds
[2025-08-17T01:25:18.368+0000] {processor.py:161} INFO - Started process (PID=990) to work on /home/airflow/.local/lib/python3.12/site-packages/airflow/example_dags/example_xcom.py
[2025-08-17T01:25:18.369+0000] {processor.py:830} INFO - Processing file /home/airflow/.local/lib/python3.12/site-packages/airflow/example_dags/example_xcom.py for tasks to queue
[2025-08-17T01:25:18.371+0000] {logging_mixin.py:188} INFO - [2025-08-17T01:25:18.371+0000] {dagbag.py:545} INFO - Filling up the DagBag from /home/airflow/.local/lib/python3.12/site-packages/airflow/example_dags/example_xcom.py
[2025-08-17T01:25:18.379+0000] {processor.py:840} INFO - DAG(s) 'example_xcom' retrieved from /home/airflow/.local/lib/python3.12/site-packages/airflow/example_dags/example_xcom.py
[2025-08-17T01:25:18.405+0000] {logging_mixin.py:188} INFO - [2025-08-17T01:25:18.404+0000] {dag.py:3089} INFO - Sync 1 DAGs
[2025-08-17T01:25:18.427+0000] {logging_mixin.py:188} INFO - [2025-08-17T01:25:18.426+0000] {dag.py:3947} INFO - Setting next_dagrun for example_xcom to 2021-01-01 00:00:00+00:00, run_after=2021-01-01 00:00:00+00:00
[2025-08-17T01:25:18.449+0000] {processor.py:183} INFO - Processing /home/airflow/.local/lib/python3.12/site-packages/airflow/example_dags/example_xcom.py took 0.088 seconds
[2025-08-17T01:26:43.639+0000] {processor.py:161} INFO - Started process (PID=103) to work on /home/airflow/.local/lib/python3.12/site-packages/airflow/example_dags/example_xcom.py
[2025-08-17T01:26:43.640+0000] {processor.py:830} INFO - Processing file /home/airflow/.local/lib/python3.12/site-packages/airflow/example_dags/example_xcom.py for tasks to queue
[2025-08-17T01:26:43.643+0000] {logging_mixin.py:188} INFO - [2025-08-17T01:26:43.643+0000] {dagbag.py:545} INFO - Filling up the DagBag from /home/airflow/.local/lib/python3.12/site-packages/airflow/example_dags/example_xcom.py
[2025-08-17T01:26:43.656+0000] {processor.py:840} INFO - DAG(s) 'example_xcom' retrieved from /home/airflow/.local/lib/python3.12/site-packages/airflow/example_dags/example_xcom.py
[2025-08-17T01:26:43.796+0000] {logging_mixin.py:188} INFO - [2025-08-17T01:26:43.795+0000] {dag.py:3089} INFO - Sync 1 DAGs
[2025-08-17T01:26:43.821+0000] {logging_mixin.py:188} INFO - [2025-08-17T01:26:43.821+0000] {dag.py:3947} INFO - Setting next_dagrun for example_xcom to 2021-01-01 00:00:00+00:00, run_after=2021-01-01 00:00:00+00:00
[2025-08-17T01:26:43.860+0000] {processor.py:183} INFO - Processing /home/airflow/.local/lib/python3.12/site-packages/airflow/example_dags/example_xcom.py took 0.229 seconds
[2025-08-17T01:27:14.353+0000] {processor.py:161} INFO - Started process (PID=162) to work on /home/airflow/.local/lib/python3.12/site-packages/airflow/example_dags/example_xcom.py
[2025-08-17T01:27:14.355+0000] {processor.py:830} INFO - Processing file /home/airflow/.local/lib/python3.12/site-packages/airflow/example_dags/example_xcom.py for tasks to queue
[2025-08-17T01:27:14.358+0000] {logging_mixin.py:188} INFO - [2025-08-17T01:27:14.357+0000] {dagbag.py:545} INFO - Filling up the DagBag from /home/airflow/.local/lib/python3.12/site-packages/airflow/example_dags/example_xcom.py
[2025-08-17T01:27:14.368+0000] {processor.py:840} INFO - DAG(s) 'example_xcom' retrieved from /home/airflow/.local/lib/python3.12/site-packages/airflow/example_dags/example_xcom.py
[2025-08-17T01:27:14.387+0000] {logging_mixin.py:188} INFO - [2025-08-17T01:27:14.386+0000] {dag.py:3089} INFO - Sync 1 DAGs
[2025-08-17T01:27:14.416+0000] {logging_mixin.py:188} INFO - [2025-08-17T01:27:14.416+0000] {dag.py:3947} INFO - Setting next_dagrun for example_xcom to 2021-01-01 00:00:00+00:00, run_after=2021-01-01 00:00:00+00:00
[2025-08-17T01:27:14.444+0000] {processor.py:183} INFO - Processing /home/airflow/.local/lib/python3.12/site-packages/airflow/example_dags/example_xcom.py took 0.098 seconds
[2025-08-17T01:27:45.307+0000] {processor.py:161} INFO - Started process (PID=222) to work on /home/airflow/.local/lib/python3.12/site-packages/airflow/example_dags/example_xcom.py
[2025-08-17T01:27:45.308+0000] {processor.py:830} INFO - Processing file /home/airflow/.local/lib/python3.12/site-packages/airflow/example_dags/example_xcom.py for tasks to queue
[2025-08-17T01:27:45.311+0000] {logging_mixin.py:188} INFO - [2025-08-17T01:27:45.310+0000] {dagbag.py:545} INFO - Filling up the DagBag from /home/airflow/.local/lib/python3.12/site-packages/airflow/example_dags/example_xcom.py
[2025-08-17T01:27:45.319+0000] {processor.py:840} INFO - DAG(s) 'example_xcom' retrieved from /home/airflow/.local/lib/python3.12/site-packages/airflow/example_dags/example_xcom.py
[2025-08-17T01:27:45.461+0000] {logging_mixin.py:188} INFO - [2025-08-17T01:27:45.461+0000] {dag.py:3089} INFO - Sync 1 DAGs
[2025-08-17T01:27:45.491+0000] {logging_mixin.py:188} INFO - [2025-08-17T01:27:45.491+0000] {dag.py:3947} INFO - Setting next_dagrun for example_xcom to 2021-01-01 00:00:00+00:00, run_after=2021-01-01 00:00:00+00:00
[2025-08-17T01:27:45.531+0000] {processor.py:183} INFO - Processing /home/airflow/.local/lib/python3.12/site-packages/airflow/example_dags/example_xcom.py took 0.231 seconds
[2025-08-17T01:28:15.694+0000] {processor.py:161} INFO - Started process (PID=281) to work on /home/airflow/.local/lib/python3.12/site-packages/airflow/example_dags/example_xcom.py
[2025-08-17T01:28:15.695+0000] {processor.py:830} INFO - Processing file /home/airflow/.local/lib/python3.12/site-packages/airflow/example_dags/example_xcom.py for tasks to queue
[2025-08-17T01:28:15.698+0000] {logging_mixin.py:188} INFO - [2025-08-17T01:28:15.697+0000] {dagbag.py:545} INFO - Filling up the DagBag from /home/airflow/.local/lib/python3.12/site-packages/airflow/example_dags/example_xcom.py
[2025-08-17T01:28:15.707+0000] {processor.py:840} INFO - DAG(s) 'example_xcom' retrieved from /home/airflow/.local/lib/python3.12/site-packages/airflow/example_dags/example_xcom.py
[2025-08-17T01:28:15.732+0000] {logging_mixin.py:188} INFO - [2025-08-17T01:28:15.732+0000] {dag.py:3089} INFO - Sync 1 DAGs
[2025-08-17T01:28:15.757+0000] {logging_mixin.py:188} INFO - [2025-08-17T01:28:15.757+0000] {dag.py:3947} INFO - Setting next_dagrun for example_xcom to 2021-01-01 00:00:00+00:00, run_after=2021-01-01 00:00:00+00:00
[2025-08-17T01:28:15.781+0000] {processor.py:183} INFO - Processing /home/airflow/.local/lib/python3.12/site-packages/airflow/example_dags/example_xcom.py took 0.093 seconds
[2025-08-17T01:28:45.883+0000] {processor.py:161} INFO - Started process (PID=340) to work on /home/airflow/.local/lib/python3.12/site-packages/airflow/example_dags/example_xcom.py
[2025-08-17T01:28:45.884+0000] {processor.py:830} INFO - Processing file /home/airflow/.local/lib/python3.12/site-packages/airflow/example_dags/example_xcom.py for tasks to queue
[2025-08-17T01:28:45.887+0000] {logging_mixin.py:188} INFO - [2025-08-17T01:28:45.887+0000] {dagbag.py:545} INFO - Filling up the DagBag from /home/airflow/.local/lib/python3.12/site-packages/airflow/example_dags/example_xcom.py
[2025-08-17T01:28:45.897+0000] {processor.py:840} INFO - DAG(s) 'example_xcom' retrieved from /home/airflow/.local/lib/python3.12/site-packages/airflow/example_dags/example_xcom.py
[2025-08-17T01:28:45.929+0000] {logging_mixin.py:188} INFO - [2025-08-17T01:28:45.928+0000] {dag.py:3089} INFO - Sync 1 DAGs
[2025-08-17T01:28:45.959+0000] {logging_mixin.py:188} INFO - [2025-08-17T01:28:45.958+0000] {dag.py:3947} INFO - Setting next_dagrun for example_xcom to 2021-01-01 00:00:00+00:00, run_after=2021-01-01 00:00:00+00:00
[2025-08-17T01:28:45.987+0000] {processor.py:183} INFO - Processing /home/airflow/.local/lib/python3.12/site-packages/airflow/example_dags/example_xcom.py took 0.110 seconds
[2025-08-17T01:29:16.903+0000] {processor.py:161} INFO - Started process (PID=400) to work on /home/airflow/.local/lib/python3.12/site-packages/airflow/example_dags/example_xcom.py
[2025-08-17T01:29:16.905+0000] {processor.py:830} INFO - Processing file /home/airflow/.local/lib/python3.12/site-packages/airflow/example_dags/example_xcom.py for tasks to queue
[2025-08-17T01:29:16.908+0000] {logging_mixin.py:188} INFO - [2025-08-17T01:29:16.907+0000] {dagbag.py:545} INFO - Filling up the DagBag from /home/airflow/.local/lib/python3.12/site-packages/airflow/example_dags/example_xcom.py
[2025-08-17T01:29:16.917+0000] {processor.py:840} INFO - DAG(s) 'example_xcom' retrieved from /home/airflow/.local/lib/python3.12/site-packages/airflow/example_dags/example_xcom.py
[2025-08-17T01:29:16.946+0000] {logging_mixin.py:188} INFO - [2025-08-17T01:29:16.946+0000] {dag.py:3089} INFO - Sync 1 DAGs
[2025-08-17T01:29:16.974+0000] {logging_mixin.py:188} INFO - [2025-08-17T01:29:16.974+0000] {dag.py:3947} INFO - Setting next_dagrun for example_xcom to 2021-01-01 00:00:00+00:00, run_after=2021-01-01 00:00:00+00:00
[2025-08-17T01:29:16.999+0000] {processor.py:183} INFO - Processing /home/airflow/.local/lib/python3.12/site-packages/airflow/example_dags/example_xcom.py took 0.102 seconds
[2025-08-17T01:29:47.770+0000] {processor.py:161} INFO - Started process (PID=459) to work on /home/airflow/.local/lib/python3.12/site-packages/airflow/example_dags/example_xcom.py
[2025-08-17T01:29:47.771+0000] {processor.py:830} INFO - Processing file /home/airflow/.local/lib/python3.12/site-packages/airflow/example_dags/example_xcom.py for tasks to queue
[2025-08-17T01:29:47.773+0000] {logging_mixin.py:188} INFO - [2025-08-17T01:29:47.773+0000] {dagbag.py:545} INFO - Filling up the DagBag from /home/airflow/.local/lib/python3.12/site-packages/airflow/example_dags/example_xcom.py
[2025-08-17T01:29:47.782+0000] {processor.py:840} INFO - DAG(s) 'example_xcom' retrieved from /home/airflow/.local/lib/python3.12/site-packages/airflow/example_dags/example_xcom.py
[2025-08-17T01:29:47.809+0000] {logging_mixin.py:188} INFO - [2025-08-17T01:29:47.809+0000] {dag.py:3089} INFO - Sync 1 DAGs
[2025-08-17T01:29:47.833+0000] {logging_mixin.py:188} INFO - [2025-08-17T01:29:47.833+0000] {dag.py:3947} INFO - Setting next_dagrun for example_xcom to 2021-01-01 00:00:00+00:00, run_after=2021-01-01 00:00:00+00:00
[2025-08-17T01:29:47.856+0000] {processor.py:183} INFO - Processing /home/airflow/.local/lib/python3.12/site-packages/airflow/example_dags/example_xcom.py took 0.093 seconds
[2025-08-17T01:30:18.369+0000] {processor.py:161} INFO - Started process (PID=518) to work on /home/airflow/.local/lib/python3.12/site-packages/airflow/example_dags/example_xcom.py
[2025-08-17T01:30:18.370+0000] {processor.py:830} INFO - Processing file /home/airflow/.local/lib/python3.12/site-packages/airflow/example_dags/example_xcom.py for tasks to queue
[2025-08-17T01:30:18.374+0000] {logging_mixin.py:188} INFO - [2025-08-17T01:30:18.373+0000] {dagbag.py:545} INFO - Filling up the DagBag from /home/airflow/.local/lib/python3.12/site-packages/airflow/example_dags/example_xcom.py
[2025-08-17T01:30:18.382+0000] {processor.py:840} INFO - DAG(s) 'example_xcom' retrieved from /home/airflow/.local/lib/python3.12/site-packages/airflow/example_dags/example_xcom.py
[2025-08-17T01:30:18.405+0000] {logging_mixin.py:188} INFO - [2025-08-17T01:30:18.405+0000] {dag.py:3089} INFO - Sync 1 DAGs
[2025-08-17T01:30:18.425+0000] {logging_mixin.py:188} INFO - [2025-08-17T01:30:18.425+0000] {dag.py:3947} INFO - Setting next_dagrun for example_xcom to 2021-01-01 00:00:00+00:00, run_after=2021-01-01 00:00:00+00:00
[2025-08-17T01:30:18.445+0000] {processor.py:183} INFO - Processing /home/airflow/.local/lib/python3.12/site-packages/airflow/example_dags/example_xcom.py took 0.082 seconds
[2025-08-17T01:30:48.865+0000] {processor.py:161} INFO - Started process (PID=577) to work on /home/airflow/.local/lib/python3.12/site-packages/airflow/example_dags/example_xcom.py
[2025-08-17T01:30:48.866+0000] {processor.py:830} INFO - Processing file /home/airflow/.local/lib/python3.12/site-packages/airflow/example_dags/example_xcom.py for tasks to queue
[2025-08-17T01:30:48.869+0000] {logging_mixin.py:188} INFO - [2025-08-17T01:30:48.868+0000] {dagbag.py:545} INFO - Filling up the DagBag from /home/airflow/.local/lib/python3.12/site-packages/airflow/example_dags/example_xcom.py
[2025-08-17T01:30:48.877+0000] {processor.py:840} INFO - DAG(s) 'example_xcom' retrieved from /home/airflow/.local/lib/python3.12/site-packages/airflow/example_dags/example_xcom.py
[2025-08-17T01:30:48.899+0000] {logging_mixin.py:188} INFO - [2025-08-17T01:30:48.899+0000] {dag.py:3089} INFO - Sync 1 DAGs
[2025-08-17T01:30:48.919+0000] {logging_mixin.py:188} INFO - [2025-08-17T01:30:48.919+0000] {dag.py:3947} INFO - Setting next_dagrun for example_xcom to 2021-01-01 00:00:00+00:00, run_after=2021-01-01 00:00:00+00:00
[2025-08-17T01:30:48.939+0000] {processor.py:183} INFO - Processing /home/airflow/.local/lib/python3.12/site-packages/airflow/example_dags/example_xcom.py took 0.080 seconds
[2025-08-17T01:31:19.317+0000] {processor.py:161} INFO - Started process (PID=636) to work on /home/airflow/.local/lib/python3.12/site-packages/airflow/example_dags/example_xcom.py
[2025-08-17T01:31:19.318+0000] {processor.py:830} INFO - Processing file /home/airflow/.local/lib/python3.12/site-packages/airflow/example_dags/example_xcom.py for tasks to queue
[2025-08-17T01:31:19.319+0000] {logging_mixin.py:188} INFO - [2025-08-17T01:31:19.319+0000] {dagbag.py:545} INFO - Filling up the DagBag from /home/airflow/.local/lib/python3.12/site-packages/airflow/example_dags/example_xcom.py
[2025-08-17T01:31:19.327+0000] {processor.py:840} INFO - DAG(s) 'example_xcom' retrieved from /home/airflow/.local/lib/python3.12/site-packages/airflow/example_dags/example_xcom.py
[2025-08-17T01:31:19.349+0000] {logging_mixin.py:188} INFO - [2025-08-17T01:31:19.349+0000] {dag.py:3089} INFO - Sync 1 DAGs
[2025-08-17T01:31:19.369+0000] {logging_mixin.py:188} INFO - [2025-08-17T01:31:19.369+0000] {dag.py:3947} INFO - Setting next_dagrun for example_xcom to 2021-01-01 00:00:00+00:00, run_after=2021-01-01 00:00:00+00:00
[2025-08-17T01:31:19.389+0000] {processor.py:183} INFO - Processing /home/airflow/.local/lib/python3.12/site-packages/airflow/example_dags/example_xcom.py took 0.079 seconds
[2025-08-17T01:31:50.267+0000] {processor.py:161} INFO - Started process (PID=698) to work on /home/airflow/.local/lib/python3.12/site-packages/airflow/example_dags/example_xcom.py
[2025-08-17T01:31:50.268+0000] {processor.py:830} INFO - Processing file /home/airflow/.local/lib/python3.12/site-packages/airflow/example_dags/example_xcom.py for tasks to queue
[2025-08-17T01:31:50.271+0000] {logging_mixin.py:188} INFO - [2025-08-17T01:31:50.270+0000] {dagbag.py:545} INFO - Filling up the DagBag from /home/airflow/.local/lib/python3.12/site-packages/airflow/example_dags/example_xcom.py
[2025-08-17T01:31:50.280+0000] {processor.py:840} INFO - DAG(s) 'example_xcom' retrieved from /home/airflow/.local/lib/python3.12/site-packages/airflow/example_dags/example_xcom.py
[2025-08-17T01:31:50.306+0000] {logging_mixin.py:188} INFO - [2025-08-17T01:31:50.305+0000] {dag.py:3089} INFO - Sync 1 DAGs
[2025-08-17T01:31:50.327+0000] {logging_mixin.py:188} INFO - [2025-08-17T01:31:50.327+0000] {dag.py:3947} INFO - Setting next_dagrun for example_xcom to 2021-01-01 00:00:00+00:00, run_after=2021-01-01 00:00:00+00:00
[2025-08-17T01:31:50.353+0000] {processor.py:183} INFO - Processing /home/airflow/.local/lib/python3.12/site-packages/airflow/example_dags/example_xcom.py took 0.093 seconds
