[2025-08-17T00:53:35.087+0000] {processor.py:161} INFO - Started process (PID=94) to work on /home/airflow/.local/lib/python3.12/site-packages/airflow/example_dags/example_setup_teardown.py
[2025-08-17T00:53:35.088+0000] {processor.py:830} INFO - Processing file /home/airflow/.local/lib/python3.12/site-packages/airflow/example_dags/example_setup_teardown.py for tasks to queue
[2025-08-17T00:53:35.091+0000] {logging_mixin.py:188} INFO - [2025-08-17T00:53:35.091+0000] {dagbag.py:545} INFO - Filling up the DagBag from /home/airflow/.local/lib/python3.12/site-packages/airflow/example_dags/example_setup_teardown.py
[2025-08-17T00:53:35.102+0000] {processor.py:840} INFO - DAG(s) 'example_setup_teardown' retrieved from /home/airflow/.local/lib/python3.12/site-packages/airflow/example_dags/example_setup_teardown.py
[2025-08-17T00:53:35.223+0000] {logging_mixin.py:188} INFO - [2025-08-17T00:53:35.223+0000] {dag.py:3089} INFO - Sync 1 DAGs
[2025-08-17T00:53:35.250+0000] {logging_mixin.py:188} INFO - [2025-08-17T00:53:35.249+0000] {dag.py:3947} INFO - Setting next_dagrun for example_setup_teardown to 2025-08-16 00:00:00+00:00, run_after=2025-08-17 00:00:00+00:00
[2025-08-17T00:53:35.274+0000] {processor.py:183} INFO - Processing /home/airflow/.local/lib/python3.12/site-packages/airflow/example_dags/example_setup_teardown.py took 0.195 seconds
[2025-08-17T00:54:06.225+0000] {processor.py:161} INFO - Started process (PID=152) to work on /home/airflow/.local/lib/python3.12/site-packages/airflow/example_dags/example_setup_teardown.py
[2025-08-17T00:54:06.227+0000] {processor.py:830} INFO - Processing file /home/airflow/.local/lib/python3.12/site-packages/airflow/example_dags/example_setup_teardown.py for tasks to queue
[2025-08-17T00:54:06.230+0000] {logging_mixin.py:188} INFO - [2025-08-17T00:54:06.229+0000] {dagbag.py:545} INFO - Filling up the DagBag from /home/airflow/.local/lib/python3.12/site-packages/airflow/example_dags/example_setup_teardown.py
[2025-08-17T00:54:06.238+0000] {processor.py:840} INFO - DAG(s) 'example_setup_teardown' retrieved from /home/airflow/.local/lib/python3.12/site-packages/airflow/example_dags/example_setup_teardown.py
[2025-08-17T00:54:06.268+0000] {logging_mixin.py:188} INFO - [2025-08-17T00:54:06.268+0000] {dag.py:3089} INFO - Sync 1 DAGs
[2025-08-17T00:54:06.293+0000] {logging_mixin.py:188} INFO - [2025-08-17T00:54:06.293+0000] {dag.py:3947} INFO - Setting next_dagrun for example_setup_teardown to 2025-08-16 00:00:00+00:00, run_after=2025-08-17 00:00:00+00:00
[2025-08-17T00:54:06.316+0000] {processor.py:183} INFO - Processing /home/airflow/.local/lib/python3.12/site-packages/airflow/example_dags/example_setup_teardown.py took 0.100 seconds
[2025-08-17T00:54:36.542+0000] {processor.py:161} INFO - Started process (PID=210) to work on /home/airflow/.local/lib/python3.12/site-packages/airflow/example_dags/example_setup_teardown.py
[2025-08-17T00:54:36.544+0000] {processor.py:830} INFO - Processing file /home/airflow/.local/lib/python3.12/site-packages/airflow/example_dags/example_setup_teardown.py for tasks to queue
[2025-08-17T00:54:36.546+0000] {logging_mixin.py:188} INFO - [2025-08-17T00:54:36.545+0000] {dagbag.py:545} INFO - Filling up the DagBag from /home/airflow/.local/lib/python3.12/site-packages/airflow/example_dags/example_setup_teardown.py
[2025-08-17T00:54:36.553+0000] {processor.py:840} INFO - DAG(s) 'example_setup_teardown' retrieved from /home/airflow/.local/lib/python3.12/site-packages/airflow/example_dags/example_setup_teardown.py
[2025-08-17T00:54:36.576+0000] {logging_mixin.py:188} INFO - [2025-08-17T00:54:36.576+0000] {dag.py:3089} INFO - Sync 1 DAGs
[2025-08-17T00:54:36.598+0000] {logging_mixin.py:188} INFO - [2025-08-17T00:54:36.597+0000] {dag.py:3947} INFO - Setting next_dagrun for example_setup_teardown to 2025-08-16 00:00:00+00:00, run_after=2025-08-17 00:00:00+00:00
[2025-08-17T00:54:36.618+0000] {processor.py:183} INFO - Processing /home/airflow/.local/lib/python3.12/site-packages/airflow/example_dags/example_setup_teardown.py took 0.082 seconds
[2025-08-17T00:55:07.065+0000] {processor.py:161} INFO - Started process (PID=268) to work on /home/airflow/.local/lib/python3.12/site-packages/airflow/example_dags/example_setup_teardown.py
[2025-08-17T00:55:07.066+0000] {processor.py:830} INFO - Processing file /home/airflow/.local/lib/python3.12/site-packages/airflow/example_dags/example_setup_teardown.py for tasks to queue
[2025-08-17T00:55:07.068+0000] {logging_mixin.py:188} INFO - [2025-08-17T00:55:07.068+0000] {dagbag.py:545} INFO - Filling up the DagBag from /home/airflow/.local/lib/python3.12/site-packages/airflow/example_dags/example_setup_teardown.py
[2025-08-17T00:55:07.075+0000] {processor.py:840} INFO - DAG(s) 'example_setup_teardown' retrieved from /home/airflow/.local/lib/python3.12/site-packages/airflow/example_dags/example_setup_teardown.py
[2025-08-17T00:55:07.098+0000] {logging_mixin.py:188} INFO - [2025-08-17T00:55:07.098+0000] {dag.py:3089} INFO - Sync 1 DAGs
[2025-08-17T00:55:07.121+0000] {logging_mixin.py:188} INFO - [2025-08-17T00:55:07.120+0000] {dag.py:3947} INFO - Setting next_dagrun for example_setup_teardown to 2025-08-16 00:00:00+00:00, run_after=2025-08-17 00:00:00+00:00
[2025-08-17T00:55:07.141+0000] {processor.py:183} INFO - Processing /home/airflow/.local/lib/python3.12/site-packages/airflow/example_dags/example_setup_teardown.py took 0.082 seconds
[2025-08-17T00:55:38.008+0000] {processor.py:161} INFO - Started process (PID=327) to work on /home/airflow/.local/lib/python3.12/site-packages/airflow/example_dags/example_setup_teardown.py
[2025-08-17T00:55:38.010+0000] {processor.py:830} INFO - Processing file /home/airflow/.local/lib/python3.12/site-packages/airflow/example_dags/example_setup_teardown.py for tasks to queue
[2025-08-17T00:55:38.012+0000] {logging_mixin.py:188} INFO - [2025-08-17T00:55:38.012+0000] {dagbag.py:545} INFO - Filling up the DagBag from /home/airflow/.local/lib/python3.12/site-packages/airflow/example_dags/example_setup_teardown.py
[2025-08-17T00:55:38.019+0000] {processor.py:840} INFO - DAG(s) 'example_setup_teardown' retrieved from /home/airflow/.local/lib/python3.12/site-packages/airflow/example_dags/example_setup_teardown.py
[2025-08-17T00:55:38.044+0000] {logging_mixin.py:188} INFO - [2025-08-17T00:55:38.043+0000] {dag.py:3089} INFO - Sync 1 DAGs
[2025-08-17T00:55:38.066+0000] {logging_mixin.py:188} INFO - [2025-08-17T00:55:38.065+0000] {dag.py:3947} INFO - Setting next_dagrun for example_setup_teardown to 2025-08-16 00:00:00+00:00, run_after=2025-08-17 00:00:00+00:00
[2025-08-17T00:55:38.086+0000] {processor.py:183} INFO - Processing /home/airflow/.local/lib/python3.12/site-packages/airflow/example_dags/example_setup_teardown.py took 0.083 seconds
[2025-08-17T00:56:08.306+0000] {processor.py:161} INFO - Started process (PID=385) to work on /home/airflow/.local/lib/python3.12/site-packages/airflow/example_dags/example_setup_teardown.py
[2025-08-17T00:56:08.308+0000] {processor.py:830} INFO - Processing file /home/airflow/.local/lib/python3.12/site-packages/airflow/example_dags/example_setup_teardown.py for tasks to queue
[2025-08-17T00:56:08.312+0000] {logging_mixin.py:188} INFO - [2025-08-17T00:56:08.311+0000] {dagbag.py:545} INFO - Filling up the DagBag from /home/airflow/.local/lib/python3.12/site-packages/airflow/example_dags/example_setup_teardown.py
[2025-08-17T00:56:08.324+0000] {processor.py:840} INFO - DAG(s) 'example_setup_teardown' retrieved from /home/airflow/.local/lib/python3.12/site-packages/airflow/example_dags/example_setup_teardown.py
[2025-08-17T00:56:08.355+0000] {logging_mixin.py:188} INFO - [2025-08-17T00:56:08.355+0000] {dag.py:3089} INFO - Sync 1 DAGs
[2025-08-17T00:56:08.387+0000] {logging_mixin.py:188} INFO - [2025-08-17T00:56:08.386+0000] {dag.py:3947} INFO - Setting next_dagrun for example_setup_teardown to 2025-08-16 00:00:00+00:00, run_after=2025-08-17 00:00:00+00:00
[2025-08-17T00:56:08.425+0000] {processor.py:183} INFO - Processing /home/airflow/.local/lib/python3.12/site-packages/airflow/example_dags/example_setup_teardown.py took 0.130 seconds
[2025-08-17T00:56:39.299+0000] {processor.py:161} INFO - Started process (PID=443) to work on /home/airflow/.local/lib/python3.12/site-packages/airflow/example_dags/example_setup_teardown.py
[2025-08-17T00:56:39.300+0000] {processor.py:830} INFO - Processing file /home/airflow/.local/lib/python3.12/site-packages/airflow/example_dags/example_setup_teardown.py for tasks to queue
[2025-08-17T00:56:39.302+0000] {logging_mixin.py:188} INFO - [2025-08-17T00:56:39.302+0000] {dagbag.py:545} INFO - Filling up the DagBag from /home/airflow/.local/lib/python3.12/site-packages/airflow/example_dags/example_setup_teardown.py
[2025-08-17T00:56:39.309+0000] {processor.py:840} INFO - DAG(s) 'example_setup_teardown' retrieved from /home/airflow/.local/lib/python3.12/site-packages/airflow/example_dags/example_setup_teardown.py
[2025-08-17T00:56:39.333+0000] {logging_mixin.py:188} INFO - [2025-08-17T00:56:39.333+0000] {dag.py:3089} INFO - Sync 1 DAGs
[2025-08-17T00:56:39.354+0000] {logging_mixin.py:188} INFO - [2025-08-17T00:56:39.354+0000] {dag.py:3947} INFO - Setting next_dagrun for example_setup_teardown to 2025-08-16 00:00:00+00:00, run_after=2025-08-17 00:00:00+00:00
[2025-08-17T00:56:39.375+0000] {processor.py:183} INFO - Processing /home/airflow/.local/lib/python3.12/site-packages/airflow/example_dags/example_setup_teardown.py took 0.082 seconds
[2025-08-17T00:57:09.623+0000] {processor.py:161} INFO - Started process (PID=501) to work on /home/airflow/.local/lib/python3.12/site-packages/airflow/example_dags/example_setup_teardown.py
[2025-08-17T00:57:09.625+0000] {processor.py:830} INFO - Processing file /home/airflow/.local/lib/python3.12/site-packages/airflow/example_dags/example_setup_teardown.py for tasks to queue
[2025-08-17T00:57:09.627+0000] {logging_mixin.py:188} INFO - [2025-08-17T00:57:09.627+0000] {dagbag.py:545} INFO - Filling up the DagBag from /home/airflow/.local/lib/python3.12/site-packages/airflow/example_dags/example_setup_teardown.py
[2025-08-17T00:57:09.634+0000] {processor.py:840} INFO - DAG(s) 'example_setup_teardown' retrieved from /home/airflow/.local/lib/python3.12/site-packages/airflow/example_dags/example_setup_teardown.py
[2025-08-17T00:57:09.659+0000] {logging_mixin.py:188} INFO - [2025-08-17T00:57:09.659+0000] {dag.py:3089} INFO - Sync 1 DAGs
[2025-08-17T00:57:09.680+0000] {logging_mixin.py:188} INFO - [2025-08-17T00:57:09.680+0000] {dag.py:3947} INFO - Setting next_dagrun for example_setup_teardown to 2025-08-16 00:00:00+00:00, run_after=2025-08-17 00:00:00+00:00
[2025-08-17T00:57:09.699+0000] {processor.py:183} INFO - Processing /home/airflow/.local/lib/python3.12/site-packages/airflow/example_dags/example_setup_teardown.py took 0.082 seconds
[2025-08-17T00:57:40.186+0000] {processor.py:161} INFO - Started process (PID=559) to work on /home/airflow/.local/lib/python3.12/site-packages/airflow/example_dags/example_setup_teardown.py
[2025-08-17T00:57:40.188+0000] {processor.py:830} INFO - Processing file /home/airflow/.local/lib/python3.12/site-packages/airflow/example_dags/example_setup_teardown.py for tasks to queue
[2025-08-17T00:57:40.190+0000] {logging_mixin.py:188} INFO - [2025-08-17T00:57:40.190+0000] {dagbag.py:545} INFO - Filling up the DagBag from /home/airflow/.local/lib/python3.12/site-packages/airflow/example_dags/example_setup_teardown.py
[2025-08-17T00:57:40.197+0000] {processor.py:840} INFO - DAG(s) 'example_setup_teardown' retrieved from /home/airflow/.local/lib/python3.12/site-packages/airflow/example_dags/example_setup_teardown.py
[2025-08-17T00:57:40.221+0000] {logging_mixin.py:188} INFO - [2025-08-17T00:57:40.221+0000] {dag.py:3089} INFO - Sync 1 DAGs
[2025-08-17T00:57:40.242+0000] {logging_mixin.py:188} INFO - [2025-08-17T00:57:40.242+0000] {dag.py:3947} INFO - Setting next_dagrun for example_setup_teardown to 2025-08-16 00:00:00+00:00, run_after=2025-08-17 00:00:00+00:00
[2025-08-17T00:57:40.262+0000] {processor.py:183} INFO - Processing /home/airflow/.local/lib/python3.12/site-packages/airflow/example_dags/example_setup_teardown.py took 0.083 seconds
[2025-08-17T00:58:10.886+0000] {processor.py:161} INFO - Started process (PID=617) to work on /home/airflow/.local/lib/python3.12/site-packages/airflow/example_dags/example_setup_teardown.py
[2025-08-17T00:58:10.887+0000] {processor.py:830} INFO - Processing file /home/airflow/.local/lib/python3.12/site-packages/airflow/example_dags/example_setup_teardown.py for tasks to queue
[2025-08-17T00:58:10.889+0000] {logging_mixin.py:188} INFO - [2025-08-17T00:58:10.889+0000] {dagbag.py:545} INFO - Filling up the DagBag from /home/airflow/.local/lib/python3.12/site-packages/airflow/example_dags/example_setup_teardown.py
[2025-08-17T00:58:10.897+0000] {processor.py:840} INFO - DAG(s) 'example_setup_teardown' retrieved from /home/airflow/.local/lib/python3.12/site-packages/airflow/example_dags/example_setup_teardown.py
[2025-08-17T00:58:10.920+0000] {logging_mixin.py:188} INFO - [2025-08-17T00:58:10.920+0000] {dag.py:3089} INFO - Sync 1 DAGs
[2025-08-17T00:58:10.941+0000] {logging_mixin.py:188} INFO - [2025-08-17T00:58:10.941+0000] {dag.py:3947} INFO - Setting next_dagrun for example_setup_teardown to 2025-08-16 00:00:00+00:00, run_after=2025-08-17 00:00:00+00:00
[2025-08-17T00:58:10.962+0000] {processor.py:183} INFO - Processing /home/airflow/.local/lib/python3.12/site-packages/airflow/example_dags/example_setup_teardown.py took 0.082 seconds
[2025-08-17T00:58:41.481+0000] {processor.py:161} INFO - Started process (PID=676) to work on /home/airflow/.local/lib/python3.12/site-packages/airflow/example_dags/example_setup_teardown.py
[2025-08-17T00:58:41.482+0000] {processor.py:830} INFO - Processing file /home/airflow/.local/lib/python3.12/site-packages/airflow/example_dags/example_setup_teardown.py for tasks to queue
[2025-08-17T00:58:41.484+0000] {logging_mixin.py:188} INFO - [2025-08-17T00:58:41.484+0000] {dagbag.py:545} INFO - Filling up the DagBag from /home/airflow/.local/lib/python3.12/site-packages/airflow/example_dags/example_setup_teardown.py
[2025-08-17T00:58:41.492+0000] {processor.py:840} INFO - DAG(s) 'example_setup_teardown' retrieved from /home/airflow/.local/lib/python3.12/site-packages/airflow/example_dags/example_setup_teardown.py
[2025-08-17T00:58:41.516+0000] {logging_mixin.py:188} INFO - [2025-08-17T00:58:41.516+0000] {dag.py:3089} INFO - Sync 1 DAGs
[2025-08-17T00:58:41.539+0000] {logging_mixin.py:188} INFO - [2025-08-17T00:58:41.539+0000] {dag.py:3947} INFO - Setting next_dagrun for example_setup_teardown to 2025-08-16 00:00:00+00:00, run_after=2025-08-17 00:00:00+00:00
[2025-08-17T00:58:41.559+0000] {processor.py:183} INFO - Processing /home/airflow/.local/lib/python3.12/site-packages/airflow/example_dags/example_setup_teardown.py took 0.085 seconds
[2025-08-17T00:59:12.297+0000] {processor.py:161} INFO - Started process (PID=735) to work on /home/airflow/.local/lib/python3.12/site-packages/airflow/example_dags/example_setup_teardown.py
[2025-08-17T00:59:12.298+0000] {processor.py:830} INFO - Processing file /home/airflow/.local/lib/python3.12/site-packages/airflow/example_dags/example_setup_teardown.py for tasks to queue
[2025-08-17T00:59:12.300+0000] {logging_mixin.py:188} INFO - [2025-08-17T00:59:12.300+0000] {dagbag.py:545} INFO - Filling up the DagBag from /home/airflow/.local/lib/python3.12/site-packages/airflow/example_dags/example_setup_teardown.py
[2025-08-17T00:59:12.309+0000] {processor.py:840} INFO - DAG(s) 'example_setup_teardown' retrieved from /home/airflow/.local/lib/python3.12/site-packages/airflow/example_dags/example_setup_teardown.py
[2025-08-17T00:59:12.337+0000] {logging_mixin.py:188} INFO - [2025-08-17T00:59:12.337+0000] {dag.py:3089} INFO - Sync 1 DAGs
[2025-08-17T00:59:12.368+0000] {logging_mixin.py:188} INFO - [2025-08-17T00:59:12.368+0000] {dag.py:3947} INFO - Setting next_dagrun for example_setup_teardown to 2025-08-16 00:00:00+00:00, run_after=2025-08-17 00:00:00+00:00
[2025-08-17T00:59:12.391+0000] {processor.py:183} INFO - Processing /home/airflow/.local/lib/python3.12/site-packages/airflow/example_dags/example_setup_teardown.py took 0.102 seconds
[2025-08-17T01:00:11.886+0000] {processor.py:161} INFO - Started process (PID=82) to work on /home/airflow/.local/lib/python3.12/site-packages/airflow/example_dags/example_setup_teardown.py
[2025-08-17T01:00:11.888+0000] {processor.py:830} INFO - Processing file /home/airflow/.local/lib/python3.12/site-packages/airflow/example_dags/example_setup_teardown.py for tasks to queue
[2025-08-17T01:00:11.891+0000] {logging_mixin.py:188} INFO - [2025-08-17T01:00:11.890+0000] {dagbag.py:545} INFO - Filling up the DagBag from /home/airflow/.local/lib/python3.12/site-packages/airflow/example_dags/example_setup_teardown.py
[2025-08-17T01:00:11.905+0000] {processor.py:840} INFO - DAG(s) 'example_setup_teardown' retrieved from /home/airflow/.local/lib/python3.12/site-packages/airflow/example_dags/example_setup_teardown.py
[2025-08-17T01:00:11.925+0000] {logging_mixin.py:188} INFO - [2025-08-17T01:00:11.924+0000] {dag.py:3089} INFO - Sync 1 DAGs
[2025-08-17T01:00:11.960+0000] {logging_mixin.py:188} INFO - [2025-08-17T01:00:11.960+0000] {dag.py:3947} INFO - Setting next_dagrun for example_setup_teardown to 2025-08-16 00:00:00+00:00, run_after=2025-08-17 00:00:00+00:00
[2025-08-17T01:00:11.994+0000] {processor.py:183} INFO - Processing /home/airflow/.local/lib/python3.12/site-packages/airflow/example_dags/example_setup_teardown.py took 0.117 seconds
[2025-08-17T01:01:34.908+0000] {processor.py:161} INFO - Started process (PID=82) to work on /home/airflow/.local/lib/python3.12/site-packages/airflow/example_dags/example_setup_teardown.py
[2025-08-17T01:01:34.910+0000] {processor.py:830} INFO - Processing file /home/airflow/.local/lib/python3.12/site-packages/airflow/example_dags/example_setup_teardown.py for tasks to queue
[2025-08-17T01:01:34.916+0000] {logging_mixin.py:188} INFO - [2025-08-17T01:01:34.915+0000] {dagbag.py:545} INFO - Filling up the DagBag from /home/airflow/.local/lib/python3.12/site-packages/airflow/example_dags/example_setup_teardown.py
[2025-08-17T01:01:34.928+0000] {processor.py:840} INFO - DAG(s) 'example_setup_teardown' retrieved from /home/airflow/.local/lib/python3.12/site-packages/airflow/example_dags/example_setup_teardown.py
[2025-08-17T01:01:34.945+0000] {logging_mixin.py:188} INFO - [2025-08-17T01:01:34.945+0000] {dag.py:3089} INFO - Sync 1 DAGs
[2025-08-17T01:01:34.976+0000] {logging_mixin.py:188} INFO - [2025-08-17T01:01:34.975+0000] {dag.py:3947} INFO - Setting next_dagrun for example_setup_teardown to 2025-08-16 00:00:00+00:00, run_after=2025-08-17 00:00:00+00:00
[2025-08-17T01:01:35.002+0000] {processor.py:183} INFO - Processing /home/airflow/.local/lib/python3.12/site-packages/airflow/example_dags/example_setup_teardown.py took 0.102 seconds
[2025-08-17T01:02:06.319+0000] {processor.py:161} INFO - Started process (PID=141) to work on /home/airflow/.local/lib/python3.12/site-packages/airflow/example_dags/example_setup_teardown.py
[2025-08-17T01:02:06.321+0000] {processor.py:830} INFO - Processing file /home/airflow/.local/lib/python3.12/site-packages/airflow/example_dags/example_setup_teardown.py for tasks to queue
[2025-08-17T01:02:06.324+0000] {logging_mixin.py:188} INFO - [2025-08-17T01:02:06.323+0000] {dagbag.py:545} INFO - Filling up the DagBag from /home/airflow/.local/lib/python3.12/site-packages/airflow/example_dags/example_setup_teardown.py
[2025-08-17T01:02:06.331+0000] {processor.py:840} INFO - DAG(s) 'example_setup_teardown' retrieved from /home/airflow/.local/lib/python3.12/site-packages/airflow/example_dags/example_setup_teardown.py
[2025-08-17T01:02:06.445+0000] {logging_mixin.py:188} INFO - [2025-08-17T01:02:06.445+0000] {dag.py:3089} INFO - Sync 1 DAGs
[2025-08-17T01:02:06.465+0000] {logging_mixin.py:188} INFO - [2025-08-17T01:02:06.464+0000] {dag.py:3947} INFO - Setting next_dagrun for example_setup_teardown to 2025-08-16 00:00:00+00:00, run_after=2025-08-17 00:00:00+00:00
[2025-08-17T01:02:06.485+0000] {processor.py:183} INFO - Processing /home/airflow/.local/lib/python3.12/site-packages/airflow/example_dags/example_setup_teardown.py took 0.172 seconds
[2025-08-17T01:02:36.902+0000] {processor.py:161} INFO - Started process (PID=200) to work on /home/airflow/.local/lib/python3.12/site-packages/airflow/example_dags/example_setup_teardown.py
[2025-08-17T01:02:36.903+0000] {processor.py:830} INFO - Processing file /home/airflow/.local/lib/python3.12/site-packages/airflow/example_dags/example_setup_teardown.py for tasks to queue
[2025-08-17T01:02:36.905+0000] {logging_mixin.py:188} INFO - [2025-08-17T01:02:36.905+0000] {dagbag.py:545} INFO - Filling up the DagBag from /home/airflow/.local/lib/python3.12/site-packages/airflow/example_dags/example_setup_teardown.py
[2025-08-17T01:02:36.914+0000] {processor.py:840} INFO - DAG(s) 'example_setup_teardown' retrieved from /home/airflow/.local/lib/python3.12/site-packages/airflow/example_dags/example_setup_teardown.py
[2025-08-17T01:02:36.942+0000] {logging_mixin.py:188} INFO - [2025-08-17T01:02:36.942+0000] {dag.py:3089} INFO - Sync 1 DAGs
[2025-08-17T01:02:36.969+0000] {logging_mixin.py:188} INFO - [2025-08-17T01:02:36.969+0000] {dag.py:3947} INFO - Setting next_dagrun for example_setup_teardown to 2025-08-16 00:00:00+00:00, run_after=2025-08-17 00:00:00+00:00
[2025-08-17T01:02:36.993+0000] {processor.py:183} INFO - Processing /home/airflow/.local/lib/python3.12/site-packages/airflow/example_dags/example_setup_teardown.py took 0.100 seconds
[2025-08-17T01:03:07.342+0000] {processor.py:161} INFO - Started process (PID=259) to work on /home/airflow/.local/lib/python3.12/site-packages/airflow/example_dags/example_setup_teardown.py
[2025-08-17T01:03:07.343+0000] {processor.py:830} INFO - Processing file /home/airflow/.local/lib/python3.12/site-packages/airflow/example_dags/example_setup_teardown.py for tasks to queue
[2025-08-17T01:03:07.346+0000] {logging_mixin.py:188} INFO - [2025-08-17T01:03:07.345+0000] {dagbag.py:545} INFO - Filling up the DagBag from /home/airflow/.local/lib/python3.12/site-packages/airflow/example_dags/example_setup_teardown.py
[2025-08-17T01:03:07.352+0000] {processor.py:840} INFO - DAG(s) 'example_setup_teardown' retrieved from /home/airflow/.local/lib/python3.12/site-packages/airflow/example_dags/example_setup_teardown.py
[2025-08-17T01:03:07.376+0000] {logging_mixin.py:188} INFO - [2025-08-17T01:03:07.376+0000] {dag.py:3089} INFO - Sync 1 DAGs
[2025-08-17T01:03:07.399+0000] {logging_mixin.py:188} INFO - [2025-08-17T01:03:07.399+0000] {dag.py:3947} INFO - Setting next_dagrun for example_setup_teardown to 2025-08-16 00:00:00+00:00, run_after=2025-08-17 00:00:00+00:00
[2025-08-17T01:03:07.419+0000] {processor.py:183} INFO - Processing /home/airflow/.local/lib/python3.12/site-packages/airflow/example_dags/example_setup_teardown.py took 0.084 seconds
[2025-08-17T01:03:37.575+0000] {processor.py:161} INFO - Started process (PID=318) to work on /home/airflow/.local/lib/python3.12/site-packages/airflow/example_dags/example_setup_teardown.py
[2025-08-17T01:03:37.576+0000] {processor.py:830} INFO - Processing file /home/airflow/.local/lib/python3.12/site-packages/airflow/example_dags/example_setup_teardown.py for tasks to queue
[2025-08-17T01:03:37.578+0000] {logging_mixin.py:188} INFO - [2025-08-17T01:03:37.578+0000] {dagbag.py:545} INFO - Filling up the DagBag from /home/airflow/.local/lib/python3.12/site-packages/airflow/example_dags/example_setup_teardown.py
[2025-08-17T01:03:37.586+0000] {processor.py:840} INFO - DAG(s) 'example_setup_teardown' retrieved from /home/airflow/.local/lib/python3.12/site-packages/airflow/example_dags/example_setup_teardown.py
[2025-08-17T01:03:37.609+0000] {logging_mixin.py:188} INFO - [2025-08-17T01:03:37.609+0000] {dag.py:3089} INFO - Sync 1 DAGs
[2025-08-17T01:03:37.630+0000] {logging_mixin.py:188} INFO - [2025-08-17T01:03:37.629+0000] {dag.py:3947} INFO - Setting next_dagrun for example_setup_teardown to 2025-08-16 00:00:00+00:00, run_after=2025-08-17 00:00:00+00:00
[2025-08-17T01:03:37.649+0000] {processor.py:183} INFO - Processing /home/airflow/.local/lib/python3.12/site-packages/airflow/example_dags/example_setup_teardown.py took 0.080 seconds
[2025-08-17T01:04:07.862+0000] {processor.py:161} INFO - Started process (PID=377) to work on /home/airflow/.local/lib/python3.12/site-packages/airflow/example_dags/example_setup_teardown.py
[2025-08-17T01:04:07.864+0000] {processor.py:830} INFO - Processing file /home/airflow/.local/lib/python3.12/site-packages/airflow/example_dags/example_setup_teardown.py for tasks to queue
[2025-08-17T01:04:07.866+0000] {logging_mixin.py:188} INFO - [2025-08-17T01:04:07.866+0000] {dagbag.py:545} INFO - Filling up the DagBag from /home/airflow/.local/lib/python3.12/site-packages/airflow/example_dags/example_setup_teardown.py
[2025-08-17T01:04:07.875+0000] {processor.py:840} INFO - DAG(s) 'example_setup_teardown' retrieved from /home/airflow/.local/lib/python3.12/site-packages/airflow/example_dags/example_setup_teardown.py
[2025-08-17T01:04:07.907+0000] {logging_mixin.py:188} INFO - [2025-08-17T01:04:07.906+0000] {dag.py:3089} INFO - Sync 1 DAGs
[2025-08-17T01:04:07.935+0000] {logging_mixin.py:188} INFO - [2025-08-17T01:04:07.935+0000] {dag.py:3947} INFO - Setting next_dagrun for example_setup_teardown to 2025-08-16 00:00:00+00:00, run_after=2025-08-17 00:00:00+00:00
[2025-08-17T01:04:07.967+0000] {processor.py:183} INFO - Processing /home/airflow/.local/lib/python3.12/site-packages/airflow/example_dags/example_setup_teardown.py took 0.116 seconds
[2025-08-17T01:04:38.645+0000] {processor.py:161} INFO - Started process (PID=442) to work on /home/airflow/.local/lib/python3.12/site-packages/airflow/example_dags/example_setup_teardown.py
[2025-08-17T01:04:38.646+0000] {processor.py:830} INFO - Processing file /home/airflow/.local/lib/python3.12/site-packages/airflow/example_dags/example_setup_teardown.py for tasks to queue
[2025-08-17T01:04:38.649+0000] {logging_mixin.py:188} INFO - [2025-08-17T01:04:38.648+0000] {dagbag.py:545} INFO - Filling up the DagBag from /home/airflow/.local/lib/python3.12/site-packages/airflow/example_dags/example_setup_teardown.py
[2025-08-17T01:04:38.655+0000] {processor.py:840} INFO - DAG(s) 'example_setup_teardown' retrieved from /home/airflow/.local/lib/python3.12/site-packages/airflow/example_dags/example_setup_teardown.py
[2025-08-17T01:04:38.678+0000] {logging_mixin.py:188} INFO - [2025-08-17T01:04:38.678+0000] {dag.py:3089} INFO - Sync 1 DAGs
[2025-08-17T01:04:38.699+0000] {logging_mixin.py:188} INFO - [2025-08-17T01:04:38.699+0000] {dag.py:3947} INFO - Setting next_dagrun for example_setup_teardown to 2025-08-16 00:00:00+00:00, run_after=2025-08-17 00:00:00+00:00
[2025-08-17T01:04:38.717+0000] {processor.py:183} INFO - Processing /home/airflow/.local/lib/python3.12/site-packages/airflow/example_dags/example_setup_teardown.py took 0.078 seconds
[2025-08-17T01:05:09.393+0000] {processor.py:161} INFO - Started process (PID=501) to work on /home/airflow/.local/lib/python3.12/site-packages/airflow/example_dags/example_setup_teardown.py
[2025-08-17T01:05:09.394+0000] {processor.py:830} INFO - Processing file /home/airflow/.local/lib/python3.12/site-packages/airflow/example_dags/example_setup_teardown.py for tasks to queue
[2025-08-17T01:05:09.397+0000] {logging_mixin.py:188} INFO - [2025-08-17T01:05:09.397+0000] {dagbag.py:545} INFO - Filling up the DagBag from /home/airflow/.local/lib/python3.12/site-packages/airflow/example_dags/example_setup_teardown.py
[2025-08-17T01:05:09.404+0000] {processor.py:840} INFO - DAG(s) 'example_setup_teardown' retrieved from /home/airflow/.local/lib/python3.12/site-packages/airflow/example_dags/example_setup_teardown.py
[2025-08-17T01:05:09.425+0000] {logging_mixin.py:188} INFO - [2025-08-17T01:05:09.425+0000] {dag.py:3089} INFO - Sync 1 DAGs
[2025-08-17T01:05:09.444+0000] {logging_mixin.py:188} INFO - [2025-08-17T01:05:09.443+0000] {dag.py:3947} INFO - Setting next_dagrun for example_setup_teardown to 2025-08-16 00:00:00+00:00, run_after=2025-08-17 00:00:00+00:00
[2025-08-17T01:05:09.465+0000] {processor.py:183} INFO - Processing /home/airflow/.local/lib/python3.12/site-packages/airflow/example_dags/example_setup_teardown.py took 0.078 seconds
[2025-08-17T01:05:39.947+0000] {processor.py:161} INFO - Started process (PID=560) to work on /home/airflow/.local/lib/python3.12/site-packages/airflow/example_dags/example_setup_teardown.py
[2025-08-17T01:05:39.948+0000] {processor.py:830} INFO - Processing file /home/airflow/.local/lib/python3.12/site-packages/airflow/example_dags/example_setup_teardown.py for tasks to queue
[2025-08-17T01:05:39.950+0000] {logging_mixin.py:188} INFO - [2025-08-17T01:05:39.950+0000] {dagbag.py:545} INFO - Filling up the DagBag from /home/airflow/.local/lib/python3.12/site-packages/airflow/example_dags/example_setup_teardown.py
[2025-08-17T01:05:39.958+0000] {processor.py:840} INFO - DAG(s) 'example_setup_teardown' retrieved from /home/airflow/.local/lib/python3.12/site-packages/airflow/example_dags/example_setup_teardown.py
[2025-08-17T01:05:39.984+0000] {logging_mixin.py:188} INFO - [2025-08-17T01:05:39.984+0000] {dag.py:3089} INFO - Sync 1 DAGs
[2025-08-17T01:05:40.007+0000] {logging_mixin.py:188} INFO - [2025-08-17T01:05:40.007+0000] {dag.py:3947} INFO - Setting next_dagrun for example_setup_teardown to 2025-08-16 00:00:00+00:00, run_after=2025-08-17 00:00:00+00:00
[2025-08-17T01:05:40.027+0000] {processor.py:183} INFO - Processing /home/airflow/.local/lib/python3.12/site-packages/airflow/example_dags/example_setup_teardown.py took 0.086 seconds
[2025-08-17T01:06:10.958+0000] {processor.py:161} INFO - Started process (PID=619) to work on /home/airflow/.local/lib/python3.12/site-packages/airflow/example_dags/example_setup_teardown.py
[2025-08-17T01:06:10.960+0000] {processor.py:830} INFO - Processing file /home/airflow/.local/lib/python3.12/site-packages/airflow/example_dags/example_setup_teardown.py for tasks to queue
[2025-08-17T01:06:10.962+0000] {logging_mixin.py:188} INFO - [2025-08-17T01:06:10.962+0000] {dagbag.py:545} INFO - Filling up the DagBag from /home/airflow/.local/lib/python3.12/site-packages/airflow/example_dags/example_setup_teardown.py
[2025-08-17T01:06:10.970+0000] {processor.py:840} INFO - DAG(s) 'example_setup_teardown' retrieved from /home/airflow/.local/lib/python3.12/site-packages/airflow/example_dags/example_setup_teardown.py
[2025-08-17T01:06:10.997+0000] {logging_mixin.py:188} INFO - [2025-08-17T01:06:10.996+0000] {dag.py:3089} INFO - Sync 1 DAGs
[2025-08-17T01:06:11.026+0000] {logging_mixin.py:188} INFO - [2025-08-17T01:06:11.025+0000] {dag.py:3947} INFO - Setting next_dagrun for example_setup_teardown to 2025-08-16 00:00:00+00:00, run_after=2025-08-17 00:00:00+00:00
[2025-08-17T01:06:11.052+0000] {processor.py:183} INFO - Processing /home/airflow/.local/lib/python3.12/site-packages/airflow/example_dags/example_setup_teardown.py took 0.101 seconds
[2025-08-17T01:06:41.220+0000] {processor.py:161} INFO - Started process (PID=678) to work on /home/airflow/.local/lib/python3.12/site-packages/airflow/example_dags/example_setup_teardown.py
[2025-08-17T01:06:41.221+0000] {processor.py:830} INFO - Processing file /home/airflow/.local/lib/python3.12/site-packages/airflow/example_dags/example_setup_teardown.py for tasks to queue
[2025-08-17T01:06:41.224+0000] {logging_mixin.py:188} INFO - [2025-08-17T01:06:41.223+0000] {dagbag.py:545} INFO - Filling up the DagBag from /home/airflow/.local/lib/python3.12/site-packages/airflow/example_dags/example_setup_teardown.py
[2025-08-17T01:06:41.231+0000] {processor.py:840} INFO - DAG(s) 'example_setup_teardown' retrieved from /home/airflow/.local/lib/python3.12/site-packages/airflow/example_dags/example_setup_teardown.py
[2025-08-17T01:06:41.254+0000] {logging_mixin.py:188} INFO - [2025-08-17T01:06:41.254+0000] {dag.py:3089} INFO - Sync 1 DAGs
[2025-08-17T01:06:41.277+0000] {logging_mixin.py:188} INFO - [2025-08-17T01:06:41.277+0000] {dag.py:3947} INFO - Setting next_dagrun for example_setup_teardown to 2025-08-16 00:00:00+00:00, run_after=2025-08-17 00:00:00+00:00
[2025-08-17T01:06:41.302+0000] {processor.py:183} INFO - Processing /home/airflow/.local/lib/python3.12/site-packages/airflow/example_dags/example_setup_teardown.py took 0.088 seconds
[2025-08-17T01:07:12.266+0000] {processor.py:161} INFO - Started process (PID=737) to work on /home/airflow/.local/lib/python3.12/site-packages/airflow/example_dags/example_setup_teardown.py
[2025-08-17T01:07:12.267+0000] {processor.py:830} INFO - Processing file /home/airflow/.local/lib/python3.12/site-packages/airflow/example_dags/example_setup_teardown.py for tasks to queue
[2025-08-17T01:07:12.270+0000] {logging_mixin.py:188} INFO - [2025-08-17T01:07:12.269+0000] {dagbag.py:545} INFO - Filling up the DagBag from /home/airflow/.local/lib/python3.12/site-packages/airflow/example_dags/example_setup_teardown.py
[2025-08-17T01:07:12.278+0000] {processor.py:840} INFO - DAG(s) 'example_setup_teardown' retrieved from /home/airflow/.local/lib/python3.12/site-packages/airflow/example_dags/example_setup_teardown.py
[2025-08-17T01:07:12.302+0000] {logging_mixin.py:188} INFO - [2025-08-17T01:07:12.301+0000] {dag.py:3089} INFO - Sync 1 DAGs
[2025-08-17T01:07:12.324+0000] {logging_mixin.py:188} INFO - [2025-08-17T01:07:12.323+0000] {dag.py:3947} INFO - Setting next_dagrun for example_setup_teardown to 2025-08-16 00:00:00+00:00, run_after=2025-08-17 00:00:00+00:00
[2025-08-17T01:07:12.342+0000] {processor.py:183} INFO - Processing /home/airflow/.local/lib/python3.12/site-packages/airflow/example_dags/example_setup_teardown.py took 0.084 seconds
[2025-08-17T01:07:42.735+0000] {processor.py:161} INFO - Started process (PID=797) to work on /home/airflow/.local/lib/python3.12/site-packages/airflow/example_dags/example_setup_teardown.py
[2025-08-17T01:07:42.737+0000] {processor.py:830} INFO - Processing file /home/airflow/.local/lib/python3.12/site-packages/airflow/example_dags/example_setup_teardown.py for tasks to queue
[2025-08-17T01:07:42.740+0000] {logging_mixin.py:188} INFO - [2025-08-17T01:07:42.740+0000] {dagbag.py:545} INFO - Filling up the DagBag from /home/airflow/.local/lib/python3.12/site-packages/airflow/example_dags/example_setup_teardown.py
[2025-08-17T01:07:42.751+0000] {processor.py:840} INFO - DAG(s) 'example_setup_teardown' retrieved from /home/airflow/.local/lib/python3.12/site-packages/airflow/example_dags/example_setup_teardown.py
[2025-08-17T01:07:42.789+0000] {logging_mixin.py:188} INFO - [2025-08-17T01:07:42.789+0000] {dag.py:3089} INFO - Sync 1 DAGs
[2025-08-17T01:07:42.832+0000] {logging_mixin.py:188} INFO - [2025-08-17T01:07:42.832+0000] {dag.py:3947} INFO - Setting next_dagrun for example_setup_teardown to 2025-08-16 00:00:00+00:00, run_after=2025-08-17 00:00:00+00:00
[2025-08-17T01:07:42.865+0000] {processor.py:183} INFO - Processing /home/airflow/.local/lib/python3.12/site-packages/airflow/example_dags/example_setup_teardown.py took 0.141 seconds
[2025-08-17T01:08:13.564+0000] {processor.py:161} INFO - Started process (PID=856) to work on /home/airflow/.local/lib/python3.12/site-packages/airflow/example_dags/example_setup_teardown.py
[2025-08-17T01:08:13.565+0000] {processor.py:830} INFO - Processing file /home/airflow/.local/lib/python3.12/site-packages/airflow/example_dags/example_setup_teardown.py for tasks to queue
[2025-08-17T01:08:13.567+0000] {logging_mixin.py:188} INFO - [2025-08-17T01:08:13.567+0000] {dagbag.py:545} INFO - Filling up the DagBag from /home/airflow/.local/lib/python3.12/site-packages/airflow/example_dags/example_setup_teardown.py
[2025-08-17T01:08:13.574+0000] {processor.py:840} INFO - DAG(s) 'example_setup_teardown' retrieved from /home/airflow/.local/lib/python3.12/site-packages/airflow/example_dags/example_setup_teardown.py
[2025-08-17T01:08:13.596+0000] {logging_mixin.py:188} INFO - [2025-08-17T01:08:13.595+0000] {dag.py:3089} INFO - Sync 1 DAGs
[2025-08-17T01:08:13.617+0000] {logging_mixin.py:188} INFO - [2025-08-17T01:08:13.617+0000] {dag.py:3947} INFO - Setting next_dagrun for example_setup_teardown to 2025-08-16 00:00:00+00:00, run_after=2025-08-17 00:00:00+00:00
[2025-08-17T01:08:13.639+0000] {processor.py:183} INFO - Processing /home/airflow/.local/lib/python3.12/site-packages/airflow/example_dags/example_setup_teardown.py took 0.081 seconds
[2025-08-17T01:08:44.067+0000] {processor.py:161} INFO - Started process (PID=915) to work on /home/airflow/.local/lib/python3.12/site-packages/airflow/example_dags/example_setup_teardown.py
[2025-08-17T01:08:44.068+0000] {processor.py:830} INFO - Processing file /home/airflow/.local/lib/python3.12/site-packages/airflow/example_dags/example_setup_teardown.py for tasks to queue
[2025-08-17T01:08:44.071+0000] {logging_mixin.py:188} INFO - [2025-08-17T01:08:44.070+0000] {dagbag.py:545} INFO - Filling up the DagBag from /home/airflow/.local/lib/python3.12/site-packages/airflow/example_dags/example_setup_teardown.py
[2025-08-17T01:08:44.077+0000] {processor.py:840} INFO - DAG(s) 'example_setup_teardown' retrieved from /home/airflow/.local/lib/python3.12/site-packages/airflow/example_dags/example_setup_teardown.py
[2025-08-17T01:08:44.100+0000] {logging_mixin.py:188} INFO - [2025-08-17T01:08:44.099+0000] {dag.py:3089} INFO - Sync 1 DAGs
[2025-08-17T01:08:44.121+0000] {logging_mixin.py:188} INFO - [2025-08-17T01:08:44.121+0000] {dag.py:3947} INFO - Setting next_dagrun for example_setup_teardown to 2025-08-16 00:00:00+00:00, run_after=2025-08-17 00:00:00+00:00
[2025-08-17T01:08:44.141+0000] {processor.py:183} INFO - Processing /home/airflow/.local/lib/python3.12/site-packages/airflow/example_dags/example_setup_teardown.py took 0.080 seconds
[2025-08-17T01:09:14.701+0000] {processor.py:161} INFO - Started process (PID=974) to work on /home/airflow/.local/lib/python3.12/site-packages/airflow/example_dags/example_setup_teardown.py
[2025-08-17T01:09:14.703+0000] {processor.py:830} INFO - Processing file /home/airflow/.local/lib/python3.12/site-packages/airflow/example_dags/example_setup_teardown.py for tasks to queue
[2025-08-17T01:09:14.706+0000] {logging_mixin.py:188} INFO - [2025-08-17T01:09:14.706+0000] {dagbag.py:545} INFO - Filling up the DagBag from /home/airflow/.local/lib/python3.12/site-packages/airflow/example_dags/example_setup_teardown.py
[2025-08-17T01:09:14.718+0000] {processor.py:840} INFO - DAG(s) 'example_setup_teardown' retrieved from /home/airflow/.local/lib/python3.12/site-packages/airflow/example_dags/example_setup_teardown.py
[2025-08-17T01:09:14.748+0000] {logging_mixin.py:188} INFO - [2025-08-17T01:09:14.747+0000] {dag.py:3089} INFO - Sync 1 DAGs
[2025-08-17T01:09:14.783+0000] {logging_mixin.py:188} INFO - [2025-08-17T01:09:14.782+0000] {dag.py:3947} INFO - Setting next_dagrun for example_setup_teardown to 2025-08-16 00:00:00+00:00, run_after=2025-08-17 00:00:00+00:00
[2025-08-17T01:09:14.831+0000] {processor.py:183} INFO - Processing /home/airflow/.local/lib/python3.12/site-packages/airflow/example_dags/example_setup_teardown.py took 0.139 seconds
[2025-08-17T01:09:45.548+0000] {processor.py:161} INFO - Started process (PID=1033) to work on /home/airflow/.local/lib/python3.12/site-packages/airflow/example_dags/example_setup_teardown.py
[2025-08-17T01:09:45.549+0000] {processor.py:830} INFO - Processing file /home/airflow/.local/lib/python3.12/site-packages/airflow/example_dags/example_setup_teardown.py for tasks to queue
[2025-08-17T01:09:45.551+0000] {logging_mixin.py:188} INFO - [2025-08-17T01:09:45.551+0000] {dagbag.py:545} INFO - Filling up the DagBag from /home/airflow/.local/lib/python3.12/site-packages/airflow/example_dags/example_setup_teardown.py
[2025-08-17T01:09:45.557+0000] {processor.py:840} INFO - DAG(s) 'example_setup_teardown' retrieved from /home/airflow/.local/lib/python3.12/site-packages/airflow/example_dags/example_setup_teardown.py
[2025-08-17T01:09:45.579+0000] {logging_mixin.py:188} INFO - [2025-08-17T01:09:45.579+0000] {dag.py:3089} INFO - Sync 1 DAGs
[2025-08-17T01:09:45.601+0000] {logging_mixin.py:188} INFO - [2025-08-17T01:09:45.601+0000] {dag.py:3947} INFO - Setting next_dagrun for example_setup_teardown to 2025-08-16 00:00:00+00:00, run_after=2025-08-17 00:00:00+00:00
[2025-08-17T01:09:45.619+0000] {processor.py:183} INFO - Processing /home/airflow/.local/lib/python3.12/site-packages/airflow/example_dags/example_setup_teardown.py took 0.077 seconds
[2025-08-17T01:10:15.805+0000] {processor.py:161} INFO - Started process (PID=1093) to work on /home/airflow/.local/lib/python3.12/site-packages/airflow/example_dags/example_setup_teardown.py
[2025-08-17T01:10:15.807+0000] {processor.py:830} INFO - Processing file /home/airflow/.local/lib/python3.12/site-packages/airflow/example_dags/example_setup_teardown.py for tasks to queue
[2025-08-17T01:10:15.810+0000] {logging_mixin.py:188} INFO - [2025-08-17T01:10:15.810+0000] {dagbag.py:545} INFO - Filling up the DagBag from /home/airflow/.local/lib/python3.12/site-packages/airflow/example_dags/example_setup_teardown.py
[2025-08-17T01:10:15.820+0000] {processor.py:840} INFO - DAG(s) 'example_setup_teardown' retrieved from /home/airflow/.local/lib/python3.12/site-packages/airflow/example_dags/example_setup_teardown.py
[2025-08-17T01:10:15.851+0000] {logging_mixin.py:188} INFO - [2025-08-17T01:10:15.851+0000] {dag.py:3089} INFO - Sync 1 DAGs
[2025-08-17T01:10:15.880+0000] {logging_mixin.py:188} INFO - [2025-08-17T01:10:15.879+0000] {dag.py:3947} INFO - Setting next_dagrun for example_setup_teardown to 2025-08-16 00:00:00+00:00, run_after=2025-08-17 00:00:00+00:00
[2025-08-17T01:10:15.901+0000] {processor.py:183} INFO - Processing /home/airflow/.local/lib/python3.12/site-packages/airflow/example_dags/example_setup_teardown.py took 0.104 seconds
[2025-08-17T01:10:45.958+0000] {processor.py:161} INFO - Started process (PID=1151) to work on /home/airflow/.local/lib/python3.12/site-packages/airflow/example_dags/example_setup_teardown.py
[2025-08-17T01:10:45.959+0000] {processor.py:830} INFO - Processing file /home/airflow/.local/lib/python3.12/site-packages/airflow/example_dags/example_setup_teardown.py for tasks to queue
[2025-08-17T01:10:45.962+0000] {logging_mixin.py:188} INFO - [2025-08-17T01:10:45.961+0000] {dagbag.py:545} INFO - Filling up the DagBag from /home/airflow/.local/lib/python3.12/site-packages/airflow/example_dags/example_setup_teardown.py
[2025-08-17T01:10:45.969+0000] {processor.py:840} INFO - DAG(s) 'example_setup_teardown' retrieved from /home/airflow/.local/lib/python3.12/site-packages/airflow/example_dags/example_setup_teardown.py
[2025-08-17T01:10:45.993+0000] {logging_mixin.py:188} INFO - [2025-08-17T01:10:45.993+0000] {dag.py:3089} INFO - Sync 1 DAGs
[2025-08-17T01:10:46.016+0000] {logging_mixin.py:188} INFO - [2025-08-17T01:10:46.016+0000] {dag.py:3947} INFO - Setting next_dagrun for example_setup_teardown to 2025-08-16 00:00:00+00:00, run_after=2025-08-17 00:00:00+00:00
[2025-08-17T01:10:46.036+0000] {processor.py:183} INFO - Processing /home/airflow/.local/lib/python3.12/site-packages/airflow/example_dags/example_setup_teardown.py took 0.085 seconds
[2025-08-17T01:11:16.438+0000] {processor.py:161} INFO - Started process (PID=1210) to work on /home/airflow/.local/lib/python3.12/site-packages/airflow/example_dags/example_setup_teardown.py
[2025-08-17T01:11:16.439+0000] {processor.py:830} INFO - Processing file /home/airflow/.local/lib/python3.12/site-packages/airflow/example_dags/example_setup_teardown.py for tasks to queue
[2025-08-17T01:11:16.442+0000] {logging_mixin.py:188} INFO - [2025-08-17T01:11:16.442+0000] {dagbag.py:545} INFO - Filling up the DagBag from /home/airflow/.local/lib/python3.12/site-packages/airflow/example_dags/example_setup_teardown.py
[2025-08-17T01:11:16.449+0000] {processor.py:840} INFO - DAG(s) 'example_setup_teardown' retrieved from /home/airflow/.local/lib/python3.12/site-packages/airflow/example_dags/example_setup_teardown.py
[2025-08-17T01:11:16.474+0000] {logging_mixin.py:188} INFO - [2025-08-17T01:11:16.474+0000] {dag.py:3089} INFO - Sync 1 DAGs
[2025-08-17T01:11:16.497+0000] {logging_mixin.py:188} INFO - [2025-08-17T01:11:16.497+0000] {dag.py:3947} INFO - Setting next_dagrun for example_setup_teardown to 2025-08-16 00:00:00+00:00, run_after=2025-08-17 00:00:00+00:00
[2025-08-17T01:11:16.519+0000] {processor.py:183} INFO - Processing /home/airflow/.local/lib/python3.12/site-packages/airflow/example_dags/example_setup_teardown.py took 0.087 seconds
[2025-08-17T01:11:47.023+0000] {processor.py:161} INFO - Started process (PID=1269) to work on /home/airflow/.local/lib/python3.12/site-packages/airflow/example_dags/example_setup_teardown.py
[2025-08-17T01:11:47.025+0000] {processor.py:830} INFO - Processing file /home/airflow/.local/lib/python3.12/site-packages/airflow/example_dags/example_setup_teardown.py for tasks to queue
[2025-08-17T01:11:47.028+0000] {logging_mixin.py:188} INFO - [2025-08-17T01:11:47.027+0000] {dagbag.py:545} INFO - Filling up the DagBag from /home/airflow/.local/lib/python3.12/site-packages/airflow/example_dags/example_setup_teardown.py
[2025-08-17T01:11:47.034+0000] {processor.py:840} INFO - DAG(s) 'example_setup_teardown' retrieved from /home/airflow/.local/lib/python3.12/site-packages/airflow/example_dags/example_setup_teardown.py
[2025-08-17T01:11:47.056+0000] {logging_mixin.py:188} INFO - [2025-08-17T01:11:47.056+0000] {dag.py:3089} INFO - Sync 1 DAGs
[2025-08-17T01:11:47.077+0000] {logging_mixin.py:188} INFO - [2025-08-17T01:11:47.077+0000] {dag.py:3947} INFO - Setting next_dagrun for example_setup_teardown to 2025-08-16 00:00:00+00:00, run_after=2025-08-17 00:00:00+00:00
[2025-08-17T01:11:47.099+0000] {processor.py:183} INFO - Processing /home/airflow/.local/lib/python3.12/site-packages/airflow/example_dags/example_setup_teardown.py took 0.082 seconds
[2025-08-17T01:12:17.302+0000] {processor.py:161} INFO - Started process (PID=1328) to work on /home/airflow/.local/lib/python3.12/site-packages/airflow/example_dags/example_setup_teardown.py
[2025-08-17T01:12:17.304+0000] {processor.py:830} INFO - Processing file /home/airflow/.local/lib/python3.12/site-packages/airflow/example_dags/example_setup_teardown.py for tasks to queue
[2025-08-17T01:12:17.307+0000] {logging_mixin.py:188} INFO - [2025-08-17T01:12:17.307+0000] {dagbag.py:545} INFO - Filling up the DagBag from /home/airflow/.local/lib/python3.12/site-packages/airflow/example_dags/example_setup_teardown.py
[2025-08-17T01:12:17.317+0000] {processor.py:840} INFO - DAG(s) 'example_setup_teardown' retrieved from /home/airflow/.local/lib/python3.12/site-packages/airflow/example_dags/example_setup_teardown.py
[2025-08-17T01:12:17.349+0000] {logging_mixin.py:188} INFO - [2025-08-17T01:12:17.348+0000] {dag.py:3089} INFO - Sync 1 DAGs
[2025-08-17T01:12:17.375+0000] {logging_mixin.py:188} INFO - [2025-08-17T01:12:17.374+0000] {dag.py:3947} INFO - Setting next_dagrun for example_setup_teardown to 2025-08-16 00:00:00+00:00, run_after=2025-08-17 00:00:00+00:00
[2025-08-17T01:12:17.400+0000] {processor.py:183} INFO - Processing /home/airflow/.local/lib/python3.12/site-packages/airflow/example_dags/example_setup_teardown.py took 0.106 seconds
[2025-08-17T01:12:47.807+0000] {processor.py:161} INFO - Started process (PID=1387) to work on /home/airflow/.local/lib/python3.12/site-packages/airflow/example_dags/example_setup_teardown.py
[2025-08-17T01:12:47.808+0000] {processor.py:830} INFO - Processing file /home/airflow/.local/lib/python3.12/site-packages/airflow/example_dags/example_setup_teardown.py for tasks to queue
[2025-08-17T01:12:47.810+0000] {logging_mixin.py:188} INFO - [2025-08-17T01:12:47.810+0000] {dagbag.py:545} INFO - Filling up the DagBag from /home/airflow/.local/lib/python3.12/site-packages/airflow/example_dags/example_setup_teardown.py
[2025-08-17T01:12:47.818+0000] {processor.py:840} INFO - DAG(s) 'example_setup_teardown' retrieved from /home/airflow/.local/lib/python3.12/site-packages/airflow/example_dags/example_setup_teardown.py
[2025-08-17T01:12:47.840+0000] {logging_mixin.py:188} INFO - [2025-08-17T01:12:47.840+0000] {dag.py:3089} INFO - Sync 1 DAGs
[2025-08-17T01:12:47.863+0000] {logging_mixin.py:188} INFO - [2025-08-17T01:12:47.863+0000] {dag.py:3947} INFO - Setting next_dagrun for example_setup_teardown to 2025-08-16 00:00:00+00:00, run_after=2025-08-17 00:00:00+00:00
[2025-08-17T01:12:47.881+0000] {processor.py:183} INFO - Processing /home/airflow/.local/lib/python3.12/site-packages/airflow/example_dags/example_setup_teardown.py took 0.081 seconds
[2025-08-17T01:13:18.203+0000] {processor.py:161} INFO - Started process (PID=1447) to work on /home/airflow/.local/lib/python3.12/site-packages/airflow/example_dags/example_setup_teardown.py
[2025-08-17T01:13:18.205+0000] {processor.py:830} INFO - Processing file /home/airflow/.local/lib/python3.12/site-packages/airflow/example_dags/example_setup_teardown.py for tasks to queue
[2025-08-17T01:13:18.207+0000] {logging_mixin.py:188} INFO - [2025-08-17T01:13:18.207+0000] {dagbag.py:545} INFO - Filling up the DagBag from /home/airflow/.local/lib/python3.12/site-packages/airflow/example_dags/example_setup_teardown.py
[2025-08-17T01:13:18.216+0000] {processor.py:840} INFO - DAG(s) 'example_setup_teardown' retrieved from /home/airflow/.local/lib/python3.12/site-packages/airflow/example_dags/example_setup_teardown.py
[2025-08-17T01:13:18.248+0000] {logging_mixin.py:188} INFO - [2025-08-17T01:13:18.248+0000] {dag.py:3089} INFO - Sync 1 DAGs
[2025-08-17T01:13:18.270+0000] {logging_mixin.py:188} INFO - [2025-08-17T01:13:18.270+0000] {dag.py:3947} INFO - Setting next_dagrun for example_setup_teardown to 2025-08-16 00:00:00+00:00, run_after=2025-08-17 00:00:00+00:00
[2025-08-17T01:13:18.294+0000] {processor.py:183} INFO - Processing /home/airflow/.local/lib/python3.12/site-packages/airflow/example_dags/example_setup_teardown.py took 0.100 seconds
[2025-08-17T01:13:48.720+0000] {processor.py:161} INFO - Started process (PID=1506) to work on /home/airflow/.local/lib/python3.12/site-packages/airflow/example_dags/example_setup_teardown.py
[2025-08-17T01:13:48.721+0000] {processor.py:830} INFO - Processing file /home/airflow/.local/lib/python3.12/site-packages/airflow/example_dags/example_setup_teardown.py for tasks to queue
[2025-08-17T01:13:48.723+0000] {logging_mixin.py:188} INFO - [2025-08-17T01:13:48.723+0000] {dagbag.py:545} INFO - Filling up the DagBag from /home/airflow/.local/lib/python3.12/site-packages/airflow/example_dags/example_setup_teardown.py
[2025-08-17T01:13:48.729+0000] {processor.py:840} INFO - DAG(s) 'example_setup_teardown' retrieved from /home/airflow/.local/lib/python3.12/site-packages/airflow/example_dags/example_setup_teardown.py
[2025-08-17T01:13:48.751+0000] {logging_mixin.py:188} INFO - [2025-08-17T01:13:48.751+0000] {dag.py:3089} INFO - Sync 1 DAGs
[2025-08-17T01:13:48.771+0000] {logging_mixin.py:188} INFO - [2025-08-17T01:13:48.771+0000] {dag.py:3947} INFO - Setting next_dagrun for example_setup_teardown to 2025-08-16 00:00:00+00:00, run_after=2025-08-17 00:00:00+00:00
[2025-08-17T01:13:48.791+0000] {processor.py:183} INFO - Processing /home/airflow/.local/lib/python3.12/site-packages/airflow/example_dags/example_setup_teardown.py took 0.077 seconds
[2025-08-17T01:14:19.367+0000] {processor.py:161} INFO - Started process (PID=1565) to work on /home/airflow/.local/lib/python3.12/site-packages/airflow/example_dags/example_setup_teardown.py
[2025-08-17T01:14:19.368+0000] {processor.py:830} INFO - Processing file /home/airflow/.local/lib/python3.12/site-packages/airflow/example_dags/example_setup_teardown.py for tasks to queue
[2025-08-17T01:14:19.370+0000] {logging_mixin.py:188} INFO - [2025-08-17T01:14:19.370+0000] {dagbag.py:545} INFO - Filling up the DagBag from /home/airflow/.local/lib/python3.12/site-packages/airflow/example_dags/example_setup_teardown.py
[2025-08-17T01:14:19.377+0000] {processor.py:840} INFO - DAG(s) 'example_setup_teardown' retrieved from /home/airflow/.local/lib/python3.12/site-packages/airflow/example_dags/example_setup_teardown.py
[2025-08-17T01:14:19.401+0000] {logging_mixin.py:188} INFO - [2025-08-17T01:14:19.401+0000] {dag.py:3089} INFO - Sync 1 DAGs
[2025-08-17T01:14:19.427+0000] {logging_mixin.py:188} INFO - [2025-08-17T01:14:19.427+0000] {dag.py:3947} INFO - Setting next_dagrun for example_setup_teardown to 2025-08-16 00:00:00+00:00, run_after=2025-08-17 00:00:00+00:00
[2025-08-17T01:14:19.451+0000] {processor.py:183} INFO - Processing /home/airflow/.local/lib/python3.12/site-packages/airflow/example_dags/example_setup_teardown.py took 0.090 seconds
[2025-08-17T01:14:49.869+0000] {processor.py:161} INFO - Started process (PID=1624) to work on /home/airflow/.local/lib/python3.12/site-packages/airflow/example_dags/example_setup_teardown.py
[2025-08-17T01:14:49.870+0000] {processor.py:830} INFO - Processing file /home/airflow/.local/lib/python3.12/site-packages/airflow/example_dags/example_setup_teardown.py for tasks to queue
[2025-08-17T01:14:49.872+0000] {logging_mixin.py:188} INFO - [2025-08-17T01:14:49.872+0000] {dagbag.py:545} INFO - Filling up the DagBag from /home/airflow/.local/lib/python3.12/site-packages/airflow/example_dags/example_setup_teardown.py
[2025-08-17T01:14:49.879+0000] {processor.py:840} INFO - DAG(s) 'example_setup_teardown' retrieved from /home/airflow/.local/lib/python3.12/site-packages/airflow/example_dags/example_setup_teardown.py
[2025-08-17T01:14:49.899+0000] {logging_mixin.py:188} INFO - [2025-08-17T01:14:49.899+0000] {dag.py:3089} INFO - Sync 1 DAGs
[2025-08-17T01:14:49.920+0000] {logging_mixin.py:188} INFO - [2025-08-17T01:14:49.920+0000] {dag.py:3947} INFO - Setting next_dagrun for example_setup_teardown to 2025-08-16 00:00:00+00:00, run_after=2025-08-17 00:00:00+00:00
[2025-08-17T01:14:49.939+0000] {processor.py:183} INFO - Processing /home/airflow/.local/lib/python3.12/site-packages/airflow/example_dags/example_setup_teardown.py took 0.075 seconds
[2025-08-17T01:15:20.114+0000] {processor.py:161} INFO - Started process (PID=1683) to work on /home/airflow/.local/lib/python3.12/site-packages/airflow/example_dags/example_setup_teardown.py
[2025-08-17T01:15:20.115+0000] {processor.py:830} INFO - Processing file /home/airflow/.local/lib/python3.12/site-packages/airflow/example_dags/example_setup_teardown.py for tasks to queue
[2025-08-17T01:15:20.117+0000] {logging_mixin.py:188} INFO - [2025-08-17T01:15:20.117+0000] {dagbag.py:545} INFO - Filling up the DagBag from /home/airflow/.local/lib/python3.12/site-packages/airflow/example_dags/example_setup_teardown.py
[2025-08-17T01:15:20.124+0000] {processor.py:840} INFO - DAG(s) 'example_setup_teardown' retrieved from /home/airflow/.local/lib/python3.12/site-packages/airflow/example_dags/example_setup_teardown.py
[2025-08-17T01:15:20.148+0000] {logging_mixin.py:188} INFO - [2025-08-17T01:15:20.147+0000] {dag.py:3089} INFO - Sync 1 DAGs
[2025-08-17T01:15:20.170+0000] {logging_mixin.py:188} INFO - [2025-08-17T01:15:20.170+0000] {dag.py:3947} INFO - Setting next_dagrun for example_setup_teardown to 2025-08-16 00:00:00+00:00, run_after=2025-08-17 00:00:00+00:00
[2025-08-17T01:15:20.191+0000] {processor.py:183} INFO - Processing /home/airflow/.local/lib/python3.12/site-packages/airflow/example_dags/example_setup_teardown.py took 0.084 seconds
[2025-08-17T01:15:51.030+0000] {processor.py:161} INFO - Started process (PID=1742) to work on /home/airflow/.local/lib/python3.12/site-packages/airflow/example_dags/example_setup_teardown.py
[2025-08-17T01:15:51.032+0000] {processor.py:830} INFO - Processing file /home/airflow/.local/lib/python3.12/site-packages/airflow/example_dags/example_setup_teardown.py for tasks to queue
[2025-08-17T01:15:51.035+0000] {logging_mixin.py:188} INFO - [2025-08-17T01:15:51.034+0000] {dagbag.py:545} INFO - Filling up the DagBag from /home/airflow/.local/lib/python3.12/site-packages/airflow/example_dags/example_setup_teardown.py
[2025-08-17T01:15:51.048+0000] {processor.py:840} INFO - DAG(s) 'example_setup_teardown' retrieved from /home/airflow/.local/lib/python3.12/site-packages/airflow/example_dags/example_setup_teardown.py
[2025-08-17T01:15:51.084+0000] {logging_mixin.py:188} INFO - [2025-08-17T01:15:51.083+0000] {dag.py:3089} INFO - Sync 1 DAGs
[2025-08-17T01:15:51.314+0000] {logging_mixin.py:188} INFO - [2025-08-17T01:15:51.314+0000] {dag.py:3947} INFO - Setting next_dagrun for example_setup_teardown to 2025-08-16 00:00:00+00:00, run_after=2025-08-17 00:00:00+00:00
[2025-08-17T01:15:51.339+0000] {processor.py:183} INFO - Processing /home/airflow/.local/lib/python3.12/site-packages/airflow/example_dags/example_setup_teardown.py took 0.320 seconds
[2025-08-17T01:16:22.118+0000] {processor.py:161} INFO - Started process (PID=1801) to work on /home/airflow/.local/lib/python3.12/site-packages/airflow/example_dags/example_setup_teardown.py
[2025-08-17T01:16:22.120+0000] {processor.py:830} INFO - Processing file /home/airflow/.local/lib/python3.12/site-packages/airflow/example_dags/example_setup_teardown.py for tasks to queue
[2025-08-17T01:16:22.122+0000] {logging_mixin.py:188} INFO - [2025-08-17T01:16:22.122+0000] {dagbag.py:545} INFO - Filling up the DagBag from /home/airflow/.local/lib/python3.12/site-packages/airflow/example_dags/example_setup_teardown.py
[2025-08-17T01:16:22.130+0000] {processor.py:840} INFO - DAG(s) 'example_setup_teardown' retrieved from /home/airflow/.local/lib/python3.12/site-packages/airflow/example_dags/example_setup_teardown.py
[2025-08-17T01:16:22.152+0000] {logging_mixin.py:188} INFO - [2025-08-17T01:16:22.152+0000] {dag.py:3089} INFO - Sync 1 DAGs
[2025-08-17T01:16:22.173+0000] {logging_mixin.py:188} INFO - [2025-08-17T01:16:22.173+0000] {dag.py:3947} INFO - Setting next_dagrun for example_setup_teardown to 2025-08-16 00:00:00+00:00, run_after=2025-08-17 00:00:00+00:00
[2025-08-17T01:16:22.351+0000] {processor.py:183} INFO - Processing /home/airflow/.local/lib/python3.12/site-packages/airflow/example_dags/example_setup_teardown.py took 0.240 seconds
[2025-08-17T01:17:39.988+0000] {processor.py:161} INFO - Started process (PID=94) to work on /home/airflow/.local/lib/python3.12/site-packages/airflow/example_dags/example_setup_teardown.py
[2025-08-17T01:17:39.991+0000] {processor.py:830} INFO - Processing file /home/airflow/.local/lib/python3.12/site-packages/airflow/example_dags/example_setup_teardown.py for tasks to queue
[2025-08-17T01:17:39.995+0000] {logging_mixin.py:188} INFO - [2025-08-17T01:17:39.995+0000] {dagbag.py:545} INFO - Filling up the DagBag from /home/airflow/.local/lib/python3.12/site-packages/airflow/example_dags/example_setup_teardown.py
[2025-08-17T01:17:40.013+0000] {processor.py:840} INFO - DAG(s) 'example_setup_teardown' retrieved from /home/airflow/.local/lib/python3.12/site-packages/airflow/example_dags/example_setup_teardown.py
[2025-08-17T01:17:40.174+0000] {logging_mixin.py:188} INFO - [2025-08-17T01:17:40.173+0000] {dag.py:3089} INFO - Sync 1 DAGs
[2025-08-17T01:17:40.203+0000] {logging_mixin.py:188} INFO - [2025-08-17T01:17:40.203+0000] {dag.py:3947} INFO - Setting next_dagrun for example_setup_teardown to 2025-08-16 00:00:00+00:00, run_after=2025-08-17 00:00:00+00:00
[2025-08-17T01:17:40.236+0000] {processor.py:183} INFO - Processing /home/airflow/.local/lib/python3.12/site-packages/airflow/example_dags/example_setup_teardown.py took 0.260 seconds
[2025-08-17T01:18:11.100+0000] {processor.py:161} INFO - Started process (PID=153) to work on /home/airflow/.local/lib/python3.12/site-packages/airflow/example_dags/example_setup_teardown.py
[2025-08-17T01:18:11.101+0000] {processor.py:830} INFO - Processing file /home/airflow/.local/lib/python3.12/site-packages/airflow/example_dags/example_setup_teardown.py for tasks to queue
[2025-08-17T01:18:11.104+0000] {logging_mixin.py:188} INFO - [2025-08-17T01:18:11.103+0000] {dagbag.py:545} INFO - Filling up the DagBag from /home/airflow/.local/lib/python3.12/site-packages/airflow/example_dags/example_setup_teardown.py
[2025-08-17T01:18:11.113+0000] {processor.py:840} INFO - DAG(s) 'example_setup_teardown' retrieved from /home/airflow/.local/lib/python3.12/site-packages/airflow/example_dags/example_setup_teardown.py
[2025-08-17T01:18:11.144+0000] {logging_mixin.py:188} INFO - [2025-08-17T01:18:11.143+0000] {dag.py:3089} INFO - Sync 1 DAGs
[2025-08-17T01:18:11.176+0000] {logging_mixin.py:188} INFO - [2025-08-17T01:18:11.176+0000] {dag.py:3947} INFO - Setting next_dagrun for example_setup_teardown to 2025-08-16 00:00:00+00:00, run_after=2025-08-17 00:00:00+00:00
[2025-08-17T01:18:11.208+0000] {processor.py:183} INFO - Processing /home/airflow/.local/lib/python3.12/site-packages/airflow/example_dags/example_setup_teardown.py took 0.115 seconds
[2025-08-17T01:18:41.865+0000] {processor.py:161} INFO - Started process (PID=212) to work on /home/airflow/.local/lib/python3.12/site-packages/airflow/example_dags/example_setup_teardown.py
[2025-08-17T01:18:41.867+0000] {processor.py:830} INFO - Processing file /home/airflow/.local/lib/python3.12/site-packages/airflow/example_dags/example_setup_teardown.py for tasks to queue
[2025-08-17T01:18:41.870+0000] {logging_mixin.py:188} INFO - [2025-08-17T01:18:41.869+0000] {dagbag.py:545} INFO - Filling up the DagBag from /home/airflow/.local/lib/python3.12/site-packages/airflow/example_dags/example_setup_teardown.py
[2025-08-17T01:18:41.877+0000] {processor.py:840} INFO - DAG(s) 'example_setup_teardown' retrieved from /home/airflow/.local/lib/python3.12/site-packages/airflow/example_dags/example_setup_teardown.py
[2025-08-17T01:18:41.901+0000] {logging_mixin.py:188} INFO - [2025-08-17T01:18:41.901+0000] {dag.py:3089} INFO - Sync 1 DAGs
[2025-08-17T01:18:41.927+0000] {logging_mixin.py:188} INFO - [2025-08-17T01:18:41.926+0000] {dag.py:3947} INFO - Setting next_dagrun for example_setup_teardown to 2025-08-16 00:00:00+00:00, run_after=2025-08-17 00:00:00+00:00
[2025-08-17T01:18:41.949+0000] {processor.py:183} INFO - Processing /home/airflow/.local/lib/python3.12/site-packages/airflow/example_dags/example_setup_teardown.py took 0.091 seconds
[2025-08-17T01:19:12.049+0000] {processor.py:161} INFO - Started process (PID=271) to work on /home/airflow/.local/lib/python3.12/site-packages/airflow/example_dags/example_setup_teardown.py
[2025-08-17T01:19:12.050+0000] {processor.py:830} INFO - Processing file /home/airflow/.local/lib/python3.12/site-packages/airflow/example_dags/example_setup_teardown.py for tasks to queue
[2025-08-17T01:19:12.052+0000] {logging_mixin.py:188} INFO - [2025-08-17T01:19:12.052+0000] {dagbag.py:545} INFO - Filling up the DagBag from /home/airflow/.local/lib/python3.12/site-packages/airflow/example_dags/example_setup_teardown.py
[2025-08-17T01:19:12.060+0000] {processor.py:840} INFO - DAG(s) 'example_setup_teardown' retrieved from /home/airflow/.local/lib/python3.12/site-packages/airflow/example_dags/example_setup_teardown.py
[2025-08-17T01:19:12.085+0000] {logging_mixin.py:188} INFO - [2025-08-17T01:19:12.084+0000] {dag.py:3089} INFO - Sync 1 DAGs
[2025-08-17T01:19:12.107+0000] {logging_mixin.py:188} INFO - [2025-08-17T01:19:12.107+0000] {dag.py:3947} INFO - Setting next_dagrun for example_setup_teardown to 2025-08-16 00:00:00+00:00, run_after=2025-08-17 00:00:00+00:00
[2025-08-17T01:19:12.132+0000] {processor.py:183} INFO - Processing /home/airflow/.local/lib/python3.12/site-packages/airflow/example_dags/example_setup_teardown.py took 0.090 seconds
[2025-08-17T01:19:42.231+0000] {processor.py:161} INFO - Started process (PID=330) to work on /home/airflow/.local/lib/python3.12/site-packages/airflow/example_dags/example_setup_teardown.py
[2025-08-17T01:19:42.232+0000] {processor.py:830} INFO - Processing file /home/airflow/.local/lib/python3.12/site-packages/airflow/example_dags/example_setup_teardown.py for tasks to queue
[2025-08-17T01:19:42.235+0000] {logging_mixin.py:188} INFO - [2025-08-17T01:19:42.234+0000] {dagbag.py:545} INFO - Filling up the DagBag from /home/airflow/.local/lib/python3.12/site-packages/airflow/example_dags/example_setup_teardown.py
[2025-08-17T01:19:42.244+0000] {processor.py:840} INFO - DAG(s) 'example_setup_teardown' retrieved from /home/airflow/.local/lib/python3.12/site-packages/airflow/example_dags/example_setup_teardown.py
[2025-08-17T01:19:42.275+0000] {logging_mixin.py:188} INFO - [2025-08-17T01:19:42.274+0000] {dag.py:3089} INFO - Sync 1 DAGs
[2025-08-17T01:19:42.304+0000] {logging_mixin.py:188} INFO - [2025-08-17T01:19:42.304+0000] {dag.py:3947} INFO - Setting next_dagrun for example_setup_teardown to 2025-08-16 00:00:00+00:00, run_after=2025-08-17 00:00:00+00:00
[2025-08-17T01:19:42.330+0000] {processor.py:183} INFO - Processing /home/airflow/.local/lib/python3.12/site-packages/airflow/example_dags/example_setup_teardown.py took 0.109 seconds
[2025-08-17T01:20:12.467+0000] {processor.py:161} INFO - Started process (PID=390) to work on /home/airflow/.local/lib/python3.12/site-packages/airflow/example_dags/example_setup_teardown.py
[2025-08-17T01:20:12.469+0000] {processor.py:830} INFO - Processing file /home/airflow/.local/lib/python3.12/site-packages/airflow/example_dags/example_setup_teardown.py for tasks to queue
[2025-08-17T01:20:12.472+0000] {logging_mixin.py:188} INFO - [2025-08-17T01:20:12.471+0000] {dagbag.py:545} INFO - Filling up the DagBag from /home/airflow/.local/lib/python3.12/site-packages/airflow/example_dags/example_setup_teardown.py
[2025-08-17T01:20:12.479+0000] {processor.py:840} INFO - DAG(s) 'example_setup_teardown' retrieved from /home/airflow/.local/lib/python3.12/site-packages/airflow/example_dags/example_setup_teardown.py
[2025-08-17T01:20:12.504+0000] {logging_mixin.py:188} INFO - [2025-08-17T01:20:12.504+0000] {dag.py:3089} INFO - Sync 1 DAGs
[2025-08-17T01:20:12.527+0000] {logging_mixin.py:188} INFO - [2025-08-17T01:20:12.526+0000] {dag.py:3947} INFO - Setting next_dagrun for example_setup_teardown to 2025-08-16 00:00:00+00:00, run_after=2025-08-17 00:00:00+00:00
[2025-08-17T01:20:12.549+0000] {processor.py:183} INFO - Processing /home/airflow/.local/lib/python3.12/site-packages/airflow/example_dags/example_setup_teardown.py took 0.087 seconds
[2025-08-17T01:20:42.652+0000] {processor.py:161} INFO - Started process (PID=450) to work on /home/airflow/.local/lib/python3.12/site-packages/airflow/example_dags/example_setup_teardown.py
[2025-08-17T01:20:42.654+0000] {processor.py:830} INFO - Processing file /home/airflow/.local/lib/python3.12/site-packages/airflow/example_dags/example_setup_teardown.py for tasks to queue
[2025-08-17T01:20:42.656+0000] {logging_mixin.py:188} INFO - [2025-08-17T01:20:42.655+0000] {dagbag.py:545} INFO - Filling up the DagBag from /home/airflow/.local/lib/python3.12/site-packages/airflow/example_dags/example_setup_teardown.py
[2025-08-17T01:20:42.663+0000] {processor.py:840} INFO - DAG(s) 'example_setup_teardown' retrieved from /home/airflow/.local/lib/python3.12/site-packages/airflow/example_dags/example_setup_teardown.py
[2025-08-17T01:20:42.686+0000] {logging_mixin.py:188} INFO - [2025-08-17T01:20:42.686+0000] {dag.py:3089} INFO - Sync 1 DAGs
[2025-08-17T01:20:42.712+0000] {logging_mixin.py:188} INFO - [2025-08-17T01:20:42.712+0000] {dag.py:3947} INFO - Setting next_dagrun for example_setup_teardown to 2025-08-16 00:00:00+00:00, run_after=2025-08-17 00:00:00+00:00
[2025-08-17T01:20:42.734+0000] {processor.py:183} INFO - Processing /home/airflow/.local/lib/python3.12/site-packages/airflow/example_dags/example_setup_teardown.py took 0.088 seconds
[2025-08-17T01:21:13.326+0000] {processor.py:161} INFO - Started process (PID=509) to work on /home/airflow/.local/lib/python3.12/site-packages/airflow/example_dags/example_setup_teardown.py
[2025-08-17T01:21:13.327+0000] {processor.py:830} INFO - Processing file /home/airflow/.local/lib/python3.12/site-packages/airflow/example_dags/example_setup_teardown.py for tasks to queue
[2025-08-17T01:21:13.330+0000] {logging_mixin.py:188} INFO - [2025-08-17T01:21:13.329+0000] {dagbag.py:545} INFO - Filling up the DagBag from /home/airflow/.local/lib/python3.12/site-packages/airflow/example_dags/example_setup_teardown.py
[2025-08-17T01:21:13.337+0000] {processor.py:840} INFO - DAG(s) 'example_setup_teardown' retrieved from /home/airflow/.local/lib/python3.12/site-packages/airflow/example_dags/example_setup_teardown.py
[2025-08-17T01:21:13.361+0000] {logging_mixin.py:188} INFO - [2025-08-17T01:21:13.361+0000] {dag.py:3089} INFO - Sync 1 DAGs
[2025-08-17T01:21:13.384+0000] {logging_mixin.py:188} INFO - [2025-08-17T01:21:13.384+0000] {dag.py:3947} INFO - Setting next_dagrun for example_setup_teardown to 2025-08-16 00:00:00+00:00, run_after=2025-08-17 00:00:00+00:00
[2025-08-17T01:21:13.404+0000] {processor.py:183} INFO - Processing /home/airflow/.local/lib/python3.12/site-packages/airflow/example_dags/example_setup_teardown.py took 0.084 seconds
[2025-08-17T01:21:43.870+0000] {processor.py:161} INFO - Started process (PID=568) to work on /home/airflow/.local/lib/python3.12/site-packages/airflow/example_dags/example_setup_teardown.py
[2025-08-17T01:21:43.871+0000] {processor.py:830} INFO - Processing file /home/airflow/.local/lib/python3.12/site-packages/airflow/example_dags/example_setup_teardown.py for tasks to queue
[2025-08-17T01:21:43.873+0000] {logging_mixin.py:188} INFO - [2025-08-17T01:21:43.873+0000] {dagbag.py:545} INFO - Filling up the DagBag from /home/airflow/.local/lib/python3.12/site-packages/airflow/example_dags/example_setup_teardown.py
[2025-08-17T01:21:43.880+0000] {processor.py:840} INFO - DAG(s) 'example_setup_teardown' retrieved from /home/airflow/.local/lib/python3.12/site-packages/airflow/example_dags/example_setup_teardown.py
[2025-08-17T01:21:43.903+0000] {logging_mixin.py:188} INFO - [2025-08-17T01:21:43.902+0000] {dag.py:3089} INFO - Sync 1 DAGs
[2025-08-17T01:21:43.925+0000] {logging_mixin.py:188} INFO - [2025-08-17T01:21:43.925+0000] {dag.py:3947} INFO - Setting next_dagrun for example_setup_teardown to 2025-08-16 00:00:00+00:00, run_after=2025-08-17 00:00:00+00:00
[2025-08-17T01:21:43.950+0000] {processor.py:183} INFO - Processing /home/airflow/.local/lib/python3.12/site-packages/airflow/example_dags/example_setup_teardown.py took 0.087 seconds
[2025-08-17T01:22:14.041+0000] {processor.py:161} INFO - Started process (PID=627) to work on /home/airflow/.local/lib/python3.12/site-packages/airflow/example_dags/example_setup_teardown.py
[2025-08-17T01:22:14.042+0000] {processor.py:830} INFO - Processing file /home/airflow/.local/lib/python3.12/site-packages/airflow/example_dags/example_setup_teardown.py for tasks to queue
[2025-08-17T01:22:14.046+0000] {logging_mixin.py:188} INFO - [2025-08-17T01:22:14.045+0000] {dagbag.py:545} INFO - Filling up the DagBag from /home/airflow/.local/lib/python3.12/site-packages/airflow/example_dags/example_setup_teardown.py
[2025-08-17T01:22:14.054+0000] {processor.py:840} INFO - DAG(s) 'example_setup_teardown' retrieved from /home/airflow/.local/lib/python3.12/site-packages/airflow/example_dags/example_setup_teardown.py
[2025-08-17T01:22:14.078+0000] {logging_mixin.py:188} INFO - [2025-08-17T01:22:14.077+0000] {dag.py:3089} INFO - Sync 1 DAGs
[2025-08-17T01:22:14.100+0000] {logging_mixin.py:188} INFO - [2025-08-17T01:22:14.100+0000] {dag.py:3947} INFO - Setting next_dagrun for example_setup_teardown to 2025-08-16 00:00:00+00:00, run_after=2025-08-17 00:00:00+00:00
[2025-08-17T01:22:14.123+0000] {processor.py:183} INFO - Processing /home/airflow/.local/lib/python3.12/site-packages/airflow/example_dags/example_setup_teardown.py took 0.088 seconds
[2025-08-17T01:22:44.361+0000] {processor.py:161} INFO - Started process (PID=686) to work on /home/airflow/.local/lib/python3.12/site-packages/airflow/example_dags/example_setup_teardown.py
[2025-08-17T01:22:44.362+0000] {processor.py:830} INFO - Processing file /home/airflow/.local/lib/python3.12/site-packages/airflow/example_dags/example_setup_teardown.py for tasks to queue
[2025-08-17T01:22:44.364+0000] {logging_mixin.py:188} INFO - [2025-08-17T01:22:44.364+0000] {dagbag.py:545} INFO - Filling up the DagBag from /home/airflow/.local/lib/python3.12/site-packages/airflow/example_dags/example_setup_teardown.py
[2025-08-17T01:22:44.371+0000] {processor.py:840} INFO - DAG(s) 'example_setup_teardown' retrieved from /home/airflow/.local/lib/python3.12/site-packages/airflow/example_dags/example_setup_teardown.py
[2025-08-17T01:22:44.396+0000] {logging_mixin.py:188} INFO - [2025-08-17T01:22:44.396+0000] {dag.py:3089} INFO - Sync 1 DAGs
[2025-08-17T01:22:44.420+0000] {logging_mixin.py:188} INFO - [2025-08-17T01:22:44.419+0000] {dag.py:3947} INFO - Setting next_dagrun for example_setup_teardown to 2025-08-16 00:00:00+00:00, run_after=2025-08-17 00:00:00+00:00
[2025-08-17T01:22:44.441+0000] {processor.py:183} INFO - Processing /home/airflow/.local/lib/python3.12/site-packages/airflow/example_dags/example_setup_teardown.py took 0.086 seconds
[2025-08-17T01:23:14.548+0000] {processor.py:161} INFO - Started process (PID=745) to work on /home/airflow/.local/lib/python3.12/site-packages/airflow/example_dags/example_setup_teardown.py
[2025-08-17T01:23:14.550+0000] {processor.py:830} INFO - Processing file /home/airflow/.local/lib/python3.12/site-packages/airflow/example_dags/example_setup_teardown.py for tasks to queue
[2025-08-17T01:23:14.553+0000] {logging_mixin.py:188} INFO - [2025-08-17T01:23:14.552+0000] {dagbag.py:545} INFO - Filling up the DagBag from /home/airflow/.local/lib/python3.12/site-packages/airflow/example_dags/example_setup_teardown.py
[2025-08-17T01:23:14.560+0000] {processor.py:840} INFO - DAG(s) 'example_setup_teardown' retrieved from /home/airflow/.local/lib/python3.12/site-packages/airflow/example_dags/example_setup_teardown.py
[2025-08-17T01:23:14.585+0000] {logging_mixin.py:188} INFO - [2025-08-17T01:23:14.585+0000] {dag.py:3089} INFO - Sync 1 DAGs
[2025-08-17T01:23:14.613+0000] {logging_mixin.py:188} INFO - [2025-08-17T01:23:14.612+0000] {dag.py:3947} INFO - Setting next_dagrun for example_setup_teardown to 2025-08-16 00:00:00+00:00, run_after=2025-08-17 00:00:00+00:00
[2025-08-17T01:23:14.636+0000] {processor.py:183} INFO - Processing /home/airflow/.local/lib/python3.12/site-packages/airflow/example_dags/example_setup_teardown.py took 0.094 seconds
[2025-08-17T01:23:45.460+0000] {processor.py:161} INFO - Started process (PID=804) to work on /home/airflow/.local/lib/python3.12/site-packages/airflow/example_dags/example_setup_teardown.py
[2025-08-17T01:23:45.462+0000] {processor.py:830} INFO - Processing file /home/airflow/.local/lib/python3.12/site-packages/airflow/example_dags/example_setup_teardown.py for tasks to queue
[2025-08-17T01:23:45.464+0000] {logging_mixin.py:188} INFO - [2025-08-17T01:23:45.463+0000] {dagbag.py:545} INFO - Filling up the DagBag from /home/airflow/.local/lib/python3.12/site-packages/airflow/example_dags/example_setup_teardown.py
[2025-08-17T01:23:45.471+0000] {processor.py:840} INFO - DAG(s) 'example_setup_teardown' retrieved from /home/airflow/.local/lib/python3.12/site-packages/airflow/example_dags/example_setup_teardown.py
[2025-08-17T01:23:45.497+0000] {logging_mixin.py:188} INFO - [2025-08-17T01:23:45.497+0000] {dag.py:3089} INFO - Sync 1 DAGs
[2025-08-17T01:23:45.522+0000] {logging_mixin.py:188} INFO - [2025-08-17T01:23:45.522+0000] {dag.py:3947} INFO - Setting next_dagrun for example_setup_teardown to 2025-08-16 00:00:00+00:00, run_after=2025-08-17 00:00:00+00:00
[2025-08-17T01:23:45.546+0000] {processor.py:183} INFO - Processing /home/airflow/.local/lib/python3.12/site-packages/airflow/example_dags/example_setup_teardown.py took 0.092 seconds
[2025-08-17T01:24:15.910+0000] {processor.py:161} INFO - Started process (PID=863) to work on /home/airflow/.local/lib/python3.12/site-packages/airflow/example_dags/example_setup_teardown.py
[2025-08-17T01:24:15.912+0000] {processor.py:830} INFO - Processing file /home/airflow/.local/lib/python3.12/site-packages/airflow/example_dags/example_setup_teardown.py for tasks to queue
[2025-08-17T01:24:15.914+0000] {logging_mixin.py:188} INFO - [2025-08-17T01:24:15.914+0000] {dagbag.py:545} INFO - Filling up the DagBag from /home/airflow/.local/lib/python3.12/site-packages/airflow/example_dags/example_setup_teardown.py
[2025-08-17T01:24:15.922+0000] {processor.py:840} INFO - DAG(s) 'example_setup_teardown' retrieved from /home/airflow/.local/lib/python3.12/site-packages/airflow/example_dags/example_setup_teardown.py
[2025-08-17T01:24:15.947+0000] {logging_mixin.py:188} INFO - [2025-08-17T01:24:15.947+0000] {dag.py:3089} INFO - Sync 1 DAGs
[2025-08-17T01:24:15.972+0000] {logging_mixin.py:188} INFO - [2025-08-17T01:24:15.972+0000] {dag.py:3947} INFO - Setting next_dagrun for example_setup_teardown to 2025-08-16 00:00:00+00:00, run_after=2025-08-17 00:00:00+00:00
[2025-08-17T01:24:15.999+0000] {processor.py:183} INFO - Processing /home/airflow/.local/lib/python3.12/site-packages/airflow/example_dags/example_setup_teardown.py took 0.094 seconds
[2025-08-17T01:24:46.374+0000] {processor.py:161} INFO - Started process (PID=922) to work on /home/airflow/.local/lib/python3.12/site-packages/airflow/example_dags/example_setup_teardown.py
[2025-08-17T01:24:46.376+0000] {processor.py:830} INFO - Processing file /home/airflow/.local/lib/python3.12/site-packages/airflow/example_dags/example_setup_teardown.py for tasks to queue
[2025-08-17T01:24:46.378+0000] {logging_mixin.py:188} INFO - [2025-08-17T01:24:46.378+0000] {dagbag.py:545} INFO - Filling up the DagBag from /home/airflow/.local/lib/python3.12/site-packages/airflow/example_dags/example_setup_teardown.py
[2025-08-17T01:24:46.386+0000] {processor.py:840} INFO - DAG(s) 'example_setup_teardown' retrieved from /home/airflow/.local/lib/python3.12/site-packages/airflow/example_dags/example_setup_teardown.py
[2025-08-17T01:24:46.412+0000] {logging_mixin.py:188} INFO - [2025-08-17T01:24:46.412+0000] {dag.py:3089} INFO - Sync 1 DAGs
[2025-08-17T01:24:46.438+0000] {logging_mixin.py:188} INFO - [2025-08-17T01:24:46.437+0000] {dag.py:3947} INFO - Setting next_dagrun for example_setup_teardown to 2025-08-16 00:00:00+00:00, run_after=2025-08-17 00:00:00+00:00
[2025-08-17T01:24:46.464+0000] {processor.py:183} INFO - Processing /home/airflow/.local/lib/python3.12/site-packages/airflow/example_dags/example_setup_teardown.py took 0.096 seconds
[2025-08-17T01:25:16.566+0000] {processor.py:161} INFO - Started process (PID=981) to work on /home/airflow/.local/lib/python3.12/site-packages/airflow/example_dags/example_setup_teardown.py
[2025-08-17T01:25:16.567+0000] {processor.py:830} INFO - Processing file /home/airflow/.local/lib/python3.12/site-packages/airflow/example_dags/example_setup_teardown.py for tasks to queue
[2025-08-17T01:25:16.569+0000] {logging_mixin.py:188} INFO - [2025-08-17T01:25:16.568+0000] {dagbag.py:545} INFO - Filling up the DagBag from /home/airflow/.local/lib/python3.12/site-packages/airflow/example_dags/example_setup_teardown.py
[2025-08-17T01:25:16.578+0000] {processor.py:840} INFO - DAG(s) 'example_setup_teardown' retrieved from /home/airflow/.local/lib/python3.12/site-packages/airflow/example_dags/example_setup_teardown.py
[2025-08-17T01:25:16.604+0000] {logging_mixin.py:188} INFO - [2025-08-17T01:25:16.603+0000] {dag.py:3089} INFO - Sync 1 DAGs
[2025-08-17T01:25:16.629+0000] {logging_mixin.py:188} INFO - [2025-08-17T01:25:16.629+0000] {dag.py:3947} INFO - Setting next_dagrun for example_setup_teardown to 2025-08-16 00:00:00+00:00, run_after=2025-08-17 00:00:00+00:00
[2025-08-17T01:25:16.653+0000] {processor.py:183} INFO - Processing /home/airflow/.local/lib/python3.12/site-packages/airflow/example_dags/example_setup_teardown.py took 0.094 seconds
[2025-08-17T01:26:42.278+0000] {processor.py:161} INFO - Started process (PID=94) to work on /home/airflow/.local/lib/python3.12/site-packages/airflow/example_dags/example_setup_teardown.py
[2025-08-17T01:26:42.281+0000] {processor.py:830} INFO - Processing file /home/airflow/.local/lib/python3.12/site-packages/airflow/example_dags/example_setup_teardown.py for tasks to queue
[2025-08-17T01:26:42.288+0000] {logging_mixin.py:188} INFO - [2025-08-17T01:26:42.286+0000] {dagbag.py:545} INFO - Filling up the DagBag from /home/airflow/.local/lib/python3.12/site-packages/airflow/example_dags/example_setup_teardown.py
[2025-08-17T01:26:42.315+0000] {processor.py:840} INFO - DAG(s) 'example_setup_teardown' retrieved from /home/airflow/.local/lib/python3.12/site-packages/airflow/example_dags/example_setup_teardown.py
[2025-08-17T01:26:42.536+0000] {logging_mixin.py:188} INFO - [2025-08-17T01:26:42.535+0000] {dag.py:3089} INFO - Sync 1 DAGs
[2025-08-17T01:26:42.564+0000] {logging_mixin.py:188} INFO - [2025-08-17T01:26:42.564+0000] {dag.py:3947} INFO - Setting next_dagrun for example_setup_teardown to 2025-08-16 00:00:00+00:00, run_after=2025-08-17 00:00:00+00:00
[2025-08-17T01:26:42.594+0000] {processor.py:183} INFO - Processing /home/airflow/.local/lib/python3.12/site-packages/airflow/example_dags/example_setup_teardown.py took 0.336 seconds
[2025-08-17T01:27:12.708+0000] {processor.py:161} INFO - Started process (PID=153) to work on /home/airflow/.local/lib/python3.12/site-packages/airflow/example_dags/example_setup_teardown.py
[2025-08-17T01:27:12.709+0000] {processor.py:830} INFO - Processing file /home/airflow/.local/lib/python3.12/site-packages/airflow/example_dags/example_setup_teardown.py for tasks to queue
[2025-08-17T01:27:12.712+0000] {logging_mixin.py:188} INFO - [2025-08-17T01:27:12.711+0000] {dagbag.py:545} INFO - Filling up the DagBag from /home/airflow/.local/lib/python3.12/site-packages/airflow/example_dags/example_setup_teardown.py
[2025-08-17T01:27:12.718+0000] {processor.py:840} INFO - DAG(s) 'example_setup_teardown' retrieved from /home/airflow/.local/lib/python3.12/site-packages/airflow/example_dags/example_setup_teardown.py
[2025-08-17T01:27:12.735+0000] {logging_mixin.py:188} INFO - [2025-08-17T01:27:12.734+0000] {dag.py:3089} INFO - Sync 1 DAGs
[2025-08-17T01:27:12.759+0000] {logging_mixin.py:188} INFO - [2025-08-17T01:27:12.759+0000] {dag.py:3947} INFO - Setting next_dagrun for example_setup_teardown to 2025-08-16 00:00:00+00:00, run_after=2025-08-17 00:00:00+00:00
[2025-08-17T01:27:12.780+0000] {processor.py:183} INFO - Processing /home/airflow/.local/lib/python3.12/site-packages/airflow/example_dags/example_setup_teardown.py took 0.079 seconds
[2025-08-17T01:27:43.392+0000] {processor.py:161} INFO - Started process (PID=212) to work on /home/airflow/.local/lib/python3.12/site-packages/airflow/example_dags/example_setup_teardown.py
[2025-08-17T01:27:43.394+0000] {processor.py:830} INFO - Processing file /home/airflow/.local/lib/python3.12/site-packages/airflow/example_dags/example_setup_teardown.py for tasks to queue
[2025-08-17T01:27:43.397+0000] {logging_mixin.py:188} INFO - [2025-08-17T01:27:43.396+0000] {dagbag.py:545} INFO - Filling up the DagBag from /home/airflow/.local/lib/python3.12/site-packages/airflow/example_dags/example_setup_teardown.py
[2025-08-17T01:27:43.404+0000] {processor.py:840} INFO - DAG(s) 'example_setup_teardown' retrieved from /home/airflow/.local/lib/python3.12/site-packages/airflow/example_dags/example_setup_teardown.py
[2025-08-17T01:27:43.510+0000] {logging_mixin.py:188} INFO - [2025-08-17T01:27:43.509+0000] {dag.py:3089} INFO - Sync 1 DAGs
[2025-08-17T01:27:43.530+0000] {logging_mixin.py:188} INFO - [2025-08-17T01:27:43.530+0000] {dag.py:3947} INFO - Setting next_dagrun for example_setup_teardown to 2025-08-16 00:00:00+00:00, run_after=2025-08-17 00:00:00+00:00
[2025-08-17T01:27:43.554+0000] {processor.py:183} INFO - Processing /home/airflow/.local/lib/python3.12/site-packages/airflow/example_dags/example_setup_teardown.py took 0.168 seconds
[2025-08-17T01:28:13.686+0000] {processor.py:161} INFO - Started process (PID=271) to work on /home/airflow/.local/lib/python3.12/site-packages/airflow/example_dags/example_setup_teardown.py
[2025-08-17T01:28:13.687+0000] {processor.py:830} INFO - Processing file /home/airflow/.local/lib/python3.12/site-packages/airflow/example_dags/example_setup_teardown.py for tasks to queue
[2025-08-17T01:28:13.690+0000] {logging_mixin.py:188} INFO - [2025-08-17T01:28:13.689+0000] {dagbag.py:545} INFO - Filling up the DagBag from /home/airflow/.local/lib/python3.12/site-packages/airflow/example_dags/example_setup_teardown.py
[2025-08-17T01:28:13.697+0000] {processor.py:840} INFO - DAG(s) 'example_setup_teardown' retrieved from /home/airflow/.local/lib/python3.12/site-packages/airflow/example_dags/example_setup_teardown.py
[2025-08-17T01:28:13.721+0000] {logging_mixin.py:188} INFO - [2025-08-17T01:28:13.721+0000] {dag.py:3089} INFO - Sync 1 DAGs
[2025-08-17T01:28:13.744+0000] {logging_mixin.py:188} INFO - [2025-08-17T01:28:13.744+0000] {dag.py:3947} INFO - Setting next_dagrun for example_setup_teardown to 2025-08-16 00:00:00+00:00, run_after=2025-08-17 00:00:00+00:00
[2025-08-17T01:28:13.770+0000] {processor.py:183} INFO - Processing /home/airflow/.local/lib/python3.12/site-packages/airflow/example_dags/example_setup_teardown.py took 0.092 seconds
[2025-08-17T01:28:43.901+0000] {processor.py:161} INFO - Started process (PID=330) to work on /home/airflow/.local/lib/python3.12/site-packages/airflow/example_dags/example_setup_teardown.py
[2025-08-17T01:28:43.902+0000] {processor.py:830} INFO - Processing file /home/airflow/.local/lib/python3.12/site-packages/airflow/example_dags/example_setup_teardown.py for tasks to queue
[2025-08-17T01:28:43.904+0000] {logging_mixin.py:188} INFO - [2025-08-17T01:28:43.904+0000] {dagbag.py:545} INFO - Filling up the DagBag from /home/airflow/.local/lib/python3.12/site-packages/airflow/example_dags/example_setup_teardown.py
[2025-08-17T01:28:43.913+0000] {processor.py:840} INFO - DAG(s) 'example_setup_teardown' retrieved from /home/airflow/.local/lib/python3.12/site-packages/airflow/example_dags/example_setup_teardown.py
[2025-08-17T01:28:43.945+0000] {logging_mixin.py:188} INFO - [2025-08-17T01:28:43.944+0000] {dag.py:3089} INFO - Sync 1 DAGs
[2025-08-17T01:28:43.980+0000] {logging_mixin.py:188} INFO - [2025-08-17T01:28:43.980+0000] {dag.py:3947} INFO - Setting next_dagrun for example_setup_teardown to 2025-08-16 00:00:00+00:00, run_after=2025-08-17 00:00:00+00:00
[2025-08-17T01:28:44.007+0000] {processor.py:183} INFO - Processing /home/airflow/.local/lib/python3.12/site-packages/airflow/example_dags/example_setup_teardown.py took 0.114 seconds
[2025-08-17T01:29:14.178+0000] {processor.py:161} INFO - Started process (PID=390) to work on /home/airflow/.local/lib/python3.12/site-packages/airflow/example_dags/example_setup_teardown.py
[2025-08-17T01:29:14.180+0000] {processor.py:830} INFO - Processing file /home/airflow/.local/lib/python3.12/site-packages/airflow/example_dags/example_setup_teardown.py for tasks to queue
[2025-08-17T01:29:14.182+0000] {logging_mixin.py:188} INFO - [2025-08-17T01:29:14.181+0000] {dagbag.py:545} INFO - Filling up the DagBag from /home/airflow/.local/lib/python3.12/site-packages/airflow/example_dags/example_setup_teardown.py
[2025-08-17T01:29:14.189+0000] {processor.py:840} INFO - DAG(s) 'example_setup_teardown' retrieved from /home/airflow/.local/lib/python3.12/site-packages/airflow/example_dags/example_setup_teardown.py
[2025-08-17T01:29:14.214+0000] {logging_mixin.py:188} INFO - [2025-08-17T01:29:14.213+0000] {dag.py:3089} INFO - Sync 1 DAGs
[2025-08-17T01:29:14.237+0000] {logging_mixin.py:188} INFO - [2025-08-17T01:29:14.237+0000] {dag.py:3947} INFO - Setting next_dagrun for example_setup_teardown to 2025-08-16 00:00:00+00:00, run_after=2025-08-17 00:00:00+00:00
[2025-08-17T01:29:14.263+0000] {processor.py:183} INFO - Processing /home/airflow/.local/lib/python3.12/site-packages/airflow/example_dags/example_setup_teardown.py took 0.092 seconds
[2025-08-17T01:29:44.322+0000] {processor.py:161} INFO - Started process (PID=450) to work on /home/airflow/.local/lib/python3.12/site-packages/airflow/example_dags/example_setup_teardown.py
[2025-08-17T01:29:44.324+0000] {processor.py:830} INFO - Processing file /home/airflow/.local/lib/python3.12/site-packages/airflow/example_dags/example_setup_teardown.py for tasks to queue
[2025-08-17T01:29:44.326+0000] {logging_mixin.py:188} INFO - [2025-08-17T01:29:44.326+0000] {dagbag.py:545} INFO - Filling up the DagBag from /home/airflow/.local/lib/python3.12/site-packages/airflow/example_dags/example_setup_teardown.py
[2025-08-17T01:29:44.333+0000] {processor.py:840} INFO - DAG(s) 'example_setup_teardown' retrieved from /home/airflow/.local/lib/python3.12/site-packages/airflow/example_dags/example_setup_teardown.py
[2025-08-17T01:29:44.354+0000] {logging_mixin.py:188} INFO - [2025-08-17T01:29:44.354+0000] {dag.py:3089} INFO - Sync 1 DAGs
[2025-08-17T01:29:44.379+0000] {logging_mixin.py:188} INFO - [2025-08-17T01:29:44.378+0000] {dag.py:3947} INFO - Setting next_dagrun for example_setup_teardown to 2025-08-16 00:00:00+00:00, run_after=2025-08-17 00:00:00+00:00
[2025-08-17T01:29:44.400+0000] {processor.py:183} INFO - Processing /home/airflow/.local/lib/python3.12/site-packages/airflow/example_dags/example_setup_teardown.py took 0.084 seconds
[2025-08-17T01:30:14.913+0000] {processor.py:161} INFO - Started process (PID=509) to work on /home/airflow/.local/lib/python3.12/site-packages/airflow/example_dags/example_setup_teardown.py
[2025-08-17T01:30:14.915+0000] {processor.py:830} INFO - Processing file /home/airflow/.local/lib/python3.12/site-packages/airflow/example_dags/example_setup_teardown.py for tasks to queue
[2025-08-17T01:30:14.918+0000] {logging_mixin.py:188} INFO - [2025-08-17T01:30:14.918+0000] {dagbag.py:545} INFO - Filling up the DagBag from /home/airflow/.local/lib/python3.12/site-packages/airflow/example_dags/example_setup_teardown.py
[2025-08-17T01:30:14.925+0000] {processor.py:840} INFO - DAG(s) 'example_setup_teardown' retrieved from /home/airflow/.local/lib/python3.12/site-packages/airflow/example_dags/example_setup_teardown.py
[2025-08-17T01:30:14.949+0000] {logging_mixin.py:188} INFO - [2025-08-17T01:30:14.949+0000] {dag.py:3089} INFO - Sync 1 DAGs
[2025-08-17T01:30:14.971+0000] {logging_mixin.py:188} INFO - [2025-08-17T01:30:14.971+0000] {dag.py:3947} INFO - Setting next_dagrun for example_setup_teardown to 2025-08-16 00:00:00+00:00, run_after=2025-08-17 00:00:00+00:00
[2025-08-17T01:30:14.990+0000] {processor.py:183} INFO - Processing /home/airflow/.local/lib/python3.12/site-packages/airflow/example_dags/example_setup_teardown.py took 0.083 seconds
[2025-08-17T01:30:45.420+0000] {processor.py:161} INFO - Started process (PID=568) to work on /home/airflow/.local/lib/python3.12/site-packages/airflow/example_dags/example_setup_teardown.py
[2025-08-17T01:30:45.422+0000] {processor.py:830} INFO - Processing file /home/airflow/.local/lib/python3.12/site-packages/airflow/example_dags/example_setup_teardown.py for tasks to queue
[2025-08-17T01:30:45.425+0000] {logging_mixin.py:188} INFO - [2025-08-17T01:30:45.425+0000] {dagbag.py:545} INFO - Filling up the DagBag from /home/airflow/.local/lib/python3.12/site-packages/airflow/example_dags/example_setup_teardown.py
[2025-08-17T01:30:45.433+0000] {processor.py:840} INFO - DAG(s) 'example_setup_teardown' retrieved from /home/airflow/.local/lib/python3.12/site-packages/airflow/example_dags/example_setup_teardown.py
[2025-08-17T01:30:45.457+0000] {logging_mixin.py:188} INFO - [2025-08-17T01:30:45.457+0000] {dag.py:3089} INFO - Sync 1 DAGs
[2025-08-17T01:30:45.481+0000] {logging_mixin.py:188} INFO - [2025-08-17T01:30:45.480+0000] {dag.py:3947} INFO - Setting next_dagrun for example_setup_teardown to 2025-08-16 00:00:00+00:00, run_after=2025-08-17 00:00:00+00:00
[2025-08-17T01:30:45.506+0000] {processor.py:183} INFO - Processing /home/airflow/.local/lib/python3.12/site-packages/airflow/example_dags/example_setup_teardown.py took 0.092 seconds
[2025-08-17T01:31:15.888+0000] {processor.py:161} INFO - Started process (PID=627) to work on /home/airflow/.local/lib/python3.12/site-packages/airflow/example_dags/example_setup_teardown.py
[2025-08-17T01:31:15.889+0000] {processor.py:830} INFO - Processing file /home/airflow/.local/lib/python3.12/site-packages/airflow/example_dags/example_setup_teardown.py for tasks to queue
[2025-08-17T01:31:15.891+0000] {logging_mixin.py:188} INFO - [2025-08-17T01:31:15.891+0000] {dagbag.py:545} INFO - Filling up the DagBag from /home/airflow/.local/lib/python3.12/site-packages/airflow/example_dags/example_setup_teardown.py
[2025-08-17T01:31:15.898+0000] {processor.py:840} INFO - DAG(s) 'example_setup_teardown' retrieved from /home/airflow/.local/lib/python3.12/site-packages/airflow/example_dags/example_setup_teardown.py
[2025-08-17T01:31:15.921+0000] {logging_mixin.py:188} INFO - [2025-08-17T01:31:15.920+0000] {dag.py:3089} INFO - Sync 1 DAGs
[2025-08-17T01:31:15.943+0000] {logging_mixin.py:188} INFO - [2025-08-17T01:31:15.942+0000] {dag.py:3947} INFO - Setting next_dagrun for example_setup_teardown to 2025-08-16 00:00:00+00:00, run_after=2025-08-17 00:00:00+00:00
[2025-08-17T01:31:15.960+0000] {processor.py:183} INFO - Processing /home/airflow/.local/lib/python3.12/site-packages/airflow/example_dags/example_setup_teardown.py took 0.078 seconds
[2025-08-17T01:31:46.636+0000] {processor.py:161} INFO - Started process (PID=689) to work on /home/airflow/.local/lib/python3.12/site-packages/airflow/example_dags/example_setup_teardown.py
[2025-08-17T01:31:46.637+0000] {processor.py:830} INFO - Processing file /home/airflow/.local/lib/python3.12/site-packages/airflow/example_dags/example_setup_teardown.py for tasks to queue
[2025-08-17T01:31:46.639+0000] {logging_mixin.py:188} INFO - [2025-08-17T01:31:46.639+0000] {dagbag.py:545} INFO - Filling up the DagBag from /home/airflow/.local/lib/python3.12/site-packages/airflow/example_dags/example_setup_teardown.py
[2025-08-17T01:31:46.647+0000] {processor.py:840} INFO - DAG(s) 'example_setup_teardown' retrieved from /home/airflow/.local/lib/python3.12/site-packages/airflow/example_dags/example_setup_teardown.py
[2025-08-17T01:31:46.669+0000] {logging_mixin.py:188} INFO - [2025-08-17T01:31:46.669+0000] {dag.py:3089} INFO - Sync 1 DAGs
[2025-08-17T01:31:46.692+0000] {logging_mixin.py:188} INFO - [2025-08-17T01:31:46.692+0000] {dag.py:3947} INFO - Setting next_dagrun for example_setup_teardown to 2025-08-16 00:00:00+00:00, run_after=2025-08-17 00:00:00+00:00
[2025-08-17T01:31:46.714+0000] {processor.py:183} INFO - Processing /home/airflow/.local/lib/python3.12/site-packages/airflow/example_dags/example_setup_teardown.py took 0.085 seconds
