[2025-08-17T00:53:36.989+0000] {processor.py:161} INFO - Started process (PID=104) to work on /home/airflow/.local/lib/python3.12/site-packages/airflow/example_dags/example_sla_dag.py
[2025-08-17T00:53:36.990+0000] {processor.py:830} INFO - Processing file /home/airflow/.local/lib/python3.12/site-packages/airflow/example_dags/example_sla_dag.py for tasks to queue
[2025-08-17T00:53:36.994+0000] {logging_mixin.py:188} INFO - [2025-08-17T00:53:36.993+0000] {dagbag.py:545} INFO - Filling up the DagBag from /home/airflow/.local/lib/python3.12/site-packages/airflow/example_dags/example_sla_dag.py
[2025-08-17T00:53:37.004+0000] {processor.py:840} INFO - DAG(s) 'example_sla_dag' retrieved from /home/airflow/.local/lib/python3.12/site-packages/airflow/example_dags/example_sla_dag.py
[2025-08-17T00:53:37.113+0000] {logging_mixin.py:188} INFO - [2025-08-17T00:53:37.112+0000] {dag.py:3089} INFO - Sync 1 DAGs
[2025-08-17T00:53:37.136+0000] {logging_mixin.py:188} INFO - [2025-08-17T00:53:37.135+0000] {dag.py:3947} INFO - Setting next_dagrun for example_sla_dag to 2025-08-17 00:50:00+00:00, run_after=2025-08-17 00:52:00+00:00
[2025-08-17T00:53:37.157+0000] {processor.py:183} INFO - Processing /home/airflow/.local/lib/python3.12/site-packages/airflow/example_dags/example_sla_dag.py took 0.175 seconds
[2025-08-17T00:54:07.947+0000] {processor.py:161} INFO - Started process (PID=162) to work on /home/airflow/.local/lib/python3.12/site-packages/airflow/example_dags/example_sla_dag.py
[2025-08-17T00:54:07.949+0000] {processor.py:830} INFO - Processing file /home/airflow/.local/lib/python3.12/site-packages/airflow/example_dags/example_sla_dag.py for tasks to queue
[2025-08-17T00:54:07.952+0000] {logging_mixin.py:188} INFO - [2025-08-17T00:54:07.951+0000] {dagbag.py:545} INFO - Filling up the DagBag from /home/airflow/.local/lib/python3.12/site-packages/airflow/example_dags/example_sla_dag.py
[2025-08-17T00:54:07.961+0000] {processor.py:840} INFO - DAG(s) 'example_sla_dag' retrieved from /home/airflow/.local/lib/python3.12/site-packages/airflow/example_dags/example_sla_dag.py
[2025-08-17T00:54:07.985+0000] {logging_mixin.py:188} INFO - [2025-08-17T00:54:07.985+0000] {dag.py:3089} INFO - Sync 1 DAGs
[2025-08-17T00:54:08.015+0000] {logging_mixin.py:188} INFO - [2025-08-17T00:54:08.015+0000] {dag.py:3947} INFO - Setting next_dagrun for example_sla_dag to 2025-08-17 00:52:00+00:00, run_after=2025-08-17 00:54:00+00:00
[2025-08-17T00:54:08.038+0000] {processor.py:183} INFO - Processing /home/airflow/.local/lib/python3.12/site-packages/airflow/example_dags/example_sla_dag.py took 0.097 seconds
[2025-08-17T00:54:38.243+0000] {processor.py:161} INFO - Started process (PID=220) to work on /home/airflow/.local/lib/python3.12/site-packages/airflow/example_dags/example_sla_dag.py
[2025-08-17T00:54:38.245+0000] {processor.py:830} INFO - Processing file /home/airflow/.local/lib/python3.12/site-packages/airflow/example_dags/example_sla_dag.py for tasks to queue
[2025-08-17T00:54:38.248+0000] {logging_mixin.py:188} INFO - [2025-08-17T00:54:38.247+0000] {dagbag.py:545} INFO - Filling up the DagBag from /home/airflow/.local/lib/python3.12/site-packages/airflow/example_dags/example_sla_dag.py
[2025-08-17T00:54:38.257+0000] {processor.py:840} INFO - DAG(s) 'example_sla_dag' retrieved from /home/airflow/.local/lib/python3.12/site-packages/airflow/example_dags/example_sla_dag.py
[2025-08-17T00:54:38.282+0000] {logging_mixin.py:188} INFO - [2025-08-17T00:54:38.281+0000] {dag.py:3089} INFO - Sync 1 DAGs
[2025-08-17T00:54:38.305+0000] {logging_mixin.py:188} INFO - [2025-08-17T00:54:38.305+0000] {dag.py:3947} INFO - Setting next_dagrun for example_sla_dag to 2025-08-17 00:52:00+00:00, run_after=2025-08-17 00:54:00+00:00
[2025-08-17T00:54:38.329+0000] {processor.py:183} INFO - Processing /home/airflow/.local/lib/python3.12/site-packages/airflow/example_dags/example_sla_dag.py took 0.092 seconds
[2025-08-17T00:55:08.803+0000] {processor.py:161} INFO - Started process (PID=278) to work on /home/airflow/.local/lib/python3.12/site-packages/airflow/example_dags/example_sla_dag.py
[2025-08-17T00:55:08.805+0000] {processor.py:830} INFO - Processing file /home/airflow/.local/lib/python3.12/site-packages/airflow/example_dags/example_sla_dag.py for tasks to queue
[2025-08-17T00:55:08.807+0000] {logging_mixin.py:188} INFO - [2025-08-17T00:55:08.807+0000] {dagbag.py:545} INFO - Filling up the DagBag from /home/airflow/.local/lib/python3.12/site-packages/airflow/example_dags/example_sla_dag.py
[2025-08-17T00:55:08.827+0000] {processor.py:840} INFO - DAG(s) 'example_sla_dag' retrieved from /home/airflow/.local/lib/python3.12/site-packages/airflow/example_dags/example_sla_dag.py
[2025-08-17T00:55:08.849+0000] {logging_mixin.py:188} INFO - [2025-08-17T00:55:08.849+0000] {dag.py:3089} INFO - Sync 1 DAGs
[2025-08-17T00:55:08.875+0000] {logging_mixin.py:188} INFO - [2025-08-17T00:55:08.874+0000] {dag.py:3947} INFO - Setting next_dagrun for example_sla_dag to 2025-08-17 00:52:00+00:00, run_after=2025-08-17 00:54:00+00:00
[2025-08-17T00:55:08.901+0000] {processor.py:183} INFO - Processing /home/airflow/.local/lib/python3.12/site-packages/airflow/example_dags/example_sla_dag.py took 0.105 seconds
[2025-08-17T00:55:39.760+0000] {processor.py:161} INFO - Started process (PID=337) to work on /home/airflow/.local/lib/python3.12/site-packages/airflow/example_dags/example_sla_dag.py
[2025-08-17T00:55:39.762+0000] {processor.py:830} INFO - Processing file /home/airflow/.local/lib/python3.12/site-packages/airflow/example_dags/example_sla_dag.py for tasks to queue
[2025-08-17T00:55:39.764+0000] {logging_mixin.py:188} INFO - [2025-08-17T00:55:39.764+0000] {dagbag.py:545} INFO - Filling up the DagBag from /home/airflow/.local/lib/python3.12/site-packages/airflow/example_dags/example_sla_dag.py
[2025-08-17T00:55:39.773+0000] {processor.py:840} INFO - DAG(s) 'example_sla_dag' retrieved from /home/airflow/.local/lib/python3.12/site-packages/airflow/example_dags/example_sla_dag.py
[2025-08-17T00:55:39.797+0000] {logging_mixin.py:188} INFO - [2025-08-17T00:55:39.797+0000] {dag.py:3089} INFO - Sync 1 DAGs
[2025-08-17T00:55:39.819+0000] {logging_mixin.py:188} INFO - [2025-08-17T00:55:39.819+0000] {dag.py:3947} INFO - Setting next_dagrun for example_sla_dag to 2025-08-17 00:52:00+00:00, run_after=2025-08-17 00:54:00+00:00
[2025-08-17T00:55:39.839+0000] {processor.py:183} INFO - Processing /home/airflow/.local/lib/python3.12/site-packages/airflow/example_dags/example_sla_dag.py took 0.085 seconds
[2025-08-17T00:56:10.163+0000] {processor.py:161} INFO - Started process (PID=395) to work on /home/airflow/.local/lib/python3.12/site-packages/airflow/example_dags/example_sla_dag.py
[2025-08-17T00:56:10.165+0000] {processor.py:830} INFO - Processing file /home/airflow/.local/lib/python3.12/site-packages/airflow/example_dags/example_sla_dag.py for tasks to queue
[2025-08-17T00:56:10.166+0000] {logging_mixin.py:188} INFO - [2025-08-17T00:56:10.166+0000] {dagbag.py:545} INFO - Filling up the DagBag from /home/airflow/.local/lib/python3.12/site-packages/airflow/example_dags/example_sla_dag.py
[2025-08-17T00:56:10.174+0000] {processor.py:840} INFO - DAG(s) 'example_sla_dag' retrieved from /home/airflow/.local/lib/python3.12/site-packages/airflow/example_dags/example_sla_dag.py
[2025-08-17T00:56:10.196+0000] {logging_mixin.py:188} INFO - [2025-08-17T00:56:10.195+0000] {dag.py:3089} INFO - Sync 1 DAGs
[2025-08-17T00:56:10.221+0000] {logging_mixin.py:188} INFO - [2025-08-17T00:56:10.220+0000] {dag.py:3947} INFO - Setting next_dagrun for example_sla_dag to 2025-08-17 00:54:00+00:00, run_after=2025-08-17 00:56:00+00:00
[2025-08-17T00:56:10.239+0000] {processor.py:183} INFO - Processing /home/airflow/.local/lib/python3.12/site-packages/airflow/example_dags/example_sla_dag.py took 0.081 seconds
[2025-08-17T00:56:41.033+0000] {processor.py:161} INFO - Started process (PID=453) to work on /home/airflow/.local/lib/python3.12/site-packages/airflow/example_dags/example_sla_dag.py
[2025-08-17T00:56:41.034+0000] {processor.py:830} INFO - Processing file /home/airflow/.local/lib/python3.12/site-packages/airflow/example_dags/example_sla_dag.py for tasks to queue
[2025-08-17T00:56:41.037+0000] {logging_mixin.py:188} INFO - [2025-08-17T00:56:41.036+0000] {dagbag.py:545} INFO - Filling up the DagBag from /home/airflow/.local/lib/python3.12/site-packages/airflow/example_dags/example_sla_dag.py
[2025-08-17T00:56:41.046+0000] {processor.py:840} INFO - DAG(s) 'example_sla_dag' retrieved from /home/airflow/.local/lib/python3.12/site-packages/airflow/example_dags/example_sla_dag.py
[2025-08-17T00:56:41.070+0000] {logging_mixin.py:188} INFO - [2025-08-17T00:56:41.070+0000] {dag.py:3089} INFO - Sync 1 DAGs
[2025-08-17T00:56:41.098+0000] {logging_mixin.py:188} INFO - [2025-08-17T00:56:41.097+0000] {dag.py:3947} INFO - Setting next_dagrun for example_sla_dag to 2025-08-17 00:54:00+00:00, run_after=2025-08-17 00:56:00+00:00
[2025-08-17T00:56:41.120+0000] {processor.py:183} INFO - Processing /home/airflow/.local/lib/python3.12/site-packages/airflow/example_dags/example_sla_dag.py took 0.093 seconds
[2025-08-17T00:57:11.351+0000] {processor.py:161} INFO - Started process (PID=511) to work on /home/airflow/.local/lib/python3.12/site-packages/airflow/example_dags/example_sla_dag.py
[2025-08-17T00:57:11.353+0000] {processor.py:830} INFO - Processing file /home/airflow/.local/lib/python3.12/site-packages/airflow/example_dags/example_sla_dag.py for tasks to queue
[2025-08-17T00:57:11.356+0000] {logging_mixin.py:188} INFO - [2025-08-17T00:57:11.355+0000] {dagbag.py:545} INFO - Filling up the DagBag from /home/airflow/.local/lib/python3.12/site-packages/airflow/example_dags/example_sla_dag.py
[2025-08-17T00:57:11.366+0000] {processor.py:840} INFO - DAG(s) 'example_sla_dag' retrieved from /home/airflow/.local/lib/python3.12/site-packages/airflow/example_dags/example_sla_dag.py
[2025-08-17T00:57:11.391+0000] {logging_mixin.py:188} INFO - [2025-08-17T00:57:11.390+0000] {dag.py:3089} INFO - Sync 1 DAGs
[2025-08-17T00:57:11.416+0000] {logging_mixin.py:188} INFO - [2025-08-17T00:57:11.416+0000] {dag.py:3947} INFO - Setting next_dagrun for example_sla_dag to 2025-08-17 00:54:00+00:00, run_after=2025-08-17 00:56:00+00:00
[2025-08-17T00:57:11.438+0000] {processor.py:183} INFO - Processing /home/airflow/.local/lib/python3.12/site-packages/airflow/example_dags/example_sla_dag.py took 0.094 seconds
[2025-08-17T00:57:41.766+0000] {processor.py:161} INFO - Started process (PID=569) to work on /home/airflow/.local/lib/python3.12/site-packages/airflow/example_dags/example_sla_dag.py
[2025-08-17T00:57:41.768+0000] {processor.py:830} INFO - Processing file /home/airflow/.local/lib/python3.12/site-packages/airflow/example_dags/example_sla_dag.py for tasks to queue
[2025-08-17T00:57:41.771+0000] {logging_mixin.py:188} INFO - [2025-08-17T00:57:41.771+0000] {dagbag.py:545} INFO - Filling up the DagBag from /home/airflow/.local/lib/python3.12/site-packages/airflow/example_dags/example_sla_dag.py
[2025-08-17T00:57:41.781+0000] {processor.py:840} INFO - DAG(s) 'example_sla_dag' retrieved from /home/airflow/.local/lib/python3.12/site-packages/airflow/example_dags/example_sla_dag.py
[2025-08-17T00:57:41.806+0000] {logging_mixin.py:188} INFO - [2025-08-17T00:57:41.806+0000] {dag.py:3089} INFO - Sync 1 DAGs
[2025-08-17T00:57:41.833+0000] {logging_mixin.py:188} INFO - [2025-08-17T00:57:41.832+0000] {dag.py:3947} INFO - Setting next_dagrun for example_sla_dag to 2025-08-17 00:54:00+00:00, run_after=2025-08-17 00:56:00+00:00
[2025-08-17T00:57:41.861+0000] {processor.py:183} INFO - Processing /home/airflow/.local/lib/python3.12/site-packages/airflow/example_dags/example_sla_dag.py took 0.102 seconds
[2025-08-17T00:58:12.603+0000] {processor.py:161} INFO - Started process (PID=627) to work on /home/airflow/.local/lib/python3.12/site-packages/airflow/example_dags/example_sla_dag.py
[2025-08-17T00:58:12.604+0000] {processor.py:830} INFO - Processing file /home/airflow/.local/lib/python3.12/site-packages/airflow/example_dags/example_sla_dag.py for tasks to queue
[2025-08-17T00:58:12.607+0000] {logging_mixin.py:188} INFO - [2025-08-17T00:58:12.607+0000] {dagbag.py:545} INFO - Filling up the DagBag from /home/airflow/.local/lib/python3.12/site-packages/airflow/example_dags/example_sla_dag.py
[2025-08-17T00:58:12.616+0000] {processor.py:840} INFO - DAG(s) 'example_sla_dag' retrieved from /home/airflow/.local/lib/python3.12/site-packages/airflow/example_dags/example_sla_dag.py
[2025-08-17T00:58:12.639+0000] {logging_mixin.py:188} INFO - [2025-08-17T00:58:12.638+0000] {dag.py:3089} INFO - Sync 1 DAGs
[2025-08-17T00:58:12.660+0000] {logging_mixin.py:188} INFO - [2025-08-17T00:58:12.660+0000] {dag.py:3947} INFO - Setting next_dagrun for example_sla_dag to 2025-08-17 00:56:00+00:00, run_after=2025-08-17 00:58:00+00:00
[2025-08-17T00:58:12.679+0000] {processor.py:183} INFO - Processing /home/airflow/.local/lib/python3.12/site-packages/airflow/example_dags/example_sla_dag.py took 0.083 seconds
[2025-08-17T00:58:43.259+0000] {processor.py:161} INFO - Started process (PID=686) to work on /home/airflow/.local/lib/python3.12/site-packages/airflow/example_dags/example_sla_dag.py
[2025-08-17T00:58:43.261+0000] {processor.py:830} INFO - Processing file /home/airflow/.local/lib/python3.12/site-packages/airflow/example_dags/example_sla_dag.py for tasks to queue
[2025-08-17T00:58:43.263+0000] {logging_mixin.py:188} INFO - [2025-08-17T00:58:43.263+0000] {dagbag.py:545} INFO - Filling up the DagBag from /home/airflow/.local/lib/python3.12/site-packages/airflow/example_dags/example_sla_dag.py
[2025-08-17T00:58:43.272+0000] {processor.py:840} INFO - DAG(s) 'example_sla_dag' retrieved from /home/airflow/.local/lib/python3.12/site-packages/airflow/example_dags/example_sla_dag.py
[2025-08-17T00:58:43.296+0000] {logging_mixin.py:188} INFO - [2025-08-17T00:58:43.296+0000] {dag.py:3089} INFO - Sync 1 DAGs
[2025-08-17T00:58:43.318+0000] {logging_mixin.py:188} INFO - [2025-08-17T00:58:43.318+0000] {dag.py:3947} INFO - Setting next_dagrun for example_sla_dag to 2025-08-17 00:56:00+00:00, run_after=2025-08-17 00:58:00+00:00
[2025-08-17T00:58:43.335+0000] {processor.py:183} INFO - Processing /home/airflow/.local/lib/python3.12/site-packages/airflow/example_dags/example_sla_dag.py took 0.082 seconds
[2025-08-17T00:59:14.030+0000] {processor.py:161} INFO - Started process (PID=745) to work on /home/airflow/.local/lib/python3.12/site-packages/airflow/example_dags/example_sla_dag.py
[2025-08-17T00:59:14.032+0000] {processor.py:830} INFO - Processing file /home/airflow/.local/lib/python3.12/site-packages/airflow/example_dags/example_sla_dag.py for tasks to queue
[2025-08-17T00:59:14.034+0000] {logging_mixin.py:188} INFO - [2025-08-17T00:59:14.034+0000] {dagbag.py:545} INFO - Filling up the DagBag from /home/airflow/.local/lib/python3.12/site-packages/airflow/example_dags/example_sla_dag.py
[2025-08-17T00:59:14.042+0000] {processor.py:840} INFO - DAG(s) 'example_sla_dag' retrieved from /home/airflow/.local/lib/python3.12/site-packages/airflow/example_dags/example_sla_dag.py
[2025-08-17T00:59:14.063+0000] {logging_mixin.py:188} INFO - [2025-08-17T00:59:14.063+0000] {dag.py:3089} INFO - Sync 1 DAGs
[2025-08-17T00:59:14.087+0000] {logging_mixin.py:188} INFO - [2025-08-17T00:59:14.087+0000] {dag.py:3947} INFO - Setting next_dagrun for example_sla_dag to 2025-08-17 00:56:00+00:00, run_after=2025-08-17 00:58:00+00:00
[2025-08-17T00:59:14.106+0000] {processor.py:183} INFO - Processing /home/airflow/.local/lib/python3.12/site-packages/airflow/example_dags/example_sla_dag.py took 0.082 seconds
[2025-08-17T01:00:13.106+0000] {processor.py:161} INFO - Started process (PID=92) to work on /home/airflow/.local/lib/python3.12/site-packages/airflow/example_dags/example_sla_dag.py
[2025-08-17T01:00:13.109+0000] {processor.py:830} INFO - Processing file /home/airflow/.local/lib/python3.12/site-packages/airflow/example_dags/example_sla_dag.py for tasks to queue
[2025-08-17T01:00:13.112+0000] {logging_mixin.py:188} INFO - [2025-08-17T01:00:13.111+0000] {dagbag.py:545} INFO - Filling up the DagBag from /home/airflow/.local/lib/python3.12/site-packages/airflow/example_dags/example_sla_dag.py
[2025-08-17T01:00:13.125+0000] {processor.py:840} INFO - DAG(s) 'example_sla_dag' retrieved from /home/airflow/.local/lib/python3.12/site-packages/airflow/example_dags/example_sla_dag.py
[2025-08-17T01:00:13.146+0000] {logging_mixin.py:188} INFO - [2025-08-17T01:00:13.145+0000] {dag.py:3089} INFO - Sync 1 DAGs
[2025-08-17T01:00:13.188+0000] {logging_mixin.py:188} INFO - [2025-08-17T01:00:13.188+0000] {dag.py:3947} INFO - Setting next_dagrun for example_sla_dag to 2025-08-17 00:58:00+00:00, run_after=2025-08-17 01:00:00+00:00
[2025-08-17T01:00:13.235+0000] {processor.py:183} INFO - Processing /home/airflow/.local/lib/python3.12/site-packages/airflow/example_dags/example_sla_dag.py took 0.137 seconds
[2025-08-17T01:01:36.094+0000] {processor.py:161} INFO - Started process (PID=92) to work on /home/airflow/.local/lib/python3.12/site-packages/airflow/example_dags/example_sla_dag.py
[2025-08-17T01:01:36.096+0000] {processor.py:830} INFO - Processing file /home/airflow/.local/lib/python3.12/site-packages/airflow/example_dags/example_sla_dag.py for tasks to queue
[2025-08-17T01:01:36.099+0000] {logging_mixin.py:188} INFO - [2025-08-17T01:01:36.098+0000] {dagbag.py:545} INFO - Filling up the DagBag from /home/airflow/.local/lib/python3.12/site-packages/airflow/example_dags/example_sla_dag.py
[2025-08-17T01:01:36.112+0000] {processor.py:840} INFO - DAG(s) 'example_sla_dag' retrieved from /home/airflow/.local/lib/python3.12/site-packages/airflow/example_dags/example_sla_dag.py
[2025-08-17T01:01:36.135+0000] {logging_mixin.py:188} INFO - [2025-08-17T01:01:36.135+0000] {dag.py:3089} INFO - Sync 1 DAGs
[2025-08-17T01:01:36.172+0000] {logging_mixin.py:188} INFO - [2025-08-17T01:01:36.172+0000] {dag.py:3947} INFO - Setting next_dagrun for example_sla_dag to 2025-08-17 00:58:00+00:00, run_after=2025-08-17 01:00:00+00:00
[2025-08-17T01:01:36.201+0000] {processor.py:183} INFO - Processing /home/airflow/.local/lib/python3.12/site-packages/airflow/example_dags/example_sla_dag.py took 0.114 seconds
[2025-08-17T01:02:07.337+0000] {processor.py:161} INFO - Started process (PID=151) to work on /home/airflow/.local/lib/python3.12/site-packages/airflow/example_dags/example_sla_dag.py
[2025-08-17T01:02:07.338+0000] {processor.py:830} INFO - Processing file /home/airflow/.local/lib/python3.12/site-packages/airflow/example_dags/example_sla_dag.py for tasks to queue
[2025-08-17T01:02:07.341+0000] {logging_mixin.py:188} INFO - [2025-08-17T01:02:07.341+0000] {dagbag.py:545} INFO - Filling up the DagBag from /home/airflow/.local/lib/python3.12/site-packages/airflow/example_dags/example_sla_dag.py
[2025-08-17T01:02:07.350+0000] {processor.py:840} INFO - DAG(s) 'example_sla_dag' retrieved from /home/airflow/.local/lib/python3.12/site-packages/airflow/example_dags/example_sla_dag.py
[2025-08-17T01:02:07.469+0000] {logging_mixin.py:188} INFO - [2025-08-17T01:02:07.469+0000] {dag.py:3089} INFO - Sync 1 DAGs
[2025-08-17T01:02:07.496+0000] {logging_mixin.py:188} INFO - [2025-08-17T01:02:07.496+0000] {dag.py:3947} INFO - Setting next_dagrun for example_sla_dag to 2025-08-17 01:00:00+00:00, run_after=2025-08-17 01:02:00+00:00
[2025-08-17T01:02:07.522+0000] {processor.py:183} INFO - Processing /home/airflow/.local/lib/python3.12/site-packages/airflow/example_dags/example_sla_dag.py took 0.191 seconds
[2025-08-17T01:02:37.617+0000] {processor.py:161} INFO - Started process (PID=216) to work on /home/airflow/.local/lib/python3.12/site-packages/airflow/example_dags/example_sla_dag.py
[2025-08-17T01:02:37.619+0000] {processor.py:830} INFO - Processing file /home/airflow/.local/lib/python3.12/site-packages/airflow/example_dags/example_sla_dag.py for tasks to queue
[2025-08-17T01:02:37.622+0000] {logging_mixin.py:188} INFO - [2025-08-17T01:02:37.622+0000] {dagbag.py:545} INFO - Filling up the DagBag from /home/airflow/.local/lib/python3.12/site-packages/airflow/example_dags/example_sla_dag.py
[2025-08-17T01:02:37.635+0000] {processor.py:840} INFO - DAG(s) 'example_sla_dag' retrieved from /home/airflow/.local/lib/python3.12/site-packages/airflow/example_dags/example_sla_dag.py
[2025-08-17T01:02:37.662+0000] {logging_mixin.py:188} INFO - [2025-08-17T01:02:37.662+0000] {dag.py:3089} INFO - Sync 1 DAGs
[2025-08-17T01:02:37.689+0000] {logging_mixin.py:188} INFO - [2025-08-17T01:02:37.688+0000] {dag.py:3947} INFO - Setting next_dagrun for example_sla_dag to 2025-08-17 01:00:00+00:00, run_after=2025-08-17 01:02:00+00:00
[2025-08-17T01:02:37.709+0000] {processor.py:183} INFO - Processing /home/airflow/.local/lib/python3.12/site-packages/airflow/example_dags/example_sla_dag.py took 0.100 seconds
[2025-08-17T01:03:07.966+0000] {processor.py:161} INFO - Started process (PID=275) to work on /home/airflow/.local/lib/python3.12/site-packages/airflow/example_dags/example_sla_dag.py
[2025-08-17T01:03:07.967+0000] {processor.py:830} INFO - Processing file /home/airflow/.local/lib/python3.12/site-packages/airflow/example_dags/example_sla_dag.py for tasks to queue
[2025-08-17T01:03:07.969+0000] {logging_mixin.py:188} INFO - [2025-08-17T01:03:07.969+0000] {dagbag.py:545} INFO - Filling up the DagBag from /home/airflow/.local/lib/python3.12/site-packages/airflow/example_dags/example_sla_dag.py
[2025-08-17T01:03:07.978+0000] {processor.py:840} INFO - DAG(s) 'example_sla_dag' retrieved from /home/airflow/.local/lib/python3.12/site-packages/airflow/example_dags/example_sla_dag.py
[2025-08-17T01:03:08.000+0000] {logging_mixin.py:188} INFO - [2025-08-17T01:03:08.000+0000] {dag.py:3089} INFO - Sync 1 DAGs
[2025-08-17T01:03:08.024+0000] {logging_mixin.py:188} INFO - [2025-08-17T01:03:08.024+0000] {dag.py:3947} INFO - Setting next_dagrun for example_sla_dag to 2025-08-17 01:00:00+00:00, run_after=2025-08-17 01:02:00+00:00
[2025-08-17T01:03:08.044+0000] {processor.py:183} INFO - Processing /home/airflow/.local/lib/python3.12/site-packages/airflow/example_dags/example_sla_dag.py took 0.085 seconds
[2025-08-17T01:03:38.202+0000] {processor.py:161} INFO - Started process (PID=334) to work on /home/airflow/.local/lib/python3.12/site-packages/airflow/example_dags/example_sla_dag.py
[2025-08-17T01:03:38.204+0000] {processor.py:830} INFO - Processing file /home/airflow/.local/lib/python3.12/site-packages/airflow/example_dags/example_sla_dag.py for tasks to queue
[2025-08-17T01:03:38.206+0000] {logging_mixin.py:188} INFO - [2025-08-17T01:03:38.206+0000] {dagbag.py:545} INFO - Filling up the DagBag from /home/airflow/.local/lib/python3.12/site-packages/airflow/example_dags/example_sla_dag.py
[2025-08-17T01:03:38.215+0000] {processor.py:840} INFO - DAG(s) 'example_sla_dag' retrieved from /home/airflow/.local/lib/python3.12/site-packages/airflow/example_dags/example_sla_dag.py
[2025-08-17T01:03:38.238+0000] {logging_mixin.py:188} INFO - [2025-08-17T01:03:38.238+0000] {dag.py:3089} INFO - Sync 1 DAGs
[2025-08-17T01:03:38.264+0000] {logging_mixin.py:188} INFO - [2025-08-17T01:03:38.263+0000] {dag.py:3947} INFO - Setting next_dagrun for example_sla_dag to 2025-08-17 01:00:00+00:00, run_after=2025-08-17 01:02:00+00:00
[2025-08-17T01:03:38.284+0000] {processor.py:183} INFO - Processing /home/airflow/.local/lib/python3.12/site-packages/airflow/example_dags/example_sla_dag.py took 0.089 seconds
[2025-08-17T01:04:08.658+0000] {processor.py:161} INFO - Started process (PID=393) to work on /home/airflow/.local/lib/python3.12/site-packages/airflow/example_dags/example_sla_dag.py
[2025-08-17T01:04:08.659+0000] {processor.py:830} INFO - Processing file /home/airflow/.local/lib/python3.12/site-packages/airflow/example_dags/example_sla_dag.py for tasks to queue
[2025-08-17T01:04:08.661+0000] {logging_mixin.py:188} INFO - [2025-08-17T01:04:08.661+0000] {dagbag.py:545} INFO - Filling up the DagBag from /home/airflow/.local/lib/python3.12/site-packages/airflow/example_dags/example_sla_dag.py
[2025-08-17T01:04:08.670+0000] {processor.py:840} INFO - DAG(s) 'example_sla_dag' retrieved from /home/airflow/.local/lib/python3.12/site-packages/airflow/example_dags/example_sla_dag.py
[2025-08-17T01:04:08.694+0000] {logging_mixin.py:188} INFO - [2025-08-17T01:04:08.694+0000] {dag.py:3089} INFO - Sync 1 DAGs
[2025-08-17T01:04:08.720+0000] {logging_mixin.py:188} INFO - [2025-08-17T01:04:08.720+0000] {dag.py:3947} INFO - Setting next_dagrun for example_sla_dag to 2025-08-17 01:02:00+00:00, run_after=2025-08-17 01:04:00+00:00
[2025-08-17T01:04:08.745+0000] {processor.py:183} INFO - Processing /home/airflow/.local/lib/python3.12/site-packages/airflow/example_dags/example_sla_dag.py took 0.093 seconds
[2025-08-17T01:04:39.241+0000] {processor.py:161} INFO - Started process (PID=452) to work on /home/airflow/.local/lib/python3.12/site-packages/airflow/example_dags/example_sla_dag.py
[2025-08-17T01:04:39.242+0000] {processor.py:830} INFO - Processing file /home/airflow/.local/lib/python3.12/site-packages/airflow/example_dags/example_sla_dag.py for tasks to queue
[2025-08-17T01:04:39.244+0000] {logging_mixin.py:188} INFO - [2025-08-17T01:04:39.243+0000] {dagbag.py:545} INFO - Filling up the DagBag from /home/airflow/.local/lib/python3.12/site-packages/airflow/example_dags/example_sla_dag.py
[2025-08-17T01:04:39.253+0000] {processor.py:840} INFO - DAG(s) 'example_sla_dag' retrieved from /home/airflow/.local/lib/python3.12/site-packages/airflow/example_dags/example_sla_dag.py
[2025-08-17T01:04:39.276+0000] {logging_mixin.py:188} INFO - [2025-08-17T01:04:39.276+0000] {dag.py:3089} INFO - Sync 1 DAGs
[2025-08-17T01:04:39.304+0000] {logging_mixin.py:188} INFO - [2025-08-17T01:04:39.303+0000] {dag.py:3947} INFO - Setting next_dagrun for example_sla_dag to 2025-08-17 01:02:00+00:00, run_after=2025-08-17 01:04:00+00:00
[2025-08-17T01:04:39.326+0000] {processor.py:183} INFO - Processing /home/airflow/.local/lib/python3.12/site-packages/airflow/example_dags/example_sla_dag.py took 0.092 seconds
[2025-08-17T01:05:10.065+0000] {processor.py:161} INFO - Started process (PID=511) to work on /home/airflow/.local/lib/python3.12/site-packages/airflow/example_dags/example_sla_dag.py
[2025-08-17T01:05:10.067+0000] {processor.py:830} INFO - Processing file /home/airflow/.local/lib/python3.12/site-packages/airflow/example_dags/example_sla_dag.py for tasks to queue
[2025-08-17T01:05:10.070+0000] {logging_mixin.py:188} INFO - [2025-08-17T01:05:10.069+0000] {dagbag.py:545} INFO - Filling up the DagBag from /home/airflow/.local/lib/python3.12/site-packages/airflow/example_dags/example_sla_dag.py
[2025-08-17T01:05:10.079+0000] {processor.py:840} INFO - DAG(s) 'example_sla_dag' retrieved from /home/airflow/.local/lib/python3.12/site-packages/airflow/example_dags/example_sla_dag.py
[2025-08-17T01:05:10.102+0000] {logging_mixin.py:188} INFO - [2025-08-17T01:05:10.101+0000] {dag.py:3089} INFO - Sync 1 DAGs
[2025-08-17T01:05:10.126+0000] {logging_mixin.py:188} INFO - [2025-08-17T01:05:10.126+0000] {dag.py:3947} INFO - Setting next_dagrun for example_sla_dag to 2025-08-17 01:02:00+00:00, run_after=2025-08-17 01:04:00+00:00
[2025-08-17T01:05:10.145+0000] {processor.py:183} INFO - Processing /home/airflow/.local/lib/python3.12/site-packages/airflow/example_dags/example_sla_dag.py took 0.086 seconds
[2025-08-17T01:05:40.639+0000] {processor.py:161} INFO - Started process (PID=570) to work on /home/airflow/.local/lib/python3.12/site-packages/airflow/example_dags/example_sla_dag.py
[2025-08-17T01:05:40.640+0000] {processor.py:830} INFO - Processing file /home/airflow/.local/lib/python3.12/site-packages/airflow/example_dags/example_sla_dag.py for tasks to queue
[2025-08-17T01:05:40.643+0000] {logging_mixin.py:188} INFO - [2025-08-17T01:05:40.642+0000] {dagbag.py:545} INFO - Filling up the DagBag from /home/airflow/.local/lib/python3.12/site-packages/airflow/example_dags/example_sla_dag.py
[2025-08-17T01:05:40.653+0000] {processor.py:840} INFO - DAG(s) 'example_sla_dag' retrieved from /home/airflow/.local/lib/python3.12/site-packages/airflow/example_dags/example_sla_dag.py
[2025-08-17T01:05:40.676+0000] {logging_mixin.py:188} INFO - [2025-08-17T01:05:40.675+0000] {dag.py:3089} INFO - Sync 1 DAGs
[2025-08-17T01:05:40.700+0000] {logging_mixin.py:188} INFO - [2025-08-17T01:05:40.699+0000] {dag.py:3947} INFO - Setting next_dagrun for example_sla_dag to 2025-08-17 01:02:00+00:00, run_after=2025-08-17 01:04:00+00:00
[2025-08-17T01:05:40.721+0000] {processor.py:183} INFO - Processing /home/airflow/.local/lib/python3.12/site-packages/airflow/example_dags/example_sla_dag.py took 0.089 seconds
[2025-08-17T01:06:11.656+0000] {processor.py:161} INFO - Started process (PID=629) to work on /home/airflow/.local/lib/python3.12/site-packages/airflow/example_dags/example_sla_dag.py
[2025-08-17T01:06:11.658+0000] {processor.py:830} INFO - Processing file /home/airflow/.local/lib/python3.12/site-packages/airflow/example_dags/example_sla_dag.py for tasks to queue
[2025-08-17T01:06:11.660+0000] {logging_mixin.py:188} INFO - [2025-08-17T01:06:11.660+0000] {dagbag.py:545} INFO - Filling up the DagBag from /home/airflow/.local/lib/python3.12/site-packages/airflow/example_dags/example_sla_dag.py
[2025-08-17T01:06:11.671+0000] {processor.py:840} INFO - DAG(s) 'example_sla_dag' retrieved from /home/airflow/.local/lib/python3.12/site-packages/airflow/example_dags/example_sla_dag.py
[2025-08-17T01:06:11.696+0000] {logging_mixin.py:188} INFO - [2025-08-17T01:06:11.696+0000] {dag.py:3089} INFO - Sync 1 DAGs
[2025-08-17T01:06:11.729+0000] {logging_mixin.py:188} INFO - [2025-08-17T01:06:11.728+0000] {dag.py:3947} INFO - Setting next_dagrun for example_sla_dag to 2025-08-17 01:04:00+00:00, run_after=2025-08-17 01:06:00+00:00
[2025-08-17T01:06:11.753+0000] {processor.py:183} INFO - Processing /home/airflow/.local/lib/python3.12/site-packages/airflow/example_dags/example_sla_dag.py took 0.104 seconds
[2025-08-17T01:06:41.842+0000] {processor.py:161} INFO - Started process (PID=688) to work on /home/airflow/.local/lib/python3.12/site-packages/airflow/example_dags/example_sla_dag.py
[2025-08-17T01:06:41.843+0000] {processor.py:830} INFO - Processing file /home/airflow/.local/lib/python3.12/site-packages/airflow/example_dags/example_sla_dag.py for tasks to queue
[2025-08-17T01:06:41.846+0000] {logging_mixin.py:188} INFO - [2025-08-17T01:06:41.845+0000] {dagbag.py:545} INFO - Filling up the DagBag from /home/airflow/.local/lib/python3.12/site-packages/airflow/example_dags/example_sla_dag.py
[2025-08-17T01:06:41.856+0000] {processor.py:840} INFO - DAG(s) 'example_sla_dag' retrieved from /home/airflow/.local/lib/python3.12/site-packages/airflow/example_dags/example_sla_dag.py
[2025-08-17T01:06:41.881+0000] {logging_mixin.py:188} INFO - [2025-08-17T01:06:41.881+0000] {dag.py:3089} INFO - Sync 1 DAGs
[2025-08-17T01:06:41.910+0000] {logging_mixin.py:188} INFO - [2025-08-17T01:06:41.910+0000] {dag.py:3947} INFO - Setting next_dagrun for example_sla_dag to 2025-08-17 01:04:00+00:00, run_after=2025-08-17 01:06:00+00:00
[2025-08-17T01:06:41.933+0000] {processor.py:183} INFO - Processing /home/airflow/.local/lib/python3.12/site-packages/airflow/example_dags/example_sla_dag.py took 0.099 seconds
[2025-08-17T01:07:12.977+0000] {processor.py:161} INFO - Started process (PID=747) to work on /home/airflow/.local/lib/python3.12/site-packages/airflow/example_dags/example_sla_dag.py
[2025-08-17T01:07:12.979+0000] {processor.py:830} INFO - Processing file /home/airflow/.local/lib/python3.12/site-packages/airflow/example_dags/example_sla_dag.py for tasks to queue
[2025-08-17T01:07:12.981+0000] {logging_mixin.py:188} INFO - [2025-08-17T01:07:12.981+0000] {dagbag.py:545} INFO - Filling up the DagBag from /home/airflow/.local/lib/python3.12/site-packages/airflow/example_dags/example_sla_dag.py
[2025-08-17T01:07:12.989+0000] {processor.py:840} INFO - DAG(s) 'example_sla_dag' retrieved from /home/airflow/.local/lib/python3.12/site-packages/airflow/example_dags/example_sla_dag.py
[2025-08-17T01:07:13.012+0000] {logging_mixin.py:188} INFO - [2025-08-17T01:07:13.011+0000] {dag.py:3089} INFO - Sync 1 DAGs
[2025-08-17T01:07:13.034+0000] {logging_mixin.py:188} INFO - [2025-08-17T01:07:13.034+0000] {dag.py:3947} INFO - Setting next_dagrun for example_sla_dag to 2025-08-17 01:04:00+00:00, run_after=2025-08-17 01:06:00+00:00
[2025-08-17T01:07:13.054+0000] {processor.py:183} INFO - Processing /home/airflow/.local/lib/python3.12/site-packages/airflow/example_dags/example_sla_dag.py took 0.082 seconds
[2025-08-17T01:07:43.589+0000] {processor.py:161} INFO - Started process (PID=807) to work on /home/airflow/.local/lib/python3.12/site-packages/airflow/example_dags/example_sla_dag.py
[2025-08-17T01:07:43.591+0000] {processor.py:830} INFO - Processing file /home/airflow/.local/lib/python3.12/site-packages/airflow/example_dags/example_sla_dag.py for tasks to queue
[2025-08-17T01:07:43.594+0000] {logging_mixin.py:188} INFO - [2025-08-17T01:07:43.594+0000] {dagbag.py:545} INFO - Filling up the DagBag from /home/airflow/.local/lib/python3.12/site-packages/airflow/example_dags/example_sla_dag.py
[2025-08-17T01:07:43.608+0000] {processor.py:840} INFO - DAG(s) 'example_sla_dag' retrieved from /home/airflow/.local/lib/python3.12/site-packages/airflow/example_dags/example_sla_dag.py
[2025-08-17T01:07:43.638+0000] {logging_mixin.py:188} INFO - [2025-08-17T01:07:43.638+0000] {dag.py:3089} INFO - Sync 1 DAGs
[2025-08-17T01:07:43.669+0000] {logging_mixin.py:188} INFO - [2025-08-17T01:07:43.669+0000] {dag.py:3947} INFO - Setting next_dagrun for example_sla_dag to 2025-08-17 01:04:00+00:00, run_after=2025-08-17 01:06:00+00:00
[2025-08-17T01:07:43.692+0000] {processor.py:183} INFO - Processing /home/airflow/.local/lib/python3.12/site-packages/airflow/example_dags/example_sla_dag.py took 0.113 seconds
[2025-08-17T01:08:14.246+0000] {processor.py:161} INFO - Started process (PID=866) to work on /home/airflow/.local/lib/python3.12/site-packages/airflow/example_dags/example_sla_dag.py
[2025-08-17T01:08:14.248+0000] {processor.py:830} INFO - Processing file /home/airflow/.local/lib/python3.12/site-packages/airflow/example_dags/example_sla_dag.py for tasks to queue
[2025-08-17T01:08:14.251+0000] {logging_mixin.py:188} INFO - [2025-08-17T01:08:14.250+0000] {dagbag.py:545} INFO - Filling up the DagBag from /home/airflow/.local/lib/python3.12/site-packages/airflow/example_dags/example_sla_dag.py
[2025-08-17T01:08:14.258+0000] {processor.py:840} INFO - DAG(s) 'example_sla_dag' retrieved from /home/airflow/.local/lib/python3.12/site-packages/airflow/example_dags/example_sla_dag.py
[2025-08-17T01:08:14.281+0000] {logging_mixin.py:188} INFO - [2025-08-17T01:08:14.281+0000] {dag.py:3089} INFO - Sync 1 DAGs
[2025-08-17T01:08:14.306+0000] {logging_mixin.py:188} INFO - [2025-08-17T01:08:14.306+0000] {dag.py:3947} INFO - Setting next_dagrun for example_sla_dag to 2025-08-17 01:06:00+00:00, run_after=2025-08-17 01:08:00+00:00
[2025-08-17T01:08:14.327+0000] {processor.py:183} INFO - Processing /home/airflow/.local/lib/python3.12/site-packages/airflow/example_dags/example_sla_dag.py took 0.086 seconds
[2025-08-17T01:08:44.642+0000] {processor.py:161} INFO - Started process (PID=925) to work on /home/airflow/.local/lib/python3.12/site-packages/airflow/example_dags/example_sla_dag.py
[2025-08-17T01:08:44.644+0000] {processor.py:830} INFO - Processing file /home/airflow/.local/lib/python3.12/site-packages/airflow/example_dags/example_sla_dag.py for tasks to queue
[2025-08-17T01:08:44.646+0000] {logging_mixin.py:188} INFO - [2025-08-17T01:08:44.645+0000] {dagbag.py:545} INFO - Filling up the DagBag from /home/airflow/.local/lib/python3.12/site-packages/airflow/example_dags/example_sla_dag.py
[2025-08-17T01:08:44.654+0000] {processor.py:840} INFO - DAG(s) 'example_sla_dag' retrieved from /home/airflow/.local/lib/python3.12/site-packages/airflow/example_dags/example_sla_dag.py
[2025-08-17T01:08:44.677+0000] {logging_mixin.py:188} INFO - [2025-08-17T01:08:44.677+0000] {dag.py:3089} INFO - Sync 1 DAGs
[2025-08-17T01:08:44.701+0000] {logging_mixin.py:188} INFO - [2025-08-17T01:08:44.701+0000] {dag.py:3947} INFO - Setting next_dagrun for example_sla_dag to 2025-08-17 01:06:00+00:00, run_after=2025-08-17 01:08:00+00:00
[2025-08-17T01:08:44.720+0000] {processor.py:183} INFO - Processing /home/airflow/.local/lib/python3.12/site-packages/airflow/example_dags/example_sla_dag.py took 0.083 seconds
[2025-08-17T01:09:15.503+0000] {processor.py:161} INFO - Started process (PID=984) to work on /home/airflow/.local/lib/python3.12/site-packages/airflow/example_dags/example_sla_dag.py
[2025-08-17T01:09:15.505+0000] {processor.py:830} INFO - Processing file /home/airflow/.local/lib/python3.12/site-packages/airflow/example_dags/example_sla_dag.py for tasks to queue
[2025-08-17T01:09:15.507+0000] {logging_mixin.py:188} INFO - [2025-08-17T01:09:15.507+0000] {dagbag.py:545} INFO - Filling up the DagBag from /home/airflow/.local/lib/python3.12/site-packages/airflow/example_dags/example_sla_dag.py
[2025-08-17T01:09:15.517+0000] {processor.py:840} INFO - DAG(s) 'example_sla_dag' retrieved from /home/airflow/.local/lib/python3.12/site-packages/airflow/example_dags/example_sla_dag.py
[2025-08-17T01:09:15.543+0000] {logging_mixin.py:188} INFO - [2025-08-17T01:09:15.543+0000] {dag.py:3089} INFO - Sync 1 DAGs
[2025-08-17T01:09:15.575+0000] {logging_mixin.py:188} INFO - [2025-08-17T01:09:15.575+0000] {dag.py:3947} INFO - Setting next_dagrun for example_sla_dag to 2025-08-17 01:06:00+00:00, run_after=2025-08-17 01:08:00+00:00
[2025-08-17T01:09:15.598+0000] {processor.py:183} INFO - Processing /home/airflow/.local/lib/python3.12/site-packages/airflow/example_dags/example_sla_dag.py took 0.102 seconds
[2025-08-17T01:09:46.260+0000] {processor.py:161} INFO - Started process (PID=1043) to work on /home/airflow/.local/lib/python3.12/site-packages/airflow/example_dags/example_sla_dag.py
[2025-08-17T01:09:46.261+0000] {processor.py:830} INFO - Processing file /home/airflow/.local/lib/python3.12/site-packages/airflow/example_dags/example_sla_dag.py for tasks to queue
[2025-08-17T01:09:46.263+0000] {logging_mixin.py:188} INFO - [2025-08-17T01:09:46.263+0000] {dagbag.py:545} INFO - Filling up the DagBag from /home/airflow/.local/lib/python3.12/site-packages/airflow/example_dags/example_sla_dag.py
[2025-08-17T01:09:46.272+0000] {processor.py:840} INFO - DAG(s) 'example_sla_dag' retrieved from /home/airflow/.local/lib/python3.12/site-packages/airflow/example_dags/example_sla_dag.py
[2025-08-17T01:09:46.294+0000] {logging_mixin.py:188} INFO - [2025-08-17T01:09:46.294+0000] {dag.py:3089} INFO - Sync 1 DAGs
[2025-08-17T01:09:46.319+0000] {logging_mixin.py:188} INFO - [2025-08-17T01:09:46.318+0000] {dag.py:3947} INFO - Setting next_dagrun for example_sla_dag to 2025-08-17 01:06:00+00:00, run_after=2025-08-17 01:08:00+00:00
[2025-08-17T01:09:46.339+0000] {processor.py:183} INFO - Processing /home/airflow/.local/lib/python3.12/site-packages/airflow/example_dags/example_sla_dag.py took 0.085 seconds
[2025-08-17T01:10:16.603+0000] {processor.py:161} INFO - Started process (PID=1103) to work on /home/airflow/.local/lib/python3.12/site-packages/airflow/example_dags/example_sla_dag.py
[2025-08-17T01:10:16.604+0000] {processor.py:830} INFO - Processing file /home/airflow/.local/lib/python3.12/site-packages/airflow/example_dags/example_sla_dag.py for tasks to queue
[2025-08-17T01:10:16.606+0000] {logging_mixin.py:188} INFO - [2025-08-17T01:10:16.606+0000] {dagbag.py:545} INFO - Filling up the DagBag from /home/airflow/.local/lib/python3.12/site-packages/airflow/example_dags/example_sla_dag.py
[2025-08-17T01:10:16.614+0000] {processor.py:840} INFO - DAG(s) 'example_sla_dag' retrieved from /home/airflow/.local/lib/python3.12/site-packages/airflow/example_dags/example_sla_dag.py
[2025-08-17T01:10:16.638+0000] {logging_mixin.py:188} INFO - [2025-08-17T01:10:16.638+0000] {dag.py:3089} INFO - Sync 1 DAGs
[2025-08-17T01:10:16.661+0000] {logging_mixin.py:188} INFO - [2025-08-17T01:10:16.661+0000] {dag.py:3947} INFO - Setting next_dagrun for example_sla_dag to 2025-08-17 01:08:00+00:00, run_after=2025-08-17 01:10:00+00:00
[2025-08-17T01:10:16.680+0000] {processor.py:183} INFO - Processing /home/airflow/.local/lib/python3.12/site-packages/airflow/example_dags/example_sla_dag.py took 0.083 seconds
[2025-08-17T01:10:46.883+0000] {processor.py:161} INFO - Started process (PID=1162) to work on /home/airflow/.local/lib/python3.12/site-packages/airflow/example_dags/example_sla_dag.py
[2025-08-17T01:10:46.885+0000] {processor.py:830} INFO - Processing file /home/airflow/.local/lib/python3.12/site-packages/airflow/example_dags/example_sla_dag.py for tasks to queue
[2025-08-17T01:10:46.888+0000] {logging_mixin.py:188} INFO - [2025-08-17T01:10:46.888+0000] {dagbag.py:545} INFO - Filling up the DagBag from /home/airflow/.local/lib/python3.12/site-packages/airflow/example_dags/example_sla_dag.py
[2025-08-17T01:10:46.897+0000] {processor.py:840} INFO - DAG(s) 'example_sla_dag' retrieved from /home/airflow/.local/lib/python3.12/site-packages/airflow/example_dags/example_sla_dag.py
[2025-08-17T01:10:46.921+0000] {logging_mixin.py:188} INFO - [2025-08-17T01:10:46.921+0000] {dag.py:3089} INFO - Sync 1 DAGs
[2025-08-17T01:10:46.945+0000] {logging_mixin.py:188} INFO - [2025-08-17T01:10:46.945+0000] {dag.py:3947} INFO - Setting next_dagrun for example_sla_dag to 2025-08-17 01:08:00+00:00, run_after=2025-08-17 01:10:00+00:00
[2025-08-17T01:10:46.967+0000] {processor.py:183} INFO - Processing /home/airflow/.local/lib/python3.12/site-packages/airflow/example_dags/example_sla_dag.py took 0.090 seconds
[2025-08-17T01:11:17.254+0000] {processor.py:161} INFO - Started process (PID=1221) to work on /home/airflow/.local/lib/python3.12/site-packages/airflow/example_dags/example_sla_dag.py
[2025-08-17T01:11:17.256+0000] {processor.py:830} INFO - Processing file /home/airflow/.local/lib/python3.12/site-packages/airflow/example_dags/example_sla_dag.py for tasks to queue
[2025-08-17T01:11:17.257+0000] {logging_mixin.py:188} INFO - [2025-08-17T01:11:17.257+0000] {dagbag.py:545} INFO - Filling up the DagBag from /home/airflow/.local/lib/python3.12/site-packages/airflow/example_dags/example_sla_dag.py
[2025-08-17T01:11:17.266+0000] {processor.py:840} INFO - DAG(s) 'example_sla_dag' retrieved from /home/airflow/.local/lib/python3.12/site-packages/airflow/example_dags/example_sla_dag.py
[2025-08-17T01:11:17.288+0000] {logging_mixin.py:188} INFO - [2025-08-17T01:11:17.288+0000] {dag.py:3089} INFO - Sync 1 DAGs
[2025-08-17T01:11:17.312+0000] {logging_mixin.py:188} INFO - [2025-08-17T01:11:17.312+0000] {dag.py:3947} INFO - Setting next_dagrun for example_sla_dag to 2025-08-17 01:08:00+00:00, run_after=2025-08-17 01:10:00+00:00
[2025-08-17T01:11:17.333+0000] {processor.py:183} INFO - Processing /home/airflow/.local/lib/python3.12/site-packages/airflow/example_dags/example_sla_dag.py took 0.084 seconds
[2025-08-17T01:11:48.015+0000] {processor.py:161} INFO - Started process (PID=1280) to work on /home/airflow/.local/lib/python3.12/site-packages/airflow/example_dags/example_sla_dag.py
[2025-08-17T01:11:48.016+0000] {processor.py:830} INFO - Processing file /home/airflow/.local/lib/python3.12/site-packages/airflow/example_dags/example_sla_dag.py for tasks to queue
[2025-08-17T01:11:48.018+0000] {logging_mixin.py:188} INFO - [2025-08-17T01:11:48.018+0000] {dagbag.py:545} INFO - Filling up the DagBag from /home/airflow/.local/lib/python3.12/site-packages/airflow/example_dags/example_sla_dag.py
[2025-08-17T01:11:48.027+0000] {processor.py:840} INFO - DAG(s) 'example_sla_dag' retrieved from /home/airflow/.local/lib/python3.12/site-packages/airflow/example_dags/example_sla_dag.py
[2025-08-17T01:11:48.050+0000] {logging_mixin.py:188} INFO - [2025-08-17T01:11:48.050+0000] {dag.py:3089} INFO - Sync 1 DAGs
[2025-08-17T01:11:48.074+0000] {logging_mixin.py:188} INFO - [2025-08-17T01:11:48.074+0000] {dag.py:3947} INFO - Setting next_dagrun for example_sla_dag to 2025-08-17 01:08:00+00:00, run_after=2025-08-17 01:10:00+00:00
[2025-08-17T01:11:48.094+0000] {processor.py:183} INFO - Processing /home/airflow/.local/lib/python3.12/site-packages/airflow/example_dags/example_sla_dag.py took 0.086 seconds
[2025-08-17T01:12:18.447+0000] {processor.py:161} INFO - Started process (PID=1339) to work on /home/airflow/.local/lib/python3.12/site-packages/airflow/example_dags/example_sla_dag.py
[2025-08-17T01:12:18.448+0000] {processor.py:830} INFO - Processing file /home/airflow/.local/lib/python3.12/site-packages/airflow/example_dags/example_sla_dag.py for tasks to queue
[2025-08-17T01:12:18.451+0000] {logging_mixin.py:188} INFO - [2025-08-17T01:12:18.451+0000] {dagbag.py:545} INFO - Filling up the DagBag from /home/airflow/.local/lib/python3.12/site-packages/airflow/example_dags/example_sla_dag.py
[2025-08-17T01:12:18.460+0000] {processor.py:840} INFO - DAG(s) 'example_sla_dag' retrieved from /home/airflow/.local/lib/python3.12/site-packages/airflow/example_dags/example_sla_dag.py
[2025-08-17T01:12:18.486+0000] {logging_mixin.py:188} INFO - [2025-08-17T01:12:18.486+0000] {dag.py:3089} INFO - Sync 1 DAGs
[2025-08-17T01:12:18.513+0000] {logging_mixin.py:188} INFO - [2025-08-17T01:12:18.513+0000] {dag.py:3947} INFO - Setting next_dagrun for example_sla_dag to 2025-08-17 01:10:00+00:00, run_after=2025-08-17 01:12:00+00:00
[2025-08-17T01:12:18.538+0000] {processor.py:183} INFO - Processing /home/airflow/.local/lib/python3.12/site-packages/airflow/example_dags/example_sla_dag.py took 0.098 seconds
[2025-08-17T01:12:49.570+0000] {processor.py:161} INFO - Started process (PID=1398) to work on /home/airflow/.local/lib/python3.12/site-packages/airflow/example_dags/example_sla_dag.py
[2025-08-17T01:12:49.572+0000] {processor.py:830} INFO - Processing file /home/airflow/.local/lib/python3.12/site-packages/airflow/example_dags/example_sla_dag.py for tasks to queue
[2025-08-17T01:12:49.574+0000] {logging_mixin.py:188} INFO - [2025-08-17T01:12:49.574+0000] {dagbag.py:545} INFO - Filling up the DagBag from /home/airflow/.local/lib/python3.12/site-packages/airflow/example_dags/example_sla_dag.py
[2025-08-17T01:12:49.582+0000] {processor.py:840} INFO - DAG(s) 'example_sla_dag' retrieved from /home/airflow/.local/lib/python3.12/site-packages/airflow/example_dags/example_sla_dag.py
[2025-08-17T01:12:49.603+0000] {logging_mixin.py:188} INFO - [2025-08-17T01:12:49.603+0000] {dag.py:3089} INFO - Sync 1 DAGs
[2025-08-17T01:12:49.628+0000] {logging_mixin.py:188} INFO - [2025-08-17T01:12:49.628+0000] {dag.py:3947} INFO - Setting next_dagrun for example_sla_dag to 2025-08-17 01:10:00+00:00, run_after=2025-08-17 01:12:00+00:00
[2025-08-17T01:12:49.649+0000] {processor.py:183} INFO - Processing /home/airflow/.local/lib/python3.12/site-packages/airflow/example_dags/example_sla_dag.py took 0.086 seconds
[2025-08-17T01:13:19.849+0000] {processor.py:161} INFO - Started process (PID=1458) to work on /home/airflow/.local/lib/python3.12/site-packages/airflow/example_dags/example_sla_dag.py
[2025-08-17T01:13:19.850+0000] {processor.py:830} INFO - Processing file /home/airflow/.local/lib/python3.12/site-packages/airflow/example_dags/example_sla_dag.py for tasks to queue
[2025-08-17T01:13:19.854+0000] {logging_mixin.py:188} INFO - [2025-08-17T01:13:19.853+0000] {dagbag.py:545} INFO - Filling up the DagBag from /home/airflow/.local/lib/python3.12/site-packages/airflow/example_dags/example_sla_dag.py
[2025-08-17T01:13:19.864+0000] {processor.py:840} INFO - DAG(s) 'example_sla_dag' retrieved from /home/airflow/.local/lib/python3.12/site-packages/airflow/example_dags/example_sla_dag.py
[2025-08-17T01:13:19.887+0000] {logging_mixin.py:188} INFO - [2025-08-17T01:13:19.886+0000] {dag.py:3089} INFO - Sync 1 DAGs
[2025-08-17T01:13:19.910+0000] {logging_mixin.py:188} INFO - [2025-08-17T01:13:19.909+0000] {dag.py:3947} INFO - Setting next_dagrun for example_sla_dag to 2025-08-17 01:10:00+00:00, run_after=2025-08-17 01:12:00+00:00
[2025-08-17T01:13:19.929+0000] {processor.py:183} INFO - Processing /home/airflow/.local/lib/python3.12/site-packages/airflow/example_dags/example_sla_dag.py took 0.085 seconds
[2025-08-17T01:13:50.339+0000] {processor.py:161} INFO - Started process (PID=1516) to work on /home/airflow/.local/lib/python3.12/site-packages/airflow/example_dags/example_sla_dag.py
[2025-08-17T01:13:50.340+0000] {processor.py:830} INFO - Processing file /home/airflow/.local/lib/python3.12/site-packages/airflow/example_dags/example_sla_dag.py for tasks to queue
[2025-08-17T01:13:50.343+0000] {logging_mixin.py:188} INFO - [2025-08-17T01:13:50.342+0000] {dagbag.py:545} INFO - Filling up the DagBag from /home/airflow/.local/lib/python3.12/site-packages/airflow/example_dags/example_sla_dag.py
[2025-08-17T01:13:50.351+0000] {processor.py:840} INFO - DAG(s) 'example_sla_dag' retrieved from /home/airflow/.local/lib/python3.12/site-packages/airflow/example_dags/example_sla_dag.py
[2025-08-17T01:13:50.372+0000] {logging_mixin.py:188} INFO - [2025-08-17T01:13:50.372+0000] {dag.py:3089} INFO - Sync 1 DAGs
[2025-08-17T01:13:50.395+0000] {logging_mixin.py:188} INFO - [2025-08-17T01:13:50.394+0000] {dag.py:3947} INFO - Setting next_dagrun for example_sla_dag to 2025-08-17 01:10:00+00:00, run_after=2025-08-17 01:12:00+00:00
[2025-08-17T01:13:50.413+0000] {processor.py:183} INFO - Processing /home/airflow/.local/lib/python3.12/site-packages/airflow/example_dags/example_sla_dag.py took 0.080 seconds
[2025-08-17T01:14:21.189+0000] {processor.py:161} INFO - Started process (PID=1575) to work on /home/airflow/.local/lib/python3.12/site-packages/airflow/example_dags/example_sla_dag.py
[2025-08-17T01:14:21.191+0000] {processor.py:830} INFO - Processing file /home/airflow/.local/lib/python3.12/site-packages/airflow/example_dags/example_sla_dag.py for tasks to queue
[2025-08-17T01:14:21.194+0000] {logging_mixin.py:188} INFO - [2025-08-17T01:14:21.193+0000] {dagbag.py:545} INFO - Filling up the DagBag from /home/airflow/.local/lib/python3.12/site-packages/airflow/example_dags/example_sla_dag.py
[2025-08-17T01:14:21.202+0000] {processor.py:840} INFO - DAG(s) 'example_sla_dag' retrieved from /home/airflow/.local/lib/python3.12/site-packages/airflow/example_dags/example_sla_dag.py
[2025-08-17T01:14:21.228+0000] {logging_mixin.py:188} INFO - [2025-08-17T01:14:21.227+0000] {dag.py:3089} INFO - Sync 1 DAGs
[2025-08-17T01:14:21.255+0000] {logging_mixin.py:188} INFO - [2025-08-17T01:14:21.255+0000] {dag.py:3947} INFO - Setting next_dagrun for example_sla_dag to 2025-08-17 01:12:00+00:00, run_after=2025-08-17 01:14:00+00:00
[2025-08-17T01:14:21.276+0000] {processor.py:183} INFO - Processing /home/airflow/.local/lib/python3.12/site-packages/airflow/example_dags/example_sla_dag.py took 0.092 seconds
[2025-08-17T01:14:51.477+0000] {processor.py:161} INFO - Started process (PID=1634) to work on /home/airflow/.local/lib/python3.12/site-packages/airflow/example_dags/example_sla_dag.py
[2025-08-17T01:14:51.479+0000] {processor.py:830} INFO - Processing file /home/airflow/.local/lib/python3.12/site-packages/airflow/example_dags/example_sla_dag.py for tasks to queue
[2025-08-17T01:14:51.481+0000] {logging_mixin.py:188} INFO - [2025-08-17T01:14:51.481+0000] {dagbag.py:545} INFO - Filling up the DagBag from /home/airflow/.local/lib/python3.12/site-packages/airflow/example_dags/example_sla_dag.py
[2025-08-17T01:14:51.490+0000] {processor.py:840} INFO - DAG(s) 'example_sla_dag' retrieved from /home/airflow/.local/lib/python3.12/site-packages/airflow/example_dags/example_sla_dag.py
[2025-08-17T01:14:51.514+0000] {logging_mixin.py:188} INFO - [2025-08-17T01:14:51.513+0000] {dag.py:3089} INFO - Sync 1 DAGs
[2025-08-17T01:14:51.538+0000] {logging_mixin.py:188} INFO - [2025-08-17T01:14:51.538+0000] {dag.py:3947} INFO - Setting next_dagrun for example_sla_dag to 2025-08-17 01:12:00+00:00, run_after=2025-08-17 01:14:00+00:00
[2025-08-17T01:14:51.559+0000] {processor.py:183} INFO - Processing /home/airflow/.local/lib/python3.12/site-packages/airflow/example_dags/example_sla_dag.py took 0.088 seconds
[2025-08-17T01:15:21.751+0000] {processor.py:161} INFO - Started process (PID=1693) to work on /home/airflow/.local/lib/python3.12/site-packages/airflow/example_dags/example_sla_dag.py
[2025-08-17T01:15:21.752+0000] {processor.py:830} INFO - Processing file /home/airflow/.local/lib/python3.12/site-packages/airflow/example_dags/example_sla_dag.py for tasks to queue
[2025-08-17T01:15:21.755+0000] {logging_mixin.py:188} INFO - [2025-08-17T01:15:21.754+0000] {dagbag.py:545} INFO - Filling up the DagBag from /home/airflow/.local/lib/python3.12/site-packages/airflow/example_dags/example_sla_dag.py
[2025-08-17T01:15:21.763+0000] {processor.py:840} INFO - DAG(s) 'example_sla_dag' retrieved from /home/airflow/.local/lib/python3.12/site-packages/airflow/example_dags/example_sla_dag.py
[2025-08-17T01:15:21.785+0000] {logging_mixin.py:188} INFO - [2025-08-17T01:15:21.785+0000] {dag.py:3089} INFO - Sync 1 DAGs
[2025-08-17T01:15:21.808+0000] {logging_mixin.py:188} INFO - [2025-08-17T01:15:21.808+0000] {dag.py:3947} INFO - Setting next_dagrun for example_sla_dag to 2025-08-17 01:12:00+00:00, run_after=2025-08-17 01:14:00+00:00
[2025-08-17T01:15:21.826+0000] {processor.py:183} INFO - Processing /home/airflow/.local/lib/python3.12/site-packages/airflow/example_dags/example_sla_dag.py took 0.080 seconds
[2025-08-17T01:15:53.030+0000] {processor.py:161} INFO - Started process (PID=1752) to work on /home/airflow/.local/lib/python3.12/site-packages/airflow/example_dags/example_sla_dag.py
[2025-08-17T01:15:53.032+0000] {processor.py:830} INFO - Processing file /home/airflow/.local/lib/python3.12/site-packages/airflow/example_dags/example_sla_dag.py for tasks to queue
[2025-08-17T01:15:53.035+0000] {logging_mixin.py:188} INFO - [2025-08-17T01:15:53.034+0000] {dagbag.py:545} INFO - Filling up the DagBag from /home/airflow/.local/lib/python3.12/site-packages/airflow/example_dags/example_sla_dag.py
[2025-08-17T01:15:53.048+0000] {processor.py:840} INFO - DAG(s) 'example_sla_dag' retrieved from /home/airflow/.local/lib/python3.12/site-packages/airflow/example_dags/example_sla_dag.py
[2025-08-17T01:15:53.083+0000] {logging_mixin.py:188} INFO - [2025-08-17T01:15:53.083+0000] {dag.py:3089} INFO - Sync 1 DAGs
[2025-08-17T01:15:53.388+0000] {logging_mixin.py:188} INFO - [2025-08-17T01:15:53.388+0000] {dag.py:3947} INFO - Setting next_dagrun for example_sla_dag to 2025-08-17 01:12:00+00:00, run_after=2025-08-17 01:14:00+00:00
[2025-08-17T01:15:53.419+0000] {processor.py:183} INFO - Processing /home/airflow/.local/lib/python3.12/site-packages/airflow/example_dags/example_sla_dag.py took 0.398 seconds
[2025-08-17T01:16:23.647+0000] {processor.py:161} INFO - Started process (PID=1811) to work on /home/airflow/.local/lib/python3.12/site-packages/airflow/example_dags/example_sla_dag.py
[2025-08-17T01:16:23.649+0000] {processor.py:830} INFO - Processing file /home/airflow/.local/lib/python3.12/site-packages/airflow/example_dags/example_sla_dag.py for tasks to queue
[2025-08-17T01:16:23.651+0000] {logging_mixin.py:188} INFO - [2025-08-17T01:16:23.650+0000] {dagbag.py:545} INFO - Filling up the DagBag from /home/airflow/.local/lib/python3.12/site-packages/airflow/example_dags/example_sla_dag.py
[2025-08-17T01:16:23.661+0000] {processor.py:840} INFO - DAG(s) 'example_sla_dag' retrieved from /home/airflow/.local/lib/python3.12/site-packages/airflow/example_dags/example_sla_dag.py
[2025-08-17T01:16:23.685+0000] {logging_mixin.py:188} INFO - [2025-08-17T01:16:23.684+0000] {dag.py:3089} INFO - Sync 1 DAGs
[2025-08-17T01:16:23.856+0000] {logging_mixin.py:188} INFO - [2025-08-17T01:16:23.856+0000] {dag.py:3947} INFO - Setting next_dagrun for example_sla_dag to 2025-08-17 01:14:00+00:00, run_after=2025-08-17 01:16:00+00:00
[2025-08-17T01:16:23.875+0000] {processor.py:183} INFO - Processing /home/airflow/.local/lib/python3.12/site-packages/airflow/example_dags/example_sla_dag.py took 0.234 seconds
[2025-08-17T01:17:41.801+0000] {processor.py:161} INFO - Started process (PID=104) to work on /home/airflow/.local/lib/python3.12/site-packages/airflow/example_dags/example_sla_dag.py
[2025-08-17T01:17:41.803+0000] {processor.py:830} INFO - Processing file /home/airflow/.local/lib/python3.12/site-packages/airflow/example_dags/example_sla_dag.py for tasks to queue
[2025-08-17T01:17:41.807+0000] {logging_mixin.py:188} INFO - [2025-08-17T01:17:41.806+0000] {dagbag.py:545} INFO - Filling up the DagBag from /home/airflow/.local/lib/python3.12/site-packages/airflow/example_dags/example_sla_dag.py
[2025-08-17T01:17:41.822+0000] {processor.py:840} INFO - DAG(s) 'example_sla_dag' retrieved from /home/airflow/.local/lib/python3.12/site-packages/airflow/example_dags/example_sla_dag.py
[2025-08-17T01:17:41.968+0000] {logging_mixin.py:188} INFO - [2025-08-17T01:17:41.968+0000] {dag.py:3089} INFO - Sync 1 DAGs
[2025-08-17T01:17:42.002+0000] {logging_mixin.py:188} INFO - [2025-08-17T01:17:42.002+0000] {dag.py:3947} INFO - Setting next_dagrun for example_sla_dag to 2025-08-17 01:14:00+00:00, run_after=2025-08-17 01:16:00+00:00
[2025-08-17T01:17:42.034+0000] {processor.py:183} INFO - Processing /home/airflow/.local/lib/python3.12/site-packages/airflow/example_dags/example_sla_dag.py took 0.242 seconds
[2025-08-17T01:18:12.826+0000] {processor.py:161} INFO - Started process (PID=163) to work on /home/airflow/.local/lib/python3.12/site-packages/airflow/example_dags/example_sla_dag.py
[2025-08-17T01:18:12.827+0000] {processor.py:830} INFO - Processing file /home/airflow/.local/lib/python3.12/site-packages/airflow/example_dags/example_sla_dag.py for tasks to queue
[2025-08-17T01:18:12.830+0000] {logging_mixin.py:188} INFO - [2025-08-17T01:18:12.829+0000] {dagbag.py:545} INFO - Filling up the DagBag from /home/airflow/.local/lib/python3.12/site-packages/airflow/example_dags/example_sla_dag.py
[2025-08-17T01:18:12.839+0000] {processor.py:840} INFO - DAG(s) 'example_sla_dag' retrieved from /home/airflow/.local/lib/python3.12/site-packages/airflow/example_dags/example_sla_dag.py
[2025-08-17T01:18:12.864+0000] {logging_mixin.py:188} INFO - [2025-08-17T01:18:12.864+0000] {dag.py:3089} INFO - Sync 1 DAGs
[2025-08-17T01:18:12.897+0000] {logging_mixin.py:188} INFO - [2025-08-17T01:18:12.897+0000] {dag.py:3947} INFO - Setting next_dagrun for example_sla_dag to 2025-08-17 01:16:00+00:00, run_after=2025-08-17 01:18:00+00:00
[2025-08-17T01:18:12.927+0000] {processor.py:183} INFO - Processing /home/airflow/.local/lib/python3.12/site-packages/airflow/example_dags/example_sla_dag.py took 0.107 seconds
[2025-08-17T01:18:43.566+0000] {processor.py:161} INFO - Started process (PID=222) to work on /home/airflow/.local/lib/python3.12/site-packages/airflow/example_dags/example_sla_dag.py
[2025-08-17T01:18:43.567+0000] {processor.py:830} INFO - Processing file /home/airflow/.local/lib/python3.12/site-packages/airflow/example_dags/example_sla_dag.py for tasks to queue
[2025-08-17T01:18:43.570+0000] {logging_mixin.py:188} INFO - [2025-08-17T01:18:43.569+0000] {dagbag.py:545} INFO - Filling up the DagBag from /home/airflow/.local/lib/python3.12/site-packages/airflow/example_dags/example_sla_dag.py
[2025-08-17T01:18:43.581+0000] {processor.py:840} INFO - DAG(s) 'example_sla_dag' retrieved from /home/airflow/.local/lib/python3.12/site-packages/airflow/example_dags/example_sla_dag.py
[2025-08-17T01:18:43.609+0000] {logging_mixin.py:188} INFO - [2025-08-17T01:18:43.609+0000] {dag.py:3089} INFO - Sync 1 DAGs
[2025-08-17T01:18:43.635+0000] {logging_mixin.py:188} INFO - [2025-08-17T01:18:43.634+0000] {dag.py:3947} INFO - Setting next_dagrun for example_sla_dag to 2025-08-17 01:16:00+00:00, run_after=2025-08-17 01:18:00+00:00
[2025-08-17T01:18:43.654+0000] {processor.py:183} INFO - Processing /home/airflow/.local/lib/python3.12/site-packages/airflow/example_dags/example_sla_dag.py took 0.095 seconds
[2025-08-17T01:19:13.788+0000] {processor.py:161} INFO - Started process (PID=281) to work on /home/airflow/.local/lib/python3.12/site-packages/airflow/example_dags/example_sla_dag.py
[2025-08-17T01:19:13.789+0000] {processor.py:830} INFO - Processing file /home/airflow/.local/lib/python3.12/site-packages/airflow/example_dags/example_sla_dag.py for tasks to queue
[2025-08-17T01:19:13.792+0000] {logging_mixin.py:188} INFO - [2025-08-17T01:19:13.791+0000] {dagbag.py:545} INFO - Filling up the DagBag from /home/airflow/.local/lib/python3.12/site-packages/airflow/example_dags/example_sla_dag.py
[2025-08-17T01:19:13.801+0000] {processor.py:840} INFO - DAG(s) 'example_sla_dag' retrieved from /home/airflow/.local/lib/python3.12/site-packages/airflow/example_dags/example_sla_dag.py
[2025-08-17T01:19:13.826+0000] {logging_mixin.py:188} INFO - [2025-08-17T01:19:13.825+0000] {dag.py:3089} INFO - Sync 1 DAGs
[2025-08-17T01:19:13.851+0000] {logging_mixin.py:188} INFO - [2025-08-17T01:19:13.851+0000] {dag.py:3947} INFO - Setting next_dagrun for example_sla_dag to 2025-08-17 01:16:00+00:00, run_after=2025-08-17 01:18:00+00:00
[2025-08-17T01:19:13.871+0000] {processor.py:183} INFO - Processing /home/airflow/.local/lib/python3.12/site-packages/airflow/example_dags/example_sla_dag.py took 0.090 seconds
[2025-08-17T01:19:44.049+0000] {processor.py:161} INFO - Started process (PID=340) to work on /home/airflow/.local/lib/python3.12/site-packages/airflow/example_dags/example_sla_dag.py
[2025-08-17T01:19:44.050+0000] {processor.py:830} INFO - Processing file /home/airflow/.local/lib/python3.12/site-packages/airflow/example_dags/example_sla_dag.py for tasks to queue
[2025-08-17T01:19:44.052+0000] {logging_mixin.py:188} INFO - [2025-08-17T01:19:44.052+0000] {dagbag.py:545} INFO - Filling up the DagBag from /home/airflow/.local/lib/python3.12/site-packages/airflow/example_dags/example_sla_dag.py
[2025-08-17T01:19:44.061+0000] {processor.py:840} INFO - DAG(s) 'example_sla_dag' retrieved from /home/airflow/.local/lib/python3.12/site-packages/airflow/example_dags/example_sla_dag.py
[2025-08-17T01:19:44.084+0000] {logging_mixin.py:188} INFO - [2025-08-17T01:19:44.084+0000] {dag.py:3089} INFO - Sync 1 DAGs
[2025-08-17T01:19:44.109+0000] {logging_mixin.py:188} INFO - [2025-08-17T01:19:44.109+0000] {dag.py:3947} INFO - Setting next_dagrun for example_sla_dag to 2025-08-17 01:16:00+00:00, run_after=2025-08-17 01:18:00+00:00
[2025-08-17T01:19:44.129+0000] {processor.py:183} INFO - Processing /home/airflow/.local/lib/python3.12/site-packages/airflow/example_dags/example_sla_dag.py took 0.086 seconds
[2025-08-17T01:20:14.235+0000] {processor.py:161} INFO - Started process (PID=400) to work on /home/airflow/.local/lib/python3.12/site-packages/airflow/example_dags/example_sla_dag.py
[2025-08-17T01:20:14.236+0000] {processor.py:830} INFO - Processing file /home/airflow/.local/lib/python3.12/site-packages/airflow/example_dags/example_sla_dag.py for tasks to queue
[2025-08-17T01:20:14.239+0000] {logging_mixin.py:188} INFO - [2025-08-17T01:20:14.239+0000] {dagbag.py:545} INFO - Filling up the DagBag from /home/airflow/.local/lib/python3.12/site-packages/airflow/example_dags/example_sla_dag.py
[2025-08-17T01:20:14.249+0000] {processor.py:840} INFO - DAG(s) 'example_sla_dag' retrieved from /home/airflow/.local/lib/python3.12/site-packages/airflow/example_dags/example_sla_dag.py
[2025-08-17T01:20:14.271+0000] {logging_mixin.py:188} INFO - [2025-08-17T01:20:14.271+0000] {dag.py:3089} INFO - Sync 1 DAGs
[2025-08-17T01:20:14.295+0000] {logging_mixin.py:188} INFO - [2025-08-17T01:20:14.295+0000] {dag.py:3947} INFO - Setting next_dagrun for example_sla_dag to 2025-08-17 01:18:00+00:00, run_after=2025-08-17 01:20:00+00:00
[2025-08-17T01:20:14.316+0000] {processor.py:183} INFO - Processing /home/airflow/.local/lib/python3.12/site-packages/airflow/example_dags/example_sla_dag.py took 0.086 seconds
[2025-08-17T01:20:44.388+0000] {processor.py:161} INFO - Started process (PID=460) to work on /home/airflow/.local/lib/python3.12/site-packages/airflow/example_dags/example_sla_dag.py
[2025-08-17T01:20:44.389+0000] {processor.py:830} INFO - Processing file /home/airflow/.local/lib/python3.12/site-packages/airflow/example_dags/example_sla_dag.py for tasks to queue
[2025-08-17T01:20:44.391+0000] {logging_mixin.py:188} INFO - [2025-08-17T01:20:44.391+0000] {dagbag.py:545} INFO - Filling up the DagBag from /home/airflow/.local/lib/python3.12/site-packages/airflow/example_dags/example_sla_dag.py
[2025-08-17T01:20:44.400+0000] {processor.py:840} INFO - DAG(s) 'example_sla_dag' retrieved from /home/airflow/.local/lib/python3.12/site-packages/airflow/example_dags/example_sla_dag.py
[2025-08-17T01:20:44.422+0000] {logging_mixin.py:188} INFO - [2025-08-17T01:20:44.422+0000] {dag.py:3089} INFO - Sync 1 DAGs
[2025-08-17T01:20:44.447+0000] {logging_mixin.py:188} INFO - [2025-08-17T01:20:44.446+0000] {dag.py:3947} INFO - Setting next_dagrun for example_sla_dag to 2025-08-17 01:18:00+00:00, run_after=2025-08-17 01:20:00+00:00
[2025-08-17T01:20:44.467+0000] {processor.py:183} INFO - Processing /home/airflow/.local/lib/python3.12/site-packages/airflow/example_dags/example_sla_dag.py took 0.084 seconds
[2025-08-17T01:21:14.989+0000] {processor.py:161} INFO - Started process (PID=519) to work on /home/airflow/.local/lib/python3.12/site-packages/airflow/example_dags/example_sla_dag.py
[2025-08-17T01:21:14.990+0000] {processor.py:830} INFO - Processing file /home/airflow/.local/lib/python3.12/site-packages/airflow/example_dags/example_sla_dag.py for tasks to queue
[2025-08-17T01:21:14.993+0000] {logging_mixin.py:188} INFO - [2025-08-17T01:21:14.992+0000] {dagbag.py:545} INFO - Filling up the DagBag from /home/airflow/.local/lib/python3.12/site-packages/airflow/example_dags/example_sla_dag.py
[2025-08-17T01:21:15.002+0000] {processor.py:840} INFO - DAG(s) 'example_sla_dag' retrieved from /home/airflow/.local/lib/python3.12/site-packages/airflow/example_dags/example_sla_dag.py
[2025-08-17T01:21:15.025+0000] {logging_mixin.py:188} INFO - [2025-08-17T01:21:15.025+0000] {dag.py:3089} INFO - Sync 1 DAGs
[2025-08-17T01:21:15.049+0000] {logging_mixin.py:188} INFO - [2025-08-17T01:21:15.049+0000] {dag.py:3947} INFO - Setting next_dagrun for example_sla_dag to 2025-08-17 01:18:00+00:00, run_after=2025-08-17 01:20:00+00:00
[2025-08-17T01:21:15.069+0000] {processor.py:183} INFO - Processing /home/airflow/.local/lib/python3.12/site-packages/airflow/example_dags/example_sla_dag.py took 0.086 seconds
[2025-08-17T01:21:45.507+0000] {processor.py:161} INFO - Started process (PID=578) to work on /home/airflow/.local/lib/python3.12/site-packages/airflow/example_dags/example_sla_dag.py
[2025-08-17T01:21:45.509+0000] {processor.py:830} INFO - Processing file /home/airflow/.local/lib/python3.12/site-packages/airflow/example_dags/example_sla_dag.py for tasks to queue
[2025-08-17T01:21:45.512+0000] {logging_mixin.py:188} INFO - [2025-08-17T01:21:45.511+0000] {dagbag.py:545} INFO - Filling up the DagBag from /home/airflow/.local/lib/python3.12/site-packages/airflow/example_dags/example_sla_dag.py
[2025-08-17T01:21:45.527+0000] {processor.py:840} INFO - DAG(s) 'example_sla_dag' retrieved from /home/airflow/.local/lib/python3.12/site-packages/airflow/example_dags/example_sla_dag.py
[2025-08-17T01:21:45.554+0000] {logging_mixin.py:188} INFO - [2025-08-17T01:21:45.554+0000] {dag.py:3089} INFO - Sync 1 DAGs
[2025-08-17T01:21:45.580+0000] {logging_mixin.py:188} INFO - [2025-08-17T01:21:45.580+0000] {dag.py:3947} INFO - Setting next_dagrun for example_sla_dag to 2025-08-17 01:18:00+00:00, run_after=2025-08-17 01:20:00+00:00
[2025-08-17T01:21:45.599+0000] {processor.py:183} INFO - Processing /home/airflow/.local/lib/python3.12/site-packages/airflow/example_dags/example_sla_dag.py took 0.099 seconds
[2025-08-17T01:22:15.899+0000] {processor.py:161} INFO - Started process (PID=637) to work on /home/airflow/.local/lib/python3.12/site-packages/airflow/example_dags/example_sla_dag.py
[2025-08-17T01:22:15.900+0000] {processor.py:830} INFO - Processing file /home/airflow/.local/lib/python3.12/site-packages/airflow/example_dags/example_sla_dag.py for tasks to queue
[2025-08-17T01:22:15.903+0000] {logging_mixin.py:188} INFO - [2025-08-17T01:22:15.903+0000] {dagbag.py:545} INFO - Filling up the DagBag from /home/airflow/.local/lib/python3.12/site-packages/airflow/example_dags/example_sla_dag.py
[2025-08-17T01:22:15.912+0000] {processor.py:840} INFO - DAG(s) 'example_sla_dag' retrieved from /home/airflow/.local/lib/python3.12/site-packages/airflow/example_dags/example_sla_dag.py
[2025-08-17T01:22:15.936+0000] {logging_mixin.py:188} INFO - [2025-08-17T01:22:15.935+0000] {dag.py:3089} INFO - Sync 1 DAGs
[2025-08-17T01:22:15.960+0000] {logging_mixin.py:188} INFO - [2025-08-17T01:22:15.960+0000] {dag.py:3947} INFO - Setting next_dagrun for example_sla_dag to 2025-08-17 01:20:00+00:00, run_after=2025-08-17 01:22:00+00:00
[2025-08-17T01:22:15.982+0000] {processor.py:183} INFO - Processing /home/airflow/.local/lib/python3.12/site-packages/airflow/example_dags/example_sla_dag.py took 0.089 seconds
[2025-08-17T01:22:46.041+0000] {processor.py:161} INFO - Started process (PID=696) to work on /home/airflow/.local/lib/python3.12/site-packages/airflow/example_dags/example_sla_dag.py
[2025-08-17T01:22:46.043+0000] {processor.py:830} INFO - Processing file /home/airflow/.local/lib/python3.12/site-packages/airflow/example_dags/example_sla_dag.py for tasks to queue
[2025-08-17T01:22:46.046+0000] {logging_mixin.py:188} INFO - [2025-08-17T01:22:46.046+0000] {dagbag.py:545} INFO - Filling up the DagBag from /home/airflow/.local/lib/python3.12/site-packages/airflow/example_dags/example_sla_dag.py
[2025-08-17T01:22:46.055+0000] {processor.py:840} INFO - DAG(s) 'example_sla_dag' retrieved from /home/airflow/.local/lib/python3.12/site-packages/airflow/example_dags/example_sla_dag.py
[2025-08-17T01:22:46.078+0000] {logging_mixin.py:188} INFO - [2025-08-17T01:22:46.077+0000] {dag.py:3089} INFO - Sync 1 DAGs
[2025-08-17T01:22:46.100+0000] {logging_mixin.py:188} INFO - [2025-08-17T01:22:46.100+0000] {dag.py:3947} INFO - Setting next_dagrun for example_sla_dag to 2025-08-17 01:20:00+00:00, run_after=2025-08-17 01:22:00+00:00
[2025-08-17T01:22:46.117+0000] {processor.py:183} INFO - Processing /home/airflow/.local/lib/python3.12/site-packages/airflow/example_dags/example_sla_dag.py took 0.081 seconds
[2025-08-17T01:23:16.511+0000] {processor.py:161} INFO - Started process (PID=755) to work on /home/airflow/.local/lib/python3.12/site-packages/airflow/example_dags/example_sla_dag.py
[2025-08-17T01:23:16.512+0000] {processor.py:830} INFO - Processing file /home/airflow/.local/lib/python3.12/site-packages/airflow/example_dags/example_sla_dag.py for tasks to queue
[2025-08-17T01:23:16.515+0000] {logging_mixin.py:188} INFO - [2025-08-17T01:23:16.515+0000] {dagbag.py:545} INFO - Filling up the DagBag from /home/airflow/.local/lib/python3.12/site-packages/airflow/example_dags/example_sla_dag.py
[2025-08-17T01:23:16.524+0000] {processor.py:840} INFO - DAG(s) 'example_sla_dag' retrieved from /home/airflow/.local/lib/python3.12/site-packages/airflow/example_dags/example_sla_dag.py
[2025-08-17T01:23:16.549+0000] {logging_mixin.py:188} INFO - [2025-08-17T01:23:16.548+0000] {dag.py:3089} INFO - Sync 1 DAGs
[2025-08-17T01:23:16.574+0000] {logging_mixin.py:188} INFO - [2025-08-17T01:23:16.574+0000] {dag.py:3947} INFO - Setting next_dagrun for example_sla_dag to 2025-08-17 01:20:00+00:00, run_after=2025-08-17 01:22:00+00:00
[2025-08-17T01:23:16.596+0000] {processor.py:183} INFO - Processing /home/airflow/.local/lib/python3.12/site-packages/airflow/example_dags/example_sla_dag.py took 0.092 seconds
[2025-08-17T01:23:47.178+0000] {processor.py:161} INFO - Started process (PID=814) to work on /home/airflow/.local/lib/python3.12/site-packages/airflow/example_dags/example_sla_dag.py
[2025-08-17T01:23:47.180+0000] {processor.py:830} INFO - Processing file /home/airflow/.local/lib/python3.12/site-packages/airflow/example_dags/example_sla_dag.py for tasks to queue
[2025-08-17T01:23:47.182+0000] {logging_mixin.py:188} INFO - [2025-08-17T01:23:47.182+0000] {dagbag.py:545} INFO - Filling up the DagBag from /home/airflow/.local/lib/python3.12/site-packages/airflow/example_dags/example_sla_dag.py
[2025-08-17T01:23:47.191+0000] {processor.py:840} INFO - DAG(s) 'example_sla_dag' retrieved from /home/airflow/.local/lib/python3.12/site-packages/airflow/example_dags/example_sla_dag.py
[2025-08-17T01:23:47.213+0000] {logging_mixin.py:188} INFO - [2025-08-17T01:23:47.212+0000] {dag.py:3089} INFO - Sync 1 DAGs
[2025-08-17T01:23:47.236+0000] {logging_mixin.py:188} INFO - [2025-08-17T01:23:47.236+0000] {dag.py:3947} INFO - Setting next_dagrun for example_sla_dag to 2025-08-17 01:20:00+00:00, run_after=2025-08-17 01:22:00+00:00
[2025-08-17T01:23:47.256+0000] {processor.py:183} INFO - Processing /home/airflow/.local/lib/python3.12/site-packages/airflow/example_dags/example_sla_dag.py took 0.084 seconds
[2025-08-17T01:24:17.608+0000] {processor.py:161} INFO - Started process (PID=873) to work on /home/airflow/.local/lib/python3.12/site-packages/airflow/example_dags/example_sla_dag.py
[2025-08-17T01:24:17.609+0000] {processor.py:830} INFO - Processing file /home/airflow/.local/lib/python3.12/site-packages/airflow/example_dags/example_sla_dag.py for tasks to queue
[2025-08-17T01:24:17.612+0000] {logging_mixin.py:188} INFO - [2025-08-17T01:24:17.612+0000] {dagbag.py:545} INFO - Filling up the DagBag from /home/airflow/.local/lib/python3.12/site-packages/airflow/example_dags/example_sla_dag.py
[2025-08-17T01:24:17.621+0000] {processor.py:840} INFO - DAG(s) 'example_sla_dag' retrieved from /home/airflow/.local/lib/python3.12/site-packages/airflow/example_dags/example_sla_dag.py
[2025-08-17T01:24:17.646+0000] {logging_mixin.py:188} INFO - [2025-08-17T01:24:17.645+0000] {dag.py:3089} INFO - Sync 1 DAGs
[2025-08-17T01:24:17.676+0000] {logging_mixin.py:188} INFO - [2025-08-17T01:24:17.676+0000] {dag.py:3947} INFO - Setting next_dagrun for example_sla_dag to 2025-08-17 01:22:00+00:00, run_after=2025-08-17 01:24:00+00:00
[2025-08-17T01:24:17.700+0000] {processor.py:183} INFO - Processing /home/airflow/.local/lib/python3.12/site-packages/airflow/example_dags/example_sla_dag.py took 0.099 seconds
[2025-08-17T01:24:48.118+0000] {processor.py:161} INFO - Started process (PID=932) to work on /home/airflow/.local/lib/python3.12/site-packages/airflow/example_dags/example_sla_dag.py
[2025-08-17T01:24:48.119+0000] {processor.py:830} INFO - Processing file /home/airflow/.local/lib/python3.12/site-packages/airflow/example_dags/example_sla_dag.py for tasks to queue
[2025-08-17T01:24:48.122+0000] {logging_mixin.py:188} INFO - [2025-08-17T01:24:48.121+0000] {dagbag.py:545} INFO - Filling up the DagBag from /home/airflow/.local/lib/python3.12/site-packages/airflow/example_dags/example_sla_dag.py
[2025-08-17T01:24:48.132+0000] {processor.py:840} INFO - DAG(s) 'example_sla_dag' retrieved from /home/airflow/.local/lib/python3.12/site-packages/airflow/example_dags/example_sla_dag.py
[2025-08-17T01:24:48.156+0000] {logging_mixin.py:188} INFO - [2025-08-17T01:24:48.155+0000] {dag.py:3089} INFO - Sync 1 DAGs
[2025-08-17T01:24:48.177+0000] {logging_mixin.py:188} INFO - [2025-08-17T01:24:48.177+0000] {dag.py:3947} INFO - Setting next_dagrun for example_sla_dag to 2025-08-17 01:22:00+00:00, run_after=2025-08-17 01:24:00+00:00
[2025-08-17T01:24:48.195+0000] {processor.py:183} INFO - Processing /home/airflow/.local/lib/python3.12/site-packages/airflow/example_dags/example_sla_dag.py took 0.083 seconds
[2025-08-17T01:25:18.497+0000] {processor.py:161} INFO - Started process (PID=991) to work on /home/airflow/.local/lib/python3.12/site-packages/airflow/example_dags/example_sla_dag.py
[2025-08-17T01:25:18.499+0000] {processor.py:830} INFO - Processing file /home/airflow/.local/lib/python3.12/site-packages/airflow/example_dags/example_sla_dag.py for tasks to queue
[2025-08-17T01:25:18.501+0000] {logging_mixin.py:188} INFO - [2025-08-17T01:25:18.501+0000] {dagbag.py:545} INFO - Filling up the DagBag from /home/airflow/.local/lib/python3.12/site-packages/airflow/example_dags/example_sla_dag.py
[2025-08-17T01:25:18.511+0000] {processor.py:840} INFO - DAG(s) 'example_sla_dag' retrieved from /home/airflow/.local/lib/python3.12/site-packages/airflow/example_dags/example_sla_dag.py
[2025-08-17T01:25:18.537+0000] {logging_mixin.py:188} INFO - [2025-08-17T01:25:18.536+0000] {dag.py:3089} INFO - Sync 1 DAGs
[2025-08-17T01:25:18.564+0000] {logging_mixin.py:188} INFO - [2025-08-17T01:25:18.564+0000] {dag.py:3947} INFO - Setting next_dagrun for example_sla_dag to 2025-08-17 01:22:00+00:00, run_after=2025-08-17 01:24:00+00:00
[2025-08-17T01:25:18.587+0000] {processor.py:183} INFO - Processing /home/airflow/.local/lib/python3.12/site-packages/airflow/example_dags/example_sla_dag.py took 0.096 seconds
[2025-08-17T01:26:43.758+0000] {processor.py:161} INFO - Started process (PID=104) to work on /home/airflow/.local/lib/python3.12/site-packages/airflow/example_dags/example_sla_dag.py
[2025-08-17T01:26:43.759+0000] {processor.py:830} INFO - Processing file /home/airflow/.local/lib/python3.12/site-packages/airflow/example_dags/example_sla_dag.py for tasks to queue
[2025-08-17T01:26:43.762+0000] {logging_mixin.py:188} INFO - [2025-08-17T01:26:43.762+0000] {dagbag.py:545} INFO - Filling up the DagBag from /home/airflow/.local/lib/python3.12/site-packages/airflow/example_dags/example_sla_dag.py
[2025-08-17T01:26:43.774+0000] {processor.py:840} INFO - DAG(s) 'example_sla_dag' retrieved from /home/airflow/.local/lib/python3.12/site-packages/airflow/example_dags/example_sla_dag.py
[2025-08-17T01:26:43.930+0000] {logging_mixin.py:188} INFO - [2025-08-17T01:26:43.930+0000] {dag.py:3089} INFO - Sync 1 DAGs
[2025-08-17T01:26:43.957+0000] {logging_mixin.py:188} INFO - [2025-08-17T01:26:43.956+0000] {dag.py:3947} INFO - Setting next_dagrun for example_sla_dag to 2025-08-17 01:24:00+00:00, run_after=2025-08-17 01:26:00+00:00
[2025-08-17T01:26:43.982+0000] {processor.py:183} INFO - Processing /home/airflow/.local/lib/python3.12/site-packages/airflow/example_dags/example_sla_dag.py took 0.232 seconds
[2025-08-17T01:27:14.372+0000] {processor.py:161} INFO - Started process (PID=163) to work on /home/airflow/.local/lib/python3.12/site-packages/airflow/example_dags/example_sla_dag.py
[2025-08-17T01:27:14.374+0000] {processor.py:830} INFO - Processing file /home/airflow/.local/lib/python3.12/site-packages/airflow/example_dags/example_sla_dag.py for tasks to queue
[2025-08-17T01:27:14.377+0000] {logging_mixin.py:188} INFO - [2025-08-17T01:27:14.376+0000] {dagbag.py:545} INFO - Filling up the DagBag from /home/airflow/.local/lib/python3.12/site-packages/airflow/example_dags/example_sla_dag.py
[2025-08-17T01:27:14.390+0000] {processor.py:840} INFO - DAG(s) 'example_sla_dag' retrieved from /home/airflow/.local/lib/python3.12/site-packages/airflow/example_dags/example_sla_dag.py
[2025-08-17T01:27:14.408+0000] {logging_mixin.py:188} INFO - [2025-08-17T01:27:14.408+0000] {dag.py:3089} INFO - Sync 1 DAGs
[2025-08-17T01:27:14.443+0000] {logging_mixin.py:188} INFO - [2025-08-17T01:27:14.442+0000] {dag.py:3947} INFO - Setting next_dagrun for example_sla_dag to 2025-08-17 01:24:00+00:00, run_after=2025-08-17 01:26:00+00:00
[2025-08-17T01:27:14.468+0000] {processor.py:183} INFO - Processing /home/airflow/.local/lib/python3.12/site-packages/airflow/example_dags/example_sla_dag.py took 0.103 seconds
[2025-08-17T01:27:45.513+0000] {processor.py:161} INFO - Started process (PID=223) to work on /home/airflow/.local/lib/python3.12/site-packages/airflow/example_dags/example_sla_dag.py
[2025-08-17T01:27:45.515+0000] {processor.py:830} INFO - Processing file /home/airflow/.local/lib/python3.12/site-packages/airflow/example_dags/example_sla_dag.py for tasks to queue
[2025-08-17T01:27:45.518+0000] {logging_mixin.py:188} INFO - [2025-08-17T01:27:45.518+0000] {dagbag.py:545} INFO - Filling up the DagBag from /home/airflow/.local/lib/python3.12/site-packages/airflow/example_dags/example_sla_dag.py
[2025-08-17T01:27:45.532+0000] {processor.py:840} INFO - DAG(s) 'example_sla_dag' retrieved from /home/airflow/.local/lib/python3.12/site-packages/airflow/example_dags/example_sla_dag.py
[2025-08-17T01:27:45.648+0000] {logging_mixin.py:188} INFO - [2025-08-17T01:27:45.648+0000] {dag.py:3089} INFO - Sync 1 DAGs
[2025-08-17T01:27:45.671+0000] {logging_mixin.py:188} INFO - [2025-08-17T01:27:45.671+0000] {dag.py:3947} INFO - Setting next_dagrun for example_sla_dag to 2025-08-17 01:24:00+00:00, run_after=2025-08-17 01:26:00+00:00
[2025-08-17T01:27:45.696+0000] {processor.py:183} INFO - Processing /home/airflow/.local/lib/python3.12/site-packages/airflow/example_dags/example_sla_dag.py took 0.194 seconds
[2025-08-17T01:28:15.835+0000] {processor.py:161} INFO - Started process (PID=282) to work on /home/airflow/.local/lib/python3.12/site-packages/airflow/example_dags/example_sla_dag.py
[2025-08-17T01:28:15.837+0000] {processor.py:830} INFO - Processing file /home/airflow/.local/lib/python3.12/site-packages/airflow/example_dags/example_sla_dag.py for tasks to queue
[2025-08-17T01:28:15.839+0000] {logging_mixin.py:188} INFO - [2025-08-17T01:28:15.839+0000] {dagbag.py:545} INFO - Filling up the DagBag from /home/airflow/.local/lib/python3.12/site-packages/airflow/example_dags/example_sla_dag.py
[2025-08-17T01:28:15.849+0000] {processor.py:840} INFO - DAG(s) 'example_sla_dag' retrieved from /home/airflow/.local/lib/python3.12/site-packages/airflow/example_dags/example_sla_dag.py
[2025-08-17T01:28:15.875+0000] {logging_mixin.py:188} INFO - [2025-08-17T01:28:15.875+0000] {dag.py:3089} INFO - Sync 1 DAGs
[2025-08-17T01:28:15.904+0000] {logging_mixin.py:188} INFO - [2025-08-17T01:28:15.903+0000] {dag.py:3947} INFO - Setting next_dagrun for example_sla_dag to 2025-08-17 01:26:00+00:00, run_after=2025-08-17 01:28:00+00:00
[2025-08-17T01:28:15.932+0000] {processor.py:183} INFO - Processing /home/airflow/.local/lib/python3.12/site-packages/airflow/example_dags/example_sla_dag.py took 0.104 seconds
[2025-08-17T01:28:46.047+0000] {processor.py:161} INFO - Started process (PID=341) to work on /home/airflow/.local/lib/python3.12/site-packages/airflow/example_dags/example_sla_dag.py
[2025-08-17T01:28:46.049+0000] {processor.py:830} INFO - Processing file /home/airflow/.local/lib/python3.12/site-packages/airflow/example_dags/example_sla_dag.py for tasks to queue
[2025-08-17T01:28:46.053+0000] {logging_mixin.py:188} INFO - [2025-08-17T01:28:46.052+0000] {dagbag.py:545} INFO - Filling up the DagBag from /home/airflow/.local/lib/python3.12/site-packages/airflow/example_dags/example_sla_dag.py
[2025-08-17T01:28:46.064+0000] {processor.py:840} INFO - DAG(s) 'example_sla_dag' retrieved from /home/airflow/.local/lib/python3.12/site-packages/airflow/example_dags/example_sla_dag.py
[2025-08-17T01:28:46.094+0000] {logging_mixin.py:188} INFO - [2025-08-17T01:28:46.094+0000] {dag.py:3089} INFO - Sync 1 DAGs
[2025-08-17T01:28:46.122+0000] {logging_mixin.py:188} INFO - [2025-08-17T01:28:46.122+0000] {dag.py:3947} INFO - Setting next_dagrun for example_sla_dag to 2025-08-17 01:26:00+00:00, run_after=2025-08-17 01:28:00+00:00
[2025-08-17T01:28:46.145+0000] {processor.py:183} INFO - Processing /home/airflow/.local/lib/python3.12/site-packages/airflow/example_dags/example_sla_dag.py took 0.107 seconds
[2025-08-17T01:29:16.906+0000] {processor.py:161} INFO - Started process (PID=401) to work on /home/airflow/.local/lib/python3.12/site-packages/airflow/example_dags/example_sla_dag.py
[2025-08-17T01:29:16.907+0000] {processor.py:830} INFO - Processing file /home/airflow/.local/lib/python3.12/site-packages/airflow/example_dags/example_sla_dag.py for tasks to queue
[2025-08-17T01:29:16.910+0000] {logging_mixin.py:188} INFO - [2025-08-17T01:29:16.910+0000] {dagbag.py:545} INFO - Filling up the DagBag from /home/airflow/.local/lib/python3.12/site-packages/airflow/example_dags/example_sla_dag.py
[2025-08-17T01:29:16.922+0000] {processor.py:840} INFO - DAG(s) 'example_sla_dag' retrieved from /home/airflow/.local/lib/python3.12/site-packages/airflow/example_dags/example_sla_dag.py
[2025-08-17T01:29:16.949+0000] {logging_mixin.py:188} INFO - [2025-08-17T01:29:16.949+0000] {dag.py:3089} INFO - Sync 1 DAGs
[2025-08-17T01:29:16.979+0000] {logging_mixin.py:188} INFO - [2025-08-17T01:29:16.978+0000] {dag.py:3947} INFO - Setting next_dagrun for example_sla_dag to 2025-08-17 01:26:00+00:00, run_after=2025-08-17 01:28:00+00:00
[2025-08-17T01:29:17.004+0000] {processor.py:183} INFO - Processing /home/airflow/.local/lib/python3.12/site-packages/airflow/example_dags/example_sla_dag.py took 0.106 seconds
[2025-08-17T01:29:47.904+0000] {processor.py:161} INFO - Started process (PID=460) to work on /home/airflow/.local/lib/python3.12/site-packages/airflow/example_dags/example_sla_dag.py
[2025-08-17T01:29:47.907+0000] {processor.py:830} INFO - Processing file /home/airflow/.local/lib/python3.12/site-packages/airflow/example_dags/example_sla_dag.py for tasks to queue
[2025-08-17T01:29:47.910+0000] {logging_mixin.py:188} INFO - [2025-08-17T01:29:47.909+0000] {dagbag.py:545} INFO - Filling up the DagBag from /home/airflow/.local/lib/python3.12/site-packages/airflow/example_dags/example_sla_dag.py
[2025-08-17T01:29:47.921+0000] {processor.py:840} INFO - DAG(s) 'example_sla_dag' retrieved from /home/airflow/.local/lib/python3.12/site-packages/airflow/example_dags/example_sla_dag.py
[2025-08-17T01:29:47.948+0000] {logging_mixin.py:188} INFO - [2025-08-17T01:29:47.948+0000] {dag.py:3089} INFO - Sync 1 DAGs
[2025-08-17T01:29:47.981+0000] {logging_mixin.py:188} INFO - [2025-08-17T01:29:47.980+0000] {dag.py:3947} INFO - Setting next_dagrun for example_sla_dag to 2025-08-17 01:26:00+00:00, run_after=2025-08-17 01:28:00+00:00
[2025-08-17T01:29:48.009+0000] {processor.py:183} INFO - Processing /home/airflow/.local/lib/python3.12/site-packages/airflow/example_dags/example_sla_dag.py took 0.115 seconds
[2025-08-17T01:30:18.483+0000] {processor.py:161} INFO - Started process (PID=519) to work on /home/airflow/.local/lib/python3.12/site-packages/airflow/example_dags/example_sla_dag.py
[2025-08-17T01:30:18.484+0000] {processor.py:830} INFO - Processing file /home/airflow/.local/lib/python3.12/site-packages/airflow/example_dags/example_sla_dag.py for tasks to queue
[2025-08-17T01:30:18.486+0000] {logging_mixin.py:188} INFO - [2025-08-17T01:30:18.486+0000] {dagbag.py:545} INFO - Filling up the DagBag from /home/airflow/.local/lib/python3.12/site-packages/airflow/example_dags/example_sla_dag.py
[2025-08-17T01:30:18.495+0000] {processor.py:840} INFO - DAG(s) 'example_sla_dag' retrieved from /home/airflow/.local/lib/python3.12/site-packages/airflow/example_dags/example_sla_dag.py
[2025-08-17T01:30:18.520+0000] {logging_mixin.py:188} INFO - [2025-08-17T01:30:18.519+0000] {dag.py:3089} INFO - Sync 1 DAGs
[2025-08-17T01:30:18.543+0000] {logging_mixin.py:188} INFO - [2025-08-17T01:30:18.543+0000] {dag.py:3947} INFO - Setting next_dagrun for example_sla_dag to 2025-08-17 01:28:00+00:00, run_after=2025-08-17 01:30:00+00:00
[2025-08-17T01:30:18.561+0000] {processor.py:183} INFO - Processing /home/airflow/.local/lib/python3.12/site-packages/airflow/example_dags/example_sla_dag.py took 0.084 seconds
[2025-08-17T01:30:48.974+0000] {processor.py:161} INFO - Started process (PID=578) to work on /home/airflow/.local/lib/python3.12/site-packages/airflow/example_dags/example_sla_dag.py
[2025-08-17T01:30:48.975+0000] {processor.py:830} INFO - Processing file /home/airflow/.local/lib/python3.12/site-packages/airflow/example_dags/example_sla_dag.py for tasks to queue
[2025-08-17T01:30:48.978+0000] {logging_mixin.py:188} INFO - [2025-08-17T01:30:48.978+0000] {dagbag.py:545} INFO - Filling up the DagBag from /home/airflow/.local/lib/python3.12/site-packages/airflow/example_dags/example_sla_dag.py
[2025-08-17T01:30:48.987+0000] {processor.py:840} INFO - DAG(s) 'example_sla_dag' retrieved from /home/airflow/.local/lib/python3.12/site-packages/airflow/example_dags/example_sla_dag.py
[2025-08-17T01:30:49.010+0000] {logging_mixin.py:188} INFO - [2025-08-17T01:30:49.010+0000] {dag.py:3089} INFO - Sync 1 DAGs
[2025-08-17T01:30:49.031+0000] {logging_mixin.py:188} INFO - [2025-08-17T01:30:49.031+0000] {dag.py:3947} INFO - Setting next_dagrun for example_sla_dag to 2025-08-17 01:28:00+00:00, run_after=2025-08-17 01:30:00+00:00
[2025-08-17T01:30:49.049+0000] {processor.py:183} INFO - Processing /home/airflow/.local/lib/python3.12/site-packages/airflow/example_dags/example_sla_dag.py took 0.081 seconds
[2025-08-17T01:31:19.428+0000] {processor.py:161} INFO - Started process (PID=637) to work on /home/airflow/.local/lib/python3.12/site-packages/airflow/example_dags/example_sla_dag.py
[2025-08-17T01:31:19.429+0000] {processor.py:830} INFO - Processing file /home/airflow/.local/lib/python3.12/site-packages/airflow/example_dags/example_sla_dag.py for tasks to queue
[2025-08-17T01:31:19.431+0000] {logging_mixin.py:188} INFO - [2025-08-17T01:31:19.431+0000] {dagbag.py:545} INFO - Filling up the DagBag from /home/airflow/.local/lib/python3.12/site-packages/airflow/example_dags/example_sla_dag.py
[2025-08-17T01:31:19.439+0000] {processor.py:840} INFO - DAG(s) 'example_sla_dag' retrieved from /home/airflow/.local/lib/python3.12/site-packages/airflow/example_dags/example_sla_dag.py
[2025-08-17T01:31:19.462+0000] {logging_mixin.py:188} INFO - [2025-08-17T01:31:19.462+0000] {dag.py:3089} INFO - Sync 1 DAGs
[2025-08-17T01:31:19.484+0000] {logging_mixin.py:188} INFO - [2025-08-17T01:31:19.484+0000] {dag.py:3947} INFO - Setting next_dagrun for example_sla_dag to 2025-08-17 01:28:00+00:00, run_after=2025-08-17 01:30:00+00:00
[2025-08-17T01:31:19.500+0000] {processor.py:183} INFO - Processing /home/airflow/.local/lib/python3.12/site-packages/airflow/example_dags/example_sla_dag.py took 0.079 seconds
[2025-08-17T01:31:50.269+0000] {processor.py:161} INFO - Started process (PID=699) to work on /home/airflow/.local/lib/python3.12/site-packages/airflow/example_dags/example_sla_dag.py
[2025-08-17T01:31:50.270+0000] {processor.py:830} INFO - Processing file /home/airflow/.local/lib/python3.12/site-packages/airflow/example_dags/example_sla_dag.py for tasks to queue
[2025-08-17T01:31:50.272+0000] {logging_mixin.py:188} INFO - [2025-08-17T01:31:50.272+0000] {dagbag.py:545} INFO - Filling up the DagBag from /home/airflow/.local/lib/python3.12/site-packages/airflow/example_dags/example_sla_dag.py
[2025-08-17T01:31:50.282+0000] {processor.py:840} INFO - DAG(s) 'example_sla_dag' retrieved from /home/airflow/.local/lib/python3.12/site-packages/airflow/example_dags/example_sla_dag.py
[2025-08-17T01:31:50.305+0000] {logging_mixin.py:188} INFO - [2025-08-17T01:31:50.305+0000] {dag.py:3089} INFO - Sync 1 DAGs
[2025-08-17T01:31:50.330+0000] {logging_mixin.py:188} INFO - [2025-08-17T01:31:50.330+0000] {dag.py:3947} INFO - Setting next_dagrun for example_sla_dag to 2025-08-17 01:28:00+00:00, run_after=2025-08-17 01:30:00+00:00
[2025-08-17T01:31:50.353+0000] {processor.py:183} INFO - Processing /home/airflow/.local/lib/python3.12/site-packages/airflow/example_dags/example_sla_dag.py took 0.091 seconds
