[2025-08-17T00:53:34.572+0000] {processor.py:161} INFO - Started process (PID=90) to work on /home/airflow/.local/lib/python3.12/site-packages/airflow/example_dags/example_branch_operator.py
[2025-08-17T00:53:34.573+0000] {processor.py:830} INFO - Processing file /home/airflow/.local/lib/python3.12/site-packages/airflow/example_dags/example_branch_operator.py for tasks to queue
[2025-08-17T00:53:34.577+0000] {logging_mixin.py:188} INFO - [2025-08-17T00:53:34.576+0000] {dagbag.py:545} INFO - Filling up the DagBag from /home/airflow/.local/lib/python3.12/site-packages/airflow/example_dags/example_branch_operator.py
[2025-08-17T00:53:34.599+0000] {processor.py:840} INFO - DAG(s) 'example_branch_operator' retrieved from /home/airflow/.local/lib/python3.12/site-packages/airflow/example_dags/example_branch_operator.py
[2025-08-17T00:53:34.728+0000] {logging_mixin.py:188} INFO - [2025-08-17T00:53:34.728+0000] {dag.py:3089} INFO - Sync 1 DAGs
[2025-08-17T00:53:34.756+0000] {logging_mixin.py:188} INFO - [2025-08-17T00:53:34.756+0000] {dag.py:3947} INFO - Setting next_dagrun for example_branch_operator to 2025-08-16 00:00:00+00:00, run_after=2025-08-17 00:00:00+00:00
[2025-08-17T00:53:34.785+0000] {processor.py:183} INFO - Processing /home/airflow/.local/lib/python3.12/site-packages/airflow/example_dags/example_branch_operator.py took 0.221 seconds
[2025-08-17T00:54:04.959+0000] {processor.py:161} INFO - Started process (PID=148) to work on /home/airflow/.local/lib/python3.12/site-packages/airflow/example_dags/example_branch_operator.py
[2025-08-17T00:54:04.960+0000] {processor.py:830} INFO - Processing file /home/airflow/.local/lib/python3.12/site-packages/airflow/example_dags/example_branch_operator.py for tasks to queue
[2025-08-17T00:54:04.962+0000] {logging_mixin.py:188} INFO - [2025-08-17T00:54:04.962+0000] {dagbag.py:545} INFO - Filling up the DagBag from /home/airflow/.local/lib/python3.12/site-packages/airflow/example_dags/example_branch_operator.py
[2025-08-17T00:54:04.977+0000] {processor.py:840} INFO - DAG(s) 'example_branch_operator' retrieved from /home/airflow/.local/lib/python3.12/site-packages/airflow/example_dags/example_branch_operator.py
[2025-08-17T00:54:05.007+0000] {logging_mixin.py:188} INFO - [2025-08-17T00:54:05.007+0000] {dag.py:3089} INFO - Sync 1 DAGs
[2025-08-17T00:54:05.029+0000] {logging_mixin.py:188} INFO - [2025-08-17T00:54:05.029+0000] {dag.py:3947} INFO - Setting next_dagrun for example_branch_operator to 2025-08-16 00:00:00+00:00, run_after=2025-08-17 00:00:00+00:00
[2025-08-17T00:54:05.047+0000] {processor.py:183} INFO - Processing /home/airflow/.local/lib/python3.12/site-packages/airflow/example_dags/example_branch_operator.py took 0.094 seconds
[2025-08-17T00:54:35.282+0000] {processor.py:161} INFO - Started process (PID=206) to work on /home/airflow/.local/lib/python3.12/site-packages/airflow/example_dags/example_branch_operator.py
[2025-08-17T00:54:35.283+0000] {processor.py:830} INFO - Processing file /home/airflow/.local/lib/python3.12/site-packages/airflow/example_dags/example_branch_operator.py for tasks to queue
[2025-08-17T00:54:35.285+0000] {logging_mixin.py:188} INFO - [2025-08-17T00:54:35.285+0000] {dagbag.py:545} INFO - Filling up the DagBag from /home/airflow/.local/lib/python3.12/site-packages/airflow/example_dags/example_branch_operator.py
[2025-08-17T00:54:35.301+0000] {processor.py:840} INFO - DAG(s) 'example_branch_operator' retrieved from /home/airflow/.local/lib/python3.12/site-packages/airflow/example_dags/example_branch_operator.py
[2025-08-17T00:54:35.329+0000] {logging_mixin.py:188} INFO - [2025-08-17T00:54:35.329+0000] {dag.py:3089} INFO - Sync 1 DAGs
[2025-08-17T00:54:35.351+0000] {logging_mixin.py:188} INFO - [2025-08-17T00:54:35.351+0000] {dag.py:3947} INFO - Setting next_dagrun for example_branch_operator to 2025-08-16 00:00:00+00:00, run_after=2025-08-17 00:00:00+00:00
[2025-08-17T00:54:35.369+0000] {processor.py:183} INFO - Processing /home/airflow/.local/lib/python3.12/site-packages/airflow/example_dags/example_branch_operator.py took 0.093 seconds
[2025-08-17T00:55:05.803+0000] {processor.py:161} INFO - Started process (PID=264) to work on /home/airflow/.local/lib/python3.12/site-packages/airflow/example_dags/example_branch_operator.py
[2025-08-17T00:55:05.804+0000] {processor.py:830} INFO - Processing file /home/airflow/.local/lib/python3.12/site-packages/airflow/example_dags/example_branch_operator.py for tasks to queue
[2025-08-17T00:55:05.806+0000] {logging_mixin.py:188} INFO - [2025-08-17T00:55:05.806+0000] {dagbag.py:545} INFO - Filling up the DagBag from /home/airflow/.local/lib/python3.12/site-packages/airflow/example_dags/example_branch_operator.py
[2025-08-17T00:55:05.823+0000] {processor.py:840} INFO - DAG(s) 'example_branch_operator' retrieved from /home/airflow/.local/lib/python3.12/site-packages/airflow/example_dags/example_branch_operator.py
[2025-08-17T00:55:05.854+0000] {logging_mixin.py:188} INFO - [2025-08-17T00:55:05.854+0000] {dag.py:3089} INFO - Sync 1 DAGs
[2025-08-17T00:55:05.875+0000] {logging_mixin.py:188} INFO - [2025-08-17T00:55:05.875+0000] {dag.py:3947} INFO - Setting next_dagrun for example_branch_operator to 2025-08-16 00:00:00+00:00, run_after=2025-08-17 00:00:00+00:00
[2025-08-17T00:55:05.895+0000] {processor.py:183} INFO - Processing /home/airflow/.local/lib/python3.12/site-packages/airflow/example_dags/example_branch_operator.py took 0.098 seconds
[2025-08-17T00:55:36.746+0000] {processor.py:161} INFO - Started process (PID=323) to work on /home/airflow/.local/lib/python3.12/site-packages/airflow/example_dags/example_branch_operator.py
[2025-08-17T00:55:36.748+0000] {processor.py:830} INFO - Processing file /home/airflow/.local/lib/python3.12/site-packages/airflow/example_dags/example_branch_operator.py for tasks to queue
[2025-08-17T00:55:36.751+0000] {logging_mixin.py:188} INFO - [2025-08-17T00:55:36.750+0000] {dagbag.py:545} INFO - Filling up the DagBag from /home/airflow/.local/lib/python3.12/site-packages/airflow/example_dags/example_branch_operator.py
[2025-08-17T00:55:36.767+0000] {processor.py:840} INFO - DAG(s) 'example_branch_operator' retrieved from /home/airflow/.local/lib/python3.12/site-packages/airflow/example_dags/example_branch_operator.py
[2025-08-17T00:55:36.796+0000] {logging_mixin.py:188} INFO - [2025-08-17T00:55:36.795+0000] {dag.py:3089} INFO - Sync 1 DAGs
[2025-08-17T00:55:36.817+0000] {logging_mixin.py:188} INFO - [2025-08-17T00:55:36.817+0000] {dag.py:3947} INFO - Setting next_dagrun for example_branch_operator to 2025-08-16 00:00:00+00:00, run_after=2025-08-17 00:00:00+00:00
[2025-08-17T00:55:36.834+0000] {processor.py:183} INFO - Processing /home/airflow/.local/lib/python3.12/site-packages/airflow/example_dags/example_branch_operator.py took 0.094 seconds
[2025-08-17T00:56:06.993+0000] {processor.py:161} INFO - Started process (PID=381) to work on /home/airflow/.local/lib/python3.12/site-packages/airflow/example_dags/example_branch_operator.py
[2025-08-17T00:56:06.994+0000] {processor.py:830} INFO - Processing file /home/airflow/.local/lib/python3.12/site-packages/airflow/example_dags/example_branch_operator.py for tasks to queue
[2025-08-17T00:56:06.997+0000] {logging_mixin.py:188} INFO - [2025-08-17T00:56:06.996+0000] {dagbag.py:545} INFO - Filling up the DagBag from /home/airflow/.local/lib/python3.12/site-packages/airflow/example_dags/example_branch_operator.py
[2025-08-17T00:56:07.014+0000] {processor.py:840} INFO - DAG(s) 'example_branch_operator' retrieved from /home/airflow/.local/lib/python3.12/site-packages/airflow/example_dags/example_branch_operator.py
[2025-08-17T00:56:07.045+0000] {logging_mixin.py:188} INFO - [2025-08-17T00:56:07.045+0000] {dag.py:3089} INFO - Sync 1 DAGs
[2025-08-17T00:56:07.070+0000] {logging_mixin.py:188} INFO - [2025-08-17T00:56:07.070+0000] {dag.py:3947} INFO - Setting next_dagrun for example_branch_operator to 2025-08-16 00:00:00+00:00, run_after=2025-08-17 00:00:00+00:00
[2025-08-17T00:56:07.090+0000] {processor.py:183} INFO - Processing /home/airflow/.local/lib/python3.12/site-packages/airflow/example_dags/example_branch_operator.py took 0.104 seconds
[2025-08-17T00:56:37.137+0000] {processor.py:161} INFO - Started process (PID=439) to work on /home/airflow/.local/lib/python3.12/site-packages/airflow/example_dags/example_branch_operator.py
[2025-08-17T00:56:37.138+0000] {processor.py:830} INFO - Processing file /home/airflow/.local/lib/python3.12/site-packages/airflow/example_dags/example_branch_operator.py for tasks to queue
[2025-08-17T00:56:37.140+0000] {logging_mixin.py:188} INFO - [2025-08-17T00:56:37.140+0000] {dagbag.py:545} INFO - Filling up the DagBag from /home/airflow/.local/lib/python3.12/site-packages/airflow/example_dags/example_branch_operator.py
[2025-08-17T00:56:37.154+0000] {processor.py:840} INFO - DAG(s) 'example_branch_operator' retrieved from /home/airflow/.local/lib/python3.12/site-packages/airflow/example_dags/example_branch_operator.py
[2025-08-17T00:56:37.182+0000] {logging_mixin.py:188} INFO - [2025-08-17T00:56:37.182+0000] {dag.py:3089} INFO - Sync 1 DAGs
[2025-08-17T00:56:37.204+0000] {logging_mixin.py:188} INFO - [2025-08-17T00:56:37.203+0000] {dag.py:3947} INFO - Setting next_dagrun for example_branch_operator to 2025-08-16 00:00:00+00:00, run_after=2025-08-17 00:00:00+00:00
[2025-08-17T00:56:37.220+0000] {processor.py:183} INFO - Processing /home/airflow/.local/lib/python3.12/site-packages/airflow/example_dags/example_branch_operator.py took 0.089 seconds
[2025-08-17T00:57:07.395+0000] {processor.py:161} INFO - Started process (PID=497) to work on /home/airflow/.local/lib/python3.12/site-packages/airflow/example_dags/example_branch_operator.py
[2025-08-17T00:57:07.396+0000] {processor.py:830} INFO - Processing file /home/airflow/.local/lib/python3.12/site-packages/airflow/example_dags/example_branch_operator.py for tasks to queue
[2025-08-17T00:57:07.398+0000] {logging_mixin.py:188} INFO - [2025-08-17T00:57:07.398+0000] {dagbag.py:545} INFO - Filling up the DagBag from /home/airflow/.local/lib/python3.12/site-packages/airflow/example_dags/example_branch_operator.py
[2025-08-17T00:57:07.414+0000] {processor.py:840} INFO - DAG(s) 'example_branch_operator' retrieved from /home/airflow/.local/lib/python3.12/site-packages/airflow/example_dags/example_branch_operator.py
[2025-08-17T00:57:07.445+0000] {logging_mixin.py:188} INFO - [2025-08-17T00:57:07.444+0000] {dag.py:3089} INFO - Sync 1 DAGs
[2025-08-17T00:57:07.466+0000] {logging_mixin.py:188} INFO - [2025-08-17T00:57:07.466+0000] {dag.py:3947} INFO - Setting next_dagrun for example_branch_operator to 2025-08-16 00:00:00+00:00, run_after=2025-08-17 00:00:00+00:00
[2025-08-17T00:57:07.484+0000] {processor.py:183} INFO - Processing /home/airflow/.local/lib/python3.12/site-packages/airflow/example_dags/example_branch_operator.py took 0.097 seconds
[2025-08-17T00:57:37.953+0000] {processor.py:161} INFO - Started process (PID=555) to work on /home/airflow/.local/lib/python3.12/site-packages/airflow/example_dags/example_branch_operator.py
[2025-08-17T00:57:37.954+0000] {processor.py:830} INFO - Processing file /home/airflow/.local/lib/python3.12/site-packages/airflow/example_dags/example_branch_operator.py for tasks to queue
[2025-08-17T00:57:37.956+0000] {logging_mixin.py:188} INFO - [2025-08-17T00:57:37.955+0000] {dagbag.py:545} INFO - Filling up the DagBag from /home/airflow/.local/lib/python3.12/site-packages/airflow/example_dags/example_branch_operator.py
[2025-08-17T00:57:37.970+0000] {processor.py:840} INFO - DAG(s) 'example_branch_operator' retrieved from /home/airflow/.local/lib/python3.12/site-packages/airflow/example_dags/example_branch_operator.py
[2025-08-17T00:57:37.999+0000] {logging_mixin.py:188} INFO - [2025-08-17T00:57:37.998+0000] {dag.py:3089} INFO - Sync 1 DAGs
[2025-08-17T00:57:38.022+0000] {logging_mixin.py:188} INFO - [2025-08-17T00:57:38.021+0000] {dag.py:3947} INFO - Setting next_dagrun for example_branch_operator to 2025-08-16 00:00:00+00:00, run_after=2025-08-17 00:00:00+00:00
[2025-08-17T00:57:38.038+0000] {processor.py:183} INFO - Processing /home/airflow/.local/lib/python3.12/site-packages/airflow/example_dags/example_branch_operator.py took 0.091 seconds
[2025-08-17T00:58:08.583+0000] {processor.py:161} INFO - Started process (PID=613) to work on /home/airflow/.local/lib/python3.12/site-packages/airflow/example_dags/example_branch_operator.py
[2025-08-17T00:58:08.584+0000] {processor.py:830} INFO - Processing file /home/airflow/.local/lib/python3.12/site-packages/airflow/example_dags/example_branch_operator.py for tasks to queue
[2025-08-17T00:58:08.587+0000] {logging_mixin.py:188} INFO - [2025-08-17T00:58:08.586+0000] {dagbag.py:545} INFO - Filling up the DagBag from /home/airflow/.local/lib/python3.12/site-packages/airflow/example_dags/example_branch_operator.py
[2025-08-17T00:58:08.603+0000] {processor.py:840} INFO - DAG(s) 'example_branch_operator' retrieved from /home/airflow/.local/lib/python3.12/site-packages/airflow/example_dags/example_branch_operator.py
[2025-08-17T00:58:08.633+0000] {logging_mixin.py:188} INFO - [2025-08-17T00:58:08.633+0000] {dag.py:3089} INFO - Sync 1 DAGs
[2025-08-17T00:58:08.656+0000] {logging_mixin.py:188} INFO - [2025-08-17T00:58:08.656+0000] {dag.py:3947} INFO - Setting next_dagrun for example_branch_operator to 2025-08-16 00:00:00+00:00, run_after=2025-08-17 00:00:00+00:00
[2025-08-17T00:58:08.675+0000] {processor.py:183} INFO - Processing /home/airflow/.local/lib/python3.12/site-packages/airflow/example_dags/example_branch_operator.py took 0.098 seconds
[2025-08-17T00:58:39.238+0000] {processor.py:161} INFO - Started process (PID=672) to work on /home/airflow/.local/lib/python3.12/site-packages/airflow/example_dags/example_branch_operator.py
[2025-08-17T00:58:39.239+0000] {processor.py:830} INFO - Processing file /home/airflow/.local/lib/python3.12/site-packages/airflow/example_dags/example_branch_operator.py for tasks to queue
[2025-08-17T00:58:39.241+0000] {logging_mixin.py:188} INFO - [2025-08-17T00:58:39.240+0000] {dagbag.py:545} INFO - Filling up the DagBag from /home/airflow/.local/lib/python3.12/site-packages/airflow/example_dags/example_branch_operator.py
[2025-08-17T00:58:39.256+0000] {processor.py:840} INFO - DAG(s) 'example_branch_operator' retrieved from /home/airflow/.local/lib/python3.12/site-packages/airflow/example_dags/example_branch_operator.py
[2025-08-17T00:58:39.285+0000] {logging_mixin.py:188} INFO - [2025-08-17T00:58:39.285+0000] {dag.py:3089} INFO - Sync 1 DAGs
[2025-08-17T00:58:39.307+0000] {logging_mixin.py:188} INFO - [2025-08-17T00:58:39.307+0000] {dag.py:3947} INFO - Setting next_dagrun for example_branch_operator to 2025-08-16 00:00:00+00:00, run_after=2025-08-17 00:00:00+00:00
[2025-08-17T00:58:39.325+0000] {processor.py:183} INFO - Processing /home/airflow/.local/lib/python3.12/site-packages/airflow/example_dags/example_branch_operator.py took 0.093 seconds
[2025-08-17T00:59:10.151+0000] {processor.py:161} INFO - Started process (PID=731) to work on /home/airflow/.local/lib/python3.12/site-packages/airflow/example_dags/example_branch_operator.py
[2025-08-17T00:59:10.152+0000] {processor.py:830} INFO - Processing file /home/airflow/.local/lib/python3.12/site-packages/airflow/example_dags/example_branch_operator.py for tasks to queue
[2025-08-17T00:59:10.154+0000] {logging_mixin.py:188} INFO - [2025-08-17T00:59:10.154+0000] {dagbag.py:545} INFO - Filling up the DagBag from /home/airflow/.local/lib/python3.12/site-packages/airflow/example_dags/example_branch_operator.py
[2025-08-17T00:59:10.171+0000] {processor.py:840} INFO - DAG(s) 'example_branch_operator' retrieved from /home/airflow/.local/lib/python3.12/site-packages/airflow/example_dags/example_branch_operator.py
[2025-08-17T00:59:10.201+0000] {logging_mixin.py:188} INFO - [2025-08-17T00:59:10.200+0000] {dag.py:3089} INFO - Sync 1 DAGs
[2025-08-17T00:59:10.224+0000] {logging_mixin.py:188} INFO - [2025-08-17T00:59:10.224+0000] {dag.py:3947} INFO - Setting next_dagrun for example_branch_operator to 2025-08-16 00:00:00+00:00, run_after=2025-08-17 00:00:00+00:00
[2025-08-17T00:59:10.240+0000] {processor.py:183} INFO - Processing /home/airflow/.local/lib/python3.12/site-packages/airflow/example_dags/example_branch_operator.py took 0.096 seconds
[2025-08-17T01:00:11.501+0000] {processor.py:161} INFO - Started process (PID=78) to work on /home/airflow/.local/lib/python3.12/site-packages/airflow/example_dags/example_branch_operator.py
[2025-08-17T01:00:11.503+0000] {processor.py:830} INFO - Processing file /home/airflow/.local/lib/python3.12/site-packages/airflow/example_dags/example_branch_operator.py for tasks to queue
[2025-08-17T01:00:11.509+0000] {logging_mixin.py:188} INFO - [2025-08-17T01:00:11.507+0000] {dagbag.py:545} INFO - Filling up the DagBag from /home/airflow/.local/lib/python3.12/site-packages/airflow/example_dags/example_branch_operator.py
[2025-08-17T01:00:11.537+0000] {processor.py:840} INFO - DAG(s) 'example_branch_operator' retrieved from /home/airflow/.local/lib/python3.12/site-packages/airflow/example_dags/example_branch_operator.py
[2025-08-17T01:00:11.563+0000] {logging_mixin.py:188} INFO - [2025-08-17T01:00:11.562+0000] {dag.py:3089} INFO - Sync 1 DAGs
[2025-08-17T01:00:11.607+0000] {logging_mixin.py:188} INFO - [2025-08-17T01:00:11.607+0000] {dag.py:3947} INFO - Setting next_dagrun for example_branch_operator to 2025-08-16 00:00:00+00:00, run_after=2025-08-17 00:00:00+00:00
[2025-08-17T01:00:11.641+0000] {processor.py:183} INFO - Processing /home/airflow/.local/lib/python3.12/site-packages/airflow/example_dags/example_branch_operator.py took 0.153 seconds
[2025-08-17T01:01:34.601+0000] {processor.py:161} INFO - Started process (PID=78) to work on /home/airflow/.local/lib/python3.12/site-packages/airflow/example_dags/example_branch_operator.py
[2025-08-17T01:01:34.603+0000] {processor.py:830} INFO - Processing file /home/airflow/.local/lib/python3.12/site-packages/airflow/example_dags/example_branch_operator.py for tasks to queue
[2025-08-17T01:01:34.606+0000] {logging_mixin.py:188} INFO - [2025-08-17T01:01:34.606+0000] {dagbag.py:545} INFO - Filling up the DagBag from /home/airflow/.local/lib/python3.12/site-packages/airflow/example_dags/example_branch_operator.py
[2025-08-17T01:01:34.631+0000] {processor.py:840} INFO - DAG(s) 'example_branch_operator' retrieved from /home/airflow/.local/lib/python3.12/site-packages/airflow/example_dags/example_branch_operator.py
[2025-08-17T01:01:34.650+0000] {logging_mixin.py:188} INFO - [2025-08-17T01:01:34.650+0000] {dag.py:3089} INFO - Sync 1 DAGs
[2025-08-17T01:01:34.686+0000] {logging_mixin.py:188} INFO - [2025-08-17T01:01:34.686+0000] {dag.py:3947} INFO - Setting next_dagrun for example_branch_operator to 2025-08-16 00:00:00+00:00, run_after=2025-08-17 00:00:00+00:00
[2025-08-17T01:01:34.713+0000] {processor.py:183} INFO - Processing /home/airflow/.local/lib/python3.12/site-packages/airflow/example_dags/example_branch_operator.py took 0.121 seconds
[2025-08-17T01:02:05.867+0000] {processor.py:161} INFO - Started process (PID=137) to work on /home/airflow/.local/lib/python3.12/site-packages/airflow/example_dags/example_branch_operator.py
[2025-08-17T01:02:05.869+0000] {processor.py:830} INFO - Processing file /home/airflow/.local/lib/python3.12/site-packages/airflow/example_dags/example_branch_operator.py for tasks to queue
[2025-08-17T01:02:05.871+0000] {logging_mixin.py:188} INFO - [2025-08-17T01:02:05.871+0000] {dagbag.py:545} INFO - Filling up the DagBag from /home/airflow/.local/lib/python3.12/site-packages/airflow/example_dags/example_branch_operator.py
[2025-08-17T01:02:05.886+0000] {processor.py:840} INFO - DAG(s) 'example_branch_operator' retrieved from /home/airflow/.local/lib/python3.12/site-packages/airflow/example_dags/example_branch_operator.py
[2025-08-17T01:02:06.002+0000] {logging_mixin.py:188} INFO - [2025-08-17T01:02:06.002+0000] {dag.py:3089} INFO - Sync 1 DAGs
[2025-08-17T01:02:06.026+0000] {logging_mixin.py:188} INFO - [2025-08-17T01:02:06.026+0000] {dag.py:3947} INFO - Setting next_dagrun for example_branch_operator to 2025-08-16 00:00:00+00:00, run_after=2025-08-17 00:00:00+00:00
[2025-08-17T01:02:06.051+0000] {processor.py:183} INFO - Processing /home/airflow/.local/lib/python3.12/site-packages/airflow/example_dags/example_branch_operator.py took 0.189 seconds
[2025-08-17T01:02:36.580+0000] {processor.py:161} INFO - Started process (PID=196) to work on /home/airflow/.local/lib/python3.12/site-packages/airflow/example_dags/example_branch_operator.py
[2025-08-17T01:02:36.581+0000] {processor.py:830} INFO - Processing file /home/airflow/.local/lib/python3.12/site-packages/airflow/example_dags/example_branch_operator.py for tasks to queue
[2025-08-17T01:02:36.584+0000] {logging_mixin.py:188} INFO - [2025-08-17T01:02:36.584+0000] {dagbag.py:545} INFO - Filling up the DagBag from /home/airflow/.local/lib/python3.12/site-packages/airflow/example_dags/example_branch_operator.py
[2025-08-17T01:02:36.604+0000] {processor.py:840} INFO - DAG(s) 'example_branch_operator' retrieved from /home/airflow/.local/lib/python3.12/site-packages/airflow/example_dags/example_branch_operator.py
[2025-08-17T01:02:36.641+0000] {logging_mixin.py:188} INFO - [2025-08-17T01:02:36.641+0000] {dag.py:3089} INFO - Sync 1 DAGs
[2025-08-17T01:02:36.671+0000] {logging_mixin.py:188} INFO - [2025-08-17T01:02:36.671+0000] {dag.py:3947} INFO - Setting next_dagrun for example_branch_operator to 2025-08-16 00:00:00+00:00, run_after=2025-08-17 00:00:00+00:00
[2025-08-17T01:02:36.697+0000] {processor.py:183} INFO - Processing /home/airflow/.local/lib/python3.12/site-packages/airflow/example_dags/example_branch_operator.py took 0.125 seconds
[2025-08-17T01:03:07.092+0000] {processor.py:161} INFO - Started process (PID=255) to work on /home/airflow/.local/lib/python3.12/site-packages/airflow/example_dags/example_branch_operator.py
[2025-08-17T01:03:07.093+0000] {processor.py:830} INFO - Processing file /home/airflow/.local/lib/python3.12/site-packages/airflow/example_dags/example_branch_operator.py for tasks to queue
[2025-08-17T01:03:07.095+0000] {logging_mixin.py:188} INFO - [2025-08-17T01:03:07.095+0000] {dagbag.py:545} INFO - Filling up the DagBag from /home/airflow/.local/lib/python3.12/site-packages/airflow/example_dags/example_branch_operator.py
[2025-08-17T01:03:07.111+0000] {processor.py:840} INFO - DAG(s) 'example_branch_operator' retrieved from /home/airflow/.local/lib/python3.12/site-packages/airflow/example_dags/example_branch_operator.py
[2025-08-17T01:03:07.142+0000] {logging_mixin.py:188} INFO - [2025-08-17T01:03:07.142+0000] {dag.py:3089} INFO - Sync 1 DAGs
[2025-08-17T01:03:07.165+0000] {logging_mixin.py:188} INFO - [2025-08-17T01:03:07.164+0000] {dag.py:3947} INFO - Setting next_dagrun for example_branch_operator to 2025-08-16 00:00:00+00:00, run_after=2025-08-17 00:00:00+00:00
[2025-08-17T01:03:07.184+0000] {processor.py:183} INFO - Processing /home/airflow/.local/lib/python3.12/site-packages/airflow/example_dags/example_branch_operator.py took 0.099 seconds
[2025-08-17T01:03:37.314+0000] {processor.py:161} INFO - Started process (PID=314) to work on /home/airflow/.local/lib/python3.12/site-packages/airflow/example_dags/example_branch_operator.py
[2025-08-17T01:03:37.315+0000] {processor.py:830} INFO - Processing file /home/airflow/.local/lib/python3.12/site-packages/airflow/example_dags/example_branch_operator.py for tasks to queue
[2025-08-17T01:03:37.317+0000] {logging_mixin.py:188} INFO - [2025-08-17T01:03:37.317+0000] {dagbag.py:545} INFO - Filling up the DagBag from /home/airflow/.local/lib/python3.12/site-packages/airflow/example_dags/example_branch_operator.py
[2025-08-17T01:03:37.334+0000] {processor.py:840} INFO - DAG(s) 'example_branch_operator' retrieved from /home/airflow/.local/lib/python3.12/site-packages/airflow/example_dags/example_branch_operator.py
[2025-08-17T01:03:37.366+0000] {logging_mixin.py:188} INFO - [2025-08-17T01:03:37.365+0000] {dag.py:3089} INFO - Sync 1 DAGs
[2025-08-17T01:03:37.392+0000] {logging_mixin.py:188} INFO - [2025-08-17T01:03:37.391+0000] {dag.py:3947} INFO - Setting next_dagrun for example_branch_operator to 2025-08-16 00:00:00+00:00, run_after=2025-08-17 00:00:00+00:00
[2025-08-17T01:03:37.412+0000] {processor.py:183} INFO - Processing /home/airflow/.local/lib/python3.12/site-packages/airflow/example_dags/example_branch_operator.py took 0.105 seconds
[2025-08-17T01:04:07.573+0000] {processor.py:161} INFO - Started process (PID=373) to work on /home/airflow/.local/lib/python3.12/site-packages/airflow/example_dags/example_branch_operator.py
[2025-08-17T01:04:07.575+0000] {processor.py:830} INFO - Processing file /home/airflow/.local/lib/python3.12/site-packages/airflow/example_dags/example_branch_operator.py for tasks to queue
[2025-08-17T01:04:07.577+0000] {logging_mixin.py:188} INFO - [2025-08-17T01:04:07.577+0000] {dagbag.py:545} INFO - Filling up the DagBag from /home/airflow/.local/lib/python3.12/site-packages/airflow/example_dags/example_branch_operator.py
[2025-08-17T01:04:07.596+0000] {processor.py:840} INFO - DAG(s) 'example_branch_operator' retrieved from /home/airflow/.local/lib/python3.12/site-packages/airflow/example_dags/example_branch_operator.py
[2025-08-17T01:04:07.631+0000] {logging_mixin.py:188} INFO - [2025-08-17T01:04:07.631+0000] {dag.py:3089} INFO - Sync 1 DAGs
[2025-08-17T01:04:07.656+0000] {logging_mixin.py:188} INFO - [2025-08-17T01:04:07.656+0000] {dag.py:3947} INFO - Setting next_dagrun for example_branch_operator to 2025-08-16 00:00:00+00:00, run_after=2025-08-17 00:00:00+00:00
[2025-08-17T01:04:07.680+0000] {processor.py:183} INFO - Processing /home/airflow/.local/lib/python3.12/site-packages/airflow/example_dags/example_branch_operator.py took 0.114 seconds
[2025-08-17T01:04:38.394+0000] {processor.py:161} INFO - Started process (PID=438) to work on /home/airflow/.local/lib/python3.12/site-packages/airflow/example_dags/example_branch_operator.py
[2025-08-17T01:04:38.396+0000] {processor.py:830} INFO - Processing file /home/airflow/.local/lib/python3.12/site-packages/airflow/example_dags/example_branch_operator.py for tasks to queue
[2025-08-17T01:04:38.398+0000] {logging_mixin.py:188} INFO - [2025-08-17T01:04:38.398+0000] {dagbag.py:545} INFO - Filling up the DagBag from /home/airflow/.local/lib/python3.12/site-packages/airflow/example_dags/example_branch_operator.py
[2025-08-17T01:04:38.418+0000] {processor.py:840} INFO - DAG(s) 'example_branch_operator' retrieved from /home/airflow/.local/lib/python3.12/site-packages/airflow/example_dags/example_branch_operator.py
[2025-08-17T01:04:38.453+0000] {logging_mixin.py:188} INFO - [2025-08-17T01:04:38.452+0000] {dag.py:3089} INFO - Sync 1 DAGs
[2025-08-17T01:04:38.475+0000] {logging_mixin.py:188} INFO - [2025-08-17T01:04:38.475+0000] {dag.py:3947} INFO - Setting next_dagrun for example_branch_operator to 2025-08-16 00:00:00+00:00, run_after=2025-08-17 00:00:00+00:00
[2025-08-17T01:04:38.494+0000] {processor.py:183} INFO - Processing /home/airflow/.local/lib/python3.12/site-packages/airflow/example_dags/example_branch_operator.py took 0.107 seconds
[2025-08-17T01:05:09.005+0000] {processor.py:161} INFO - Started process (PID=497) to work on /home/airflow/.local/lib/python3.12/site-packages/airflow/example_dags/example_branch_operator.py
[2025-08-17T01:05:09.006+0000] {processor.py:830} INFO - Processing file /home/airflow/.local/lib/python3.12/site-packages/airflow/example_dags/example_branch_operator.py for tasks to queue
[2025-08-17T01:05:09.009+0000] {logging_mixin.py:188} INFO - [2025-08-17T01:05:09.008+0000] {dagbag.py:545} INFO - Filling up the DagBag from /home/airflow/.local/lib/python3.12/site-packages/airflow/example_dags/example_branch_operator.py
[2025-08-17T01:05:09.022+0000] {processor.py:840} INFO - DAG(s) 'example_branch_operator' retrieved from /home/airflow/.local/lib/python3.12/site-packages/airflow/example_dags/example_branch_operator.py
[2025-08-17T01:05:09.051+0000] {logging_mixin.py:188} INFO - [2025-08-17T01:05:09.051+0000] {dag.py:3089} INFO - Sync 1 DAGs
[2025-08-17T01:05:09.072+0000] {logging_mixin.py:188} INFO - [2025-08-17T01:05:09.072+0000] {dag.py:3947} INFO - Setting next_dagrun for example_branch_operator to 2025-08-16 00:00:00+00:00, run_after=2025-08-17 00:00:00+00:00
[2025-08-17T01:05:09.090+0000] {processor.py:183} INFO - Processing /home/airflow/.local/lib/python3.12/site-packages/airflow/example_dags/example_branch_operator.py took 0.091 seconds
[2025-08-17T01:05:39.687+0000] {processor.py:161} INFO - Started process (PID=556) to work on /home/airflow/.local/lib/python3.12/site-packages/airflow/example_dags/example_branch_operator.py
[2025-08-17T01:05:39.688+0000] {processor.py:830} INFO - Processing file /home/airflow/.local/lib/python3.12/site-packages/airflow/example_dags/example_branch_operator.py for tasks to queue
[2025-08-17T01:05:39.690+0000] {logging_mixin.py:188} INFO - [2025-08-17T01:05:39.690+0000] {dagbag.py:545} INFO - Filling up the DagBag from /home/airflow/.local/lib/python3.12/site-packages/airflow/example_dags/example_branch_operator.py
[2025-08-17T01:05:39.707+0000] {processor.py:840} INFO - DAG(s) 'example_branch_operator' retrieved from /home/airflow/.local/lib/python3.12/site-packages/airflow/example_dags/example_branch_operator.py
[2025-08-17T01:05:39.740+0000] {logging_mixin.py:188} INFO - [2025-08-17T01:05:39.740+0000] {dag.py:3089} INFO - Sync 1 DAGs
[2025-08-17T01:05:39.767+0000] {logging_mixin.py:188} INFO - [2025-08-17T01:05:39.767+0000] {dag.py:3947} INFO - Setting next_dagrun for example_branch_operator to 2025-08-16 00:00:00+00:00, run_after=2025-08-17 00:00:00+00:00
[2025-08-17T01:05:39.789+0000] {processor.py:183} INFO - Processing /home/airflow/.local/lib/python3.12/site-packages/airflow/example_dags/example_branch_operator.py took 0.109 seconds
[2025-08-17T01:06:10.668+0000] {processor.py:161} INFO - Started process (PID=615) to work on /home/airflow/.local/lib/python3.12/site-packages/airflow/example_dags/example_branch_operator.py
[2025-08-17T01:06:10.669+0000] {processor.py:830} INFO - Processing file /home/airflow/.local/lib/python3.12/site-packages/airflow/example_dags/example_branch_operator.py for tasks to queue
[2025-08-17T01:06:10.672+0000] {logging_mixin.py:188} INFO - [2025-08-17T01:06:10.672+0000] {dagbag.py:545} INFO - Filling up the DagBag from /home/airflow/.local/lib/python3.12/site-packages/airflow/example_dags/example_branch_operator.py
[2025-08-17T01:06:10.690+0000] {processor.py:840} INFO - DAG(s) 'example_branch_operator' retrieved from /home/airflow/.local/lib/python3.12/site-packages/airflow/example_dags/example_branch_operator.py
[2025-08-17T01:06:10.725+0000] {logging_mixin.py:188} INFO - [2025-08-17T01:06:10.725+0000] {dag.py:3089} INFO - Sync 1 DAGs
[2025-08-17T01:06:10.751+0000] {logging_mixin.py:188} INFO - [2025-08-17T01:06:10.750+0000] {dag.py:3947} INFO - Setting next_dagrun for example_branch_operator to 2025-08-16 00:00:00+00:00, run_after=2025-08-17 00:00:00+00:00
[2025-08-17T01:06:10.776+0000] {processor.py:183} INFO - Processing /home/airflow/.local/lib/python3.12/site-packages/airflow/example_dags/example_branch_operator.py took 0.115 seconds
[2025-08-17T01:06:40.950+0000] {processor.py:161} INFO - Started process (PID=674) to work on /home/airflow/.local/lib/python3.12/site-packages/airflow/example_dags/example_branch_operator.py
[2025-08-17T01:06:40.952+0000] {processor.py:830} INFO - Processing file /home/airflow/.local/lib/python3.12/site-packages/airflow/example_dags/example_branch_operator.py for tasks to queue
[2025-08-17T01:06:40.954+0000] {logging_mixin.py:188} INFO - [2025-08-17T01:06:40.954+0000] {dagbag.py:545} INFO - Filling up the DagBag from /home/airflow/.local/lib/python3.12/site-packages/airflow/example_dags/example_branch_operator.py
[2025-08-17T01:06:40.970+0000] {processor.py:840} INFO - DAG(s) 'example_branch_operator' retrieved from /home/airflow/.local/lib/python3.12/site-packages/airflow/example_dags/example_branch_operator.py
[2025-08-17T01:06:41.002+0000] {logging_mixin.py:188} INFO - [2025-08-17T01:06:41.002+0000] {dag.py:3089} INFO - Sync 1 DAGs
[2025-08-17T01:06:41.031+0000] {logging_mixin.py:188} INFO - [2025-08-17T01:06:41.031+0000] {dag.py:3947} INFO - Setting next_dagrun for example_branch_operator to 2025-08-16 00:00:00+00:00, run_after=2025-08-17 00:00:00+00:00
[2025-08-17T01:06:41.055+0000] {processor.py:183} INFO - Processing /home/airflow/.local/lib/python3.12/site-packages/airflow/example_dags/example_branch_operator.py took 0.110 seconds
[2025-08-17T01:07:12.026+0000] {processor.py:161} INFO - Started process (PID=733) to work on /home/airflow/.local/lib/python3.12/site-packages/airflow/example_dags/example_branch_operator.py
[2025-08-17T01:07:12.027+0000] {processor.py:830} INFO - Processing file /home/airflow/.local/lib/python3.12/site-packages/airflow/example_dags/example_branch_operator.py for tasks to queue
[2025-08-17T01:07:12.030+0000] {logging_mixin.py:188} INFO - [2025-08-17T01:07:12.029+0000] {dagbag.py:545} INFO - Filling up the DagBag from /home/airflow/.local/lib/python3.12/site-packages/airflow/example_dags/example_branch_operator.py
[2025-08-17T01:07:12.046+0000] {processor.py:840} INFO - DAG(s) 'example_branch_operator' retrieved from /home/airflow/.local/lib/python3.12/site-packages/airflow/example_dags/example_branch_operator.py
[2025-08-17T01:07:12.073+0000] {logging_mixin.py:188} INFO - [2025-08-17T01:07:12.073+0000] {dag.py:3089} INFO - Sync 1 DAGs
[2025-08-17T01:07:12.094+0000] {logging_mixin.py:188} INFO - [2025-08-17T01:07:12.094+0000] {dag.py:3947} INFO - Setting next_dagrun for example_branch_operator to 2025-08-16 00:00:00+00:00, run_after=2025-08-17 00:00:00+00:00
[2025-08-17T01:07:12.114+0000] {processor.py:183} INFO - Processing /home/airflow/.local/lib/python3.12/site-packages/airflow/example_dags/example_branch_operator.py took 0.093 seconds
[2025-08-17T01:07:42.379+0000] {processor.py:161} INFO - Started process (PID=793) to work on /home/airflow/.local/lib/python3.12/site-packages/airflow/example_dags/example_branch_operator.py
[2025-08-17T01:07:42.380+0000] {processor.py:830} INFO - Processing file /home/airflow/.local/lib/python3.12/site-packages/airflow/example_dags/example_branch_operator.py for tasks to queue
[2025-08-17T01:07:42.383+0000] {logging_mixin.py:188} INFO - [2025-08-17T01:07:42.382+0000] {dagbag.py:545} INFO - Filling up the DagBag from /home/airflow/.local/lib/python3.12/site-packages/airflow/example_dags/example_branch_operator.py
[2025-08-17T01:07:42.401+0000] {processor.py:840} INFO - DAG(s) 'example_branch_operator' retrieved from /home/airflow/.local/lib/python3.12/site-packages/airflow/example_dags/example_branch_operator.py
[2025-08-17T01:07:42.438+0000] {logging_mixin.py:188} INFO - [2025-08-17T01:07:42.438+0000] {dag.py:3089} INFO - Sync 1 DAGs
[2025-08-17T01:07:42.467+0000] {logging_mixin.py:188} INFO - [2025-08-17T01:07:42.467+0000] {dag.py:3947} INFO - Setting next_dagrun for example_branch_operator to 2025-08-16 00:00:00+00:00, run_after=2025-08-17 00:00:00+00:00
[2025-08-17T01:07:42.492+0000] {processor.py:183} INFO - Processing /home/airflow/.local/lib/python3.12/site-packages/airflow/example_dags/example_branch_operator.py took 0.121 seconds
[2025-08-17T01:08:13.338+0000] {processor.py:161} INFO - Started process (PID=852) to work on /home/airflow/.local/lib/python3.12/site-packages/airflow/example_dags/example_branch_operator.py
[2025-08-17T01:08:13.339+0000] {processor.py:830} INFO - Processing file /home/airflow/.local/lib/python3.12/site-packages/airflow/example_dags/example_branch_operator.py for tasks to queue
[2025-08-17T01:08:13.342+0000] {logging_mixin.py:188} INFO - [2025-08-17T01:08:13.342+0000] {dagbag.py:545} INFO - Filling up the DagBag from /home/airflow/.local/lib/python3.12/site-packages/airflow/example_dags/example_branch_operator.py
[2025-08-17T01:08:13.358+0000] {processor.py:840} INFO - DAG(s) 'example_branch_operator' retrieved from /home/airflow/.local/lib/python3.12/site-packages/airflow/example_dags/example_branch_operator.py
[2025-08-17T01:08:13.384+0000] {logging_mixin.py:188} INFO - [2025-08-17T01:08:13.384+0000] {dag.py:3089} INFO - Sync 1 DAGs
[2025-08-17T01:08:13.405+0000] {logging_mixin.py:188} INFO - [2025-08-17T01:08:13.405+0000] {dag.py:3947} INFO - Setting next_dagrun for example_branch_operator to 2025-08-16 00:00:00+00:00, run_after=2025-08-17 00:00:00+00:00
[2025-08-17T01:08:13.422+0000] {processor.py:183} INFO - Processing /home/airflow/.local/lib/python3.12/site-packages/airflow/example_dags/example_branch_operator.py took 0.090 seconds
[2025-08-17T01:08:43.790+0000] {processor.py:161} INFO - Started process (PID=911) to work on /home/airflow/.local/lib/python3.12/site-packages/airflow/example_dags/example_branch_operator.py
[2025-08-17T01:08:43.792+0000] {processor.py:830} INFO - Processing file /home/airflow/.local/lib/python3.12/site-packages/airflow/example_dags/example_branch_operator.py for tasks to queue
[2025-08-17T01:08:43.794+0000] {logging_mixin.py:188} INFO - [2025-08-17T01:08:43.793+0000] {dagbag.py:545} INFO - Filling up the DagBag from /home/airflow/.local/lib/python3.12/site-packages/airflow/example_dags/example_branch_operator.py
[2025-08-17T01:08:43.811+0000] {processor.py:840} INFO - DAG(s) 'example_branch_operator' retrieved from /home/airflow/.local/lib/python3.12/site-packages/airflow/example_dags/example_branch_operator.py
[2025-08-17T01:08:43.845+0000] {logging_mixin.py:188} INFO - [2025-08-17T01:08:43.844+0000] {dag.py:3089} INFO - Sync 1 DAGs
[2025-08-17T01:08:43.870+0000] {logging_mixin.py:188} INFO - [2025-08-17T01:08:43.870+0000] {dag.py:3947} INFO - Setting next_dagrun for example_branch_operator to 2025-08-16 00:00:00+00:00, run_after=2025-08-17 00:00:00+00:00
[2025-08-17T01:08:43.895+0000] {processor.py:183} INFO - Processing /home/airflow/.local/lib/python3.12/site-packages/airflow/example_dags/example_branch_operator.py took 0.112 seconds
[2025-08-17T01:09:14.047+0000] {processor.py:161} INFO - Started process (PID=970) to work on /home/airflow/.local/lib/python3.12/site-packages/airflow/example_dags/example_branch_operator.py
[2025-08-17T01:09:14.049+0000] {processor.py:830} INFO - Processing file /home/airflow/.local/lib/python3.12/site-packages/airflow/example_dags/example_branch_operator.py for tasks to queue
[2025-08-17T01:09:14.052+0000] {logging_mixin.py:188} INFO - [2025-08-17T01:09:14.051+0000] {dagbag.py:545} INFO - Filling up the DagBag from /home/airflow/.local/lib/python3.12/site-packages/airflow/example_dags/example_branch_operator.py
[2025-08-17T01:09:14.076+0000] {processor.py:840} INFO - DAG(s) 'example_branch_operator' retrieved from /home/airflow/.local/lib/python3.12/site-packages/airflow/example_dags/example_branch_operator.py
[2025-08-17T01:09:14.121+0000] {logging_mixin.py:188} INFO - [2025-08-17T01:09:14.121+0000] {dag.py:3089} INFO - Sync 1 DAGs
[2025-08-17T01:09:14.173+0000] {logging_mixin.py:188} INFO - [2025-08-17T01:09:14.172+0000] {dag.py:3947} INFO - Setting next_dagrun for example_branch_operator to 2025-08-16 00:00:00+00:00, run_after=2025-08-17 00:00:00+00:00
[2025-08-17T01:09:14.226+0000] {processor.py:183} INFO - Processing /home/airflow/.local/lib/python3.12/site-packages/airflow/example_dags/example_branch_operator.py took 0.187 seconds
[2025-08-17T01:09:45.065+0000] {processor.py:161} INFO - Started process (PID=1029) to work on /home/airflow/.local/lib/python3.12/site-packages/airflow/example_dags/example_branch_operator.py
[2025-08-17T01:09:45.066+0000] {processor.py:830} INFO - Processing file /home/airflow/.local/lib/python3.12/site-packages/airflow/example_dags/example_branch_operator.py for tasks to queue
[2025-08-17T01:09:45.068+0000] {logging_mixin.py:188} INFO - [2025-08-17T01:09:45.068+0000] {dagbag.py:545} INFO - Filling up the DagBag from /home/airflow/.local/lib/python3.12/site-packages/airflow/example_dags/example_branch_operator.py
[2025-08-17T01:09:45.085+0000] {processor.py:840} INFO - DAG(s) 'example_branch_operator' retrieved from /home/airflow/.local/lib/python3.12/site-packages/airflow/example_dags/example_branch_operator.py
[2025-08-17T01:09:45.116+0000] {logging_mixin.py:188} INFO - [2025-08-17T01:09:45.115+0000] {dag.py:3089} INFO - Sync 1 DAGs
[2025-08-17T01:09:45.139+0000] {logging_mixin.py:188} INFO - [2025-08-17T01:09:45.139+0000] {dag.py:3947} INFO - Setting next_dagrun for example_branch_operator to 2025-08-16 00:00:00+00:00, run_after=2025-08-17 00:00:00+00:00
[2025-08-17T01:09:45.160+0000] {processor.py:183} INFO - Processing /home/airflow/.local/lib/python3.12/site-packages/airflow/example_dags/example_branch_operator.py took 0.102 seconds
[2025-08-17T01:10:15.275+0000] {processor.py:161} INFO - Started process (PID=1088) to work on /home/airflow/.local/lib/python3.12/site-packages/airflow/example_dags/example_branch_operator.py
[2025-08-17T01:10:15.277+0000] {processor.py:830} INFO - Processing file /home/airflow/.local/lib/python3.12/site-packages/airflow/example_dags/example_branch_operator.py for tasks to queue
[2025-08-17T01:10:15.279+0000] {logging_mixin.py:188} INFO - [2025-08-17T01:10:15.279+0000] {dagbag.py:545} INFO - Filling up the DagBag from /home/airflow/.local/lib/python3.12/site-packages/airflow/example_dags/example_branch_operator.py
[2025-08-17T01:10:15.295+0000] {processor.py:840} INFO - DAG(s) 'example_branch_operator' retrieved from /home/airflow/.local/lib/python3.12/site-packages/airflow/example_dags/example_branch_operator.py
[2025-08-17T01:10:15.336+0000] {logging_mixin.py:188} INFO - [2025-08-17T01:10:15.336+0000] {dag.py:3089} INFO - Sync 1 DAGs
[2025-08-17T01:10:15.364+0000] {logging_mixin.py:188} INFO - [2025-08-17T01:10:15.364+0000] {dag.py:3947} INFO - Setting next_dagrun for example_branch_operator to 2025-08-16 00:00:00+00:00, run_after=2025-08-17 00:00:00+00:00
[2025-08-17T01:10:15.388+0000] {processor.py:183} INFO - Processing /home/airflow/.local/lib/python3.12/site-packages/airflow/example_dags/example_branch_operator.py took 0.120 seconds
[2025-08-17T01:10:45.688+0000] {processor.py:161} INFO - Started process (PID=1147) to work on /home/airflow/.local/lib/python3.12/site-packages/airflow/example_dags/example_branch_operator.py
[2025-08-17T01:10:45.689+0000] {processor.py:830} INFO - Processing file /home/airflow/.local/lib/python3.12/site-packages/airflow/example_dags/example_branch_operator.py for tasks to queue
[2025-08-17T01:10:45.692+0000] {logging_mixin.py:188} INFO - [2025-08-17T01:10:45.692+0000] {dagbag.py:545} INFO - Filling up the DagBag from /home/airflow/.local/lib/python3.12/site-packages/airflow/example_dags/example_branch_operator.py
[2025-08-17T01:10:45.718+0000] {processor.py:840} INFO - DAG(s) 'example_branch_operator' retrieved from /home/airflow/.local/lib/python3.12/site-packages/airflow/example_dags/example_branch_operator.py
[2025-08-17T01:10:45.756+0000] {logging_mixin.py:188} INFO - [2025-08-17T01:10:45.755+0000] {dag.py:3089} INFO - Sync 1 DAGs
[2025-08-17T01:10:45.782+0000] {logging_mixin.py:188} INFO - [2025-08-17T01:10:45.781+0000] {dag.py:3947} INFO - Setting next_dagrun for example_branch_operator to 2025-08-16 00:00:00+00:00, run_after=2025-08-17 00:00:00+00:00
[2025-08-17T01:10:45.807+0000] {processor.py:183} INFO - Processing /home/airflow/.local/lib/python3.12/site-packages/airflow/example_dags/example_branch_operator.py took 0.127 seconds
[2025-08-17T01:11:16.176+0000] {processor.py:161} INFO - Started process (PID=1206) to work on /home/airflow/.local/lib/python3.12/site-packages/airflow/example_dags/example_branch_operator.py
[2025-08-17T01:11:16.178+0000] {processor.py:830} INFO - Processing file /home/airflow/.local/lib/python3.12/site-packages/airflow/example_dags/example_branch_operator.py for tasks to queue
[2025-08-17T01:11:16.181+0000] {logging_mixin.py:188} INFO - [2025-08-17T01:11:16.180+0000] {dagbag.py:545} INFO - Filling up the DagBag from /home/airflow/.local/lib/python3.12/site-packages/airflow/example_dags/example_branch_operator.py
[2025-08-17T01:11:16.196+0000] {processor.py:840} INFO - DAG(s) 'example_branch_operator' retrieved from /home/airflow/.local/lib/python3.12/site-packages/airflow/example_dags/example_branch_operator.py
[2025-08-17T01:11:16.225+0000] {logging_mixin.py:188} INFO - [2025-08-17T01:11:16.225+0000] {dag.py:3089} INFO - Sync 1 DAGs
[2025-08-17T01:11:16.247+0000] {logging_mixin.py:188} INFO - [2025-08-17T01:11:16.247+0000] {dag.py:3947} INFO - Setting next_dagrun for example_branch_operator to 2025-08-16 00:00:00+00:00, run_after=2025-08-17 00:00:00+00:00
[2025-08-17T01:11:16.266+0000] {processor.py:183} INFO - Processing /home/airflow/.local/lib/python3.12/site-packages/airflow/example_dags/example_branch_operator.py took 0.096 seconds
[2025-08-17T01:11:46.758+0000] {processor.py:161} INFO - Started process (PID=1265) to work on /home/airflow/.local/lib/python3.12/site-packages/airflow/example_dags/example_branch_operator.py
[2025-08-17T01:11:46.761+0000] {processor.py:830} INFO - Processing file /home/airflow/.local/lib/python3.12/site-packages/airflow/example_dags/example_branch_operator.py for tasks to queue
[2025-08-17T01:11:46.764+0000] {logging_mixin.py:188} INFO - [2025-08-17T01:11:46.763+0000] {dagbag.py:545} INFO - Filling up the DagBag from /home/airflow/.local/lib/python3.12/site-packages/airflow/example_dags/example_branch_operator.py
[2025-08-17T01:11:46.784+0000] {processor.py:840} INFO - DAG(s) 'example_branch_operator' retrieved from /home/airflow/.local/lib/python3.12/site-packages/airflow/example_dags/example_branch_operator.py
[2025-08-17T01:11:46.822+0000] {logging_mixin.py:188} INFO - [2025-08-17T01:11:46.822+0000] {dag.py:3089} INFO - Sync 1 DAGs
[2025-08-17T01:11:46.851+0000] {logging_mixin.py:188} INFO - [2025-08-17T01:11:46.851+0000] {dag.py:3947} INFO - Setting next_dagrun for example_branch_operator to 2025-08-16 00:00:00+00:00, run_after=2025-08-17 00:00:00+00:00
[2025-08-17T01:11:46.876+0000] {processor.py:183} INFO - Processing /home/airflow/.local/lib/python3.12/site-packages/airflow/example_dags/example_branch_operator.py took 0.125 seconds
[2025-08-17T01:12:16.992+0000] {processor.py:161} INFO - Started process (PID=1324) to work on /home/airflow/.local/lib/python3.12/site-packages/airflow/example_dags/example_branch_operator.py
[2025-08-17T01:12:16.993+0000] {processor.py:830} INFO - Processing file /home/airflow/.local/lib/python3.12/site-packages/airflow/example_dags/example_branch_operator.py for tasks to queue
[2025-08-17T01:12:16.997+0000] {logging_mixin.py:188} INFO - [2025-08-17T01:12:16.996+0000] {dagbag.py:545} INFO - Filling up the DagBag from /home/airflow/.local/lib/python3.12/site-packages/airflow/example_dags/example_branch_operator.py
[2025-08-17T01:12:17.022+0000] {processor.py:840} INFO - DAG(s) 'example_branch_operator' retrieved from /home/airflow/.local/lib/python3.12/site-packages/airflow/example_dags/example_branch_operator.py
[2025-08-17T01:12:17.064+0000] {logging_mixin.py:188} INFO - [2025-08-17T01:12:17.064+0000] {dag.py:3089} INFO - Sync 1 DAGs
[2025-08-17T01:12:17.093+0000] {logging_mixin.py:188} INFO - [2025-08-17T01:12:17.092+0000] {dag.py:3947} INFO - Setting next_dagrun for example_branch_operator to 2025-08-16 00:00:00+00:00, run_after=2025-08-17 00:00:00+00:00
[2025-08-17T01:12:17.125+0000] {processor.py:183} INFO - Processing /home/airflow/.local/lib/python3.12/site-packages/airflow/example_dags/example_branch_operator.py took 0.139 seconds
[2025-08-17T01:12:47.556+0000] {processor.py:161} INFO - Started process (PID=1383) to work on /home/airflow/.local/lib/python3.12/site-packages/airflow/example_dags/example_branch_operator.py
[2025-08-17T01:12:47.557+0000] {processor.py:830} INFO - Processing file /home/airflow/.local/lib/python3.12/site-packages/airflow/example_dags/example_branch_operator.py for tasks to queue
[2025-08-17T01:12:47.560+0000] {logging_mixin.py:188} INFO - [2025-08-17T01:12:47.560+0000] {dagbag.py:545} INFO - Filling up the DagBag from /home/airflow/.local/lib/python3.12/site-packages/airflow/example_dags/example_branch_operator.py
[2025-08-17T01:12:47.576+0000] {processor.py:840} INFO - DAG(s) 'example_branch_operator' retrieved from /home/airflow/.local/lib/python3.12/site-packages/airflow/example_dags/example_branch_operator.py
[2025-08-17T01:12:47.604+0000] {logging_mixin.py:188} INFO - [2025-08-17T01:12:47.604+0000] {dag.py:3089} INFO - Sync 1 DAGs
[2025-08-17T01:12:47.626+0000] {logging_mixin.py:188} INFO - [2025-08-17T01:12:47.626+0000] {dag.py:3947} INFO - Setting next_dagrun for example_branch_operator to 2025-08-16 00:00:00+00:00, run_after=2025-08-17 00:00:00+00:00
[2025-08-17T01:12:47.645+0000] {processor.py:183} INFO - Processing /home/airflow/.local/lib/python3.12/site-packages/airflow/example_dags/example_branch_operator.py took 0.096 seconds
[2025-08-17T01:13:17.964+0000] {processor.py:161} INFO - Started process (PID=1443) to work on /home/airflow/.local/lib/python3.12/site-packages/airflow/example_dags/example_branch_operator.py
[2025-08-17T01:13:17.966+0000] {processor.py:830} INFO - Processing file /home/airflow/.local/lib/python3.12/site-packages/airflow/example_dags/example_branch_operator.py for tasks to queue
[2025-08-17T01:13:17.969+0000] {logging_mixin.py:188} INFO - [2025-08-17T01:13:17.968+0000] {dagbag.py:545} INFO - Filling up the DagBag from /home/airflow/.local/lib/python3.12/site-packages/airflow/example_dags/example_branch_operator.py
[2025-08-17T01:13:17.985+0000] {processor.py:840} INFO - DAG(s) 'example_branch_operator' retrieved from /home/airflow/.local/lib/python3.12/site-packages/airflow/example_dags/example_branch_operator.py
[2025-08-17T01:13:18.014+0000] {logging_mixin.py:188} INFO - [2025-08-17T01:13:18.014+0000] {dag.py:3089} INFO - Sync 1 DAGs
[2025-08-17T01:13:18.038+0000] {logging_mixin.py:188} INFO - [2025-08-17T01:13:18.037+0000] {dag.py:3947} INFO - Setting next_dagrun for example_branch_operator to 2025-08-16 00:00:00+00:00, run_after=2025-08-17 00:00:00+00:00
[2025-08-17T01:13:18.059+0000] {processor.py:183} INFO - Processing /home/airflow/.local/lib/python3.12/site-packages/airflow/example_dags/example_branch_operator.py took 0.100 seconds
[2025-08-17T01:13:48.480+0000] {processor.py:161} INFO - Started process (PID=1502) to work on /home/airflow/.local/lib/python3.12/site-packages/airflow/example_dags/example_branch_operator.py
[2025-08-17T01:13:48.482+0000] {processor.py:830} INFO - Processing file /home/airflow/.local/lib/python3.12/site-packages/airflow/example_dags/example_branch_operator.py for tasks to queue
[2025-08-17T01:13:48.484+0000] {logging_mixin.py:188} INFO - [2025-08-17T01:13:48.483+0000] {dagbag.py:545} INFO - Filling up the DagBag from /home/airflow/.local/lib/python3.12/site-packages/airflow/example_dags/example_branch_operator.py
[2025-08-17T01:13:48.500+0000] {processor.py:840} INFO - DAG(s) 'example_branch_operator' retrieved from /home/airflow/.local/lib/python3.12/site-packages/airflow/example_dags/example_branch_operator.py
[2025-08-17T01:13:48.529+0000] {logging_mixin.py:188} INFO - [2025-08-17T01:13:48.529+0000] {dag.py:3089} INFO - Sync 1 DAGs
[2025-08-17T01:13:48.553+0000] {logging_mixin.py:188} INFO - [2025-08-17T01:13:48.553+0000] {dag.py:3947} INFO - Setting next_dagrun for example_branch_operator to 2025-08-16 00:00:00+00:00, run_after=2025-08-17 00:00:00+00:00
[2025-08-17T01:13:48.574+0000] {processor.py:183} INFO - Processing /home/airflow/.local/lib/python3.12/site-packages/airflow/example_dags/example_branch_operator.py took 0.100 seconds
[2025-08-17T01:14:19.083+0000] {processor.py:161} INFO - Started process (PID=1561) to work on /home/airflow/.local/lib/python3.12/site-packages/airflow/example_dags/example_branch_operator.py
[2025-08-17T01:14:19.085+0000] {processor.py:830} INFO - Processing file /home/airflow/.local/lib/python3.12/site-packages/airflow/example_dags/example_branch_operator.py for tasks to queue
[2025-08-17T01:14:19.088+0000] {logging_mixin.py:188} INFO - [2025-08-17T01:14:19.087+0000] {dagbag.py:545} INFO - Filling up the DagBag from /home/airflow/.local/lib/python3.12/site-packages/airflow/example_dags/example_branch_operator.py
[2025-08-17T01:14:19.105+0000] {processor.py:840} INFO - DAG(s) 'example_branch_operator' retrieved from /home/airflow/.local/lib/python3.12/site-packages/airflow/example_dags/example_branch_operator.py
[2025-08-17T01:14:19.136+0000] {logging_mixin.py:188} INFO - [2025-08-17T01:14:19.136+0000] {dag.py:3089} INFO - Sync 1 DAGs
[2025-08-17T01:14:19.163+0000] {logging_mixin.py:188} INFO - [2025-08-17T01:14:19.163+0000] {dag.py:3947} INFO - Setting next_dagrun for example_branch_operator to 2025-08-16 00:00:00+00:00, run_after=2025-08-17 00:00:00+00:00
[2025-08-17T01:14:19.187+0000] {processor.py:183} INFO - Processing /home/airflow/.local/lib/python3.12/site-packages/airflow/example_dags/example_branch_operator.py took 0.110 seconds
[2025-08-17T01:14:49.644+0000] {processor.py:161} INFO - Started process (PID=1620) to work on /home/airflow/.local/lib/python3.12/site-packages/airflow/example_dags/example_branch_operator.py
[2025-08-17T01:14:49.646+0000] {processor.py:830} INFO - Processing file /home/airflow/.local/lib/python3.12/site-packages/airflow/example_dags/example_branch_operator.py for tasks to queue
[2025-08-17T01:14:49.648+0000] {logging_mixin.py:188} INFO - [2025-08-17T01:14:49.647+0000] {dagbag.py:545} INFO - Filling up the DagBag from /home/airflow/.local/lib/python3.12/site-packages/airflow/example_dags/example_branch_operator.py
[2025-08-17T01:14:49.662+0000] {processor.py:840} INFO - DAG(s) 'example_branch_operator' retrieved from /home/airflow/.local/lib/python3.12/site-packages/airflow/example_dags/example_branch_operator.py
[2025-08-17T01:14:49.692+0000] {logging_mixin.py:188} INFO - [2025-08-17T01:14:49.691+0000] {dag.py:3089} INFO - Sync 1 DAGs
[2025-08-17T01:14:49.711+0000] {logging_mixin.py:188} INFO - [2025-08-17T01:14:49.710+0000] {dag.py:3947} INFO - Setting next_dagrun for example_branch_operator to 2025-08-16 00:00:00+00:00, run_after=2025-08-17 00:00:00+00:00
[2025-08-17T01:14:49.731+0000] {processor.py:183} INFO - Processing /home/airflow/.local/lib/python3.12/site-packages/airflow/example_dags/example_branch_operator.py took 0.093 seconds
[2025-08-17T01:15:19.883+0000] {processor.py:161} INFO - Started process (PID=1679) to work on /home/airflow/.local/lib/python3.12/site-packages/airflow/example_dags/example_branch_operator.py
[2025-08-17T01:15:19.884+0000] {processor.py:830} INFO - Processing file /home/airflow/.local/lib/python3.12/site-packages/airflow/example_dags/example_branch_operator.py for tasks to queue
[2025-08-17T01:15:19.887+0000] {logging_mixin.py:188} INFO - [2025-08-17T01:15:19.886+0000] {dagbag.py:545} INFO - Filling up the DagBag from /home/airflow/.local/lib/python3.12/site-packages/airflow/example_dags/example_branch_operator.py
[2025-08-17T01:15:19.902+0000] {processor.py:840} INFO - DAG(s) 'example_branch_operator' retrieved from /home/airflow/.local/lib/python3.12/site-packages/airflow/example_dags/example_branch_operator.py
[2025-08-17T01:15:19.933+0000] {logging_mixin.py:188} INFO - [2025-08-17T01:15:19.932+0000] {dag.py:3089} INFO - Sync 1 DAGs
[2025-08-17T01:15:19.955+0000] {logging_mixin.py:188} INFO - [2025-08-17T01:15:19.955+0000] {dag.py:3947} INFO - Setting next_dagrun for example_branch_operator to 2025-08-16 00:00:00+00:00, run_after=2025-08-17 00:00:00+00:00
[2025-08-17T01:15:19.978+0000] {processor.py:183} INFO - Processing /home/airflow/.local/lib/python3.12/site-packages/airflow/example_dags/example_branch_operator.py took 0.100 seconds
[2025-08-17T01:15:50.352+0000] {processor.py:161} INFO - Started process (PID=1738) to work on /home/airflow/.local/lib/python3.12/site-packages/airflow/example_dags/example_branch_operator.py
[2025-08-17T01:15:50.354+0000] {processor.py:830} INFO - Processing file /home/airflow/.local/lib/python3.12/site-packages/airflow/example_dags/example_branch_operator.py for tasks to queue
[2025-08-17T01:15:50.357+0000] {logging_mixin.py:188} INFO - [2025-08-17T01:15:50.356+0000] {dagbag.py:545} INFO - Filling up the DagBag from /home/airflow/.local/lib/python3.12/site-packages/airflow/example_dags/example_branch_operator.py
[2025-08-17T01:15:50.375+0000] {processor.py:840} INFO - DAG(s) 'example_branch_operator' retrieved from /home/airflow/.local/lib/python3.12/site-packages/airflow/example_dags/example_branch_operator.py
[2025-08-17T01:15:50.409+0000] {logging_mixin.py:188} INFO - [2025-08-17T01:15:50.409+0000] {dag.py:3089} INFO - Sync 1 DAGs
[2025-08-17T01:15:50.610+0000] {logging_mixin.py:188} INFO - [2025-08-17T01:15:50.609+0000] {dag.py:3947} INFO - Setting next_dagrun for example_branch_operator to 2025-08-16 00:00:00+00:00, run_after=2025-08-17 00:00:00+00:00
[2025-08-17T01:15:50.632+0000] {processor.py:183} INFO - Processing /home/airflow/.local/lib/python3.12/site-packages/airflow/example_dags/example_branch_operator.py took 0.287 seconds
[2025-08-17T01:16:21.568+0000] {processor.py:161} INFO - Started process (PID=1797) to work on /home/airflow/.local/lib/python3.12/site-packages/airflow/example_dags/example_branch_operator.py
[2025-08-17T01:16:21.569+0000] {processor.py:830} INFO - Processing file /home/airflow/.local/lib/python3.12/site-packages/airflow/example_dags/example_branch_operator.py for tasks to queue
[2025-08-17T01:16:21.571+0000] {logging_mixin.py:188} INFO - [2025-08-17T01:16:21.571+0000] {dagbag.py:545} INFO - Filling up the DagBag from /home/airflow/.local/lib/python3.12/site-packages/airflow/example_dags/example_branch_operator.py
[2025-08-17T01:16:21.589+0000] {processor.py:840} INFO - DAG(s) 'example_branch_operator' retrieved from /home/airflow/.local/lib/python3.12/site-packages/airflow/example_dags/example_branch_operator.py
[2025-08-17T01:16:21.620+0000] {logging_mixin.py:188} INFO - [2025-08-17T01:16:21.620+0000] {dag.py:3089} INFO - Sync 1 DAGs
[2025-08-17T01:16:21.645+0000] {logging_mixin.py:188} INFO - [2025-08-17T01:16:21.645+0000] {dag.py:3947} INFO - Setting next_dagrun for example_branch_operator to 2025-08-16 00:00:00+00:00, run_after=2025-08-17 00:00:00+00:00
[2025-08-17T01:16:21.830+0000] {processor.py:183} INFO - Processing /home/airflow/.local/lib/python3.12/site-packages/airflow/example_dags/example_branch_operator.py took 0.268 seconds
[2025-08-17T01:17:39.304+0000] {processor.py:161} INFO - Started process (PID=84) to work on /home/airflow/.local/lib/python3.12/site-packages/airflow/example_dags/example_branch_operator.py
[2025-08-17T01:17:39.305+0000] {processor.py:830} INFO - Processing file /home/airflow/.local/lib/python3.12/site-packages/airflow/example_dags/example_branch_operator.py for tasks to queue
[2025-08-17T01:17:39.309+0000] {logging_mixin.py:188} INFO - [2025-08-17T01:17:39.308+0000] {dagbag.py:545} INFO - Filling up the DagBag from /home/airflow/.local/lib/python3.12/site-packages/airflow/example_dags/example_branch_operator.py
[2025-08-17T01:17:39.336+0000] {processor.py:840} INFO - DAG(s) 'example_branch_operator' retrieved from /home/airflow/.local/lib/python3.12/site-packages/airflow/example_dags/example_branch_operator.py
[2025-08-17T01:17:39.493+0000] {logging_mixin.py:188} INFO - [2025-08-17T01:17:39.492+0000] {dag.py:3089} INFO - Sync 1 DAGs
[2025-08-17T01:17:39.526+0000] {logging_mixin.py:188} INFO - [2025-08-17T01:17:39.526+0000] {dag.py:3947} INFO - Setting next_dagrun for example_branch_operator to 2025-08-16 00:00:00+00:00, run_after=2025-08-17 00:00:00+00:00
[2025-08-17T01:17:39.563+0000] {processor.py:183} INFO - Processing /home/airflow/.local/lib/python3.12/site-packages/airflow/example_dags/example_branch_operator.py took 0.268 seconds
[2025-08-17T01:18:09.838+0000] {processor.py:161} INFO - Started process (PID=149) to work on /home/airflow/.local/lib/python3.12/site-packages/airflow/example_dags/example_branch_operator.py
[2025-08-17T01:18:09.839+0000] {processor.py:830} INFO - Processing file /home/airflow/.local/lib/python3.12/site-packages/airflow/example_dags/example_branch_operator.py for tasks to queue
[2025-08-17T01:18:09.842+0000] {logging_mixin.py:188} INFO - [2025-08-17T01:18:09.842+0000] {dagbag.py:545} INFO - Filling up the DagBag from /home/airflow/.local/lib/python3.12/site-packages/airflow/example_dags/example_branch_operator.py
[2025-08-17T01:18:09.868+0000] {processor.py:840} INFO - DAG(s) 'example_branch_operator' retrieved from /home/airflow/.local/lib/python3.12/site-packages/airflow/example_dags/example_branch_operator.py
[2025-08-17T01:18:09.908+0000] {logging_mixin.py:188} INFO - [2025-08-17T01:18:09.907+0000] {dag.py:3089} INFO - Sync 1 DAGs
[2025-08-17T01:18:09.939+0000] {logging_mixin.py:188} INFO - [2025-08-17T01:18:09.939+0000] {dag.py:3947} INFO - Setting next_dagrun for example_branch_operator to 2025-08-16 00:00:00+00:00, run_after=2025-08-17 00:00:00+00:00
[2025-08-17T01:18:09.974+0000] {processor.py:183} INFO - Processing /home/airflow/.local/lib/python3.12/site-packages/airflow/example_dags/example_branch_operator.py took 0.146 seconds
[2025-08-17T01:18:40.592+0000] {processor.py:161} INFO - Started process (PID=208) to work on /home/airflow/.local/lib/python3.12/site-packages/airflow/example_dags/example_branch_operator.py
[2025-08-17T01:18:40.594+0000] {processor.py:830} INFO - Processing file /home/airflow/.local/lib/python3.12/site-packages/airflow/example_dags/example_branch_operator.py for tasks to queue
[2025-08-17T01:18:40.597+0000] {logging_mixin.py:188} INFO - [2025-08-17T01:18:40.596+0000] {dagbag.py:545} INFO - Filling up the DagBag from /home/airflow/.local/lib/python3.12/site-packages/airflow/example_dags/example_branch_operator.py
[2025-08-17T01:18:40.612+0000] {processor.py:840} INFO - DAG(s) 'example_branch_operator' retrieved from /home/airflow/.local/lib/python3.12/site-packages/airflow/example_dags/example_branch_operator.py
[2025-08-17T01:18:40.640+0000] {logging_mixin.py:188} INFO - [2025-08-17T01:18:40.640+0000] {dag.py:3089} INFO - Sync 1 DAGs
[2025-08-17T01:18:40.663+0000] {logging_mixin.py:188} INFO - [2025-08-17T01:18:40.662+0000] {dag.py:3947} INFO - Setting next_dagrun for example_branch_operator to 2025-08-16 00:00:00+00:00, run_after=2025-08-17 00:00:00+00:00
[2025-08-17T01:18:40.683+0000] {processor.py:183} INFO - Processing /home/airflow/.local/lib/python3.12/site-packages/airflow/example_dags/example_branch_operator.py took 0.096 seconds
[2025-08-17T01:19:10.891+0000] {processor.py:161} INFO - Started process (PID=267) to work on /home/airflow/.local/lib/python3.12/site-packages/airflow/example_dags/example_branch_operator.py
[2025-08-17T01:19:10.892+0000] {processor.py:830} INFO - Processing file /home/airflow/.local/lib/python3.12/site-packages/airflow/example_dags/example_branch_operator.py for tasks to queue
[2025-08-17T01:19:10.894+0000] {logging_mixin.py:188} INFO - [2025-08-17T01:19:10.894+0000] {dagbag.py:545} INFO - Filling up the DagBag from /home/airflow/.local/lib/python3.12/site-packages/airflow/example_dags/example_branch_operator.py
[2025-08-17T01:19:10.911+0000] {processor.py:840} INFO - DAG(s) 'example_branch_operator' retrieved from /home/airflow/.local/lib/python3.12/site-packages/airflow/example_dags/example_branch_operator.py
[2025-08-17T01:19:10.942+0000] {logging_mixin.py:188} INFO - [2025-08-17T01:19:10.942+0000] {dag.py:3089} INFO - Sync 1 DAGs
[2025-08-17T01:19:10.966+0000] {logging_mixin.py:188} INFO - [2025-08-17T01:19:10.966+0000] {dag.py:3947} INFO - Setting next_dagrun for example_branch_operator to 2025-08-16 00:00:00+00:00, run_after=2025-08-17 00:00:00+00:00
[2025-08-17T01:19:10.989+0000] {processor.py:183} INFO - Processing /home/airflow/.local/lib/python3.12/site-packages/airflow/example_dags/example_branch_operator.py took 0.105 seconds
[2025-08-17T01:19:41.072+0000] {processor.py:161} INFO - Started process (PID=326) to work on /home/airflow/.local/lib/python3.12/site-packages/airflow/example_dags/example_branch_operator.py
[2025-08-17T01:19:41.074+0000] {processor.py:830} INFO - Processing file /home/airflow/.local/lib/python3.12/site-packages/airflow/example_dags/example_branch_operator.py for tasks to queue
[2025-08-17T01:19:41.076+0000] {logging_mixin.py:188} INFO - [2025-08-17T01:19:41.076+0000] {dagbag.py:545} INFO - Filling up the DagBag from /home/airflow/.local/lib/python3.12/site-packages/airflow/example_dags/example_branch_operator.py
[2025-08-17T01:19:41.092+0000] {processor.py:840} INFO - DAG(s) 'example_branch_operator' retrieved from /home/airflow/.local/lib/python3.12/site-packages/airflow/example_dags/example_branch_operator.py
[2025-08-17T01:19:41.121+0000] {logging_mixin.py:188} INFO - [2025-08-17T01:19:41.121+0000] {dag.py:3089} INFO - Sync 1 DAGs
[2025-08-17T01:19:41.145+0000] {logging_mixin.py:188} INFO - [2025-08-17T01:19:41.145+0000] {dag.py:3947} INFO - Setting next_dagrun for example_branch_operator to 2025-08-16 00:00:00+00:00, run_after=2025-08-17 00:00:00+00:00
[2025-08-17T01:19:41.168+0000] {processor.py:183} INFO - Processing /home/airflow/.local/lib/python3.12/site-packages/airflow/example_dags/example_branch_operator.py took 0.102 seconds
[2025-08-17T01:20:11.215+0000] {processor.py:161} INFO - Started process (PID=386) to work on /home/airflow/.local/lib/python3.12/site-packages/airflow/example_dags/example_branch_operator.py
[2025-08-17T01:20:11.216+0000] {processor.py:830} INFO - Processing file /home/airflow/.local/lib/python3.12/site-packages/airflow/example_dags/example_branch_operator.py for tasks to queue
[2025-08-17T01:20:11.218+0000] {logging_mixin.py:188} INFO - [2025-08-17T01:20:11.218+0000] {dagbag.py:545} INFO - Filling up the DagBag from /home/airflow/.local/lib/python3.12/site-packages/airflow/example_dags/example_branch_operator.py
[2025-08-17T01:20:11.234+0000] {processor.py:840} INFO - DAG(s) 'example_branch_operator' retrieved from /home/airflow/.local/lib/python3.12/site-packages/airflow/example_dags/example_branch_operator.py
[2025-08-17T01:20:11.263+0000] {logging_mixin.py:188} INFO - [2025-08-17T01:20:11.263+0000] {dag.py:3089} INFO - Sync 1 DAGs
[2025-08-17T01:20:11.284+0000] {logging_mixin.py:188} INFO - [2025-08-17T01:20:11.284+0000] {dag.py:3947} INFO - Setting next_dagrun for example_branch_operator to 2025-08-16 00:00:00+00:00, run_after=2025-08-17 00:00:00+00:00
[2025-08-17T01:20:11.302+0000] {processor.py:183} INFO - Processing /home/airflow/.local/lib/python3.12/site-packages/airflow/example_dags/example_branch_operator.py took 0.093 seconds
[2025-08-17T01:20:41.398+0000] {processor.py:161} INFO - Started process (PID=446) to work on /home/airflow/.local/lib/python3.12/site-packages/airflow/example_dags/example_branch_operator.py
[2025-08-17T01:20:41.400+0000] {processor.py:830} INFO - Processing file /home/airflow/.local/lib/python3.12/site-packages/airflow/example_dags/example_branch_operator.py for tasks to queue
[2025-08-17T01:20:41.402+0000] {logging_mixin.py:188} INFO - [2025-08-17T01:20:41.402+0000] {dagbag.py:545} INFO - Filling up the DagBag from /home/airflow/.local/lib/python3.12/site-packages/airflow/example_dags/example_branch_operator.py
[2025-08-17T01:20:41.420+0000] {processor.py:840} INFO - DAG(s) 'example_branch_operator' retrieved from /home/airflow/.local/lib/python3.12/site-packages/airflow/example_dags/example_branch_operator.py
[2025-08-17T01:20:41.447+0000] {logging_mixin.py:188} INFO - [2025-08-17T01:20:41.447+0000] {dag.py:3089} INFO - Sync 1 DAGs
[2025-08-17T01:20:41.467+0000] {logging_mixin.py:188} INFO - [2025-08-17T01:20:41.467+0000] {dag.py:3947} INFO - Setting next_dagrun for example_branch_operator to 2025-08-16 00:00:00+00:00, run_after=2025-08-17 00:00:00+00:00
[2025-08-17T01:20:41.483+0000] {processor.py:183} INFO - Processing /home/airflow/.local/lib/python3.12/site-packages/airflow/example_dags/example_branch_operator.py took 0.091 seconds
[2025-08-17T01:21:12.179+0000] {processor.py:161} INFO - Started process (PID=505) to work on /home/airflow/.local/lib/python3.12/site-packages/airflow/example_dags/example_branch_operator.py
[2025-08-17T01:21:12.181+0000] {processor.py:830} INFO - Processing file /home/airflow/.local/lib/python3.12/site-packages/airflow/example_dags/example_branch_operator.py for tasks to queue
[2025-08-17T01:21:12.183+0000] {logging_mixin.py:188} INFO - [2025-08-17T01:21:12.183+0000] {dagbag.py:545} INFO - Filling up the DagBag from /home/airflow/.local/lib/python3.12/site-packages/airflow/example_dags/example_branch_operator.py
[2025-08-17T01:21:12.199+0000] {processor.py:840} INFO - DAG(s) 'example_branch_operator' retrieved from /home/airflow/.local/lib/python3.12/site-packages/airflow/example_dags/example_branch_operator.py
[2025-08-17T01:21:12.227+0000] {logging_mixin.py:188} INFO - [2025-08-17T01:21:12.226+0000] {dag.py:3089} INFO - Sync 1 DAGs
[2025-08-17T01:21:12.247+0000] {logging_mixin.py:188} INFO - [2025-08-17T01:21:12.247+0000] {dag.py:3947} INFO - Setting next_dagrun for example_branch_operator to 2025-08-16 00:00:00+00:00, run_after=2025-08-17 00:00:00+00:00
[2025-08-17T01:21:12.267+0000] {processor.py:183} INFO - Processing /home/airflow/.local/lib/python3.12/site-packages/airflow/example_dags/example_branch_operator.py took 0.094 seconds
[2025-08-17T01:21:42.607+0000] {processor.py:161} INFO - Started process (PID=564) to work on /home/airflow/.local/lib/python3.12/site-packages/airflow/example_dags/example_branch_operator.py
[2025-08-17T01:21:42.609+0000] {processor.py:830} INFO - Processing file /home/airflow/.local/lib/python3.12/site-packages/airflow/example_dags/example_branch_operator.py for tasks to queue
[2025-08-17T01:21:42.611+0000] {logging_mixin.py:188} INFO - [2025-08-17T01:21:42.611+0000] {dagbag.py:545} INFO - Filling up the DagBag from /home/airflow/.local/lib/python3.12/site-packages/airflow/example_dags/example_branch_operator.py
[2025-08-17T01:21:42.627+0000] {processor.py:840} INFO - DAG(s) 'example_branch_operator' retrieved from /home/airflow/.local/lib/python3.12/site-packages/airflow/example_dags/example_branch_operator.py
[2025-08-17T01:21:42.655+0000] {logging_mixin.py:188} INFO - [2025-08-17T01:21:42.654+0000] {dag.py:3089} INFO - Sync 1 DAGs
[2025-08-17T01:21:42.673+0000] {logging_mixin.py:188} INFO - [2025-08-17T01:21:42.673+0000] {dag.py:3947} INFO - Setting next_dagrun for example_branch_operator to 2025-08-16 00:00:00+00:00, run_after=2025-08-17 00:00:00+00:00
[2025-08-17T01:21:42.693+0000] {processor.py:183} INFO - Processing /home/airflow/.local/lib/python3.12/site-packages/airflow/example_dags/example_branch_operator.py took 0.092 seconds
[2025-08-17T01:22:12.870+0000] {processor.py:161} INFO - Started process (PID=623) to work on /home/airflow/.local/lib/python3.12/site-packages/airflow/example_dags/example_branch_operator.py
[2025-08-17T01:22:12.871+0000] {processor.py:830} INFO - Processing file /home/airflow/.local/lib/python3.12/site-packages/airflow/example_dags/example_branch_operator.py for tasks to queue
[2025-08-17T01:22:12.873+0000] {logging_mixin.py:188} INFO - [2025-08-17T01:22:12.873+0000] {dagbag.py:545} INFO - Filling up the DagBag from /home/airflow/.local/lib/python3.12/site-packages/airflow/example_dags/example_branch_operator.py
[2025-08-17T01:22:12.892+0000] {processor.py:840} INFO - DAG(s) 'example_branch_operator' retrieved from /home/airflow/.local/lib/python3.12/site-packages/airflow/example_dags/example_branch_operator.py
[2025-08-17T01:22:12.924+0000] {logging_mixin.py:188} INFO - [2025-08-17T01:22:12.923+0000] {dag.py:3089} INFO - Sync 1 DAGs
[2025-08-17T01:22:12.949+0000] {logging_mixin.py:188} INFO - [2025-08-17T01:22:12.949+0000] {dag.py:3947} INFO - Setting next_dagrun for example_branch_operator to 2025-08-16 00:00:00+00:00, run_after=2025-08-17 00:00:00+00:00
[2025-08-17T01:22:12.972+0000] {processor.py:183} INFO - Processing /home/airflow/.local/lib/python3.12/site-packages/airflow/example_dags/example_branch_operator.py took 0.110 seconds
[2025-08-17T01:22:43.105+0000] {processor.py:161} INFO - Started process (PID=682) to work on /home/airflow/.local/lib/python3.12/site-packages/airflow/example_dags/example_branch_operator.py
[2025-08-17T01:22:43.107+0000] {processor.py:830} INFO - Processing file /home/airflow/.local/lib/python3.12/site-packages/airflow/example_dags/example_branch_operator.py for tasks to queue
[2025-08-17T01:22:43.110+0000] {logging_mixin.py:188} INFO - [2025-08-17T01:22:43.109+0000] {dagbag.py:545} INFO - Filling up the DagBag from /home/airflow/.local/lib/python3.12/site-packages/airflow/example_dags/example_branch_operator.py
[2025-08-17T01:22:43.124+0000] {processor.py:840} INFO - DAG(s) 'example_branch_operator' retrieved from /home/airflow/.local/lib/python3.12/site-packages/airflow/example_dags/example_branch_operator.py
[2025-08-17T01:22:43.151+0000] {logging_mixin.py:188} INFO - [2025-08-17T01:22:43.151+0000] {dag.py:3089} INFO - Sync 1 DAGs
[2025-08-17T01:22:43.172+0000] {logging_mixin.py:188} INFO - [2025-08-17T01:22:43.172+0000] {dag.py:3947} INFO - Setting next_dagrun for example_branch_operator to 2025-08-16 00:00:00+00:00, run_after=2025-08-17 00:00:00+00:00
[2025-08-17T01:22:43.188+0000] {processor.py:183} INFO - Processing /home/airflow/.local/lib/python3.12/site-packages/airflow/example_dags/example_branch_operator.py took 0.088 seconds
[2025-08-17T01:23:13.269+0000] {processor.py:161} INFO - Started process (PID=741) to work on /home/airflow/.local/lib/python3.12/site-packages/airflow/example_dags/example_branch_operator.py
[2025-08-17T01:23:13.271+0000] {processor.py:830} INFO - Processing file /home/airflow/.local/lib/python3.12/site-packages/airflow/example_dags/example_branch_operator.py for tasks to queue
[2025-08-17T01:23:13.274+0000] {logging_mixin.py:188} INFO - [2025-08-17T01:23:13.273+0000] {dagbag.py:545} INFO - Filling up the DagBag from /home/airflow/.local/lib/python3.12/site-packages/airflow/example_dags/example_branch_operator.py
[2025-08-17T01:23:13.292+0000] {processor.py:840} INFO - DAG(s) 'example_branch_operator' retrieved from /home/airflow/.local/lib/python3.12/site-packages/airflow/example_dags/example_branch_operator.py
[2025-08-17T01:23:13.321+0000] {logging_mixin.py:188} INFO - [2025-08-17T01:23:13.321+0000] {dag.py:3089} INFO - Sync 1 DAGs
[2025-08-17T01:23:13.346+0000] {logging_mixin.py:188} INFO - [2025-08-17T01:23:13.346+0000] {dag.py:3947} INFO - Setting next_dagrun for example_branch_operator to 2025-08-16 00:00:00+00:00, run_after=2025-08-17 00:00:00+00:00
[2025-08-17T01:23:13.364+0000] {processor.py:183} INFO - Processing /home/airflow/.local/lib/python3.12/site-packages/airflow/example_dags/example_branch_operator.py took 0.101 seconds
[2025-08-17T01:23:44.200+0000] {processor.py:161} INFO - Started process (PID=800) to work on /home/airflow/.local/lib/python3.12/site-packages/airflow/example_dags/example_branch_operator.py
[2025-08-17T01:23:44.201+0000] {processor.py:830} INFO - Processing file /home/airflow/.local/lib/python3.12/site-packages/airflow/example_dags/example_branch_operator.py for tasks to queue
[2025-08-17T01:23:44.204+0000] {logging_mixin.py:188} INFO - [2025-08-17T01:23:44.204+0000] {dagbag.py:545} INFO - Filling up the DagBag from /home/airflow/.local/lib/python3.12/site-packages/airflow/example_dags/example_branch_operator.py
[2025-08-17T01:23:44.218+0000] {processor.py:840} INFO - DAG(s) 'example_branch_operator' retrieved from /home/airflow/.local/lib/python3.12/site-packages/airflow/example_dags/example_branch_operator.py
[2025-08-17T01:23:44.245+0000] {logging_mixin.py:188} INFO - [2025-08-17T01:23:44.245+0000] {dag.py:3089} INFO - Sync 1 DAGs
[2025-08-17T01:23:44.268+0000] {logging_mixin.py:188} INFO - [2025-08-17T01:23:44.268+0000] {dag.py:3947} INFO - Setting next_dagrun for example_branch_operator to 2025-08-16 00:00:00+00:00, run_after=2025-08-17 00:00:00+00:00
[2025-08-17T01:23:44.285+0000] {processor.py:183} INFO - Processing /home/airflow/.local/lib/python3.12/site-packages/airflow/example_dags/example_branch_operator.py took 0.090 seconds
[2025-08-17T01:24:14.656+0000] {processor.py:161} INFO - Started process (PID=859) to work on /home/airflow/.local/lib/python3.12/site-packages/airflow/example_dags/example_branch_operator.py
[2025-08-17T01:24:14.658+0000] {processor.py:830} INFO - Processing file /home/airflow/.local/lib/python3.12/site-packages/airflow/example_dags/example_branch_operator.py for tasks to queue
[2025-08-17T01:24:14.660+0000] {logging_mixin.py:188} INFO - [2025-08-17T01:24:14.660+0000] {dagbag.py:545} INFO - Filling up the DagBag from /home/airflow/.local/lib/python3.12/site-packages/airflow/example_dags/example_branch_operator.py
[2025-08-17T01:24:14.676+0000] {processor.py:840} INFO - DAG(s) 'example_branch_operator' retrieved from /home/airflow/.local/lib/python3.12/site-packages/airflow/example_dags/example_branch_operator.py
[2025-08-17T01:24:14.707+0000] {logging_mixin.py:188} INFO - [2025-08-17T01:24:14.706+0000] {dag.py:3089} INFO - Sync 1 DAGs
[2025-08-17T01:24:14.731+0000] {logging_mixin.py:188} INFO - [2025-08-17T01:24:14.731+0000] {dag.py:3947} INFO - Setting next_dagrun for example_branch_operator to 2025-08-16 00:00:00+00:00, run_after=2025-08-17 00:00:00+00:00
[2025-08-17T01:24:14.756+0000] {processor.py:183} INFO - Processing /home/airflow/.local/lib/python3.12/site-packages/airflow/example_dags/example_branch_operator.py took 0.106 seconds
[2025-08-17T01:24:44.880+0000] {processor.py:161} INFO - Started process (PID=918) to work on /home/airflow/.local/lib/python3.12/site-packages/airflow/example_dags/example_branch_operator.py
[2025-08-17T01:24:44.881+0000] {processor.py:830} INFO - Processing file /home/airflow/.local/lib/python3.12/site-packages/airflow/example_dags/example_branch_operator.py for tasks to queue
[2025-08-17T01:24:44.884+0000] {logging_mixin.py:188} INFO - [2025-08-17T01:24:44.883+0000] {dagbag.py:545} INFO - Filling up the DagBag from /home/airflow/.local/lib/python3.12/site-packages/airflow/example_dags/example_branch_operator.py
[2025-08-17T01:24:44.905+0000] {processor.py:840} INFO - DAG(s) 'example_branch_operator' retrieved from /home/airflow/.local/lib/python3.12/site-packages/airflow/example_dags/example_branch_operator.py
[2025-08-17T01:24:44.947+0000] {logging_mixin.py:188} INFO - [2025-08-17T01:24:44.947+0000] {dag.py:3089} INFO - Sync 1 DAGs
[2025-08-17T01:24:44.978+0000] {logging_mixin.py:188} INFO - [2025-08-17T01:24:44.978+0000] {dag.py:3947} INFO - Setting next_dagrun for example_branch_operator to 2025-08-16 00:00:00+00:00, run_after=2025-08-17 00:00:00+00:00
[2025-08-17T01:24:45.006+0000] {processor.py:183} INFO - Processing /home/airflow/.local/lib/python3.12/site-packages/airflow/example_dags/example_branch_operator.py took 0.133 seconds
[2025-08-17T01:25:15.162+0000] {processor.py:161} INFO - Started process (PID=976) to work on /home/airflow/.local/lib/python3.12/site-packages/airflow/example_dags/example_branch_operator.py
[2025-08-17T01:25:15.165+0000] {processor.py:830} INFO - Processing file /home/airflow/.local/lib/python3.12/site-packages/airflow/example_dags/example_branch_operator.py for tasks to queue
[2025-08-17T01:25:15.168+0000] {logging_mixin.py:188} INFO - [2025-08-17T01:25:15.167+0000] {dagbag.py:545} INFO - Filling up the DagBag from /home/airflow/.local/lib/python3.12/site-packages/airflow/example_dags/example_branch_operator.py
[2025-08-17T01:25:15.203+0000] {processor.py:840} INFO - DAG(s) 'example_branch_operator' retrieved from /home/airflow/.local/lib/python3.12/site-packages/airflow/example_dags/example_branch_operator.py
[2025-08-17T01:25:15.254+0000] {logging_mixin.py:188} INFO - [2025-08-17T01:25:15.253+0000] {dag.py:3089} INFO - Sync 1 DAGs
[2025-08-17T01:25:15.281+0000] {logging_mixin.py:188} INFO - [2025-08-17T01:25:15.281+0000] {dag.py:3947} INFO - Setting next_dagrun for example_branch_operator to 2025-08-16 00:00:00+00:00, run_after=2025-08-17 00:00:00+00:00
[2025-08-17T01:25:15.303+0000] {processor.py:183} INFO - Processing /home/airflow/.local/lib/python3.12/site-packages/airflow/example_dags/example_branch_operator.py took 0.151 seconds
[2025-08-17T01:26:41.121+0000] {processor.py:161} INFO - Started process (PID=90) to work on /home/airflow/.local/lib/python3.12/site-packages/airflow/example_dags/example_branch_operator.py
[2025-08-17T01:26:41.122+0000] {processor.py:830} INFO - Processing file /home/airflow/.local/lib/python3.12/site-packages/airflow/example_dags/example_branch_operator.py for tasks to queue
[2025-08-17T01:26:41.125+0000] {logging_mixin.py:188} INFO - [2025-08-17T01:26:41.125+0000] {dagbag.py:545} INFO - Filling up the DagBag from /home/airflow/.local/lib/python3.12/site-packages/airflow/example_dags/example_branch_operator.py
[2025-08-17T01:26:41.153+0000] {processor.py:840} INFO - DAG(s) 'example_branch_operator' retrieved from /home/airflow/.local/lib/python3.12/site-packages/airflow/example_dags/example_branch_operator.py
[2025-08-17T01:26:41.296+0000] {logging_mixin.py:188} INFO - [2025-08-17T01:26:41.295+0000] {dag.py:3089} INFO - Sync 1 DAGs
[2025-08-17T01:26:41.322+0000] {logging_mixin.py:188} INFO - [2025-08-17T01:26:41.322+0000] {dag.py:3947} INFO - Setting next_dagrun for example_branch_operator to 2025-08-16 00:00:00+00:00, run_after=2025-08-17 00:00:00+00:00
[2025-08-17T01:26:41.359+0000] {processor.py:183} INFO - Processing /home/airflow/.local/lib/python3.12/site-packages/airflow/example_dags/example_branch_operator.py took 0.246 seconds
[2025-08-17T01:27:11.460+0000] {processor.py:161} INFO - Started process (PID=149) to work on /home/airflow/.local/lib/python3.12/site-packages/airflow/example_dags/example_branch_operator.py
[2025-08-17T01:27:11.462+0000] {processor.py:830} INFO - Processing file /home/airflow/.local/lib/python3.12/site-packages/airflow/example_dags/example_branch_operator.py for tasks to queue
[2025-08-17T01:27:11.465+0000] {logging_mixin.py:188} INFO - [2025-08-17T01:27:11.464+0000] {dagbag.py:545} INFO - Filling up the DagBag from /home/airflow/.local/lib/python3.12/site-packages/airflow/example_dags/example_branch_operator.py
[2025-08-17T01:27:11.484+0000] {processor.py:840} INFO - DAG(s) 'example_branch_operator' retrieved from /home/airflow/.local/lib/python3.12/site-packages/airflow/example_dags/example_branch_operator.py
[2025-08-17T01:27:11.502+0000] {logging_mixin.py:188} INFO - [2025-08-17T01:27:11.501+0000] {dag.py:3089} INFO - Sync 1 DAGs
[2025-08-17T01:27:11.531+0000] {logging_mixin.py:188} INFO - [2025-08-17T01:27:11.531+0000] {dag.py:3947} INFO - Setting next_dagrun for example_branch_operator to 2025-08-16 00:00:00+00:00, run_after=2025-08-17 00:00:00+00:00
[2025-08-17T01:27:11.556+0000] {processor.py:183} INFO - Processing /home/airflow/.local/lib/python3.12/site-packages/airflow/example_dags/example_branch_operator.py took 0.103 seconds
[2025-08-17T01:27:41.837+0000] {processor.py:161} INFO - Started process (PID=208) to work on /home/airflow/.local/lib/python3.12/site-packages/airflow/example_dags/example_branch_operator.py
[2025-08-17T01:27:41.839+0000] {processor.py:830} INFO - Processing file /home/airflow/.local/lib/python3.12/site-packages/airflow/example_dags/example_branch_operator.py for tasks to queue
[2025-08-17T01:27:41.842+0000] {logging_mixin.py:188} INFO - [2025-08-17T01:27:41.842+0000] {dagbag.py:545} INFO - Filling up the DagBag from /home/airflow/.local/lib/python3.12/site-packages/airflow/example_dags/example_branch_operator.py
[2025-08-17T01:27:41.861+0000] {processor.py:840} INFO - DAG(s) 'example_branch_operator' retrieved from /home/airflow/.local/lib/python3.12/site-packages/airflow/example_dags/example_branch_operator.py
[2025-08-17T01:27:41.979+0000] {logging_mixin.py:188} INFO - [2025-08-17T01:27:41.979+0000] {dag.py:3089} INFO - Sync 1 DAGs
[2025-08-17T01:27:41.999+0000] {logging_mixin.py:188} INFO - [2025-08-17T01:27:41.999+0000] {dag.py:3947} INFO - Setting next_dagrun for example_branch_operator to 2025-08-16 00:00:00+00:00, run_after=2025-08-17 00:00:00+00:00
[2025-08-17T01:27:42.020+0000] {processor.py:183} INFO - Processing /home/airflow/.local/lib/python3.12/site-packages/airflow/example_dags/example_branch_operator.py took 0.191 seconds
[2025-08-17T01:28:12.305+0000] {processor.py:161} INFO - Started process (PID=267) to work on /home/airflow/.local/lib/python3.12/site-packages/airflow/example_dags/example_branch_operator.py
[2025-08-17T01:28:12.310+0000] {processor.py:830} INFO - Processing file /home/airflow/.local/lib/python3.12/site-packages/airflow/example_dags/example_branch_operator.py for tasks to queue
[2025-08-17T01:28:12.327+0000] {logging_mixin.py:188} INFO - [2025-08-17T01:28:12.325+0000] {dagbag.py:545} INFO - Filling up the DagBag from /home/airflow/.local/lib/python3.12/site-packages/airflow/example_dags/example_branch_operator.py
[2025-08-17T01:28:12.368+0000] {processor.py:840} INFO - DAG(s) 'example_branch_operator' retrieved from /home/airflow/.local/lib/python3.12/site-packages/airflow/example_dags/example_branch_operator.py
[2025-08-17T01:28:12.418+0000] {logging_mixin.py:188} INFO - [2025-08-17T01:28:12.418+0000] {dag.py:3089} INFO - Sync 1 DAGs
[2025-08-17T01:28:12.447+0000] {logging_mixin.py:188} INFO - [2025-08-17T01:28:12.447+0000] {dag.py:3947} INFO - Setting next_dagrun for example_branch_operator to 2025-08-16 00:00:00+00:00, run_after=2025-08-17 00:00:00+00:00
[2025-08-17T01:28:12.474+0000] {processor.py:183} INFO - Processing /home/airflow/.local/lib/python3.12/site-packages/airflow/example_dags/example_branch_operator.py took 0.207 seconds
[2025-08-17T01:28:43.426+0000] {processor.py:161} INFO - Started process (PID=326) to work on /home/airflow/.local/lib/python3.12/site-packages/airflow/example_dags/example_branch_operator.py
[2025-08-17T01:28:43.427+0000] {processor.py:830} INFO - Processing file /home/airflow/.local/lib/python3.12/site-packages/airflow/example_dags/example_branch_operator.py for tasks to queue
[2025-08-17T01:28:43.431+0000] {logging_mixin.py:188} INFO - [2025-08-17T01:28:43.430+0000] {dagbag.py:545} INFO - Filling up the DagBag from /home/airflow/.local/lib/python3.12/site-packages/airflow/example_dags/example_branch_operator.py
[2025-08-17T01:28:43.448+0000] {processor.py:840} INFO - DAG(s) 'example_branch_operator' retrieved from /home/airflow/.local/lib/python3.12/site-packages/airflow/example_dags/example_branch_operator.py
[2025-08-17T01:28:43.481+0000] {logging_mixin.py:188} INFO - [2025-08-17T01:28:43.481+0000] {dag.py:3089} INFO - Sync 1 DAGs
[2025-08-17T01:28:43.508+0000] {logging_mixin.py:188} INFO - [2025-08-17T01:28:43.508+0000] {dag.py:3947} INFO - Setting next_dagrun for example_branch_operator to 2025-08-16 00:00:00+00:00, run_after=2025-08-17 00:00:00+00:00
[2025-08-17T01:28:43.534+0000] {processor.py:183} INFO - Processing /home/airflow/.local/lib/python3.12/site-packages/airflow/example_dags/example_branch_operator.py took 0.114 seconds
[2025-08-17T01:29:13.728+0000] {processor.py:161} INFO - Started process (PID=386) to work on /home/airflow/.local/lib/python3.12/site-packages/airflow/example_dags/example_branch_operator.py
[2025-08-17T01:29:13.730+0000] {processor.py:830} INFO - Processing file /home/airflow/.local/lib/python3.12/site-packages/airflow/example_dags/example_branch_operator.py for tasks to queue
[2025-08-17T01:29:13.733+0000] {logging_mixin.py:188} INFO - [2025-08-17T01:29:13.732+0000] {dagbag.py:545} INFO - Filling up the DagBag from /home/airflow/.local/lib/python3.12/site-packages/airflow/example_dags/example_branch_operator.py
[2025-08-17T01:29:13.753+0000] {processor.py:840} INFO - DAG(s) 'example_branch_operator' retrieved from /home/airflow/.local/lib/python3.12/site-packages/airflow/example_dags/example_branch_operator.py
[2025-08-17T01:29:13.787+0000] {logging_mixin.py:188} INFO - [2025-08-17T01:29:13.787+0000] {dag.py:3089} INFO - Sync 1 DAGs
[2025-08-17T01:29:13.816+0000] {logging_mixin.py:188} INFO - [2025-08-17T01:29:13.816+0000] {dag.py:3947} INFO - Setting next_dagrun for example_branch_operator to 2025-08-16 00:00:00+00:00, run_after=2025-08-17 00:00:00+00:00
[2025-08-17T01:29:13.845+0000] {processor.py:183} INFO - Processing /home/airflow/.local/lib/python3.12/site-packages/airflow/example_dags/example_branch_operator.py took 0.124 seconds
[2025-08-17T01:29:44.042+0000] {processor.py:161} INFO - Started process (PID=446) to work on /home/airflow/.local/lib/python3.12/site-packages/airflow/example_dags/example_branch_operator.py
[2025-08-17T01:29:44.044+0000] {processor.py:830} INFO - Processing file /home/airflow/.local/lib/python3.12/site-packages/airflow/example_dags/example_branch_operator.py for tasks to queue
[2025-08-17T01:29:44.046+0000] {logging_mixin.py:188} INFO - [2025-08-17T01:29:44.046+0000] {dagbag.py:545} INFO - Filling up the DagBag from /home/airflow/.local/lib/python3.12/site-packages/airflow/example_dags/example_branch_operator.py
[2025-08-17T01:29:44.063+0000] {processor.py:840} INFO - DAG(s) 'example_branch_operator' retrieved from /home/airflow/.local/lib/python3.12/site-packages/airflow/example_dags/example_branch_operator.py
[2025-08-17T01:29:44.093+0000] {logging_mixin.py:188} INFO - [2025-08-17T01:29:44.093+0000] {dag.py:3089} INFO - Sync 1 DAGs
[2025-08-17T01:29:44.117+0000] {logging_mixin.py:188} INFO - [2025-08-17T01:29:44.117+0000] {dag.py:3947} INFO - Setting next_dagrun for example_branch_operator to 2025-08-16 00:00:00+00:00, run_after=2025-08-17 00:00:00+00:00
[2025-08-17T01:29:44.140+0000] {processor.py:183} INFO - Processing /home/airflow/.local/lib/python3.12/site-packages/airflow/example_dags/example_branch_operator.py took 0.104 seconds
[2025-08-17T01:30:14.667+0000] {processor.py:161} INFO - Started process (PID=505) to work on /home/airflow/.local/lib/python3.12/site-packages/airflow/example_dags/example_branch_operator.py
[2025-08-17T01:30:14.669+0000] {processor.py:830} INFO - Processing file /home/airflow/.local/lib/python3.12/site-packages/airflow/example_dags/example_branch_operator.py for tasks to queue
[2025-08-17T01:30:14.671+0000] {logging_mixin.py:188} INFO - [2025-08-17T01:30:14.671+0000] {dagbag.py:545} INFO - Filling up the DagBag from /home/airflow/.local/lib/python3.12/site-packages/airflow/example_dags/example_branch_operator.py
[2025-08-17T01:30:14.687+0000] {processor.py:840} INFO - DAG(s) 'example_branch_operator' retrieved from /home/airflow/.local/lib/python3.12/site-packages/airflow/example_dags/example_branch_operator.py
[2025-08-17T01:30:14.718+0000] {logging_mixin.py:188} INFO - [2025-08-17T01:30:14.718+0000] {dag.py:3089} INFO - Sync 1 DAGs
[2025-08-17T01:30:14.741+0000] {logging_mixin.py:188} INFO - [2025-08-17T01:30:14.741+0000] {dag.py:3947} INFO - Setting next_dagrun for example_branch_operator to 2025-08-16 00:00:00+00:00, run_after=2025-08-17 00:00:00+00:00
[2025-08-17T01:30:14.761+0000] {processor.py:183} INFO - Processing /home/airflow/.local/lib/python3.12/site-packages/airflow/example_dags/example_branch_operator.py took 0.100 seconds
[2025-08-17T01:30:45.164+0000] {processor.py:161} INFO - Started process (PID=564) to work on /home/airflow/.local/lib/python3.12/site-packages/airflow/example_dags/example_branch_operator.py
[2025-08-17T01:30:45.165+0000] {processor.py:830} INFO - Processing file /home/airflow/.local/lib/python3.12/site-packages/airflow/example_dags/example_branch_operator.py for tasks to queue
[2025-08-17T01:30:45.167+0000] {logging_mixin.py:188} INFO - [2025-08-17T01:30:45.167+0000] {dagbag.py:545} INFO - Filling up the DagBag from /home/airflow/.local/lib/python3.12/site-packages/airflow/example_dags/example_branch_operator.py
[2025-08-17T01:30:45.185+0000] {processor.py:840} INFO - DAG(s) 'example_branch_operator' retrieved from /home/airflow/.local/lib/python3.12/site-packages/airflow/example_dags/example_branch_operator.py
[2025-08-17T01:30:45.215+0000] {logging_mixin.py:188} INFO - [2025-08-17T01:30:45.214+0000] {dag.py:3089} INFO - Sync 1 DAGs
[2025-08-17T01:30:45.238+0000] {logging_mixin.py:188} INFO - [2025-08-17T01:30:45.237+0000] {dag.py:3947} INFO - Setting next_dagrun for example_branch_operator to 2025-08-16 00:00:00+00:00, run_after=2025-08-17 00:00:00+00:00
[2025-08-17T01:30:45.259+0000] {processor.py:183} INFO - Processing /home/airflow/.local/lib/python3.12/site-packages/airflow/example_dags/example_branch_operator.py took 0.102 seconds
[2025-08-17T01:31:15.636+0000] {processor.py:161} INFO - Started process (PID=623) to work on /home/airflow/.local/lib/python3.12/site-packages/airflow/example_dags/example_branch_operator.py
[2025-08-17T01:31:15.638+0000] {processor.py:830} INFO - Processing file /home/airflow/.local/lib/python3.12/site-packages/airflow/example_dags/example_branch_operator.py for tasks to queue
[2025-08-17T01:31:15.640+0000] {logging_mixin.py:188} INFO - [2025-08-17T01:31:15.640+0000] {dagbag.py:545} INFO - Filling up the DagBag from /home/airflow/.local/lib/python3.12/site-packages/airflow/example_dags/example_branch_operator.py
[2025-08-17T01:31:15.656+0000] {processor.py:840} INFO - DAG(s) 'example_branch_operator' retrieved from /home/airflow/.local/lib/python3.12/site-packages/airflow/example_dags/example_branch_operator.py
[2025-08-17T01:31:15.685+0000] {logging_mixin.py:188} INFO - [2025-08-17T01:31:15.685+0000] {dag.py:3089} INFO - Sync 1 DAGs
[2025-08-17T01:31:15.709+0000] {logging_mixin.py:188} INFO - [2025-08-17T01:31:15.708+0000] {dag.py:3947} INFO - Setting next_dagrun for example_branch_operator to 2025-08-16 00:00:00+00:00, run_after=2025-08-17 00:00:00+00:00
[2025-08-17T01:31:15.728+0000] {processor.py:183} INFO - Processing /home/airflow/.local/lib/python3.12/site-packages/airflow/example_dags/example_branch_operator.py took 0.098 seconds
[2025-08-17T01:31:46.383+0000] {processor.py:161} INFO - Started process (PID=685) to work on /home/airflow/.local/lib/python3.12/site-packages/airflow/example_dags/example_branch_operator.py
[2025-08-17T01:31:46.385+0000] {processor.py:830} INFO - Processing file /home/airflow/.local/lib/python3.12/site-packages/airflow/example_dags/example_branch_operator.py for tasks to queue
[2025-08-17T01:31:46.387+0000] {logging_mixin.py:188} INFO - [2025-08-17T01:31:46.386+0000] {dagbag.py:545} INFO - Filling up the DagBag from /home/airflow/.local/lib/python3.12/site-packages/airflow/example_dags/example_branch_operator.py
[2025-08-17T01:31:46.402+0000] {processor.py:840} INFO - DAG(s) 'example_branch_operator' retrieved from /home/airflow/.local/lib/python3.12/site-packages/airflow/example_dags/example_branch_operator.py
[2025-08-17T01:31:46.434+0000] {logging_mixin.py:188} INFO - [2025-08-17T01:31:46.433+0000] {dag.py:3089} INFO - Sync 1 DAGs
[2025-08-17T01:31:46.458+0000] {logging_mixin.py:188} INFO - [2025-08-17T01:31:46.457+0000] {dag.py:3947} INFO - Setting next_dagrun for example_branch_operator to 2025-08-16 00:00:00+00:00, run_after=2025-08-17 00:00:00+00:00
[2025-08-17T01:31:46.477+0000] {processor.py:183} INFO - Processing /home/airflow/.local/lib/python3.12/site-packages/airflow/example_dags/example_branch_operator.py took 0.100 seconds
