[2025-08-17T00:53:33.024+0000] {processor.py:161} INFO - Started process (PID=73) to work on /home/airflow/.local/lib/python3.12/site-packages/airflow/example_dags/example_branch_labels.py
[2025-08-17T00:53:33.027+0000] {processor.py:830} INFO - Processing file /home/airflow/.local/lib/python3.12/site-packages/airflow/example_dags/example_branch_labels.py for tasks to queue
[2025-08-17T00:53:33.031+0000] {logging_mixin.py:188} INFO - [2025-08-17T00:53:33.031+0000] {dagbag.py:545} INFO - Filling up the DagBag from /home/airflow/.local/lib/python3.12/site-packages/airflow/example_dags/example_branch_labels.py
[2025-08-17T00:53:33.056+0000] {processor.py:840} INFO - DAG(s) 'example_branch_labels' retrieved from /home/airflow/.local/lib/python3.12/site-packages/airflow/example_dags/example_branch_labels.py
[2025-08-17T00:53:33.214+0000] {logging_mixin.py:188} INFO - [2025-08-17T00:53:33.214+0000] {dag.py:3089} INFO - Sync 1 DAGs
[2025-08-17T00:53:33.244+0000] {logging_mixin.py:188} INFO - [2025-08-17T00:53:33.244+0000] {dag.py:3947} INFO - Setting next_dagrun for example_branch_labels to 2025-08-16 00:00:00+00:00, run_after=2025-08-17 00:00:00+00:00
[2025-08-17T00:53:33.277+0000] {processor.py:183} INFO - Processing /home/airflow/.local/lib/python3.12/site-packages/airflow/example_dags/example_branch_labels.py took 0.263 seconds
[2025-08-17T00:54:03.335+0000] {processor.py:161} INFO - Started process (PID=132) to work on /home/airflow/.local/lib/python3.12/site-packages/airflow/example_dags/example_branch_labels.py
[2025-08-17T00:54:03.337+0000] {processor.py:830} INFO - Processing file /home/airflow/.local/lib/python3.12/site-packages/airflow/example_dags/example_branch_labels.py for tasks to queue
[2025-08-17T00:54:03.339+0000] {logging_mixin.py:188} INFO - [2025-08-17T00:54:03.339+0000] {dagbag.py:545} INFO - Filling up the DagBag from /home/airflow/.local/lib/python3.12/site-packages/airflow/example_dags/example_branch_labels.py
[2025-08-17T00:54:03.346+0000] {processor.py:840} INFO - DAG(s) 'example_branch_labels' retrieved from /home/airflow/.local/lib/python3.12/site-packages/airflow/example_dags/example_branch_labels.py
[2025-08-17T00:54:03.369+0000] {logging_mixin.py:188} INFO - [2025-08-17T00:54:03.369+0000] {dag.py:3089} INFO - Sync 1 DAGs
[2025-08-17T00:54:03.390+0000] {logging_mixin.py:188} INFO - [2025-08-17T00:54:03.390+0000] {dag.py:3947} INFO - Setting next_dagrun for example_branch_labels to 2025-08-16 00:00:00+00:00, run_after=2025-08-17 00:00:00+00:00
[2025-08-17T00:54:03.408+0000] {processor.py:183} INFO - Processing /home/airflow/.local/lib/python3.12/site-packages/airflow/example_dags/example_branch_labels.py took 0.078 seconds
[2025-08-17T00:54:33.607+0000] {processor.py:161} INFO - Started process (PID=190) to work on /home/airflow/.local/lib/python3.12/site-packages/airflow/example_dags/example_branch_labels.py
[2025-08-17T00:54:33.608+0000] {processor.py:830} INFO - Processing file /home/airflow/.local/lib/python3.12/site-packages/airflow/example_dags/example_branch_labels.py for tasks to queue
[2025-08-17T00:54:33.610+0000] {logging_mixin.py:188} INFO - [2025-08-17T00:54:33.609+0000] {dagbag.py:545} INFO - Filling up the DagBag from /home/airflow/.local/lib/python3.12/site-packages/airflow/example_dags/example_branch_labels.py
[2025-08-17T00:54:33.616+0000] {processor.py:840} INFO - DAG(s) 'example_branch_labels' retrieved from /home/airflow/.local/lib/python3.12/site-packages/airflow/example_dags/example_branch_labels.py
[2025-08-17T00:54:33.638+0000] {logging_mixin.py:188} INFO - [2025-08-17T00:54:33.637+0000] {dag.py:3089} INFO - Sync 1 DAGs
[2025-08-17T00:54:33.658+0000] {logging_mixin.py:188} INFO - [2025-08-17T00:54:33.658+0000] {dag.py:3947} INFO - Setting next_dagrun for example_branch_labels to 2025-08-16 00:00:00+00:00, run_after=2025-08-17 00:00:00+00:00
[2025-08-17T00:54:33.675+0000] {processor.py:183} INFO - Processing /home/airflow/.local/lib/python3.12/site-packages/airflow/example_dags/example_branch_labels.py took 0.073 seconds
[2025-08-17T00:55:04.077+0000] {processor.py:161} INFO - Started process (PID=254) to work on /home/airflow/.local/lib/python3.12/site-packages/airflow/example_dags/example_branch_labels.py
[2025-08-17T00:55:04.078+0000] {processor.py:830} INFO - Processing file /home/airflow/.local/lib/python3.12/site-packages/airflow/example_dags/example_branch_labels.py for tasks to queue
[2025-08-17T00:55:04.081+0000] {logging_mixin.py:188} INFO - [2025-08-17T00:55:04.081+0000] {dagbag.py:545} INFO - Filling up the DagBag from /home/airflow/.local/lib/python3.12/site-packages/airflow/example_dags/example_branch_labels.py
[2025-08-17T00:55:04.093+0000] {processor.py:840} INFO - DAG(s) 'example_branch_labels' retrieved from /home/airflow/.local/lib/python3.12/site-packages/airflow/example_dags/example_branch_labels.py
[2025-08-17T00:55:04.121+0000] {logging_mixin.py:188} INFO - [2025-08-17T00:55:04.121+0000] {dag.py:3089} INFO - Sync 1 DAGs
[2025-08-17T00:55:04.149+0000] {logging_mixin.py:188} INFO - [2025-08-17T00:55:04.148+0000] {dag.py:3947} INFO - Setting next_dagrun for example_branch_labels to 2025-08-16 00:00:00+00:00, run_after=2025-08-17 00:00:00+00:00
[2025-08-17T00:55:04.171+0000] {processor.py:183} INFO - Processing /home/airflow/.local/lib/python3.12/site-packages/airflow/example_dags/example_branch_labels.py took 0.100 seconds
[2025-08-17T00:55:34.835+0000] {processor.py:161} INFO - Started process (PID=313) to work on /home/airflow/.local/lib/python3.12/site-packages/airflow/example_dags/example_branch_labels.py
[2025-08-17T00:55:34.836+0000] {processor.py:830} INFO - Processing file /home/airflow/.local/lib/python3.12/site-packages/airflow/example_dags/example_branch_labels.py for tasks to queue
[2025-08-17T00:55:34.839+0000] {logging_mixin.py:188} INFO - [2025-08-17T00:55:34.839+0000] {dagbag.py:545} INFO - Filling up the DagBag from /home/airflow/.local/lib/python3.12/site-packages/airflow/example_dags/example_branch_labels.py
[2025-08-17T00:55:34.848+0000] {processor.py:840} INFO - DAG(s) 'example_branch_labels' retrieved from /home/airflow/.local/lib/python3.12/site-packages/airflow/example_dags/example_branch_labels.py
[2025-08-17T00:55:34.877+0000] {logging_mixin.py:188} INFO - [2025-08-17T00:55:34.876+0000] {dag.py:3089} INFO - Sync 1 DAGs
[2025-08-17T00:55:34.902+0000] {logging_mixin.py:188} INFO - [2025-08-17T00:55:34.902+0000] {dag.py:3947} INFO - Setting next_dagrun for example_branch_labels to 2025-08-16 00:00:00+00:00, run_after=2025-08-17 00:00:00+00:00
[2025-08-17T00:55:34.922+0000] {processor.py:183} INFO - Processing /home/airflow/.local/lib/python3.12/site-packages/airflow/example_dags/example_branch_labels.py took 0.093 seconds
[2025-08-17T00:56:05.066+0000] {processor.py:161} INFO - Started process (PID=371) to work on /home/airflow/.local/lib/python3.12/site-packages/airflow/example_dags/example_branch_labels.py
[2025-08-17T00:56:05.067+0000] {processor.py:830} INFO - Processing file /home/airflow/.local/lib/python3.12/site-packages/airflow/example_dags/example_branch_labels.py for tasks to queue
[2025-08-17T00:56:05.070+0000] {logging_mixin.py:188} INFO - [2025-08-17T00:56:05.069+0000] {dagbag.py:545} INFO - Filling up the DagBag from /home/airflow/.local/lib/python3.12/site-packages/airflow/example_dags/example_branch_labels.py
[2025-08-17T00:56:05.078+0000] {processor.py:840} INFO - DAG(s) 'example_branch_labels' retrieved from /home/airflow/.local/lib/python3.12/site-packages/airflow/example_dags/example_branch_labels.py
[2025-08-17T00:56:05.102+0000] {logging_mixin.py:188} INFO - [2025-08-17T00:56:05.102+0000] {dag.py:3089} INFO - Sync 1 DAGs
[2025-08-17T00:56:05.128+0000] {logging_mixin.py:188} INFO - [2025-08-17T00:56:05.128+0000] {dag.py:3947} INFO - Setting next_dagrun for example_branch_labels to 2025-08-16 00:00:00+00:00, run_after=2025-08-17 00:00:00+00:00
[2025-08-17T00:56:05.149+0000] {processor.py:183} INFO - Processing /home/airflow/.local/lib/python3.12/site-packages/airflow/example_dags/example_branch_labels.py took 0.089 seconds
[2025-08-17T00:56:35.308+0000] {processor.py:161} INFO - Started process (PID=428) to work on /home/airflow/.local/lib/python3.12/site-packages/airflow/example_dags/example_branch_labels.py
[2025-08-17T00:56:35.309+0000] {processor.py:830} INFO - Processing file /home/airflow/.local/lib/python3.12/site-packages/airflow/example_dags/example_branch_labels.py for tasks to queue
[2025-08-17T00:56:35.312+0000] {logging_mixin.py:188} INFO - [2025-08-17T00:56:35.312+0000] {dagbag.py:545} INFO - Filling up the DagBag from /home/airflow/.local/lib/python3.12/site-packages/airflow/example_dags/example_branch_labels.py
[2025-08-17T00:56:35.319+0000] {processor.py:840} INFO - DAG(s) 'example_branch_labels' retrieved from /home/airflow/.local/lib/python3.12/site-packages/airflow/example_dags/example_branch_labels.py
[2025-08-17T00:56:35.341+0000] {logging_mixin.py:188} INFO - [2025-08-17T00:56:35.341+0000] {dag.py:3089} INFO - Sync 1 DAGs
[2025-08-17T00:56:35.361+0000] {logging_mixin.py:188} INFO - [2025-08-17T00:56:35.361+0000] {dag.py:3947} INFO - Setting next_dagrun for example_branch_labels to 2025-08-16 00:00:00+00:00, run_after=2025-08-17 00:00:00+00:00
[2025-08-17T00:56:35.378+0000] {processor.py:183} INFO - Processing /home/airflow/.local/lib/python3.12/site-packages/airflow/example_dags/example_branch_labels.py took 0.075 seconds
[2025-08-17T00:57:05.648+0000] {processor.py:161} INFO - Started process (PID=486) to work on /home/airflow/.local/lib/python3.12/site-packages/airflow/example_dags/example_branch_labels.py
[2025-08-17T00:57:05.650+0000] {processor.py:830} INFO - Processing file /home/airflow/.local/lib/python3.12/site-packages/airflow/example_dags/example_branch_labels.py for tasks to queue
[2025-08-17T00:57:05.652+0000] {logging_mixin.py:188} INFO - [2025-08-17T00:57:05.652+0000] {dagbag.py:545} INFO - Filling up the DagBag from /home/airflow/.local/lib/python3.12/site-packages/airflow/example_dags/example_branch_labels.py
[2025-08-17T00:57:05.659+0000] {processor.py:840} INFO - DAG(s) 'example_branch_labels' retrieved from /home/airflow/.local/lib/python3.12/site-packages/airflow/example_dags/example_branch_labels.py
[2025-08-17T00:57:05.681+0000] {logging_mixin.py:188} INFO - [2025-08-17T00:57:05.681+0000] {dag.py:3089} INFO - Sync 1 DAGs
[2025-08-17T00:57:05.701+0000] {logging_mixin.py:188} INFO - [2025-08-17T00:57:05.700+0000] {dag.py:3947} INFO - Setting next_dagrun for example_branch_labels to 2025-08-16 00:00:00+00:00, run_after=2025-08-17 00:00:00+00:00
[2025-08-17T00:57:05.715+0000] {processor.py:183} INFO - Processing /home/airflow/.local/lib/python3.12/site-packages/airflow/example_dags/example_branch_labels.py took 0.072 seconds
[2025-08-17T00:57:36.208+0000] {processor.py:161} INFO - Started process (PID=545) to work on /home/airflow/.local/lib/python3.12/site-packages/airflow/example_dags/example_branch_labels.py
[2025-08-17T00:57:36.209+0000] {processor.py:830} INFO - Processing file /home/airflow/.local/lib/python3.12/site-packages/airflow/example_dags/example_branch_labels.py for tasks to queue
[2025-08-17T00:57:36.211+0000] {logging_mixin.py:188} INFO - [2025-08-17T00:57:36.210+0000] {dagbag.py:545} INFO - Filling up the DagBag from /home/airflow/.local/lib/python3.12/site-packages/airflow/example_dags/example_branch_labels.py
[2025-08-17T00:57:36.218+0000] {processor.py:840} INFO - DAG(s) 'example_branch_labels' retrieved from /home/airflow/.local/lib/python3.12/site-packages/airflow/example_dags/example_branch_labels.py
[2025-08-17T00:57:36.245+0000] {logging_mixin.py:188} INFO - [2025-08-17T00:57:36.245+0000] {dag.py:3089} INFO - Sync 1 DAGs
[2025-08-17T00:57:36.272+0000] {logging_mixin.py:188} INFO - [2025-08-17T00:57:36.271+0000] {dag.py:3947} INFO - Setting next_dagrun for example_branch_labels to 2025-08-16 00:00:00+00:00, run_after=2025-08-17 00:00:00+00:00
[2025-08-17T00:57:36.296+0000] {processor.py:183} INFO - Processing /home/airflow/.local/lib/python3.12/site-packages/airflow/example_dags/example_branch_labels.py took 0.093 seconds
[2025-08-17T00:58:06.807+0000] {processor.py:161} INFO - Started process (PID=603) to work on /home/airflow/.local/lib/python3.12/site-packages/airflow/example_dags/example_branch_labels.py
[2025-08-17T00:58:06.808+0000] {processor.py:830} INFO - Processing file /home/airflow/.local/lib/python3.12/site-packages/airflow/example_dags/example_branch_labels.py for tasks to queue
[2025-08-17T00:58:06.811+0000] {logging_mixin.py:188} INFO - [2025-08-17T00:58:06.810+0000] {dagbag.py:545} INFO - Filling up the DagBag from /home/airflow/.local/lib/python3.12/site-packages/airflow/example_dags/example_branch_labels.py
[2025-08-17T00:58:06.819+0000] {processor.py:840} INFO - DAG(s) 'example_branch_labels' retrieved from /home/airflow/.local/lib/python3.12/site-packages/airflow/example_dags/example_branch_labels.py
[2025-08-17T00:58:06.843+0000] {logging_mixin.py:188} INFO - [2025-08-17T00:58:06.843+0000] {dag.py:3089} INFO - Sync 1 DAGs
[2025-08-17T00:58:06.865+0000] {logging_mixin.py:188} INFO - [2025-08-17T00:58:06.865+0000] {dag.py:3947} INFO - Setting next_dagrun for example_branch_labels to 2025-08-16 00:00:00+00:00, run_after=2025-08-17 00:00:00+00:00
[2025-08-17T00:58:06.884+0000] {processor.py:183} INFO - Processing /home/airflow/.local/lib/python3.12/site-packages/airflow/example_dags/example_branch_labels.py took 0.082 seconds
[2025-08-17T00:58:37.658+0000] {processor.py:161} INFO - Started process (PID=662) to work on /home/airflow/.local/lib/python3.12/site-packages/airflow/example_dags/example_branch_labels.py
[2025-08-17T00:58:37.659+0000] {processor.py:830} INFO - Processing file /home/airflow/.local/lib/python3.12/site-packages/airflow/example_dags/example_branch_labels.py for tasks to queue
[2025-08-17T00:58:37.661+0000] {logging_mixin.py:188} INFO - [2025-08-17T00:58:37.660+0000] {dagbag.py:545} INFO - Filling up the DagBag from /home/airflow/.local/lib/python3.12/site-packages/airflow/example_dags/example_branch_labels.py
[2025-08-17T00:58:37.669+0000] {processor.py:840} INFO - DAG(s) 'example_branch_labels' retrieved from /home/airflow/.local/lib/python3.12/site-packages/airflow/example_dags/example_branch_labels.py
[2025-08-17T00:58:37.692+0000] {logging_mixin.py:188} INFO - [2025-08-17T00:58:37.692+0000] {dag.py:3089} INFO - Sync 1 DAGs
[2025-08-17T00:58:37.714+0000] {logging_mixin.py:188} INFO - [2025-08-17T00:58:37.714+0000] {dag.py:3947} INFO - Setting next_dagrun for example_branch_labels to 2025-08-16 00:00:00+00:00, run_after=2025-08-17 00:00:00+00:00
[2025-08-17T00:58:37.731+0000] {processor.py:183} INFO - Processing /home/airflow/.local/lib/python3.12/site-packages/airflow/example_dags/example_branch_labels.py took 0.079 seconds
[2025-08-17T00:59:08.474+0000] {processor.py:161} INFO - Started process (PID=721) to work on /home/airflow/.local/lib/python3.12/site-packages/airflow/example_dags/example_branch_labels.py
[2025-08-17T00:59:08.476+0000] {processor.py:830} INFO - Processing file /home/airflow/.local/lib/python3.12/site-packages/airflow/example_dags/example_branch_labels.py for tasks to queue
[2025-08-17T00:59:08.478+0000] {logging_mixin.py:188} INFO - [2025-08-17T00:59:08.478+0000] {dagbag.py:545} INFO - Filling up the DagBag from /home/airflow/.local/lib/python3.12/site-packages/airflow/example_dags/example_branch_labels.py
[2025-08-17T00:59:08.488+0000] {processor.py:840} INFO - DAG(s) 'example_branch_labels' retrieved from /home/airflow/.local/lib/python3.12/site-packages/airflow/example_dags/example_branch_labels.py
[2025-08-17T00:59:08.517+0000] {logging_mixin.py:188} INFO - [2025-08-17T00:59:08.517+0000] {dag.py:3089} INFO - Sync 1 DAGs
[2025-08-17T00:59:08.550+0000] {logging_mixin.py:188} INFO - [2025-08-17T00:59:08.550+0000] {dag.py:3947} INFO - Setting next_dagrun for example_branch_labels to 2025-08-16 00:00:00+00:00, run_after=2025-08-17 00:00:00+00:00
[2025-08-17T00:59:08.572+0000] {processor.py:183} INFO - Processing /home/airflow/.local/lib/python3.12/site-packages/airflow/example_dags/example_branch_labels.py took 0.106 seconds
[2025-08-17T01:00:10.683+0000] {processor.py:161} INFO - Started process (PID=68) to work on /home/airflow/.local/lib/python3.12/site-packages/airflow/example_dags/example_branch_labels.py
[2025-08-17T01:00:10.688+0000] {processor.py:830} INFO - Processing file /home/airflow/.local/lib/python3.12/site-packages/airflow/example_dags/example_branch_labels.py for tasks to queue
[2025-08-17T01:00:10.691+0000] {logging_mixin.py:188} INFO - [2025-08-17T01:00:10.691+0000] {dagbag.py:545} INFO - Filling up the DagBag from /home/airflow/.local/lib/python3.12/site-packages/airflow/example_dags/example_branch_labels.py
[2025-08-17T01:00:10.708+0000] {processor.py:840} INFO - DAG(s) 'example_branch_labels' retrieved from /home/airflow/.local/lib/python3.12/site-packages/airflow/example_dags/example_branch_labels.py
[2025-08-17T01:00:10.731+0000] {logging_mixin.py:188} INFO - [2025-08-17T01:00:10.731+0000] {dag.py:3089} INFO - Sync 1 DAGs
[2025-08-17T01:00:10.769+0000] {logging_mixin.py:188} INFO - [2025-08-17T01:00:10.769+0000] {dag.py:3947} INFO - Setting next_dagrun for example_branch_labels to 2025-08-16 00:00:00+00:00, run_after=2025-08-17 00:00:00+00:00
[2025-08-17T01:00:10.801+0000] {processor.py:183} INFO - Processing /home/airflow/.local/lib/python3.12/site-packages/airflow/example_dags/example_branch_labels.py took 0.125 seconds
[2025-08-17T01:01:33.878+0000] {processor.py:161} INFO - Started process (PID=68) to work on /home/airflow/.local/lib/python3.12/site-packages/airflow/example_dags/example_branch_labels.py
[2025-08-17T01:01:33.880+0000] {processor.py:830} INFO - Processing file /home/airflow/.local/lib/python3.12/site-packages/airflow/example_dags/example_branch_labels.py for tasks to queue
[2025-08-17T01:01:33.882+0000] {logging_mixin.py:188} INFO - [2025-08-17T01:01:33.882+0000] {dagbag.py:545} INFO - Filling up the DagBag from /home/airflow/.local/lib/python3.12/site-packages/airflow/example_dags/example_branch_labels.py
[2025-08-17T01:01:33.893+0000] {processor.py:840} INFO - DAG(s) 'example_branch_labels' retrieved from /home/airflow/.local/lib/python3.12/site-packages/airflow/example_dags/example_branch_labels.py
[2025-08-17T01:01:33.911+0000] {logging_mixin.py:188} INFO - [2025-08-17T01:01:33.910+0000] {dag.py:3089} INFO - Sync 1 DAGs
[2025-08-17T01:01:33.943+0000] {logging_mixin.py:188} INFO - [2025-08-17T01:01:33.943+0000] {dag.py:3947} INFO - Setting next_dagrun for example_branch_labels to 2025-08-16 00:00:00+00:00, run_after=2025-08-17 00:00:00+00:00
[2025-08-17T01:01:33.969+0000] {processor.py:183} INFO - Processing /home/airflow/.local/lib/python3.12/site-packages/airflow/example_dags/example_branch_labels.py took 0.099 seconds
[2025-08-17T01:02:04.475+0000] {processor.py:161} INFO - Started process (PID=127) to work on /home/airflow/.local/lib/python3.12/site-packages/airflow/example_dags/example_branch_labels.py
[2025-08-17T01:02:04.476+0000] {processor.py:830} INFO - Processing file /home/airflow/.local/lib/python3.12/site-packages/airflow/example_dags/example_branch_labels.py for tasks to queue
[2025-08-17T01:02:04.478+0000] {logging_mixin.py:188} INFO - [2025-08-17T01:02:04.478+0000] {dagbag.py:545} INFO - Filling up the DagBag from /home/airflow/.local/lib/python3.12/site-packages/airflow/example_dags/example_branch_labels.py
[2025-08-17T01:02:04.486+0000] {processor.py:840} INFO - DAG(s) 'example_branch_labels' retrieved from /home/airflow/.local/lib/python3.12/site-packages/airflow/example_dags/example_branch_labels.py
[2025-08-17T01:02:04.586+0000] {logging_mixin.py:188} INFO - [2025-08-17T01:02:04.585+0000] {dag.py:3089} INFO - Sync 1 DAGs
[2025-08-17T01:02:04.607+0000] {logging_mixin.py:188} INFO - [2025-08-17T01:02:04.606+0000] {dag.py:3947} INFO - Setting next_dagrun for example_branch_labels to 2025-08-16 00:00:00+00:00, run_after=2025-08-17 00:00:00+00:00
[2025-08-17T01:02:04.626+0000] {processor.py:183} INFO - Processing /home/airflow/.local/lib/python3.12/site-packages/airflow/example_dags/example_branch_labels.py took 0.157 seconds
[2025-08-17T01:02:34.709+0000] {processor.py:161} INFO - Started process (PID=186) to work on /home/airflow/.local/lib/python3.12/site-packages/airflow/example_dags/example_branch_labels.py
[2025-08-17T01:02:34.711+0000] {processor.py:830} INFO - Processing file /home/airflow/.local/lib/python3.12/site-packages/airflow/example_dags/example_branch_labels.py for tasks to queue
[2025-08-17T01:02:34.714+0000] {logging_mixin.py:188} INFO - [2025-08-17T01:02:34.713+0000] {dagbag.py:545} INFO - Filling up the DagBag from /home/airflow/.local/lib/python3.12/site-packages/airflow/example_dags/example_branch_labels.py
[2025-08-17T01:02:34.723+0000] {processor.py:840} INFO - DAG(s) 'example_branch_labels' retrieved from /home/airflow/.local/lib/python3.12/site-packages/airflow/example_dags/example_branch_labels.py
[2025-08-17T01:02:34.751+0000] {logging_mixin.py:188} INFO - [2025-08-17T01:02:34.751+0000] {dag.py:3089} INFO - Sync 1 DAGs
[2025-08-17T01:02:34.783+0000] {logging_mixin.py:188} INFO - [2025-08-17T01:02:34.782+0000] {dag.py:3947} INFO - Setting next_dagrun for example_branch_labels to 2025-08-16 00:00:00+00:00, run_after=2025-08-17 00:00:00+00:00
[2025-08-17T01:02:34.806+0000] {processor.py:183} INFO - Processing /home/airflow/.local/lib/python3.12/site-packages/airflow/example_dags/example_branch_labels.py took 0.105 seconds
[2025-08-17T01:03:05.253+0000] {processor.py:161} INFO - Started process (PID=245) to work on /home/airflow/.local/lib/python3.12/site-packages/airflow/example_dags/example_branch_labels.py
[2025-08-17T01:03:05.255+0000] {processor.py:830} INFO - Processing file /home/airflow/.local/lib/python3.12/site-packages/airflow/example_dags/example_branch_labels.py for tasks to queue
[2025-08-17T01:03:05.258+0000] {logging_mixin.py:188} INFO - [2025-08-17T01:03:05.257+0000] {dagbag.py:545} INFO - Filling up the DagBag from /home/airflow/.local/lib/python3.12/site-packages/airflow/example_dags/example_branch_labels.py
[2025-08-17T01:03:05.267+0000] {processor.py:840} INFO - DAG(s) 'example_branch_labels' retrieved from /home/airflow/.local/lib/python3.12/site-packages/airflow/example_dags/example_branch_labels.py
[2025-08-17T01:03:05.296+0000] {logging_mixin.py:188} INFO - [2025-08-17T01:03:05.296+0000] {dag.py:3089} INFO - Sync 1 DAGs
[2025-08-17T01:03:05.323+0000] {logging_mixin.py:188} INFO - [2025-08-17T01:03:05.323+0000] {dag.py:3947} INFO - Setting next_dagrun for example_branch_labels to 2025-08-16 00:00:00+00:00, run_after=2025-08-17 00:00:00+00:00
[2025-08-17T01:03:05.346+0000] {processor.py:183} INFO - Processing /home/airflow/.local/lib/python3.12/site-packages/airflow/example_dags/example_branch_labels.py took 0.100 seconds
[2025-08-17T01:03:35.431+0000] {processor.py:161} INFO - Started process (PID=303) to work on /home/airflow/.local/lib/python3.12/site-packages/airflow/example_dags/example_branch_labels.py
[2025-08-17T01:03:35.433+0000] {processor.py:830} INFO - Processing file /home/airflow/.local/lib/python3.12/site-packages/airflow/example_dags/example_branch_labels.py for tasks to queue
[2025-08-17T01:03:35.435+0000] {logging_mixin.py:188} INFO - [2025-08-17T01:03:35.434+0000] {dagbag.py:545} INFO - Filling up the DagBag from /home/airflow/.local/lib/python3.12/site-packages/airflow/example_dags/example_branch_labels.py
[2025-08-17T01:03:35.442+0000] {processor.py:840} INFO - DAG(s) 'example_branch_labels' retrieved from /home/airflow/.local/lib/python3.12/site-packages/airflow/example_dags/example_branch_labels.py
[2025-08-17T01:03:35.465+0000] {logging_mixin.py:188} INFO - [2025-08-17T01:03:35.465+0000] {dag.py:3089} INFO - Sync 1 DAGs
[2025-08-17T01:03:35.499+0000] {logging_mixin.py:188} INFO - [2025-08-17T01:03:35.498+0000] {dag.py:3947} INFO - Setting next_dagrun for example_branch_labels to 2025-08-16 00:00:00+00:00, run_after=2025-08-17 00:00:00+00:00
[2025-08-17T01:03:35.524+0000] {processor.py:183} INFO - Processing /home/airflow/.local/lib/python3.12/site-packages/airflow/example_dags/example_branch_labels.py took 0.099 seconds
[2025-08-17T01:04:05.687+0000] {processor.py:161} INFO - Started process (PID=362) to work on /home/airflow/.local/lib/python3.12/site-packages/airflow/example_dags/example_branch_labels.py
[2025-08-17T01:04:05.689+0000] {processor.py:830} INFO - Processing file /home/airflow/.local/lib/python3.12/site-packages/airflow/example_dags/example_branch_labels.py for tasks to queue
[2025-08-17T01:04:05.692+0000] {logging_mixin.py:188} INFO - [2025-08-17T01:04:05.691+0000] {dagbag.py:545} INFO - Filling up the DagBag from /home/airflow/.local/lib/python3.12/site-packages/airflow/example_dags/example_branch_labels.py
[2025-08-17T01:04:05.705+0000] {processor.py:840} INFO - DAG(s) 'example_branch_labels' retrieved from /home/airflow/.local/lib/python3.12/site-packages/airflow/example_dags/example_branch_labels.py
[2025-08-17T01:04:05.742+0000] {logging_mixin.py:188} INFO - [2025-08-17T01:04:05.742+0000] {dag.py:3089} INFO - Sync 1 DAGs
[2025-08-17T01:04:05.778+0000] {logging_mixin.py:188} INFO - [2025-08-17T01:04:05.777+0000] {dag.py:3947} INFO - Setting next_dagrun for example_branch_labels to 2025-08-16 00:00:00+00:00, run_after=2025-08-17 00:00:00+00:00
[2025-08-17T01:04:05.803+0000] {processor.py:183} INFO - Processing /home/airflow/.local/lib/python3.12/site-packages/airflow/example_dags/example_branch_labels.py took 0.124 seconds
[2025-08-17T01:04:36.675+0000] {processor.py:161} INFO - Started process (PID=421) to work on /home/airflow/.local/lib/python3.12/site-packages/airflow/example_dags/example_branch_labels.py
[2025-08-17T01:04:36.676+0000] {processor.py:830} INFO - Processing file /home/airflow/.local/lib/python3.12/site-packages/airflow/example_dags/example_branch_labels.py for tasks to queue
[2025-08-17T01:04:36.678+0000] {logging_mixin.py:188} INFO - [2025-08-17T01:04:36.678+0000] {dagbag.py:545} INFO - Filling up the DagBag from /home/airflow/.local/lib/python3.12/site-packages/airflow/example_dags/example_branch_labels.py
[2025-08-17T01:04:36.688+0000] {processor.py:840} INFO - DAG(s) 'example_branch_labels' retrieved from /home/airflow/.local/lib/python3.12/site-packages/airflow/example_dags/example_branch_labels.py
[2025-08-17T01:04:36.713+0000] {logging_mixin.py:188} INFO - [2025-08-17T01:04:36.713+0000] {dag.py:3089} INFO - Sync 1 DAGs
[2025-08-17T01:04:36.739+0000] {logging_mixin.py:188} INFO - [2025-08-17T01:04:36.739+0000] {dag.py:3947} INFO - Setting next_dagrun for example_branch_labels to 2025-08-16 00:00:00+00:00, run_after=2025-08-17 00:00:00+00:00
[2025-08-17T01:04:36.761+0000] {processor.py:183} INFO - Processing /home/airflow/.local/lib/python3.12/site-packages/airflow/example_dags/example_branch_labels.py took 0.093 seconds
[2025-08-17T01:05:07.250+0000] {processor.py:161} INFO - Started process (PID=480) to work on /home/airflow/.local/lib/python3.12/site-packages/airflow/example_dags/example_branch_labels.py
[2025-08-17T01:05:07.252+0000] {processor.py:830} INFO - Processing file /home/airflow/.local/lib/python3.12/site-packages/airflow/example_dags/example_branch_labels.py for tasks to queue
[2025-08-17T01:05:07.254+0000] {logging_mixin.py:188} INFO - [2025-08-17T01:05:07.254+0000] {dagbag.py:545} INFO - Filling up the DagBag from /home/airflow/.local/lib/python3.12/site-packages/airflow/example_dags/example_branch_labels.py
[2025-08-17T01:05:07.263+0000] {processor.py:840} INFO - DAG(s) 'example_branch_labels' retrieved from /home/airflow/.local/lib/python3.12/site-packages/airflow/example_dags/example_branch_labels.py
[2025-08-17T01:05:07.287+0000] {logging_mixin.py:188} INFO - [2025-08-17T01:05:07.287+0000] {dag.py:3089} INFO - Sync 1 DAGs
[2025-08-17T01:05:07.310+0000] {logging_mixin.py:188} INFO - [2025-08-17T01:05:07.310+0000] {dag.py:3947} INFO - Setting next_dagrun for example_branch_labels to 2025-08-16 00:00:00+00:00, run_after=2025-08-17 00:00:00+00:00
[2025-08-17T01:05:07.327+0000] {processor.py:183} INFO - Processing /home/airflow/.local/lib/python3.12/site-packages/airflow/example_dags/example_branch_labels.py took 0.083 seconds
[2025-08-17T01:05:37.512+0000] {processor.py:161} INFO - Started process (PID=539) to work on /home/airflow/.local/lib/python3.12/site-packages/airflow/example_dags/example_branch_labels.py
[2025-08-17T01:05:37.513+0000] {processor.py:830} INFO - Processing file /home/airflow/.local/lib/python3.12/site-packages/airflow/example_dags/example_branch_labels.py for tasks to queue
[2025-08-17T01:05:37.515+0000] {logging_mixin.py:188} INFO - [2025-08-17T01:05:37.515+0000] {dagbag.py:545} INFO - Filling up the DagBag from /home/airflow/.local/lib/python3.12/site-packages/airflow/example_dags/example_branch_labels.py
[2025-08-17T01:05:37.525+0000] {processor.py:840} INFO - DAG(s) 'example_branch_labels' retrieved from /home/airflow/.local/lib/python3.12/site-packages/airflow/example_dags/example_branch_labels.py
[2025-08-17T01:05:37.553+0000] {logging_mixin.py:188} INFO - [2025-08-17T01:05:37.553+0000] {dag.py:3089} INFO - Sync 1 DAGs
[2025-08-17T01:05:37.577+0000] {logging_mixin.py:188} INFO - [2025-08-17T01:05:37.577+0000] {dag.py:3947} INFO - Setting next_dagrun for example_branch_labels to 2025-08-16 00:00:00+00:00, run_after=2025-08-17 00:00:00+00:00
[2025-08-17T01:05:37.599+0000] {processor.py:183} INFO - Processing /home/airflow/.local/lib/python3.12/site-packages/airflow/example_dags/example_branch_labels.py took 0.095 seconds
[2025-08-17T01:06:07.890+0000] {processor.py:161} INFO - Started process (PID=598) to work on /home/airflow/.local/lib/python3.12/site-packages/airflow/example_dags/example_branch_labels.py
[2025-08-17T01:06:07.891+0000] {processor.py:830} INFO - Processing file /home/airflow/.local/lib/python3.12/site-packages/airflow/example_dags/example_branch_labels.py for tasks to queue
[2025-08-17T01:06:07.894+0000] {logging_mixin.py:188} INFO - [2025-08-17T01:06:07.894+0000] {dagbag.py:545} INFO - Filling up the DagBag from /home/airflow/.local/lib/python3.12/site-packages/airflow/example_dags/example_branch_labels.py
[2025-08-17T01:06:07.903+0000] {processor.py:840} INFO - DAG(s) 'example_branch_labels' retrieved from /home/airflow/.local/lib/python3.12/site-packages/airflow/example_dags/example_branch_labels.py
[2025-08-17T01:06:07.928+0000] {logging_mixin.py:188} INFO - [2025-08-17T01:06:07.928+0000] {dag.py:3089} INFO - Sync 1 DAGs
[2025-08-17T01:06:07.954+0000] {logging_mixin.py:188} INFO - [2025-08-17T01:06:07.954+0000] {dag.py:3947} INFO - Setting next_dagrun for example_branch_labels to 2025-08-16 00:00:00+00:00, run_after=2025-08-17 00:00:00+00:00
[2025-08-17T01:06:07.976+0000] {processor.py:183} INFO - Processing /home/airflow/.local/lib/python3.12/site-packages/airflow/example_dags/example_branch_labels.py took 0.093 seconds
[2025-08-17T01:06:38.110+0000] {processor.py:161} INFO - Started process (PID=657) to work on /home/airflow/.local/lib/python3.12/site-packages/airflow/example_dags/example_branch_labels.py
[2025-08-17T01:06:38.111+0000] {processor.py:830} INFO - Processing file /home/airflow/.local/lib/python3.12/site-packages/airflow/example_dags/example_branch_labels.py for tasks to queue
[2025-08-17T01:06:38.113+0000] {logging_mixin.py:188} INFO - [2025-08-17T01:06:38.113+0000] {dagbag.py:545} INFO - Filling up the DagBag from /home/airflow/.local/lib/python3.12/site-packages/airflow/example_dags/example_branch_labels.py
[2025-08-17T01:06:38.122+0000] {processor.py:840} INFO - DAG(s) 'example_branch_labels' retrieved from /home/airflow/.local/lib/python3.12/site-packages/airflow/example_dags/example_branch_labels.py
[2025-08-17T01:06:38.145+0000] {logging_mixin.py:188} INFO - [2025-08-17T01:06:38.145+0000] {dag.py:3089} INFO - Sync 1 DAGs
[2025-08-17T01:06:38.170+0000] {logging_mixin.py:188} INFO - [2025-08-17T01:06:38.170+0000] {dag.py:3947} INFO - Setting next_dagrun for example_branch_labels to 2025-08-16 00:00:00+00:00, run_after=2025-08-17 00:00:00+00:00
[2025-08-17T01:06:38.193+0000] {processor.py:183} INFO - Processing /home/airflow/.local/lib/python3.12/site-packages/airflow/example_dags/example_branch_labels.py took 0.089 seconds
[2025-08-17T01:07:08.380+0000] {processor.py:161} INFO - Started process (PID=716) to work on /home/airflow/.local/lib/python3.12/site-packages/airflow/example_dags/example_branch_labels.py
[2025-08-17T01:07:08.381+0000] {processor.py:830} INFO - Processing file /home/airflow/.local/lib/python3.12/site-packages/airflow/example_dags/example_branch_labels.py for tasks to queue
[2025-08-17T01:07:08.384+0000] {logging_mixin.py:188} INFO - [2025-08-17T01:07:08.384+0000] {dagbag.py:545} INFO - Filling up the DagBag from /home/airflow/.local/lib/python3.12/site-packages/airflow/example_dags/example_branch_labels.py
[2025-08-17T01:07:08.394+0000] {processor.py:840} INFO - DAG(s) 'example_branch_labels' retrieved from /home/airflow/.local/lib/python3.12/site-packages/airflow/example_dags/example_branch_labels.py
[2025-08-17T01:07:08.419+0000] {logging_mixin.py:188} INFO - [2025-08-17T01:07:08.419+0000] {dag.py:3089} INFO - Sync 1 DAGs
[2025-08-17T01:07:08.443+0000] {logging_mixin.py:188} INFO - [2025-08-17T01:07:08.443+0000] {dag.py:3947} INFO - Setting next_dagrun for example_branch_labels to 2025-08-16 00:00:00+00:00, run_after=2025-08-17 00:00:00+00:00
[2025-08-17T01:07:08.469+0000] {processor.py:183} INFO - Processing /home/airflow/.local/lib/python3.12/site-packages/airflow/example_dags/example_branch_labels.py took 0.098 seconds
[2025-08-17T01:07:38.696+0000] {processor.py:161} INFO - Started process (PID=782) to work on /home/airflow/.local/lib/python3.12/site-packages/airflow/example_dags/example_branch_labels.py
[2025-08-17T01:07:38.698+0000] {processor.py:830} INFO - Processing file /home/airflow/.local/lib/python3.12/site-packages/airflow/example_dags/example_branch_labels.py for tasks to queue
[2025-08-17T01:07:38.703+0000] {logging_mixin.py:188} INFO - [2025-08-17T01:07:38.702+0000] {dagbag.py:545} INFO - Filling up the DagBag from /home/airflow/.local/lib/python3.12/site-packages/airflow/example_dags/example_branch_labels.py
[2025-08-17T01:07:38.716+0000] {processor.py:840} INFO - DAG(s) 'example_branch_labels' retrieved from /home/airflow/.local/lib/python3.12/site-packages/airflow/example_dags/example_branch_labels.py
[2025-08-17T01:07:38.747+0000] {logging_mixin.py:188} INFO - [2025-08-17T01:07:38.746+0000] {dag.py:3089} INFO - Sync 1 DAGs
[2025-08-17T01:07:38.773+0000] {logging_mixin.py:188} INFO - [2025-08-17T01:07:38.773+0000] {dag.py:3947} INFO - Setting next_dagrun for example_branch_labels to 2025-08-16 00:00:00+00:00, run_after=2025-08-17 00:00:00+00:00
[2025-08-17T01:07:38.799+0000] {processor.py:183} INFO - Processing /home/airflow/.local/lib/python3.12/site-packages/airflow/example_dags/example_branch_labels.py took 0.116 seconds
[2025-08-17T01:08:09.526+0000] {processor.py:161} INFO - Started process (PID=841) to work on /home/airflow/.local/lib/python3.12/site-packages/airflow/example_dags/example_branch_labels.py
[2025-08-17T01:08:09.528+0000] {processor.py:830} INFO - Processing file /home/airflow/.local/lib/python3.12/site-packages/airflow/example_dags/example_branch_labels.py for tasks to queue
[2025-08-17T01:08:09.530+0000] {logging_mixin.py:188} INFO - [2025-08-17T01:08:09.529+0000] {dagbag.py:545} INFO - Filling up the DagBag from /home/airflow/.local/lib/python3.12/site-packages/airflow/example_dags/example_branch_labels.py
[2025-08-17T01:08:09.537+0000] {processor.py:840} INFO - DAG(s) 'example_branch_labels' retrieved from /home/airflow/.local/lib/python3.12/site-packages/airflow/example_dags/example_branch_labels.py
[2025-08-17T01:08:09.560+0000] {logging_mixin.py:188} INFO - [2025-08-17T01:08:09.559+0000] {dag.py:3089} INFO - Sync 1 DAGs
[2025-08-17T01:08:09.581+0000] {logging_mixin.py:188} INFO - [2025-08-17T01:08:09.581+0000] {dag.py:3947} INFO - Setting next_dagrun for example_branch_labels to 2025-08-16 00:00:00+00:00, run_after=2025-08-17 00:00:00+00:00
[2025-08-17T01:08:09.600+0000] {processor.py:183} INFO - Processing /home/airflow/.local/lib/python3.12/site-packages/airflow/example_dags/example_branch_labels.py took 0.080 seconds
[2025-08-17T01:08:40.688+0000] {processor.py:161} INFO - Started process (PID=900) to work on /home/airflow/.local/lib/python3.12/site-packages/airflow/example_dags/example_branch_labels.py
[2025-08-17T01:08:40.689+0000] {processor.py:830} INFO - Processing file /home/airflow/.local/lib/python3.12/site-packages/airflow/example_dags/example_branch_labels.py for tasks to queue
[2025-08-17T01:08:40.692+0000] {logging_mixin.py:188} INFO - [2025-08-17T01:08:40.691+0000] {dagbag.py:545} INFO - Filling up the DagBag from /home/airflow/.local/lib/python3.12/site-packages/airflow/example_dags/example_branch_labels.py
[2025-08-17T01:08:40.701+0000] {processor.py:840} INFO - DAG(s) 'example_branch_labels' retrieved from /home/airflow/.local/lib/python3.12/site-packages/airflow/example_dags/example_branch_labels.py
[2025-08-17T01:08:40.724+0000] {logging_mixin.py:188} INFO - [2025-08-17T01:08:40.724+0000] {dag.py:3089} INFO - Sync 1 DAGs
[2025-08-17T01:08:40.745+0000] {logging_mixin.py:188} INFO - [2025-08-17T01:08:40.745+0000] {dag.py:3947} INFO - Setting next_dagrun for example_branch_labels to 2025-08-16 00:00:00+00:00, run_after=2025-08-17 00:00:00+00:00
[2025-08-17T01:08:40.764+0000] {processor.py:183} INFO - Processing /home/airflow/.local/lib/python3.12/site-packages/airflow/example_dags/example_branch_labels.py took 0.081 seconds
[2025-08-17T01:09:10.958+0000] {processor.py:161} INFO - Started process (PID=959) to work on /home/airflow/.local/lib/python3.12/site-packages/airflow/example_dags/example_branch_labels.py
[2025-08-17T01:09:10.959+0000] {processor.py:830} INFO - Processing file /home/airflow/.local/lib/python3.12/site-packages/airflow/example_dags/example_branch_labels.py for tasks to queue
[2025-08-17T01:09:10.962+0000] {logging_mixin.py:188} INFO - [2025-08-17T01:09:10.961+0000] {dagbag.py:545} INFO - Filling up the DagBag from /home/airflow/.local/lib/python3.12/site-packages/airflow/example_dags/example_branch_labels.py
[2025-08-17T01:09:10.969+0000] {processor.py:840} INFO - DAG(s) 'example_branch_labels' retrieved from /home/airflow/.local/lib/python3.12/site-packages/airflow/example_dags/example_branch_labels.py
[2025-08-17T01:09:10.992+0000] {logging_mixin.py:188} INFO - [2025-08-17T01:09:10.992+0000] {dag.py:3089} INFO - Sync 1 DAGs
[2025-08-17T01:09:11.017+0000] {logging_mixin.py:188} INFO - [2025-08-17T01:09:11.017+0000] {dag.py:3947} INFO - Setting next_dagrun for example_branch_labels to 2025-08-16 00:00:00+00:00, run_after=2025-08-17 00:00:00+00:00
[2025-08-17T01:09:11.042+0000] {processor.py:183} INFO - Processing /home/airflow/.local/lib/python3.12/site-packages/airflow/example_dags/example_branch_labels.py took 0.090 seconds
[2025-08-17T01:09:41.289+0000] {processor.py:161} INFO - Started process (PID=1018) to work on /home/airflow/.local/lib/python3.12/site-packages/airflow/example_dags/example_branch_labels.py
[2025-08-17T01:09:41.290+0000] {processor.py:830} INFO - Processing file /home/airflow/.local/lib/python3.12/site-packages/airflow/example_dags/example_branch_labels.py for tasks to queue
[2025-08-17T01:09:41.293+0000] {logging_mixin.py:188} INFO - [2025-08-17T01:09:41.292+0000] {dagbag.py:545} INFO - Filling up the DagBag from /home/airflow/.local/lib/python3.12/site-packages/airflow/example_dags/example_branch_labels.py
[2025-08-17T01:09:41.301+0000] {processor.py:840} INFO - DAG(s) 'example_branch_labels' retrieved from /home/airflow/.local/lib/python3.12/site-packages/airflow/example_dags/example_branch_labels.py
[2025-08-17T01:09:41.324+0000] {logging_mixin.py:188} INFO - [2025-08-17T01:09:41.324+0000] {dag.py:3089} INFO - Sync 1 DAGs
[2025-08-17T01:09:41.350+0000] {logging_mixin.py:188} INFO - [2025-08-17T01:09:41.350+0000] {dag.py:3947} INFO - Setting next_dagrun for example_branch_labels to 2025-08-16 00:00:00+00:00, run_after=2025-08-17 00:00:00+00:00
[2025-08-17T01:09:41.370+0000] {processor.py:183} INFO - Processing /home/airflow/.local/lib/python3.12/site-packages/airflow/example_dags/example_branch_labels.py took 0.087 seconds
[2025-08-17T01:10:11.542+0000] {processor.py:161} INFO - Started process (PID=1078) to work on /home/airflow/.local/lib/python3.12/site-packages/airflow/example_dags/example_branch_labels.py
[2025-08-17T01:10:11.543+0000] {processor.py:830} INFO - Processing file /home/airflow/.local/lib/python3.12/site-packages/airflow/example_dags/example_branch_labels.py for tasks to queue
[2025-08-17T01:10:11.546+0000] {logging_mixin.py:188} INFO - [2025-08-17T01:10:11.546+0000] {dagbag.py:545} INFO - Filling up the DagBag from /home/airflow/.local/lib/python3.12/site-packages/airflow/example_dags/example_branch_labels.py
[2025-08-17T01:10:11.555+0000] {processor.py:840} INFO - DAG(s) 'example_branch_labels' retrieved from /home/airflow/.local/lib/python3.12/site-packages/airflow/example_dags/example_branch_labels.py
[2025-08-17T01:10:11.575+0000] {logging_mixin.py:188} INFO - [2025-08-17T01:10:11.575+0000] {dag.py:3089} INFO - Sync 1 DAGs
[2025-08-17T01:10:11.595+0000] {logging_mixin.py:188} INFO - [2025-08-17T01:10:11.594+0000] {dag.py:3947} INFO - Setting next_dagrun for example_branch_labels to 2025-08-16 00:00:00+00:00, run_after=2025-08-17 00:00:00+00:00
[2025-08-17T01:10:11.611+0000] {processor.py:183} INFO - Processing /home/airflow/.local/lib/python3.12/site-packages/airflow/example_dags/example_branch_labels.py took 0.075 seconds
[2025-08-17T01:10:42.040+0000] {processor.py:161} INFO - Started process (PID=1137) to work on /home/airflow/.local/lib/python3.12/site-packages/airflow/example_dags/example_branch_labels.py
[2025-08-17T01:10:42.041+0000] {processor.py:830} INFO - Processing file /home/airflow/.local/lib/python3.12/site-packages/airflow/example_dags/example_branch_labels.py for tasks to queue
[2025-08-17T01:10:42.043+0000] {logging_mixin.py:188} INFO - [2025-08-17T01:10:42.043+0000] {dagbag.py:545} INFO - Filling up the DagBag from /home/airflow/.local/lib/python3.12/site-packages/airflow/example_dags/example_branch_labels.py
[2025-08-17T01:10:42.052+0000] {processor.py:840} INFO - DAG(s) 'example_branch_labels' retrieved from /home/airflow/.local/lib/python3.12/site-packages/airflow/example_dags/example_branch_labels.py
[2025-08-17T01:10:42.075+0000] {logging_mixin.py:188} INFO - [2025-08-17T01:10:42.075+0000] {dag.py:3089} INFO - Sync 1 DAGs
[2025-08-17T01:10:42.097+0000] {logging_mixin.py:188} INFO - [2025-08-17T01:10:42.096+0000] {dag.py:3947} INFO - Setting next_dagrun for example_branch_labels to 2025-08-16 00:00:00+00:00, run_after=2025-08-17 00:00:00+00:00
[2025-08-17T01:10:42.117+0000] {processor.py:183} INFO - Processing /home/airflow/.local/lib/python3.12/site-packages/airflow/example_dags/example_branch_labels.py took 0.083 seconds
[2025-08-17T01:11:12.480+0000] {processor.py:161} INFO - Started process (PID=1196) to work on /home/airflow/.local/lib/python3.12/site-packages/airflow/example_dags/example_branch_labels.py
[2025-08-17T01:11:12.482+0000] {processor.py:830} INFO - Processing file /home/airflow/.local/lib/python3.12/site-packages/airflow/example_dags/example_branch_labels.py for tasks to queue
[2025-08-17T01:11:12.485+0000] {logging_mixin.py:188} INFO - [2025-08-17T01:11:12.485+0000] {dagbag.py:545} INFO - Filling up the DagBag from /home/airflow/.local/lib/python3.12/site-packages/airflow/example_dags/example_branch_labels.py
[2025-08-17T01:11:12.496+0000] {processor.py:840} INFO - DAG(s) 'example_branch_labels' retrieved from /home/airflow/.local/lib/python3.12/site-packages/airflow/example_dags/example_branch_labels.py
[2025-08-17T01:11:12.527+0000] {logging_mixin.py:188} INFO - [2025-08-17T01:11:12.526+0000] {dag.py:3089} INFO - Sync 1 DAGs
[2025-08-17T01:11:12.558+0000] {logging_mixin.py:188} INFO - [2025-08-17T01:11:12.558+0000] {dag.py:3947} INFO - Setting next_dagrun for example_branch_labels to 2025-08-16 00:00:00+00:00, run_after=2025-08-17 00:00:00+00:00
[2025-08-17T01:11:12.583+0000] {processor.py:183} INFO - Processing /home/airflow/.local/lib/python3.12/site-packages/airflow/example_dags/example_branch_labels.py took 0.112 seconds
[2025-08-17T01:11:43.037+0000] {processor.py:161} INFO - Started process (PID=1255) to work on /home/airflow/.local/lib/python3.12/site-packages/airflow/example_dags/example_branch_labels.py
[2025-08-17T01:11:43.038+0000] {processor.py:830} INFO - Processing file /home/airflow/.local/lib/python3.12/site-packages/airflow/example_dags/example_branch_labels.py for tasks to queue
[2025-08-17T01:11:43.040+0000] {logging_mixin.py:188} INFO - [2025-08-17T01:11:43.040+0000] {dagbag.py:545} INFO - Filling up the DagBag from /home/airflow/.local/lib/python3.12/site-packages/airflow/example_dags/example_branch_labels.py
[2025-08-17T01:11:43.048+0000] {processor.py:840} INFO - DAG(s) 'example_branch_labels' retrieved from /home/airflow/.local/lib/python3.12/site-packages/airflow/example_dags/example_branch_labels.py
[2025-08-17T01:11:43.070+0000] {logging_mixin.py:188} INFO - [2025-08-17T01:11:43.069+0000] {dag.py:3089} INFO - Sync 1 DAGs
[2025-08-17T01:11:43.091+0000] {logging_mixin.py:188} INFO - [2025-08-17T01:11:43.091+0000] {dag.py:3947} INFO - Setting next_dagrun for example_branch_labels to 2025-08-16 00:00:00+00:00, run_after=2025-08-17 00:00:00+00:00
[2025-08-17T01:11:43.111+0000] {processor.py:183} INFO - Processing /home/airflow/.local/lib/python3.12/site-packages/airflow/example_dags/example_branch_labels.py took 0.079 seconds
[2025-08-17T01:12:13.305+0000] {processor.py:161} INFO - Started process (PID=1314) to work on /home/airflow/.local/lib/python3.12/site-packages/airflow/example_dags/example_branch_labels.py
[2025-08-17T01:12:13.306+0000] {processor.py:830} INFO - Processing file /home/airflow/.local/lib/python3.12/site-packages/airflow/example_dags/example_branch_labels.py for tasks to queue
[2025-08-17T01:12:13.309+0000] {logging_mixin.py:188} INFO - [2025-08-17T01:12:13.308+0000] {dagbag.py:545} INFO - Filling up the DagBag from /home/airflow/.local/lib/python3.12/site-packages/airflow/example_dags/example_branch_labels.py
[2025-08-17T01:12:13.318+0000] {processor.py:840} INFO - DAG(s) 'example_branch_labels' retrieved from /home/airflow/.local/lib/python3.12/site-packages/airflow/example_dags/example_branch_labels.py
[2025-08-17T01:12:13.345+0000] {logging_mixin.py:188} INFO - [2025-08-17T01:12:13.345+0000] {dag.py:3089} INFO - Sync 1 DAGs
[2025-08-17T01:12:13.377+0000] {logging_mixin.py:188} INFO - [2025-08-17T01:12:13.377+0000] {dag.py:3947} INFO - Setting next_dagrun for example_branch_labels to 2025-08-16 00:00:00+00:00, run_after=2025-08-17 00:00:00+00:00
[2025-08-17T01:12:13.409+0000] {processor.py:183} INFO - Processing /home/airflow/.local/lib/python3.12/site-packages/airflow/example_dags/example_branch_labels.py took 0.110 seconds
[2025-08-17T01:12:43.909+0000] {processor.py:161} INFO - Started process (PID=1373) to work on /home/airflow/.local/lib/python3.12/site-packages/airflow/example_dags/example_branch_labels.py
[2025-08-17T01:12:43.910+0000] {processor.py:830} INFO - Processing file /home/airflow/.local/lib/python3.12/site-packages/airflow/example_dags/example_branch_labels.py for tasks to queue
[2025-08-17T01:12:43.913+0000] {logging_mixin.py:188} INFO - [2025-08-17T01:12:43.913+0000] {dagbag.py:545} INFO - Filling up the DagBag from /home/airflow/.local/lib/python3.12/site-packages/airflow/example_dags/example_branch_labels.py
[2025-08-17T01:12:43.921+0000] {processor.py:840} INFO - DAG(s) 'example_branch_labels' retrieved from /home/airflow/.local/lib/python3.12/site-packages/airflow/example_dags/example_branch_labels.py
[2025-08-17T01:12:43.947+0000] {logging_mixin.py:188} INFO - [2025-08-17T01:12:43.947+0000] {dag.py:3089} INFO - Sync 1 DAGs
[2025-08-17T01:12:43.970+0000] {logging_mixin.py:188} INFO - [2025-08-17T01:12:43.970+0000] {dag.py:3947} INFO - Setting next_dagrun for example_branch_labels to 2025-08-16 00:00:00+00:00, run_after=2025-08-17 00:00:00+00:00
[2025-08-17T01:12:43.988+0000] {processor.py:183} INFO - Processing /home/airflow/.local/lib/python3.12/site-packages/airflow/example_dags/example_branch_labels.py took 0.085 seconds
[2025-08-17T01:13:14.402+0000] {processor.py:161} INFO - Started process (PID=1433) to work on /home/airflow/.local/lib/python3.12/site-packages/airflow/example_dags/example_branch_labels.py
[2025-08-17T01:13:14.404+0000] {processor.py:830} INFO - Processing file /home/airflow/.local/lib/python3.12/site-packages/airflow/example_dags/example_branch_labels.py for tasks to queue
[2025-08-17T01:13:14.407+0000] {logging_mixin.py:188} INFO - [2025-08-17T01:13:14.406+0000] {dagbag.py:545} INFO - Filling up the DagBag from /home/airflow/.local/lib/python3.12/site-packages/airflow/example_dags/example_branch_labels.py
[2025-08-17T01:13:14.416+0000] {processor.py:840} INFO - DAG(s) 'example_branch_labels' retrieved from /home/airflow/.local/lib/python3.12/site-packages/airflow/example_dags/example_branch_labels.py
[2025-08-17T01:13:14.448+0000] {logging_mixin.py:188} INFO - [2025-08-17T01:13:14.448+0000] {dag.py:3089} INFO - Sync 1 DAGs
[2025-08-17T01:13:14.479+0000] {logging_mixin.py:188} INFO - [2025-08-17T01:13:14.478+0000] {dag.py:3947} INFO - Setting next_dagrun for example_branch_labels to 2025-08-16 00:00:00+00:00, run_after=2025-08-17 00:00:00+00:00
[2025-08-17T01:13:14.504+0000] {processor.py:183} INFO - Processing /home/airflow/.local/lib/python3.12/site-packages/airflow/example_dags/example_branch_labels.py took 0.110 seconds
[2025-08-17T01:13:44.812+0000] {processor.py:161} INFO - Started process (PID=1492) to work on /home/airflow/.local/lib/python3.12/site-packages/airflow/example_dags/example_branch_labels.py
[2025-08-17T01:13:44.814+0000] {processor.py:830} INFO - Processing file /home/airflow/.local/lib/python3.12/site-packages/airflow/example_dags/example_branch_labels.py for tasks to queue
[2025-08-17T01:13:44.816+0000] {logging_mixin.py:188} INFO - [2025-08-17T01:13:44.816+0000] {dagbag.py:545} INFO - Filling up the DagBag from /home/airflow/.local/lib/python3.12/site-packages/airflow/example_dags/example_branch_labels.py
[2025-08-17T01:13:44.824+0000] {processor.py:840} INFO - DAG(s) 'example_branch_labels' retrieved from /home/airflow/.local/lib/python3.12/site-packages/airflow/example_dags/example_branch_labels.py
[2025-08-17T01:13:44.848+0000] {logging_mixin.py:188} INFO - [2025-08-17T01:13:44.848+0000] {dag.py:3089} INFO - Sync 1 DAGs
[2025-08-17T01:13:44.871+0000] {logging_mixin.py:188} INFO - [2025-08-17T01:13:44.871+0000] {dag.py:3947} INFO - Setting next_dagrun for example_branch_labels to 2025-08-16 00:00:00+00:00, run_after=2025-08-17 00:00:00+00:00
[2025-08-17T01:13:44.892+0000] {processor.py:183} INFO - Processing /home/airflow/.local/lib/python3.12/site-packages/airflow/example_dags/example_branch_labels.py took 0.085 seconds
[2025-08-17T01:14:15.425+0000] {processor.py:161} INFO - Started process (PID=1551) to work on /home/airflow/.local/lib/python3.12/site-packages/airflow/example_dags/example_branch_labels.py
[2025-08-17T01:14:15.427+0000] {processor.py:830} INFO - Processing file /home/airflow/.local/lib/python3.12/site-packages/airflow/example_dags/example_branch_labels.py for tasks to queue
[2025-08-17T01:14:15.430+0000] {logging_mixin.py:188} INFO - [2025-08-17T01:14:15.429+0000] {dagbag.py:545} INFO - Filling up the DagBag from /home/airflow/.local/lib/python3.12/site-packages/airflow/example_dags/example_branch_labels.py
[2025-08-17T01:14:15.438+0000] {processor.py:840} INFO - DAG(s) 'example_branch_labels' retrieved from /home/airflow/.local/lib/python3.12/site-packages/airflow/example_dags/example_branch_labels.py
[2025-08-17T01:14:15.460+0000] {logging_mixin.py:188} INFO - [2025-08-17T01:14:15.459+0000] {dag.py:3089} INFO - Sync 1 DAGs
[2025-08-17T01:14:15.482+0000] {logging_mixin.py:188} INFO - [2025-08-17T01:14:15.482+0000] {dag.py:3947} INFO - Setting next_dagrun for example_branch_labels to 2025-08-16 00:00:00+00:00, run_after=2025-08-17 00:00:00+00:00
[2025-08-17T01:14:15.503+0000] {processor.py:183} INFO - Processing /home/airflow/.local/lib/python3.12/site-packages/airflow/example_dags/example_branch_labels.py took 0.084 seconds
[2025-08-17T01:14:46.067+0000] {processor.py:161} INFO - Started process (PID=1610) to work on /home/airflow/.local/lib/python3.12/site-packages/airflow/example_dags/example_branch_labels.py
[2025-08-17T01:14:46.068+0000] {processor.py:830} INFO - Processing file /home/airflow/.local/lib/python3.12/site-packages/airflow/example_dags/example_branch_labels.py for tasks to queue
[2025-08-17T01:14:46.071+0000] {logging_mixin.py:188} INFO - [2025-08-17T01:14:46.070+0000] {dagbag.py:545} INFO - Filling up the DagBag from /home/airflow/.local/lib/python3.12/site-packages/airflow/example_dags/example_branch_labels.py
[2025-08-17T01:14:46.080+0000] {processor.py:840} INFO - DAG(s) 'example_branch_labels' retrieved from /home/airflow/.local/lib/python3.12/site-packages/airflow/example_dags/example_branch_labels.py
[2025-08-17T01:14:46.104+0000] {logging_mixin.py:188} INFO - [2025-08-17T01:14:46.103+0000] {dag.py:3089} INFO - Sync 1 DAGs
[2025-08-17T01:14:46.130+0000] {logging_mixin.py:188} INFO - [2025-08-17T01:14:46.129+0000] {dag.py:3947} INFO - Setting next_dagrun for example_branch_labels to 2025-08-16 00:00:00+00:00, run_after=2025-08-17 00:00:00+00:00
[2025-08-17T01:14:46.151+0000] {processor.py:183} INFO - Processing /home/airflow/.local/lib/python3.12/site-packages/airflow/example_dags/example_branch_labels.py took 0.090 seconds
[2025-08-17T01:15:16.962+0000] {processor.py:161} INFO - Started process (PID=1669) to work on /home/airflow/.local/lib/python3.12/site-packages/airflow/example_dags/example_branch_labels.py
[2025-08-17T01:15:16.964+0000] {processor.py:830} INFO - Processing file /home/airflow/.local/lib/python3.12/site-packages/airflow/example_dags/example_branch_labels.py for tasks to queue
[2025-08-17T01:15:16.967+0000] {logging_mixin.py:188} INFO - [2025-08-17T01:15:16.966+0000] {dagbag.py:545} INFO - Filling up the DagBag from /home/airflow/.local/lib/python3.12/site-packages/airflow/example_dags/example_branch_labels.py
[2025-08-17T01:15:16.975+0000] {processor.py:840} INFO - DAG(s) 'example_branch_labels' retrieved from /home/airflow/.local/lib/python3.12/site-packages/airflow/example_dags/example_branch_labels.py
[2025-08-17T01:15:16.997+0000] {logging_mixin.py:188} INFO - [2025-08-17T01:15:16.997+0000] {dag.py:3089} INFO - Sync 1 DAGs
[2025-08-17T01:15:17.022+0000] {logging_mixin.py:188} INFO - [2025-08-17T01:15:17.021+0000] {dag.py:3947} INFO - Setting next_dagrun for example_branch_labels to 2025-08-16 00:00:00+00:00, run_after=2025-08-17 00:00:00+00:00
[2025-08-17T01:15:17.224+0000] {processor.py:183} INFO - Processing /home/airflow/.local/lib/python3.12/site-packages/airflow/example_dags/example_branch_labels.py took 0.267 seconds
[2025-08-17T01:15:47.941+0000] {processor.py:161} INFO - Started process (PID=1728) to work on /home/airflow/.local/lib/python3.12/site-packages/airflow/example_dags/example_branch_labels.py
[2025-08-17T01:15:47.943+0000] {processor.py:830} INFO - Processing file /home/airflow/.local/lib/python3.12/site-packages/airflow/example_dags/example_branch_labels.py for tasks to queue
[2025-08-17T01:15:47.945+0000] {logging_mixin.py:188} INFO - [2025-08-17T01:15:47.945+0000] {dagbag.py:545} INFO - Filling up the DagBag from /home/airflow/.local/lib/python3.12/site-packages/airflow/example_dags/example_branch_labels.py
[2025-08-17T01:15:47.953+0000] {processor.py:840} INFO - DAG(s) 'example_branch_labels' retrieved from /home/airflow/.local/lib/python3.12/site-packages/airflow/example_dags/example_branch_labels.py
[2025-08-17T01:15:47.975+0000] {logging_mixin.py:188} INFO - [2025-08-17T01:15:47.975+0000] {dag.py:3089} INFO - Sync 1 DAGs
[2025-08-17T01:15:47.997+0000] {logging_mixin.py:188} INFO - [2025-08-17T01:15:47.997+0000] {dag.py:3947} INFO - Setting next_dagrun for example_branch_labels to 2025-08-16 00:00:00+00:00, run_after=2025-08-17 00:00:00+00:00
[2025-08-17T01:15:48.208+0000] {processor.py:183} INFO - Processing /home/airflow/.local/lib/python3.12/site-packages/airflow/example_dags/example_branch_labels.py took 0.273 seconds
[2025-08-17T01:16:18.881+0000] {processor.py:161} INFO - Started process (PID=1787) to work on /home/airflow/.local/lib/python3.12/site-packages/airflow/example_dags/example_branch_labels.py
[2025-08-17T01:16:18.883+0000] {processor.py:830} INFO - Processing file /home/airflow/.local/lib/python3.12/site-packages/airflow/example_dags/example_branch_labels.py for tasks to queue
[2025-08-17T01:16:18.886+0000] {logging_mixin.py:188} INFO - [2025-08-17T01:16:18.885+0000] {dagbag.py:545} INFO - Filling up the DagBag from /home/airflow/.local/lib/python3.12/site-packages/airflow/example_dags/example_branch_labels.py
[2025-08-17T01:16:18.896+0000] {processor.py:840} INFO - DAG(s) 'example_branch_labels' retrieved from /home/airflow/.local/lib/python3.12/site-packages/airflow/example_dags/example_branch_labels.py
[2025-08-17T01:16:18.927+0000] {logging_mixin.py:188} INFO - [2025-08-17T01:16:18.927+0000] {dag.py:3089} INFO - Sync 1 DAGs
[2025-08-17T01:16:18.958+0000] {logging_mixin.py:188} INFO - [2025-08-17T01:16:18.957+0000] {dag.py:3947} INFO - Setting next_dagrun for example_branch_labels to 2025-08-16 00:00:00+00:00, run_after=2025-08-17 00:00:00+00:00
[2025-08-17T01:16:18.980+0000] {processor.py:183} INFO - Processing /home/airflow/.local/lib/python3.12/site-packages/airflow/example_dags/example_branch_labels.py took 0.104 seconds
[2025-08-17T01:17:37.502+0000] {processor.py:161} INFO - Started process (PID=74) to work on /home/airflow/.local/lib/python3.12/site-packages/airflow/example_dags/example_branch_labels.py
[2025-08-17T01:17:37.508+0000] {processor.py:830} INFO - Processing file /home/airflow/.local/lib/python3.12/site-packages/airflow/example_dags/example_branch_labels.py for tasks to queue
[2025-08-17T01:17:37.517+0000] {logging_mixin.py:188} INFO - [2025-08-17T01:17:37.515+0000] {dagbag.py:545} INFO - Filling up the DagBag from /home/airflow/.local/lib/python3.12/site-packages/airflow/example_dags/example_branch_labels.py
[2025-08-17T01:17:37.550+0000] {processor.py:840} INFO - DAG(s) 'example_branch_labels' retrieved from /home/airflow/.local/lib/python3.12/site-packages/airflow/example_dags/example_branch_labels.py
[2025-08-17T01:17:37.755+0000] {logging_mixin.py:188} INFO - [2025-08-17T01:17:37.754+0000] {dag.py:3089} INFO - Sync 1 DAGs
[2025-08-17T01:17:37.793+0000] {logging_mixin.py:188} INFO - [2025-08-17T01:17:37.793+0000] {dag.py:3947} INFO - Setting next_dagrun for example_branch_labels to 2025-08-16 00:00:00+00:00, run_after=2025-08-17 00:00:00+00:00
[2025-08-17T01:17:37.836+0000] {processor.py:183} INFO - Processing /home/airflow/.local/lib/python3.12/site-packages/airflow/example_dags/example_branch_labels.py took 0.369 seconds
[2025-08-17T01:18:08.567+0000] {processor.py:161} INFO - Started process (PID=133) to work on /home/airflow/.local/lib/python3.12/site-packages/airflow/example_dags/example_branch_labels.py
[2025-08-17T01:18:08.568+0000] {processor.py:830} INFO - Processing file /home/airflow/.local/lib/python3.12/site-packages/airflow/example_dags/example_branch_labels.py for tasks to queue
[2025-08-17T01:18:08.571+0000] {logging_mixin.py:188} INFO - [2025-08-17T01:18:08.570+0000] {dagbag.py:545} INFO - Filling up the DagBag from /home/airflow/.local/lib/python3.12/site-packages/airflow/example_dags/example_branch_labels.py
[2025-08-17T01:18:08.581+0000] {processor.py:840} INFO - DAG(s) 'example_branch_labels' retrieved from /home/airflow/.local/lib/python3.12/site-packages/airflow/example_dags/example_branch_labels.py
[2025-08-17T01:18:08.611+0000] {logging_mixin.py:188} INFO - [2025-08-17T01:18:08.611+0000] {dag.py:3089} INFO - Sync 1 DAGs
[2025-08-17T01:18:08.640+0000] {logging_mixin.py:188} INFO - [2025-08-17T01:18:08.640+0000] {dag.py:3947} INFO - Setting next_dagrun for example_branch_labels to 2025-08-16 00:00:00+00:00, run_after=2025-08-17 00:00:00+00:00
[2025-08-17T01:18:08.664+0000] {processor.py:183} INFO - Processing /home/airflow/.local/lib/python3.12/site-packages/airflow/example_dags/example_branch_labels.py took 0.105 seconds
[2025-08-17T01:18:38.846+0000] {processor.py:161} INFO - Started process (PID=192) to work on /home/airflow/.local/lib/python3.12/site-packages/airflow/example_dags/example_branch_labels.py
[2025-08-17T01:18:38.848+0000] {processor.py:830} INFO - Processing file /home/airflow/.local/lib/python3.12/site-packages/airflow/example_dags/example_branch_labels.py for tasks to queue
[2025-08-17T01:18:38.850+0000] {logging_mixin.py:188} INFO - [2025-08-17T01:18:38.849+0000] {dagbag.py:545} INFO - Filling up the DagBag from /home/airflow/.local/lib/python3.12/site-packages/airflow/example_dags/example_branch_labels.py
[2025-08-17T01:18:38.857+0000] {processor.py:840} INFO - DAG(s) 'example_branch_labels' retrieved from /home/airflow/.local/lib/python3.12/site-packages/airflow/example_dags/example_branch_labels.py
[2025-08-17T01:18:38.882+0000] {logging_mixin.py:188} INFO - [2025-08-17T01:18:38.881+0000] {dag.py:3089} INFO - Sync 1 DAGs
[2025-08-17T01:18:38.903+0000] {logging_mixin.py:188} INFO - [2025-08-17T01:18:38.903+0000] {dag.py:3947} INFO - Setting next_dagrun for example_branch_labels to 2025-08-16 00:00:00+00:00, run_after=2025-08-17 00:00:00+00:00
[2025-08-17T01:18:38.923+0000] {processor.py:183} INFO - Processing /home/airflow/.local/lib/python3.12/site-packages/airflow/example_dags/example_branch_labels.py took 0.082 seconds
[2025-08-17T01:19:08.986+0000] {processor.py:161} INFO - Started process (PID=251) to work on /home/airflow/.local/lib/python3.12/site-packages/airflow/example_dags/example_branch_labels.py
[2025-08-17T01:19:08.987+0000] {processor.py:830} INFO - Processing file /home/airflow/.local/lib/python3.12/site-packages/airflow/example_dags/example_branch_labels.py for tasks to queue
[2025-08-17T01:19:08.990+0000] {logging_mixin.py:188} INFO - [2025-08-17T01:19:08.990+0000] {dagbag.py:545} INFO - Filling up the DagBag from /home/airflow/.local/lib/python3.12/site-packages/airflow/example_dags/example_branch_labels.py
[2025-08-17T01:19:09.000+0000] {processor.py:840} INFO - DAG(s) 'example_branch_labels' retrieved from /home/airflow/.local/lib/python3.12/site-packages/airflow/example_dags/example_branch_labels.py
[2025-08-17T01:19:09.027+0000] {logging_mixin.py:188} INFO - [2025-08-17T01:19:09.026+0000] {dag.py:3089} INFO - Sync 1 DAGs
[2025-08-17T01:19:09.053+0000] {logging_mixin.py:188} INFO - [2025-08-17T01:19:09.053+0000] {dag.py:3947} INFO - Setting next_dagrun for example_branch_labels to 2025-08-16 00:00:00+00:00, run_after=2025-08-17 00:00:00+00:00
[2025-08-17T01:19:09.076+0000] {processor.py:183} INFO - Processing /home/airflow/.local/lib/python3.12/site-packages/airflow/example_dags/example_branch_labels.py took 0.096 seconds
[2025-08-17T01:19:39.185+0000] {processor.py:161} INFO - Started process (PID=309) to work on /home/airflow/.local/lib/python3.12/site-packages/airflow/example_dags/example_branch_labels.py
[2025-08-17T01:19:39.186+0000] {processor.py:830} INFO - Processing file /home/airflow/.local/lib/python3.12/site-packages/airflow/example_dags/example_branch_labels.py for tasks to queue
[2025-08-17T01:19:39.189+0000] {logging_mixin.py:188} INFO - [2025-08-17T01:19:39.189+0000] {dagbag.py:545} INFO - Filling up the DagBag from /home/airflow/.local/lib/python3.12/site-packages/airflow/example_dags/example_branch_labels.py
[2025-08-17T01:19:39.198+0000] {processor.py:840} INFO - DAG(s) 'example_branch_labels' retrieved from /home/airflow/.local/lib/python3.12/site-packages/airflow/example_dags/example_branch_labels.py
[2025-08-17T01:19:39.222+0000] {logging_mixin.py:188} INFO - [2025-08-17T01:19:39.222+0000] {dag.py:3089} INFO - Sync 1 DAGs
[2025-08-17T01:19:39.244+0000] {logging_mixin.py:188} INFO - [2025-08-17T01:19:39.244+0000] {dag.py:3947} INFO - Setting next_dagrun for example_branch_labels to 2025-08-16 00:00:00+00:00, run_after=2025-08-17 00:00:00+00:00
[2025-08-17T01:19:39.261+0000] {processor.py:183} INFO - Processing /home/airflow/.local/lib/python3.12/site-packages/airflow/example_dags/example_branch_labels.py took 0.083 seconds
[2025-08-17T01:20:09.364+0000] {processor.py:161} INFO - Started process (PID=368) to work on /home/airflow/.local/lib/python3.12/site-packages/airflow/example_dags/example_branch_labels.py
[2025-08-17T01:20:09.365+0000] {processor.py:830} INFO - Processing file /home/airflow/.local/lib/python3.12/site-packages/airflow/example_dags/example_branch_labels.py for tasks to queue
[2025-08-17T01:20:09.368+0000] {logging_mixin.py:188} INFO - [2025-08-17T01:20:09.367+0000] {dagbag.py:545} INFO - Filling up the DagBag from /home/airflow/.local/lib/python3.12/site-packages/airflow/example_dags/example_branch_labels.py
[2025-08-17T01:20:09.376+0000] {processor.py:840} INFO - DAG(s) 'example_branch_labels' retrieved from /home/airflow/.local/lib/python3.12/site-packages/airflow/example_dags/example_branch_labels.py
[2025-08-17T01:20:09.401+0000] {logging_mixin.py:188} INFO - [2025-08-17T01:20:09.401+0000] {dag.py:3089} INFO - Sync 1 DAGs
[2025-08-17T01:20:09.425+0000] {logging_mixin.py:188} INFO - [2025-08-17T01:20:09.424+0000] {dag.py:3947} INFO - Setting next_dagrun for example_branch_labels to 2025-08-16 00:00:00+00:00, run_after=2025-08-17 00:00:00+00:00
[2025-08-17T01:20:09.445+0000] {processor.py:183} INFO - Processing /home/airflow/.local/lib/python3.12/site-packages/airflow/example_dags/example_branch_labels.py took 0.088 seconds
[2025-08-17T01:20:39.719+0000] {processor.py:161} INFO - Started process (PID=428) to work on /home/airflow/.local/lib/python3.12/site-packages/airflow/example_dags/example_branch_labels.py
[2025-08-17T01:20:39.720+0000] {processor.py:830} INFO - Processing file /home/airflow/.local/lib/python3.12/site-packages/airflow/example_dags/example_branch_labels.py for tasks to queue
[2025-08-17T01:20:39.722+0000] {logging_mixin.py:188} INFO - [2025-08-17T01:20:39.722+0000] {dagbag.py:545} INFO - Filling up the DagBag from /home/airflow/.local/lib/python3.12/site-packages/airflow/example_dags/example_branch_labels.py
[2025-08-17T01:20:39.730+0000] {processor.py:840} INFO - DAG(s) 'example_branch_labels' retrieved from /home/airflow/.local/lib/python3.12/site-packages/airflow/example_dags/example_branch_labels.py
[2025-08-17T01:20:39.755+0000] {logging_mixin.py:188} INFO - [2025-08-17T01:20:39.754+0000] {dag.py:3089} INFO - Sync 1 DAGs
[2025-08-17T01:20:39.778+0000] {logging_mixin.py:188} INFO - [2025-08-17T01:20:39.777+0000] {dag.py:3947} INFO - Setting next_dagrun for example_branch_labels to 2025-08-16 00:00:00+00:00, run_after=2025-08-17 00:00:00+00:00
[2025-08-17T01:20:39.798+0000] {processor.py:183} INFO - Processing /home/airflow/.local/lib/python3.12/site-packages/airflow/example_dags/example_branch_labels.py took 0.086 seconds
[2025-08-17T01:21:10.257+0000] {processor.py:161} INFO - Started process (PID=488) to work on /home/airflow/.local/lib/python3.12/site-packages/airflow/example_dags/example_branch_labels.py
[2025-08-17T01:21:10.258+0000] {processor.py:830} INFO - Processing file /home/airflow/.local/lib/python3.12/site-packages/airflow/example_dags/example_branch_labels.py for tasks to queue
[2025-08-17T01:21:10.261+0000] {logging_mixin.py:188} INFO - [2025-08-17T01:21:10.260+0000] {dagbag.py:545} INFO - Filling up the DagBag from /home/airflow/.local/lib/python3.12/site-packages/airflow/example_dags/example_branch_labels.py
[2025-08-17T01:21:10.270+0000] {processor.py:840} INFO - DAG(s) 'example_branch_labels' retrieved from /home/airflow/.local/lib/python3.12/site-packages/airflow/example_dags/example_branch_labels.py
[2025-08-17T01:21:10.298+0000] {logging_mixin.py:188} INFO - [2025-08-17T01:21:10.298+0000] {dag.py:3089} INFO - Sync 1 DAGs
[2025-08-17T01:21:10.326+0000] {logging_mixin.py:188} INFO - [2025-08-17T01:21:10.326+0000] {dag.py:3947} INFO - Setting next_dagrun for example_branch_labels to 2025-08-16 00:00:00+00:00, run_after=2025-08-17 00:00:00+00:00
[2025-08-17T01:21:10.355+0000] {processor.py:183} INFO - Processing /home/airflow/.local/lib/python3.12/site-packages/airflow/example_dags/example_branch_labels.py took 0.105 seconds
[2025-08-17T01:21:40.680+0000] {processor.py:161} INFO - Started process (PID=553) to work on /home/airflow/.local/lib/python3.12/site-packages/airflow/example_dags/example_branch_labels.py
[2025-08-17T01:21:40.681+0000] {processor.py:830} INFO - Processing file /home/airflow/.local/lib/python3.12/site-packages/airflow/example_dags/example_branch_labels.py for tasks to queue
[2025-08-17T01:21:40.684+0000] {logging_mixin.py:188} INFO - [2025-08-17T01:21:40.683+0000] {dagbag.py:545} INFO - Filling up the DagBag from /home/airflow/.local/lib/python3.12/site-packages/airflow/example_dags/example_branch_labels.py
[2025-08-17T01:21:40.693+0000] {processor.py:840} INFO - DAG(s) 'example_branch_labels' retrieved from /home/airflow/.local/lib/python3.12/site-packages/airflow/example_dags/example_branch_labels.py
[2025-08-17T01:21:40.717+0000] {logging_mixin.py:188} INFO - [2025-08-17T01:21:40.717+0000] {dag.py:3089} INFO - Sync 1 DAGs
[2025-08-17T01:21:40.740+0000] {logging_mixin.py:188} INFO - [2025-08-17T01:21:40.740+0000] {dag.py:3947} INFO - Setting next_dagrun for example_branch_labels to 2025-08-16 00:00:00+00:00, run_after=2025-08-17 00:00:00+00:00
[2025-08-17T01:21:40.761+0000] {processor.py:183} INFO - Processing /home/airflow/.local/lib/python3.12/site-packages/airflow/example_dags/example_branch_labels.py took 0.087 seconds
[2025-08-17T01:22:10.931+0000] {processor.py:161} INFO - Started process (PID=612) to work on /home/airflow/.local/lib/python3.12/site-packages/airflow/example_dags/example_branch_labels.py
[2025-08-17T01:22:10.932+0000] {processor.py:830} INFO - Processing file /home/airflow/.local/lib/python3.12/site-packages/airflow/example_dags/example_branch_labels.py for tasks to queue
[2025-08-17T01:22:10.935+0000] {logging_mixin.py:188} INFO - [2025-08-17T01:22:10.934+0000] {dagbag.py:545} INFO - Filling up the DagBag from /home/airflow/.local/lib/python3.12/site-packages/airflow/example_dags/example_branch_labels.py
[2025-08-17T01:22:10.943+0000] {processor.py:840} INFO - DAG(s) 'example_branch_labels' retrieved from /home/airflow/.local/lib/python3.12/site-packages/airflow/example_dags/example_branch_labels.py
[2025-08-17T01:22:10.968+0000] {logging_mixin.py:188} INFO - [2025-08-17T01:22:10.968+0000] {dag.py:3089} INFO - Sync 1 DAGs
[2025-08-17T01:22:10.995+0000] {logging_mixin.py:188} INFO - [2025-08-17T01:22:10.995+0000] {dag.py:3947} INFO - Setting next_dagrun for example_branch_labels to 2025-08-16 00:00:00+00:00, run_after=2025-08-17 00:00:00+00:00
[2025-08-17T01:22:11.019+0000] {processor.py:183} INFO - Processing /home/airflow/.local/lib/python3.12/site-packages/airflow/example_dags/example_branch_labels.py took 0.095 seconds
[2025-08-17T01:22:41.213+0000] {processor.py:161} INFO - Started process (PID=671) to work on /home/airflow/.local/lib/python3.12/site-packages/airflow/example_dags/example_branch_labels.py
[2025-08-17T01:22:41.214+0000] {processor.py:830} INFO - Processing file /home/airflow/.local/lib/python3.12/site-packages/airflow/example_dags/example_branch_labels.py for tasks to queue
[2025-08-17T01:22:41.217+0000] {logging_mixin.py:188} INFO - [2025-08-17T01:22:41.217+0000] {dagbag.py:545} INFO - Filling up the DagBag from /home/airflow/.local/lib/python3.12/site-packages/airflow/example_dags/example_branch_labels.py
[2025-08-17T01:22:41.225+0000] {processor.py:840} INFO - DAG(s) 'example_branch_labels' retrieved from /home/airflow/.local/lib/python3.12/site-packages/airflow/example_dags/example_branch_labels.py
[2025-08-17T01:22:41.248+0000] {logging_mixin.py:188} INFO - [2025-08-17T01:22:41.248+0000] {dag.py:3089} INFO - Sync 1 DAGs
[2025-08-17T01:22:41.270+0000] {logging_mixin.py:188} INFO - [2025-08-17T01:22:41.269+0000] {dag.py:3947} INFO - Setting next_dagrun for example_branch_labels to 2025-08-16 00:00:00+00:00, run_after=2025-08-17 00:00:00+00:00
[2025-08-17T01:22:41.288+0000] {processor.py:183} INFO - Processing /home/airflow/.local/lib/python3.12/site-packages/airflow/example_dags/example_branch_labels.py took 0.082 seconds
[2025-08-17T01:23:11.551+0000] {processor.py:161} INFO - Started process (PID=730) to work on /home/airflow/.local/lib/python3.12/site-packages/airflow/example_dags/example_branch_labels.py
[2025-08-17T01:23:11.552+0000] {processor.py:830} INFO - Processing file /home/airflow/.local/lib/python3.12/site-packages/airflow/example_dags/example_branch_labels.py for tasks to queue
[2025-08-17T01:23:11.554+0000] {logging_mixin.py:188} INFO - [2025-08-17T01:23:11.554+0000] {dagbag.py:545} INFO - Filling up the DagBag from /home/airflow/.local/lib/python3.12/site-packages/airflow/example_dags/example_branch_labels.py
[2025-08-17T01:23:11.564+0000] {processor.py:840} INFO - DAG(s) 'example_branch_labels' retrieved from /home/airflow/.local/lib/python3.12/site-packages/airflow/example_dags/example_branch_labels.py
[2025-08-17T01:23:11.587+0000] {logging_mixin.py:188} INFO - [2025-08-17T01:23:11.587+0000] {dag.py:3089} INFO - Sync 1 DAGs
[2025-08-17T01:23:11.613+0000] {logging_mixin.py:188} INFO - [2025-08-17T01:23:11.613+0000] {dag.py:3947} INFO - Setting next_dagrun for example_branch_labels to 2025-08-16 00:00:00+00:00, run_after=2025-08-17 00:00:00+00:00
[2025-08-17T01:23:11.634+0000] {processor.py:183} INFO - Processing /home/airflow/.local/lib/python3.12/site-packages/airflow/example_dags/example_branch_labels.py took 0.089 seconds
[2025-08-17T01:23:42.335+0000] {processor.py:161} INFO - Started process (PID=789) to work on /home/airflow/.local/lib/python3.12/site-packages/airflow/example_dags/example_branch_labels.py
[2025-08-17T01:23:42.336+0000] {processor.py:830} INFO - Processing file /home/airflow/.local/lib/python3.12/site-packages/airflow/example_dags/example_branch_labels.py for tasks to queue
[2025-08-17T01:23:42.340+0000] {logging_mixin.py:188} INFO - [2025-08-17T01:23:42.339+0000] {dagbag.py:545} INFO - Filling up the DagBag from /home/airflow/.local/lib/python3.12/site-packages/airflow/example_dags/example_branch_labels.py
[2025-08-17T01:23:42.350+0000] {processor.py:840} INFO - DAG(s) 'example_branch_labels' retrieved from /home/airflow/.local/lib/python3.12/site-packages/airflow/example_dags/example_branch_labels.py
[2025-08-17T01:23:42.377+0000] {logging_mixin.py:188} INFO - [2025-08-17T01:23:42.376+0000] {dag.py:3089} INFO - Sync 1 DAGs
[2025-08-17T01:23:42.400+0000] {logging_mixin.py:188} INFO - [2025-08-17T01:23:42.400+0000] {dag.py:3947} INFO - Setting next_dagrun for example_branch_labels to 2025-08-16 00:00:00+00:00, run_after=2025-08-17 00:00:00+00:00
[2025-08-17T01:23:42.421+0000] {processor.py:183} INFO - Processing /home/airflow/.local/lib/python3.12/site-packages/airflow/example_dags/example_branch_labels.py took 0.092 seconds
[2025-08-17T01:24:12.722+0000] {processor.py:161} INFO - Started process (PID=848) to work on /home/airflow/.local/lib/python3.12/site-packages/airflow/example_dags/example_branch_labels.py
[2025-08-17T01:24:12.724+0000] {processor.py:830} INFO - Processing file /home/airflow/.local/lib/python3.12/site-packages/airflow/example_dags/example_branch_labels.py for tasks to queue
[2025-08-17T01:24:12.727+0000] {logging_mixin.py:188} INFO - [2025-08-17T01:24:12.726+0000] {dagbag.py:545} INFO - Filling up the DagBag from /home/airflow/.local/lib/python3.12/site-packages/airflow/example_dags/example_branch_labels.py
[2025-08-17T01:24:12.741+0000] {processor.py:840} INFO - DAG(s) 'example_branch_labels' retrieved from /home/airflow/.local/lib/python3.12/site-packages/airflow/example_dags/example_branch_labels.py
[2025-08-17T01:24:12.769+0000] {logging_mixin.py:188} INFO - [2025-08-17T01:24:12.769+0000] {dag.py:3089} INFO - Sync 1 DAGs
[2025-08-17T01:24:12.798+0000] {logging_mixin.py:188} INFO - [2025-08-17T01:24:12.797+0000] {dag.py:3947} INFO - Setting next_dagrun for example_branch_labels to 2025-08-16 00:00:00+00:00, run_after=2025-08-17 00:00:00+00:00
[2025-08-17T01:24:12.827+0000] {processor.py:183} INFO - Processing /home/airflow/.local/lib/python3.12/site-packages/airflow/example_dags/example_branch_labels.py took 0.113 seconds
[2025-08-17T01:24:42.925+0000] {processor.py:161} INFO - Started process (PID=907) to work on /home/airflow/.local/lib/python3.12/site-packages/airflow/example_dags/example_branch_labels.py
[2025-08-17T01:24:42.927+0000] {processor.py:830} INFO - Processing file /home/airflow/.local/lib/python3.12/site-packages/airflow/example_dags/example_branch_labels.py for tasks to queue
[2025-08-17T01:24:42.931+0000] {logging_mixin.py:188} INFO - [2025-08-17T01:24:42.930+0000] {dagbag.py:545} INFO - Filling up the DagBag from /home/airflow/.local/lib/python3.12/site-packages/airflow/example_dags/example_branch_labels.py
[2025-08-17T01:24:42.943+0000] {processor.py:840} INFO - DAG(s) 'example_branch_labels' retrieved from /home/airflow/.local/lib/python3.12/site-packages/airflow/example_dags/example_branch_labels.py
[2025-08-17T01:24:42.973+0000] {logging_mixin.py:188} INFO - [2025-08-17T01:24:42.973+0000] {dag.py:3089} INFO - Sync 1 DAGs
[2025-08-17T01:24:43.003+0000] {logging_mixin.py:188} INFO - [2025-08-17T01:24:43.003+0000] {dag.py:3947} INFO - Setting next_dagrun for example_branch_labels to 2025-08-16 00:00:00+00:00, run_after=2025-08-17 00:00:00+00:00
[2025-08-17T01:24:43.027+0000] {processor.py:183} INFO - Processing /home/airflow/.local/lib/python3.12/site-packages/airflow/example_dags/example_branch_labels.py took 0.109 seconds
[2025-08-17T01:25:13.315+0000] {processor.py:161} INFO - Started process (PID=966) to work on /home/airflow/.local/lib/python3.12/site-packages/airflow/example_dags/example_branch_labels.py
[2025-08-17T01:25:13.317+0000] {processor.py:830} INFO - Processing file /home/airflow/.local/lib/python3.12/site-packages/airflow/example_dags/example_branch_labels.py for tasks to queue
[2025-08-17T01:25:13.320+0000] {logging_mixin.py:188} INFO - [2025-08-17T01:25:13.319+0000] {dagbag.py:545} INFO - Filling up the DagBag from /home/airflow/.local/lib/python3.12/site-packages/airflow/example_dags/example_branch_labels.py
[2025-08-17T01:25:13.331+0000] {processor.py:840} INFO - DAG(s) 'example_branch_labels' retrieved from /home/airflow/.local/lib/python3.12/site-packages/airflow/example_dags/example_branch_labels.py
[2025-08-17T01:25:13.362+0000] {logging_mixin.py:188} INFO - [2025-08-17T01:25:13.362+0000] {dag.py:3089} INFO - Sync 1 DAGs
[2025-08-17T01:25:13.394+0000] {logging_mixin.py:188} INFO - [2025-08-17T01:25:13.394+0000] {dag.py:3947} INFO - Setting next_dagrun for example_branch_labels to 2025-08-16 00:00:00+00:00, run_after=2025-08-17 00:00:00+00:00
[2025-08-17T01:25:13.420+0000] {processor.py:183} INFO - Processing /home/airflow/.local/lib/python3.12/site-packages/airflow/example_dags/example_branch_labels.py took 0.113 seconds
[2025-08-17T01:26:38.864+0000] {processor.py:161} INFO - Started process (PID=74) to work on /home/airflow/.local/lib/python3.12/site-packages/airflow/example_dags/example_branch_labels.py
[2025-08-17T01:26:38.866+0000] {processor.py:830} INFO - Processing file /home/airflow/.local/lib/python3.12/site-packages/airflow/example_dags/example_branch_labels.py for tasks to queue
[2025-08-17T01:26:38.869+0000] {logging_mixin.py:188} INFO - [2025-08-17T01:26:38.869+0000] {dagbag.py:545} INFO - Filling up the DagBag from /home/airflow/.local/lib/python3.12/site-packages/airflow/example_dags/example_branch_labels.py
[2025-08-17T01:26:38.887+0000] {processor.py:840} INFO - DAG(s) 'example_branch_labels' retrieved from /home/airflow/.local/lib/python3.12/site-packages/airflow/example_dags/example_branch_labels.py
[2025-08-17T01:26:39.054+0000] {logging_mixin.py:188} INFO - [2025-08-17T01:26:39.054+0000] {dag.py:3089} INFO - Sync 1 DAGs
[2025-08-17T01:26:39.090+0000] {logging_mixin.py:188} INFO - [2025-08-17T01:26:39.089+0000] {dag.py:3947} INFO - Setting next_dagrun for example_branch_labels to 2025-08-16 00:00:00+00:00, run_after=2025-08-17 00:00:00+00:00
[2025-08-17T01:26:39.124+0000] {processor.py:183} INFO - Processing /home/airflow/.local/lib/python3.12/site-packages/airflow/example_dags/example_branch_labels.py took 0.271 seconds
[2025-08-17T01:27:09.453+0000] {processor.py:161} INFO - Started process (PID=132) to work on /home/airflow/.local/lib/python3.12/site-packages/airflow/example_dags/example_branch_labels.py
[2025-08-17T01:27:09.454+0000] {processor.py:830} INFO - Processing file /home/airflow/.local/lib/python3.12/site-packages/airflow/example_dags/example_branch_labels.py for tasks to queue
[2025-08-17T01:27:09.458+0000] {logging_mixin.py:188} INFO - [2025-08-17T01:27:09.457+0000] {dagbag.py:545} INFO - Filling up the DagBag from /home/airflow/.local/lib/python3.12/site-packages/airflow/example_dags/example_branch_labels.py
[2025-08-17T01:27:09.469+0000] {processor.py:840} INFO - DAG(s) 'example_branch_labels' retrieved from /home/airflow/.local/lib/python3.12/site-packages/airflow/example_dags/example_branch_labels.py
[2025-08-17T01:27:09.489+0000] {logging_mixin.py:188} INFO - [2025-08-17T01:27:09.488+0000] {dag.py:3089} INFO - Sync 1 DAGs
[2025-08-17T01:27:09.515+0000] {logging_mixin.py:188} INFO - [2025-08-17T01:27:09.515+0000] {dag.py:3947} INFO - Setting next_dagrun for example_branch_labels to 2025-08-16 00:00:00+00:00, run_after=2025-08-17 00:00:00+00:00
[2025-08-17T01:27:09.537+0000] {processor.py:183} INFO - Processing /home/airflow/.local/lib/python3.12/site-packages/airflow/example_dags/example_branch_labels.py took 0.092 seconds
[2025-08-17T01:27:40.627+0000] {processor.py:161} INFO - Started process (PID=192) to work on /home/airflow/.local/lib/python3.12/site-packages/airflow/example_dags/example_branch_labels.py
[2025-08-17T01:27:40.629+0000] {processor.py:830} INFO - Processing file /home/airflow/.local/lib/python3.12/site-packages/airflow/example_dags/example_branch_labels.py for tasks to queue
[2025-08-17T01:27:40.631+0000] {logging_mixin.py:188} INFO - [2025-08-17T01:27:40.631+0000] {dagbag.py:545} INFO - Filling up the DagBag from /home/airflow/.local/lib/python3.12/site-packages/airflow/example_dags/example_branch_labels.py
[2025-08-17T01:27:40.640+0000] {processor.py:840} INFO - DAG(s) 'example_branch_labels' retrieved from /home/airflow/.local/lib/python3.12/site-packages/airflow/example_dags/example_branch_labels.py
[2025-08-17T01:27:40.765+0000] {logging_mixin.py:188} INFO - [2025-08-17T01:27:40.764+0000] {dag.py:3089} INFO - Sync 1 DAGs
[2025-08-17T01:27:40.787+0000] {logging_mixin.py:188} INFO - [2025-08-17T01:27:40.787+0000] {dag.py:3947} INFO - Setting next_dagrun for example_branch_labels to 2025-08-16 00:00:00+00:00, run_after=2025-08-17 00:00:00+00:00
[2025-08-17T01:27:40.810+0000] {processor.py:183} INFO - Processing /home/airflow/.local/lib/python3.12/site-packages/airflow/example_dags/example_branch_labels.py took 0.190 seconds
[2025-08-17T01:28:11.217+0000] {processor.py:161} INFO - Started process (PID=257) to work on /home/airflow/.local/lib/python3.12/site-packages/airflow/example_dags/example_branch_labels.py
[2025-08-17T01:28:11.218+0000] {processor.py:830} INFO - Processing file /home/airflow/.local/lib/python3.12/site-packages/airflow/example_dags/example_branch_labels.py for tasks to queue
[2025-08-17T01:28:11.221+0000] {logging_mixin.py:188} INFO - [2025-08-17T01:28:11.221+0000] {dagbag.py:545} INFO - Filling up the DagBag from /home/airflow/.local/lib/python3.12/site-packages/airflow/example_dags/example_branch_labels.py
[2025-08-17T01:28:11.234+0000] {processor.py:840} INFO - DAG(s) 'example_branch_labels' retrieved from /home/airflow/.local/lib/python3.12/site-packages/airflow/example_dags/example_branch_labels.py
[2025-08-17T01:28:11.271+0000] {logging_mixin.py:188} INFO - [2025-08-17T01:28:11.271+0000] {dag.py:3089} INFO - Sync 1 DAGs
[2025-08-17T01:28:11.305+0000] {logging_mixin.py:188} INFO - [2025-08-17T01:28:11.304+0000] {dag.py:3947} INFO - Setting next_dagrun for example_branch_labels to 2025-08-16 00:00:00+00:00, run_after=2025-08-17 00:00:00+00:00
[2025-08-17T01:28:11.332+0000] {processor.py:183} INFO - Processing /home/airflow/.local/lib/python3.12/site-packages/airflow/example_dags/example_branch_labels.py took 0.126 seconds
[2025-08-17T01:28:41.582+0000] {processor.py:161} INFO - Started process (PID=316) to work on /home/airflow/.local/lib/python3.12/site-packages/airflow/example_dags/example_branch_labels.py
[2025-08-17T01:28:41.584+0000] {processor.py:830} INFO - Processing file /home/airflow/.local/lib/python3.12/site-packages/airflow/example_dags/example_branch_labels.py for tasks to queue
[2025-08-17T01:28:41.586+0000] {logging_mixin.py:188} INFO - [2025-08-17T01:28:41.585+0000] {dagbag.py:545} INFO - Filling up the DagBag from /home/airflow/.local/lib/python3.12/site-packages/airflow/example_dags/example_branch_labels.py
[2025-08-17T01:28:41.594+0000] {processor.py:840} INFO - DAG(s) 'example_branch_labels' retrieved from /home/airflow/.local/lib/python3.12/site-packages/airflow/example_dags/example_branch_labels.py
[2025-08-17T01:28:41.621+0000] {logging_mixin.py:188} INFO - [2025-08-17T01:28:41.621+0000] {dag.py:3089} INFO - Sync 1 DAGs
[2025-08-17T01:28:41.646+0000] {logging_mixin.py:188} INFO - [2025-08-17T01:28:41.645+0000] {dag.py:3947} INFO - Setting next_dagrun for example_branch_labels to 2025-08-16 00:00:00+00:00, run_after=2025-08-17 00:00:00+00:00
[2025-08-17T01:28:41.667+0000] {processor.py:183} INFO - Processing /home/airflow/.local/lib/python3.12/site-packages/airflow/example_dags/example_branch_labels.py took 0.092 seconds
[2025-08-17T01:29:11.940+0000] {processor.py:161} INFO - Started process (PID=376) to work on /home/airflow/.local/lib/python3.12/site-packages/airflow/example_dags/example_branch_labels.py
[2025-08-17T01:29:11.941+0000] {processor.py:830} INFO - Processing file /home/airflow/.local/lib/python3.12/site-packages/airflow/example_dags/example_branch_labels.py for tasks to queue
[2025-08-17T01:29:11.944+0000] {logging_mixin.py:188} INFO - [2025-08-17T01:29:11.943+0000] {dagbag.py:545} INFO - Filling up the DagBag from /home/airflow/.local/lib/python3.12/site-packages/airflow/example_dags/example_branch_labels.py
[2025-08-17T01:29:11.951+0000] {processor.py:840} INFO - DAG(s) 'example_branch_labels' retrieved from /home/airflow/.local/lib/python3.12/site-packages/airflow/example_dags/example_branch_labels.py
[2025-08-17T01:29:11.974+0000] {logging_mixin.py:188} INFO - [2025-08-17T01:29:11.973+0000] {dag.py:3089} INFO - Sync 1 DAGs
[2025-08-17T01:29:12.001+0000] {logging_mixin.py:188} INFO - [2025-08-17T01:29:12.000+0000] {dag.py:3947} INFO - Setting next_dagrun for example_branch_labels to 2025-08-16 00:00:00+00:00, run_after=2025-08-17 00:00:00+00:00
[2025-08-17T01:29:12.026+0000] {processor.py:183} INFO - Processing /home/airflow/.local/lib/python3.12/site-packages/airflow/example_dags/example_branch_labels.py took 0.092 seconds
[2025-08-17T01:29:42.461+0000] {processor.py:161} INFO - Started process (PID=436) to work on /home/airflow/.local/lib/python3.12/site-packages/airflow/example_dags/example_branch_labels.py
[2025-08-17T01:29:42.462+0000] {processor.py:830} INFO - Processing file /home/airflow/.local/lib/python3.12/site-packages/airflow/example_dags/example_branch_labels.py for tasks to queue
[2025-08-17T01:29:42.465+0000] {logging_mixin.py:188} INFO - [2025-08-17T01:29:42.464+0000] {dagbag.py:545} INFO - Filling up the DagBag from /home/airflow/.local/lib/python3.12/site-packages/airflow/example_dags/example_branch_labels.py
[2025-08-17T01:29:42.473+0000] {processor.py:840} INFO - DAG(s) 'example_branch_labels' retrieved from /home/airflow/.local/lib/python3.12/site-packages/airflow/example_dags/example_branch_labels.py
[2025-08-17T01:29:42.494+0000] {logging_mixin.py:188} INFO - [2025-08-17T01:29:42.494+0000] {dag.py:3089} INFO - Sync 1 DAGs
[2025-08-17T01:29:42.516+0000] {logging_mixin.py:188} INFO - [2025-08-17T01:29:42.516+0000] {dag.py:3947} INFO - Setting next_dagrun for example_branch_labels to 2025-08-16 00:00:00+00:00, run_after=2025-08-17 00:00:00+00:00
[2025-08-17T01:29:42.534+0000] {processor.py:183} INFO - Processing /home/airflow/.local/lib/python3.12/site-packages/airflow/example_dags/example_branch_labels.py took 0.078 seconds
[2025-08-17T01:30:13.068+0000] {processor.py:161} INFO - Started process (PID=495) to work on /home/airflow/.local/lib/python3.12/site-packages/airflow/example_dags/example_branch_labels.py
[2025-08-17T01:30:13.070+0000] {processor.py:830} INFO - Processing file /home/airflow/.local/lib/python3.12/site-packages/airflow/example_dags/example_branch_labels.py for tasks to queue
[2025-08-17T01:30:13.072+0000] {logging_mixin.py:188} INFO - [2025-08-17T01:30:13.071+0000] {dagbag.py:545} INFO - Filling up the DagBag from /home/airflow/.local/lib/python3.12/site-packages/airflow/example_dags/example_branch_labels.py
[2025-08-17T01:30:13.080+0000] {processor.py:840} INFO - DAG(s) 'example_branch_labels' retrieved from /home/airflow/.local/lib/python3.12/site-packages/airflow/example_dags/example_branch_labels.py
[2025-08-17T01:30:13.103+0000] {logging_mixin.py:188} INFO - [2025-08-17T01:30:13.102+0000] {dag.py:3089} INFO - Sync 1 DAGs
[2025-08-17T01:30:13.123+0000] {logging_mixin.py:188} INFO - [2025-08-17T01:30:13.123+0000] {dag.py:3947} INFO - Setting next_dagrun for example_branch_labels to 2025-08-16 00:00:00+00:00, run_after=2025-08-17 00:00:00+00:00
[2025-08-17T01:30:13.142+0000] {processor.py:183} INFO - Processing /home/airflow/.local/lib/python3.12/site-packages/airflow/example_dags/example_branch_labels.py took 0.080 seconds
[2025-08-17T01:30:43.534+0000] {processor.py:161} INFO - Started process (PID=554) to work on /home/airflow/.local/lib/python3.12/site-packages/airflow/example_dags/example_branch_labels.py
[2025-08-17T01:30:43.536+0000] {processor.py:830} INFO - Processing file /home/airflow/.local/lib/python3.12/site-packages/airflow/example_dags/example_branch_labels.py for tasks to queue
[2025-08-17T01:30:43.538+0000] {logging_mixin.py:188} INFO - [2025-08-17T01:30:43.537+0000] {dagbag.py:545} INFO - Filling up the DagBag from /home/airflow/.local/lib/python3.12/site-packages/airflow/example_dags/example_branch_labels.py
[2025-08-17T01:30:43.545+0000] {processor.py:840} INFO - DAG(s) 'example_branch_labels' retrieved from /home/airflow/.local/lib/python3.12/site-packages/airflow/example_dags/example_branch_labels.py
[2025-08-17T01:30:43.569+0000] {logging_mixin.py:188} INFO - [2025-08-17T01:30:43.569+0000] {dag.py:3089} INFO - Sync 1 DAGs
[2025-08-17T01:30:43.591+0000] {logging_mixin.py:188} INFO - [2025-08-17T01:30:43.591+0000] {dag.py:3947} INFO - Setting next_dagrun for example_branch_labels to 2025-08-16 00:00:00+00:00, run_after=2025-08-17 00:00:00+00:00
[2025-08-17T01:30:43.611+0000] {processor.py:183} INFO - Processing /home/airflow/.local/lib/python3.12/site-packages/airflow/example_dags/example_branch_labels.py took 0.083 seconds
[2025-08-17T01:31:14.010+0000] {processor.py:161} INFO - Started process (PID=613) to work on /home/airflow/.local/lib/python3.12/site-packages/airflow/example_dags/example_branch_labels.py
[2025-08-17T01:31:14.011+0000] {processor.py:830} INFO - Processing file /home/airflow/.local/lib/python3.12/site-packages/airflow/example_dags/example_branch_labels.py for tasks to queue
[2025-08-17T01:31:14.013+0000] {logging_mixin.py:188} INFO - [2025-08-17T01:31:14.013+0000] {dagbag.py:545} INFO - Filling up the DagBag from /home/airflow/.local/lib/python3.12/site-packages/airflow/example_dags/example_branch_labels.py
[2025-08-17T01:31:14.021+0000] {processor.py:840} INFO - DAG(s) 'example_branch_labels' retrieved from /home/airflow/.local/lib/python3.12/site-packages/airflow/example_dags/example_branch_labels.py
[2025-08-17T01:31:14.047+0000] {logging_mixin.py:188} INFO - [2025-08-17T01:31:14.047+0000] {dag.py:3089} INFO - Sync 1 DAGs
[2025-08-17T01:31:14.070+0000] {logging_mixin.py:188} INFO - [2025-08-17T01:31:14.070+0000] {dag.py:3947} INFO - Setting next_dagrun for example_branch_labels to 2025-08-16 00:00:00+00:00, run_after=2025-08-17 00:00:00+00:00
[2025-08-17T01:31:14.091+0000] {processor.py:183} INFO - Processing /home/airflow/.local/lib/python3.12/site-packages/airflow/example_dags/example_branch_labels.py took 0.089 seconds
[2025-08-17T01:31:44.611+0000] {processor.py:161} INFO - Started process (PID=675) to work on /home/airflow/.local/lib/python3.12/site-packages/airflow/example_dags/example_branch_labels.py
[2025-08-17T01:31:44.612+0000] {processor.py:830} INFO - Processing file /home/airflow/.local/lib/python3.12/site-packages/airflow/example_dags/example_branch_labels.py for tasks to queue
[2025-08-17T01:31:44.615+0000] {logging_mixin.py:188} INFO - [2025-08-17T01:31:44.615+0000] {dagbag.py:545} INFO - Filling up the DagBag from /home/airflow/.local/lib/python3.12/site-packages/airflow/example_dags/example_branch_labels.py
[2025-08-17T01:31:44.628+0000] {processor.py:840} INFO - DAG(s) 'example_branch_labels' retrieved from /home/airflow/.local/lib/python3.12/site-packages/airflow/example_dags/example_branch_labels.py
[2025-08-17T01:31:44.660+0000] {logging_mixin.py:188} INFO - [2025-08-17T01:31:44.659+0000] {dag.py:3089} INFO - Sync 1 DAGs
[2025-08-17T01:31:44.688+0000] {logging_mixin.py:188} INFO - [2025-08-17T01:31:44.688+0000] {dag.py:3947} INFO - Setting next_dagrun for example_branch_labels to 2025-08-16 00:00:00+00:00, run_after=2025-08-17 00:00:00+00:00
[2025-08-17T01:31:44.713+0000] {processor.py:183} INFO - Processing /home/airflow/.local/lib/python3.12/site-packages/airflow/example_dags/example_branch_labels.py took 0.109 seconds
