[2025-08-17T00:53:30.840+0000] {processor.py:161} INFO - Started process (PID=63) to work on /home/airflow/.local/lib/python3.12/site-packages/airflow/example_dags/example_task_group_decorator.py
[2025-08-17T00:53:30.842+0000] {processor.py:830} INFO - Processing file /home/airflow/.local/lib/python3.12/site-packages/airflow/example_dags/example_task_group_decorator.py for tasks to queue
[2025-08-17T00:53:30.845+0000] {logging_mixin.py:188} INFO - [2025-08-17T00:53:30.845+0000] {dagbag.py:545} INFO - Filling up the DagBag from /home/airflow/.local/lib/python3.12/site-packages/airflow/example_dags/example_task_group_decorator.py
[2025-08-17T00:53:30.885+0000] {processor.py:840} INFO - DAG(s) 'example_task_group_decorator' retrieved from /home/airflow/.local/lib/python3.12/site-packages/airflow/example_dags/example_task_group_decorator.py
[2025-08-17T00:53:30.960+0000] {logging_mixin.py:188} INFO - [2025-08-17T00:53:30.959+0000] {dag.py:3089} INFO - Sync 1 DAGs
[2025-08-17T00:53:31.002+0000] {logging_mixin.py:188} INFO - [2025-08-17T00:53:31.002+0000] {dag.py:3947} INFO - Setting next_dagrun for example_task_group_decorator to 2025-08-16 00:00:00+00:00, run_after=2025-08-17 00:00:00+00:00
[2025-08-17T00:53:31.033+0000] {processor.py:183} INFO - Processing /home/airflow/.local/lib/python3.12/site-packages/airflow/example_dags/example_task_group_decorator.py took 0.202 seconds
[2025-08-17T00:54:01.191+0000] {processor.py:161} INFO - Started process (PID=122) to work on /home/airflow/.local/lib/python3.12/site-packages/airflow/example_dags/example_task_group_decorator.py
[2025-08-17T00:54:01.192+0000] {processor.py:830} INFO - Processing file /home/airflow/.local/lib/python3.12/site-packages/airflow/example_dags/example_task_group_decorator.py for tasks to queue
[2025-08-17T00:54:01.195+0000] {logging_mixin.py:188} INFO - [2025-08-17T00:54:01.195+0000] {dagbag.py:545} INFO - Filling up the DagBag from /home/airflow/.local/lib/python3.12/site-packages/airflow/example_dags/example_task_group_decorator.py
[2025-08-17T00:54:01.211+0000] {processor.py:840} INFO - DAG(s) 'example_task_group_decorator' retrieved from /home/airflow/.local/lib/python3.12/site-packages/airflow/example_dags/example_task_group_decorator.py
[2025-08-17T00:54:01.331+0000] {logging_mixin.py:188} INFO - [2025-08-17T00:54:01.330+0000] {dag.py:3089} INFO - Sync 1 DAGs
[2025-08-17T00:54:01.352+0000] {logging_mixin.py:188} INFO - [2025-08-17T00:54:01.351+0000] {dag.py:3947} INFO - Setting next_dagrun for example_task_group_decorator to 2025-08-16 00:00:00+00:00, run_after=2025-08-17 00:00:00+00:00
[2025-08-17T00:54:01.374+0000] {processor.py:183} INFO - Processing /home/airflow/.local/lib/python3.12/site-packages/airflow/example_dags/example_task_group_decorator.py took 0.189 seconds
[2025-08-17T00:54:31.719+0000] {processor.py:161} INFO - Started process (PID=180) to work on /home/airflow/.local/lib/python3.12/site-packages/airflow/example_dags/example_task_group_decorator.py
[2025-08-17T00:54:31.721+0000] {processor.py:830} INFO - Processing file /home/airflow/.local/lib/python3.12/site-packages/airflow/example_dags/example_task_group_decorator.py for tasks to queue
[2025-08-17T00:54:31.724+0000] {logging_mixin.py:188} INFO - [2025-08-17T00:54:31.724+0000] {dagbag.py:545} INFO - Filling up the DagBag from /home/airflow/.local/lib/python3.12/site-packages/airflow/example_dags/example_task_group_decorator.py
[2025-08-17T00:54:31.739+0000] {processor.py:840} INFO - DAG(s) 'example_task_group_decorator' retrieved from /home/airflow/.local/lib/python3.12/site-packages/airflow/example_dags/example_task_group_decorator.py
[2025-08-17T00:54:31.766+0000] {logging_mixin.py:188} INFO - [2025-08-17T00:54:31.766+0000] {dag.py:3089} INFO - Sync 1 DAGs
[2025-08-17T00:54:31.788+0000] {logging_mixin.py:188} INFO - [2025-08-17T00:54:31.788+0000] {dag.py:3947} INFO - Setting next_dagrun for example_task_group_decorator to 2025-08-16 00:00:00+00:00, run_after=2025-08-17 00:00:00+00:00
[2025-08-17T00:54:31.808+0000] {processor.py:183} INFO - Processing /home/airflow/.local/lib/python3.12/site-packages/airflow/example_dags/example_task_group_decorator.py took 0.095 seconds
[2025-08-17T00:55:02.045+0000] {processor.py:161} INFO - Started process (PID=238) to work on /home/airflow/.local/lib/python3.12/site-packages/airflow/example_dags/example_task_group_decorator.py
[2025-08-17T00:55:02.047+0000] {processor.py:830} INFO - Processing file /home/airflow/.local/lib/python3.12/site-packages/airflow/example_dags/example_task_group_decorator.py for tasks to queue
[2025-08-17T00:55:02.050+0000] {logging_mixin.py:188} INFO - [2025-08-17T00:55:02.049+0000] {dagbag.py:545} INFO - Filling up the DagBag from /home/airflow/.local/lib/python3.12/site-packages/airflow/example_dags/example_task_group_decorator.py
[2025-08-17T00:55:02.069+0000] {processor.py:840} INFO - DAG(s) 'example_task_group_decorator' retrieved from /home/airflow/.local/lib/python3.12/site-packages/airflow/example_dags/example_task_group_decorator.py
[2025-08-17T00:55:02.111+0000] {logging_mixin.py:188} INFO - [2025-08-17T00:55:02.111+0000] {dag.py:3089} INFO - Sync 1 DAGs
[2025-08-17T00:55:02.142+0000] {logging_mixin.py:188} INFO - [2025-08-17T00:55:02.141+0000] {dag.py:3947} INFO - Setting next_dagrun for example_task_group_decorator to 2025-08-16 00:00:00+00:00, run_after=2025-08-17 00:00:00+00:00
[2025-08-17T00:55:02.166+0000] {processor.py:183} INFO - Processing /home/airflow/.local/lib/python3.12/site-packages/airflow/example_dags/example_task_group_decorator.py took 0.129 seconds
[2025-08-17T00:55:32.985+0000] {processor.py:161} INFO - Started process (PID=296) to work on /home/airflow/.local/lib/python3.12/site-packages/airflow/example_dags/example_task_group_decorator.py
[2025-08-17T00:55:32.987+0000] {processor.py:830} INFO - Processing file /home/airflow/.local/lib/python3.12/site-packages/airflow/example_dags/example_task_group_decorator.py for tasks to queue
[2025-08-17T00:55:32.989+0000] {logging_mixin.py:188} INFO - [2025-08-17T00:55:32.989+0000] {dagbag.py:545} INFO - Filling up the DagBag from /home/airflow/.local/lib/python3.12/site-packages/airflow/example_dags/example_task_group_decorator.py
[2025-08-17T00:55:33.006+0000] {processor.py:840} INFO - DAG(s) 'example_task_group_decorator' retrieved from /home/airflow/.local/lib/python3.12/site-packages/airflow/example_dags/example_task_group_decorator.py
[2025-08-17T00:55:33.037+0000] {logging_mixin.py:188} INFO - [2025-08-17T00:55:33.037+0000] {dag.py:3089} INFO - Sync 1 DAGs
[2025-08-17T00:55:33.062+0000] {logging_mixin.py:188} INFO - [2025-08-17T00:55:33.061+0000] {dag.py:3947} INFO - Setting next_dagrun for example_task_group_decorator to 2025-08-16 00:00:00+00:00, run_after=2025-08-17 00:00:00+00:00
[2025-08-17T00:55:33.083+0000] {processor.py:183} INFO - Processing /home/airflow/.local/lib/python3.12/site-packages/airflow/example_dags/example_task_group_decorator.py took 0.104 seconds
[2025-08-17T00:56:03.312+0000] {processor.py:161} INFO - Started process (PID=355) to work on /home/airflow/.local/lib/python3.12/site-packages/airflow/example_dags/example_task_group_decorator.py
[2025-08-17T00:56:03.313+0000] {processor.py:830} INFO - Processing file /home/airflow/.local/lib/python3.12/site-packages/airflow/example_dags/example_task_group_decorator.py for tasks to queue
[2025-08-17T00:56:03.315+0000] {logging_mixin.py:188} INFO - [2025-08-17T00:56:03.315+0000] {dagbag.py:545} INFO - Filling up the DagBag from /home/airflow/.local/lib/python3.12/site-packages/airflow/example_dags/example_task_group_decorator.py
[2025-08-17T00:56:03.330+0000] {processor.py:840} INFO - DAG(s) 'example_task_group_decorator' retrieved from /home/airflow/.local/lib/python3.12/site-packages/airflow/example_dags/example_task_group_decorator.py
[2025-08-17T00:56:03.359+0000] {logging_mixin.py:188} INFO - [2025-08-17T00:56:03.358+0000] {dag.py:3089} INFO - Sync 1 DAGs
[2025-08-17T00:56:03.381+0000] {logging_mixin.py:188} INFO - [2025-08-17T00:56:03.381+0000] {dag.py:3947} INFO - Setting next_dagrun for example_task_group_decorator to 2025-08-16 00:00:00+00:00, run_after=2025-08-17 00:00:00+00:00
[2025-08-17T00:56:03.403+0000] {processor.py:183} INFO - Processing /home/airflow/.local/lib/python3.12/site-packages/airflow/example_dags/example_task_group_decorator.py took 0.097 seconds
[2025-08-17T00:56:33.661+0000] {processor.py:161} INFO - Started process (PID=413) to work on /home/airflow/.local/lib/python3.12/site-packages/airflow/example_dags/example_task_group_decorator.py
[2025-08-17T00:56:33.663+0000] {processor.py:830} INFO - Processing file /home/airflow/.local/lib/python3.12/site-packages/airflow/example_dags/example_task_group_decorator.py for tasks to queue
[2025-08-17T00:56:33.665+0000] {logging_mixin.py:188} INFO - [2025-08-17T00:56:33.665+0000] {dagbag.py:545} INFO - Filling up the DagBag from /home/airflow/.local/lib/python3.12/site-packages/airflow/example_dags/example_task_group_decorator.py
[2025-08-17T00:56:33.681+0000] {processor.py:840} INFO - DAG(s) 'example_task_group_decorator' retrieved from /home/airflow/.local/lib/python3.12/site-packages/airflow/example_dags/example_task_group_decorator.py
[2025-08-17T00:56:33.711+0000] {logging_mixin.py:188} INFO - [2025-08-17T00:56:33.710+0000] {dag.py:3089} INFO - Sync 1 DAGs
[2025-08-17T00:56:33.735+0000] {logging_mixin.py:188} INFO - [2025-08-17T00:56:33.734+0000] {dag.py:3947} INFO - Setting next_dagrun for example_task_group_decorator to 2025-08-16 00:00:00+00:00, run_after=2025-08-17 00:00:00+00:00
[2025-08-17T00:56:33.755+0000] {processor.py:183} INFO - Processing /home/airflow/.local/lib/python3.12/site-packages/airflow/example_dags/example_task_group_decorator.py took 0.101 seconds
[2025-08-17T00:57:03.890+0000] {processor.py:161} INFO - Started process (PID=471) to work on /home/airflow/.local/lib/python3.12/site-packages/airflow/example_dags/example_task_group_decorator.py
[2025-08-17T00:57:03.891+0000] {processor.py:830} INFO - Processing file /home/airflow/.local/lib/python3.12/site-packages/airflow/example_dags/example_task_group_decorator.py for tasks to queue
[2025-08-17T00:57:03.893+0000] {logging_mixin.py:188} INFO - [2025-08-17T00:57:03.893+0000] {dagbag.py:545} INFO - Filling up the DagBag from /home/airflow/.local/lib/python3.12/site-packages/airflow/example_dags/example_task_group_decorator.py
[2025-08-17T00:57:03.907+0000] {processor.py:840} INFO - DAG(s) 'example_task_group_decorator' retrieved from /home/airflow/.local/lib/python3.12/site-packages/airflow/example_dags/example_task_group_decorator.py
[2025-08-17T00:57:03.935+0000] {logging_mixin.py:188} INFO - [2025-08-17T00:57:03.935+0000] {dag.py:3089} INFO - Sync 1 DAGs
[2025-08-17T00:57:03.957+0000] {logging_mixin.py:188} INFO - [2025-08-17T00:57:03.957+0000] {dag.py:3947} INFO - Setting next_dagrun for example_task_group_decorator to 2025-08-16 00:00:00+00:00, run_after=2025-08-17 00:00:00+00:00
[2025-08-17T00:57:03.980+0000] {processor.py:183} INFO - Processing /home/airflow/.local/lib/python3.12/site-packages/airflow/example_dags/example_task_group_decorator.py took 0.096 seconds
[2025-08-17T00:57:34.470+0000] {processor.py:161} INFO - Started process (PID=535) to work on /home/airflow/.local/lib/python3.12/site-packages/airflow/example_dags/example_task_group_decorator.py
[2025-08-17T00:57:34.471+0000] {processor.py:830} INFO - Processing file /home/airflow/.local/lib/python3.12/site-packages/airflow/example_dags/example_task_group_decorator.py for tasks to queue
[2025-08-17T00:57:34.474+0000] {logging_mixin.py:188} INFO - [2025-08-17T00:57:34.474+0000] {dagbag.py:545} INFO - Filling up the DagBag from /home/airflow/.local/lib/python3.12/site-packages/airflow/example_dags/example_task_group_decorator.py
[2025-08-17T00:57:34.488+0000] {processor.py:840} INFO - DAG(s) 'example_task_group_decorator' retrieved from /home/airflow/.local/lib/python3.12/site-packages/airflow/example_dags/example_task_group_decorator.py
[2025-08-17T00:57:34.516+0000] {logging_mixin.py:188} INFO - [2025-08-17T00:57:34.515+0000] {dag.py:3089} INFO - Sync 1 DAGs
[2025-08-17T00:57:34.537+0000] {logging_mixin.py:188} INFO - [2025-08-17T00:57:34.537+0000] {dag.py:3947} INFO - Setting next_dagrun for example_task_group_decorator to 2025-08-16 00:00:00+00:00, run_after=2025-08-17 00:00:00+00:00
[2025-08-17T00:57:34.557+0000] {processor.py:183} INFO - Processing /home/airflow/.local/lib/python3.12/site-packages/airflow/example_dags/example_task_group_decorator.py took 0.095 seconds
[2025-08-17T00:58:04.978+0000] {processor.py:161} INFO - Started process (PID=593) to work on /home/airflow/.local/lib/python3.12/site-packages/airflow/example_dags/example_task_group_decorator.py
[2025-08-17T00:58:04.979+0000] {processor.py:830} INFO - Processing file /home/airflow/.local/lib/python3.12/site-packages/airflow/example_dags/example_task_group_decorator.py for tasks to queue
[2025-08-17T00:58:04.982+0000] {logging_mixin.py:188} INFO - [2025-08-17T00:58:04.981+0000] {dagbag.py:545} INFO - Filling up the DagBag from /home/airflow/.local/lib/python3.12/site-packages/airflow/example_dags/example_task_group_decorator.py
[2025-08-17T00:58:04.996+0000] {processor.py:840} INFO - DAG(s) 'example_task_group_decorator' retrieved from /home/airflow/.local/lib/python3.12/site-packages/airflow/example_dags/example_task_group_decorator.py
[2025-08-17T00:58:05.027+0000] {logging_mixin.py:188} INFO - [2025-08-17T00:58:05.026+0000] {dag.py:3089} INFO - Sync 1 DAGs
[2025-08-17T00:58:05.050+0000] {logging_mixin.py:188} INFO - [2025-08-17T00:58:05.050+0000] {dag.py:3947} INFO - Setting next_dagrun for example_task_group_decorator to 2025-08-16 00:00:00+00:00, run_after=2025-08-17 00:00:00+00:00
[2025-08-17T00:58:05.073+0000] {processor.py:183} INFO - Processing /home/airflow/.local/lib/python3.12/site-packages/airflow/example_dags/example_task_group_decorator.py took 0.102 seconds
[2025-08-17T00:58:35.833+0000] {processor.py:161} INFO - Started process (PID=652) to work on /home/airflow/.local/lib/python3.12/site-packages/airflow/example_dags/example_task_group_decorator.py
[2025-08-17T00:58:35.834+0000] {processor.py:830} INFO - Processing file /home/airflow/.local/lib/python3.12/site-packages/airflow/example_dags/example_task_group_decorator.py for tasks to queue
[2025-08-17T00:58:35.836+0000] {logging_mixin.py:188} INFO - [2025-08-17T00:58:35.836+0000] {dagbag.py:545} INFO - Filling up the DagBag from /home/airflow/.local/lib/python3.12/site-packages/airflow/example_dags/example_task_group_decorator.py
[2025-08-17T00:58:35.850+0000] {processor.py:840} INFO - DAG(s) 'example_task_group_decorator' retrieved from /home/airflow/.local/lib/python3.12/site-packages/airflow/example_dags/example_task_group_decorator.py
[2025-08-17T00:58:35.878+0000] {logging_mixin.py:188} INFO - [2025-08-17T00:58:35.878+0000] {dag.py:3089} INFO - Sync 1 DAGs
[2025-08-17T00:58:35.901+0000] {logging_mixin.py:188} INFO - [2025-08-17T00:58:35.901+0000] {dag.py:3947} INFO - Setting next_dagrun for example_task_group_decorator to 2025-08-16 00:00:00+00:00, run_after=2025-08-17 00:00:00+00:00
[2025-08-17T00:58:35.923+0000] {processor.py:183} INFO - Processing /home/airflow/.local/lib/python3.12/site-packages/airflow/example_dags/example_task_group_decorator.py took 0.096 seconds
[2025-08-17T00:59:06.521+0000] {processor.py:161} INFO - Started process (PID=711) to work on /home/airflow/.local/lib/python3.12/site-packages/airflow/example_dags/example_task_group_decorator.py
[2025-08-17T00:59:06.522+0000] {processor.py:830} INFO - Processing file /home/airflow/.local/lib/python3.12/site-packages/airflow/example_dags/example_task_group_decorator.py for tasks to queue
[2025-08-17T00:59:06.525+0000] {logging_mixin.py:188} INFO - [2025-08-17T00:59:06.524+0000] {dagbag.py:545} INFO - Filling up the DagBag from /home/airflow/.local/lib/python3.12/site-packages/airflow/example_dags/example_task_group_decorator.py
[2025-08-17T00:59:06.544+0000] {processor.py:840} INFO - DAG(s) 'example_task_group_decorator' retrieved from /home/airflow/.local/lib/python3.12/site-packages/airflow/example_dags/example_task_group_decorator.py
[2025-08-17T00:59:06.575+0000] {logging_mixin.py:188} INFO - [2025-08-17T00:59:06.574+0000] {dag.py:3089} INFO - Sync 1 DAGs
[2025-08-17T00:59:06.601+0000] {logging_mixin.py:188} INFO - [2025-08-17T00:59:06.601+0000] {dag.py:3947} INFO - Setting next_dagrun for example_task_group_decorator to 2025-08-16 00:00:00+00:00, run_after=2025-08-17 00:00:00+00:00
[2025-08-17T00:59:06.624+0000] {processor.py:183} INFO - Processing /home/airflow/.local/lib/python3.12/site-packages/airflow/example_dags/example_task_group_decorator.py took 0.116 seconds
[2025-08-17T01:00:09.685+0000] {processor.py:161} INFO - Started process (PID=58) to work on /home/airflow/.local/lib/python3.12/site-packages/airflow/example_dags/example_task_group_decorator.py
[2025-08-17T01:00:09.687+0000] {processor.py:830} INFO - Processing file /home/airflow/.local/lib/python3.12/site-packages/airflow/example_dags/example_task_group_decorator.py for tasks to queue
[2025-08-17T01:00:09.690+0000] {logging_mixin.py:188} INFO - [2025-08-17T01:00:09.690+0000] {dagbag.py:545} INFO - Filling up the DagBag from /home/airflow/.local/lib/python3.12/site-packages/airflow/example_dags/example_task_group_decorator.py
[2025-08-17T01:00:09.713+0000] {processor.py:840} INFO - DAG(s) 'example_task_group_decorator' retrieved from /home/airflow/.local/lib/python3.12/site-packages/airflow/example_dags/example_task_group_decorator.py
[2025-08-17T01:00:09.734+0000] {logging_mixin.py:188} INFO - [2025-08-17T01:00:09.734+0000] {dag.py:3089} INFO - Sync 1 DAGs
[2025-08-17T01:00:09.769+0000] {logging_mixin.py:188} INFO - [2025-08-17T01:00:09.768+0000] {dag.py:3947} INFO - Setting next_dagrun for example_task_group_decorator to 2025-08-16 00:00:00+00:00, run_after=2025-08-17 00:00:00+00:00
[2025-08-17T01:00:09.802+0000] {processor.py:183} INFO - Processing /home/airflow/.local/lib/python3.12/site-packages/airflow/example_dags/example_task_group_decorator.py took 0.126 seconds
[2025-08-17T01:01:33.014+0000] {processor.py:161} INFO - Started process (PID=58) to work on /home/airflow/.local/lib/python3.12/site-packages/airflow/example_dags/example_task_group_decorator.py
[2025-08-17T01:01:33.016+0000] {processor.py:830} INFO - Processing file /home/airflow/.local/lib/python3.12/site-packages/airflow/example_dags/example_task_group_decorator.py for tasks to queue
[2025-08-17T01:01:33.020+0000] {logging_mixin.py:188} INFO - [2025-08-17T01:01:33.019+0000] {dagbag.py:545} INFO - Filling up the DagBag from /home/airflow/.local/lib/python3.12/site-packages/airflow/example_dags/example_task_group_decorator.py
[2025-08-17T01:01:33.044+0000] {processor.py:840} INFO - DAG(s) 'example_task_group_decorator' retrieved from /home/airflow/.local/lib/python3.12/site-packages/airflow/example_dags/example_task_group_decorator.py
[2025-08-17T01:01:33.068+0000] {logging_mixin.py:188} INFO - [2025-08-17T01:01:33.068+0000] {dag.py:3089} INFO - Sync 1 DAGs
[2025-08-17T01:01:33.108+0000] {logging_mixin.py:188} INFO - [2025-08-17T01:01:33.108+0000] {dag.py:3947} INFO - Setting next_dagrun for example_task_group_decorator to 2025-08-16 00:00:00+00:00, run_after=2025-08-17 00:00:00+00:00
[2025-08-17T01:01:33.145+0000] {processor.py:183} INFO - Processing /home/airflow/.local/lib/python3.12/site-packages/airflow/example_dags/example_task_group_decorator.py took 0.142 seconds
[2025-08-17T01:02:03.377+0000] {processor.py:161} INFO - Started process (PID=117) to work on /home/airflow/.local/lib/python3.12/site-packages/airflow/example_dags/example_task_group_decorator.py
[2025-08-17T01:02:03.378+0000] {processor.py:830} INFO - Processing file /home/airflow/.local/lib/python3.12/site-packages/airflow/example_dags/example_task_group_decorator.py for tasks to queue
[2025-08-17T01:02:03.381+0000] {logging_mixin.py:188} INFO - [2025-08-17T01:02:03.381+0000] {dagbag.py:545} INFO - Filling up the DagBag from /home/airflow/.local/lib/python3.12/site-packages/airflow/example_dags/example_task_group_decorator.py
[2025-08-17T01:02:03.395+0000] {processor.py:840} INFO - DAG(s) 'example_task_group_decorator' retrieved from /home/airflow/.local/lib/python3.12/site-packages/airflow/example_dags/example_task_group_decorator.py
[2025-08-17T01:02:03.511+0000] {logging_mixin.py:188} INFO - [2025-08-17T01:02:03.511+0000] {dag.py:3089} INFO - Sync 1 DAGs
[2025-08-17T01:02:03.529+0000] {logging_mixin.py:188} INFO - [2025-08-17T01:02:03.529+0000] {dag.py:3947} INFO - Setting next_dagrun for example_task_group_decorator to 2025-08-16 00:00:00+00:00, run_after=2025-08-17 00:00:00+00:00
[2025-08-17T01:02:03.551+0000] {processor.py:183} INFO - Processing /home/airflow/.local/lib/python3.12/site-packages/airflow/example_dags/example_task_group_decorator.py took 0.180 seconds
[2025-08-17T01:02:33.863+0000] {processor.py:161} INFO - Started process (PID=176) to work on /home/airflow/.local/lib/python3.12/site-packages/airflow/example_dags/example_task_group_decorator.py
[2025-08-17T01:02:33.865+0000] {processor.py:830} INFO - Processing file /home/airflow/.local/lib/python3.12/site-packages/airflow/example_dags/example_task_group_decorator.py for tasks to queue
[2025-08-17T01:02:33.869+0000] {logging_mixin.py:188} INFO - [2025-08-17T01:02:33.869+0000] {dagbag.py:545} INFO - Filling up the DagBag from /home/airflow/.local/lib/python3.12/site-packages/airflow/example_dags/example_task_group_decorator.py
[2025-08-17T01:02:33.885+0000] {processor.py:840} INFO - DAG(s) 'example_task_group_decorator' retrieved from /home/airflow/.local/lib/python3.12/site-packages/airflow/example_dags/example_task_group_decorator.py
[2025-08-17T01:02:33.912+0000] {logging_mixin.py:188} INFO - [2025-08-17T01:02:33.912+0000] {dag.py:3089} INFO - Sync 1 DAGs
[2025-08-17T01:02:33.936+0000] {logging_mixin.py:188} INFO - [2025-08-17T01:02:33.936+0000] {dag.py:3947} INFO - Setting next_dagrun for example_task_group_decorator to 2025-08-16 00:00:00+00:00, run_after=2025-08-17 00:00:00+00:00
[2025-08-17T01:02:33.954+0000] {processor.py:183} INFO - Processing /home/airflow/.local/lib/python3.12/site-packages/airflow/example_dags/example_task_group_decorator.py took 0.099 seconds
[2025-08-17T01:03:04.429+0000] {processor.py:161} INFO - Started process (PID=235) to work on /home/airflow/.local/lib/python3.12/site-packages/airflow/example_dags/example_task_group_decorator.py
[2025-08-17T01:03:04.431+0000] {processor.py:830} INFO - Processing file /home/airflow/.local/lib/python3.12/site-packages/airflow/example_dags/example_task_group_decorator.py for tasks to queue
[2025-08-17T01:03:04.434+0000] {logging_mixin.py:188} INFO - [2025-08-17T01:03:04.433+0000] {dagbag.py:545} INFO - Filling up the DagBag from /home/airflow/.local/lib/python3.12/site-packages/airflow/example_dags/example_task_group_decorator.py
[2025-08-17T01:03:04.450+0000] {processor.py:840} INFO - DAG(s) 'example_task_group_decorator' retrieved from /home/airflow/.local/lib/python3.12/site-packages/airflow/example_dags/example_task_group_decorator.py
[2025-08-17T01:03:04.485+0000] {logging_mixin.py:188} INFO - [2025-08-17T01:03:04.485+0000] {dag.py:3089} INFO - Sync 1 DAGs
[2025-08-17T01:03:04.513+0000] {logging_mixin.py:188} INFO - [2025-08-17T01:03:04.513+0000] {dag.py:3947} INFO - Setting next_dagrun for example_task_group_decorator to 2025-08-16 00:00:00+00:00, run_after=2025-08-17 00:00:00+00:00
[2025-08-17T01:03:04.539+0000] {processor.py:183} INFO - Processing /home/airflow/.local/lib/python3.12/site-packages/airflow/example_dags/example_task_group_decorator.py took 0.117 seconds
[2025-08-17T01:03:34.683+0000] {processor.py:161} INFO - Started process (PID=294) to work on /home/airflow/.local/lib/python3.12/site-packages/airflow/example_dags/example_task_group_decorator.py
[2025-08-17T01:03:34.684+0000] {processor.py:830} INFO - Processing file /home/airflow/.local/lib/python3.12/site-packages/airflow/example_dags/example_task_group_decorator.py for tasks to queue
[2025-08-17T01:03:34.687+0000] {logging_mixin.py:188} INFO - [2025-08-17T01:03:34.686+0000] {dagbag.py:545} INFO - Filling up the DagBag from /home/airflow/.local/lib/python3.12/site-packages/airflow/example_dags/example_task_group_decorator.py
[2025-08-17T01:03:34.699+0000] {processor.py:840} INFO - DAG(s) 'example_task_group_decorator' retrieved from /home/airflow/.local/lib/python3.12/site-packages/airflow/example_dags/example_task_group_decorator.py
[2025-08-17T01:03:34.726+0000] {logging_mixin.py:188} INFO - [2025-08-17T01:03:34.725+0000] {dag.py:3089} INFO - Sync 1 DAGs
[2025-08-17T01:03:34.747+0000] {logging_mixin.py:188} INFO - [2025-08-17T01:03:34.746+0000] {dag.py:3947} INFO - Setting next_dagrun for example_task_group_decorator to 2025-08-16 00:00:00+00:00, run_after=2025-08-17 00:00:00+00:00
[2025-08-17T01:03:34.766+0000] {processor.py:183} INFO - Processing /home/airflow/.local/lib/python3.12/site-packages/airflow/example_dags/example_task_group_decorator.py took 0.089 seconds
[2025-08-17T01:04:04.844+0000] {processor.py:161} INFO - Started process (PID=353) to work on /home/airflow/.local/lib/python3.12/site-packages/airflow/example_dags/example_task_group_decorator.py
[2025-08-17T01:04:04.845+0000] {processor.py:830} INFO - Processing file /home/airflow/.local/lib/python3.12/site-packages/airflow/example_dags/example_task_group_decorator.py for tasks to queue
[2025-08-17T01:04:04.848+0000] {logging_mixin.py:188} INFO - [2025-08-17T01:04:04.848+0000] {dagbag.py:545} INFO - Filling up the DagBag from /home/airflow/.local/lib/python3.12/site-packages/airflow/example_dags/example_task_group_decorator.py
[2025-08-17T01:04:04.863+0000] {processor.py:840} INFO - DAG(s) 'example_task_group_decorator' retrieved from /home/airflow/.local/lib/python3.12/site-packages/airflow/example_dags/example_task_group_decorator.py
[2025-08-17T01:04:04.892+0000] {logging_mixin.py:188} INFO - [2025-08-17T01:04:04.891+0000] {dag.py:3089} INFO - Sync 1 DAGs
[2025-08-17T01:04:04.914+0000] {logging_mixin.py:188} INFO - [2025-08-17T01:04:04.914+0000] {dag.py:3947} INFO - Setting next_dagrun for example_task_group_decorator to 2025-08-16 00:00:00+00:00, run_after=2025-08-17 00:00:00+00:00
[2025-08-17T01:04:04.935+0000] {processor.py:183} INFO - Processing /home/airflow/.local/lib/python3.12/site-packages/airflow/example_dags/example_task_group_decorator.py took 0.098 seconds
[2025-08-17T01:04:35.033+0000] {processor.py:161} INFO - Started process (PID=412) to work on /home/airflow/.local/lib/python3.12/site-packages/airflow/example_dags/example_task_group_decorator.py
[2025-08-17T01:04:35.034+0000] {processor.py:830} INFO - Processing file /home/airflow/.local/lib/python3.12/site-packages/airflow/example_dags/example_task_group_decorator.py for tasks to queue
[2025-08-17T01:04:35.037+0000] {logging_mixin.py:188} INFO - [2025-08-17T01:04:35.036+0000] {dagbag.py:545} INFO - Filling up the DagBag from /home/airflow/.local/lib/python3.12/site-packages/airflow/example_dags/example_task_group_decorator.py
[2025-08-17T01:04:35.051+0000] {processor.py:840} INFO - DAG(s) 'example_task_group_decorator' retrieved from /home/airflow/.local/lib/python3.12/site-packages/airflow/example_dags/example_task_group_decorator.py
[2025-08-17T01:04:35.081+0000] {logging_mixin.py:188} INFO - [2025-08-17T01:04:35.080+0000] {dag.py:3089} INFO - Sync 1 DAGs
[2025-08-17T01:04:35.105+0000] {logging_mixin.py:188} INFO - [2025-08-17T01:04:35.104+0000] {dag.py:3947} INFO - Setting next_dagrun for example_task_group_decorator to 2025-08-16 00:00:00+00:00, run_after=2025-08-17 00:00:00+00:00
[2025-08-17T01:04:35.124+0000] {processor.py:183} INFO - Processing /home/airflow/.local/lib/python3.12/site-packages/airflow/example_dags/example_task_group_decorator.py took 0.099 seconds
[2025-08-17T01:05:05.532+0000] {processor.py:161} INFO - Started process (PID=471) to work on /home/airflow/.local/lib/python3.12/site-packages/airflow/example_dags/example_task_group_decorator.py
[2025-08-17T01:05:05.534+0000] {processor.py:830} INFO - Processing file /home/airflow/.local/lib/python3.12/site-packages/airflow/example_dags/example_task_group_decorator.py for tasks to queue
[2025-08-17T01:05:05.537+0000] {logging_mixin.py:188} INFO - [2025-08-17T01:05:05.536+0000] {dagbag.py:545} INFO - Filling up the DagBag from /home/airflow/.local/lib/python3.12/site-packages/airflow/example_dags/example_task_group_decorator.py
[2025-08-17T01:05:05.552+0000] {processor.py:840} INFO - DAG(s) 'example_task_group_decorator' retrieved from /home/airflow/.local/lib/python3.12/site-packages/airflow/example_dags/example_task_group_decorator.py
[2025-08-17T01:05:05.581+0000] {logging_mixin.py:188} INFO - [2025-08-17T01:05:05.581+0000] {dag.py:3089} INFO - Sync 1 DAGs
[2025-08-17T01:05:05.605+0000] {logging_mixin.py:188} INFO - [2025-08-17T01:05:05.604+0000] {dag.py:3947} INFO - Setting next_dagrun for example_task_group_decorator to 2025-08-16 00:00:00+00:00, run_after=2025-08-17 00:00:00+00:00
[2025-08-17T01:05:05.622+0000] {processor.py:183} INFO - Processing /home/airflow/.local/lib/python3.12/site-packages/airflow/example_dags/example_task_group_decorator.py took 0.097 seconds
[2025-08-17T01:05:35.755+0000] {processor.py:161} INFO - Started process (PID=530) to work on /home/airflow/.local/lib/python3.12/site-packages/airflow/example_dags/example_task_group_decorator.py
[2025-08-17T01:05:35.756+0000] {processor.py:830} INFO - Processing file /home/airflow/.local/lib/python3.12/site-packages/airflow/example_dags/example_task_group_decorator.py for tasks to queue
[2025-08-17T01:05:35.759+0000] {logging_mixin.py:188} INFO - [2025-08-17T01:05:35.758+0000] {dagbag.py:545} INFO - Filling up the DagBag from /home/airflow/.local/lib/python3.12/site-packages/airflow/example_dags/example_task_group_decorator.py
[2025-08-17T01:05:35.770+0000] {processor.py:840} INFO - DAG(s) 'example_task_group_decorator' retrieved from /home/airflow/.local/lib/python3.12/site-packages/airflow/example_dags/example_task_group_decorator.py
[2025-08-17T01:05:35.793+0000] {logging_mixin.py:188} INFO - [2025-08-17T01:05:35.793+0000] {dag.py:3089} INFO - Sync 1 DAGs
[2025-08-17T01:05:35.813+0000] {logging_mixin.py:188} INFO - [2025-08-17T01:05:35.813+0000] {dag.py:3947} INFO - Setting next_dagrun for example_task_group_decorator to 2025-08-16 00:00:00+00:00, run_after=2025-08-17 00:00:00+00:00
[2025-08-17T01:05:35.828+0000] {processor.py:183} INFO - Processing /home/airflow/.local/lib/python3.12/site-packages/airflow/example_dags/example_task_group_decorator.py took 0.078 seconds
[2025-08-17T01:06:05.986+0000] {processor.py:161} INFO - Started process (PID=589) to work on /home/airflow/.local/lib/python3.12/site-packages/airflow/example_dags/example_task_group_decorator.py
[2025-08-17T01:06:05.987+0000] {processor.py:830} INFO - Processing file /home/airflow/.local/lib/python3.12/site-packages/airflow/example_dags/example_task_group_decorator.py for tasks to queue
[2025-08-17T01:06:05.990+0000] {logging_mixin.py:188} INFO - [2025-08-17T01:06:05.989+0000] {dagbag.py:545} INFO - Filling up the DagBag from /home/airflow/.local/lib/python3.12/site-packages/airflow/example_dags/example_task_group_decorator.py
[2025-08-17T01:06:06.004+0000] {processor.py:840} INFO - DAG(s) 'example_task_group_decorator' retrieved from /home/airflow/.local/lib/python3.12/site-packages/airflow/example_dags/example_task_group_decorator.py
[2025-08-17T01:06:06.035+0000] {logging_mixin.py:188} INFO - [2025-08-17T01:06:06.035+0000] {dag.py:3089} INFO - Sync 1 DAGs
[2025-08-17T01:06:06.064+0000] {logging_mixin.py:188} INFO - [2025-08-17T01:06:06.064+0000] {dag.py:3947} INFO - Setting next_dagrun for example_task_group_decorator to 2025-08-16 00:00:00+00:00, run_after=2025-08-17 00:00:00+00:00
[2025-08-17T01:06:06.088+0000] {processor.py:183} INFO - Processing /home/airflow/.local/lib/python3.12/site-packages/airflow/example_dags/example_task_group_decorator.py took 0.109 seconds
[2025-08-17T01:06:36.153+0000] {processor.py:161} INFO - Started process (PID=648) to work on /home/airflow/.local/lib/python3.12/site-packages/airflow/example_dags/example_task_group_decorator.py
[2025-08-17T01:06:36.155+0000] {processor.py:830} INFO - Processing file /home/airflow/.local/lib/python3.12/site-packages/airflow/example_dags/example_task_group_decorator.py for tasks to queue
[2025-08-17T01:06:36.157+0000] {logging_mixin.py:188} INFO - [2025-08-17T01:06:36.157+0000] {dagbag.py:545} INFO - Filling up the DagBag from /home/airflow/.local/lib/python3.12/site-packages/airflow/example_dags/example_task_group_decorator.py
[2025-08-17T01:06:36.170+0000] {processor.py:840} INFO - DAG(s) 'example_task_group_decorator' retrieved from /home/airflow/.local/lib/python3.12/site-packages/airflow/example_dags/example_task_group_decorator.py
[2025-08-17T01:06:36.197+0000] {logging_mixin.py:188} INFO - [2025-08-17T01:06:36.196+0000] {dag.py:3089} INFO - Sync 1 DAGs
[2025-08-17T01:06:36.222+0000] {logging_mixin.py:188} INFO - [2025-08-17T01:06:36.222+0000] {dag.py:3947} INFO - Setting next_dagrun for example_task_group_decorator to 2025-08-16 00:00:00+00:00, run_after=2025-08-17 00:00:00+00:00
[2025-08-17T01:06:36.246+0000] {processor.py:183} INFO - Processing /home/airflow/.local/lib/python3.12/site-packages/airflow/example_dags/example_task_group_decorator.py took 0.098 seconds
[2025-08-17T01:07:06.345+0000] {processor.py:161} INFO - Started process (PID=707) to work on /home/airflow/.local/lib/python3.12/site-packages/airflow/example_dags/example_task_group_decorator.py
[2025-08-17T01:07:06.347+0000] {processor.py:830} INFO - Processing file /home/airflow/.local/lib/python3.12/site-packages/airflow/example_dags/example_task_group_decorator.py for tasks to queue
[2025-08-17T01:07:06.350+0000] {logging_mixin.py:188} INFO - [2025-08-17T01:07:06.349+0000] {dagbag.py:545} INFO - Filling up the DagBag from /home/airflow/.local/lib/python3.12/site-packages/airflow/example_dags/example_task_group_decorator.py
[2025-08-17T01:07:06.365+0000] {processor.py:840} INFO - DAG(s) 'example_task_group_decorator' retrieved from /home/airflow/.local/lib/python3.12/site-packages/airflow/example_dags/example_task_group_decorator.py
[2025-08-17T01:07:06.398+0000] {logging_mixin.py:188} INFO - [2025-08-17T01:07:06.398+0000] {dag.py:3089} INFO - Sync 1 DAGs
[2025-08-17T01:07:06.423+0000] {logging_mixin.py:188} INFO - [2025-08-17T01:07:06.422+0000] {dag.py:3947} INFO - Setting next_dagrun for example_task_group_decorator to 2025-08-16 00:00:00+00:00, run_after=2025-08-17 00:00:00+00:00
[2025-08-17T01:07:06.443+0000] {processor.py:183} INFO - Processing /home/airflow/.local/lib/python3.12/site-packages/airflow/example_dags/example_task_group_decorator.py took 0.104 seconds
[2025-08-17T01:07:36.576+0000] {processor.py:161} INFO - Started process (PID=766) to work on /home/airflow/.local/lib/python3.12/site-packages/airflow/example_dags/example_task_group_decorator.py
[2025-08-17T01:07:36.578+0000] {processor.py:830} INFO - Processing file /home/airflow/.local/lib/python3.12/site-packages/airflow/example_dags/example_task_group_decorator.py for tasks to queue
[2025-08-17T01:07:36.580+0000] {logging_mixin.py:188} INFO - [2025-08-17T01:07:36.580+0000] {dagbag.py:545} INFO - Filling up the DagBag from /home/airflow/.local/lib/python3.12/site-packages/airflow/example_dags/example_task_group_decorator.py
[2025-08-17T01:07:36.594+0000] {processor.py:840} INFO - DAG(s) 'example_task_group_decorator' retrieved from /home/airflow/.local/lib/python3.12/site-packages/airflow/example_dags/example_task_group_decorator.py
[2025-08-17T01:07:36.625+0000] {logging_mixin.py:188} INFO - [2025-08-17T01:07:36.624+0000] {dag.py:3089} INFO - Sync 1 DAGs
[2025-08-17T01:07:36.648+0000] {logging_mixin.py:188} INFO - [2025-08-17T01:07:36.648+0000] {dag.py:3947} INFO - Setting next_dagrun for example_task_group_decorator to 2025-08-16 00:00:00+00:00, run_after=2025-08-17 00:00:00+00:00
[2025-08-17T01:07:36.670+0000] {processor.py:183} INFO - Processing /home/airflow/.local/lib/python3.12/site-packages/airflow/example_dags/example_task_group_decorator.py took 0.100 seconds
[2025-08-17T01:08:06.784+0000] {processor.py:161} INFO - Started process (PID=826) to work on /home/airflow/.local/lib/python3.12/site-packages/airflow/example_dags/example_task_group_decorator.py
[2025-08-17T01:08:06.785+0000] {processor.py:830} INFO - Processing file /home/airflow/.local/lib/python3.12/site-packages/airflow/example_dags/example_task_group_decorator.py for tasks to queue
[2025-08-17T01:08:06.788+0000] {logging_mixin.py:188} INFO - [2025-08-17T01:08:06.787+0000] {dagbag.py:545} INFO - Filling up the DagBag from /home/airflow/.local/lib/python3.12/site-packages/airflow/example_dags/example_task_group_decorator.py
[2025-08-17T01:08:06.801+0000] {processor.py:840} INFO - DAG(s) 'example_task_group_decorator' retrieved from /home/airflow/.local/lib/python3.12/site-packages/airflow/example_dags/example_task_group_decorator.py
[2025-08-17T01:08:06.827+0000] {logging_mixin.py:188} INFO - [2025-08-17T01:08:06.827+0000] {dag.py:3089} INFO - Sync 1 DAGs
[2025-08-17T01:08:06.850+0000] {logging_mixin.py:188} INFO - [2025-08-17T01:08:06.850+0000] {dag.py:3947} INFO - Setting next_dagrun for example_task_group_decorator to 2025-08-16 00:00:00+00:00, run_after=2025-08-17 00:00:00+00:00
[2025-08-17T01:08:06.869+0000] {processor.py:183} INFO - Processing /home/airflow/.local/lib/python3.12/site-packages/airflow/example_dags/example_task_group_decorator.py took 0.092 seconds
[2025-08-17T01:08:37.287+0000] {processor.py:161} INFO - Started process (PID=885) to work on /home/airflow/.local/lib/python3.12/site-packages/airflow/example_dags/example_task_group_decorator.py
[2025-08-17T01:08:37.288+0000] {processor.py:830} INFO - Processing file /home/airflow/.local/lib/python3.12/site-packages/airflow/example_dags/example_task_group_decorator.py for tasks to queue
[2025-08-17T01:08:37.291+0000] {logging_mixin.py:188} INFO - [2025-08-17T01:08:37.290+0000] {dagbag.py:545} INFO - Filling up the DagBag from /home/airflow/.local/lib/python3.12/site-packages/airflow/example_dags/example_task_group_decorator.py
[2025-08-17T01:08:37.304+0000] {processor.py:840} INFO - DAG(s) 'example_task_group_decorator' retrieved from /home/airflow/.local/lib/python3.12/site-packages/airflow/example_dags/example_task_group_decorator.py
[2025-08-17T01:08:37.330+0000] {logging_mixin.py:188} INFO - [2025-08-17T01:08:37.330+0000] {dag.py:3089} INFO - Sync 1 DAGs
[2025-08-17T01:08:37.351+0000] {logging_mixin.py:188} INFO - [2025-08-17T01:08:37.351+0000] {dag.py:3947} INFO - Setting next_dagrun for example_task_group_decorator to 2025-08-16 00:00:00+00:00, run_after=2025-08-17 00:00:00+00:00
[2025-08-17T01:08:37.371+0000] {processor.py:183} INFO - Processing /home/airflow/.local/lib/python3.12/site-packages/airflow/example_dags/example_task_group_decorator.py took 0.091 seconds
[2025-08-17T01:09:07.535+0000] {processor.py:161} INFO - Started process (PID=944) to work on /home/airflow/.local/lib/python3.12/site-packages/airflow/example_dags/example_task_group_decorator.py
[2025-08-17T01:09:07.536+0000] {processor.py:830} INFO - Processing file /home/airflow/.local/lib/python3.12/site-packages/airflow/example_dags/example_task_group_decorator.py for tasks to queue
[2025-08-17T01:09:07.538+0000] {logging_mixin.py:188} INFO - [2025-08-17T01:09:07.538+0000] {dagbag.py:545} INFO - Filling up the DagBag from /home/airflow/.local/lib/python3.12/site-packages/airflow/example_dags/example_task_group_decorator.py
[2025-08-17T01:09:07.552+0000] {processor.py:840} INFO - DAG(s) 'example_task_group_decorator' retrieved from /home/airflow/.local/lib/python3.12/site-packages/airflow/example_dags/example_task_group_decorator.py
[2025-08-17T01:09:07.577+0000] {logging_mixin.py:188} INFO - [2025-08-17T01:09:07.577+0000] {dag.py:3089} INFO - Sync 1 DAGs
[2025-08-17T01:09:07.597+0000] {logging_mixin.py:188} INFO - [2025-08-17T01:09:07.597+0000] {dag.py:3947} INFO - Setting next_dagrun for example_task_group_decorator to 2025-08-16 00:00:00+00:00, run_after=2025-08-17 00:00:00+00:00
[2025-08-17T01:09:07.617+0000] {processor.py:183} INFO - Processing /home/airflow/.local/lib/python3.12/site-packages/airflow/example_dags/example_task_group_decorator.py took 0.088 seconds
[2025-08-17T01:09:37.755+0000] {processor.py:161} INFO - Started process (PID=1003) to work on /home/airflow/.local/lib/python3.12/site-packages/airflow/example_dags/example_task_group_decorator.py
[2025-08-17T01:09:37.756+0000] {processor.py:830} INFO - Processing file /home/airflow/.local/lib/python3.12/site-packages/airflow/example_dags/example_task_group_decorator.py for tasks to queue
[2025-08-17T01:09:37.758+0000] {logging_mixin.py:188} INFO - [2025-08-17T01:09:37.758+0000] {dagbag.py:545} INFO - Filling up the DagBag from /home/airflow/.local/lib/python3.12/site-packages/airflow/example_dags/example_task_group_decorator.py
[2025-08-17T01:09:37.772+0000] {processor.py:840} INFO - DAG(s) 'example_task_group_decorator' retrieved from /home/airflow/.local/lib/python3.12/site-packages/airflow/example_dags/example_task_group_decorator.py
[2025-08-17T01:09:37.801+0000] {logging_mixin.py:188} INFO - [2025-08-17T01:09:37.801+0000] {dag.py:3089} INFO - Sync 1 DAGs
[2025-08-17T01:09:37.824+0000] {logging_mixin.py:188} INFO - [2025-08-17T01:09:37.824+0000] {dag.py:3947} INFO - Setting next_dagrun for example_task_group_decorator to 2025-08-16 00:00:00+00:00, run_after=2025-08-17 00:00:00+00:00
[2025-08-17T01:09:37.842+0000] {processor.py:183} INFO - Processing /home/airflow/.local/lib/python3.12/site-packages/airflow/example_dags/example_task_group_decorator.py took 0.093 seconds
[2025-08-17T01:10:07.962+0000] {processor.py:161} INFO - Started process (PID=1062) to work on /home/airflow/.local/lib/python3.12/site-packages/airflow/example_dags/example_task_group_decorator.py
[2025-08-17T01:10:07.963+0000] {processor.py:830} INFO - Processing file /home/airflow/.local/lib/python3.12/site-packages/airflow/example_dags/example_task_group_decorator.py for tasks to queue
[2025-08-17T01:10:07.966+0000] {logging_mixin.py:188} INFO - [2025-08-17T01:10:07.965+0000] {dagbag.py:545} INFO - Filling up the DagBag from /home/airflow/.local/lib/python3.12/site-packages/airflow/example_dags/example_task_group_decorator.py
[2025-08-17T01:10:07.981+0000] {processor.py:840} INFO - DAG(s) 'example_task_group_decorator' retrieved from /home/airflow/.local/lib/python3.12/site-packages/airflow/example_dags/example_task_group_decorator.py
[2025-08-17T01:10:08.011+0000] {logging_mixin.py:188} INFO - [2025-08-17T01:10:08.011+0000] {dag.py:3089} INFO - Sync 1 DAGs
[2025-08-17T01:10:08.032+0000] {logging_mixin.py:188} INFO - [2025-08-17T01:10:08.032+0000] {dag.py:3947} INFO - Setting next_dagrun for example_task_group_decorator to 2025-08-16 00:00:00+00:00, run_after=2025-08-17 00:00:00+00:00
[2025-08-17T01:10:08.051+0000] {processor.py:183} INFO - Processing /home/airflow/.local/lib/python3.12/site-packages/airflow/example_dags/example_task_group_decorator.py took 0.095 seconds
[2025-08-17T01:10:38.628+0000] {processor.py:161} INFO - Started process (PID=1122) to work on /home/airflow/.local/lib/python3.12/site-packages/airflow/example_dags/example_task_group_decorator.py
[2025-08-17T01:10:38.630+0000] {processor.py:830} INFO - Processing file /home/airflow/.local/lib/python3.12/site-packages/airflow/example_dags/example_task_group_decorator.py for tasks to queue
[2025-08-17T01:10:38.633+0000] {logging_mixin.py:188} INFO - [2025-08-17T01:10:38.632+0000] {dagbag.py:545} INFO - Filling up the DagBag from /home/airflow/.local/lib/python3.12/site-packages/airflow/example_dags/example_task_group_decorator.py
[2025-08-17T01:10:38.646+0000] {processor.py:840} INFO - DAG(s) 'example_task_group_decorator' retrieved from /home/airflow/.local/lib/python3.12/site-packages/airflow/example_dags/example_task_group_decorator.py
[2025-08-17T01:10:38.673+0000] {logging_mixin.py:188} INFO - [2025-08-17T01:10:38.673+0000] {dag.py:3089} INFO - Sync 1 DAGs
[2025-08-17T01:10:38.699+0000] {logging_mixin.py:188} INFO - [2025-08-17T01:10:38.699+0000] {dag.py:3947} INFO - Setting next_dagrun for example_task_group_decorator to 2025-08-16 00:00:00+00:00, run_after=2025-08-17 00:00:00+00:00
[2025-08-17T01:10:38.719+0000] {processor.py:183} INFO - Processing /home/airflow/.local/lib/python3.12/site-packages/airflow/example_dags/example_task_group_decorator.py took 0.097 seconds
[2025-08-17T01:11:09.012+0000] {processor.py:161} INFO - Started process (PID=1181) to work on /home/airflow/.local/lib/python3.12/site-packages/airflow/example_dags/example_task_group_decorator.py
[2025-08-17T01:11:09.013+0000] {processor.py:830} INFO - Processing file /home/airflow/.local/lib/python3.12/site-packages/airflow/example_dags/example_task_group_decorator.py for tasks to queue
[2025-08-17T01:11:09.015+0000] {logging_mixin.py:188} INFO - [2025-08-17T01:11:09.015+0000] {dagbag.py:545} INFO - Filling up the DagBag from /home/airflow/.local/lib/python3.12/site-packages/airflow/example_dags/example_task_group_decorator.py
[2025-08-17T01:11:09.032+0000] {processor.py:840} INFO - DAG(s) 'example_task_group_decorator' retrieved from /home/airflow/.local/lib/python3.12/site-packages/airflow/example_dags/example_task_group_decorator.py
[2025-08-17T01:11:09.065+0000] {logging_mixin.py:188} INFO - [2025-08-17T01:11:09.064+0000] {dag.py:3089} INFO - Sync 1 DAGs
[2025-08-17T01:11:09.088+0000] {logging_mixin.py:188} INFO - [2025-08-17T01:11:09.087+0000] {dag.py:3947} INFO - Setting next_dagrun for example_task_group_decorator to 2025-08-16 00:00:00+00:00, run_after=2025-08-17 00:00:00+00:00
[2025-08-17T01:11:09.112+0000] {processor.py:183} INFO - Processing /home/airflow/.local/lib/python3.12/site-packages/airflow/example_dags/example_task_group_decorator.py took 0.107 seconds
[2025-08-17T01:11:39.516+0000] {processor.py:161} INFO - Started process (PID=1246) to work on /home/airflow/.local/lib/python3.12/site-packages/airflow/example_dags/example_task_group_decorator.py
[2025-08-17T01:11:39.517+0000] {processor.py:830} INFO - Processing file /home/airflow/.local/lib/python3.12/site-packages/airflow/example_dags/example_task_group_decorator.py for tasks to queue
[2025-08-17T01:11:39.519+0000] {logging_mixin.py:188} INFO - [2025-08-17T01:11:39.519+0000] {dagbag.py:545} INFO - Filling up the DagBag from /home/airflow/.local/lib/python3.12/site-packages/airflow/example_dags/example_task_group_decorator.py
[2025-08-17T01:11:39.532+0000] {processor.py:840} INFO - DAG(s) 'example_task_group_decorator' retrieved from /home/airflow/.local/lib/python3.12/site-packages/airflow/example_dags/example_task_group_decorator.py
[2025-08-17T01:11:39.559+0000] {logging_mixin.py:188} INFO - [2025-08-17T01:11:39.559+0000] {dag.py:3089} INFO - Sync 1 DAGs
[2025-08-17T01:11:39.581+0000] {logging_mixin.py:188} INFO - [2025-08-17T01:11:39.581+0000] {dag.py:3947} INFO - Setting next_dagrun for example_task_group_decorator to 2025-08-16 00:00:00+00:00, run_after=2025-08-17 00:00:00+00:00
[2025-08-17T01:11:39.601+0000] {processor.py:183} INFO - Processing /home/airflow/.local/lib/python3.12/site-packages/airflow/example_dags/example_task_group_decorator.py took 0.090 seconds
[2025-08-17T01:12:09.802+0000] {processor.py:161} INFO - Started process (PID=1305) to work on /home/airflow/.local/lib/python3.12/site-packages/airflow/example_dags/example_task_group_decorator.py
[2025-08-17T01:12:09.803+0000] {processor.py:830} INFO - Processing file /home/airflow/.local/lib/python3.12/site-packages/airflow/example_dags/example_task_group_decorator.py for tasks to queue
[2025-08-17T01:12:09.806+0000] {logging_mixin.py:188} INFO - [2025-08-17T01:12:09.805+0000] {dagbag.py:545} INFO - Filling up the DagBag from /home/airflow/.local/lib/python3.12/site-packages/airflow/example_dags/example_task_group_decorator.py
[2025-08-17T01:12:09.817+0000] {processor.py:840} INFO - DAG(s) 'example_task_group_decorator' retrieved from /home/airflow/.local/lib/python3.12/site-packages/airflow/example_dags/example_task_group_decorator.py
[2025-08-17T01:12:09.840+0000] {logging_mixin.py:188} INFO - [2025-08-17T01:12:09.840+0000] {dag.py:3089} INFO - Sync 1 DAGs
[2025-08-17T01:12:09.860+0000] {logging_mixin.py:188} INFO - [2025-08-17T01:12:09.860+0000] {dag.py:3947} INFO - Setting next_dagrun for example_task_group_decorator to 2025-08-16 00:00:00+00:00, run_after=2025-08-17 00:00:00+00:00
[2025-08-17T01:12:09.876+0000] {processor.py:183} INFO - Processing /home/airflow/.local/lib/python3.12/site-packages/airflow/example_dags/example_task_group_decorator.py took 0.080 seconds
[2025-08-17T01:12:40.466+0000] {processor.py:161} INFO - Started process (PID=1364) to work on /home/airflow/.local/lib/python3.12/site-packages/airflow/example_dags/example_task_group_decorator.py
[2025-08-17T01:12:40.468+0000] {processor.py:830} INFO - Processing file /home/airflow/.local/lib/python3.12/site-packages/airflow/example_dags/example_task_group_decorator.py for tasks to queue
[2025-08-17T01:12:40.470+0000] {logging_mixin.py:188} INFO - [2025-08-17T01:12:40.470+0000] {dagbag.py:545} INFO - Filling up the DagBag from /home/airflow/.local/lib/python3.12/site-packages/airflow/example_dags/example_task_group_decorator.py
[2025-08-17T01:12:40.483+0000] {processor.py:840} INFO - DAG(s) 'example_task_group_decorator' retrieved from /home/airflow/.local/lib/python3.12/site-packages/airflow/example_dags/example_task_group_decorator.py
[2025-08-17T01:12:40.509+0000] {logging_mixin.py:188} INFO - [2025-08-17T01:12:40.509+0000] {dag.py:3089} INFO - Sync 1 DAGs
[2025-08-17T01:12:40.531+0000] {logging_mixin.py:188} INFO - [2025-08-17T01:12:40.530+0000] {dag.py:3947} INFO - Setting next_dagrun for example_task_group_decorator to 2025-08-16 00:00:00+00:00, run_after=2025-08-17 00:00:00+00:00
[2025-08-17T01:12:40.552+0000] {processor.py:183} INFO - Processing /home/airflow/.local/lib/python3.12/site-packages/airflow/example_dags/example_task_group_decorator.py took 0.092 seconds
[2025-08-17T01:13:10.960+0000] {processor.py:161} INFO - Started process (PID=1424) to work on /home/airflow/.local/lib/python3.12/site-packages/airflow/example_dags/example_task_group_decorator.py
[2025-08-17T01:13:10.961+0000] {processor.py:830} INFO - Processing file /home/airflow/.local/lib/python3.12/site-packages/airflow/example_dags/example_task_group_decorator.py for tasks to queue
[2025-08-17T01:13:10.965+0000] {logging_mixin.py:188} INFO - [2025-08-17T01:13:10.964+0000] {dagbag.py:545} INFO - Filling up the DagBag from /home/airflow/.local/lib/python3.12/site-packages/airflow/example_dags/example_task_group_decorator.py
[2025-08-17T01:13:10.983+0000] {processor.py:840} INFO - DAG(s) 'example_task_group_decorator' retrieved from /home/airflow/.local/lib/python3.12/site-packages/airflow/example_dags/example_task_group_decorator.py
[2025-08-17T01:13:11.014+0000] {logging_mixin.py:188} INFO - [2025-08-17T01:13:11.014+0000] {dag.py:3089} INFO - Sync 1 DAGs
[2025-08-17T01:13:11.036+0000] {logging_mixin.py:188} INFO - [2025-08-17T01:13:11.036+0000] {dag.py:3947} INFO - Setting next_dagrun for example_task_group_decorator to 2025-08-16 00:00:00+00:00, run_after=2025-08-17 00:00:00+00:00
[2025-08-17T01:13:11.055+0000] {processor.py:183} INFO - Processing /home/airflow/.local/lib/python3.12/site-packages/airflow/example_dags/example_task_group_decorator.py took 0.103 seconds
[2025-08-17T01:13:41.300+0000] {processor.py:161} INFO - Started process (PID=1483) to work on /home/airflow/.local/lib/python3.12/site-packages/airflow/example_dags/example_task_group_decorator.py
[2025-08-17T01:13:41.301+0000] {processor.py:830} INFO - Processing file /home/airflow/.local/lib/python3.12/site-packages/airflow/example_dags/example_task_group_decorator.py for tasks to queue
[2025-08-17T01:13:41.304+0000] {logging_mixin.py:188} INFO - [2025-08-17T01:13:41.303+0000] {dagbag.py:545} INFO - Filling up the DagBag from /home/airflow/.local/lib/python3.12/site-packages/airflow/example_dags/example_task_group_decorator.py
[2025-08-17T01:13:41.317+0000] {processor.py:840} INFO - DAG(s) 'example_task_group_decorator' retrieved from /home/airflow/.local/lib/python3.12/site-packages/airflow/example_dags/example_task_group_decorator.py
[2025-08-17T01:13:41.347+0000] {logging_mixin.py:188} INFO - [2025-08-17T01:13:41.346+0000] {dag.py:3089} INFO - Sync 1 DAGs
[2025-08-17T01:13:41.367+0000] {logging_mixin.py:188} INFO - [2025-08-17T01:13:41.367+0000] {dag.py:3947} INFO - Setting next_dagrun for example_task_group_decorator to 2025-08-16 00:00:00+00:00, run_after=2025-08-17 00:00:00+00:00
[2025-08-17T01:13:41.384+0000] {processor.py:183} INFO - Processing /home/airflow/.local/lib/python3.12/site-packages/airflow/example_dags/example_task_group_decorator.py took 0.091 seconds
[2025-08-17T01:14:11.913+0000] {processor.py:161} INFO - Started process (PID=1542) to work on /home/airflow/.local/lib/python3.12/site-packages/airflow/example_dags/example_task_group_decorator.py
[2025-08-17T01:14:11.914+0000] {processor.py:830} INFO - Processing file /home/airflow/.local/lib/python3.12/site-packages/airflow/example_dags/example_task_group_decorator.py for tasks to queue
[2025-08-17T01:14:11.916+0000] {logging_mixin.py:188} INFO - [2025-08-17T01:14:11.916+0000] {dagbag.py:545} INFO - Filling up the DagBag from /home/airflow/.local/lib/python3.12/site-packages/airflow/example_dags/example_task_group_decorator.py
[2025-08-17T01:14:11.931+0000] {processor.py:840} INFO - DAG(s) 'example_task_group_decorator' retrieved from /home/airflow/.local/lib/python3.12/site-packages/airflow/example_dags/example_task_group_decorator.py
[2025-08-17T01:14:11.957+0000] {logging_mixin.py:188} INFO - [2025-08-17T01:14:11.957+0000] {dag.py:3089} INFO - Sync 1 DAGs
[2025-08-17T01:14:11.980+0000] {logging_mixin.py:188} INFO - [2025-08-17T01:14:11.980+0000] {dag.py:3947} INFO - Setting next_dagrun for example_task_group_decorator to 2025-08-16 00:00:00+00:00, run_after=2025-08-17 00:00:00+00:00
[2025-08-17T01:14:12.001+0000] {processor.py:183} INFO - Processing /home/airflow/.local/lib/python3.12/site-packages/airflow/example_dags/example_task_group_decorator.py took 0.094 seconds
[2025-08-17T01:14:42.292+0000] {processor.py:161} INFO - Started process (PID=1601) to work on /home/airflow/.local/lib/python3.12/site-packages/airflow/example_dags/example_task_group_decorator.py
[2025-08-17T01:14:42.293+0000] {processor.py:830} INFO - Processing file /home/airflow/.local/lib/python3.12/site-packages/airflow/example_dags/example_task_group_decorator.py for tasks to queue
[2025-08-17T01:14:42.296+0000] {logging_mixin.py:188} INFO - [2025-08-17T01:14:42.295+0000] {dagbag.py:545} INFO - Filling up the DagBag from /home/airflow/.local/lib/python3.12/site-packages/airflow/example_dags/example_task_group_decorator.py
[2025-08-17T01:14:42.312+0000] {processor.py:840} INFO - DAG(s) 'example_task_group_decorator' retrieved from /home/airflow/.local/lib/python3.12/site-packages/airflow/example_dags/example_task_group_decorator.py
[2025-08-17T01:14:42.341+0000] {logging_mixin.py:188} INFO - [2025-08-17T01:14:42.341+0000] {dag.py:3089} INFO - Sync 1 DAGs
[2025-08-17T01:14:42.367+0000] {logging_mixin.py:188} INFO - [2025-08-17T01:14:42.367+0000] {dag.py:3947} INFO - Setting next_dagrun for example_task_group_decorator to 2025-08-16 00:00:00+00:00, run_after=2025-08-17 00:00:00+00:00
[2025-08-17T01:14:42.545+0000] {processor.py:183} INFO - Processing /home/airflow/.local/lib/python3.12/site-packages/airflow/example_dags/example_task_group_decorator.py took 0.261 seconds
[2025-08-17T01:15:12.676+0000] {processor.py:161} INFO - Started process (PID=1660) to work on /home/airflow/.local/lib/python3.12/site-packages/airflow/example_dags/example_task_group_decorator.py
[2025-08-17T01:15:12.678+0000] {processor.py:830} INFO - Processing file /home/airflow/.local/lib/python3.12/site-packages/airflow/example_dags/example_task_group_decorator.py for tasks to queue
[2025-08-17T01:15:12.681+0000] {logging_mixin.py:188} INFO - [2025-08-17T01:15:12.681+0000] {dagbag.py:545} INFO - Filling up the DagBag from /home/airflow/.local/lib/python3.12/site-packages/airflow/example_dags/example_task_group_decorator.py
[2025-08-17T01:15:12.699+0000] {processor.py:840} INFO - DAG(s) 'example_task_group_decorator' retrieved from /home/airflow/.local/lib/python3.12/site-packages/airflow/example_dags/example_task_group_decorator.py
[2025-08-17T01:15:12.728+0000] {logging_mixin.py:188} INFO - [2025-08-17T01:15:12.728+0000] {dag.py:3089} INFO - Sync 1 DAGs
[2025-08-17T01:15:12.752+0000] {logging_mixin.py:188} INFO - [2025-08-17T01:15:12.751+0000] {dag.py:3947} INFO - Setting next_dagrun for example_task_group_decorator to 2025-08-16 00:00:00+00:00, run_after=2025-08-17 00:00:00+00:00
[2025-08-17T01:15:12.957+0000] {processor.py:183} INFO - Processing /home/airflow/.local/lib/python3.12/site-packages/airflow/example_dags/example_task_group_decorator.py took 0.289 seconds
[2025-08-17T01:15:43.080+0000] {processor.py:161} INFO - Started process (PID=1719) to work on /home/airflow/.local/lib/python3.12/site-packages/airflow/example_dags/example_task_group_decorator.py
[2025-08-17T01:15:43.082+0000] {processor.py:830} INFO - Processing file /home/airflow/.local/lib/python3.12/site-packages/airflow/example_dags/example_task_group_decorator.py for tasks to queue
[2025-08-17T01:15:43.084+0000] {logging_mixin.py:188} INFO - [2025-08-17T01:15:43.083+0000] {dagbag.py:545} INFO - Filling up the DagBag from /home/airflow/.local/lib/python3.12/site-packages/airflow/example_dags/example_task_group_decorator.py
[2025-08-17T01:15:43.097+0000] {processor.py:840} INFO - DAG(s) 'example_task_group_decorator' retrieved from /home/airflow/.local/lib/python3.12/site-packages/airflow/example_dags/example_task_group_decorator.py
[2025-08-17T01:15:43.126+0000] {logging_mixin.py:188} INFO - [2025-08-17T01:15:43.126+0000] {dag.py:3089} INFO - Sync 1 DAGs
[2025-08-17T01:15:43.151+0000] {logging_mixin.py:188} INFO - [2025-08-17T01:15:43.151+0000] {dag.py:3947} INFO - Setting next_dagrun for example_task_group_decorator to 2025-08-16 00:00:00+00:00, run_after=2025-08-17 00:00:00+00:00
[2025-08-17T01:15:43.172+0000] {processor.py:183} INFO - Processing /home/airflow/.local/lib/python3.12/site-packages/airflow/example_dags/example_task_group_decorator.py took 0.098 seconds
[2025-08-17T01:16:13.313+0000] {processor.py:161} INFO - Started process (PID=1778) to work on /home/airflow/.local/lib/python3.12/site-packages/airflow/example_dags/example_task_group_decorator.py
[2025-08-17T01:16:13.314+0000] {processor.py:830} INFO - Processing file /home/airflow/.local/lib/python3.12/site-packages/airflow/example_dags/example_task_group_decorator.py for tasks to queue
[2025-08-17T01:16:13.316+0000] {logging_mixin.py:188} INFO - [2025-08-17T01:16:13.316+0000] {dagbag.py:545} INFO - Filling up the DagBag from /home/airflow/.local/lib/python3.12/site-packages/airflow/example_dags/example_task_group_decorator.py
[2025-08-17T01:16:13.330+0000] {processor.py:840} INFO - DAG(s) 'example_task_group_decorator' retrieved from /home/airflow/.local/lib/python3.12/site-packages/airflow/example_dags/example_task_group_decorator.py
[2025-08-17T01:16:13.357+0000] {logging_mixin.py:188} INFO - [2025-08-17T01:16:13.357+0000] {dag.py:3089} INFO - Sync 1 DAGs
[2025-08-17T01:16:13.379+0000] {logging_mixin.py:188} INFO - [2025-08-17T01:16:13.379+0000] {dag.py:3947} INFO - Setting next_dagrun for example_task_group_decorator to 2025-08-16 00:00:00+00:00, run_after=2025-08-17 00:00:00+00:00
[2025-08-17T01:16:13.399+0000] {processor.py:183} INFO - Processing /home/airflow/.local/lib/python3.12/site-packages/airflow/example_dags/example_task_group_decorator.py took 0.092 seconds
[2025-08-17T01:17:35.945+0000] {processor.py:161} INFO - Started process (PID=64) to work on /home/airflow/.local/lib/python3.12/site-packages/airflow/example_dags/example_task_group_decorator.py
[2025-08-17T01:17:35.947+0000] {processor.py:830} INFO - Processing file /home/airflow/.local/lib/python3.12/site-packages/airflow/example_dags/example_task_group_decorator.py for tasks to queue
[2025-08-17T01:17:35.950+0000] {logging_mixin.py:188} INFO - [2025-08-17T01:17:35.950+0000] {dagbag.py:545} INFO - Filling up the DagBag from /home/airflow/.local/lib/python3.12/site-packages/airflow/example_dags/example_task_group_decorator.py
[2025-08-17T01:17:35.973+0000] {processor.py:840} INFO - DAG(s) 'example_task_group_decorator' retrieved from /home/airflow/.local/lib/python3.12/site-packages/airflow/example_dags/example_task_group_decorator.py
[2025-08-17T01:17:35.995+0000] {logging_mixin.py:188} INFO - [2025-08-17T01:17:35.994+0000] {dag.py:3089} INFO - Sync 1 DAGs
[2025-08-17T01:17:36.036+0000] {logging_mixin.py:188} INFO - [2025-08-17T01:17:36.036+0000] {dag.py:3947} INFO - Setting next_dagrun for example_task_group_decorator to 2025-08-16 00:00:00+00:00, run_after=2025-08-17 00:00:00+00:00
[2025-08-17T01:17:36.066+0000] {processor.py:183} INFO - Processing /home/airflow/.local/lib/python3.12/site-packages/airflow/example_dags/example_task_group_decorator.py took 0.130 seconds
[2025-08-17T01:18:06.337+0000] {processor.py:161} INFO - Started process (PID=123) to work on /home/airflow/.local/lib/python3.12/site-packages/airflow/example_dags/example_task_group_decorator.py
[2025-08-17T01:18:06.339+0000] {processor.py:830} INFO - Processing file /home/airflow/.local/lib/python3.12/site-packages/airflow/example_dags/example_task_group_decorator.py for tasks to queue
[2025-08-17T01:18:06.342+0000] {logging_mixin.py:188} INFO - [2025-08-17T01:18:06.342+0000] {dagbag.py:545} INFO - Filling up the DagBag from /home/airflow/.local/lib/python3.12/site-packages/airflow/example_dags/example_task_group_decorator.py
[2025-08-17T01:18:06.367+0000] {processor.py:840} INFO - DAG(s) 'example_task_group_decorator' retrieved from /home/airflow/.local/lib/python3.12/site-packages/airflow/example_dags/example_task_group_decorator.py
[2025-08-17T01:18:06.555+0000] {logging_mixin.py:188} INFO - [2025-08-17T01:18:06.555+0000] {dag.py:3089} INFO - Sync 1 DAGs
[2025-08-17T01:18:06.588+0000] {logging_mixin.py:188} INFO - [2025-08-17T01:18:06.588+0000] {dag.py:3947} INFO - Setting next_dagrun for example_task_group_decorator to 2025-08-16 00:00:00+00:00, run_after=2025-08-17 00:00:00+00:00
[2025-08-17T01:18:06.625+0000] {processor.py:183} INFO - Processing /home/airflow/.local/lib/python3.12/site-packages/airflow/example_dags/example_task_group_decorator.py took 0.312 seconds
[2025-08-17T01:18:37.067+0000] {processor.py:161} INFO - Started process (PID=182) to work on /home/airflow/.local/lib/python3.12/site-packages/airflow/example_dags/example_task_group_decorator.py
[2025-08-17T01:18:37.069+0000] {processor.py:830} INFO - Processing file /home/airflow/.local/lib/python3.12/site-packages/airflow/example_dags/example_task_group_decorator.py for tasks to queue
[2025-08-17T01:18:37.071+0000] {logging_mixin.py:188} INFO - [2025-08-17T01:18:37.071+0000] {dagbag.py:545} INFO - Filling up the DagBag from /home/airflow/.local/lib/python3.12/site-packages/airflow/example_dags/example_task_group_decorator.py
[2025-08-17T01:18:37.085+0000] {processor.py:840} INFO - DAG(s) 'example_task_group_decorator' retrieved from /home/airflow/.local/lib/python3.12/site-packages/airflow/example_dags/example_task_group_decorator.py
[2025-08-17T01:18:37.113+0000] {logging_mixin.py:188} INFO - [2025-08-17T01:18:37.113+0000] {dag.py:3089} INFO - Sync 1 DAGs
[2025-08-17T01:18:37.136+0000] {logging_mixin.py:188} INFO - [2025-08-17T01:18:37.136+0000] {dag.py:3947} INFO - Setting next_dagrun for example_task_group_decorator to 2025-08-16 00:00:00+00:00, run_after=2025-08-17 00:00:00+00:00
[2025-08-17T01:18:37.157+0000] {processor.py:183} INFO - Processing /home/airflow/.local/lib/python3.12/site-packages/airflow/example_dags/example_task_group_decorator.py took 0.096 seconds
[2025-08-17T01:19:07.320+0000] {processor.py:161} INFO - Started process (PID=241) to work on /home/airflow/.local/lib/python3.12/site-packages/airflow/example_dags/example_task_group_decorator.py
[2025-08-17T01:19:07.321+0000] {processor.py:830} INFO - Processing file /home/airflow/.local/lib/python3.12/site-packages/airflow/example_dags/example_task_group_decorator.py for tasks to queue
[2025-08-17T01:19:07.323+0000] {logging_mixin.py:188} INFO - [2025-08-17T01:19:07.323+0000] {dagbag.py:545} INFO - Filling up the DagBag from /home/airflow/.local/lib/python3.12/site-packages/airflow/example_dags/example_task_group_decorator.py
[2025-08-17T01:19:07.338+0000] {processor.py:840} INFO - DAG(s) 'example_task_group_decorator' retrieved from /home/airflow/.local/lib/python3.12/site-packages/airflow/example_dags/example_task_group_decorator.py
[2025-08-17T01:19:07.367+0000] {logging_mixin.py:188} INFO - [2025-08-17T01:19:07.367+0000] {dag.py:3089} INFO - Sync 1 DAGs
[2025-08-17T01:19:07.389+0000] {logging_mixin.py:188} INFO - [2025-08-17T01:19:07.389+0000] {dag.py:3947} INFO - Setting next_dagrun for example_task_group_decorator to 2025-08-16 00:00:00+00:00, run_after=2025-08-17 00:00:00+00:00
[2025-08-17T01:19:07.408+0000] {processor.py:183} INFO - Processing /home/airflow/.local/lib/python3.12/site-packages/airflow/example_dags/example_task_group_decorator.py took 0.095 seconds
[2025-08-17T01:19:37.527+0000] {processor.py:161} INFO - Started process (PID=300) to work on /home/airflow/.local/lib/python3.12/site-packages/airflow/example_dags/example_task_group_decorator.py
[2025-08-17T01:19:37.528+0000] {processor.py:830} INFO - Processing file /home/airflow/.local/lib/python3.12/site-packages/airflow/example_dags/example_task_group_decorator.py for tasks to queue
[2025-08-17T01:19:37.531+0000] {logging_mixin.py:188} INFO - [2025-08-17T01:19:37.531+0000] {dagbag.py:545} INFO - Filling up the DagBag from /home/airflow/.local/lib/python3.12/site-packages/airflow/example_dags/example_task_group_decorator.py
[2025-08-17T01:19:37.547+0000] {processor.py:840} INFO - DAG(s) 'example_task_group_decorator' retrieved from /home/airflow/.local/lib/python3.12/site-packages/airflow/example_dags/example_task_group_decorator.py
[2025-08-17T01:19:37.579+0000] {logging_mixin.py:188} INFO - [2025-08-17T01:19:37.579+0000] {dag.py:3089} INFO - Sync 1 DAGs
[2025-08-17T01:19:37.603+0000] {logging_mixin.py:188} INFO - [2025-08-17T01:19:37.603+0000] {dag.py:3947} INFO - Setting next_dagrun for example_task_group_decorator to 2025-08-16 00:00:00+00:00, run_after=2025-08-17 00:00:00+00:00
[2025-08-17T01:19:37.625+0000] {processor.py:183} INFO - Processing /home/airflow/.local/lib/python3.12/site-packages/airflow/example_dags/example_task_group_decorator.py took 0.105 seconds
[2025-08-17T01:20:07.723+0000] {processor.py:161} INFO - Started process (PID=359) to work on /home/airflow/.local/lib/python3.12/site-packages/airflow/example_dags/example_task_group_decorator.py
[2025-08-17T01:20:07.725+0000] {processor.py:830} INFO - Processing file /home/airflow/.local/lib/python3.12/site-packages/airflow/example_dags/example_task_group_decorator.py for tasks to queue
[2025-08-17T01:20:07.728+0000] {logging_mixin.py:188} INFO - [2025-08-17T01:20:07.727+0000] {dagbag.py:545} INFO - Filling up the DagBag from /home/airflow/.local/lib/python3.12/site-packages/airflow/example_dags/example_task_group_decorator.py
[2025-08-17T01:20:07.742+0000] {processor.py:840} INFO - DAG(s) 'example_task_group_decorator' retrieved from /home/airflow/.local/lib/python3.12/site-packages/airflow/example_dags/example_task_group_decorator.py
[2025-08-17T01:20:07.771+0000] {logging_mixin.py:188} INFO - [2025-08-17T01:20:07.770+0000] {dag.py:3089} INFO - Sync 1 DAGs
[2025-08-17T01:20:07.793+0000] {logging_mixin.py:188} INFO - [2025-08-17T01:20:07.793+0000] {dag.py:3947} INFO - Setting next_dagrun for example_task_group_decorator to 2025-08-16 00:00:00+00:00, run_after=2025-08-17 00:00:00+00:00
[2025-08-17T01:20:07.812+0000] {processor.py:183} INFO - Processing /home/airflow/.local/lib/python3.12/site-packages/airflow/example_dags/example_task_group_decorator.py took 0.095 seconds
[2025-08-17T01:20:38.104+0000] {processor.py:161} INFO - Started process (PID=419) to work on /home/airflow/.local/lib/python3.12/site-packages/airflow/example_dags/example_task_group_decorator.py
[2025-08-17T01:20:38.106+0000] {processor.py:830} INFO - Processing file /home/airflow/.local/lib/python3.12/site-packages/airflow/example_dags/example_task_group_decorator.py for tasks to queue
[2025-08-17T01:20:38.108+0000] {logging_mixin.py:188} INFO - [2025-08-17T01:20:38.108+0000] {dagbag.py:545} INFO - Filling up the DagBag from /home/airflow/.local/lib/python3.12/site-packages/airflow/example_dags/example_task_group_decorator.py
[2025-08-17T01:20:38.123+0000] {processor.py:840} INFO - DAG(s) 'example_task_group_decorator' retrieved from /home/airflow/.local/lib/python3.12/site-packages/airflow/example_dags/example_task_group_decorator.py
[2025-08-17T01:20:38.152+0000] {logging_mixin.py:188} INFO - [2025-08-17T01:20:38.152+0000] {dag.py:3089} INFO - Sync 1 DAGs
[2025-08-17T01:20:38.176+0000] {logging_mixin.py:188} INFO - [2025-08-17T01:20:38.176+0000] {dag.py:3947} INFO - Setting next_dagrun for example_task_group_decorator to 2025-08-16 00:00:00+00:00, run_after=2025-08-17 00:00:00+00:00
[2025-08-17T01:20:38.197+0000] {processor.py:183} INFO - Processing /home/airflow/.local/lib/python3.12/site-packages/airflow/example_dags/example_task_group_decorator.py took 0.099 seconds
[2025-08-17T01:21:08.740+0000] {processor.py:161} INFO - Started process (PID=479) to work on /home/airflow/.local/lib/python3.12/site-packages/airflow/example_dags/example_task_group_decorator.py
[2025-08-17T01:21:08.741+0000] {processor.py:830} INFO - Processing file /home/airflow/.local/lib/python3.12/site-packages/airflow/example_dags/example_task_group_decorator.py for tasks to queue
[2025-08-17T01:21:08.744+0000] {logging_mixin.py:188} INFO - [2025-08-17T01:21:08.743+0000] {dagbag.py:545} INFO - Filling up the DagBag from /home/airflow/.local/lib/python3.12/site-packages/airflow/example_dags/example_task_group_decorator.py
[2025-08-17T01:21:08.757+0000] {processor.py:840} INFO - DAG(s) 'example_task_group_decorator' retrieved from /home/airflow/.local/lib/python3.12/site-packages/airflow/example_dags/example_task_group_decorator.py
[2025-08-17T01:21:08.786+0000] {logging_mixin.py:188} INFO - [2025-08-17T01:21:08.786+0000] {dag.py:3089} INFO - Sync 1 DAGs
[2025-08-17T01:21:08.809+0000] {logging_mixin.py:188} INFO - [2025-08-17T01:21:08.809+0000] {dag.py:3947} INFO - Setting next_dagrun for example_task_group_decorator to 2025-08-16 00:00:00+00:00, run_after=2025-08-17 00:00:00+00:00
[2025-08-17T01:21:08.832+0000] {processor.py:183} INFO - Processing /home/airflow/.local/lib/python3.12/site-packages/airflow/example_dags/example_task_group_decorator.py took 0.098 seconds
[2025-08-17T01:21:38.893+0000] {processor.py:161} INFO - Started process (PID=538) to work on /home/airflow/.local/lib/python3.12/site-packages/airflow/example_dags/example_task_group_decorator.py
[2025-08-17T01:21:38.895+0000] {processor.py:830} INFO - Processing file /home/airflow/.local/lib/python3.12/site-packages/airflow/example_dags/example_task_group_decorator.py for tasks to queue
[2025-08-17T01:21:38.898+0000] {logging_mixin.py:188} INFO - [2025-08-17T01:21:38.897+0000] {dagbag.py:545} INFO - Filling up the DagBag from /home/airflow/.local/lib/python3.12/site-packages/airflow/example_dags/example_task_group_decorator.py
[2025-08-17T01:21:38.913+0000] {processor.py:840} INFO - DAG(s) 'example_task_group_decorator' retrieved from /home/airflow/.local/lib/python3.12/site-packages/airflow/example_dags/example_task_group_decorator.py
[2025-08-17T01:21:38.941+0000] {logging_mixin.py:188} INFO - [2025-08-17T01:21:38.940+0000] {dag.py:3089} INFO - Sync 1 DAGs
[2025-08-17T01:21:38.962+0000] {logging_mixin.py:188} INFO - [2025-08-17T01:21:38.962+0000] {dag.py:3947} INFO - Setting next_dagrun for example_task_group_decorator to 2025-08-16 00:00:00+00:00, run_after=2025-08-17 00:00:00+00:00
[2025-08-17T01:21:38.983+0000] {processor.py:183} INFO - Processing /home/airflow/.local/lib/python3.12/site-packages/airflow/example_dags/example_task_group_decorator.py took 0.096 seconds
[2025-08-17T01:22:09.259+0000] {processor.py:161} INFO - Started process (PID=597) to work on /home/airflow/.local/lib/python3.12/site-packages/airflow/example_dags/example_task_group_decorator.py
[2025-08-17T01:22:09.260+0000] {processor.py:830} INFO - Processing file /home/airflow/.local/lib/python3.12/site-packages/airflow/example_dags/example_task_group_decorator.py for tasks to queue
[2025-08-17T01:22:09.263+0000] {logging_mixin.py:188} INFO - [2025-08-17T01:22:09.262+0000] {dagbag.py:545} INFO - Filling up the DagBag from /home/airflow/.local/lib/python3.12/site-packages/airflow/example_dags/example_task_group_decorator.py
[2025-08-17T01:22:09.278+0000] {processor.py:840} INFO - DAG(s) 'example_task_group_decorator' retrieved from /home/airflow/.local/lib/python3.12/site-packages/airflow/example_dags/example_task_group_decorator.py
[2025-08-17T01:22:09.310+0000] {logging_mixin.py:188} INFO - [2025-08-17T01:22:09.310+0000] {dag.py:3089} INFO - Sync 1 DAGs
[2025-08-17T01:22:09.335+0000] {logging_mixin.py:188} INFO - [2025-08-17T01:22:09.334+0000] {dag.py:3947} INFO - Setting next_dagrun for example_task_group_decorator to 2025-08-16 00:00:00+00:00, run_after=2025-08-17 00:00:00+00:00
[2025-08-17T01:22:09.353+0000] {processor.py:183} INFO - Processing /home/airflow/.local/lib/python3.12/site-packages/airflow/example_dags/example_task_group_decorator.py took 0.101 seconds
[2025-08-17T01:22:39.701+0000] {processor.py:161} INFO - Started process (PID=656) to work on /home/airflow/.local/lib/python3.12/site-packages/airflow/example_dags/example_task_group_decorator.py
[2025-08-17T01:22:39.703+0000] {processor.py:830} INFO - Processing file /home/airflow/.local/lib/python3.12/site-packages/airflow/example_dags/example_task_group_decorator.py for tasks to queue
[2025-08-17T01:22:39.706+0000] {logging_mixin.py:188} INFO - [2025-08-17T01:22:39.705+0000] {dagbag.py:545} INFO - Filling up the DagBag from /home/airflow/.local/lib/python3.12/site-packages/airflow/example_dags/example_task_group_decorator.py
[2025-08-17T01:22:39.721+0000] {processor.py:840} INFO - DAG(s) 'example_task_group_decorator' retrieved from /home/airflow/.local/lib/python3.12/site-packages/airflow/example_dags/example_task_group_decorator.py
[2025-08-17T01:22:39.750+0000] {logging_mixin.py:188} INFO - [2025-08-17T01:22:39.750+0000] {dag.py:3089} INFO - Sync 1 DAGs
[2025-08-17T01:22:39.773+0000] {logging_mixin.py:188} INFO - [2025-08-17T01:22:39.773+0000] {dag.py:3947} INFO - Setting next_dagrun for example_task_group_decorator to 2025-08-16 00:00:00+00:00, run_after=2025-08-17 00:00:00+00:00
[2025-08-17T01:22:39.797+0000] {processor.py:183} INFO - Processing /home/airflow/.local/lib/python3.12/site-packages/airflow/example_dags/example_task_group_decorator.py took 0.102 seconds
[2025-08-17T01:23:09.939+0000] {processor.py:161} INFO - Started process (PID=715) to work on /home/airflow/.local/lib/python3.12/site-packages/airflow/example_dags/example_task_group_decorator.py
[2025-08-17T01:23:09.940+0000] {processor.py:830} INFO - Processing file /home/airflow/.local/lib/python3.12/site-packages/airflow/example_dags/example_task_group_decorator.py for tasks to queue
[2025-08-17T01:23:09.942+0000] {logging_mixin.py:188} INFO - [2025-08-17T01:23:09.942+0000] {dagbag.py:545} INFO - Filling up the DagBag from /home/airflow/.local/lib/python3.12/site-packages/airflow/example_dags/example_task_group_decorator.py
[2025-08-17T01:23:09.954+0000] {processor.py:840} INFO - DAG(s) 'example_task_group_decorator' retrieved from /home/airflow/.local/lib/python3.12/site-packages/airflow/example_dags/example_task_group_decorator.py
[2025-08-17T01:23:09.977+0000] {logging_mixin.py:188} INFO - [2025-08-17T01:23:09.977+0000] {dag.py:3089} INFO - Sync 1 DAGs
[2025-08-17T01:23:09.996+0000] {logging_mixin.py:188} INFO - [2025-08-17T01:23:09.996+0000] {dag.py:3947} INFO - Setting next_dagrun for example_task_group_decorator to 2025-08-16 00:00:00+00:00, run_after=2025-08-17 00:00:00+00:00
[2025-08-17T01:23:10.013+0000] {processor.py:183} INFO - Processing /home/airflow/.local/lib/python3.12/site-packages/airflow/example_dags/example_task_group_decorator.py took 0.080 seconds
[2025-08-17T01:23:40.607+0000] {processor.py:161} INFO - Started process (PID=774) to work on /home/airflow/.local/lib/python3.12/site-packages/airflow/example_dags/example_task_group_decorator.py
[2025-08-17T01:23:40.609+0000] {processor.py:830} INFO - Processing file /home/airflow/.local/lib/python3.12/site-packages/airflow/example_dags/example_task_group_decorator.py for tasks to queue
[2025-08-17T01:23:40.613+0000] {logging_mixin.py:188} INFO - [2025-08-17T01:23:40.612+0000] {dagbag.py:545} INFO - Filling up the DagBag from /home/airflow/.local/lib/python3.12/site-packages/airflow/example_dags/example_task_group_decorator.py
[2025-08-17T01:23:40.642+0000] {processor.py:840} INFO - DAG(s) 'example_task_group_decorator' retrieved from /home/airflow/.local/lib/python3.12/site-packages/airflow/example_dags/example_task_group_decorator.py
[2025-08-17T01:23:40.678+0000] {logging_mixin.py:188} INFO - [2025-08-17T01:23:40.677+0000] {dag.py:3089} INFO - Sync 1 DAGs
[2025-08-17T01:23:40.705+0000] {logging_mixin.py:188} INFO - [2025-08-17T01:23:40.705+0000] {dag.py:3947} INFO - Setting next_dagrun for example_task_group_decorator to 2025-08-16 00:00:00+00:00, run_after=2025-08-17 00:00:00+00:00
[2025-08-17T01:23:40.732+0000] {processor.py:183} INFO - Processing /home/airflow/.local/lib/python3.12/site-packages/airflow/example_dags/example_task_group_decorator.py took 0.137 seconds
[2025-08-17T01:24:11.033+0000] {processor.py:161} INFO - Started process (PID=839) to work on /home/airflow/.local/lib/python3.12/site-packages/airflow/example_dags/example_task_group_decorator.py
[2025-08-17T01:24:11.034+0000] {processor.py:830} INFO - Processing file /home/airflow/.local/lib/python3.12/site-packages/airflow/example_dags/example_task_group_decorator.py for tasks to queue
[2025-08-17T01:24:11.037+0000] {logging_mixin.py:188} INFO - [2025-08-17T01:24:11.036+0000] {dagbag.py:545} INFO - Filling up the DagBag from /home/airflow/.local/lib/python3.12/site-packages/airflow/example_dags/example_task_group_decorator.py
[2025-08-17T01:24:11.050+0000] {processor.py:840} INFO - DAG(s) 'example_task_group_decorator' retrieved from /home/airflow/.local/lib/python3.12/site-packages/airflow/example_dags/example_task_group_decorator.py
[2025-08-17T01:24:11.075+0000] {logging_mixin.py:188} INFO - [2025-08-17T01:24:11.074+0000] {dag.py:3089} INFO - Sync 1 DAGs
[2025-08-17T01:24:11.095+0000] {logging_mixin.py:188} INFO - [2025-08-17T01:24:11.095+0000] {dag.py:3947} INFO - Setting next_dagrun for example_task_group_decorator to 2025-08-16 00:00:00+00:00, run_after=2025-08-17 00:00:00+00:00
[2025-08-17T01:24:11.112+0000] {processor.py:183} INFO - Processing /home/airflow/.local/lib/python3.12/site-packages/airflow/example_dags/example_task_group_decorator.py took 0.086 seconds
[2025-08-17T01:24:41.280+0000] {processor.py:161} INFO - Started process (PID=898) to work on /home/airflow/.local/lib/python3.12/site-packages/airflow/example_dags/example_task_group_decorator.py
[2025-08-17T01:24:41.282+0000] {processor.py:830} INFO - Processing file /home/airflow/.local/lib/python3.12/site-packages/airflow/example_dags/example_task_group_decorator.py for tasks to queue
[2025-08-17T01:24:41.284+0000] {logging_mixin.py:188} INFO - [2025-08-17T01:24:41.284+0000] {dagbag.py:545} INFO - Filling up the DagBag from /home/airflow/.local/lib/python3.12/site-packages/airflow/example_dags/example_task_group_decorator.py
[2025-08-17T01:24:41.300+0000] {processor.py:840} INFO - DAG(s) 'example_task_group_decorator' retrieved from /home/airflow/.local/lib/python3.12/site-packages/airflow/example_dags/example_task_group_decorator.py
[2025-08-17T01:24:41.328+0000] {logging_mixin.py:188} INFO - [2025-08-17T01:24:41.328+0000] {dag.py:3089} INFO - Sync 1 DAGs
[2025-08-17T01:24:41.350+0000] {logging_mixin.py:188} INFO - [2025-08-17T01:24:41.350+0000] {dag.py:3947} INFO - Setting next_dagrun for example_task_group_decorator to 2025-08-16 00:00:00+00:00, run_after=2025-08-17 00:00:00+00:00
[2025-08-17T01:24:41.371+0000] {processor.py:183} INFO - Processing /home/airflow/.local/lib/python3.12/site-packages/airflow/example_dags/example_task_group_decorator.py took 0.097 seconds
[2025-08-17T01:25:11.553+0000] {processor.py:161} INFO - Started process (PID=957) to work on /home/airflow/.local/lib/python3.12/site-packages/airflow/example_dags/example_task_group_decorator.py
[2025-08-17T01:25:11.554+0000] {processor.py:830} INFO - Processing file /home/airflow/.local/lib/python3.12/site-packages/airflow/example_dags/example_task_group_decorator.py for tasks to queue
[2025-08-17T01:25:11.557+0000] {logging_mixin.py:188} INFO - [2025-08-17T01:25:11.557+0000] {dagbag.py:545} INFO - Filling up the DagBag from /home/airflow/.local/lib/python3.12/site-packages/airflow/example_dags/example_task_group_decorator.py
[2025-08-17T01:25:11.572+0000] {processor.py:840} INFO - DAG(s) 'example_task_group_decorator' retrieved from /home/airflow/.local/lib/python3.12/site-packages/airflow/example_dags/example_task_group_decorator.py
[2025-08-17T01:25:11.606+0000] {logging_mixin.py:188} INFO - [2025-08-17T01:25:11.605+0000] {dag.py:3089} INFO - Sync 1 DAGs
[2025-08-17T01:25:11.633+0000] {logging_mixin.py:188} INFO - [2025-08-17T01:25:11.633+0000] {dag.py:3947} INFO - Setting next_dagrun for example_task_group_decorator to 2025-08-16 00:00:00+00:00, run_after=2025-08-17 00:00:00+00:00
[2025-08-17T01:25:11.655+0000] {processor.py:183} INFO - Processing /home/airflow/.local/lib/python3.12/site-packages/airflow/example_dags/example_task_group_decorator.py took 0.108 seconds
[2025-08-17T01:26:37.542+0000] {processor.py:161} INFO - Started process (PID=64) to work on /home/airflow/.local/lib/python3.12/site-packages/airflow/example_dags/example_task_group_decorator.py
[2025-08-17T01:26:37.544+0000] {processor.py:830} INFO - Processing file /home/airflow/.local/lib/python3.12/site-packages/airflow/example_dags/example_task_group_decorator.py for tasks to queue
[2025-08-17T01:26:37.549+0000] {logging_mixin.py:188} INFO - [2025-08-17T01:26:37.548+0000] {dagbag.py:545} INFO - Filling up the DagBag from /home/airflow/.local/lib/python3.12/site-packages/airflow/example_dags/example_task_group_decorator.py
[2025-08-17T01:26:37.587+0000] {processor.py:840} INFO - DAG(s) 'example_task_group_decorator' retrieved from /home/airflow/.local/lib/python3.12/site-packages/airflow/example_dags/example_task_group_decorator.py
[2025-08-17T01:26:37.610+0000] {logging_mixin.py:188} INFO - [2025-08-17T01:26:37.610+0000] {dag.py:3089} INFO - Sync 1 DAGs
[2025-08-17T01:26:37.648+0000] {logging_mixin.py:188} INFO - [2025-08-17T01:26:37.648+0000] {dag.py:3947} INFO - Setting next_dagrun for example_task_group_decorator to 2025-08-16 00:00:00+00:00, run_after=2025-08-17 00:00:00+00:00
[2025-08-17T01:26:37.676+0000] {processor.py:183} INFO - Processing /home/airflow/.local/lib/python3.12/site-packages/airflow/example_dags/example_task_group_decorator.py took 0.146 seconds
[2025-08-17T01:27:07.845+0000] {processor.py:161} INFO - Started process (PID=123) to work on /home/airflow/.local/lib/python3.12/site-packages/airflow/example_dags/example_task_group_decorator.py
[2025-08-17T01:27:07.846+0000] {processor.py:830} INFO - Processing file /home/airflow/.local/lib/python3.12/site-packages/airflow/example_dags/example_task_group_decorator.py for tasks to queue
[2025-08-17T01:27:07.848+0000] {logging_mixin.py:188} INFO - [2025-08-17T01:27:07.848+0000] {dagbag.py:545} INFO - Filling up the DagBag from /home/airflow/.local/lib/python3.12/site-packages/airflow/example_dags/example_task_group_decorator.py
[2025-08-17T01:27:07.862+0000] {processor.py:840} INFO - DAG(s) 'example_task_group_decorator' retrieved from /home/airflow/.local/lib/python3.12/site-packages/airflow/example_dags/example_task_group_decorator.py
[2025-08-17T01:27:07.877+0000] {logging_mixin.py:188} INFO - [2025-08-17T01:27:07.877+0000] {dag.py:3089} INFO - Sync 1 DAGs
[2025-08-17T01:27:07.904+0000] {logging_mixin.py:188} INFO - [2025-08-17T01:27:07.904+0000] {dag.py:3947} INFO - Setting next_dagrun for example_task_group_decorator to 2025-08-16 00:00:00+00:00, run_after=2025-08-17 00:00:00+00:00
[2025-08-17T01:27:07.924+0000] {processor.py:183} INFO - Processing /home/airflow/.local/lib/python3.12/site-packages/airflow/example_dags/example_task_group_decorator.py took 0.085 seconds
[2025-08-17T01:27:38.513+0000] {processor.py:161} INFO - Started process (PID=182) to work on /home/airflow/.local/lib/python3.12/site-packages/airflow/example_dags/example_task_group_decorator.py
[2025-08-17T01:27:38.515+0000] {processor.py:830} INFO - Processing file /home/airflow/.local/lib/python3.12/site-packages/airflow/example_dags/example_task_group_decorator.py for tasks to queue
[2025-08-17T01:27:38.517+0000] {logging_mixin.py:188} INFO - [2025-08-17T01:27:38.517+0000] {dagbag.py:545} INFO - Filling up the DagBag from /home/airflow/.local/lib/python3.12/site-packages/airflow/example_dags/example_task_group_decorator.py
[2025-08-17T01:27:38.534+0000] {processor.py:840} INFO - DAG(s) 'example_task_group_decorator' retrieved from /home/airflow/.local/lib/python3.12/site-packages/airflow/example_dags/example_task_group_decorator.py
[2025-08-17T01:27:38.658+0000] {logging_mixin.py:188} INFO - [2025-08-17T01:27:38.658+0000] {dag.py:3089} INFO - Sync 1 DAGs
[2025-08-17T01:27:38.680+0000] {logging_mixin.py:188} INFO - [2025-08-17T01:27:38.680+0000] {dag.py:3947} INFO - Setting next_dagrun for example_task_group_decorator to 2025-08-16 00:00:00+00:00, run_after=2025-08-17 00:00:00+00:00
[2025-08-17T01:27:38.706+0000] {processor.py:183} INFO - Processing /home/airflow/.local/lib/python3.12/site-packages/airflow/example_dags/example_task_group_decorator.py took 0.201 seconds
[2025-08-17T01:28:09.106+0000] {processor.py:161} INFO - Started process (PID=241) to work on /home/airflow/.local/lib/python3.12/site-packages/airflow/example_dags/example_task_group_decorator.py
[2025-08-17T01:28:09.107+0000] {processor.py:830} INFO - Processing file /home/airflow/.local/lib/python3.12/site-packages/airflow/example_dags/example_task_group_decorator.py for tasks to queue
[2025-08-17T01:28:09.109+0000] {logging_mixin.py:188} INFO - [2025-08-17T01:28:09.109+0000] {dagbag.py:545} INFO - Filling up the DagBag from /home/airflow/.local/lib/python3.12/site-packages/airflow/example_dags/example_task_group_decorator.py
[2025-08-17T01:28:09.124+0000] {processor.py:840} INFO - DAG(s) 'example_task_group_decorator' retrieved from /home/airflow/.local/lib/python3.12/site-packages/airflow/example_dags/example_task_group_decorator.py
[2025-08-17T01:28:09.150+0000] {logging_mixin.py:188} INFO - [2025-08-17T01:28:09.150+0000] {dag.py:3089} INFO - Sync 1 DAGs
[2025-08-17T01:28:09.171+0000] {logging_mixin.py:188} INFO - [2025-08-17T01:28:09.171+0000] {dag.py:3947} INFO - Setting next_dagrun for example_task_group_decorator to 2025-08-16 00:00:00+00:00, run_after=2025-08-17 00:00:00+00:00
[2025-08-17T01:28:09.193+0000] {processor.py:183} INFO - Processing /home/airflow/.local/lib/python3.12/site-packages/airflow/example_dags/example_task_group_decorator.py took 0.092 seconds
[2025-08-17T01:28:39.415+0000] {processor.py:161} INFO - Started process (PID=300) to work on /home/airflow/.local/lib/python3.12/site-packages/airflow/example_dags/example_task_group_decorator.py
[2025-08-17T01:28:39.416+0000] {processor.py:830} INFO - Processing file /home/airflow/.local/lib/python3.12/site-packages/airflow/example_dags/example_task_group_decorator.py for tasks to queue
[2025-08-17T01:28:39.418+0000] {logging_mixin.py:188} INFO - [2025-08-17T01:28:39.418+0000] {dagbag.py:545} INFO - Filling up the DagBag from /home/airflow/.local/lib/python3.12/site-packages/airflow/example_dags/example_task_group_decorator.py
[2025-08-17T01:28:39.434+0000] {processor.py:840} INFO - DAG(s) 'example_task_group_decorator' retrieved from /home/airflow/.local/lib/python3.12/site-packages/airflow/example_dags/example_task_group_decorator.py
[2025-08-17T01:28:39.462+0000] {logging_mixin.py:188} INFO - [2025-08-17T01:28:39.462+0000] {dag.py:3089} INFO - Sync 1 DAGs
[2025-08-17T01:28:39.485+0000] {logging_mixin.py:188} INFO - [2025-08-17T01:28:39.485+0000] {dag.py:3947} INFO - Setting next_dagrun for example_task_group_decorator to 2025-08-16 00:00:00+00:00, run_after=2025-08-17 00:00:00+00:00
[2025-08-17T01:28:39.507+0000] {processor.py:183} INFO - Processing /home/airflow/.local/lib/python3.12/site-packages/airflow/example_dags/example_task_group_decorator.py took 0.098 seconds
[2025-08-17T01:29:09.989+0000] {processor.py:161} INFO - Started process (PID=359) to work on /home/airflow/.local/lib/python3.12/site-packages/airflow/example_dags/example_task_group_decorator.py
[2025-08-17T01:29:09.991+0000] {processor.py:830} INFO - Processing file /home/airflow/.local/lib/python3.12/site-packages/airflow/example_dags/example_task_group_decorator.py for tasks to queue
[2025-08-17T01:29:09.994+0000] {logging_mixin.py:188} INFO - [2025-08-17T01:29:09.994+0000] {dagbag.py:545} INFO - Filling up the DagBag from /home/airflow/.local/lib/python3.12/site-packages/airflow/example_dags/example_task_group_decorator.py
[2025-08-17T01:29:10.011+0000] {processor.py:840} INFO - DAG(s) 'example_task_group_decorator' retrieved from /home/airflow/.local/lib/python3.12/site-packages/airflow/example_dags/example_task_group_decorator.py
[2025-08-17T01:29:10.042+0000] {logging_mixin.py:188} INFO - [2025-08-17T01:29:10.041+0000] {dag.py:3089} INFO - Sync 1 DAGs
[2025-08-17T01:29:10.067+0000] {logging_mixin.py:188} INFO - [2025-08-17T01:29:10.067+0000] {dag.py:3947} INFO - Setting next_dagrun for example_task_group_decorator to 2025-08-16 00:00:00+00:00, run_after=2025-08-17 00:00:00+00:00
[2025-08-17T01:29:10.090+0000] {processor.py:183} INFO - Processing /home/airflow/.local/lib/python3.12/site-packages/airflow/example_dags/example_task_group_decorator.py took 0.108 seconds
[2025-08-17T01:29:40.603+0000] {processor.py:161} INFO - Started process (PID=420) to work on /home/airflow/.local/lib/python3.12/site-packages/airflow/example_dags/example_task_group_decorator.py
[2025-08-17T01:29:40.605+0000] {processor.py:830} INFO - Processing file /home/airflow/.local/lib/python3.12/site-packages/airflow/example_dags/example_task_group_decorator.py for tasks to queue
[2025-08-17T01:29:40.609+0000] {logging_mixin.py:188} INFO - [2025-08-17T01:29:40.608+0000] {dagbag.py:545} INFO - Filling up the DagBag from /home/airflow/.local/lib/python3.12/site-packages/airflow/example_dags/example_task_group_decorator.py
[2025-08-17T01:29:40.623+0000] {processor.py:840} INFO - DAG(s) 'example_task_group_decorator' retrieved from /home/airflow/.local/lib/python3.12/site-packages/airflow/example_dags/example_task_group_decorator.py
[2025-08-17T01:29:40.653+0000] {logging_mixin.py:188} INFO - [2025-08-17T01:29:40.653+0000] {dag.py:3089} INFO - Sync 1 DAGs
[2025-08-17T01:29:40.676+0000] {logging_mixin.py:188} INFO - [2025-08-17T01:29:40.676+0000] {dag.py:3947} INFO - Setting next_dagrun for example_task_group_decorator to 2025-08-16 00:00:00+00:00, run_after=2025-08-17 00:00:00+00:00
[2025-08-17T01:29:40.698+0000] {processor.py:183} INFO - Processing /home/airflow/.local/lib/python3.12/site-packages/airflow/example_dags/example_task_group_decorator.py took 0.102 seconds
[2025-08-17T01:30:11.275+0000] {processor.py:161} INFO - Started process (PID=485) to work on /home/airflow/.local/lib/python3.12/site-packages/airflow/example_dags/example_task_group_decorator.py
[2025-08-17T01:30:11.277+0000] {processor.py:830} INFO - Processing file /home/airflow/.local/lib/python3.12/site-packages/airflow/example_dags/example_task_group_decorator.py for tasks to queue
[2025-08-17T01:30:11.279+0000] {logging_mixin.py:188} INFO - [2025-08-17T01:30:11.279+0000] {dagbag.py:545} INFO - Filling up the DagBag from /home/airflow/.local/lib/python3.12/site-packages/airflow/example_dags/example_task_group_decorator.py
[2025-08-17T01:30:11.294+0000] {processor.py:840} INFO - DAG(s) 'example_task_group_decorator' retrieved from /home/airflow/.local/lib/python3.12/site-packages/airflow/example_dags/example_task_group_decorator.py
[2025-08-17T01:30:11.321+0000] {logging_mixin.py:188} INFO - [2025-08-17T01:30:11.320+0000] {dag.py:3089} INFO - Sync 1 DAGs
[2025-08-17T01:30:11.343+0000] {logging_mixin.py:188} INFO - [2025-08-17T01:30:11.343+0000] {dag.py:3947} INFO - Setting next_dagrun for example_task_group_decorator to 2025-08-16 00:00:00+00:00, run_after=2025-08-17 00:00:00+00:00
[2025-08-17T01:30:11.364+0000] {processor.py:183} INFO - Processing /home/airflow/.local/lib/python3.12/site-packages/airflow/example_dags/example_task_group_decorator.py took 0.095 seconds
[2025-08-17T01:30:41.713+0000] {processor.py:161} INFO - Started process (PID=544) to work on /home/airflow/.local/lib/python3.12/site-packages/airflow/example_dags/example_task_group_decorator.py
[2025-08-17T01:30:41.715+0000] {processor.py:830} INFO - Processing file /home/airflow/.local/lib/python3.12/site-packages/airflow/example_dags/example_task_group_decorator.py for tasks to queue
[2025-08-17T01:30:41.717+0000] {logging_mixin.py:188} INFO - [2025-08-17T01:30:41.717+0000] {dagbag.py:545} INFO - Filling up the DagBag from /home/airflow/.local/lib/python3.12/site-packages/airflow/example_dags/example_task_group_decorator.py
[2025-08-17T01:30:41.731+0000] {processor.py:840} INFO - DAG(s) 'example_task_group_decorator' retrieved from /home/airflow/.local/lib/python3.12/site-packages/airflow/example_dags/example_task_group_decorator.py
[2025-08-17T01:30:41.760+0000] {logging_mixin.py:188} INFO - [2025-08-17T01:30:41.759+0000] {dag.py:3089} INFO - Sync 1 DAGs
[2025-08-17T01:30:41.782+0000] {logging_mixin.py:188} INFO - [2025-08-17T01:30:41.782+0000] {dag.py:3947} INFO - Setting next_dagrun for example_task_group_decorator to 2025-08-16 00:00:00+00:00, run_after=2025-08-17 00:00:00+00:00
[2025-08-17T01:30:41.803+0000] {processor.py:183} INFO - Processing /home/airflow/.local/lib/python3.12/site-packages/airflow/example_dags/example_task_group_decorator.py took 0.096 seconds
[2025-08-17T01:31:12.075+0000] {processor.py:161} INFO - Started process (PID=603) to work on /home/airflow/.local/lib/python3.12/site-packages/airflow/example_dags/example_task_group_decorator.py
[2025-08-17T01:31:12.077+0000] {processor.py:830} INFO - Processing file /home/airflow/.local/lib/python3.12/site-packages/airflow/example_dags/example_task_group_decorator.py for tasks to queue
[2025-08-17T01:31:12.079+0000] {logging_mixin.py:188} INFO - [2025-08-17T01:31:12.079+0000] {dagbag.py:545} INFO - Filling up the DagBag from /home/airflow/.local/lib/python3.12/site-packages/airflow/example_dags/example_task_group_decorator.py
[2025-08-17T01:31:12.092+0000] {processor.py:840} INFO - DAG(s) 'example_task_group_decorator' retrieved from /home/airflow/.local/lib/python3.12/site-packages/airflow/example_dags/example_task_group_decorator.py
[2025-08-17T01:31:12.128+0000] {logging_mixin.py:188} INFO - [2025-08-17T01:31:12.127+0000] {dag.py:3089} INFO - Sync 1 DAGs
[2025-08-17T01:31:12.161+0000] {logging_mixin.py:188} INFO - [2025-08-17T01:31:12.160+0000] {dag.py:3947} INFO - Setting next_dagrun for example_task_group_decorator to 2025-08-16 00:00:00+00:00, run_after=2025-08-17 00:00:00+00:00
[2025-08-17T01:31:12.187+0000] {processor.py:183} INFO - Processing /home/airflow/.local/lib/python3.12/site-packages/airflow/example_dags/example_task_group_decorator.py took 0.117 seconds
[2025-08-17T01:31:42.649+0000] {processor.py:161} INFO - Started process (PID=665) to work on /home/airflow/.local/lib/python3.12/site-packages/airflow/example_dags/example_task_group_decorator.py
[2025-08-17T01:31:42.650+0000] {processor.py:830} INFO - Processing file /home/airflow/.local/lib/python3.12/site-packages/airflow/example_dags/example_task_group_decorator.py for tasks to queue
[2025-08-17T01:31:42.653+0000] {logging_mixin.py:188} INFO - [2025-08-17T01:31:42.652+0000] {dagbag.py:545} INFO - Filling up the DagBag from /home/airflow/.local/lib/python3.12/site-packages/airflow/example_dags/example_task_group_decorator.py
[2025-08-17T01:31:42.669+0000] {processor.py:840} INFO - DAG(s) 'example_task_group_decorator' retrieved from /home/airflow/.local/lib/python3.12/site-packages/airflow/example_dags/example_task_group_decorator.py
[2025-08-17T01:31:42.700+0000] {logging_mixin.py:188} INFO - [2025-08-17T01:31:42.699+0000] {dag.py:3089} INFO - Sync 1 DAGs
[2025-08-17T01:31:42.730+0000] {logging_mixin.py:188} INFO - [2025-08-17T01:31:42.729+0000] {dag.py:3947} INFO - Setting next_dagrun for example_task_group_decorator to 2025-08-16 00:00:00+00:00, run_after=2025-08-17 00:00:00+00:00
[2025-08-17T01:31:42.760+0000] {processor.py:183} INFO - Processing /home/airflow/.local/lib/python3.12/site-packages/airflow/example_dags/example_task_group_decorator.py took 0.117 seconds
