[2025-08-17T00:53:33.993+0000] {processor.py:161} INFO - Started process (PID=86) to work on /home/airflow/.local/lib/python3.12/site-packages/airflow/example_dags/example_setup_teardown_taskflow.py
[2025-08-17T00:53:33.995+0000] {processor.py:830} INFO - Processing file /home/airflow/.local/lib/python3.12/site-packages/airflow/example_dags/example_setup_teardown_taskflow.py for tasks to queue
[2025-08-17T00:53:33.998+0000] {logging_mixin.py:188} INFO - [2025-08-17T00:53:33.997+0000] {dagbag.py:545} INFO - Filling up the DagBag from /home/airflow/.local/lib/python3.12/site-packages/airflow/example_dags/example_setup_teardown_taskflow.py
[2025-08-17T00:53:34.021+0000] {processor.py:840} INFO - DAG(s) 'example_setup_teardown_taskflow' retrieved from /home/airflow/.local/lib/python3.12/site-packages/airflow/example_dags/example_setup_teardown_taskflow.py
[2025-08-17T00:53:34.190+0000] {logging_mixin.py:188} INFO - [2025-08-17T00:53:34.190+0000] {dag.py:3089} INFO - Sync 1 DAGs
[2025-08-17T00:53:34.220+0000] {logging_mixin.py:188} INFO - [2025-08-17T00:53:34.219+0000] {dag.py:3947} INFO - Setting next_dagrun for example_setup_teardown_taskflow to 2025-08-16 00:00:00+00:00, run_after=2025-08-17 00:00:00+00:00
[2025-08-17T00:53:34.249+0000] {processor.py:183} INFO - Processing /home/airflow/.local/lib/python3.12/site-packages/airflow/example_dags/example_setup_teardown_taskflow.py took 0.268 seconds
[2025-08-17T00:54:04.721+0000] {processor.py:161} INFO - Started process (PID=144) to work on /home/airflow/.local/lib/python3.12/site-packages/airflow/example_dags/example_setup_teardown_taskflow.py
[2025-08-17T00:54:04.722+0000] {processor.py:830} INFO - Processing file /home/airflow/.local/lib/python3.12/site-packages/airflow/example_dags/example_setup_teardown_taskflow.py for tasks to queue
[2025-08-17T00:54:04.724+0000] {logging_mixin.py:188} INFO - [2025-08-17T00:54:04.724+0000] {dagbag.py:545} INFO - Filling up the DagBag from /home/airflow/.local/lib/python3.12/site-packages/airflow/example_dags/example_setup_teardown_taskflow.py
[2025-08-17T00:54:04.733+0000] {processor.py:840} INFO - DAG(s) 'example_setup_teardown_taskflow' retrieved from /home/airflow/.local/lib/python3.12/site-packages/airflow/example_dags/example_setup_teardown_taskflow.py
[2025-08-17T00:54:04.755+0000] {logging_mixin.py:188} INFO - [2025-08-17T00:54:04.755+0000] {dag.py:3089} INFO - Sync 1 DAGs
[2025-08-17T00:54:04.774+0000] {logging_mixin.py:188} INFO - [2025-08-17T00:54:04.774+0000] {dag.py:3947} INFO - Setting next_dagrun for example_setup_teardown_taskflow to 2025-08-16 00:00:00+00:00, run_after=2025-08-17 00:00:00+00:00
[2025-08-17T00:54:04.791+0000] {processor.py:183} INFO - Processing /home/airflow/.local/lib/python3.12/site-packages/airflow/example_dags/example_setup_teardown_taskflow.py took 0.076 seconds
[2025-08-17T00:54:35.044+0000] {processor.py:161} INFO - Started process (PID=202) to work on /home/airflow/.local/lib/python3.12/site-packages/airflow/example_dags/example_setup_teardown_taskflow.py
[2025-08-17T00:54:35.045+0000] {processor.py:830} INFO - Processing file /home/airflow/.local/lib/python3.12/site-packages/airflow/example_dags/example_setup_teardown_taskflow.py for tasks to queue
[2025-08-17T00:54:35.047+0000] {logging_mixin.py:188} INFO - [2025-08-17T00:54:35.047+0000] {dagbag.py:545} INFO - Filling up the DagBag from /home/airflow/.local/lib/python3.12/site-packages/airflow/example_dags/example_setup_teardown_taskflow.py
[2025-08-17T00:54:35.055+0000] {processor.py:840} INFO - DAG(s) 'example_setup_teardown_taskflow' retrieved from /home/airflow/.local/lib/python3.12/site-packages/airflow/example_dags/example_setup_teardown_taskflow.py
[2025-08-17T00:54:35.077+0000] {logging_mixin.py:188} INFO - [2025-08-17T00:54:35.077+0000] {dag.py:3089} INFO - Sync 1 DAGs
[2025-08-17T00:54:35.098+0000] {logging_mixin.py:188} INFO - [2025-08-17T00:54:35.098+0000] {dag.py:3947} INFO - Setting next_dagrun for example_setup_teardown_taskflow to 2025-08-16 00:00:00+00:00, run_after=2025-08-17 00:00:00+00:00
[2025-08-17T00:54:35.113+0000] {processor.py:183} INFO - Processing /home/airflow/.local/lib/python3.12/site-packages/airflow/example_dags/example_setup_teardown_taskflow.py took 0.074 seconds
[2025-08-17T00:55:05.561+0000] {processor.py:161} INFO - Started process (PID=260) to work on /home/airflow/.local/lib/python3.12/site-packages/airflow/example_dags/example_setup_teardown_taskflow.py
[2025-08-17T00:55:05.562+0000] {processor.py:830} INFO - Processing file /home/airflow/.local/lib/python3.12/site-packages/airflow/example_dags/example_setup_teardown_taskflow.py for tasks to queue
[2025-08-17T00:55:05.564+0000] {logging_mixin.py:188} INFO - [2025-08-17T00:55:05.564+0000] {dagbag.py:545} INFO - Filling up the DagBag from /home/airflow/.local/lib/python3.12/site-packages/airflow/example_dags/example_setup_teardown_taskflow.py
[2025-08-17T00:55:05.574+0000] {processor.py:840} INFO - DAG(s) 'example_setup_teardown_taskflow' retrieved from /home/airflow/.local/lib/python3.12/site-packages/airflow/example_dags/example_setup_teardown_taskflow.py
[2025-08-17T00:55:05.597+0000] {logging_mixin.py:188} INFO - [2025-08-17T00:55:05.597+0000] {dag.py:3089} INFO - Sync 1 DAGs
[2025-08-17T00:55:05.621+0000] {logging_mixin.py:188} INFO - [2025-08-17T00:55:05.621+0000] {dag.py:3947} INFO - Setting next_dagrun for example_setup_teardown_taskflow to 2025-08-16 00:00:00+00:00, run_after=2025-08-17 00:00:00+00:00
[2025-08-17T00:55:05.642+0000] {processor.py:183} INFO - Processing /home/airflow/.local/lib/python3.12/site-packages/airflow/example_dags/example_setup_teardown_taskflow.py took 0.089 seconds
[2025-08-17T00:55:36.183+0000] {processor.py:161} INFO - Started process (PID=319) to work on /home/airflow/.local/lib/python3.12/site-packages/airflow/example_dags/example_setup_teardown_taskflow.py
[2025-08-17T00:55:36.184+0000] {processor.py:830} INFO - Processing file /home/airflow/.local/lib/python3.12/site-packages/airflow/example_dags/example_setup_teardown_taskflow.py for tasks to queue
[2025-08-17T00:55:36.187+0000] {logging_mixin.py:188} INFO - [2025-08-17T00:55:36.186+0000] {dagbag.py:545} INFO - Filling up the DagBag from /home/airflow/.local/lib/python3.12/site-packages/airflow/example_dags/example_setup_teardown_taskflow.py
[2025-08-17T00:55:36.199+0000] {processor.py:840} INFO - DAG(s) 'example_setup_teardown_taskflow' retrieved from /home/airflow/.local/lib/python3.12/site-packages/airflow/example_dags/example_setup_teardown_taskflow.py
[2025-08-17T00:55:36.238+0000] {logging_mixin.py:188} INFO - [2025-08-17T00:55:36.238+0000] {dag.py:3089} INFO - Sync 1 DAGs
[2025-08-17T00:55:36.273+0000] {logging_mixin.py:188} INFO - [2025-08-17T00:55:36.273+0000] {dag.py:3947} INFO - Setting next_dagrun for example_setup_teardown_taskflow to 2025-08-16 00:00:00+00:00, run_after=2025-08-17 00:00:00+00:00
[2025-08-17T00:55:36.310+0000] {processor.py:183} INFO - Processing /home/airflow/.local/lib/python3.12/site-packages/airflow/example_dags/example_setup_teardown_taskflow.py took 0.134 seconds
[2025-08-17T00:56:06.592+0000] {processor.py:161} INFO - Started process (PID=377) to work on /home/airflow/.local/lib/python3.12/site-packages/airflow/example_dags/example_setup_teardown_taskflow.py
[2025-08-17T00:56:06.594+0000] {processor.py:830} INFO - Processing file /home/airflow/.local/lib/python3.12/site-packages/airflow/example_dags/example_setup_teardown_taskflow.py for tasks to queue
[2025-08-17T00:56:06.595+0000] {logging_mixin.py:188} INFO - [2025-08-17T00:56:06.595+0000] {dagbag.py:545} INFO - Filling up the DagBag from /home/airflow/.local/lib/python3.12/site-packages/airflow/example_dags/example_setup_teardown_taskflow.py
[2025-08-17T00:56:06.604+0000] {processor.py:840} INFO - DAG(s) 'example_setup_teardown_taskflow' retrieved from /home/airflow/.local/lib/python3.12/site-packages/airflow/example_dags/example_setup_teardown_taskflow.py
[2025-08-17T00:56:06.629+0000] {logging_mixin.py:188} INFO - [2025-08-17T00:56:06.628+0000] {dag.py:3089} INFO - Sync 1 DAGs
[2025-08-17T00:56:06.650+0000] {logging_mixin.py:188} INFO - [2025-08-17T00:56:06.650+0000] {dag.py:3947} INFO - Setting next_dagrun for example_setup_teardown_taskflow to 2025-08-16 00:00:00+00:00, run_after=2025-08-17 00:00:00+00:00
[2025-08-17T00:56:06.670+0000] {processor.py:183} INFO - Processing /home/airflow/.local/lib/python3.12/site-packages/airflow/example_dags/example_setup_teardown_taskflow.py took 0.083 seconds
[2025-08-17T00:56:36.784+0000] {processor.py:161} INFO - Started process (PID=435) to work on /home/airflow/.local/lib/python3.12/site-packages/airflow/example_dags/example_setup_teardown_taskflow.py
[2025-08-17T00:56:36.785+0000] {processor.py:830} INFO - Processing file /home/airflow/.local/lib/python3.12/site-packages/airflow/example_dags/example_setup_teardown_taskflow.py for tasks to queue
[2025-08-17T00:56:36.787+0000] {logging_mixin.py:188} INFO - [2025-08-17T00:56:36.786+0000] {dagbag.py:545} INFO - Filling up the DagBag from /home/airflow/.local/lib/python3.12/site-packages/airflow/example_dags/example_setup_teardown_taskflow.py
[2025-08-17T00:56:36.796+0000] {processor.py:840} INFO - DAG(s) 'example_setup_teardown_taskflow' retrieved from /home/airflow/.local/lib/python3.12/site-packages/airflow/example_dags/example_setup_teardown_taskflow.py
[2025-08-17T00:56:36.818+0000] {logging_mixin.py:188} INFO - [2025-08-17T00:56:36.818+0000] {dag.py:3089} INFO - Sync 1 DAGs
[2025-08-17T00:56:36.837+0000] {logging_mixin.py:188} INFO - [2025-08-17T00:56:36.837+0000] {dag.py:3947} INFO - Setting next_dagrun for example_setup_teardown_taskflow to 2025-08-16 00:00:00+00:00, run_after=2025-08-17 00:00:00+00:00
[2025-08-17T00:56:36.855+0000] {processor.py:183} INFO - Processing /home/airflow/.local/lib/python3.12/site-packages/airflow/example_dags/example_setup_teardown_taskflow.py took 0.077 seconds
[2025-08-17T00:57:07.129+0000] {processor.py:161} INFO - Started process (PID=493) to work on /home/airflow/.local/lib/python3.12/site-packages/airflow/example_dags/example_setup_teardown_taskflow.py
[2025-08-17T00:57:07.130+0000] {processor.py:830} INFO - Processing file /home/airflow/.local/lib/python3.12/site-packages/airflow/example_dags/example_setup_teardown_taskflow.py for tasks to queue
[2025-08-17T00:57:07.132+0000] {logging_mixin.py:188} INFO - [2025-08-17T00:57:07.132+0000] {dagbag.py:545} INFO - Filling up the DagBag from /home/airflow/.local/lib/python3.12/site-packages/airflow/example_dags/example_setup_teardown_taskflow.py
[2025-08-17T00:57:07.141+0000] {processor.py:840} INFO - DAG(s) 'example_setup_teardown_taskflow' retrieved from /home/airflow/.local/lib/python3.12/site-packages/airflow/example_dags/example_setup_teardown_taskflow.py
[2025-08-17T00:57:07.162+0000] {logging_mixin.py:188} INFO - [2025-08-17T00:57:07.162+0000] {dag.py:3089} INFO - Sync 1 DAGs
[2025-08-17T00:57:07.182+0000] {logging_mixin.py:188} INFO - [2025-08-17T00:57:07.182+0000] {dag.py:3947} INFO - Setting next_dagrun for example_setup_teardown_taskflow to 2025-08-16 00:00:00+00:00, run_after=2025-08-17 00:00:00+00:00
[2025-08-17T00:57:07.198+0000] {processor.py:183} INFO - Processing /home/airflow/.local/lib/python3.12/site-packages/airflow/example_dags/example_setup_teardown_taskflow.py took 0.074 seconds
[2025-08-17T00:57:37.718+0000] {processor.py:161} INFO - Started process (PID=551) to work on /home/airflow/.local/lib/python3.12/site-packages/airflow/example_dags/example_setup_teardown_taskflow.py
[2025-08-17T00:57:37.719+0000] {processor.py:830} INFO - Processing file /home/airflow/.local/lib/python3.12/site-packages/airflow/example_dags/example_setup_teardown_taskflow.py for tasks to queue
[2025-08-17T00:57:37.722+0000] {logging_mixin.py:188} INFO - [2025-08-17T00:57:37.721+0000] {dagbag.py:545} INFO - Filling up the DagBag from /home/airflow/.local/lib/python3.12/site-packages/airflow/example_dags/example_setup_teardown_taskflow.py
[2025-08-17T00:57:37.731+0000] {processor.py:840} INFO - DAG(s) 'example_setup_teardown_taskflow' retrieved from /home/airflow/.local/lib/python3.12/site-packages/airflow/example_dags/example_setup_teardown_taskflow.py
[2025-08-17T00:57:37.753+0000] {logging_mixin.py:188} INFO - [2025-08-17T00:57:37.753+0000] {dag.py:3089} INFO - Sync 1 DAGs
[2025-08-17T00:57:37.773+0000] {logging_mixin.py:188} INFO - [2025-08-17T00:57:37.773+0000] {dag.py:3947} INFO - Setting next_dagrun for example_setup_teardown_taskflow to 2025-08-16 00:00:00+00:00, run_after=2025-08-17 00:00:00+00:00
[2025-08-17T00:57:37.789+0000] {processor.py:183} INFO - Processing /home/airflow/.local/lib/python3.12/site-packages/airflow/example_dags/example_setup_teardown_taskflow.py took 0.077 seconds
[2025-08-17T00:58:08.298+0000] {processor.py:161} INFO - Started process (PID=609) to work on /home/airflow/.local/lib/python3.12/site-packages/airflow/example_dags/example_setup_teardown_taskflow.py
[2025-08-17T00:58:08.299+0000] {processor.py:830} INFO - Processing file /home/airflow/.local/lib/python3.12/site-packages/airflow/example_dags/example_setup_teardown_taskflow.py for tasks to queue
[2025-08-17T00:58:08.302+0000] {logging_mixin.py:188} INFO - [2025-08-17T00:58:08.301+0000] {dagbag.py:545} INFO - Filling up the DagBag from /home/airflow/.local/lib/python3.12/site-packages/airflow/example_dags/example_setup_teardown_taskflow.py
[2025-08-17T00:58:08.310+0000] {processor.py:840} INFO - DAG(s) 'example_setup_teardown_taskflow' retrieved from /home/airflow/.local/lib/python3.12/site-packages/airflow/example_dags/example_setup_teardown_taskflow.py
[2025-08-17T00:58:08.333+0000] {logging_mixin.py:188} INFO - [2025-08-17T00:58:08.333+0000] {dag.py:3089} INFO - Sync 1 DAGs
[2025-08-17T00:58:08.354+0000] {logging_mixin.py:188} INFO - [2025-08-17T00:58:08.353+0000] {dag.py:3947} INFO - Setting next_dagrun for example_setup_teardown_taskflow to 2025-08-16 00:00:00+00:00, run_after=2025-08-17 00:00:00+00:00
[2025-08-17T00:58:08.370+0000] {processor.py:183} INFO - Processing /home/airflow/.local/lib/python3.12/site-packages/airflow/example_dags/example_setup_teardown_taskflow.py took 0.078 seconds
[2025-08-17T00:58:38.979+0000] {processor.py:161} INFO - Started process (PID=668) to work on /home/airflow/.local/lib/python3.12/site-packages/airflow/example_dags/example_setup_teardown_taskflow.py
[2025-08-17T00:58:38.980+0000] {processor.py:830} INFO - Processing file /home/airflow/.local/lib/python3.12/site-packages/airflow/example_dags/example_setup_teardown_taskflow.py for tasks to queue
[2025-08-17T00:58:38.982+0000] {logging_mixin.py:188} INFO - [2025-08-17T00:58:38.982+0000] {dagbag.py:545} INFO - Filling up the DagBag from /home/airflow/.local/lib/python3.12/site-packages/airflow/example_dags/example_setup_teardown_taskflow.py
[2025-08-17T00:58:38.992+0000] {processor.py:840} INFO - DAG(s) 'example_setup_teardown_taskflow' retrieved from /home/airflow/.local/lib/python3.12/site-packages/airflow/example_dags/example_setup_teardown_taskflow.py
[2025-08-17T00:58:39.019+0000] {logging_mixin.py:188} INFO - [2025-08-17T00:58:39.019+0000] {dag.py:3089} INFO - Sync 1 DAGs
[2025-08-17T00:58:39.042+0000] {logging_mixin.py:188} INFO - [2025-08-17T00:58:39.042+0000] {dag.py:3947} INFO - Setting next_dagrun for example_setup_teardown_taskflow to 2025-08-16 00:00:00+00:00, run_after=2025-08-17 00:00:00+00:00
[2025-08-17T00:58:39.061+0000] {processor.py:183} INFO - Processing /home/airflow/.local/lib/python3.12/site-packages/airflow/example_dags/example_setup_teardown_taskflow.py took 0.088 seconds
[2025-08-17T00:59:09.902+0000] {processor.py:161} INFO - Started process (PID=727) to work on /home/airflow/.local/lib/python3.12/site-packages/airflow/example_dags/example_setup_teardown_taskflow.py
[2025-08-17T00:59:09.904+0000] {processor.py:830} INFO - Processing file /home/airflow/.local/lib/python3.12/site-packages/airflow/example_dags/example_setup_teardown_taskflow.py for tasks to queue
[2025-08-17T00:59:09.907+0000] {logging_mixin.py:188} INFO - [2025-08-17T00:59:09.907+0000] {dagbag.py:545} INFO - Filling up the DagBag from /home/airflow/.local/lib/python3.12/site-packages/airflow/example_dags/example_setup_teardown_taskflow.py
[2025-08-17T00:59:09.917+0000] {processor.py:840} INFO - DAG(s) 'example_setup_teardown_taskflow' retrieved from /home/airflow/.local/lib/python3.12/site-packages/airflow/example_dags/example_setup_teardown_taskflow.py
[2025-08-17T00:59:09.943+0000] {logging_mixin.py:188} INFO - [2025-08-17T00:59:09.942+0000] {dag.py:3089} INFO - Sync 1 DAGs
[2025-08-17T00:59:09.966+0000] {logging_mixin.py:188} INFO - [2025-08-17T00:59:09.965+0000] {dag.py:3947} INFO - Setting next_dagrun for example_setup_teardown_taskflow to 2025-08-16 00:00:00+00:00, run_after=2025-08-17 00:00:00+00:00
[2025-08-17T00:59:09.988+0000] {processor.py:183} INFO - Processing /home/airflow/.local/lib/python3.12/site-packages/airflow/example_dags/example_setup_teardown_taskflow.py took 0.092 seconds
[2025-08-17T01:00:11.140+0000] {processor.py:161} INFO - Started process (PID=74) to work on /home/airflow/.local/lib/python3.12/site-packages/airflow/example_dags/example_setup_teardown_taskflow.py
[2025-08-17T01:00:11.142+0000] {processor.py:830} INFO - Processing file /home/airflow/.local/lib/python3.12/site-packages/airflow/example_dags/example_setup_teardown_taskflow.py for tasks to queue
[2025-08-17T01:00:11.146+0000] {logging_mixin.py:188} INFO - [2025-08-17T01:00:11.145+0000] {dagbag.py:545} INFO - Filling up the DagBag from /home/airflow/.local/lib/python3.12/site-packages/airflow/example_dags/example_setup_teardown_taskflow.py
[2025-08-17T01:00:11.164+0000] {processor.py:840} INFO - DAG(s) 'example_setup_teardown_taskflow' retrieved from /home/airflow/.local/lib/python3.12/site-packages/airflow/example_dags/example_setup_teardown_taskflow.py
[2025-08-17T01:00:11.188+0000] {logging_mixin.py:188} INFO - [2025-08-17T01:00:11.187+0000] {dag.py:3089} INFO - Sync 1 DAGs
[2025-08-17T01:00:11.224+0000] {logging_mixin.py:188} INFO - [2025-08-17T01:00:11.224+0000] {dag.py:3947} INFO - Setting next_dagrun for example_setup_teardown_taskflow to 2025-08-16 00:00:00+00:00, run_after=2025-08-17 00:00:00+00:00
[2025-08-17T01:00:11.252+0000] {processor.py:183} INFO - Processing /home/airflow/.local/lib/python3.12/site-packages/airflow/example_dags/example_setup_teardown_taskflow.py took 0.119 seconds
[2025-08-17T01:01:34.305+0000] {processor.py:161} INFO - Started process (PID=74) to work on /home/airflow/.local/lib/python3.12/site-packages/airflow/example_dags/example_setup_teardown_taskflow.py
[2025-08-17T01:01:34.307+0000] {processor.py:830} INFO - Processing file /home/airflow/.local/lib/python3.12/site-packages/airflow/example_dags/example_setup_teardown_taskflow.py for tasks to queue
[2025-08-17T01:01:34.309+0000] {logging_mixin.py:188} INFO - [2025-08-17T01:01:34.309+0000] {dagbag.py:545} INFO - Filling up the DagBag from /home/airflow/.local/lib/python3.12/site-packages/airflow/example_dags/example_setup_teardown_taskflow.py
[2025-08-17T01:01:34.323+0000] {processor.py:840} INFO - DAG(s) 'example_setup_teardown_taskflow' retrieved from /home/airflow/.local/lib/python3.12/site-packages/airflow/example_dags/example_setup_teardown_taskflow.py
[2025-08-17T01:01:34.342+0000] {logging_mixin.py:188} INFO - [2025-08-17T01:01:34.342+0000] {dag.py:3089} INFO - Sync 1 DAGs
[2025-08-17T01:01:34.375+0000] {logging_mixin.py:188} INFO - [2025-08-17T01:01:34.374+0000] {dag.py:3947} INFO - Setting next_dagrun for example_setup_teardown_taskflow to 2025-08-16 00:00:00+00:00, run_after=2025-08-17 00:00:00+00:00
[2025-08-17T01:01:34.403+0000] {processor.py:183} INFO - Processing /home/airflow/.local/lib/python3.12/site-packages/airflow/example_dags/example_setup_teardown_taskflow.py took 0.107 seconds
[2025-08-17T01:02:05.359+0000] {processor.py:161} INFO - Started process (PID=133) to work on /home/airflow/.local/lib/python3.12/site-packages/airflow/example_dags/example_setup_teardown_taskflow.py
[2025-08-17T01:02:05.361+0000] {processor.py:830} INFO - Processing file /home/airflow/.local/lib/python3.12/site-packages/airflow/example_dags/example_setup_teardown_taskflow.py for tasks to queue
[2025-08-17T01:02:05.365+0000] {logging_mixin.py:188} INFO - [2025-08-17T01:02:05.364+0000] {dagbag.py:545} INFO - Filling up the DagBag from /home/airflow/.local/lib/python3.12/site-packages/airflow/example_dags/example_setup_teardown_taskflow.py
[2025-08-17T01:02:05.399+0000] {processor.py:840} INFO - DAG(s) 'example_setup_teardown_taskflow' retrieved from /home/airflow/.local/lib/python3.12/site-packages/airflow/example_dags/example_setup_teardown_taskflow.py
[2025-08-17T01:02:05.547+0000] {logging_mixin.py:188} INFO - [2025-08-17T01:02:05.546+0000] {dag.py:3089} INFO - Sync 1 DAGs
[2025-08-17T01:02:05.565+0000] {logging_mixin.py:188} INFO - [2025-08-17T01:02:05.565+0000] {dag.py:3947} INFO - Setting next_dagrun for example_setup_teardown_taskflow to 2025-08-16 00:00:00+00:00, run_after=2025-08-17 00:00:00+00:00
[2025-08-17T01:02:05.586+0000] {processor.py:183} INFO - Processing /home/airflow/.local/lib/python3.12/site-packages/airflow/example_dags/example_setup_teardown_taskflow.py took 0.236 seconds
[2025-08-17T01:02:36.137+0000] {processor.py:161} INFO - Started process (PID=192) to work on /home/airflow/.local/lib/python3.12/site-packages/airflow/example_dags/example_setup_teardown_taskflow.py
[2025-08-17T01:02:36.138+0000] {processor.py:830} INFO - Processing file /home/airflow/.local/lib/python3.12/site-packages/airflow/example_dags/example_setup_teardown_taskflow.py for tasks to queue
[2025-08-17T01:02:36.141+0000] {logging_mixin.py:188} INFO - [2025-08-17T01:02:36.140+0000] {dagbag.py:545} INFO - Filling up the DagBag from /home/airflow/.local/lib/python3.12/site-packages/airflow/example_dags/example_setup_teardown_taskflow.py
[2025-08-17T01:02:36.151+0000] {processor.py:840} INFO - DAG(s) 'example_setup_teardown_taskflow' retrieved from /home/airflow/.local/lib/python3.12/site-packages/airflow/example_dags/example_setup_teardown_taskflow.py
[2025-08-17T01:02:36.177+0000] {logging_mixin.py:188} INFO - [2025-08-17T01:02:36.176+0000] {dag.py:3089} INFO - Sync 1 DAGs
[2025-08-17T01:02:36.205+0000] {logging_mixin.py:188} INFO - [2025-08-17T01:02:36.204+0000] {dag.py:3947} INFO - Setting next_dagrun for example_setup_teardown_taskflow to 2025-08-16 00:00:00+00:00, run_after=2025-08-17 00:00:00+00:00
[2025-08-17T01:02:36.234+0000] {processor.py:183} INFO - Processing /home/airflow/.local/lib/python3.12/site-packages/airflow/example_dags/example_setup_teardown_taskflow.py took 0.105 seconds
[2025-08-17T01:03:06.802+0000] {processor.py:161} INFO - Started process (PID=251) to work on /home/airflow/.local/lib/python3.12/site-packages/airflow/example_dags/example_setup_teardown_taskflow.py
[2025-08-17T01:03:06.803+0000] {processor.py:830} INFO - Processing file /home/airflow/.local/lib/python3.12/site-packages/airflow/example_dags/example_setup_teardown_taskflow.py for tasks to queue
[2025-08-17T01:03:06.806+0000] {logging_mixin.py:188} INFO - [2025-08-17T01:03:06.806+0000] {dagbag.py:545} INFO - Filling up the DagBag from /home/airflow/.local/lib/python3.12/site-packages/airflow/example_dags/example_setup_teardown_taskflow.py
[2025-08-17T01:03:06.819+0000] {processor.py:840} INFO - DAG(s) 'example_setup_teardown_taskflow' retrieved from /home/airflow/.local/lib/python3.12/site-packages/airflow/example_dags/example_setup_teardown_taskflow.py
[2025-08-17T01:03:06.853+0000] {logging_mixin.py:188} INFO - [2025-08-17T01:03:06.853+0000] {dag.py:3089} INFO - Sync 1 DAGs
[2025-08-17T01:03:06.878+0000] {logging_mixin.py:188} INFO - [2025-08-17T01:03:06.877+0000] {dag.py:3947} INFO - Setting next_dagrun for example_setup_teardown_taskflow to 2025-08-16 00:00:00+00:00, run_after=2025-08-17 00:00:00+00:00
[2025-08-17T01:03:06.901+0000] {processor.py:183} INFO - Processing /home/airflow/.local/lib/python3.12/site-packages/airflow/example_dags/example_setup_teardown_taskflow.py took 0.106 seconds
[2025-08-17T01:03:37.013+0000] {processor.py:161} INFO - Started process (PID=310) to work on /home/airflow/.local/lib/python3.12/site-packages/airflow/example_dags/example_setup_teardown_taskflow.py
[2025-08-17T01:03:37.014+0000] {processor.py:830} INFO - Processing file /home/airflow/.local/lib/python3.12/site-packages/airflow/example_dags/example_setup_teardown_taskflow.py for tasks to queue
[2025-08-17T01:03:37.017+0000] {logging_mixin.py:188} INFO - [2025-08-17T01:03:37.016+0000] {dagbag.py:545} INFO - Filling up the DagBag from /home/airflow/.local/lib/python3.12/site-packages/airflow/example_dags/example_setup_teardown_taskflow.py
[2025-08-17T01:03:37.028+0000] {processor.py:840} INFO - DAG(s) 'example_setup_teardown_taskflow' retrieved from /home/airflow/.local/lib/python3.12/site-packages/airflow/example_dags/example_setup_teardown_taskflow.py
[2025-08-17T01:03:37.060+0000] {logging_mixin.py:188} INFO - [2025-08-17T01:03:37.060+0000] {dag.py:3089} INFO - Sync 1 DAGs
[2025-08-17T01:03:37.090+0000] {logging_mixin.py:188} INFO - [2025-08-17T01:03:37.089+0000] {dag.py:3947} INFO - Setting next_dagrun for example_setup_teardown_taskflow to 2025-08-16 00:00:00+00:00, run_after=2025-08-17 00:00:00+00:00
[2025-08-17T01:03:37.116+0000] {processor.py:183} INFO - Processing /home/airflow/.local/lib/python3.12/site-packages/airflow/example_dags/example_setup_teardown_taskflow.py took 0.111 seconds
[2025-08-17T01:04:07.256+0000] {processor.py:161} INFO - Started process (PID=369) to work on /home/airflow/.local/lib/python3.12/site-packages/airflow/example_dags/example_setup_teardown_taskflow.py
[2025-08-17T01:04:07.257+0000] {processor.py:830} INFO - Processing file /home/airflow/.local/lib/python3.12/site-packages/airflow/example_dags/example_setup_teardown_taskflow.py for tasks to queue
[2025-08-17T01:04:07.260+0000] {logging_mixin.py:188} INFO - [2025-08-17T01:04:07.259+0000] {dagbag.py:545} INFO - Filling up the DagBag from /home/airflow/.local/lib/python3.12/site-packages/airflow/example_dags/example_setup_teardown_taskflow.py
[2025-08-17T01:04:07.270+0000] {processor.py:840} INFO - DAG(s) 'example_setup_teardown_taskflow' retrieved from /home/airflow/.local/lib/python3.12/site-packages/airflow/example_dags/example_setup_teardown_taskflow.py
[2025-08-17T01:04:07.298+0000] {logging_mixin.py:188} INFO - [2025-08-17T01:04:07.298+0000] {dag.py:3089} INFO - Sync 1 DAGs
[2025-08-17T01:04:07.324+0000] {logging_mixin.py:188} INFO - [2025-08-17T01:04:07.323+0000] {dag.py:3947} INFO - Setting next_dagrun for example_setup_teardown_taskflow to 2025-08-16 00:00:00+00:00, run_after=2025-08-17 00:00:00+00:00
[2025-08-17T01:04:07.348+0000] {processor.py:183} INFO - Processing /home/airflow/.local/lib/python3.12/site-packages/airflow/example_dags/example_setup_teardown_taskflow.py took 0.099 seconds
[2025-08-17T01:04:38.150+0000] {processor.py:161} INFO - Started process (PID=434) to work on /home/airflow/.local/lib/python3.12/site-packages/airflow/example_dags/example_setup_teardown_taskflow.py
[2025-08-17T01:04:38.151+0000] {processor.py:830} INFO - Processing file /home/airflow/.local/lib/python3.12/site-packages/airflow/example_dags/example_setup_teardown_taskflow.py for tasks to queue
[2025-08-17T01:04:38.154+0000] {logging_mixin.py:188} INFO - [2025-08-17T01:04:38.153+0000] {dagbag.py:545} INFO - Filling up the DagBag from /home/airflow/.local/lib/python3.12/site-packages/airflow/example_dags/example_setup_teardown_taskflow.py
[2025-08-17T01:04:38.163+0000] {processor.py:840} INFO - DAG(s) 'example_setup_teardown_taskflow' retrieved from /home/airflow/.local/lib/python3.12/site-packages/airflow/example_dags/example_setup_teardown_taskflow.py
[2025-08-17T01:04:38.189+0000] {logging_mixin.py:188} INFO - [2025-08-17T01:04:38.188+0000] {dag.py:3089} INFO - Sync 1 DAGs
[2025-08-17T01:04:38.212+0000] {logging_mixin.py:188} INFO - [2025-08-17T01:04:38.212+0000] {dag.py:3947} INFO - Setting next_dagrun for example_setup_teardown_taskflow to 2025-08-16 00:00:00+00:00, run_after=2025-08-17 00:00:00+00:00
[2025-08-17T01:04:38.231+0000] {processor.py:183} INFO - Processing /home/airflow/.local/lib/python3.12/site-packages/airflow/example_dags/example_setup_teardown_taskflow.py took 0.087 seconds
[2025-08-17T01:05:08.772+0000] {processor.py:161} INFO - Started process (PID=493) to work on /home/airflow/.local/lib/python3.12/site-packages/airflow/example_dags/example_setup_teardown_taskflow.py
[2025-08-17T01:05:08.773+0000] {processor.py:830} INFO - Processing file /home/airflow/.local/lib/python3.12/site-packages/airflow/example_dags/example_setup_teardown_taskflow.py for tasks to queue
[2025-08-17T01:05:08.775+0000] {logging_mixin.py:188} INFO - [2025-08-17T01:05:08.775+0000] {dagbag.py:545} INFO - Filling up the DagBag from /home/airflow/.local/lib/python3.12/site-packages/airflow/example_dags/example_setup_teardown_taskflow.py
[2025-08-17T01:05:08.783+0000] {processor.py:840} INFO - DAG(s) 'example_setup_teardown_taskflow' retrieved from /home/airflow/.local/lib/python3.12/site-packages/airflow/example_dags/example_setup_teardown_taskflow.py
[2025-08-17T01:05:08.806+0000] {logging_mixin.py:188} INFO - [2025-08-17T01:05:08.806+0000] {dag.py:3089} INFO - Sync 1 DAGs
[2025-08-17T01:05:08.828+0000] {logging_mixin.py:188} INFO - [2025-08-17T01:05:08.828+0000] {dag.py:3947} INFO - Setting next_dagrun for example_setup_teardown_taskflow to 2025-08-16 00:00:00+00:00, run_after=2025-08-17 00:00:00+00:00
[2025-08-17T01:05:08.846+0000] {processor.py:183} INFO - Processing /home/airflow/.local/lib/python3.12/site-packages/airflow/example_dags/example_setup_teardown_taskflow.py took 0.079 seconds
[2025-08-17T01:05:39.382+0000] {processor.py:161} INFO - Started process (PID=552) to work on /home/airflow/.local/lib/python3.12/site-packages/airflow/example_dags/example_setup_teardown_taskflow.py
[2025-08-17T01:05:39.383+0000] {processor.py:830} INFO - Processing file /home/airflow/.local/lib/python3.12/site-packages/airflow/example_dags/example_setup_teardown_taskflow.py for tasks to queue
[2025-08-17T01:05:39.386+0000] {logging_mixin.py:188} INFO - [2025-08-17T01:05:39.385+0000] {dagbag.py:545} INFO - Filling up the DagBag from /home/airflow/.local/lib/python3.12/site-packages/airflow/example_dags/example_setup_teardown_taskflow.py
[2025-08-17T01:05:39.397+0000] {processor.py:840} INFO - DAG(s) 'example_setup_teardown_taskflow' retrieved from /home/airflow/.local/lib/python3.12/site-packages/airflow/example_dags/example_setup_teardown_taskflow.py
[2025-08-17T01:05:39.432+0000] {logging_mixin.py:188} INFO - [2025-08-17T01:05:39.432+0000] {dag.py:3089} INFO - Sync 1 DAGs
[2025-08-17T01:05:39.476+0000] {logging_mixin.py:188} INFO - [2025-08-17T01:05:39.476+0000] {dag.py:3947} INFO - Setting next_dagrun for example_setup_teardown_taskflow to 2025-08-16 00:00:00+00:00, run_after=2025-08-17 00:00:00+00:00
[2025-08-17T01:05:39.508+0000] {processor.py:183} INFO - Processing /home/airflow/.local/lib/python3.12/site-packages/airflow/example_dags/example_setup_teardown_taskflow.py took 0.132 seconds
[2025-08-17T01:06:10.319+0000] {processor.py:161} INFO - Started process (PID=611) to work on /home/airflow/.local/lib/python3.12/site-packages/airflow/example_dags/example_setup_teardown_taskflow.py
[2025-08-17T01:06:10.320+0000] {processor.py:830} INFO - Processing file /home/airflow/.local/lib/python3.12/site-packages/airflow/example_dags/example_setup_teardown_taskflow.py for tasks to queue
[2025-08-17T01:06:10.323+0000] {logging_mixin.py:188} INFO - [2025-08-17T01:06:10.322+0000] {dagbag.py:545} INFO - Filling up the DagBag from /home/airflow/.local/lib/python3.12/site-packages/airflow/example_dags/example_setup_teardown_taskflow.py
[2025-08-17T01:06:10.332+0000] {processor.py:840} INFO - DAG(s) 'example_setup_teardown_taskflow' retrieved from /home/airflow/.local/lib/python3.12/site-packages/airflow/example_dags/example_setup_teardown_taskflow.py
[2025-08-17T01:06:10.362+0000] {logging_mixin.py:188} INFO - [2025-08-17T01:06:10.362+0000] {dag.py:3089} INFO - Sync 1 DAGs
[2025-08-17T01:06:10.388+0000] {logging_mixin.py:188} INFO - [2025-08-17T01:06:10.388+0000] {dag.py:3947} INFO - Setting next_dagrun for example_setup_teardown_taskflow to 2025-08-16 00:00:00+00:00, run_after=2025-08-17 00:00:00+00:00
[2025-08-17T01:06:10.412+0000] {processor.py:183} INFO - Processing /home/airflow/.local/lib/python3.12/site-packages/airflow/example_dags/example_setup_teardown_taskflow.py took 0.099 seconds
[2025-08-17T01:06:40.711+0000] {processor.py:161} INFO - Started process (PID=670) to work on /home/airflow/.local/lib/python3.12/site-packages/airflow/example_dags/example_setup_teardown_taskflow.py
[2025-08-17T01:06:40.713+0000] {processor.py:830} INFO - Processing file /home/airflow/.local/lib/python3.12/site-packages/airflow/example_dags/example_setup_teardown_taskflow.py for tasks to queue
[2025-08-17T01:06:40.716+0000] {logging_mixin.py:188} INFO - [2025-08-17T01:06:40.715+0000] {dagbag.py:545} INFO - Filling up the DagBag from /home/airflow/.local/lib/python3.12/site-packages/airflow/example_dags/example_setup_teardown_taskflow.py
[2025-08-17T01:06:40.725+0000] {processor.py:840} INFO - DAG(s) 'example_setup_teardown_taskflow' retrieved from /home/airflow/.local/lib/python3.12/site-packages/airflow/example_dags/example_setup_teardown_taskflow.py
[2025-08-17T01:06:40.748+0000] {logging_mixin.py:188} INFO - [2025-08-17T01:06:40.748+0000] {dag.py:3089} INFO - Sync 1 DAGs
[2025-08-17T01:06:40.771+0000] {logging_mixin.py:188} INFO - [2025-08-17T01:06:40.771+0000] {dag.py:3947} INFO - Setting next_dagrun for example_setup_teardown_taskflow to 2025-08-16 00:00:00+00:00, run_after=2025-08-17 00:00:00+00:00
[2025-08-17T01:06:40.794+0000] {processor.py:183} INFO - Processing /home/airflow/.local/lib/python3.12/site-packages/airflow/example_dags/example_setup_teardown_taskflow.py took 0.089 seconds
[2025-08-17T01:07:11.795+0000] {processor.py:161} INFO - Started process (PID=729) to work on /home/airflow/.local/lib/python3.12/site-packages/airflow/example_dags/example_setup_teardown_taskflow.py
[2025-08-17T01:07:11.797+0000] {processor.py:830} INFO - Processing file /home/airflow/.local/lib/python3.12/site-packages/airflow/example_dags/example_setup_teardown_taskflow.py for tasks to queue
[2025-08-17T01:07:11.799+0000] {logging_mixin.py:188} INFO - [2025-08-17T01:07:11.799+0000] {dagbag.py:545} INFO - Filling up the DagBag from /home/airflow/.local/lib/python3.12/site-packages/airflow/example_dags/example_setup_teardown_taskflow.py
[2025-08-17T01:07:11.810+0000] {processor.py:840} INFO - DAG(s) 'example_setup_teardown_taskflow' retrieved from /home/airflow/.local/lib/python3.12/site-packages/airflow/example_dags/example_setup_teardown_taskflow.py
[2025-08-17T01:07:11.836+0000] {logging_mixin.py:188} INFO - [2025-08-17T01:07:11.835+0000] {dag.py:3089} INFO - Sync 1 DAGs
[2025-08-17T01:07:11.859+0000] {logging_mixin.py:188} INFO - [2025-08-17T01:07:11.859+0000] {dag.py:3947} INFO - Setting next_dagrun for example_setup_teardown_taskflow to 2025-08-16 00:00:00+00:00, run_after=2025-08-17 00:00:00+00:00
[2025-08-17T01:07:11.879+0000] {processor.py:183} INFO - Processing /home/airflow/.local/lib/python3.12/site-packages/airflow/example_dags/example_setup_teardown_taskflow.py took 0.091 seconds
[2025-08-17T01:07:41.953+0000] {processor.py:161} INFO - Started process (PID=789) to work on /home/airflow/.local/lib/python3.12/site-packages/airflow/example_dags/example_setup_teardown_taskflow.py
[2025-08-17T01:07:41.955+0000] {processor.py:830} INFO - Processing file /home/airflow/.local/lib/python3.12/site-packages/airflow/example_dags/example_setup_teardown_taskflow.py for tasks to queue
[2025-08-17T01:07:41.957+0000] {logging_mixin.py:188} INFO - [2025-08-17T01:07:41.956+0000] {dagbag.py:545} INFO - Filling up the DagBag from /home/airflow/.local/lib/python3.12/site-packages/airflow/example_dags/example_setup_teardown_taskflow.py
[2025-08-17T01:07:41.966+0000] {processor.py:840} INFO - DAG(s) 'example_setup_teardown_taskflow' retrieved from /home/airflow/.local/lib/python3.12/site-packages/airflow/example_dags/example_setup_teardown_taskflow.py
[2025-08-17T01:07:41.992+0000] {logging_mixin.py:188} INFO - [2025-08-17T01:07:41.991+0000] {dag.py:3089} INFO - Sync 1 DAGs
[2025-08-17T01:07:42.016+0000] {logging_mixin.py:188} INFO - [2025-08-17T01:07:42.016+0000] {dag.py:3947} INFO - Setting next_dagrun for example_setup_teardown_taskflow to 2025-08-16 00:00:00+00:00, run_after=2025-08-17 00:00:00+00:00
[2025-08-17T01:07:42.039+0000] {processor.py:183} INFO - Processing /home/airflow/.local/lib/python3.12/site-packages/airflow/example_dags/example_setup_teardown_taskflow.py took 0.092 seconds
[2025-08-17T01:08:13.026+0000] {processor.py:161} INFO - Started process (PID=848) to work on /home/airflow/.local/lib/python3.12/site-packages/airflow/example_dags/example_setup_teardown_taskflow.py
[2025-08-17T01:08:13.027+0000] {processor.py:830} INFO - Processing file /home/airflow/.local/lib/python3.12/site-packages/airflow/example_dags/example_setup_teardown_taskflow.py for tasks to queue
[2025-08-17T01:08:13.029+0000] {logging_mixin.py:188} INFO - [2025-08-17T01:08:13.029+0000] {dagbag.py:545} INFO - Filling up the DagBag from /home/airflow/.local/lib/python3.12/site-packages/airflow/example_dags/example_setup_teardown_taskflow.py
[2025-08-17T01:08:13.039+0000] {processor.py:840} INFO - DAG(s) 'example_setup_teardown_taskflow' retrieved from /home/airflow/.local/lib/python3.12/site-packages/airflow/example_dags/example_setup_teardown_taskflow.py
[2025-08-17T01:08:13.066+0000] {logging_mixin.py:188} INFO - [2025-08-17T01:08:13.066+0000] {dag.py:3089} INFO - Sync 1 DAGs
[2025-08-17T01:08:13.091+0000] {logging_mixin.py:188} INFO - [2025-08-17T01:08:13.090+0000] {dag.py:3947} INFO - Setting next_dagrun for example_setup_teardown_taskflow to 2025-08-16 00:00:00+00:00, run_after=2025-08-17 00:00:00+00:00
[2025-08-17T01:08:13.112+0000] {processor.py:183} INFO - Processing /home/airflow/.local/lib/python3.12/site-packages/airflow/example_dags/example_setup_teardown_taskflow.py took 0.094 seconds
[2025-08-17T01:08:43.221+0000] {processor.py:161} INFO - Started process (PID=906) to work on /home/airflow/.local/lib/python3.12/site-packages/airflow/example_dags/example_setup_teardown_taskflow.py
[2025-08-17T01:08:43.222+0000] {processor.py:830} INFO - Processing file /home/airflow/.local/lib/python3.12/site-packages/airflow/example_dags/example_setup_teardown_taskflow.py for tasks to queue
[2025-08-17T01:08:43.225+0000] {logging_mixin.py:188} INFO - [2025-08-17T01:08:43.224+0000] {dagbag.py:545} INFO - Filling up the DagBag from /home/airflow/.local/lib/python3.12/site-packages/airflow/example_dags/example_setup_teardown_taskflow.py
[2025-08-17T01:08:43.234+0000] {processor.py:840} INFO - DAG(s) 'example_setup_teardown_taskflow' retrieved from /home/airflow/.local/lib/python3.12/site-packages/airflow/example_dags/example_setup_teardown_taskflow.py
[2025-08-17T01:08:43.260+0000] {logging_mixin.py:188} INFO - [2025-08-17T01:08:43.260+0000] {dag.py:3089} INFO - Sync 1 DAGs
[2025-08-17T01:08:43.283+0000] {logging_mixin.py:188} INFO - [2025-08-17T01:08:43.283+0000] {dag.py:3947} INFO - Setting next_dagrun for example_setup_teardown_taskflow to 2025-08-16 00:00:00+00:00, run_after=2025-08-17 00:00:00+00:00
[2025-08-17T01:08:43.303+0000] {processor.py:183} INFO - Processing /home/airflow/.local/lib/python3.12/site-packages/airflow/example_dags/example_setup_teardown_taskflow.py took 0.089 seconds
[2025-08-17T01:09:13.395+0000] {processor.py:161} INFO - Started process (PID=965) to work on /home/airflow/.local/lib/python3.12/site-packages/airflow/example_dags/example_setup_teardown_taskflow.py
[2025-08-17T01:09:13.396+0000] {processor.py:830} INFO - Processing file /home/airflow/.local/lib/python3.12/site-packages/airflow/example_dags/example_setup_teardown_taskflow.py for tasks to queue
[2025-08-17T01:09:13.399+0000] {logging_mixin.py:188} INFO - [2025-08-17T01:09:13.399+0000] {dagbag.py:545} INFO - Filling up the DagBag from /home/airflow/.local/lib/python3.12/site-packages/airflow/example_dags/example_setup_teardown_taskflow.py
[2025-08-17T01:09:13.410+0000] {processor.py:840} INFO - DAG(s) 'example_setup_teardown_taskflow' retrieved from /home/airflow/.local/lib/python3.12/site-packages/airflow/example_dags/example_setup_teardown_taskflow.py
[2025-08-17T01:09:13.436+0000] {logging_mixin.py:188} INFO - [2025-08-17T01:09:13.436+0000] {dag.py:3089} INFO - Sync 1 DAGs
[2025-08-17T01:09:13.462+0000] {logging_mixin.py:188} INFO - [2025-08-17T01:09:13.461+0000] {dag.py:3947} INFO - Setting next_dagrun for example_setup_teardown_taskflow to 2025-08-16 00:00:00+00:00, run_after=2025-08-17 00:00:00+00:00
[2025-08-17T01:09:13.485+0000] {processor.py:183} INFO - Processing /home/airflow/.local/lib/python3.12/site-packages/airflow/example_dags/example_setup_teardown_taskflow.py took 0.097 seconds
[2025-08-17T01:09:43.668+0000] {processor.py:161} INFO - Started process (PID=1024) to work on /home/airflow/.local/lib/python3.12/site-packages/airflow/example_dags/example_setup_teardown_taskflow.py
[2025-08-17T01:09:43.669+0000] {processor.py:830} INFO - Processing file /home/airflow/.local/lib/python3.12/site-packages/airflow/example_dags/example_setup_teardown_taskflow.py for tasks to queue
[2025-08-17T01:09:43.671+0000] {logging_mixin.py:188} INFO - [2025-08-17T01:09:43.671+0000] {dagbag.py:545} INFO - Filling up the DagBag from /home/airflow/.local/lib/python3.12/site-packages/airflow/example_dags/example_setup_teardown_taskflow.py
[2025-08-17T01:09:43.681+0000] {processor.py:840} INFO - DAG(s) 'example_setup_teardown_taskflow' retrieved from /home/airflow/.local/lib/python3.12/site-packages/airflow/example_dags/example_setup_teardown_taskflow.py
[2025-08-17T01:09:43.706+0000] {logging_mixin.py:188} INFO - [2025-08-17T01:09:43.706+0000] {dag.py:3089} INFO - Sync 1 DAGs
[2025-08-17T01:09:43.729+0000] {logging_mixin.py:188} INFO - [2025-08-17T01:09:43.729+0000] {dag.py:3947} INFO - Setting next_dagrun for example_setup_teardown_taskflow to 2025-08-16 00:00:00+00:00, run_after=2025-08-17 00:00:00+00:00
[2025-08-17T01:09:43.751+0000] {processor.py:183} INFO - Processing /home/airflow/.local/lib/python3.12/site-packages/airflow/example_dags/example_setup_teardown_taskflow.py took 0.090 seconds
[2025-08-17T01:10:13.926+0000] {processor.py:161} INFO - Started process (PID=1084) to work on /home/airflow/.local/lib/python3.12/site-packages/airflow/example_dags/example_setup_teardown_taskflow.py
[2025-08-17T01:10:13.927+0000] {processor.py:830} INFO - Processing file /home/airflow/.local/lib/python3.12/site-packages/airflow/example_dags/example_setup_teardown_taskflow.py for tasks to queue
[2025-08-17T01:10:13.930+0000] {logging_mixin.py:188} INFO - [2025-08-17T01:10:13.929+0000] {dagbag.py:545} INFO - Filling up the DagBag from /home/airflow/.local/lib/python3.12/site-packages/airflow/example_dags/example_setup_teardown_taskflow.py
[2025-08-17T01:10:13.938+0000] {processor.py:840} INFO - DAG(s) 'example_setup_teardown_taskflow' retrieved from /home/airflow/.local/lib/python3.12/site-packages/airflow/example_dags/example_setup_teardown_taskflow.py
[2025-08-17T01:10:13.964+0000] {logging_mixin.py:188} INFO - [2025-08-17T01:10:13.964+0000] {dag.py:3089} INFO - Sync 1 DAGs
[2025-08-17T01:10:13.986+0000] {logging_mixin.py:188} INFO - [2025-08-17T01:10:13.986+0000] {dag.py:3947} INFO - Setting next_dagrun for example_setup_teardown_taskflow to 2025-08-16 00:00:00+00:00, run_after=2025-08-17 00:00:00+00:00
[2025-08-17T01:10:14.007+0000] {processor.py:183} INFO - Processing /home/airflow/.local/lib/python3.12/site-packages/airflow/example_dags/example_setup_teardown_taskflow.py took 0.088 seconds
[2025-08-17T01:10:44.424+0000] {processor.py:161} INFO - Started process (PID=1143) to work on /home/airflow/.local/lib/python3.12/site-packages/airflow/example_dags/example_setup_teardown_taskflow.py
[2025-08-17T01:10:44.425+0000] {processor.py:830} INFO - Processing file /home/airflow/.local/lib/python3.12/site-packages/airflow/example_dags/example_setup_teardown_taskflow.py for tasks to queue
[2025-08-17T01:10:44.429+0000] {logging_mixin.py:188} INFO - [2025-08-17T01:10:44.428+0000] {dagbag.py:545} INFO - Filling up the DagBag from /home/airflow/.local/lib/python3.12/site-packages/airflow/example_dags/example_setup_teardown_taskflow.py
[2025-08-17T01:10:44.438+0000] {processor.py:840} INFO - DAG(s) 'example_setup_teardown_taskflow' retrieved from /home/airflow/.local/lib/python3.12/site-packages/airflow/example_dags/example_setup_teardown_taskflow.py
[2025-08-17T01:10:44.463+0000] {logging_mixin.py:188} INFO - [2025-08-17T01:10:44.462+0000] {dag.py:3089} INFO - Sync 1 DAGs
[2025-08-17T01:10:44.483+0000] {logging_mixin.py:188} INFO - [2025-08-17T01:10:44.483+0000] {dag.py:3947} INFO - Setting next_dagrun for example_setup_teardown_taskflow to 2025-08-16 00:00:00+00:00, run_after=2025-08-17 00:00:00+00:00
[2025-08-17T01:10:44.501+0000] {processor.py:183} INFO - Processing /home/airflow/.local/lib/python3.12/site-packages/airflow/example_dags/example_setup_teardown_taskflow.py took 0.083 seconds
[2025-08-17T01:11:14.912+0000] {processor.py:161} INFO - Started process (PID=1202) to work on /home/airflow/.local/lib/python3.12/site-packages/airflow/example_dags/example_setup_teardown_taskflow.py
[2025-08-17T01:11:14.913+0000] {processor.py:830} INFO - Processing file /home/airflow/.local/lib/python3.12/site-packages/airflow/example_dags/example_setup_teardown_taskflow.py for tasks to queue
[2025-08-17T01:11:14.915+0000] {logging_mixin.py:188} INFO - [2025-08-17T01:11:14.915+0000] {dagbag.py:545} INFO - Filling up the DagBag from /home/airflow/.local/lib/python3.12/site-packages/airflow/example_dags/example_setup_teardown_taskflow.py
[2025-08-17T01:11:14.924+0000] {processor.py:840} INFO - DAG(s) 'example_setup_teardown_taskflow' retrieved from /home/airflow/.local/lib/python3.12/site-packages/airflow/example_dags/example_setup_teardown_taskflow.py
[2025-08-17T01:11:14.948+0000] {logging_mixin.py:188} INFO - [2025-08-17T01:11:14.948+0000] {dag.py:3089} INFO - Sync 1 DAGs
[2025-08-17T01:11:14.972+0000] {logging_mixin.py:188} INFO - [2025-08-17T01:11:14.971+0000] {dag.py:3947} INFO - Setting next_dagrun for example_setup_teardown_taskflow to 2025-08-16 00:00:00+00:00, run_after=2025-08-17 00:00:00+00:00
[2025-08-17T01:11:14.991+0000] {processor.py:183} INFO - Processing /home/airflow/.local/lib/python3.12/site-packages/airflow/example_dags/example_setup_teardown_taskflow.py took 0.085 seconds
[2025-08-17T01:11:45.478+0000] {processor.py:161} INFO - Started process (PID=1261) to work on /home/airflow/.local/lib/python3.12/site-packages/airflow/example_dags/example_setup_teardown_taskflow.py
[2025-08-17T01:11:45.480+0000] {processor.py:830} INFO - Processing file /home/airflow/.local/lib/python3.12/site-packages/airflow/example_dags/example_setup_teardown_taskflow.py for tasks to queue
[2025-08-17T01:11:45.482+0000] {logging_mixin.py:188} INFO - [2025-08-17T01:11:45.482+0000] {dagbag.py:545} INFO - Filling up the DagBag from /home/airflow/.local/lib/python3.12/site-packages/airflow/example_dags/example_setup_teardown_taskflow.py
[2025-08-17T01:11:45.493+0000] {processor.py:840} INFO - DAG(s) 'example_setup_teardown_taskflow' retrieved from /home/airflow/.local/lib/python3.12/site-packages/airflow/example_dags/example_setup_teardown_taskflow.py
[2025-08-17T01:11:45.520+0000] {logging_mixin.py:188} INFO - [2025-08-17T01:11:45.520+0000] {dag.py:3089} INFO - Sync 1 DAGs
[2025-08-17T01:11:45.542+0000] {logging_mixin.py:188} INFO - [2025-08-17T01:11:45.542+0000] {dag.py:3947} INFO - Setting next_dagrun for example_setup_teardown_taskflow to 2025-08-16 00:00:00+00:00, run_after=2025-08-17 00:00:00+00:00
[2025-08-17T01:11:45.569+0000] {processor.py:183} INFO - Processing /home/airflow/.local/lib/python3.12/site-packages/airflow/example_dags/example_setup_teardown_taskflow.py took 0.097 seconds
[2025-08-17T01:12:15.718+0000] {processor.py:161} INFO - Started process (PID=1320) to work on /home/airflow/.local/lib/python3.12/site-packages/airflow/example_dags/example_setup_teardown_taskflow.py
[2025-08-17T01:12:15.720+0000] {processor.py:830} INFO - Processing file /home/airflow/.local/lib/python3.12/site-packages/airflow/example_dags/example_setup_teardown_taskflow.py for tasks to queue
[2025-08-17T01:12:15.722+0000] {logging_mixin.py:188} INFO - [2025-08-17T01:12:15.722+0000] {dagbag.py:545} INFO - Filling up the DagBag from /home/airflow/.local/lib/python3.12/site-packages/airflow/example_dags/example_setup_teardown_taskflow.py
[2025-08-17T01:12:15.732+0000] {processor.py:840} INFO - DAG(s) 'example_setup_teardown_taskflow' retrieved from /home/airflow/.local/lib/python3.12/site-packages/airflow/example_dags/example_setup_teardown_taskflow.py
[2025-08-17T01:12:15.757+0000] {logging_mixin.py:188} INFO - [2025-08-17T01:12:15.757+0000] {dag.py:3089} INFO - Sync 1 DAGs
[2025-08-17T01:12:15.779+0000] {logging_mixin.py:188} INFO - [2025-08-17T01:12:15.779+0000] {dag.py:3947} INFO - Setting next_dagrun for example_setup_teardown_taskflow to 2025-08-16 00:00:00+00:00, run_after=2025-08-17 00:00:00+00:00
[2025-08-17T01:12:15.798+0000] {processor.py:183} INFO - Processing /home/airflow/.local/lib/python3.12/site-packages/airflow/example_dags/example_setup_teardown_taskflow.py took 0.086 seconds
[2025-08-17T01:12:46.292+0000] {processor.py:161} INFO - Started process (PID=1379) to work on /home/airflow/.local/lib/python3.12/site-packages/airflow/example_dags/example_setup_teardown_taskflow.py
[2025-08-17T01:12:46.293+0000] {processor.py:830} INFO - Processing file /home/airflow/.local/lib/python3.12/site-packages/airflow/example_dags/example_setup_teardown_taskflow.py for tasks to queue
[2025-08-17T01:12:46.295+0000] {logging_mixin.py:188} INFO - [2025-08-17T01:12:46.295+0000] {dagbag.py:545} INFO - Filling up the DagBag from /home/airflow/.local/lib/python3.12/site-packages/airflow/example_dags/example_setup_teardown_taskflow.py
[2025-08-17T01:12:46.305+0000] {processor.py:840} INFO - DAG(s) 'example_setup_teardown_taskflow' retrieved from /home/airflow/.local/lib/python3.12/site-packages/airflow/example_dags/example_setup_teardown_taskflow.py
[2025-08-17T01:12:46.328+0000] {logging_mixin.py:188} INFO - [2025-08-17T01:12:46.328+0000] {dag.py:3089} INFO - Sync 1 DAGs
[2025-08-17T01:12:46.350+0000] {logging_mixin.py:188} INFO - [2025-08-17T01:12:46.350+0000] {dag.py:3947} INFO - Setting next_dagrun for example_setup_teardown_taskflow to 2025-08-16 00:00:00+00:00, run_after=2025-08-17 00:00:00+00:00
[2025-08-17T01:12:46.369+0000] {processor.py:183} INFO - Processing /home/airflow/.local/lib/python3.12/site-packages/airflow/example_dags/example_setup_teardown_taskflow.py took 0.084 seconds
[2025-08-17T01:13:16.805+0000] {processor.py:161} INFO - Started process (PID=1439) to work on /home/airflow/.local/lib/python3.12/site-packages/airflow/example_dags/example_setup_teardown_taskflow.py
[2025-08-17T01:13:16.807+0000] {processor.py:830} INFO - Processing file /home/airflow/.local/lib/python3.12/site-packages/airflow/example_dags/example_setup_teardown_taskflow.py for tasks to queue
[2025-08-17T01:13:16.809+0000] {logging_mixin.py:188} INFO - [2025-08-17T01:13:16.809+0000] {dagbag.py:545} INFO - Filling up the DagBag from /home/airflow/.local/lib/python3.12/site-packages/airflow/example_dags/example_setup_teardown_taskflow.py
[2025-08-17T01:13:16.819+0000] {processor.py:840} INFO - DAG(s) 'example_setup_teardown_taskflow' retrieved from /home/airflow/.local/lib/python3.12/site-packages/airflow/example_dags/example_setup_teardown_taskflow.py
[2025-08-17T01:13:16.842+0000] {logging_mixin.py:188} INFO - [2025-08-17T01:13:16.842+0000] {dag.py:3089} INFO - Sync 1 DAGs
[2025-08-17T01:13:16.865+0000] {logging_mixin.py:188} INFO - [2025-08-17T01:13:16.865+0000] {dag.py:3947} INFO - Setting next_dagrun for example_setup_teardown_taskflow to 2025-08-16 00:00:00+00:00, run_after=2025-08-17 00:00:00+00:00
[2025-08-17T01:13:16.884+0000] {processor.py:183} INFO - Processing /home/airflow/.local/lib/python3.12/site-packages/airflow/example_dags/example_setup_teardown_taskflow.py took 0.085 seconds
[2025-08-17T01:13:47.204+0000] {processor.py:161} INFO - Started process (PID=1498) to work on /home/airflow/.local/lib/python3.12/site-packages/airflow/example_dags/example_setup_teardown_taskflow.py
[2025-08-17T01:13:47.205+0000] {processor.py:830} INFO - Processing file /home/airflow/.local/lib/python3.12/site-packages/airflow/example_dags/example_setup_teardown_taskflow.py for tasks to queue
[2025-08-17T01:13:47.207+0000] {logging_mixin.py:188} INFO - [2025-08-17T01:13:47.207+0000] {dagbag.py:545} INFO - Filling up the DagBag from /home/airflow/.local/lib/python3.12/site-packages/airflow/example_dags/example_setup_teardown_taskflow.py
[2025-08-17T01:13:47.216+0000] {processor.py:840} INFO - DAG(s) 'example_setup_teardown_taskflow' retrieved from /home/airflow/.local/lib/python3.12/site-packages/airflow/example_dags/example_setup_teardown_taskflow.py
[2025-08-17T01:13:47.241+0000] {logging_mixin.py:188} INFO - [2025-08-17T01:13:47.240+0000] {dag.py:3089} INFO - Sync 1 DAGs
[2025-08-17T01:13:47.265+0000] {logging_mixin.py:188} INFO - [2025-08-17T01:13:47.265+0000] {dag.py:3947} INFO - Setting next_dagrun for example_setup_teardown_taskflow to 2025-08-16 00:00:00+00:00, run_after=2025-08-17 00:00:00+00:00
[2025-08-17T01:13:47.286+0000] {processor.py:183} INFO - Processing /home/airflow/.local/lib/python3.12/site-packages/airflow/example_dags/example_setup_teardown_taskflow.py took 0.088 seconds
[2025-08-17T01:14:17.816+0000] {processor.py:161} INFO - Started process (PID=1557) to work on /home/airflow/.local/lib/python3.12/site-packages/airflow/example_dags/example_setup_teardown_taskflow.py
[2025-08-17T01:14:17.818+0000] {processor.py:830} INFO - Processing file /home/airflow/.local/lib/python3.12/site-packages/airflow/example_dags/example_setup_teardown_taskflow.py for tasks to queue
[2025-08-17T01:14:17.820+0000] {logging_mixin.py:188} INFO - [2025-08-17T01:14:17.820+0000] {dagbag.py:545} INFO - Filling up the DagBag from /home/airflow/.local/lib/python3.12/site-packages/airflow/example_dags/example_setup_teardown_taskflow.py
[2025-08-17T01:14:17.830+0000] {processor.py:840} INFO - DAG(s) 'example_setup_teardown_taskflow' retrieved from /home/airflow/.local/lib/python3.12/site-packages/airflow/example_dags/example_setup_teardown_taskflow.py
[2025-08-17T01:14:17.856+0000] {logging_mixin.py:188} INFO - [2025-08-17T01:14:17.855+0000] {dag.py:3089} INFO - Sync 1 DAGs
[2025-08-17T01:14:17.877+0000] {logging_mixin.py:188} INFO - [2025-08-17T01:14:17.877+0000] {dag.py:3947} INFO - Setting next_dagrun for example_setup_teardown_taskflow to 2025-08-16 00:00:00+00:00, run_after=2025-08-17 00:00:00+00:00
[2025-08-17T01:14:17.895+0000] {processor.py:183} INFO - Processing /home/airflow/.local/lib/python3.12/site-packages/airflow/example_dags/example_setup_teardown_taskflow.py took 0.085 seconds
[2025-08-17T01:14:48.484+0000] {processor.py:161} INFO - Started process (PID=1616) to work on /home/airflow/.local/lib/python3.12/site-packages/airflow/example_dags/example_setup_teardown_taskflow.py
[2025-08-17T01:14:48.485+0000] {processor.py:830} INFO - Processing file /home/airflow/.local/lib/python3.12/site-packages/airflow/example_dags/example_setup_teardown_taskflow.py for tasks to queue
[2025-08-17T01:14:48.488+0000] {logging_mixin.py:188} INFO - [2025-08-17T01:14:48.487+0000] {dagbag.py:545} INFO - Filling up the DagBag from /home/airflow/.local/lib/python3.12/site-packages/airflow/example_dags/example_setup_teardown_taskflow.py
[2025-08-17T01:14:48.497+0000] {processor.py:840} INFO - DAG(s) 'example_setup_teardown_taskflow' retrieved from /home/airflow/.local/lib/python3.12/site-packages/airflow/example_dags/example_setup_teardown_taskflow.py
[2025-08-17T01:14:48.522+0000] {logging_mixin.py:188} INFO - [2025-08-17T01:14:48.521+0000] {dag.py:3089} INFO - Sync 1 DAGs
[2025-08-17T01:14:48.545+0000] {logging_mixin.py:188} INFO - [2025-08-17T01:14:48.545+0000] {dag.py:3947} INFO - Setting next_dagrun for example_setup_teardown_taskflow to 2025-08-16 00:00:00+00:00, run_after=2025-08-17 00:00:00+00:00
[2025-08-17T01:14:48.567+0000] {processor.py:183} INFO - Processing /home/airflow/.local/lib/python3.12/site-packages/airflow/example_dags/example_setup_teardown_taskflow.py took 0.089 seconds
[2025-08-17T01:15:19.079+0000] {processor.py:161} INFO - Started process (PID=1675) to work on /home/airflow/.local/lib/python3.12/site-packages/airflow/example_dags/example_setup_teardown_taskflow.py
[2025-08-17T01:15:19.080+0000] {processor.py:830} INFO - Processing file /home/airflow/.local/lib/python3.12/site-packages/airflow/example_dags/example_setup_teardown_taskflow.py for tasks to queue
[2025-08-17T01:15:19.083+0000] {logging_mixin.py:188} INFO - [2025-08-17T01:15:19.082+0000] {dagbag.py:545} INFO - Filling up the DagBag from /home/airflow/.local/lib/python3.12/site-packages/airflow/example_dags/example_setup_teardown_taskflow.py
[2025-08-17T01:15:19.092+0000] {processor.py:840} INFO - DAG(s) 'example_setup_teardown_taskflow' retrieved from /home/airflow/.local/lib/python3.12/site-packages/airflow/example_dags/example_setup_teardown_taskflow.py
[2025-08-17T01:15:19.114+0000] {logging_mixin.py:188} INFO - [2025-08-17T01:15:19.114+0000] {dag.py:3089} INFO - Sync 1 DAGs
[2025-08-17T01:15:19.274+0000] {logging_mixin.py:188} INFO - [2025-08-17T01:15:19.274+0000] {dag.py:3947} INFO - Setting next_dagrun for example_setup_teardown_taskflow to 2025-08-16 00:00:00+00:00, run_after=2025-08-17 00:00:00+00:00
[2025-08-17T01:15:19.291+0000] {processor.py:183} INFO - Processing /home/airflow/.local/lib/python3.12/site-packages/airflow/example_dags/example_setup_teardown_taskflow.py took 0.217 seconds
[2025-08-17T01:15:49.701+0000] {processor.py:161} INFO - Started process (PID=1734) to work on /home/airflow/.local/lib/python3.12/site-packages/airflow/example_dags/example_setup_teardown_taskflow.py
[2025-08-17T01:15:49.703+0000] {processor.py:830} INFO - Processing file /home/airflow/.local/lib/python3.12/site-packages/airflow/example_dags/example_setup_teardown_taskflow.py for tasks to queue
[2025-08-17T01:15:49.705+0000] {logging_mixin.py:188} INFO - [2025-08-17T01:15:49.705+0000] {dagbag.py:545} INFO - Filling up the DagBag from /home/airflow/.local/lib/python3.12/site-packages/airflow/example_dags/example_setup_teardown_taskflow.py
[2025-08-17T01:15:49.714+0000] {processor.py:840} INFO - DAG(s) 'example_setup_teardown_taskflow' retrieved from /home/airflow/.local/lib/python3.12/site-packages/airflow/example_dags/example_setup_teardown_taskflow.py
[2025-08-17T01:15:49.738+0000] {logging_mixin.py:188} INFO - [2025-08-17T01:15:49.738+0000] {dag.py:3089} INFO - Sync 1 DAGs
[2025-08-17T01:15:49.761+0000] {logging_mixin.py:188} INFO - [2025-08-17T01:15:49.761+0000] {dag.py:3947} INFO - Setting next_dagrun for example_setup_teardown_taskflow to 2025-08-16 00:00:00+00:00, run_after=2025-08-17 00:00:00+00:00
[2025-08-17T01:15:49.934+0000] {processor.py:183} INFO - Processing /home/airflow/.local/lib/python3.12/site-packages/airflow/example_dags/example_setup_teardown_taskflow.py took 0.239 seconds
[2025-08-17T01:16:20.297+0000] {processor.py:161} INFO - Started process (PID=1793) to work on /home/airflow/.local/lib/python3.12/site-packages/airflow/example_dags/example_setup_teardown_taskflow.py
[2025-08-17T01:16:20.299+0000] {processor.py:830} INFO - Processing file /home/airflow/.local/lib/python3.12/site-packages/airflow/example_dags/example_setup_teardown_taskflow.py for tasks to queue
[2025-08-17T01:16:20.302+0000] {logging_mixin.py:188} INFO - [2025-08-17T01:16:20.301+0000] {dagbag.py:545} INFO - Filling up the DagBag from /home/airflow/.local/lib/python3.12/site-packages/airflow/example_dags/example_setup_teardown_taskflow.py
[2025-08-17T01:16:20.312+0000] {processor.py:840} INFO - DAG(s) 'example_setup_teardown_taskflow' retrieved from /home/airflow/.local/lib/python3.12/site-packages/airflow/example_dags/example_setup_teardown_taskflow.py
[2025-08-17T01:16:20.339+0000] {logging_mixin.py:188} INFO - [2025-08-17T01:16:20.339+0000] {dag.py:3089} INFO - Sync 1 DAGs
[2025-08-17T01:16:20.363+0000] {logging_mixin.py:188} INFO - [2025-08-17T01:16:20.363+0000] {dag.py:3947} INFO - Setting next_dagrun for example_setup_teardown_taskflow to 2025-08-16 00:00:00+00:00, run_after=2025-08-17 00:00:00+00:00
[2025-08-17T01:16:20.385+0000] {processor.py:183} INFO - Processing /home/airflow/.local/lib/python3.12/site-packages/airflow/example_dags/example_setup_teardown_taskflow.py took 0.095 seconds
[2025-08-17T01:17:38.565+0000] {processor.py:161} INFO - Started process (PID=80) to work on /home/airflow/.local/lib/python3.12/site-packages/airflow/example_dags/example_setup_teardown_taskflow.py
[2025-08-17T01:17:38.567+0000] {processor.py:830} INFO - Processing file /home/airflow/.local/lib/python3.12/site-packages/airflow/example_dags/example_setup_teardown_taskflow.py for tasks to queue
[2025-08-17T01:17:38.571+0000] {logging_mixin.py:188} INFO - [2025-08-17T01:17:38.571+0000] {dagbag.py:545} INFO - Filling up the DagBag from /home/airflow/.local/lib/python3.12/site-packages/airflow/example_dags/example_setup_teardown_taskflow.py
[2025-08-17T01:17:38.594+0000] {processor.py:840} INFO - DAG(s) 'example_setup_teardown_taskflow' retrieved from /home/airflow/.local/lib/python3.12/site-packages/airflow/example_dags/example_setup_teardown_taskflow.py
[2025-08-17T01:17:38.816+0000] {logging_mixin.py:188} INFO - [2025-08-17T01:17:38.816+0000] {dag.py:3089} INFO - Sync 1 DAGs
[2025-08-17T01:17:38.858+0000] {logging_mixin.py:188} INFO - [2025-08-17T01:17:38.857+0000] {dag.py:3947} INFO - Setting next_dagrun for example_setup_teardown_taskflow to 2025-08-16 00:00:00+00:00, run_after=2025-08-17 00:00:00+00:00
[2025-08-17T01:17:38.899+0000] {processor.py:183} INFO - Processing /home/airflow/.local/lib/python3.12/site-packages/airflow/example_dags/example_setup_teardown_taskflow.py took 0.346 seconds
[2025-08-17T01:18:09.166+0000] {processor.py:161} INFO - Started process (PID=139) to work on /home/airflow/.local/lib/python3.12/site-packages/airflow/example_dags/example_setup_teardown_taskflow.py
[2025-08-17T01:18:09.175+0000] {processor.py:830} INFO - Processing file /home/airflow/.local/lib/python3.12/site-packages/airflow/example_dags/example_setup_teardown_taskflow.py for tasks to queue
[2025-08-17T01:18:09.187+0000] {logging_mixin.py:188} INFO - [2025-08-17T01:18:09.186+0000] {dagbag.py:545} INFO - Filling up the DagBag from /home/airflow/.local/lib/python3.12/site-packages/airflow/example_dags/example_setup_teardown_taskflow.py
[2025-08-17T01:18:09.226+0000] {processor.py:840} INFO - DAG(s) 'example_setup_teardown_taskflow' retrieved from /home/airflow/.local/lib/python3.12/site-packages/airflow/example_dags/example_setup_teardown_taskflow.py
[2025-08-17T01:18:09.278+0000] {logging_mixin.py:188} INFO - [2025-08-17T01:18:09.277+0000] {dag.py:3089} INFO - Sync 1 DAGs
[2025-08-17T01:18:09.358+0000] {logging_mixin.py:188} INFO - [2025-08-17T01:18:09.357+0000] {dag.py:3947} INFO - Setting next_dagrun for example_setup_teardown_taskflow to 2025-08-16 00:00:00+00:00, run_after=2025-08-17 00:00:00+00:00
[2025-08-17T01:18:09.407+0000] {processor.py:183} INFO - Processing /home/airflow/.local/lib/python3.12/site-packages/airflow/example_dags/example_setup_teardown_taskflow.py took 0.274 seconds
[2025-08-17T01:18:40.302+0000] {processor.py:161} INFO - Started process (PID=204) to work on /home/airflow/.local/lib/python3.12/site-packages/airflow/example_dags/example_setup_teardown_taskflow.py
[2025-08-17T01:18:40.304+0000] {processor.py:830} INFO - Processing file /home/airflow/.local/lib/python3.12/site-packages/airflow/example_dags/example_setup_teardown_taskflow.py for tasks to queue
[2025-08-17T01:18:40.308+0000] {logging_mixin.py:188} INFO - [2025-08-17T01:18:40.307+0000] {dagbag.py:545} INFO - Filling up the DagBag from /home/airflow/.local/lib/python3.12/site-packages/airflow/example_dags/example_setup_teardown_taskflow.py
[2025-08-17T01:18:40.326+0000] {processor.py:840} INFO - DAG(s) 'example_setup_teardown_taskflow' retrieved from /home/airflow/.local/lib/python3.12/site-packages/airflow/example_dags/example_setup_teardown_taskflow.py
[2025-08-17T01:18:40.362+0000] {logging_mixin.py:188} INFO - [2025-08-17T01:18:40.361+0000] {dag.py:3089} INFO - Sync 1 DAGs
[2025-08-17T01:18:40.392+0000] {logging_mixin.py:188} INFO - [2025-08-17T01:18:40.391+0000] {dag.py:3947} INFO - Setting next_dagrun for example_setup_teardown_taskflow to 2025-08-16 00:00:00+00:00, run_after=2025-08-17 00:00:00+00:00
[2025-08-17T01:18:40.418+0000] {processor.py:183} INFO - Processing /home/airflow/.local/lib/python3.12/site-packages/airflow/example_dags/example_setup_teardown_taskflow.py took 0.125 seconds
[2025-08-17T01:19:10.509+0000] {processor.py:161} INFO - Started process (PID=263) to work on /home/airflow/.local/lib/python3.12/site-packages/airflow/example_dags/example_setup_teardown_taskflow.py
[2025-08-17T01:19:10.510+0000] {processor.py:830} INFO - Processing file /home/airflow/.local/lib/python3.12/site-packages/airflow/example_dags/example_setup_teardown_taskflow.py for tasks to queue
[2025-08-17T01:19:10.514+0000] {logging_mixin.py:188} INFO - [2025-08-17T01:19:10.513+0000] {dagbag.py:545} INFO - Filling up the DagBag from /home/airflow/.local/lib/python3.12/site-packages/airflow/example_dags/example_setup_teardown_taskflow.py
[2025-08-17T01:19:10.526+0000] {processor.py:840} INFO - DAG(s) 'example_setup_teardown_taskflow' retrieved from /home/airflow/.local/lib/python3.12/site-packages/airflow/example_dags/example_setup_teardown_taskflow.py
[2025-08-17T01:19:10.555+0000] {logging_mixin.py:188} INFO - [2025-08-17T01:19:10.554+0000] {dag.py:3089} INFO - Sync 1 DAGs
[2025-08-17T01:19:10.580+0000] {logging_mixin.py:188} INFO - [2025-08-17T01:19:10.579+0000] {dag.py:3947} INFO - Setting next_dagrun for example_setup_teardown_taskflow to 2025-08-16 00:00:00+00:00, run_after=2025-08-17 00:00:00+00:00
[2025-08-17T01:19:10.605+0000] {processor.py:183} INFO - Processing /home/airflow/.local/lib/python3.12/site-packages/airflow/example_dags/example_setup_teardown_taskflow.py took 0.104 seconds
[2025-08-17T01:19:40.710+0000] {processor.py:161} INFO - Started process (PID=322) to work on /home/airflow/.local/lib/python3.12/site-packages/airflow/example_dags/example_setup_teardown_taskflow.py
[2025-08-17T01:19:40.711+0000] {processor.py:830} INFO - Processing file /home/airflow/.local/lib/python3.12/site-packages/airflow/example_dags/example_setup_teardown_taskflow.py for tasks to queue
[2025-08-17T01:19:40.714+0000] {logging_mixin.py:188} INFO - [2025-08-17T01:19:40.714+0000] {dagbag.py:545} INFO - Filling up the DagBag from /home/airflow/.local/lib/python3.12/site-packages/airflow/example_dags/example_setup_teardown_taskflow.py
[2025-08-17T01:19:40.724+0000] {processor.py:840} INFO - DAG(s) 'example_setup_teardown_taskflow' retrieved from /home/airflow/.local/lib/python3.12/site-packages/airflow/example_dags/example_setup_teardown_taskflow.py
[2025-08-17T01:19:40.749+0000] {logging_mixin.py:188} INFO - [2025-08-17T01:19:40.749+0000] {dag.py:3089} INFO - Sync 1 DAGs
[2025-08-17T01:19:40.774+0000] {logging_mixin.py:188} INFO - [2025-08-17T01:19:40.774+0000] {dag.py:3947} INFO - Setting next_dagrun for example_setup_teardown_taskflow to 2025-08-16 00:00:00+00:00, run_after=2025-08-17 00:00:00+00:00
[2025-08-17T01:19:40.795+0000] {processor.py:183} INFO - Processing /home/airflow/.local/lib/python3.12/site-packages/airflow/example_dags/example_setup_teardown_taskflow.py took 0.092 seconds
[2025-08-17T01:20:10.961+0000] {processor.py:161} INFO - Started process (PID=382) to work on /home/airflow/.local/lib/python3.12/site-packages/airflow/example_dags/example_setup_teardown_taskflow.py
[2025-08-17T01:20:10.962+0000] {processor.py:830} INFO - Processing file /home/airflow/.local/lib/python3.12/site-packages/airflow/example_dags/example_setup_teardown_taskflow.py for tasks to queue
[2025-08-17T01:20:10.965+0000] {logging_mixin.py:188} INFO - [2025-08-17T01:20:10.964+0000] {dagbag.py:545} INFO - Filling up the DagBag from /home/airflow/.local/lib/python3.12/site-packages/airflow/example_dags/example_setup_teardown_taskflow.py
[2025-08-17T01:20:10.974+0000] {processor.py:840} INFO - DAG(s) 'example_setup_teardown_taskflow' retrieved from /home/airflow/.local/lib/python3.12/site-packages/airflow/example_dags/example_setup_teardown_taskflow.py
[2025-08-17T01:20:10.998+0000] {logging_mixin.py:188} INFO - [2025-08-17T01:20:10.998+0000] {dag.py:3089} INFO - Sync 1 DAGs
[2025-08-17T01:20:11.024+0000] {logging_mixin.py:188} INFO - [2025-08-17T01:20:11.024+0000] {dag.py:3947} INFO - Setting next_dagrun for example_setup_teardown_taskflow to 2025-08-16 00:00:00+00:00, run_after=2025-08-17 00:00:00+00:00
[2025-08-17T01:20:11.046+0000] {processor.py:183} INFO - Processing /home/airflow/.local/lib/python3.12/site-packages/airflow/example_dags/example_setup_teardown_taskflow.py took 0.091 seconds
[2025-08-17T01:20:41.150+0000] {processor.py:161} INFO - Started process (PID=442) to work on /home/airflow/.local/lib/python3.12/site-packages/airflow/example_dags/example_setup_teardown_taskflow.py
[2025-08-17T01:20:41.151+0000] {processor.py:830} INFO - Processing file /home/airflow/.local/lib/python3.12/site-packages/airflow/example_dags/example_setup_teardown_taskflow.py for tasks to queue
[2025-08-17T01:20:41.153+0000] {logging_mixin.py:188} INFO - [2025-08-17T01:20:41.153+0000] {dagbag.py:545} INFO - Filling up the DagBag from /home/airflow/.local/lib/python3.12/site-packages/airflow/example_dags/example_setup_teardown_taskflow.py
[2025-08-17T01:20:41.163+0000] {processor.py:840} INFO - DAG(s) 'example_setup_teardown_taskflow' retrieved from /home/airflow/.local/lib/python3.12/site-packages/airflow/example_dags/example_setup_teardown_taskflow.py
[2025-08-17T01:20:41.190+0000] {logging_mixin.py:188} INFO - [2025-08-17T01:20:41.190+0000] {dag.py:3089} INFO - Sync 1 DAGs
[2025-08-17T01:20:41.213+0000] {logging_mixin.py:188} INFO - [2025-08-17T01:20:41.213+0000] {dag.py:3947} INFO - Setting next_dagrun for example_setup_teardown_taskflow to 2025-08-16 00:00:00+00:00, run_after=2025-08-17 00:00:00+00:00
[2025-08-17T01:20:41.234+0000] {processor.py:183} INFO - Processing /home/airflow/.local/lib/python3.12/site-packages/airflow/example_dags/example_setup_teardown_taskflow.py took 0.091 seconds
[2025-08-17T01:21:11.927+0000] {processor.py:161} INFO - Started process (PID=501) to work on /home/airflow/.local/lib/python3.12/site-packages/airflow/example_dags/example_setup_teardown_taskflow.py
[2025-08-17T01:21:11.928+0000] {processor.py:830} INFO - Processing file /home/airflow/.local/lib/python3.12/site-packages/airflow/example_dags/example_setup_teardown_taskflow.py for tasks to queue
[2025-08-17T01:21:11.931+0000] {logging_mixin.py:188} INFO - [2025-08-17T01:21:11.930+0000] {dagbag.py:545} INFO - Filling up the DagBag from /home/airflow/.local/lib/python3.12/site-packages/airflow/example_dags/example_setup_teardown_taskflow.py
[2025-08-17T01:21:11.941+0000] {processor.py:840} INFO - DAG(s) 'example_setup_teardown_taskflow' retrieved from /home/airflow/.local/lib/python3.12/site-packages/airflow/example_dags/example_setup_teardown_taskflow.py
[2025-08-17T01:21:11.966+0000] {logging_mixin.py:188} INFO - [2025-08-17T01:21:11.966+0000] {dag.py:3089} INFO - Sync 1 DAGs
[2025-08-17T01:21:11.989+0000] {logging_mixin.py:188} INFO - [2025-08-17T01:21:11.989+0000] {dag.py:3947} INFO - Setting next_dagrun for example_setup_teardown_taskflow to 2025-08-16 00:00:00+00:00, run_after=2025-08-17 00:00:00+00:00
[2025-08-17T01:21:12.011+0000] {processor.py:183} INFO - Processing /home/airflow/.local/lib/python3.12/site-packages/airflow/example_dags/example_setup_teardown_taskflow.py took 0.090 seconds
[2025-08-17T01:21:42.342+0000] {processor.py:161} INFO - Started process (PID=560) to work on /home/airflow/.local/lib/python3.12/site-packages/airflow/example_dags/example_setup_teardown_taskflow.py
[2025-08-17T01:21:42.344+0000] {processor.py:830} INFO - Processing file /home/airflow/.local/lib/python3.12/site-packages/airflow/example_dags/example_setup_teardown_taskflow.py for tasks to queue
[2025-08-17T01:21:42.346+0000] {logging_mixin.py:188} INFO - [2025-08-17T01:21:42.345+0000] {dagbag.py:545} INFO - Filling up the DagBag from /home/airflow/.local/lib/python3.12/site-packages/airflow/example_dags/example_setup_teardown_taskflow.py
[2025-08-17T01:21:42.355+0000] {processor.py:840} INFO - DAG(s) 'example_setup_teardown_taskflow' retrieved from /home/airflow/.local/lib/python3.12/site-packages/airflow/example_dags/example_setup_teardown_taskflow.py
[2025-08-17T01:21:42.379+0000] {logging_mixin.py:188} INFO - [2025-08-17T01:21:42.379+0000] {dag.py:3089} INFO - Sync 1 DAGs
[2025-08-17T01:21:42.401+0000] {logging_mixin.py:188} INFO - [2025-08-17T01:21:42.401+0000] {dag.py:3947} INFO - Setting next_dagrun for example_setup_teardown_taskflow to 2025-08-16 00:00:00+00:00, run_after=2025-08-17 00:00:00+00:00
[2025-08-17T01:21:42.437+0000] {processor.py:183} INFO - Processing /home/airflow/.local/lib/python3.12/site-packages/airflow/example_dags/example_setup_teardown_taskflow.py took 0.100 seconds
[2025-08-17T01:22:12.617+0000] {processor.py:161} INFO - Started process (PID=619) to work on /home/airflow/.local/lib/python3.12/site-packages/airflow/example_dags/example_setup_teardown_taskflow.py
[2025-08-17T01:22:12.619+0000] {processor.py:830} INFO - Processing file /home/airflow/.local/lib/python3.12/site-packages/airflow/example_dags/example_setup_teardown_taskflow.py for tasks to queue
[2025-08-17T01:22:12.621+0000] {logging_mixin.py:188} INFO - [2025-08-17T01:22:12.621+0000] {dagbag.py:545} INFO - Filling up the DagBag from /home/airflow/.local/lib/python3.12/site-packages/airflow/example_dags/example_setup_teardown_taskflow.py
[2025-08-17T01:22:12.630+0000] {processor.py:840} INFO - DAG(s) 'example_setup_teardown_taskflow' retrieved from /home/airflow/.local/lib/python3.12/site-packages/airflow/example_dags/example_setup_teardown_taskflow.py
[2025-08-17T01:22:12.656+0000] {logging_mixin.py:188} INFO - [2025-08-17T01:22:12.656+0000] {dag.py:3089} INFO - Sync 1 DAGs
[2025-08-17T01:22:12.681+0000] {logging_mixin.py:188} INFO - [2025-08-17T01:22:12.681+0000] {dag.py:3947} INFO - Setting next_dagrun for example_setup_teardown_taskflow to 2025-08-16 00:00:00+00:00, run_after=2025-08-17 00:00:00+00:00
[2025-08-17T01:22:12.705+0000] {processor.py:183} INFO - Processing /home/airflow/.local/lib/python3.12/site-packages/airflow/example_dags/example_setup_teardown_taskflow.py took 0.094 seconds
[2025-08-17T01:22:42.753+0000] {processor.py:161} INFO - Started process (PID=678) to work on /home/airflow/.local/lib/python3.12/site-packages/airflow/example_dags/example_setup_teardown_taskflow.py
[2025-08-17T01:22:42.754+0000] {processor.py:830} INFO - Processing file /home/airflow/.local/lib/python3.12/site-packages/airflow/example_dags/example_setup_teardown_taskflow.py for tasks to queue
[2025-08-17T01:22:42.756+0000] {logging_mixin.py:188} INFO - [2025-08-17T01:22:42.756+0000] {dagbag.py:545} INFO - Filling up the DagBag from /home/airflow/.local/lib/python3.12/site-packages/airflow/example_dags/example_setup_teardown_taskflow.py
[2025-08-17T01:22:42.765+0000] {processor.py:840} INFO - DAG(s) 'example_setup_teardown_taskflow' retrieved from /home/airflow/.local/lib/python3.12/site-packages/airflow/example_dags/example_setup_teardown_taskflow.py
[2025-08-17T01:22:42.786+0000] {logging_mixin.py:188} INFO - [2025-08-17T01:22:42.786+0000] {dag.py:3089} INFO - Sync 1 DAGs
[2025-08-17T01:22:42.806+0000] {logging_mixin.py:188} INFO - [2025-08-17T01:22:42.806+0000] {dag.py:3947} INFO - Setting next_dagrun for example_setup_teardown_taskflow to 2025-08-16 00:00:00+00:00, run_after=2025-08-17 00:00:00+00:00
[2025-08-17T01:22:42.823+0000] {processor.py:183} INFO - Processing /home/airflow/.local/lib/python3.12/site-packages/airflow/example_dags/example_setup_teardown_taskflow.py took 0.076 seconds
[2025-08-17T01:23:13.041+0000] {processor.py:161} INFO - Started process (PID=737) to work on /home/airflow/.local/lib/python3.12/site-packages/airflow/example_dags/example_setup_teardown_taskflow.py
[2025-08-17T01:23:13.042+0000] {processor.py:830} INFO - Processing file /home/airflow/.local/lib/python3.12/site-packages/airflow/example_dags/example_setup_teardown_taskflow.py for tasks to queue
[2025-08-17T01:23:13.045+0000] {logging_mixin.py:188} INFO - [2025-08-17T01:23:13.045+0000] {dagbag.py:545} INFO - Filling up the DagBag from /home/airflow/.local/lib/python3.12/site-packages/airflow/example_dags/example_setup_teardown_taskflow.py
[2025-08-17T01:23:13.055+0000] {processor.py:840} INFO - DAG(s) 'example_setup_teardown_taskflow' retrieved from /home/airflow/.local/lib/python3.12/site-packages/airflow/example_dags/example_setup_teardown_taskflow.py
[2025-08-17T01:23:13.078+0000] {logging_mixin.py:188} INFO - [2025-08-17T01:23:13.078+0000] {dag.py:3089} INFO - Sync 1 DAGs
[2025-08-17T01:23:13.099+0000] {logging_mixin.py:188} INFO - [2025-08-17T01:23:13.099+0000] {dag.py:3947} INFO - Setting next_dagrun for example_setup_teardown_taskflow to 2025-08-16 00:00:00+00:00, run_after=2025-08-17 00:00:00+00:00
[2025-08-17T01:23:13.121+0000] {processor.py:183} INFO - Processing /home/airflow/.local/lib/python3.12/site-packages/airflow/example_dags/example_setup_teardown_taskflow.py took 0.085 seconds
[2025-08-17T01:23:43.847+0000] {processor.py:161} INFO - Started process (PID=796) to work on /home/airflow/.local/lib/python3.12/site-packages/airflow/example_dags/example_setup_teardown_taskflow.py
[2025-08-17T01:23:43.849+0000] {processor.py:830} INFO - Processing file /home/airflow/.local/lib/python3.12/site-packages/airflow/example_dags/example_setup_teardown_taskflow.py for tasks to queue
[2025-08-17T01:23:43.851+0000] {logging_mixin.py:188} INFO - [2025-08-17T01:23:43.851+0000] {dagbag.py:545} INFO - Filling up the DagBag from /home/airflow/.local/lib/python3.12/site-packages/airflow/example_dags/example_setup_teardown_taskflow.py
[2025-08-17T01:23:43.862+0000] {processor.py:840} INFO - DAG(s) 'example_setup_teardown_taskflow' retrieved from /home/airflow/.local/lib/python3.12/site-packages/airflow/example_dags/example_setup_teardown_taskflow.py
[2025-08-17T01:23:43.889+0000] {logging_mixin.py:188} INFO - [2025-08-17T01:23:43.889+0000] {dag.py:3089} INFO - Sync 1 DAGs
[2025-08-17T01:23:43.917+0000] {logging_mixin.py:188} INFO - [2025-08-17T01:23:43.917+0000] {dag.py:3947} INFO - Setting next_dagrun for example_setup_teardown_taskflow to 2025-08-16 00:00:00+00:00, run_after=2025-08-17 00:00:00+00:00
[2025-08-17T01:23:43.940+0000] {processor.py:183} INFO - Processing /home/airflow/.local/lib/python3.12/site-packages/airflow/example_dags/example_setup_teardown_taskflow.py took 0.099 seconds
[2025-08-17T01:24:14.135+0000] {processor.py:161} INFO - Started process (PID=854) to work on /home/airflow/.local/lib/python3.12/site-packages/airflow/example_dags/example_setup_teardown_taskflow.py
[2025-08-17T01:24:14.136+0000] {processor.py:830} INFO - Processing file /home/airflow/.local/lib/python3.12/site-packages/airflow/example_dags/example_setup_teardown_taskflow.py for tasks to queue
[2025-08-17T01:24:14.138+0000] {logging_mixin.py:188} INFO - [2025-08-17T01:24:14.138+0000] {dagbag.py:545} INFO - Filling up the DagBag from /home/airflow/.local/lib/python3.12/site-packages/airflow/example_dags/example_setup_teardown_taskflow.py
[2025-08-17T01:24:14.147+0000] {processor.py:840} INFO - DAG(s) 'example_setup_teardown_taskflow' retrieved from /home/airflow/.local/lib/python3.12/site-packages/airflow/example_dags/example_setup_teardown_taskflow.py
[2025-08-17T01:24:14.170+0000] {logging_mixin.py:188} INFO - [2025-08-17T01:24:14.170+0000] {dag.py:3089} INFO - Sync 1 DAGs
[2025-08-17T01:24:14.196+0000] {logging_mixin.py:188} INFO - [2025-08-17T01:24:14.196+0000] {dag.py:3947} INFO - Setting next_dagrun for example_setup_teardown_taskflow to 2025-08-16 00:00:00+00:00, run_after=2025-08-17 00:00:00+00:00
[2025-08-17T01:24:14.219+0000] {processor.py:183} INFO - Processing /home/airflow/.local/lib/python3.12/site-packages/airflow/example_dags/example_setup_teardown_taskflow.py took 0.090 seconds
[2025-08-17T01:24:44.345+0000] {processor.py:161} INFO - Started process (PID=913) to work on /home/airflow/.local/lib/python3.12/site-packages/airflow/example_dags/example_setup_teardown_taskflow.py
[2025-08-17T01:24:44.347+0000] {processor.py:830} INFO - Processing file /home/airflow/.local/lib/python3.12/site-packages/airflow/example_dags/example_setup_teardown_taskflow.py for tasks to queue
[2025-08-17T01:24:44.348+0000] {logging_mixin.py:188} INFO - [2025-08-17T01:24:44.348+0000] {dagbag.py:545} INFO - Filling up the DagBag from /home/airflow/.local/lib/python3.12/site-packages/airflow/example_dags/example_setup_teardown_taskflow.py
[2025-08-17T01:24:44.357+0000] {processor.py:840} INFO - DAG(s) 'example_setup_teardown_taskflow' retrieved from /home/airflow/.local/lib/python3.12/site-packages/airflow/example_dags/example_setup_teardown_taskflow.py
[2025-08-17T01:24:44.381+0000] {logging_mixin.py:188} INFO - [2025-08-17T01:24:44.381+0000] {dag.py:3089} INFO - Sync 1 DAGs
[2025-08-17T01:24:44.403+0000] {logging_mixin.py:188} INFO - [2025-08-17T01:24:44.403+0000] {dag.py:3947} INFO - Setting next_dagrun for example_setup_teardown_taskflow to 2025-08-16 00:00:00+00:00, run_after=2025-08-17 00:00:00+00:00
[2025-08-17T01:24:44.424+0000] {processor.py:183} INFO - Processing /home/airflow/.local/lib/python3.12/site-packages/airflow/example_dags/example_setup_teardown_taskflow.py took 0.084 seconds
[2025-08-17T01:25:14.785+0000] {processor.py:161} INFO - Started process (PID=972) to work on /home/airflow/.local/lib/python3.12/site-packages/airflow/example_dags/example_setup_teardown_taskflow.py
[2025-08-17T01:25:14.787+0000] {processor.py:830} INFO - Processing file /home/airflow/.local/lib/python3.12/site-packages/airflow/example_dags/example_setup_teardown_taskflow.py for tasks to queue
[2025-08-17T01:25:14.790+0000] {logging_mixin.py:188} INFO - [2025-08-17T01:25:14.789+0000] {dagbag.py:545} INFO - Filling up the DagBag from /home/airflow/.local/lib/python3.12/site-packages/airflow/example_dags/example_setup_teardown_taskflow.py
[2025-08-17T01:25:14.800+0000] {processor.py:840} INFO - DAG(s) 'example_setup_teardown_taskflow' retrieved from /home/airflow/.local/lib/python3.12/site-packages/airflow/example_dags/example_setup_teardown_taskflow.py
[2025-08-17T01:25:14.828+0000] {logging_mixin.py:188} INFO - [2025-08-17T01:25:14.828+0000] {dag.py:3089} INFO - Sync 1 DAGs
[2025-08-17T01:25:14.855+0000] {logging_mixin.py:188} INFO - [2025-08-17T01:25:14.855+0000] {dag.py:3947} INFO - Setting next_dagrun for example_setup_teardown_taskflow to 2025-08-16 00:00:00+00:00, run_after=2025-08-17 00:00:00+00:00
[2025-08-17T01:25:14.881+0000] {processor.py:183} INFO - Processing /home/airflow/.local/lib/python3.12/site-packages/airflow/example_dags/example_setup_teardown_taskflow.py took 0.103 seconds
[2025-08-17T01:26:40.109+0000] {processor.py:161} INFO - Started process (PID=80) to work on /home/airflow/.local/lib/python3.12/site-packages/airflow/example_dags/example_setup_teardown_taskflow.py
[2025-08-17T01:26:40.110+0000] {processor.py:830} INFO - Processing file /home/airflow/.local/lib/python3.12/site-packages/airflow/example_dags/example_setup_teardown_taskflow.py for tasks to queue
[2025-08-17T01:26:40.114+0000] {logging_mixin.py:188} INFO - [2025-08-17T01:26:40.113+0000] {dagbag.py:545} INFO - Filling up the DagBag from /home/airflow/.local/lib/python3.12/site-packages/airflow/example_dags/example_setup_teardown_taskflow.py
[2025-08-17T01:26:40.131+0000] {processor.py:840} INFO - DAG(s) 'example_setup_teardown_taskflow' retrieved from /home/airflow/.local/lib/python3.12/site-packages/airflow/example_dags/example_setup_teardown_taskflow.py
[2025-08-17T01:26:40.294+0000] {logging_mixin.py:188} INFO - [2025-08-17T01:26:40.293+0000] {dag.py:3089} INFO - Sync 1 DAGs
[2025-08-17T01:26:40.329+0000] {logging_mixin.py:188} INFO - [2025-08-17T01:26:40.329+0000] {dag.py:3947} INFO - Setting next_dagrun for example_setup_teardown_taskflow to 2025-08-16 00:00:00+00:00, run_after=2025-08-17 00:00:00+00:00
[2025-08-17T01:26:40.373+0000] {processor.py:183} INFO - Processing /home/airflow/.local/lib/python3.12/site-packages/airflow/example_dags/example_setup_teardown_taskflow.py took 0.274 seconds
[2025-08-17T01:27:11.083+0000] {processor.py:161} INFO - Started process (PID=145) to work on /home/airflow/.local/lib/python3.12/site-packages/airflow/example_dags/example_setup_teardown_taskflow.py
[2025-08-17T01:27:11.085+0000] {processor.py:830} INFO - Processing file /home/airflow/.local/lib/python3.12/site-packages/airflow/example_dags/example_setup_teardown_taskflow.py for tasks to queue
[2025-08-17T01:27:11.088+0000] {logging_mixin.py:188} INFO - [2025-08-17T01:27:11.087+0000] {dagbag.py:545} INFO - Filling up the DagBag from /home/airflow/.local/lib/python3.12/site-packages/airflow/example_dags/example_setup_teardown_taskflow.py
[2025-08-17T01:27:11.099+0000] {processor.py:840} INFO - DAG(s) 'example_setup_teardown_taskflow' retrieved from /home/airflow/.local/lib/python3.12/site-packages/airflow/example_dags/example_setup_teardown_taskflow.py
[2025-08-17T01:27:11.116+0000] {logging_mixin.py:188} INFO - [2025-08-17T01:27:11.115+0000] {dag.py:3089} INFO - Sync 1 DAGs
[2025-08-17T01:27:11.142+0000] {logging_mixin.py:188} INFO - [2025-08-17T01:27:11.142+0000] {dag.py:3947} INFO - Setting next_dagrun for example_setup_teardown_taskflow to 2025-08-16 00:00:00+00:00, run_after=2025-08-17 00:00:00+00:00
[2025-08-17T01:27:11.167+0000] {processor.py:183} INFO - Processing /home/airflow/.local/lib/python3.12/site-packages/airflow/example_dags/example_setup_teardown_taskflow.py took 0.090 seconds
[2025-08-17T01:27:41.338+0000] {processor.py:161} INFO - Started process (PID=204) to work on /home/airflow/.local/lib/python3.12/site-packages/airflow/example_dags/example_setup_teardown_taskflow.py
[2025-08-17T01:27:41.339+0000] {processor.py:830} INFO - Processing file /home/airflow/.local/lib/python3.12/site-packages/airflow/example_dags/example_setup_teardown_taskflow.py for tasks to queue
[2025-08-17T01:27:41.343+0000] {logging_mixin.py:188} INFO - [2025-08-17T01:27:41.342+0000] {dagbag.py:545} INFO - Filling up the DagBag from /home/airflow/.local/lib/python3.12/site-packages/airflow/example_dags/example_setup_teardown_taskflow.py
[2025-08-17T01:27:41.357+0000] {processor.py:840} INFO - DAG(s) 'example_setup_teardown_taskflow' retrieved from /home/airflow/.local/lib/python3.12/site-packages/airflow/example_dags/example_setup_teardown_taskflow.py
[2025-08-17T01:27:41.498+0000] {logging_mixin.py:188} INFO - [2025-08-17T01:27:41.498+0000] {dag.py:3089} INFO - Sync 1 DAGs
[2025-08-17T01:27:41.521+0000] {logging_mixin.py:188} INFO - [2025-08-17T01:27:41.521+0000] {dag.py:3947} INFO - Setting next_dagrun for example_setup_teardown_taskflow to 2025-08-16 00:00:00+00:00, run_after=2025-08-17 00:00:00+00:00
[2025-08-17T01:27:41.546+0000] {processor.py:183} INFO - Processing /home/airflow/.local/lib/python3.12/site-packages/airflow/example_dags/example_setup_teardown_taskflow.py took 0.217 seconds
[2025-08-17T01:28:11.755+0000] {processor.py:161} INFO - Started process (PID=263) to work on /home/airflow/.local/lib/python3.12/site-packages/airflow/example_dags/example_setup_teardown_taskflow.py
[2025-08-17T01:28:11.757+0000] {processor.py:830} INFO - Processing file /home/airflow/.local/lib/python3.12/site-packages/airflow/example_dags/example_setup_teardown_taskflow.py for tasks to queue
[2025-08-17T01:28:11.762+0000] {logging_mixin.py:188} INFO - [2025-08-17T01:28:11.761+0000] {dagbag.py:545} INFO - Filling up the DagBag from /home/airflow/.local/lib/python3.12/site-packages/airflow/example_dags/example_setup_teardown_taskflow.py
[2025-08-17T01:28:11.789+0000] {processor.py:840} INFO - DAG(s) 'example_setup_teardown_taskflow' retrieved from /home/airflow/.local/lib/python3.12/site-packages/airflow/example_dags/example_setup_teardown_taskflow.py
[2025-08-17T01:28:11.863+0000] {logging_mixin.py:188} INFO - [2025-08-17T01:28:11.863+0000] {dag.py:3089} INFO - Sync 1 DAGs
[2025-08-17T01:28:11.892+0000] {logging_mixin.py:188} INFO - [2025-08-17T01:28:11.891+0000] {dag.py:3947} INFO - Setting next_dagrun for example_setup_teardown_taskflow to 2025-08-16 00:00:00+00:00, run_after=2025-08-17 00:00:00+00:00
[2025-08-17T01:28:11.920+0000] {processor.py:183} INFO - Processing /home/airflow/.local/lib/python3.12/site-packages/airflow/example_dags/example_setup_teardown_taskflow.py took 0.175 seconds
[2025-08-17T01:28:42.250+0000] {processor.py:161} INFO - Started process (PID=322) to work on /home/airflow/.local/lib/python3.12/site-packages/airflow/example_dags/example_setup_teardown_taskflow.py
[2025-08-17T01:28:42.251+0000] {processor.py:830} INFO - Processing file /home/airflow/.local/lib/python3.12/site-packages/airflow/example_dags/example_setup_teardown_taskflow.py for tasks to queue
[2025-08-17T01:28:42.254+0000] {logging_mixin.py:188} INFO - [2025-08-17T01:28:42.253+0000] {dagbag.py:545} INFO - Filling up the DagBag from /home/airflow/.local/lib/python3.12/site-packages/airflow/example_dags/example_setup_teardown_taskflow.py
[2025-08-17T01:28:42.265+0000] {processor.py:840} INFO - DAG(s) 'example_setup_teardown_taskflow' retrieved from /home/airflow/.local/lib/python3.12/site-packages/airflow/example_dags/example_setup_teardown_taskflow.py
[2025-08-17T01:28:42.294+0000] {logging_mixin.py:188} INFO - [2025-08-17T01:28:42.293+0000] {dag.py:3089} INFO - Sync 1 DAGs
[2025-08-17T01:28:42.318+0000] {logging_mixin.py:188} INFO - [2025-08-17T01:28:42.318+0000] {dag.py:3947} INFO - Setting next_dagrun for example_setup_teardown_taskflow to 2025-08-16 00:00:00+00:00, run_after=2025-08-17 00:00:00+00:00
[2025-08-17T01:28:42.341+0000] {processor.py:183} INFO - Processing /home/airflow/.local/lib/python3.12/site-packages/airflow/example_dags/example_setup_teardown_taskflow.py took 0.099 seconds
[2025-08-17T01:29:12.437+0000] {processor.py:161} INFO - Started process (PID=382) to work on /home/airflow/.local/lib/python3.12/site-packages/airflow/example_dags/example_setup_teardown_taskflow.py
[2025-08-17T01:29:12.438+0000] {processor.py:830} INFO - Processing file /home/airflow/.local/lib/python3.12/site-packages/airflow/example_dags/example_setup_teardown_taskflow.py for tasks to queue
[2025-08-17T01:29:12.441+0000] {logging_mixin.py:188} INFO - [2025-08-17T01:29:12.441+0000] {dagbag.py:545} INFO - Filling up the DagBag from /home/airflow/.local/lib/python3.12/site-packages/airflow/example_dags/example_setup_teardown_taskflow.py
[2025-08-17T01:29:12.451+0000] {processor.py:840} INFO - DAG(s) 'example_setup_teardown_taskflow' retrieved from /home/airflow/.local/lib/python3.12/site-packages/airflow/example_dags/example_setup_teardown_taskflow.py
[2025-08-17T01:29:12.481+0000] {logging_mixin.py:188} INFO - [2025-08-17T01:29:12.481+0000] {dag.py:3089} INFO - Sync 1 DAGs
[2025-08-17T01:29:12.505+0000] {logging_mixin.py:188} INFO - [2025-08-17T01:29:12.504+0000] {dag.py:3947} INFO - Setting next_dagrun for example_setup_teardown_taskflow to 2025-08-16 00:00:00+00:00, run_after=2025-08-17 00:00:00+00:00
[2025-08-17T01:29:12.529+0000] {processor.py:183} INFO - Processing /home/airflow/.local/lib/python3.12/site-packages/airflow/example_dags/example_setup_teardown_taskflow.py took 0.098 seconds
[2025-08-17T01:29:42.793+0000] {processor.py:161} INFO - Started process (PID=442) to work on /home/airflow/.local/lib/python3.12/site-packages/airflow/example_dags/example_setup_teardown_taskflow.py
[2025-08-17T01:29:42.794+0000] {processor.py:830} INFO - Processing file /home/airflow/.local/lib/python3.12/site-packages/airflow/example_dags/example_setup_teardown_taskflow.py for tasks to queue
[2025-08-17T01:29:42.796+0000] {logging_mixin.py:188} INFO - [2025-08-17T01:29:42.796+0000] {dagbag.py:545} INFO - Filling up the DagBag from /home/airflow/.local/lib/python3.12/site-packages/airflow/example_dags/example_setup_teardown_taskflow.py
[2025-08-17T01:29:42.805+0000] {processor.py:840} INFO - DAG(s) 'example_setup_teardown_taskflow' retrieved from /home/airflow/.local/lib/python3.12/site-packages/airflow/example_dags/example_setup_teardown_taskflow.py
[2025-08-17T01:29:42.830+0000] {logging_mixin.py:188} INFO - [2025-08-17T01:29:42.830+0000] {dag.py:3089} INFO - Sync 1 DAGs
[2025-08-17T01:29:42.851+0000] {logging_mixin.py:188} INFO - [2025-08-17T01:29:42.851+0000] {dag.py:3947} INFO - Setting next_dagrun for example_setup_teardown_taskflow to 2025-08-16 00:00:00+00:00, run_after=2025-08-17 00:00:00+00:00
[2025-08-17T01:29:42.871+0000] {processor.py:183} INFO - Processing /home/airflow/.local/lib/python3.12/site-packages/airflow/example_dags/example_setup_teardown_taskflow.py took 0.084 seconds
[2025-08-17T01:30:13.414+0000] {processor.py:161} INFO - Started process (PID=501) to work on /home/airflow/.local/lib/python3.12/site-packages/airflow/example_dags/example_setup_teardown_taskflow.py
[2025-08-17T01:30:13.416+0000] {processor.py:830} INFO - Processing file /home/airflow/.local/lib/python3.12/site-packages/airflow/example_dags/example_setup_teardown_taskflow.py for tasks to queue
[2025-08-17T01:30:13.418+0000] {logging_mixin.py:188} INFO - [2025-08-17T01:30:13.417+0000] {dagbag.py:545} INFO - Filling up the DagBag from /home/airflow/.local/lib/python3.12/site-packages/airflow/example_dags/example_setup_teardown_taskflow.py
[2025-08-17T01:30:13.428+0000] {processor.py:840} INFO - DAG(s) 'example_setup_teardown_taskflow' retrieved from /home/airflow/.local/lib/python3.12/site-packages/airflow/example_dags/example_setup_teardown_taskflow.py
[2025-08-17T01:30:13.451+0000] {logging_mixin.py:188} INFO - [2025-08-17T01:30:13.451+0000] {dag.py:3089} INFO - Sync 1 DAGs
[2025-08-17T01:30:13.473+0000] {logging_mixin.py:188} INFO - [2025-08-17T01:30:13.473+0000] {dag.py:3947} INFO - Setting next_dagrun for example_setup_teardown_taskflow to 2025-08-16 00:00:00+00:00, run_after=2025-08-17 00:00:00+00:00
[2025-08-17T01:30:13.491+0000] {processor.py:183} INFO - Processing /home/airflow/.local/lib/python3.12/site-packages/airflow/example_dags/example_setup_teardown_taskflow.py took 0.083 seconds
[2025-08-17T01:30:43.899+0000] {processor.py:161} INFO - Started process (PID=560) to work on /home/airflow/.local/lib/python3.12/site-packages/airflow/example_dags/example_setup_teardown_taskflow.py
[2025-08-17T01:30:43.900+0000] {processor.py:830} INFO - Processing file /home/airflow/.local/lib/python3.12/site-packages/airflow/example_dags/example_setup_teardown_taskflow.py for tasks to queue
[2025-08-17T01:30:43.902+0000] {logging_mixin.py:188} INFO - [2025-08-17T01:30:43.902+0000] {dagbag.py:545} INFO - Filling up the DagBag from /home/airflow/.local/lib/python3.12/site-packages/airflow/example_dags/example_setup_teardown_taskflow.py
[2025-08-17T01:30:43.912+0000] {processor.py:840} INFO - DAG(s) 'example_setup_teardown_taskflow' retrieved from /home/airflow/.local/lib/python3.12/site-packages/airflow/example_dags/example_setup_teardown_taskflow.py
[2025-08-17T01:30:43.936+0000] {logging_mixin.py:188} INFO - [2025-08-17T01:30:43.936+0000] {dag.py:3089} INFO - Sync 1 DAGs
[2025-08-17T01:30:43.959+0000] {logging_mixin.py:188} INFO - [2025-08-17T01:30:43.959+0000] {dag.py:3947} INFO - Setting next_dagrun for example_setup_teardown_taskflow to 2025-08-16 00:00:00+00:00, run_after=2025-08-17 00:00:00+00:00
[2025-08-17T01:30:43.981+0000] {processor.py:183} INFO - Processing /home/airflow/.local/lib/python3.12/site-packages/airflow/example_dags/example_setup_teardown_taskflow.py took 0.088 seconds
[2025-08-17T01:31:14.364+0000] {processor.py:161} INFO - Started process (PID=619) to work on /home/airflow/.local/lib/python3.12/site-packages/airflow/example_dags/example_setup_teardown_taskflow.py
[2025-08-17T01:31:14.365+0000] {processor.py:830} INFO - Processing file /home/airflow/.local/lib/python3.12/site-packages/airflow/example_dags/example_setup_teardown_taskflow.py for tasks to queue
[2025-08-17T01:31:14.368+0000] {logging_mixin.py:188} INFO - [2025-08-17T01:31:14.367+0000] {dagbag.py:545} INFO - Filling up the DagBag from /home/airflow/.local/lib/python3.12/site-packages/airflow/example_dags/example_setup_teardown_taskflow.py
[2025-08-17T01:31:14.378+0000] {processor.py:840} INFO - DAG(s) 'example_setup_teardown_taskflow' retrieved from /home/airflow/.local/lib/python3.12/site-packages/airflow/example_dags/example_setup_teardown_taskflow.py
[2025-08-17T01:31:14.404+0000] {logging_mixin.py:188} INFO - [2025-08-17T01:31:14.404+0000] {dag.py:3089} INFO - Sync 1 DAGs
[2025-08-17T01:31:14.430+0000] {logging_mixin.py:188} INFO - [2025-08-17T01:31:14.430+0000] {dag.py:3947} INFO - Setting next_dagrun for example_setup_teardown_taskflow to 2025-08-16 00:00:00+00:00, run_after=2025-08-17 00:00:00+00:00
[2025-08-17T01:31:14.451+0000] {processor.py:183} INFO - Processing /home/airflow/.local/lib/python3.12/site-packages/airflow/example_dags/example_setup_teardown_taskflow.py took 0.094 seconds
[2025-08-17T01:31:45.099+0000] {processor.py:161} INFO - Started process (PID=681) to work on /home/airflow/.local/lib/python3.12/site-packages/airflow/example_dags/example_setup_teardown_taskflow.py
[2025-08-17T01:31:45.101+0000] {processor.py:830} INFO - Processing file /home/airflow/.local/lib/python3.12/site-packages/airflow/example_dags/example_setup_teardown_taskflow.py for tasks to queue
[2025-08-17T01:31:45.104+0000] {logging_mixin.py:188} INFO - [2025-08-17T01:31:45.103+0000] {dagbag.py:545} INFO - Filling up the DagBag from /home/airflow/.local/lib/python3.12/site-packages/airflow/example_dags/example_setup_teardown_taskflow.py
[2025-08-17T01:31:45.113+0000] {processor.py:840} INFO - DAG(s) 'example_setup_teardown_taskflow' retrieved from /home/airflow/.local/lib/python3.12/site-packages/airflow/example_dags/example_setup_teardown_taskflow.py
[2025-08-17T01:31:45.138+0000] {logging_mixin.py:188} INFO - [2025-08-17T01:31:45.138+0000] {dag.py:3089} INFO - Sync 1 DAGs
[2025-08-17T01:31:45.160+0000] {logging_mixin.py:188} INFO - [2025-08-17T01:31:45.160+0000] {dag.py:3947} INFO - Setting next_dagrun for example_setup_teardown_taskflow to 2025-08-16 00:00:00+00:00, run_after=2025-08-17 00:00:00+00:00
[2025-08-17T01:31:45.184+0000] {processor.py:183} INFO - Processing /home/airflow/.local/lib/python3.12/site-packages/airflow/example_dags/example_setup_teardown_taskflow.py took 0.091 seconds
