[2025-08-17T00:53:36.131+0000] {processor.py:161} INFO - Started process (PID=99) to work on /home/airflow/.local/lib/python3.12/site-packages/airflow/example_dags/example_latest_only_with_trigger.py
[2025-08-17T00:53:36.132+0000] {processor.py:830} INFO - Processing file /home/airflow/.local/lib/python3.12/site-packages/airflow/example_dags/example_latest_only_with_trigger.py for tasks to queue
[2025-08-17T00:53:36.136+0000] {logging_mixin.py:188} INFO - [2025-08-17T00:53:36.135+0000] {dagbag.py:545} INFO - Filling up the DagBag from /home/airflow/.local/lib/python3.12/site-packages/airflow/example_dags/example_latest_only_with_trigger.py
[2025-08-17T00:53:36.145+0000] {processor.py:840} INFO - DAG(s) 'latest_only_with_trigger' retrieved from /home/airflow/.local/lib/python3.12/site-packages/airflow/example_dags/example_latest_only_with_trigger.py
[2025-08-17T00:53:36.357+0000] {logging_mixin.py:188} INFO - [2025-08-17T00:53:36.356+0000] {dag.py:3089} INFO - Sync 1 DAGs
[2025-08-17T00:53:36.395+0000] {logging_mixin.py:188} INFO - [2025-08-17T00:53:36.394+0000] {dag.py:3947} INFO - Setting next_dagrun for latest_only_with_trigger to 2025-08-16 20:00:00+00:00, run_after=2025-08-17 00:00:00+00:00
[2025-08-17T00:53:36.424+0000] {processor.py:183} INFO - Processing /home/airflow/.local/lib/python3.12/site-packages/airflow/example_dags/example_latest_only_with_trigger.py took 0.303 seconds
[2025-08-17T00:54:06.574+0000] {processor.py:161} INFO - Started process (PID=157) to work on /home/airflow/.local/lib/python3.12/site-packages/airflow/example_dags/example_latest_only_with_trigger.py
[2025-08-17T00:54:06.576+0000] {processor.py:830} INFO - Processing file /home/airflow/.local/lib/python3.12/site-packages/airflow/example_dags/example_latest_only_with_trigger.py for tasks to queue
[2025-08-17T00:54:06.578+0000] {logging_mixin.py:188} INFO - [2025-08-17T00:54:06.577+0000] {dagbag.py:545} INFO - Filling up the DagBag from /home/airflow/.local/lib/python3.12/site-packages/airflow/example_dags/example_latest_only_with_trigger.py
[2025-08-17T00:54:06.584+0000] {processor.py:840} INFO - DAG(s) 'latest_only_with_trigger' retrieved from /home/airflow/.local/lib/python3.12/site-packages/airflow/example_dags/example_latest_only_with_trigger.py
[2025-08-17T00:54:06.605+0000] {logging_mixin.py:188} INFO - [2025-08-17T00:54:06.605+0000] {dag.py:3089} INFO - Sync 1 DAGs
[2025-08-17T00:54:06.627+0000] {logging_mixin.py:188} INFO - [2025-08-17T00:54:06.627+0000] {dag.py:3947} INFO - Setting next_dagrun for latest_only_with_trigger to 2025-08-16 20:00:00+00:00, run_after=2025-08-17 00:00:00+00:00
[2025-08-17T00:54:06.645+0000] {processor.py:183} INFO - Processing /home/airflow/.local/lib/python3.12/site-packages/airflow/example_dags/example_latest_only_with_trigger.py took 0.077 seconds
[2025-08-17T00:54:36.882+0000] {processor.py:161} INFO - Started process (PID=215) to work on /home/airflow/.local/lib/python3.12/site-packages/airflow/example_dags/example_latest_only_with_trigger.py
[2025-08-17T00:54:36.884+0000] {processor.py:830} INFO - Processing file /home/airflow/.local/lib/python3.12/site-packages/airflow/example_dags/example_latest_only_with_trigger.py for tasks to queue
[2025-08-17T00:54:36.886+0000] {logging_mixin.py:188} INFO - [2025-08-17T00:54:36.886+0000] {dagbag.py:545} INFO - Filling up the DagBag from /home/airflow/.local/lib/python3.12/site-packages/airflow/example_dags/example_latest_only_with_trigger.py
[2025-08-17T00:54:36.892+0000] {processor.py:840} INFO - DAG(s) 'latest_only_with_trigger' retrieved from /home/airflow/.local/lib/python3.12/site-packages/airflow/example_dags/example_latest_only_with_trigger.py
[2025-08-17T00:54:36.914+0000] {logging_mixin.py:188} INFO - [2025-08-17T00:54:36.914+0000] {dag.py:3089} INFO - Sync 1 DAGs
[2025-08-17T00:54:36.933+0000] {logging_mixin.py:188} INFO - [2025-08-17T00:54:36.933+0000] {dag.py:3947} INFO - Setting next_dagrun for latest_only_with_trigger to 2025-08-16 20:00:00+00:00, run_after=2025-08-17 00:00:00+00:00
[2025-08-17T00:54:36.953+0000] {processor.py:183} INFO - Processing /home/airflow/.local/lib/python3.12/site-packages/airflow/example_dags/example_latest_only_with_trigger.py took 0.076 seconds
[2025-08-17T00:55:07.430+0000] {processor.py:161} INFO - Started process (PID=273) to work on /home/airflow/.local/lib/python3.12/site-packages/airflow/example_dags/example_latest_only_with_trigger.py
[2025-08-17T00:55:07.431+0000] {processor.py:830} INFO - Processing file /home/airflow/.local/lib/python3.12/site-packages/airflow/example_dags/example_latest_only_with_trigger.py for tasks to queue
[2025-08-17T00:55:07.434+0000] {logging_mixin.py:188} INFO - [2025-08-17T00:55:07.433+0000] {dagbag.py:545} INFO - Filling up the DagBag from /home/airflow/.local/lib/python3.12/site-packages/airflow/example_dags/example_latest_only_with_trigger.py
[2025-08-17T00:55:07.439+0000] {processor.py:840} INFO - DAG(s) 'latest_only_with_trigger' retrieved from /home/airflow/.local/lib/python3.12/site-packages/airflow/example_dags/example_latest_only_with_trigger.py
[2025-08-17T00:55:07.462+0000] {logging_mixin.py:188} INFO - [2025-08-17T00:55:07.462+0000] {dag.py:3089} INFO - Sync 1 DAGs
[2025-08-17T00:55:07.484+0000] {logging_mixin.py:188} INFO - [2025-08-17T00:55:07.484+0000] {dag.py:3947} INFO - Setting next_dagrun for latest_only_with_trigger to 2025-08-16 20:00:00+00:00, run_after=2025-08-17 00:00:00+00:00
[2025-08-17T00:55:07.507+0000] {processor.py:183} INFO - Processing /home/airflow/.local/lib/python3.12/site-packages/airflow/example_dags/example_latest_only_with_trigger.py took 0.083 seconds
[2025-08-17T00:55:38.380+0000] {processor.py:161} INFO - Started process (PID=332) to work on /home/airflow/.local/lib/python3.12/site-packages/airflow/example_dags/example_latest_only_with_trigger.py
[2025-08-17T00:55:38.381+0000] {processor.py:830} INFO - Processing file /home/airflow/.local/lib/python3.12/site-packages/airflow/example_dags/example_latest_only_with_trigger.py for tasks to queue
[2025-08-17T00:55:38.384+0000] {logging_mixin.py:188} INFO - [2025-08-17T00:55:38.383+0000] {dagbag.py:545} INFO - Filling up the DagBag from /home/airflow/.local/lib/python3.12/site-packages/airflow/example_dags/example_latest_only_with_trigger.py
[2025-08-17T00:55:38.390+0000] {processor.py:840} INFO - DAG(s) 'latest_only_with_trigger' retrieved from /home/airflow/.local/lib/python3.12/site-packages/airflow/example_dags/example_latest_only_with_trigger.py
[2025-08-17T00:55:38.413+0000] {logging_mixin.py:188} INFO - [2025-08-17T00:55:38.413+0000] {dag.py:3089} INFO - Sync 1 DAGs
[2025-08-17T00:55:38.434+0000] {logging_mixin.py:188} INFO - [2025-08-17T00:55:38.434+0000] {dag.py:3947} INFO - Setting next_dagrun for latest_only_with_trigger to 2025-08-16 20:00:00+00:00, run_after=2025-08-17 00:00:00+00:00
[2025-08-17T00:55:38.458+0000] {processor.py:183} INFO - Processing /home/airflow/.local/lib/python3.12/site-packages/airflow/example_dags/example_latest_only_with_trigger.py took 0.084 seconds
[2025-08-17T00:56:08.769+0000] {processor.py:161} INFO - Started process (PID=390) to work on /home/airflow/.local/lib/python3.12/site-packages/airflow/example_dags/example_latest_only_with_trigger.py
[2025-08-17T00:56:08.771+0000] {processor.py:830} INFO - Processing file /home/airflow/.local/lib/python3.12/site-packages/airflow/example_dags/example_latest_only_with_trigger.py for tasks to queue
[2025-08-17T00:56:08.773+0000] {logging_mixin.py:188} INFO - [2025-08-17T00:56:08.773+0000] {dagbag.py:545} INFO - Filling up the DagBag from /home/airflow/.local/lib/python3.12/site-packages/airflow/example_dags/example_latest_only_with_trigger.py
[2025-08-17T00:56:08.781+0000] {processor.py:840} INFO - DAG(s) 'latest_only_with_trigger' retrieved from /home/airflow/.local/lib/python3.12/site-packages/airflow/example_dags/example_latest_only_with_trigger.py
[2025-08-17T00:56:08.809+0000] {logging_mixin.py:188} INFO - [2025-08-17T00:56:08.809+0000] {dag.py:3089} INFO - Sync 1 DAGs
[2025-08-17T00:56:08.839+0000] {logging_mixin.py:188} INFO - [2025-08-17T00:56:08.839+0000] {dag.py:3947} INFO - Setting next_dagrun for latest_only_with_trigger to 2025-08-16 20:00:00+00:00, run_after=2025-08-17 00:00:00+00:00
[2025-08-17T00:56:08.865+0000] {processor.py:183} INFO - Processing /home/airflow/.local/lib/python3.12/site-packages/airflow/example_dags/example_latest_only_with_trigger.py took 0.103 seconds
[2025-08-17T00:56:39.649+0000] {processor.py:161} INFO - Started process (PID=448) to work on /home/airflow/.local/lib/python3.12/site-packages/airflow/example_dags/example_latest_only_with_trigger.py
[2025-08-17T00:56:39.650+0000] {processor.py:830} INFO - Processing file /home/airflow/.local/lib/python3.12/site-packages/airflow/example_dags/example_latest_only_with_trigger.py for tasks to queue
[2025-08-17T00:56:39.653+0000] {logging_mixin.py:188} INFO - [2025-08-17T00:56:39.652+0000] {dagbag.py:545} INFO - Filling up the DagBag from /home/airflow/.local/lib/python3.12/site-packages/airflow/example_dags/example_latest_only_with_trigger.py
[2025-08-17T00:56:39.659+0000] {processor.py:840} INFO - DAG(s) 'latest_only_with_trigger' retrieved from /home/airflow/.local/lib/python3.12/site-packages/airflow/example_dags/example_latest_only_with_trigger.py
[2025-08-17T00:56:39.683+0000] {logging_mixin.py:188} INFO - [2025-08-17T00:56:39.683+0000] {dag.py:3089} INFO - Sync 1 DAGs
[2025-08-17T00:56:39.704+0000] {logging_mixin.py:188} INFO - [2025-08-17T00:56:39.704+0000] {dag.py:3947} INFO - Setting next_dagrun for latest_only_with_trigger to 2025-08-16 20:00:00+00:00, run_after=2025-08-17 00:00:00+00:00
[2025-08-17T00:56:39.726+0000] {processor.py:183} INFO - Processing /home/airflow/.local/lib/python3.12/site-packages/airflow/example_dags/example_latest_only_with_trigger.py took 0.083 seconds
[2025-08-17T00:57:09.973+0000] {processor.py:161} INFO - Started process (PID=506) to work on /home/airflow/.local/lib/python3.12/site-packages/airflow/example_dags/example_latest_only_with_trigger.py
[2025-08-17T00:57:09.975+0000] {processor.py:830} INFO - Processing file /home/airflow/.local/lib/python3.12/site-packages/airflow/example_dags/example_latest_only_with_trigger.py for tasks to queue
[2025-08-17T00:57:09.977+0000] {logging_mixin.py:188} INFO - [2025-08-17T00:57:09.977+0000] {dagbag.py:545} INFO - Filling up the DagBag from /home/airflow/.local/lib/python3.12/site-packages/airflow/example_dags/example_latest_only_with_trigger.py
[2025-08-17T00:57:09.984+0000] {processor.py:840} INFO - DAG(s) 'latest_only_with_trigger' retrieved from /home/airflow/.local/lib/python3.12/site-packages/airflow/example_dags/example_latest_only_with_trigger.py
[2025-08-17T00:57:10.007+0000] {logging_mixin.py:188} INFO - [2025-08-17T00:57:10.007+0000] {dag.py:3089} INFO - Sync 1 DAGs
[2025-08-17T00:57:10.028+0000] {logging_mixin.py:188} INFO - [2025-08-17T00:57:10.028+0000] {dag.py:3947} INFO - Setting next_dagrun for latest_only_with_trigger to 2025-08-16 20:00:00+00:00, run_after=2025-08-17 00:00:00+00:00
[2025-08-17T00:57:10.047+0000] {processor.py:183} INFO - Processing /home/airflow/.local/lib/python3.12/site-packages/airflow/example_dags/example_latest_only_with_trigger.py took 0.080 seconds
[2025-08-17T00:57:40.521+0000] {processor.py:161} INFO - Started process (PID=564) to work on /home/airflow/.local/lib/python3.12/site-packages/airflow/example_dags/example_latest_only_with_trigger.py
[2025-08-17T00:57:40.522+0000] {processor.py:830} INFO - Processing file /home/airflow/.local/lib/python3.12/site-packages/airflow/example_dags/example_latest_only_with_trigger.py for tasks to queue
[2025-08-17T00:57:40.524+0000] {logging_mixin.py:188} INFO - [2025-08-17T00:57:40.524+0000] {dagbag.py:545} INFO - Filling up the DagBag from /home/airflow/.local/lib/python3.12/site-packages/airflow/example_dags/example_latest_only_with_trigger.py
[2025-08-17T00:57:40.529+0000] {processor.py:840} INFO - DAG(s) 'latest_only_with_trigger' retrieved from /home/airflow/.local/lib/python3.12/site-packages/airflow/example_dags/example_latest_only_with_trigger.py
[2025-08-17T00:57:40.551+0000] {logging_mixin.py:188} INFO - [2025-08-17T00:57:40.550+0000] {dag.py:3089} INFO - Sync 1 DAGs
[2025-08-17T00:57:40.572+0000] {logging_mixin.py:188} INFO - [2025-08-17T00:57:40.572+0000] {dag.py:3947} INFO - Setting next_dagrun for latest_only_with_trigger to 2025-08-16 20:00:00+00:00, run_after=2025-08-17 00:00:00+00:00
[2025-08-17T00:57:40.590+0000] {processor.py:183} INFO - Processing /home/airflow/.local/lib/python3.12/site-packages/airflow/example_dags/example_latest_only_with_trigger.py took 0.074 seconds
[2025-08-17T00:58:11.229+0000] {processor.py:161} INFO - Started process (PID=622) to work on /home/airflow/.local/lib/python3.12/site-packages/airflow/example_dags/example_latest_only_with_trigger.py
[2025-08-17T00:58:11.230+0000] {processor.py:830} INFO - Processing file /home/airflow/.local/lib/python3.12/site-packages/airflow/example_dags/example_latest_only_with_trigger.py for tasks to queue
[2025-08-17T00:58:11.232+0000] {logging_mixin.py:188} INFO - [2025-08-17T00:58:11.231+0000] {dagbag.py:545} INFO - Filling up the DagBag from /home/airflow/.local/lib/python3.12/site-packages/airflow/example_dags/example_latest_only_with_trigger.py
[2025-08-17T00:58:11.237+0000] {processor.py:840} INFO - DAG(s) 'latest_only_with_trigger' retrieved from /home/airflow/.local/lib/python3.12/site-packages/airflow/example_dags/example_latest_only_with_trigger.py
[2025-08-17T00:58:11.259+0000] {logging_mixin.py:188} INFO - [2025-08-17T00:58:11.258+0000] {dag.py:3089} INFO - Sync 1 DAGs
[2025-08-17T00:58:11.280+0000] {logging_mixin.py:188} INFO - [2025-08-17T00:58:11.280+0000] {dag.py:3947} INFO - Setting next_dagrun for latest_only_with_trigger to 2025-08-16 20:00:00+00:00, run_after=2025-08-17 00:00:00+00:00
[2025-08-17T00:58:11.304+0000] {processor.py:183} INFO - Processing /home/airflow/.local/lib/python3.12/site-packages/airflow/example_dags/example_latest_only_with_trigger.py took 0.081 seconds
[2025-08-17T00:58:41.861+0000] {processor.py:161} INFO - Started process (PID=681) to work on /home/airflow/.local/lib/python3.12/site-packages/airflow/example_dags/example_latest_only_with_trigger.py
[2025-08-17T00:58:41.862+0000] {processor.py:830} INFO - Processing file /home/airflow/.local/lib/python3.12/site-packages/airflow/example_dags/example_latest_only_with_trigger.py for tasks to queue
[2025-08-17T00:58:41.865+0000] {logging_mixin.py:188} INFO - [2025-08-17T00:58:41.864+0000] {dagbag.py:545} INFO - Filling up the DagBag from /home/airflow/.local/lib/python3.12/site-packages/airflow/example_dags/example_latest_only_with_trigger.py
[2025-08-17T00:58:41.872+0000] {processor.py:840} INFO - DAG(s) 'latest_only_with_trigger' retrieved from /home/airflow/.local/lib/python3.12/site-packages/airflow/example_dags/example_latest_only_with_trigger.py
[2025-08-17T00:58:41.907+0000] {logging_mixin.py:188} INFO - [2025-08-17T00:58:41.907+0000] {dag.py:3089} INFO - Sync 1 DAGs
[2025-08-17T00:58:41.945+0000] {logging_mixin.py:188} INFO - [2025-08-17T00:58:41.945+0000] {dag.py:3947} INFO - Setting next_dagrun for latest_only_with_trigger to 2025-08-16 20:00:00+00:00, run_after=2025-08-17 00:00:00+00:00
[2025-08-17T00:58:41.963+0000] {processor.py:183} INFO - Processing /home/airflow/.local/lib/python3.12/site-packages/airflow/example_dags/example_latest_only_with_trigger.py took 0.109 seconds
[2025-08-17T00:59:12.603+0000] {processor.py:161} INFO - Started process (PID=740) to work on /home/airflow/.local/lib/python3.12/site-packages/airflow/example_dags/example_latest_only_with_trigger.py
[2025-08-17T00:59:12.604+0000] {processor.py:830} INFO - Processing file /home/airflow/.local/lib/python3.12/site-packages/airflow/example_dags/example_latest_only_with_trigger.py for tasks to queue
[2025-08-17T00:59:12.607+0000] {logging_mixin.py:188} INFO - [2025-08-17T00:59:12.606+0000] {dagbag.py:545} INFO - Filling up the DagBag from /home/airflow/.local/lib/python3.12/site-packages/airflow/example_dags/example_latest_only_with_trigger.py
[2025-08-17T00:59:12.615+0000] {processor.py:840} INFO - DAG(s) 'latest_only_with_trigger' retrieved from /home/airflow/.local/lib/python3.12/site-packages/airflow/example_dags/example_latest_only_with_trigger.py
[2025-08-17T00:59:12.654+0000] {logging_mixin.py:188} INFO - [2025-08-17T00:59:12.653+0000] {dag.py:3089} INFO - Sync 1 DAGs
[2025-08-17T00:59:12.695+0000] {logging_mixin.py:188} INFO - [2025-08-17T00:59:12.694+0000] {dag.py:3947} INFO - Setting next_dagrun for latest_only_with_trigger to 2025-08-16 20:00:00+00:00, run_after=2025-08-17 00:00:00+00:00
[2025-08-17T00:59:12.742+0000] {processor.py:183} INFO - Processing /home/airflow/.local/lib/python3.12/site-packages/airflow/example_dags/example_latest_only_with_trigger.py took 0.146 seconds
[2025-08-17T01:00:12.598+0000] {processor.py:161} INFO - Started process (PID=87) to work on /home/airflow/.local/lib/python3.12/site-packages/airflow/example_dags/example_latest_only_with_trigger.py
[2025-08-17T01:00:12.600+0000] {processor.py:830} INFO - Processing file /home/airflow/.local/lib/python3.12/site-packages/airflow/example_dags/example_latest_only_with_trigger.py for tasks to queue
[2025-08-17T01:00:12.604+0000] {logging_mixin.py:188} INFO - [2025-08-17T01:00:12.604+0000] {dagbag.py:545} INFO - Filling up the DagBag from /home/airflow/.local/lib/python3.12/site-packages/airflow/example_dags/example_latest_only_with_trigger.py
[2025-08-17T01:00:12.614+0000] {processor.py:840} INFO - DAG(s) 'latest_only_with_trigger' retrieved from /home/airflow/.local/lib/python3.12/site-packages/airflow/example_dags/example_latest_only_with_trigger.py
[2025-08-17T01:00:12.638+0000] {logging_mixin.py:188} INFO - [2025-08-17T01:00:12.638+0000] {dag.py:3089} INFO - Sync 1 DAGs
[2025-08-17T01:00:12.674+0000] {logging_mixin.py:188} INFO - [2025-08-17T01:00:12.673+0000] {dag.py:3947} INFO - Setting next_dagrun for latest_only_with_trigger to 2025-08-16 20:00:00+00:00, run_after=2025-08-17 00:00:00+00:00
[2025-08-17T01:00:12.705+0000] {processor.py:183} INFO - Processing /home/airflow/.local/lib/python3.12/site-packages/airflow/example_dags/example_latest_only_with_trigger.py took 0.114 seconds
[2025-08-17T01:01:35.623+0000] {processor.py:161} INFO - Started process (PID=87) to work on /home/airflow/.local/lib/python3.12/site-packages/airflow/example_dags/example_latest_only_with_trigger.py
[2025-08-17T01:01:35.626+0000] {processor.py:830} INFO - Processing file /home/airflow/.local/lib/python3.12/site-packages/airflow/example_dags/example_latest_only_with_trigger.py for tasks to queue
[2025-08-17T01:01:35.630+0000] {logging_mixin.py:188} INFO - [2025-08-17T01:01:35.629+0000] {dagbag.py:545} INFO - Filling up the DagBag from /home/airflow/.local/lib/python3.12/site-packages/airflow/example_dags/example_latest_only_with_trigger.py
[2025-08-17T01:01:35.640+0000] {processor.py:840} INFO - DAG(s) 'latest_only_with_trigger' retrieved from /home/airflow/.local/lib/python3.12/site-packages/airflow/example_dags/example_latest_only_with_trigger.py
[2025-08-17T01:01:35.665+0000] {logging_mixin.py:188} INFO - [2025-08-17T01:01:35.665+0000] {dag.py:3089} INFO - Sync 1 DAGs
[2025-08-17T01:01:35.702+0000] {logging_mixin.py:188} INFO - [2025-08-17T01:01:35.702+0000] {dag.py:3947} INFO - Setting next_dagrun for latest_only_with_trigger to 2025-08-16 20:00:00+00:00, run_after=2025-08-17 00:00:00+00:00
[2025-08-17T01:01:35.734+0000] {processor.py:183} INFO - Processing /home/airflow/.local/lib/python3.12/site-packages/airflow/example_dags/example_latest_only_with_trigger.py took 0.121 seconds
[2025-08-17T01:02:06.846+0000] {processor.py:161} INFO - Started process (PID=146) to work on /home/airflow/.local/lib/python3.12/site-packages/airflow/example_dags/example_latest_only_with_trigger.py
[2025-08-17T01:02:06.848+0000] {processor.py:830} INFO - Processing file /home/airflow/.local/lib/python3.12/site-packages/airflow/example_dags/example_latest_only_with_trigger.py for tasks to queue
[2025-08-17T01:02:06.850+0000] {logging_mixin.py:188} INFO - [2025-08-17T01:02:06.850+0000] {dagbag.py:545} INFO - Filling up the DagBag from /home/airflow/.local/lib/python3.12/site-packages/airflow/example_dags/example_latest_only_with_trigger.py
[2025-08-17T01:02:06.858+0000] {processor.py:840} INFO - DAG(s) 'latest_only_with_trigger' retrieved from /home/airflow/.local/lib/python3.12/site-packages/airflow/example_dags/example_latest_only_with_trigger.py
[2025-08-17T01:02:06.970+0000] {logging_mixin.py:188} INFO - [2025-08-17T01:02:06.970+0000] {dag.py:3089} INFO - Sync 1 DAGs
[2025-08-17T01:02:06.995+0000] {logging_mixin.py:188} INFO - [2025-08-17T01:02:06.995+0000] {dag.py:3947} INFO - Setting next_dagrun for latest_only_with_trigger to 2025-08-16 20:00:00+00:00, run_after=2025-08-17 00:00:00+00:00
[2025-08-17T01:02:07.018+0000] {processor.py:183} INFO - Processing /home/airflow/.local/lib/python3.12/site-packages/airflow/example_dags/example_latest_only_with_trigger.py took 0.178 seconds
[2025-08-17T01:02:37.311+0000] {processor.py:161} INFO - Started process (PID=205) to work on /home/airflow/.local/lib/python3.12/site-packages/airflow/example_dags/example_latest_only_with_trigger.py
[2025-08-17T01:02:37.312+0000] {processor.py:830} INFO - Processing file /home/airflow/.local/lib/python3.12/site-packages/airflow/example_dags/example_latest_only_with_trigger.py for tasks to queue
[2025-08-17T01:02:37.315+0000] {logging_mixin.py:188} INFO - [2025-08-17T01:02:37.314+0000] {dagbag.py:545} INFO - Filling up the DagBag from /home/airflow/.local/lib/python3.12/site-packages/airflow/example_dags/example_latest_only_with_trigger.py
[2025-08-17T01:02:37.321+0000] {processor.py:840} INFO - DAG(s) 'latest_only_with_trigger' retrieved from /home/airflow/.local/lib/python3.12/site-packages/airflow/example_dags/example_latest_only_with_trigger.py
[2025-08-17T01:02:37.346+0000] {logging_mixin.py:188} INFO - [2025-08-17T01:02:37.346+0000] {dag.py:3089} INFO - Sync 1 DAGs
[2025-08-17T01:02:37.373+0000] {logging_mixin.py:188} INFO - [2025-08-17T01:02:37.373+0000] {dag.py:3947} INFO - Setting next_dagrun for latest_only_with_trigger to 2025-08-16 20:00:00+00:00, run_after=2025-08-17 00:00:00+00:00
[2025-08-17T01:02:37.397+0000] {processor.py:183} INFO - Processing /home/airflow/.local/lib/python3.12/site-packages/airflow/example_dags/example_latest_only_with_trigger.py took 0.093 seconds
[2025-08-17T01:03:07.657+0000] {processor.py:161} INFO - Started process (PID=264) to work on /home/airflow/.local/lib/python3.12/site-packages/airflow/example_dags/example_latest_only_with_trigger.py
[2025-08-17T01:03:07.658+0000] {processor.py:830} INFO - Processing file /home/airflow/.local/lib/python3.12/site-packages/airflow/example_dags/example_latest_only_with_trigger.py for tasks to queue
[2025-08-17T01:03:07.661+0000] {logging_mixin.py:188} INFO - [2025-08-17T01:03:07.661+0000] {dagbag.py:545} INFO - Filling up the DagBag from /home/airflow/.local/lib/python3.12/site-packages/airflow/example_dags/example_latest_only_with_trigger.py
[2025-08-17T01:03:07.669+0000] {processor.py:840} INFO - DAG(s) 'latest_only_with_trigger' retrieved from /home/airflow/.local/lib/python3.12/site-packages/airflow/example_dags/example_latest_only_with_trigger.py
[2025-08-17T01:03:07.695+0000] {logging_mixin.py:188} INFO - [2025-08-17T01:03:07.694+0000] {dag.py:3089} INFO - Sync 1 DAGs
[2025-08-17T01:03:07.721+0000] {logging_mixin.py:188} INFO - [2025-08-17T01:03:07.721+0000] {dag.py:3947} INFO - Setting next_dagrun for latest_only_with_trigger to 2025-08-16 20:00:00+00:00, run_after=2025-08-17 00:00:00+00:00
[2025-08-17T01:03:07.750+0000] {processor.py:183} INFO - Processing /home/airflow/.local/lib/python3.12/site-packages/airflow/example_dags/example_latest_only_with_trigger.py took 0.101 seconds
[2025-08-17T01:03:37.909+0000] {processor.py:161} INFO - Started process (PID=329) to work on /home/airflow/.local/lib/python3.12/site-packages/airflow/example_dags/example_latest_only_with_trigger.py
[2025-08-17T01:03:37.911+0000] {processor.py:830} INFO - Processing file /home/airflow/.local/lib/python3.12/site-packages/airflow/example_dags/example_latest_only_with_trigger.py for tasks to queue
[2025-08-17T01:03:37.913+0000] {logging_mixin.py:188} INFO - [2025-08-17T01:03:37.913+0000] {dagbag.py:545} INFO - Filling up the DagBag from /home/airflow/.local/lib/python3.12/site-packages/airflow/example_dags/example_latest_only_with_trigger.py
[2025-08-17T01:03:37.919+0000] {processor.py:840} INFO - DAG(s) 'latest_only_with_trigger' retrieved from /home/airflow/.local/lib/python3.12/site-packages/airflow/example_dags/example_latest_only_with_trigger.py
[2025-08-17T01:03:37.944+0000] {logging_mixin.py:188} INFO - [2025-08-17T01:03:37.944+0000] {dag.py:3089} INFO - Sync 1 DAGs
[2025-08-17T01:03:37.968+0000] {logging_mixin.py:188} INFO - [2025-08-17T01:03:37.968+0000] {dag.py:3947} INFO - Setting next_dagrun for latest_only_with_trigger to 2025-08-16 20:00:00+00:00, run_after=2025-08-17 00:00:00+00:00
[2025-08-17T01:03:37.989+0000] {processor.py:183} INFO - Processing /home/airflow/.local/lib/python3.12/site-packages/airflow/example_dags/example_latest_only_with_trigger.py took 0.087 seconds
[2025-08-17T01:04:08.335+0000] {processor.py:161} INFO - Started process (PID=388) to work on /home/airflow/.local/lib/python3.12/site-packages/airflow/example_dags/example_latest_only_with_trigger.py
[2025-08-17T01:04:08.336+0000] {processor.py:830} INFO - Processing file /home/airflow/.local/lib/python3.12/site-packages/airflow/example_dags/example_latest_only_with_trigger.py for tasks to queue
[2025-08-17T01:04:08.339+0000] {logging_mixin.py:188} INFO - [2025-08-17T01:04:08.339+0000] {dagbag.py:545} INFO - Filling up the DagBag from /home/airflow/.local/lib/python3.12/site-packages/airflow/example_dags/example_latest_only_with_trigger.py
[2025-08-17T01:04:08.347+0000] {processor.py:840} INFO - DAG(s) 'latest_only_with_trigger' retrieved from /home/airflow/.local/lib/python3.12/site-packages/airflow/example_dags/example_latest_only_with_trigger.py
[2025-08-17T01:04:08.378+0000] {logging_mixin.py:188} INFO - [2025-08-17T01:04:08.377+0000] {dag.py:3089} INFO - Sync 1 DAGs
[2025-08-17T01:04:08.404+0000] {logging_mixin.py:188} INFO - [2025-08-17T01:04:08.404+0000] {dag.py:3947} INFO - Setting next_dagrun for latest_only_with_trigger to 2025-08-16 20:00:00+00:00, run_after=2025-08-17 00:00:00+00:00
[2025-08-17T01:04:08.429+0000] {processor.py:183} INFO - Processing /home/airflow/.local/lib/python3.12/site-packages/airflow/example_dags/example_latest_only_with_trigger.py took 0.103 seconds
[2025-08-17T01:04:38.969+0000] {processor.py:161} INFO - Started process (PID=447) to work on /home/airflow/.local/lib/python3.12/site-packages/airflow/example_dags/example_latest_only_with_trigger.py
[2025-08-17T01:04:38.970+0000] {processor.py:830} INFO - Processing file /home/airflow/.local/lib/python3.12/site-packages/airflow/example_dags/example_latest_only_with_trigger.py for tasks to queue
[2025-08-17T01:04:38.972+0000] {logging_mixin.py:188} INFO - [2025-08-17T01:04:38.972+0000] {dagbag.py:545} INFO - Filling up the DagBag from /home/airflow/.local/lib/python3.12/site-packages/airflow/example_dags/example_latest_only_with_trigger.py
[2025-08-17T01:04:38.978+0000] {processor.py:840} INFO - DAG(s) 'latest_only_with_trigger' retrieved from /home/airflow/.local/lib/python3.12/site-packages/airflow/example_dags/example_latest_only_with_trigger.py
[2025-08-17T01:04:39.004+0000] {logging_mixin.py:188} INFO - [2025-08-17T01:04:39.003+0000] {dag.py:3089} INFO - Sync 1 DAGs
[2025-08-17T01:04:39.027+0000] {logging_mixin.py:188} INFO - [2025-08-17T01:04:39.027+0000] {dag.py:3947} INFO - Setting next_dagrun for latest_only_with_trigger to 2025-08-16 20:00:00+00:00, run_after=2025-08-17 00:00:00+00:00
[2025-08-17T01:04:39.049+0000] {processor.py:183} INFO - Processing /home/airflow/.local/lib/python3.12/site-packages/airflow/example_dags/example_latest_only_with_trigger.py took 0.087 seconds
[2025-08-17T01:05:09.731+0000] {processor.py:161} INFO - Started process (PID=506) to work on /home/airflow/.local/lib/python3.12/site-packages/airflow/example_dags/example_latest_only_with_trigger.py
[2025-08-17T01:05:09.733+0000] {processor.py:830} INFO - Processing file /home/airflow/.local/lib/python3.12/site-packages/airflow/example_dags/example_latest_only_with_trigger.py for tasks to queue
[2025-08-17T01:05:09.735+0000] {logging_mixin.py:188} INFO - [2025-08-17T01:05:09.735+0000] {dagbag.py:545} INFO - Filling up the DagBag from /home/airflow/.local/lib/python3.12/site-packages/airflow/example_dags/example_latest_only_with_trigger.py
[2025-08-17T01:05:09.741+0000] {processor.py:840} INFO - DAG(s) 'latest_only_with_trigger' retrieved from /home/airflow/.local/lib/python3.12/site-packages/airflow/example_dags/example_latest_only_with_trigger.py
[2025-08-17T01:05:09.765+0000] {logging_mixin.py:188} INFO - [2025-08-17T01:05:09.764+0000] {dag.py:3089} INFO - Sync 1 DAGs
[2025-08-17T01:05:09.788+0000] {logging_mixin.py:188} INFO - [2025-08-17T01:05:09.788+0000] {dag.py:3947} INFO - Setting next_dagrun for latest_only_with_trigger to 2025-08-16 20:00:00+00:00, run_after=2025-08-17 00:00:00+00:00
[2025-08-17T01:05:09.809+0000] {processor.py:183} INFO - Processing /home/airflow/.local/lib/python3.12/site-packages/airflow/example_dags/example_latest_only_with_trigger.py took 0.084 seconds
[2025-08-17T01:05:40.309+0000] {processor.py:161} INFO - Started process (PID=565) to work on /home/airflow/.local/lib/python3.12/site-packages/airflow/example_dags/example_latest_only_with_trigger.py
[2025-08-17T01:05:40.311+0000] {processor.py:830} INFO - Processing file /home/airflow/.local/lib/python3.12/site-packages/airflow/example_dags/example_latest_only_with_trigger.py for tasks to queue
[2025-08-17T01:05:40.313+0000] {logging_mixin.py:188} INFO - [2025-08-17T01:05:40.313+0000] {dagbag.py:545} INFO - Filling up the DagBag from /home/airflow/.local/lib/python3.12/site-packages/airflow/example_dags/example_latest_only_with_trigger.py
[2025-08-17T01:05:40.321+0000] {processor.py:840} INFO - DAG(s) 'latest_only_with_trigger' retrieved from /home/airflow/.local/lib/python3.12/site-packages/airflow/example_dags/example_latest_only_with_trigger.py
[2025-08-17T01:05:40.349+0000] {logging_mixin.py:188} INFO - [2025-08-17T01:05:40.348+0000] {dag.py:3089} INFO - Sync 1 DAGs
[2025-08-17T01:05:40.375+0000] {logging_mixin.py:188} INFO - [2025-08-17T01:05:40.374+0000] {dag.py:3947} INFO - Setting next_dagrun for latest_only_with_trigger to 2025-08-16 20:00:00+00:00, run_after=2025-08-17 00:00:00+00:00
[2025-08-17T01:05:40.398+0000] {processor.py:183} INFO - Processing /home/airflow/.local/lib/python3.12/site-packages/airflow/example_dags/example_latest_only_with_trigger.py took 0.097 seconds
[2025-08-17T01:06:11.305+0000] {processor.py:161} INFO - Started process (PID=624) to work on /home/airflow/.local/lib/python3.12/site-packages/airflow/example_dags/example_latest_only_with_trigger.py
[2025-08-17T01:06:11.306+0000] {processor.py:830} INFO - Processing file /home/airflow/.local/lib/python3.12/site-packages/airflow/example_dags/example_latest_only_with_trigger.py for tasks to queue
[2025-08-17T01:06:11.309+0000] {logging_mixin.py:188} INFO - [2025-08-17T01:06:11.308+0000] {dagbag.py:545} INFO - Filling up the DagBag from /home/airflow/.local/lib/python3.12/site-packages/airflow/example_dags/example_latest_only_with_trigger.py
[2025-08-17T01:06:11.315+0000] {processor.py:840} INFO - DAG(s) 'latest_only_with_trigger' retrieved from /home/airflow/.local/lib/python3.12/site-packages/airflow/example_dags/example_latest_only_with_trigger.py
[2025-08-17T01:06:11.341+0000] {logging_mixin.py:188} INFO - [2025-08-17T01:06:11.341+0000] {dag.py:3089} INFO - Sync 1 DAGs
[2025-08-17T01:06:11.370+0000] {logging_mixin.py:188} INFO - [2025-08-17T01:06:11.370+0000] {dag.py:3947} INFO - Setting next_dagrun for latest_only_with_trigger to 2025-08-16 20:00:00+00:00, run_after=2025-08-17 00:00:00+00:00
[2025-08-17T01:06:11.397+0000] {processor.py:183} INFO - Processing /home/airflow/.local/lib/python3.12/site-packages/airflow/example_dags/example_latest_only_with_trigger.py took 0.099 seconds
[2025-08-17T01:06:41.513+0000] {processor.py:161} INFO - Started process (PID=683) to work on /home/airflow/.local/lib/python3.12/site-packages/airflow/example_dags/example_latest_only_with_trigger.py
[2025-08-17T01:06:41.514+0000] {processor.py:830} INFO - Processing file /home/airflow/.local/lib/python3.12/site-packages/airflow/example_dags/example_latest_only_with_trigger.py for tasks to queue
[2025-08-17T01:06:41.517+0000] {logging_mixin.py:188} INFO - [2025-08-17T01:06:41.516+0000] {dagbag.py:545} INFO - Filling up the DagBag from /home/airflow/.local/lib/python3.12/site-packages/airflow/example_dags/example_latest_only_with_trigger.py
[2025-08-17T01:06:41.523+0000] {processor.py:840} INFO - DAG(s) 'latest_only_with_trigger' retrieved from /home/airflow/.local/lib/python3.12/site-packages/airflow/example_dags/example_latest_only_with_trigger.py
[2025-08-17T01:06:41.547+0000] {logging_mixin.py:188} INFO - [2025-08-17T01:06:41.547+0000] {dag.py:3089} INFO - Sync 1 DAGs
[2025-08-17T01:06:41.570+0000] {logging_mixin.py:188} INFO - [2025-08-17T01:06:41.569+0000] {dag.py:3947} INFO - Setting next_dagrun for latest_only_with_trigger to 2025-08-16 20:00:00+00:00, run_after=2025-08-17 00:00:00+00:00
[2025-08-17T01:06:41.592+0000] {processor.py:183} INFO - Processing /home/airflow/.local/lib/python3.12/site-packages/airflow/example_dags/example_latest_only_with_trigger.py took 0.084 seconds
[2025-08-17T01:07:12.533+0000] {processor.py:161} INFO - Started process (PID=742) to work on /home/airflow/.local/lib/python3.12/site-packages/airflow/example_dags/example_latest_only_with_trigger.py
[2025-08-17T01:07:12.534+0000] {processor.py:830} INFO - Processing file /home/airflow/.local/lib/python3.12/site-packages/airflow/example_dags/example_latest_only_with_trigger.py for tasks to queue
[2025-08-17T01:07:12.537+0000] {logging_mixin.py:188} INFO - [2025-08-17T01:07:12.536+0000] {dagbag.py:545} INFO - Filling up the DagBag from /home/airflow/.local/lib/python3.12/site-packages/airflow/example_dags/example_latest_only_with_trigger.py
[2025-08-17T01:07:12.543+0000] {processor.py:840} INFO - DAG(s) 'latest_only_with_trigger' retrieved from /home/airflow/.local/lib/python3.12/site-packages/airflow/example_dags/example_latest_only_with_trigger.py
[2025-08-17T01:07:12.567+0000] {logging_mixin.py:188} INFO - [2025-08-17T01:07:12.567+0000] {dag.py:3089} INFO - Sync 1 DAGs
[2025-08-17T01:07:12.588+0000] {logging_mixin.py:188} INFO - [2025-08-17T01:07:12.588+0000] {dag.py:3947} INFO - Setting next_dagrun for latest_only_with_trigger to 2025-08-16 20:00:00+00:00, run_after=2025-08-17 00:00:00+00:00
[2025-08-17T01:07:12.607+0000] {processor.py:183} INFO - Processing /home/airflow/.local/lib/python3.12/site-packages/airflow/example_dags/example_latest_only_with_trigger.py took 0.080 seconds
[2025-08-17T01:07:43.229+0000] {processor.py:161} INFO - Started process (PID=802) to work on /home/airflow/.local/lib/python3.12/site-packages/airflow/example_dags/example_latest_only_with_trigger.py
[2025-08-17T01:07:43.231+0000] {processor.py:830} INFO - Processing file /home/airflow/.local/lib/python3.12/site-packages/airflow/example_dags/example_latest_only_with_trigger.py for tasks to queue
[2025-08-17T01:07:43.235+0000] {logging_mixin.py:188} INFO - [2025-08-17T01:07:43.234+0000] {dagbag.py:545} INFO - Filling up the DagBag from /home/airflow/.local/lib/python3.12/site-packages/airflow/example_dags/example_latest_only_with_trigger.py
[2025-08-17T01:07:43.243+0000] {processor.py:840} INFO - DAG(s) 'latest_only_with_trigger' retrieved from /home/airflow/.local/lib/python3.12/site-packages/airflow/example_dags/example_latest_only_with_trigger.py
[2025-08-17T01:07:43.276+0000] {logging_mixin.py:188} INFO - [2025-08-17T01:07:43.276+0000] {dag.py:3089} INFO - Sync 1 DAGs
[2025-08-17T01:07:43.310+0000] {logging_mixin.py:188} INFO - [2025-08-17T01:07:43.310+0000] {dag.py:3947} INFO - Setting next_dagrun for latest_only_with_trigger to 2025-08-16 20:00:00+00:00, run_after=2025-08-17 00:00:00+00:00
[2025-08-17T01:07:43.339+0000] {processor.py:183} INFO - Processing /home/airflow/.local/lib/python3.12/site-packages/airflow/example_dags/example_latest_only_with_trigger.py took 0.117 seconds
[2025-08-17T01:08:13.814+0000] {processor.py:161} INFO - Started process (PID=861) to work on /home/airflow/.local/lib/python3.12/site-packages/airflow/example_dags/example_latest_only_with_trigger.py
[2025-08-17T01:08:13.815+0000] {processor.py:830} INFO - Processing file /home/airflow/.local/lib/python3.12/site-packages/airflow/example_dags/example_latest_only_with_trigger.py for tasks to queue
[2025-08-17T01:08:13.817+0000] {logging_mixin.py:188} INFO - [2025-08-17T01:08:13.817+0000] {dagbag.py:545} INFO - Filling up the DagBag from /home/airflow/.local/lib/python3.12/site-packages/airflow/example_dags/example_latest_only_with_trigger.py
[2025-08-17T01:08:13.823+0000] {processor.py:840} INFO - DAG(s) 'latest_only_with_trigger' retrieved from /home/airflow/.local/lib/python3.12/site-packages/airflow/example_dags/example_latest_only_with_trigger.py
[2025-08-17T01:08:13.846+0000] {logging_mixin.py:188} INFO - [2025-08-17T01:08:13.846+0000] {dag.py:3089} INFO - Sync 1 DAGs
[2025-08-17T01:08:13.869+0000] {logging_mixin.py:188} INFO - [2025-08-17T01:08:13.869+0000] {dag.py:3947} INFO - Setting next_dagrun for latest_only_with_trigger to 2025-08-16 20:00:00+00:00, run_after=2025-08-17 00:00:00+00:00
[2025-08-17T01:08:13.888+0000] {processor.py:183} INFO - Processing /home/airflow/.local/lib/python3.12/site-packages/airflow/example_dags/example_latest_only_with_trigger.py took 0.080 seconds
[2025-08-17T01:08:44.349+0000] {processor.py:161} INFO - Started process (PID=920) to work on /home/airflow/.local/lib/python3.12/site-packages/airflow/example_dags/example_latest_only_with_trigger.py
[2025-08-17T01:08:44.350+0000] {processor.py:830} INFO - Processing file /home/airflow/.local/lib/python3.12/site-packages/airflow/example_dags/example_latest_only_with_trigger.py for tasks to queue
[2025-08-17T01:08:44.352+0000] {logging_mixin.py:188} INFO - [2025-08-17T01:08:44.352+0000] {dagbag.py:545} INFO - Filling up the DagBag from /home/airflow/.local/lib/python3.12/site-packages/airflow/example_dags/example_latest_only_with_trigger.py
[2025-08-17T01:08:44.358+0000] {processor.py:840} INFO - DAG(s) 'latest_only_with_trigger' retrieved from /home/airflow/.local/lib/python3.12/site-packages/airflow/example_dags/example_latest_only_with_trigger.py
[2025-08-17T01:08:44.381+0000] {logging_mixin.py:188} INFO - [2025-08-17T01:08:44.380+0000] {dag.py:3089} INFO - Sync 1 DAGs
[2025-08-17T01:08:44.401+0000] {logging_mixin.py:188} INFO - [2025-08-17T01:08:44.400+0000] {dag.py:3947} INFO - Setting next_dagrun for latest_only_with_trigger to 2025-08-16 20:00:00+00:00, run_after=2025-08-17 00:00:00+00:00
[2025-08-17T01:08:44.420+0000] {processor.py:183} INFO - Processing /home/airflow/.local/lib/python3.12/site-packages/airflow/example_dags/example_latest_only_with_trigger.py took 0.077 seconds
[2025-08-17T01:09:15.197+0000] {processor.py:161} INFO - Started process (PID=979) to work on /home/airflow/.local/lib/python3.12/site-packages/airflow/example_dags/example_latest_only_with_trigger.py
[2025-08-17T01:09:15.199+0000] {processor.py:830} INFO - Processing file /home/airflow/.local/lib/python3.12/site-packages/airflow/example_dags/example_latest_only_with_trigger.py for tasks to queue
[2025-08-17T01:09:15.202+0000] {logging_mixin.py:188} INFO - [2025-08-17T01:09:15.201+0000] {dagbag.py:545} INFO - Filling up the DagBag from /home/airflow/.local/lib/python3.12/site-packages/airflow/example_dags/example_latest_only_with_trigger.py
[2025-08-17T01:09:15.209+0000] {processor.py:840} INFO - DAG(s) 'latest_only_with_trigger' retrieved from /home/airflow/.local/lib/python3.12/site-packages/airflow/example_dags/example_latest_only_with_trigger.py
[2025-08-17T01:09:15.237+0000] {logging_mixin.py:188} INFO - [2025-08-17T01:09:15.236+0000] {dag.py:3089} INFO - Sync 1 DAGs
[2025-08-17T01:09:15.265+0000] {logging_mixin.py:188} INFO - [2025-08-17T01:09:15.264+0000] {dag.py:3947} INFO - Setting next_dagrun for latest_only_with_trigger to 2025-08-16 20:00:00+00:00, run_after=2025-08-17 00:00:00+00:00
[2025-08-17T01:09:15.296+0000] {processor.py:183} INFO - Processing /home/airflow/.local/lib/python3.12/site-packages/airflow/example_dags/example_latest_only_with_trigger.py took 0.105 seconds
[2025-08-17T01:09:45.797+0000] {processor.py:161} INFO - Started process (PID=1038) to work on /home/airflow/.local/lib/python3.12/site-packages/airflow/example_dags/example_latest_only_with_trigger.py
[2025-08-17T01:09:45.799+0000] {processor.py:830} INFO - Processing file /home/airflow/.local/lib/python3.12/site-packages/airflow/example_dags/example_latest_only_with_trigger.py for tasks to queue
[2025-08-17T01:09:45.801+0000] {logging_mixin.py:188} INFO - [2025-08-17T01:09:45.801+0000] {dagbag.py:545} INFO - Filling up the DagBag from /home/airflow/.local/lib/python3.12/site-packages/airflow/example_dags/example_latest_only_with_trigger.py
[2025-08-17T01:09:45.806+0000] {processor.py:840} INFO - DAG(s) 'latest_only_with_trigger' retrieved from /home/airflow/.local/lib/python3.12/site-packages/airflow/example_dags/example_latest_only_with_trigger.py
[2025-08-17T01:09:45.827+0000] {logging_mixin.py:188} INFO - [2025-08-17T01:09:45.827+0000] {dag.py:3089} INFO - Sync 1 DAGs
[2025-08-17T01:09:45.847+0000] {logging_mixin.py:188} INFO - [2025-08-17T01:09:45.847+0000] {dag.py:3947} INFO - Setting next_dagrun for latest_only_with_trigger to 2025-08-16 20:00:00+00:00, run_after=2025-08-17 00:00:00+00:00
[2025-08-17T01:09:45.864+0000] {processor.py:183} INFO - Processing /home/airflow/.local/lib/python3.12/site-packages/airflow/example_dags/example_latest_only_with_trigger.py took 0.073 seconds
[2025-08-17T01:10:16.160+0000] {processor.py:161} INFO - Started process (PID=1098) to work on /home/airflow/.local/lib/python3.12/site-packages/airflow/example_dags/example_latest_only_with_trigger.py
[2025-08-17T01:10:16.161+0000] {processor.py:830} INFO - Processing file /home/airflow/.local/lib/python3.12/site-packages/airflow/example_dags/example_latest_only_with_trigger.py for tasks to queue
[2025-08-17T01:10:16.163+0000] {logging_mixin.py:188} INFO - [2025-08-17T01:10:16.163+0000] {dagbag.py:545} INFO - Filling up the DagBag from /home/airflow/.local/lib/python3.12/site-packages/airflow/example_dags/example_latest_only_with_trigger.py
[2025-08-17T01:10:16.170+0000] {processor.py:840} INFO - DAG(s) 'latest_only_with_trigger' retrieved from /home/airflow/.local/lib/python3.12/site-packages/airflow/example_dags/example_latest_only_with_trigger.py
[2025-08-17T01:10:16.192+0000] {logging_mixin.py:188} INFO - [2025-08-17T01:10:16.192+0000] {dag.py:3089} INFO - Sync 1 DAGs
[2025-08-17T01:10:16.214+0000] {logging_mixin.py:188} INFO - [2025-08-17T01:10:16.214+0000] {dag.py:3947} INFO - Setting next_dagrun for latest_only_with_trigger to 2025-08-16 20:00:00+00:00, run_after=2025-08-17 00:00:00+00:00
[2025-08-17T01:10:16.234+0000] {processor.py:183} INFO - Processing /home/airflow/.local/lib/python3.12/site-packages/airflow/example_dags/example_latest_only_with_trigger.py took 0.079 seconds
[2025-08-17T01:10:46.613+0000] {processor.py:161} INFO - Started process (PID=1157) to work on /home/airflow/.local/lib/python3.12/site-packages/airflow/example_dags/example_latest_only_with_trigger.py
[2025-08-17T01:10:46.615+0000] {processor.py:830} INFO - Processing file /home/airflow/.local/lib/python3.12/site-packages/airflow/example_dags/example_latest_only_with_trigger.py for tasks to queue
[2025-08-17T01:10:46.618+0000] {logging_mixin.py:188} INFO - [2025-08-17T01:10:46.617+0000] {dagbag.py:545} INFO - Filling up the DagBag from /home/airflow/.local/lib/python3.12/site-packages/airflow/example_dags/example_latest_only_with_trigger.py
[2025-08-17T01:10:46.624+0000] {processor.py:840} INFO - DAG(s) 'latest_only_with_trigger' retrieved from /home/airflow/.local/lib/python3.12/site-packages/airflow/example_dags/example_latest_only_with_trigger.py
[2025-08-17T01:10:46.650+0000] {logging_mixin.py:188} INFO - [2025-08-17T01:10:46.649+0000] {dag.py:3089} INFO - Sync 1 DAGs
[2025-08-17T01:10:46.674+0000] {logging_mixin.py:188} INFO - [2025-08-17T01:10:46.674+0000] {dag.py:3947} INFO - Setting next_dagrun for latest_only_with_trigger to 2025-08-16 20:00:00+00:00, run_after=2025-08-17 00:00:00+00:00
[2025-08-17T01:10:46.694+0000] {processor.py:183} INFO - Processing /home/airflow/.local/lib/python3.12/site-packages/airflow/example_dags/example_latest_only_with_trigger.py took 0.087 seconds
[2025-08-17T01:11:16.917+0000] {processor.py:161} INFO - Started process (PID=1216) to work on /home/airflow/.local/lib/python3.12/site-packages/airflow/example_dags/example_latest_only_with_trigger.py
[2025-08-17T01:11:16.918+0000] {processor.py:830} INFO - Processing file /home/airflow/.local/lib/python3.12/site-packages/airflow/example_dags/example_latest_only_with_trigger.py for tasks to queue
[2025-08-17T01:11:16.921+0000] {logging_mixin.py:188} INFO - [2025-08-17T01:11:16.921+0000] {dagbag.py:545} INFO - Filling up the DagBag from /home/airflow/.local/lib/python3.12/site-packages/airflow/example_dags/example_latest_only_with_trigger.py
[2025-08-17T01:11:16.927+0000] {processor.py:840} INFO - DAG(s) 'latest_only_with_trigger' retrieved from /home/airflow/.local/lib/python3.12/site-packages/airflow/example_dags/example_latest_only_with_trigger.py
[2025-08-17T01:11:16.948+0000] {logging_mixin.py:188} INFO - [2025-08-17T01:11:16.947+0000] {dag.py:3089} INFO - Sync 1 DAGs
[2025-08-17T01:11:16.969+0000] {logging_mixin.py:188} INFO - [2025-08-17T01:11:16.969+0000] {dag.py:3947} INFO - Setting next_dagrun for latest_only_with_trigger to 2025-08-16 20:00:00+00:00, run_after=2025-08-17 00:00:00+00:00
[2025-08-17T01:11:16.991+0000] {processor.py:183} INFO - Processing /home/airflow/.local/lib/python3.12/site-packages/airflow/example_dags/example_latest_only_with_trigger.py took 0.080 seconds
[2025-08-17T01:11:47.527+0000] {processor.py:161} INFO - Started process (PID=1275) to work on /home/airflow/.local/lib/python3.12/site-packages/airflow/example_dags/example_latest_only_with_trigger.py
[2025-08-17T01:11:47.528+0000] {processor.py:830} INFO - Processing file /home/airflow/.local/lib/python3.12/site-packages/airflow/example_dags/example_latest_only_with_trigger.py for tasks to queue
[2025-08-17T01:11:47.531+0000] {logging_mixin.py:188} INFO - [2025-08-17T01:11:47.531+0000] {dagbag.py:545} INFO - Filling up the DagBag from /home/airflow/.local/lib/python3.12/site-packages/airflow/example_dags/example_latest_only_with_trigger.py
[2025-08-17T01:11:47.538+0000] {processor.py:840} INFO - DAG(s) 'latest_only_with_trigger' retrieved from /home/airflow/.local/lib/python3.12/site-packages/airflow/example_dags/example_latest_only_with_trigger.py
[2025-08-17T01:11:47.567+0000] {logging_mixin.py:188} INFO - [2025-08-17T01:11:47.567+0000] {dag.py:3089} INFO - Sync 1 DAGs
[2025-08-17T01:11:47.595+0000] {logging_mixin.py:188} INFO - [2025-08-17T01:11:47.595+0000] {dag.py:3947} INFO - Setting next_dagrun for latest_only_with_trigger to 2025-08-16 20:00:00+00:00, run_after=2025-08-17 00:00:00+00:00
[2025-08-17T01:11:47.619+0000] {processor.py:183} INFO - Processing /home/airflow/.local/lib/python3.12/site-packages/airflow/example_dags/example_latest_only_with_trigger.py took 0.099 seconds
[2025-08-17T01:12:17.850+0000] {processor.py:161} INFO - Started process (PID=1334) to work on /home/airflow/.local/lib/python3.12/site-packages/airflow/example_dags/example_latest_only_with_trigger.py
[2025-08-17T01:12:17.852+0000] {processor.py:830} INFO - Processing file /home/airflow/.local/lib/python3.12/site-packages/airflow/example_dags/example_latest_only_with_trigger.py for tasks to queue
[2025-08-17T01:12:17.856+0000] {logging_mixin.py:188} INFO - [2025-08-17T01:12:17.855+0000] {dagbag.py:545} INFO - Filling up the DagBag from /home/airflow/.local/lib/python3.12/site-packages/airflow/example_dags/example_latest_only_with_trigger.py
[2025-08-17T01:12:17.867+0000] {processor.py:840} INFO - DAG(s) 'latest_only_with_trigger' retrieved from /home/airflow/.local/lib/python3.12/site-packages/airflow/example_dags/example_latest_only_with_trigger.py
[2025-08-17T01:12:17.912+0000] {logging_mixin.py:188} INFO - [2025-08-17T01:12:17.912+0000] {dag.py:3089} INFO - Sync 1 DAGs
[2025-08-17T01:12:17.947+0000] {logging_mixin.py:188} INFO - [2025-08-17T01:12:17.946+0000] {dag.py:3947} INFO - Setting next_dagrun for latest_only_with_trigger to 2025-08-16 20:00:00+00:00, run_after=2025-08-17 00:00:00+00:00
[2025-08-17T01:12:17.976+0000] {processor.py:183} INFO - Processing /home/airflow/.local/lib/python3.12/site-packages/airflow/example_dags/example_latest_only_with_trigger.py took 0.136 seconds
[2025-08-17T01:12:48.186+0000] {processor.py:161} INFO - Started process (PID=1392) to work on /home/airflow/.local/lib/python3.12/site-packages/airflow/example_dags/example_latest_only_with_trigger.py
[2025-08-17T01:12:48.187+0000] {processor.py:830} INFO - Processing file /home/airflow/.local/lib/python3.12/site-packages/airflow/example_dags/example_latest_only_with_trigger.py for tasks to queue
[2025-08-17T01:12:48.190+0000] {logging_mixin.py:188} INFO - [2025-08-17T01:12:48.189+0000] {dagbag.py:545} INFO - Filling up the DagBag from /home/airflow/.local/lib/python3.12/site-packages/airflow/example_dags/example_latest_only_with_trigger.py
[2025-08-17T01:12:48.195+0000] {processor.py:840} INFO - DAG(s) 'latest_only_with_trigger' retrieved from /home/airflow/.local/lib/python3.12/site-packages/airflow/example_dags/example_latest_only_with_trigger.py
[2025-08-17T01:12:48.216+0000] {logging_mixin.py:188} INFO - [2025-08-17T01:12:48.216+0000] {dag.py:3089} INFO - Sync 1 DAGs
[2025-08-17T01:12:48.237+0000] {logging_mixin.py:188} INFO - [2025-08-17T01:12:48.237+0000] {dag.py:3947} INFO - Setting next_dagrun for latest_only_with_trigger to 2025-08-16 20:00:00+00:00, run_after=2025-08-17 00:00:00+00:00
[2025-08-17T01:12:48.255+0000] {processor.py:183} INFO - Processing /home/airflow/.local/lib/python3.12/site-packages/airflow/example_dags/example_latest_only_with_trigger.py took 0.075 seconds
[2025-08-17T01:13:18.486+0000] {processor.py:161} INFO - Started process (PID=1452) to work on /home/airflow/.local/lib/python3.12/site-packages/airflow/example_dags/example_latest_only_with_trigger.py
[2025-08-17T01:13:18.488+0000] {processor.py:830} INFO - Processing file /home/airflow/.local/lib/python3.12/site-packages/airflow/example_dags/example_latest_only_with_trigger.py for tasks to queue
[2025-08-17T01:13:18.490+0000] {logging_mixin.py:188} INFO - [2025-08-17T01:13:18.490+0000] {dagbag.py:545} INFO - Filling up the DagBag from /home/airflow/.local/lib/python3.12/site-packages/airflow/example_dags/example_latest_only_with_trigger.py
[2025-08-17T01:13:18.495+0000] {processor.py:840} INFO - DAG(s) 'latest_only_with_trigger' retrieved from /home/airflow/.local/lib/python3.12/site-packages/airflow/example_dags/example_latest_only_with_trigger.py
[2025-08-17T01:13:18.518+0000] {logging_mixin.py:188} INFO - [2025-08-17T01:13:18.518+0000] {dag.py:3089} INFO - Sync 1 DAGs
[2025-08-17T01:13:18.537+0000] {logging_mixin.py:188} INFO - [2025-08-17T01:13:18.537+0000] {dag.py:3947} INFO - Setting next_dagrun for latest_only_with_trigger to 2025-08-16 20:00:00+00:00, run_after=2025-08-17 00:00:00+00:00
[2025-08-17T01:13:18.559+0000] {processor.py:183} INFO - Processing /home/airflow/.local/lib/python3.12/site-packages/airflow/example_dags/example_latest_only_with_trigger.py took 0.078 seconds
[2025-08-17T01:13:48.956+0000] {processor.py:161} INFO - Started process (PID=1511) to work on /home/airflow/.local/lib/python3.12/site-packages/airflow/example_dags/example_latest_only_with_trigger.py
[2025-08-17T01:13:48.957+0000] {processor.py:830} INFO - Processing file /home/airflow/.local/lib/python3.12/site-packages/airflow/example_dags/example_latest_only_with_trigger.py for tasks to queue
[2025-08-17T01:13:48.959+0000] {logging_mixin.py:188} INFO - [2025-08-17T01:13:48.959+0000] {dagbag.py:545} INFO - Filling up the DagBag from /home/airflow/.local/lib/python3.12/site-packages/airflow/example_dags/example_latest_only_with_trigger.py
[2025-08-17T01:13:48.965+0000] {processor.py:840} INFO - DAG(s) 'latest_only_with_trigger' retrieved from /home/airflow/.local/lib/python3.12/site-packages/airflow/example_dags/example_latest_only_with_trigger.py
[2025-08-17T01:13:48.991+0000] {logging_mixin.py:188} INFO - [2025-08-17T01:13:48.990+0000] {dag.py:3089} INFO - Sync 1 DAGs
[2025-08-17T01:13:49.016+0000] {logging_mixin.py:188} INFO - [2025-08-17T01:13:49.015+0000] {dag.py:3947} INFO - Setting next_dagrun for latest_only_with_trigger to 2025-08-16 20:00:00+00:00, run_after=2025-08-17 00:00:00+00:00
[2025-08-17T01:13:49.039+0000] {processor.py:183} INFO - Processing /home/airflow/.local/lib/python3.12/site-packages/airflow/example_dags/example_latest_only_with_trigger.py took 0.089 seconds
[2025-08-17T01:14:19.762+0000] {processor.py:161} INFO - Started process (PID=1570) to work on /home/airflow/.local/lib/python3.12/site-packages/airflow/example_dags/example_latest_only_with_trigger.py
[2025-08-17T01:14:19.764+0000] {processor.py:830} INFO - Processing file /home/airflow/.local/lib/python3.12/site-packages/airflow/example_dags/example_latest_only_with_trigger.py for tasks to queue
[2025-08-17T01:14:19.767+0000] {logging_mixin.py:188} INFO - [2025-08-17T01:14:19.767+0000] {dagbag.py:545} INFO - Filling up the DagBag from /home/airflow/.local/lib/python3.12/site-packages/airflow/example_dags/example_latest_only_with_trigger.py
[2025-08-17T01:14:19.776+0000] {processor.py:840} INFO - DAG(s) 'latest_only_with_trigger' retrieved from /home/airflow/.local/lib/python3.12/site-packages/airflow/example_dags/example_latest_only_with_trigger.py
[2025-08-17T01:14:19.806+0000] {logging_mixin.py:188} INFO - [2025-08-17T01:14:19.805+0000] {dag.py:3089} INFO - Sync 1 DAGs
[2025-08-17T01:14:19.834+0000] {logging_mixin.py:188} INFO - [2025-08-17T01:14:19.833+0000] {dag.py:3947} INFO - Setting next_dagrun for latest_only_with_trigger to 2025-08-16 20:00:00+00:00, run_after=2025-08-17 00:00:00+00:00
[2025-08-17T01:14:19.858+0000] {processor.py:183} INFO - Processing /home/airflow/.local/lib/python3.12/site-packages/airflow/example_dags/example_latest_only_with_trigger.py took 0.103 seconds
[2025-08-17T01:14:50.099+0000] {processor.py:161} INFO - Started process (PID=1629) to work on /home/airflow/.local/lib/python3.12/site-packages/airflow/example_dags/example_latest_only_with_trigger.py
[2025-08-17T01:14:50.101+0000] {processor.py:830} INFO - Processing file /home/airflow/.local/lib/python3.12/site-packages/airflow/example_dags/example_latest_only_with_trigger.py for tasks to queue
[2025-08-17T01:14:50.103+0000] {logging_mixin.py:188} INFO - [2025-08-17T01:14:50.103+0000] {dagbag.py:545} INFO - Filling up the DagBag from /home/airflow/.local/lib/python3.12/site-packages/airflow/example_dags/example_latest_only_with_trigger.py
[2025-08-17T01:14:50.109+0000] {processor.py:840} INFO - DAG(s) 'latest_only_with_trigger' retrieved from /home/airflow/.local/lib/python3.12/site-packages/airflow/example_dags/example_latest_only_with_trigger.py
[2025-08-17T01:14:50.131+0000] {logging_mixin.py:188} INFO - [2025-08-17T01:14:50.130+0000] {dag.py:3089} INFO - Sync 1 DAGs
[2025-08-17T01:14:50.151+0000] {logging_mixin.py:188} INFO - [2025-08-17T01:14:50.150+0000] {dag.py:3947} INFO - Setting next_dagrun for latest_only_with_trigger to 2025-08-16 20:00:00+00:00, run_after=2025-08-17 00:00:00+00:00
[2025-08-17T01:14:50.169+0000] {processor.py:183} INFO - Processing /home/airflow/.local/lib/python3.12/site-packages/airflow/example_dags/example_latest_only_with_trigger.py took 0.076 seconds
[2025-08-17T01:15:20.380+0000] {processor.py:161} INFO - Started process (PID=1688) to work on /home/airflow/.local/lib/python3.12/site-packages/airflow/example_dags/example_latest_only_with_trigger.py
[2025-08-17T01:15:20.382+0000] {processor.py:830} INFO - Processing file /home/airflow/.local/lib/python3.12/site-packages/airflow/example_dags/example_latest_only_with_trigger.py for tasks to queue
[2025-08-17T01:15:20.384+0000] {logging_mixin.py:188} INFO - [2025-08-17T01:15:20.384+0000] {dagbag.py:545} INFO - Filling up the DagBag from /home/airflow/.local/lib/python3.12/site-packages/airflow/example_dags/example_latest_only_with_trigger.py
[2025-08-17T01:15:20.390+0000] {processor.py:840} INFO - DAG(s) 'latest_only_with_trigger' retrieved from /home/airflow/.local/lib/python3.12/site-packages/airflow/example_dags/example_latest_only_with_trigger.py
[2025-08-17T01:15:20.414+0000] {logging_mixin.py:188} INFO - [2025-08-17T01:15:20.414+0000] {dag.py:3089} INFO - Sync 1 DAGs
[2025-08-17T01:15:20.434+0000] {logging_mixin.py:188} INFO - [2025-08-17T01:15:20.434+0000] {dag.py:3947} INFO - Setting next_dagrun for latest_only_with_trigger to 2025-08-16 20:00:00+00:00, run_after=2025-08-17 00:00:00+00:00
[2025-08-17T01:15:20.454+0000] {processor.py:183} INFO - Processing /home/airflow/.local/lib/python3.12/site-packages/airflow/example_dags/example_latest_only_with_trigger.py took 0.079 seconds
[2025-08-17T01:15:52.097+0000] {processor.py:161} INFO - Started process (PID=1747) to work on /home/airflow/.local/lib/python3.12/site-packages/airflow/example_dags/example_latest_only_with_trigger.py
[2025-08-17T01:15:52.099+0000] {processor.py:830} INFO - Processing file /home/airflow/.local/lib/python3.12/site-packages/airflow/example_dags/example_latest_only_with_trigger.py for tasks to queue
[2025-08-17T01:15:52.104+0000] {logging_mixin.py:188} INFO - [2025-08-17T01:15:52.103+0000] {dagbag.py:545} INFO - Filling up the DagBag from /home/airflow/.local/lib/python3.12/site-packages/airflow/example_dags/example_latest_only_with_trigger.py
[2025-08-17T01:15:52.118+0000] {processor.py:840} INFO - DAG(s) 'latest_only_with_trigger' retrieved from /home/airflow/.local/lib/python3.12/site-packages/airflow/example_dags/example_latest_only_with_trigger.py
[2025-08-17T01:15:52.163+0000] {logging_mixin.py:188} INFO - [2025-08-17T01:15:52.163+0000] {dag.py:3089} INFO - Sync 1 DAGs
[2025-08-17T01:15:52.474+0000] {logging_mixin.py:188} INFO - [2025-08-17T01:15:52.473+0000] {dag.py:3947} INFO - Setting next_dagrun for latest_only_with_trigger to 2025-08-16 20:00:00+00:00, run_after=2025-08-17 00:00:00+00:00
[2025-08-17T01:15:52.504+0000] {processor.py:183} INFO - Processing /home/airflow/.local/lib/python3.12/site-packages/airflow/example_dags/example_latest_only_with_trigger.py took 0.421 seconds
[2025-08-17T01:16:22.825+0000] {processor.py:161} INFO - Started process (PID=1806) to work on /home/airflow/.local/lib/python3.12/site-packages/airflow/example_dags/example_latest_only_with_trigger.py
[2025-08-17T01:16:22.826+0000] {processor.py:830} INFO - Processing file /home/airflow/.local/lib/python3.12/site-packages/airflow/example_dags/example_latest_only_with_trigger.py for tasks to queue
[2025-08-17T01:16:22.829+0000] {logging_mixin.py:188} INFO - [2025-08-17T01:16:22.828+0000] {dagbag.py:545} INFO - Filling up the DagBag from /home/airflow/.local/lib/python3.12/site-packages/airflow/example_dags/example_latest_only_with_trigger.py
[2025-08-17T01:16:22.835+0000] {processor.py:840} INFO - DAG(s) 'latest_only_with_trigger' retrieved from /home/airflow/.local/lib/python3.12/site-packages/airflow/example_dags/example_latest_only_with_trigger.py
[2025-08-17T01:16:22.860+0000] {logging_mixin.py:188} INFO - [2025-08-17T01:16:22.860+0000] {dag.py:3089} INFO - Sync 1 DAGs
[2025-08-17T01:16:22.888+0000] {logging_mixin.py:188} INFO - [2025-08-17T01:16:22.888+0000] {dag.py:3947} INFO - Setting next_dagrun for latest_only_with_trigger to 2025-08-16 20:00:00+00:00, run_after=2025-08-17 00:00:00+00:00
[2025-08-17T01:16:23.078+0000] {processor.py:183} INFO - Processing /home/airflow/.local/lib/python3.12/site-packages/airflow/example_dags/example_latest_only_with_trigger.py took 0.260 seconds
[2025-08-17T01:17:40.959+0000] {processor.py:161} INFO - Started process (PID=99) to work on /home/airflow/.local/lib/python3.12/site-packages/airflow/example_dags/example_latest_only_with_trigger.py
[2025-08-17T01:17:40.960+0000] {processor.py:830} INFO - Processing file /home/airflow/.local/lib/python3.12/site-packages/airflow/example_dags/example_latest_only_with_trigger.py for tasks to queue
[2025-08-17T01:17:40.963+0000] {logging_mixin.py:188} INFO - [2025-08-17T01:17:40.962+0000] {dagbag.py:545} INFO - Filling up the DagBag from /home/airflow/.local/lib/python3.12/site-packages/airflow/example_dags/example_latest_only_with_trigger.py
[2025-08-17T01:17:40.971+0000] {processor.py:840} INFO - DAG(s) 'latest_only_with_trigger' retrieved from /home/airflow/.local/lib/python3.12/site-packages/airflow/example_dags/example_latest_only_with_trigger.py
[2025-08-17T01:17:41.128+0000] {logging_mixin.py:188} INFO - [2025-08-17T01:17:41.128+0000] {dag.py:3089} INFO - Sync 1 DAGs
[2025-08-17T01:17:41.155+0000] {logging_mixin.py:188} INFO - [2025-08-17T01:17:41.154+0000] {dag.py:3947} INFO - Setting next_dagrun for latest_only_with_trigger to 2025-08-16 20:00:00+00:00, run_after=2025-08-17 00:00:00+00:00
[2025-08-17T01:17:41.181+0000] {processor.py:183} INFO - Processing /home/airflow/.local/lib/python3.12/site-packages/airflow/example_dags/example_latest_only_with_trigger.py took 0.230 seconds
[2025-08-17T01:18:11.499+0000] {processor.py:161} INFO - Started process (PID=158) to work on /home/airflow/.local/lib/python3.12/site-packages/airflow/example_dags/example_latest_only_with_trigger.py
[2025-08-17T01:18:11.500+0000] {processor.py:830} INFO - Processing file /home/airflow/.local/lib/python3.12/site-packages/airflow/example_dags/example_latest_only_with_trigger.py for tasks to queue
[2025-08-17T01:18:11.504+0000] {logging_mixin.py:188} INFO - [2025-08-17T01:18:11.503+0000] {dagbag.py:545} INFO - Filling up the DagBag from /home/airflow/.local/lib/python3.12/site-packages/airflow/example_dags/example_latest_only_with_trigger.py
[2025-08-17T01:18:11.511+0000] {processor.py:840} INFO - DAG(s) 'latest_only_with_trigger' retrieved from /home/airflow/.local/lib/python3.12/site-packages/airflow/example_dags/example_latest_only_with_trigger.py
[2025-08-17T01:18:11.542+0000] {logging_mixin.py:188} INFO - [2025-08-17T01:18:11.542+0000] {dag.py:3089} INFO - Sync 1 DAGs
[2025-08-17T01:18:11.572+0000] {logging_mixin.py:188} INFO - [2025-08-17T01:18:11.572+0000] {dag.py:3947} INFO - Setting next_dagrun for latest_only_with_trigger to 2025-08-16 20:00:00+00:00, run_after=2025-08-17 00:00:00+00:00
[2025-08-17T01:18:11.594+0000] {processor.py:183} INFO - Processing /home/airflow/.local/lib/python3.12/site-packages/airflow/example_dags/example_latest_only_with_trigger.py took 0.102 seconds
[2025-08-17T01:18:42.219+0000] {processor.py:161} INFO - Started process (PID=217) to work on /home/airflow/.local/lib/python3.12/site-packages/airflow/example_dags/example_latest_only_with_trigger.py
[2025-08-17T01:18:42.220+0000] {processor.py:830} INFO - Processing file /home/airflow/.local/lib/python3.12/site-packages/airflow/example_dags/example_latest_only_with_trigger.py for tasks to queue
[2025-08-17T01:18:42.222+0000] {logging_mixin.py:188} INFO - [2025-08-17T01:18:42.222+0000] {dagbag.py:545} INFO - Filling up the DagBag from /home/airflow/.local/lib/python3.12/site-packages/airflow/example_dags/example_latest_only_with_trigger.py
[2025-08-17T01:18:42.228+0000] {processor.py:840} INFO - DAG(s) 'latest_only_with_trigger' retrieved from /home/airflow/.local/lib/python3.12/site-packages/airflow/example_dags/example_latest_only_with_trigger.py
[2025-08-17T01:18:42.249+0000] {logging_mixin.py:188} INFO - [2025-08-17T01:18:42.249+0000] {dag.py:3089} INFO - Sync 1 DAGs
[2025-08-17T01:18:42.271+0000] {logging_mixin.py:188} INFO - [2025-08-17T01:18:42.271+0000] {dag.py:3947} INFO - Setting next_dagrun for latest_only_with_trigger to 2025-08-16 20:00:00+00:00, run_after=2025-08-17 00:00:00+00:00
[2025-08-17T01:18:42.291+0000] {processor.py:183} INFO - Processing /home/airflow/.local/lib/python3.12/site-packages/airflow/example_dags/example_latest_only_with_trigger.py took 0.077 seconds
[2025-08-17T01:19:12.423+0000] {processor.py:161} INFO - Started process (PID=276) to work on /home/airflow/.local/lib/python3.12/site-packages/airflow/example_dags/example_latest_only_with_trigger.py
[2025-08-17T01:19:12.424+0000] {processor.py:830} INFO - Processing file /home/airflow/.local/lib/python3.12/site-packages/airflow/example_dags/example_latest_only_with_trigger.py for tasks to queue
[2025-08-17T01:19:12.426+0000] {logging_mixin.py:188} INFO - [2025-08-17T01:19:12.426+0000] {dagbag.py:545} INFO - Filling up the DagBag from /home/airflow/.local/lib/python3.12/site-packages/airflow/example_dags/example_latest_only_with_trigger.py
[2025-08-17T01:19:12.432+0000] {processor.py:840} INFO - DAG(s) 'latest_only_with_trigger' retrieved from /home/airflow/.local/lib/python3.12/site-packages/airflow/example_dags/example_latest_only_with_trigger.py
[2025-08-17T01:19:12.458+0000] {logging_mixin.py:188} INFO - [2025-08-17T01:19:12.457+0000] {dag.py:3089} INFO - Sync 1 DAGs
[2025-08-17T01:19:12.482+0000] {logging_mixin.py:188} INFO - [2025-08-17T01:19:12.482+0000] {dag.py:3947} INFO - Setting next_dagrun for latest_only_with_trigger to 2025-08-16 20:00:00+00:00, run_after=2025-08-17 00:00:00+00:00
[2025-08-17T01:19:12.504+0000] {processor.py:183} INFO - Processing /home/airflow/.local/lib/python3.12/site-packages/airflow/example_dags/example_latest_only_with_trigger.py took 0.087 seconds
[2025-08-17T01:19:42.774+0000] {processor.py:161} INFO - Started process (PID=335) to work on /home/airflow/.local/lib/python3.12/site-packages/airflow/example_dags/example_latest_only_with_trigger.py
[2025-08-17T01:19:42.775+0000] {processor.py:830} INFO - Processing file /home/airflow/.local/lib/python3.12/site-packages/airflow/example_dags/example_latest_only_with_trigger.py for tasks to queue
[2025-08-17T01:19:42.778+0000] {logging_mixin.py:188} INFO - [2025-08-17T01:19:42.777+0000] {dagbag.py:545} INFO - Filling up the DagBag from /home/airflow/.local/lib/python3.12/site-packages/airflow/example_dags/example_latest_only_with_trigger.py
[2025-08-17T01:19:42.784+0000] {processor.py:840} INFO - DAG(s) 'latest_only_with_trigger' retrieved from /home/airflow/.local/lib/python3.12/site-packages/airflow/example_dags/example_latest_only_with_trigger.py
[2025-08-17T01:19:42.810+0000] {logging_mixin.py:188} INFO - [2025-08-17T01:19:42.809+0000] {dag.py:3089} INFO - Sync 1 DAGs
[2025-08-17T01:19:42.835+0000] {logging_mixin.py:188} INFO - [2025-08-17T01:19:42.835+0000] {dag.py:3947} INFO - Setting next_dagrun for latest_only_with_trigger to 2025-08-16 20:00:00+00:00, run_after=2025-08-17 00:00:00+00:00
[2025-08-17T01:19:42.858+0000] {processor.py:183} INFO - Processing /home/airflow/.local/lib/python3.12/site-packages/airflow/example_dags/example_latest_only_with_trigger.py took 0.089 seconds
[2025-08-17T01:20:12.959+0000] {processor.py:161} INFO - Started process (PID=395) to work on /home/airflow/.local/lib/python3.12/site-packages/airflow/example_dags/example_latest_only_with_trigger.py
[2025-08-17T01:20:12.960+0000] {processor.py:830} INFO - Processing file /home/airflow/.local/lib/python3.12/site-packages/airflow/example_dags/example_latest_only_with_trigger.py for tasks to queue
[2025-08-17T01:20:12.962+0000] {logging_mixin.py:188} INFO - [2025-08-17T01:20:12.962+0000] {dagbag.py:545} INFO - Filling up the DagBag from /home/airflow/.local/lib/python3.12/site-packages/airflow/example_dags/example_latest_only_with_trigger.py
[2025-08-17T01:20:12.967+0000] {processor.py:840} INFO - DAG(s) 'latest_only_with_trigger' retrieved from /home/airflow/.local/lib/python3.12/site-packages/airflow/example_dags/example_latest_only_with_trigger.py
[2025-08-17T01:20:12.989+0000] {logging_mixin.py:188} INFO - [2025-08-17T01:20:12.988+0000] {dag.py:3089} INFO - Sync 1 DAGs
[2025-08-17T01:20:13.006+0000] {logging_mixin.py:188} INFO - [2025-08-17T01:20:13.006+0000] {dag.py:3947} INFO - Setting next_dagrun for latest_only_with_trigger to 2025-08-16 20:00:00+00:00, run_after=2025-08-17 00:00:00+00:00
[2025-08-17T01:20:13.024+0000] {processor.py:183} INFO - Processing /home/airflow/.local/lib/python3.12/site-packages/airflow/example_dags/example_latest_only_with_trigger.py took 0.070 seconds
[2025-08-17T01:20:43.138+0000] {processor.py:161} INFO - Started process (PID=455) to work on /home/airflow/.local/lib/python3.12/site-packages/airflow/example_dags/example_latest_only_with_trigger.py
[2025-08-17T01:20:43.139+0000] {processor.py:830} INFO - Processing file /home/airflow/.local/lib/python3.12/site-packages/airflow/example_dags/example_latest_only_with_trigger.py for tasks to queue
[2025-08-17T01:20:43.141+0000] {logging_mixin.py:188} INFO - [2025-08-17T01:20:43.140+0000] {dagbag.py:545} INFO - Filling up the DagBag from /home/airflow/.local/lib/python3.12/site-packages/airflow/example_dags/example_latest_only_with_trigger.py
[2025-08-17T01:20:43.147+0000] {processor.py:840} INFO - DAG(s) 'latest_only_with_trigger' retrieved from /home/airflow/.local/lib/python3.12/site-packages/airflow/example_dags/example_latest_only_with_trigger.py
[2025-08-17T01:20:43.168+0000] {logging_mixin.py:188} INFO - [2025-08-17T01:20:43.168+0000] {dag.py:3089} INFO - Sync 1 DAGs
[2025-08-17T01:20:43.188+0000] {logging_mixin.py:188} INFO - [2025-08-17T01:20:43.188+0000] {dag.py:3947} INFO - Setting next_dagrun for latest_only_with_trigger to 2025-08-16 20:00:00+00:00, run_after=2025-08-17 00:00:00+00:00
[2025-08-17T01:20:43.204+0000] {processor.py:183} INFO - Processing /home/airflow/.local/lib/python3.12/site-packages/airflow/example_dags/example_latest_only_with_trigger.py took 0.072 seconds
[2025-08-17T01:21:13.673+0000] {processor.py:161} INFO - Started process (PID=514) to work on /home/airflow/.local/lib/python3.12/site-packages/airflow/example_dags/example_latest_only_with_trigger.py
[2025-08-17T01:21:13.674+0000] {processor.py:830} INFO - Processing file /home/airflow/.local/lib/python3.12/site-packages/airflow/example_dags/example_latest_only_with_trigger.py for tasks to queue
[2025-08-17T01:21:13.676+0000] {logging_mixin.py:188} INFO - [2025-08-17T01:21:13.676+0000] {dagbag.py:545} INFO - Filling up the DagBag from /home/airflow/.local/lib/python3.12/site-packages/airflow/example_dags/example_latest_only_with_trigger.py
[2025-08-17T01:21:13.683+0000] {processor.py:840} INFO - DAG(s) 'latest_only_with_trigger' retrieved from /home/airflow/.local/lib/python3.12/site-packages/airflow/example_dags/example_latest_only_with_trigger.py
[2025-08-17T01:21:13.707+0000] {logging_mixin.py:188} INFO - [2025-08-17T01:21:13.707+0000] {dag.py:3089} INFO - Sync 1 DAGs
[2025-08-17T01:21:13.735+0000] {logging_mixin.py:188} INFO - [2025-08-17T01:21:13.734+0000] {dag.py:3947} INFO - Setting next_dagrun for latest_only_with_trigger to 2025-08-16 20:00:00+00:00, run_after=2025-08-17 00:00:00+00:00
[2025-08-17T01:21:13.758+0000] {processor.py:183} INFO - Processing /home/airflow/.local/lib/python3.12/site-packages/airflow/example_dags/example_latest_only_with_trigger.py took 0.091 seconds
[2025-08-17T01:21:44.229+0000] {processor.py:161} INFO - Started process (PID=573) to work on /home/airflow/.local/lib/python3.12/site-packages/airflow/example_dags/example_latest_only_with_trigger.py
[2025-08-17T01:21:44.230+0000] {processor.py:830} INFO - Processing file /home/airflow/.local/lib/python3.12/site-packages/airflow/example_dags/example_latest_only_with_trigger.py for tasks to queue
[2025-08-17T01:21:44.233+0000] {logging_mixin.py:188} INFO - [2025-08-17T01:21:44.232+0000] {dagbag.py:545} INFO - Filling up the DagBag from /home/airflow/.local/lib/python3.12/site-packages/airflow/example_dags/example_latest_only_with_trigger.py
[2025-08-17T01:21:44.239+0000] {processor.py:840} INFO - DAG(s) 'latest_only_with_trigger' retrieved from /home/airflow/.local/lib/python3.12/site-packages/airflow/example_dags/example_latest_only_with_trigger.py
[2025-08-17T01:21:44.272+0000] {logging_mixin.py:188} INFO - [2025-08-17T01:21:44.271+0000] {dag.py:3089} INFO - Sync 1 DAGs
[2025-08-17T01:21:44.306+0000] {logging_mixin.py:188} INFO - [2025-08-17T01:21:44.306+0000] {dag.py:3947} INFO - Setting next_dagrun for latest_only_with_trigger to 2025-08-16 20:00:00+00:00, run_after=2025-08-17 00:00:00+00:00
[2025-08-17T01:21:44.328+0000] {processor.py:183} INFO - Processing /home/airflow/.local/lib/python3.12/site-packages/airflow/example_dags/example_latest_only_with_trigger.py took 0.105 seconds
[2025-08-17T01:22:14.608+0000] {processor.py:161} INFO - Started process (PID=632) to work on /home/airflow/.local/lib/python3.12/site-packages/airflow/example_dags/example_latest_only_with_trigger.py
[2025-08-17T01:22:14.609+0000] {processor.py:830} INFO - Processing file /home/airflow/.local/lib/python3.12/site-packages/airflow/example_dags/example_latest_only_with_trigger.py for tasks to queue
[2025-08-17T01:22:14.612+0000] {logging_mixin.py:188} INFO - [2025-08-17T01:22:14.611+0000] {dagbag.py:545} INFO - Filling up the DagBag from /home/airflow/.local/lib/python3.12/site-packages/airflow/example_dags/example_latest_only_with_trigger.py
[2025-08-17T01:22:14.619+0000] {processor.py:840} INFO - DAG(s) 'latest_only_with_trigger' retrieved from /home/airflow/.local/lib/python3.12/site-packages/airflow/example_dags/example_latest_only_with_trigger.py
[2025-08-17T01:22:14.645+0000] {logging_mixin.py:188} INFO - [2025-08-17T01:22:14.645+0000] {dag.py:3089} INFO - Sync 1 DAGs
[2025-08-17T01:22:14.670+0000] {logging_mixin.py:188} INFO - [2025-08-17T01:22:14.670+0000] {dag.py:3947} INFO - Setting next_dagrun for latest_only_with_trigger to 2025-08-16 20:00:00+00:00, run_after=2025-08-17 00:00:00+00:00
[2025-08-17T01:22:14.697+0000] {processor.py:183} INFO - Processing /home/airflow/.local/lib/python3.12/site-packages/airflow/example_dags/example_latest_only_with_trigger.py took 0.096 seconds
[2025-08-17T01:22:44.775+0000] {processor.py:161} INFO - Started process (PID=691) to work on /home/airflow/.local/lib/python3.12/site-packages/airflow/example_dags/example_latest_only_with_trigger.py
[2025-08-17T01:22:44.777+0000] {processor.py:830} INFO - Processing file /home/airflow/.local/lib/python3.12/site-packages/airflow/example_dags/example_latest_only_with_trigger.py for tasks to queue
[2025-08-17T01:22:44.780+0000] {logging_mixin.py:188} INFO - [2025-08-17T01:22:44.780+0000] {dagbag.py:545} INFO - Filling up the DagBag from /home/airflow/.local/lib/python3.12/site-packages/airflow/example_dags/example_latest_only_with_trigger.py
[2025-08-17T01:22:44.787+0000] {processor.py:840} INFO - DAG(s) 'latest_only_with_trigger' retrieved from /home/airflow/.local/lib/python3.12/site-packages/airflow/example_dags/example_latest_only_with_trigger.py
[2025-08-17T01:22:44.812+0000] {logging_mixin.py:188} INFO - [2025-08-17T01:22:44.811+0000] {dag.py:3089} INFO - Sync 1 DAGs
[2025-08-17T01:22:44.836+0000] {logging_mixin.py:188} INFO - [2025-08-17T01:22:44.836+0000] {dag.py:3947} INFO - Setting next_dagrun for latest_only_with_trigger to 2025-08-16 20:00:00+00:00, run_after=2025-08-17 00:00:00+00:00
[2025-08-17T01:22:44.858+0000] {processor.py:183} INFO - Processing /home/airflow/.local/lib/python3.12/site-packages/airflow/example_dags/example_latest_only_with_trigger.py took 0.090 seconds
[2025-08-17T01:23:15.079+0000] {processor.py:161} INFO - Started process (PID=750) to work on /home/airflow/.local/lib/python3.12/site-packages/airflow/example_dags/example_latest_only_with_trigger.py
[2025-08-17T01:23:15.080+0000] {processor.py:830} INFO - Processing file /home/airflow/.local/lib/python3.12/site-packages/airflow/example_dags/example_latest_only_with_trigger.py for tasks to queue
[2025-08-17T01:23:15.084+0000] {logging_mixin.py:188} INFO - [2025-08-17T01:23:15.083+0000] {dagbag.py:545} INFO - Filling up the DagBag from /home/airflow/.local/lib/python3.12/site-packages/airflow/example_dags/example_latest_only_with_trigger.py
[2025-08-17T01:23:15.092+0000] {processor.py:840} INFO - DAG(s) 'latest_only_with_trigger' retrieved from /home/airflow/.local/lib/python3.12/site-packages/airflow/example_dags/example_latest_only_with_trigger.py
[2025-08-17T01:23:15.121+0000] {logging_mixin.py:188} INFO - [2025-08-17T01:23:15.121+0000] {dag.py:3089} INFO - Sync 1 DAGs
[2025-08-17T01:23:15.149+0000] {logging_mixin.py:188} INFO - [2025-08-17T01:23:15.149+0000] {dag.py:3947} INFO - Setting next_dagrun for latest_only_with_trigger to 2025-08-16 20:00:00+00:00, run_after=2025-08-17 00:00:00+00:00
[2025-08-17T01:23:15.173+0000] {processor.py:183} INFO - Processing /home/airflow/.local/lib/python3.12/site-packages/airflow/example_dags/example_latest_only_with_trigger.py took 0.105 seconds
[2025-08-17T01:23:45.796+0000] {processor.py:161} INFO - Started process (PID=809) to work on /home/airflow/.local/lib/python3.12/site-packages/airflow/example_dags/example_latest_only_with_trigger.py
[2025-08-17T01:23:45.798+0000] {processor.py:830} INFO - Processing file /home/airflow/.local/lib/python3.12/site-packages/airflow/example_dags/example_latest_only_with_trigger.py for tasks to queue
[2025-08-17T01:23:45.800+0000] {logging_mixin.py:188} INFO - [2025-08-17T01:23:45.800+0000] {dagbag.py:545} INFO - Filling up the DagBag from /home/airflow/.local/lib/python3.12/site-packages/airflow/example_dags/example_latest_only_with_trigger.py
[2025-08-17T01:23:45.806+0000] {processor.py:840} INFO - DAG(s) 'latest_only_with_trigger' retrieved from /home/airflow/.local/lib/python3.12/site-packages/airflow/example_dags/example_latest_only_with_trigger.py
[2025-08-17T01:23:45.831+0000] {logging_mixin.py:188} INFO - [2025-08-17T01:23:45.830+0000] {dag.py:3089} INFO - Sync 1 DAGs
[2025-08-17T01:23:45.851+0000] {logging_mixin.py:188} INFO - [2025-08-17T01:23:45.851+0000] {dag.py:3947} INFO - Setting next_dagrun for latest_only_with_trigger to 2025-08-16 20:00:00+00:00, run_after=2025-08-17 00:00:00+00:00
[2025-08-17T01:23:45.871+0000] {processor.py:183} INFO - Processing /home/airflow/.local/lib/python3.12/site-packages/airflow/example_dags/example_latest_only_with_trigger.py took 0.081 seconds
[2025-08-17T01:24:16.453+0000] {processor.py:161} INFO - Started process (PID=868) to work on /home/airflow/.local/lib/python3.12/site-packages/airflow/example_dags/example_latest_only_with_trigger.py
[2025-08-17T01:24:16.455+0000] {processor.py:830} INFO - Processing file /home/airflow/.local/lib/python3.12/site-packages/airflow/example_dags/example_latest_only_with_trigger.py for tasks to queue
[2025-08-17T01:24:16.457+0000] {logging_mixin.py:188} INFO - [2025-08-17T01:24:16.457+0000] {dagbag.py:545} INFO - Filling up the DagBag from /home/airflow/.local/lib/python3.12/site-packages/airflow/example_dags/example_latest_only_with_trigger.py
[2025-08-17T01:24:16.463+0000] {processor.py:840} INFO - DAG(s) 'latest_only_with_trigger' retrieved from /home/airflow/.local/lib/python3.12/site-packages/airflow/example_dags/example_latest_only_with_trigger.py
[2025-08-17T01:24:16.487+0000] {logging_mixin.py:188} INFO - [2025-08-17T01:24:16.487+0000] {dag.py:3089} INFO - Sync 1 DAGs
[2025-08-17T01:24:16.510+0000] {logging_mixin.py:188} INFO - [2025-08-17T01:24:16.509+0000] {dag.py:3947} INFO - Setting next_dagrun for latest_only_with_trigger to 2025-08-16 20:00:00+00:00, run_after=2025-08-17 00:00:00+00:00
[2025-08-17T01:24:16.530+0000] {processor.py:183} INFO - Processing /home/airflow/.local/lib/python3.12/site-packages/airflow/example_dags/example_latest_only_with_trigger.py took 0.083 seconds
[2025-08-17T01:24:46.741+0000] {processor.py:161} INFO - Started process (PID=927) to work on /home/airflow/.local/lib/python3.12/site-packages/airflow/example_dags/example_latest_only_with_trigger.py
[2025-08-17T01:24:46.743+0000] {processor.py:830} INFO - Processing file /home/airflow/.local/lib/python3.12/site-packages/airflow/example_dags/example_latest_only_with_trigger.py for tasks to queue
[2025-08-17T01:24:46.745+0000] {logging_mixin.py:188} INFO - [2025-08-17T01:24:46.745+0000] {dagbag.py:545} INFO - Filling up the DagBag from /home/airflow/.local/lib/python3.12/site-packages/airflow/example_dags/example_latest_only_with_trigger.py
[2025-08-17T01:24:46.752+0000] {processor.py:840} INFO - DAG(s) 'latest_only_with_trigger' retrieved from /home/airflow/.local/lib/python3.12/site-packages/airflow/example_dags/example_latest_only_with_trigger.py
[2025-08-17T01:24:46.774+0000] {logging_mixin.py:188} INFO - [2025-08-17T01:24:46.774+0000] {dag.py:3089} INFO - Sync 1 DAGs
[2025-08-17T01:24:46.798+0000] {logging_mixin.py:188} INFO - [2025-08-17T01:24:46.798+0000] {dag.py:3947} INFO - Setting next_dagrun for latest_only_with_trigger to 2025-08-16 20:00:00+00:00, run_after=2025-08-17 00:00:00+00:00
[2025-08-17T01:24:46.819+0000] {processor.py:183} INFO - Processing /home/airflow/.local/lib/python3.12/site-packages/airflow/example_dags/example_latest_only_with_trigger.py took 0.084 seconds
[2025-08-17T01:25:17.091+0000] {processor.py:161} INFO - Started process (PID=986) to work on /home/airflow/.local/lib/python3.12/site-packages/airflow/example_dags/example_latest_only_with_trigger.py
[2025-08-17T01:25:17.093+0000] {processor.py:830} INFO - Processing file /home/airflow/.local/lib/python3.12/site-packages/airflow/example_dags/example_latest_only_with_trigger.py for tasks to queue
[2025-08-17T01:25:17.096+0000] {logging_mixin.py:188} INFO - [2025-08-17T01:25:17.095+0000] {dagbag.py:545} INFO - Filling up the DagBag from /home/airflow/.local/lib/python3.12/site-packages/airflow/example_dags/example_latest_only_with_trigger.py
[2025-08-17T01:25:17.103+0000] {processor.py:840} INFO - DAG(s) 'latest_only_with_trigger' retrieved from /home/airflow/.local/lib/python3.12/site-packages/airflow/example_dags/example_latest_only_with_trigger.py
[2025-08-17T01:25:17.129+0000] {logging_mixin.py:188} INFO - [2025-08-17T01:25:17.129+0000] {dag.py:3089} INFO - Sync 1 DAGs
[2025-08-17T01:25:17.154+0000] {logging_mixin.py:188} INFO - [2025-08-17T01:25:17.154+0000] {dag.py:3947} INFO - Setting next_dagrun for latest_only_with_trigger to 2025-08-16 20:00:00+00:00, run_after=2025-08-17 00:00:00+00:00
[2025-08-17T01:25:17.178+0000] {processor.py:183} INFO - Processing /home/airflow/.local/lib/python3.12/site-packages/airflow/example_dags/example_latest_only_with_trigger.py took 0.093 seconds
[2025-08-17T01:26:43.082+0000] {processor.py:161} INFO - Started process (PID=99) to work on /home/airflow/.local/lib/python3.12/site-packages/airflow/example_dags/example_latest_only_with_trigger.py
[2025-08-17T01:26:43.084+0000] {processor.py:830} INFO - Processing file /home/airflow/.local/lib/python3.12/site-packages/airflow/example_dags/example_latest_only_with_trigger.py for tasks to queue
[2025-08-17T01:26:43.088+0000] {logging_mixin.py:188} INFO - [2025-08-17T01:26:43.087+0000] {dagbag.py:545} INFO - Filling up the DagBag from /home/airflow/.local/lib/python3.12/site-packages/airflow/example_dags/example_latest_only_with_trigger.py
[2025-08-17T01:26:43.097+0000] {processor.py:840} INFO - DAG(s) 'latest_only_with_trigger' retrieved from /home/airflow/.local/lib/python3.12/site-packages/airflow/example_dags/example_latest_only_with_trigger.py
[2025-08-17T01:26:43.247+0000] {logging_mixin.py:188} INFO - [2025-08-17T01:26:43.247+0000] {dag.py:3089} INFO - Sync 1 DAGs
[2025-08-17T01:26:43.273+0000] {logging_mixin.py:188} INFO - [2025-08-17T01:26:43.273+0000] {dag.py:3947} INFO - Setting next_dagrun for latest_only_with_trigger to 2025-08-16 20:00:00+00:00, run_after=2025-08-17 00:00:00+00:00
[2025-08-17T01:26:43.311+0000] {processor.py:183} INFO - Processing /home/airflow/.local/lib/python3.12/site-packages/airflow/example_dags/example_latest_only_with_trigger.py took 0.237 seconds
[2025-08-17T01:27:14.089+0000] {processor.py:161} INFO - Started process (PID=158) to work on /home/airflow/.local/lib/python3.12/site-packages/airflow/example_dags/example_latest_only_with_trigger.py
[2025-08-17T01:27:14.091+0000] {processor.py:830} INFO - Processing file /home/airflow/.local/lib/python3.12/site-packages/airflow/example_dags/example_latest_only_with_trigger.py for tasks to queue
[2025-08-17T01:27:14.094+0000] {logging_mixin.py:188} INFO - [2025-08-17T01:27:14.094+0000] {dagbag.py:545} INFO - Filling up the DagBag from /home/airflow/.local/lib/python3.12/site-packages/airflow/example_dags/example_latest_only_with_trigger.py
[2025-08-17T01:27:14.102+0000] {processor.py:840} INFO - DAG(s) 'latest_only_with_trigger' retrieved from /home/airflow/.local/lib/python3.12/site-packages/airflow/example_dags/example_latest_only_with_trigger.py
[2025-08-17T01:27:14.118+0000] {logging_mixin.py:188} INFO - [2025-08-17T01:27:14.117+0000] {dag.py:3089} INFO - Sync 1 DAGs
[2025-08-17T01:27:14.145+0000] {logging_mixin.py:188} INFO - [2025-08-17T01:27:14.145+0000] {dag.py:3947} INFO - Setting next_dagrun for latest_only_with_trigger to 2025-08-16 20:00:00+00:00, run_after=2025-08-17 00:00:00+00:00
[2025-08-17T01:27:14.170+0000] {processor.py:183} INFO - Processing /home/airflow/.local/lib/python3.12/site-packages/airflow/example_dags/example_latest_only_with_trigger.py took 0.089 seconds
[2025-08-17T01:27:44.859+0000] {processor.py:161} INFO - Started process (PID=218) to work on /home/airflow/.local/lib/python3.12/site-packages/airflow/example_dags/example_latest_only_with_trigger.py
[2025-08-17T01:27:44.861+0000] {processor.py:830} INFO - Processing file /home/airflow/.local/lib/python3.12/site-packages/airflow/example_dags/example_latest_only_with_trigger.py for tasks to queue
[2025-08-17T01:27:44.863+0000] {logging_mixin.py:188} INFO - [2025-08-17T01:27:44.863+0000] {dagbag.py:545} INFO - Filling up the DagBag from /home/airflow/.local/lib/python3.12/site-packages/airflow/example_dags/example_latest_only_with_trigger.py
[2025-08-17T01:27:44.869+0000] {processor.py:840} INFO - DAG(s) 'latest_only_with_trigger' retrieved from /home/airflow/.local/lib/python3.12/site-packages/airflow/example_dags/example_latest_only_with_trigger.py
[2025-08-17T01:27:44.985+0000] {logging_mixin.py:188} INFO - [2025-08-17T01:27:44.984+0000] {dag.py:3089} INFO - Sync 1 DAGs
[2025-08-17T01:27:45.008+0000] {logging_mixin.py:188} INFO - [2025-08-17T01:27:45.007+0000] {dag.py:3947} INFO - Setting next_dagrun for latest_only_with_trigger to 2025-08-16 20:00:00+00:00, run_after=2025-08-17 00:00:00+00:00
[2025-08-17T01:27:45.035+0000] {processor.py:183} INFO - Processing /home/airflow/.local/lib/python3.12/site-packages/airflow/example_dags/example_latest_only_with_trigger.py took 0.182 seconds
[2025-08-17T01:28:15.242+0000] {processor.py:161} INFO - Started process (PID=277) to work on /home/airflow/.local/lib/python3.12/site-packages/airflow/example_dags/example_latest_only_with_trigger.py
[2025-08-17T01:28:15.244+0000] {processor.py:830} INFO - Processing file /home/airflow/.local/lib/python3.12/site-packages/airflow/example_dags/example_latest_only_with_trigger.py for tasks to queue
[2025-08-17T01:28:15.247+0000] {logging_mixin.py:188} INFO - [2025-08-17T01:28:15.246+0000] {dagbag.py:545} INFO - Filling up the DagBag from /home/airflow/.local/lib/python3.12/site-packages/airflow/example_dags/example_latest_only_with_trigger.py
[2025-08-17T01:28:15.254+0000] {processor.py:840} INFO - DAG(s) 'latest_only_with_trigger' retrieved from /home/airflow/.local/lib/python3.12/site-packages/airflow/example_dags/example_latest_only_with_trigger.py
[2025-08-17T01:28:15.279+0000] {logging_mixin.py:188} INFO - [2025-08-17T01:28:15.278+0000] {dag.py:3089} INFO - Sync 1 DAGs
[2025-08-17T01:28:15.309+0000] {logging_mixin.py:188} INFO - [2025-08-17T01:28:15.309+0000] {dag.py:3947} INFO - Setting next_dagrun for latest_only_with_trigger to 2025-08-16 20:00:00+00:00, run_after=2025-08-17 00:00:00+00:00
[2025-08-17T01:28:15.344+0000] {processor.py:183} INFO - Processing /home/airflow/.local/lib/python3.12/site-packages/airflow/example_dags/example_latest_only_with_trigger.py took 0.108 seconds
[2025-08-17T01:28:45.429+0000] {processor.py:161} INFO - Started process (PID=336) to work on /home/airflow/.local/lib/python3.12/site-packages/airflow/example_dags/example_latest_only_with_trigger.py
[2025-08-17T01:28:45.430+0000] {processor.py:830} INFO - Processing file /home/airflow/.local/lib/python3.12/site-packages/airflow/example_dags/example_latest_only_with_trigger.py for tasks to queue
[2025-08-17T01:28:45.433+0000] {logging_mixin.py:188} INFO - [2025-08-17T01:28:45.433+0000] {dagbag.py:545} INFO - Filling up the DagBag from /home/airflow/.local/lib/python3.12/site-packages/airflow/example_dags/example_latest_only_with_trigger.py
[2025-08-17T01:28:45.441+0000] {processor.py:840} INFO - DAG(s) 'latest_only_with_trigger' retrieved from /home/airflow/.local/lib/python3.12/site-packages/airflow/example_dags/example_latest_only_with_trigger.py
[2025-08-17T01:28:45.468+0000] {logging_mixin.py:188} INFO - [2025-08-17T01:28:45.468+0000] {dag.py:3089} INFO - Sync 1 DAGs
[2025-08-17T01:28:45.496+0000] {logging_mixin.py:188} INFO - [2025-08-17T01:28:45.495+0000] {dag.py:3947} INFO - Setting next_dagrun for latest_only_with_trigger to 2025-08-16 20:00:00+00:00, run_after=2025-08-17 00:00:00+00:00
[2025-08-17T01:28:45.518+0000] {processor.py:183} INFO - Processing /home/airflow/.local/lib/python3.12/site-packages/airflow/example_dags/example_latest_only_with_trigger.py took 0.096 seconds
[2025-08-17T01:29:15.588+0000] {processor.py:161} INFO - Started process (PID=396) to work on /home/airflow/.local/lib/python3.12/site-packages/airflow/example_dags/example_latest_only_with_trigger.py
[2025-08-17T01:29:15.590+0000] {processor.py:830} INFO - Processing file /home/airflow/.local/lib/python3.12/site-packages/airflow/example_dags/example_latest_only_with_trigger.py for tasks to queue
[2025-08-17T01:29:15.592+0000] {logging_mixin.py:188} INFO - [2025-08-17T01:29:15.592+0000] {dagbag.py:545} INFO - Filling up the DagBag from /home/airflow/.local/lib/python3.12/site-packages/airflow/example_dags/example_latest_only_with_trigger.py
[2025-08-17T01:29:15.600+0000] {processor.py:840} INFO - DAG(s) 'latest_only_with_trigger' retrieved from /home/airflow/.local/lib/python3.12/site-packages/airflow/example_dags/example_latest_only_with_trigger.py
[2025-08-17T01:29:15.623+0000] {logging_mixin.py:188} INFO - [2025-08-17T01:29:15.623+0000] {dag.py:3089} INFO - Sync 1 DAGs
[2025-08-17T01:29:15.646+0000] {logging_mixin.py:188} INFO - [2025-08-17T01:29:15.646+0000] {dag.py:3947} INFO - Setting next_dagrun for latest_only_with_trigger to 2025-08-16 20:00:00+00:00, run_after=2025-08-17 00:00:00+00:00
[2025-08-17T01:29:15.669+0000] {processor.py:183} INFO - Processing /home/airflow/.local/lib/python3.12/site-packages/airflow/example_dags/example_latest_only_with_trigger.py took 0.088 seconds
[2025-08-17T01:29:46.588+0000] {processor.py:161} INFO - Started process (PID=455) to work on /home/airflow/.local/lib/python3.12/site-packages/airflow/example_dags/example_latest_only_with_trigger.py
[2025-08-17T01:29:46.590+0000] {processor.py:830} INFO - Processing file /home/airflow/.local/lib/python3.12/site-packages/airflow/example_dags/example_latest_only_with_trigger.py for tasks to queue
[2025-08-17T01:29:46.592+0000] {logging_mixin.py:188} INFO - [2025-08-17T01:29:46.591+0000] {dagbag.py:545} INFO - Filling up the DagBag from /home/airflow/.local/lib/python3.12/site-packages/airflow/example_dags/example_latest_only_with_trigger.py
[2025-08-17T01:29:46.598+0000] {processor.py:840} INFO - DAG(s) 'latest_only_with_trigger' retrieved from /home/airflow/.local/lib/python3.12/site-packages/airflow/example_dags/example_latest_only_with_trigger.py
[2025-08-17T01:29:46.622+0000] {logging_mixin.py:188} INFO - [2025-08-17T01:29:46.621+0000] {dag.py:3089} INFO - Sync 1 DAGs
[2025-08-17T01:29:46.646+0000] {logging_mixin.py:188} INFO - [2025-08-17T01:29:46.645+0000] {dag.py:3947} INFO - Setting next_dagrun for latest_only_with_trigger to 2025-08-16 20:00:00+00:00, run_after=2025-08-17 00:00:00+00:00
[2025-08-17T01:29:46.665+0000] {processor.py:183} INFO - Processing /home/airflow/.local/lib/python3.12/site-packages/airflow/example_dags/example_latest_only_with_trigger.py took 0.083 seconds
[2025-08-17T01:30:17.197+0000] {processor.py:161} INFO - Started process (PID=514) to work on /home/airflow/.local/lib/python3.12/site-packages/airflow/example_dags/example_latest_only_with_trigger.py
[2025-08-17T01:30:17.199+0000] {processor.py:830} INFO - Processing file /home/airflow/.local/lib/python3.12/site-packages/airflow/example_dags/example_latest_only_with_trigger.py for tasks to queue
[2025-08-17T01:30:17.201+0000] {logging_mixin.py:188} INFO - [2025-08-17T01:30:17.201+0000] {dagbag.py:545} INFO - Filling up the DagBag from /home/airflow/.local/lib/python3.12/site-packages/airflow/example_dags/example_latest_only_with_trigger.py
[2025-08-17T01:30:17.208+0000] {processor.py:840} INFO - DAG(s) 'latest_only_with_trigger' retrieved from /home/airflow/.local/lib/python3.12/site-packages/airflow/example_dags/example_latest_only_with_trigger.py
[2025-08-17T01:30:17.234+0000] {logging_mixin.py:188} INFO - [2025-08-17T01:30:17.233+0000] {dag.py:3089} INFO - Sync 1 DAGs
[2025-08-17T01:30:17.258+0000] {logging_mixin.py:188} INFO - [2025-08-17T01:30:17.257+0000] {dag.py:3947} INFO - Setting next_dagrun for latest_only_with_trigger to 2025-08-16 20:00:00+00:00, run_after=2025-08-17 00:00:00+00:00
[2025-08-17T01:30:17.279+0000] {processor.py:183} INFO - Processing /home/airflow/.local/lib/python3.12/site-packages/airflow/example_dags/example_latest_only_with_trigger.py took 0.089 seconds
[2025-08-17T01:30:47.696+0000] {processor.py:161} INFO - Started process (PID=573) to work on /home/airflow/.local/lib/python3.12/site-packages/airflow/example_dags/example_latest_only_with_trigger.py
[2025-08-17T01:30:47.697+0000] {processor.py:830} INFO - Processing file /home/airflow/.local/lib/python3.12/site-packages/airflow/example_dags/example_latest_only_with_trigger.py for tasks to queue
[2025-08-17T01:30:47.700+0000] {logging_mixin.py:188} INFO - [2025-08-17T01:30:47.700+0000] {dagbag.py:545} INFO - Filling up the DagBag from /home/airflow/.local/lib/python3.12/site-packages/airflow/example_dags/example_latest_only_with_trigger.py
[2025-08-17T01:30:47.706+0000] {processor.py:840} INFO - DAG(s) 'latest_only_with_trigger' retrieved from /home/airflow/.local/lib/python3.12/site-packages/airflow/example_dags/example_latest_only_with_trigger.py
[2025-08-17T01:30:47.730+0000] {logging_mixin.py:188} INFO - [2025-08-17T01:30:47.729+0000] {dag.py:3089} INFO - Sync 1 DAGs
[2025-08-17T01:30:47.752+0000] {logging_mixin.py:188} INFO - [2025-08-17T01:30:47.752+0000] {dag.py:3947} INFO - Setting next_dagrun for latest_only_with_trigger to 2025-08-16 20:00:00+00:00, run_after=2025-08-17 00:00:00+00:00
[2025-08-17T01:30:47.771+0000] {processor.py:183} INFO - Processing /home/airflow/.local/lib/python3.12/site-packages/airflow/example_dags/example_latest_only_with_trigger.py took 0.082 seconds
[2025-08-17T01:31:18.142+0000] {processor.py:161} INFO - Started process (PID=632) to work on /home/airflow/.local/lib/python3.12/site-packages/airflow/example_dags/example_latest_only_with_trigger.py
[2025-08-17T01:31:18.143+0000] {processor.py:830} INFO - Processing file /home/airflow/.local/lib/python3.12/site-packages/airflow/example_dags/example_latest_only_with_trigger.py for tasks to queue
[2025-08-17T01:31:18.145+0000] {logging_mixin.py:188} INFO - [2025-08-17T01:31:18.145+0000] {dagbag.py:545} INFO - Filling up the DagBag from /home/airflow/.local/lib/python3.12/site-packages/airflow/example_dags/example_latest_only_with_trigger.py
[2025-08-17T01:31:18.151+0000] {processor.py:840} INFO - DAG(s) 'latest_only_with_trigger' retrieved from /home/airflow/.local/lib/python3.12/site-packages/airflow/example_dags/example_latest_only_with_trigger.py
[2025-08-17T01:31:18.175+0000] {logging_mixin.py:188} INFO - [2025-08-17T01:31:18.175+0000] {dag.py:3089} INFO - Sync 1 DAGs
[2025-08-17T01:31:18.198+0000] {logging_mixin.py:188} INFO - [2025-08-17T01:31:18.198+0000] {dag.py:3947} INFO - Setting next_dagrun for latest_only_with_trigger to 2025-08-16 20:00:00+00:00, run_after=2025-08-17 00:00:00+00:00
[2025-08-17T01:31:18.219+0000] {processor.py:183} INFO - Processing /home/airflow/.local/lib/python3.12/site-packages/airflow/example_dags/example_latest_only_with_trigger.py took 0.084 seconds
[2025-08-17T01:31:48.939+0000] {processor.py:161} INFO - Started process (PID=694) to work on /home/airflow/.local/lib/python3.12/site-packages/airflow/example_dags/example_latest_only_with_trigger.py
[2025-08-17T01:31:48.940+0000] {processor.py:830} INFO - Processing file /home/airflow/.local/lib/python3.12/site-packages/airflow/example_dags/example_latest_only_with_trigger.py for tasks to queue
[2025-08-17T01:31:48.943+0000] {logging_mixin.py:188} INFO - [2025-08-17T01:31:48.943+0000] {dagbag.py:545} INFO - Filling up the DagBag from /home/airflow/.local/lib/python3.12/site-packages/airflow/example_dags/example_latest_only_with_trigger.py
[2025-08-17T01:31:48.952+0000] {processor.py:840} INFO - DAG(s) 'latest_only_with_trigger' retrieved from /home/airflow/.local/lib/python3.12/site-packages/airflow/example_dags/example_latest_only_with_trigger.py
[2025-08-17T01:31:48.993+0000] {logging_mixin.py:188} INFO - [2025-08-17T01:31:48.992+0000] {dag.py:3089} INFO - Sync 1 DAGs
[2025-08-17T01:31:49.022+0000] {logging_mixin.py:188} INFO - [2025-08-17T01:31:49.022+0000] {dag.py:3947} INFO - Setting next_dagrun for latest_only_with_trigger to 2025-08-16 20:00:00+00:00, run_after=2025-08-17 00:00:00+00:00
[2025-08-17T01:31:49.045+0000] {processor.py:183} INFO - Processing /home/airflow/.local/lib/python3.12/site-packages/airflow/example_dags/example_latest_only_with_trigger.py took 0.113 seconds
