[2025-08-17T00:53:37.863+0000] {processor.py:161} INFO - Started process (PID=110) to work on /home/airflow/.local/lib/python3.12/site-packages/airflow/example_dags/example_task_group.py
[2025-08-17T00:53:37.865+0000] {processor.py:830} INFO - Processing file /home/airflow/.local/lib/python3.12/site-packages/airflow/example_dags/example_task_group.py for tasks to queue
[2025-08-17T00:53:37.867+0000] {logging_mixin.py:188} INFO - [2025-08-17T00:53:37.867+0000] {dagbag.py:545} INFO - Filling up the DagBag from /home/airflow/.local/lib/python3.12/site-packages/airflow/example_dags/example_task_group.py
[2025-08-17T00:53:37.878+0000] {processor.py:840} INFO - DAG(s) 'example_task_group' retrieved from /home/airflow/.local/lib/python3.12/site-packages/airflow/example_dags/example_task_group.py
[2025-08-17T00:53:37.997+0000] {logging_mixin.py:188} INFO - [2025-08-17T00:53:37.997+0000] {dag.py:3089} INFO - Sync 1 DAGs
[2025-08-17T00:53:38.018+0000] {logging_mixin.py:188} INFO - [2025-08-17T00:53:38.018+0000] {dag.py:3947} INFO - Setting next_dagrun for example_task_group to 2025-08-16 00:00:00+00:00, run_after=2025-08-17 00:00:00+00:00
[2025-08-17T00:53:38.042+0000] {processor.py:183} INFO - Processing /home/airflow/.local/lib/python3.12/site-packages/airflow/example_dags/example_task_group.py took 0.185 seconds
[2025-08-17T00:54:08.554+0000] {processor.py:161} INFO - Started process (PID=168) to work on /home/airflow/.local/lib/python3.12/site-packages/airflow/example_dags/example_task_group.py
[2025-08-17T00:54:08.555+0000] {processor.py:830} INFO - Processing file /home/airflow/.local/lib/python3.12/site-packages/airflow/example_dags/example_task_group.py for tasks to queue
[2025-08-17T00:54:08.557+0000] {logging_mixin.py:188} INFO - [2025-08-17T00:54:08.557+0000] {dagbag.py:545} INFO - Filling up the DagBag from /home/airflow/.local/lib/python3.12/site-packages/airflow/example_dags/example_task_group.py
[2025-08-17T00:54:08.565+0000] {processor.py:840} INFO - DAG(s) 'example_task_group' retrieved from /home/airflow/.local/lib/python3.12/site-packages/airflow/example_dags/example_task_group.py
[2025-08-17T00:54:08.592+0000] {logging_mixin.py:188} INFO - [2025-08-17T00:54:08.592+0000] {dag.py:3089} INFO - Sync 1 DAGs
[2025-08-17T00:54:08.618+0000] {logging_mixin.py:188} INFO - [2025-08-17T00:54:08.618+0000] {dag.py:3947} INFO - Setting next_dagrun for example_task_group to 2025-08-16 00:00:00+00:00, run_after=2025-08-17 00:00:00+00:00
[2025-08-17T00:54:08.643+0000] {processor.py:183} INFO - Processing /home/airflow/.local/lib/python3.12/site-packages/airflow/example_dags/example_task_group.py took 0.095 seconds
[2025-08-17T00:54:38.757+0000] {processor.py:161} INFO - Started process (PID=226) to work on /home/airflow/.local/lib/python3.12/site-packages/airflow/example_dags/example_task_group.py
[2025-08-17T00:54:38.759+0000] {processor.py:830} INFO - Processing file /home/airflow/.local/lib/python3.12/site-packages/airflow/example_dags/example_task_group.py for tasks to queue
[2025-08-17T00:54:38.762+0000] {logging_mixin.py:188} INFO - [2025-08-17T00:54:38.761+0000] {dagbag.py:545} INFO - Filling up the DagBag from /home/airflow/.local/lib/python3.12/site-packages/airflow/example_dags/example_task_group.py
[2025-08-17T00:54:38.769+0000] {processor.py:840} INFO - DAG(s) 'example_task_group' retrieved from /home/airflow/.local/lib/python3.12/site-packages/airflow/example_dags/example_task_group.py
[2025-08-17T00:54:38.791+0000] {logging_mixin.py:188} INFO - [2025-08-17T00:54:38.790+0000] {dag.py:3089} INFO - Sync 1 DAGs
[2025-08-17T00:54:38.811+0000] {logging_mixin.py:188} INFO - [2025-08-17T00:54:38.811+0000] {dag.py:3947} INFO - Setting next_dagrun for example_task_group to 2025-08-16 00:00:00+00:00, run_after=2025-08-17 00:00:00+00:00
[2025-08-17T00:54:38.836+0000] {processor.py:183} INFO - Processing /home/airflow/.local/lib/python3.12/site-packages/airflow/example_dags/example_task_group.py took 0.084 seconds
[2025-08-17T00:55:09.385+0000] {processor.py:161} INFO - Started process (PID=284) to work on /home/airflow/.local/lib/python3.12/site-packages/airflow/example_dags/example_task_group.py
[2025-08-17T00:55:09.386+0000] {processor.py:830} INFO - Processing file /home/airflow/.local/lib/python3.12/site-packages/airflow/example_dags/example_task_group.py for tasks to queue
[2025-08-17T00:55:09.388+0000] {logging_mixin.py:188} INFO - [2025-08-17T00:55:09.388+0000] {dagbag.py:545} INFO - Filling up the DagBag from /home/airflow/.local/lib/python3.12/site-packages/airflow/example_dags/example_task_group.py
[2025-08-17T00:55:09.396+0000] {processor.py:840} INFO - DAG(s) 'example_task_group' retrieved from /home/airflow/.local/lib/python3.12/site-packages/airflow/example_dags/example_task_group.py
[2025-08-17T00:55:09.425+0000] {logging_mixin.py:188} INFO - [2025-08-17T00:55:09.425+0000] {dag.py:3089} INFO - Sync 1 DAGs
[2025-08-17T00:55:09.451+0000] {logging_mixin.py:188} INFO - [2025-08-17T00:55:09.450+0000] {dag.py:3947} INFO - Setting next_dagrun for example_task_group to 2025-08-16 00:00:00+00:00, run_after=2025-08-17 00:00:00+00:00
[2025-08-17T00:55:09.476+0000] {processor.py:183} INFO - Processing /home/airflow/.local/lib/python3.12/site-packages/airflow/example_dags/example_task_group.py took 0.097 seconds
[2025-08-17T00:55:40.267+0000] {processor.py:161} INFO - Started process (PID=343) to work on /home/airflow/.local/lib/python3.12/site-packages/airflow/example_dags/example_task_group.py
[2025-08-17T00:55:40.269+0000] {processor.py:830} INFO - Processing file /home/airflow/.local/lib/python3.12/site-packages/airflow/example_dags/example_task_group.py for tasks to queue
[2025-08-17T00:55:40.271+0000] {logging_mixin.py:188} INFO - [2025-08-17T00:55:40.271+0000] {dagbag.py:545} INFO - Filling up the DagBag from /home/airflow/.local/lib/python3.12/site-packages/airflow/example_dags/example_task_group.py
[2025-08-17T00:55:40.278+0000] {processor.py:840} INFO - DAG(s) 'example_task_group' retrieved from /home/airflow/.local/lib/python3.12/site-packages/airflow/example_dags/example_task_group.py
[2025-08-17T00:55:40.302+0000] {logging_mixin.py:188} INFO - [2025-08-17T00:55:40.301+0000] {dag.py:3089} INFO - Sync 1 DAGs
[2025-08-17T00:55:40.322+0000] {logging_mixin.py:188} INFO - [2025-08-17T00:55:40.322+0000] {dag.py:3947} INFO - Setting next_dagrun for example_task_group to 2025-08-16 00:00:00+00:00, run_after=2025-08-17 00:00:00+00:00
[2025-08-17T00:55:40.342+0000] {processor.py:183} INFO - Processing /home/airflow/.local/lib/python3.12/site-packages/airflow/example_dags/example_task_group.py took 0.080 seconds
[2025-08-17T00:56:10.516+0000] {processor.py:161} INFO - Started process (PID=401) to work on /home/airflow/.local/lib/python3.12/site-packages/airflow/example_dags/example_task_group.py
[2025-08-17T00:56:10.517+0000] {processor.py:830} INFO - Processing file /home/airflow/.local/lib/python3.12/site-packages/airflow/example_dags/example_task_group.py for tasks to queue
[2025-08-17T00:56:10.519+0000] {logging_mixin.py:188} INFO - [2025-08-17T00:56:10.519+0000] {dagbag.py:545} INFO - Filling up the DagBag from /home/airflow/.local/lib/python3.12/site-packages/airflow/example_dags/example_task_group.py
[2025-08-17T00:56:10.527+0000] {processor.py:840} INFO - DAG(s) 'example_task_group' retrieved from /home/airflow/.local/lib/python3.12/site-packages/airflow/example_dags/example_task_group.py
[2025-08-17T00:56:10.553+0000] {logging_mixin.py:188} INFO - [2025-08-17T00:56:10.553+0000] {dag.py:3089} INFO - Sync 1 DAGs
[2025-08-17T00:56:10.576+0000] {logging_mixin.py:188} INFO - [2025-08-17T00:56:10.576+0000] {dag.py:3947} INFO - Setting next_dagrun for example_task_group to 2025-08-16 00:00:00+00:00, run_after=2025-08-17 00:00:00+00:00
[2025-08-17T00:56:10.596+0000] {processor.py:183} INFO - Processing /home/airflow/.local/lib/python3.12/site-packages/airflow/example_dags/example_task_group.py took 0.087 seconds
[2025-08-17T00:56:41.673+0000] {processor.py:161} INFO - Started process (PID=459) to work on /home/airflow/.local/lib/python3.12/site-packages/airflow/example_dags/example_task_group.py
[2025-08-17T00:56:41.674+0000] {processor.py:830} INFO - Processing file /home/airflow/.local/lib/python3.12/site-packages/airflow/example_dags/example_task_group.py for tasks to queue
[2025-08-17T00:56:41.677+0000] {logging_mixin.py:188} INFO - [2025-08-17T00:56:41.676+0000] {dagbag.py:545} INFO - Filling up the DagBag from /home/airflow/.local/lib/python3.12/site-packages/airflow/example_dags/example_task_group.py
[2025-08-17T00:56:41.684+0000] {processor.py:840} INFO - DAG(s) 'example_task_group' retrieved from /home/airflow/.local/lib/python3.12/site-packages/airflow/example_dags/example_task_group.py
[2025-08-17T00:56:41.712+0000] {logging_mixin.py:188} INFO - [2025-08-17T00:56:41.712+0000] {dag.py:3089} INFO - Sync 1 DAGs
[2025-08-17T00:56:41.738+0000] {logging_mixin.py:188} INFO - [2025-08-17T00:56:41.738+0000] {dag.py:3947} INFO - Setting next_dagrun for example_task_group to 2025-08-16 00:00:00+00:00, run_after=2025-08-17 00:00:00+00:00
[2025-08-17T00:56:41.761+0000] {processor.py:183} INFO - Processing /home/airflow/.local/lib/python3.12/site-packages/airflow/example_dags/example_task_group.py took 0.094 seconds
[2025-08-17T00:57:11.876+0000] {processor.py:161} INFO - Started process (PID=517) to work on /home/airflow/.local/lib/python3.12/site-packages/airflow/example_dags/example_task_group.py
[2025-08-17T00:57:11.878+0000] {processor.py:830} INFO - Processing file /home/airflow/.local/lib/python3.12/site-packages/airflow/example_dags/example_task_group.py for tasks to queue
[2025-08-17T00:57:11.880+0000] {logging_mixin.py:188} INFO - [2025-08-17T00:57:11.880+0000] {dagbag.py:545} INFO - Filling up the DagBag from /home/airflow/.local/lib/python3.12/site-packages/airflow/example_dags/example_task_group.py
[2025-08-17T00:57:11.887+0000] {processor.py:840} INFO - DAG(s) 'example_task_group' retrieved from /home/airflow/.local/lib/python3.12/site-packages/airflow/example_dags/example_task_group.py
[2025-08-17T00:57:11.909+0000] {logging_mixin.py:188} INFO - [2025-08-17T00:57:11.909+0000] {dag.py:3089} INFO - Sync 1 DAGs
[2025-08-17T00:57:11.929+0000] {logging_mixin.py:188} INFO - [2025-08-17T00:57:11.929+0000] {dag.py:3947} INFO - Setting next_dagrun for example_task_group to 2025-08-16 00:00:00+00:00, run_after=2025-08-17 00:00:00+00:00
[2025-08-17T00:57:11.949+0000] {processor.py:183} INFO - Processing /home/airflow/.local/lib/python3.12/site-packages/airflow/example_dags/example_task_group.py took 0.079 seconds
[2025-08-17T00:57:42.292+0000] {processor.py:161} INFO - Started process (PID=575) to work on /home/airflow/.local/lib/python3.12/site-packages/airflow/example_dags/example_task_group.py
[2025-08-17T00:57:42.293+0000] {processor.py:830} INFO - Processing file /home/airflow/.local/lib/python3.12/site-packages/airflow/example_dags/example_task_group.py for tasks to queue
[2025-08-17T00:57:42.296+0000] {logging_mixin.py:188} INFO - [2025-08-17T00:57:42.295+0000] {dagbag.py:545} INFO - Filling up the DagBag from /home/airflow/.local/lib/python3.12/site-packages/airflow/example_dags/example_task_group.py
[2025-08-17T00:57:42.303+0000] {processor.py:840} INFO - DAG(s) 'example_task_group' retrieved from /home/airflow/.local/lib/python3.12/site-packages/airflow/example_dags/example_task_group.py
[2025-08-17T00:57:42.327+0000] {logging_mixin.py:188} INFO - [2025-08-17T00:57:42.327+0000] {dag.py:3089} INFO - Sync 1 DAGs
[2025-08-17T00:57:42.348+0000] {logging_mixin.py:188} INFO - [2025-08-17T00:57:42.348+0000] {dag.py:3947} INFO - Setting next_dagrun for example_task_group to 2025-08-16 00:00:00+00:00, run_after=2025-08-17 00:00:00+00:00
[2025-08-17T00:57:42.385+0000] {processor.py:183} INFO - Processing /home/airflow/.local/lib/python3.12/site-packages/airflow/example_dags/example_task_group.py took 0.098 seconds
[2025-08-17T00:58:13.125+0000] {processor.py:161} INFO - Started process (PID=633) to work on /home/airflow/.local/lib/python3.12/site-packages/airflow/example_dags/example_task_group.py
[2025-08-17T00:58:13.127+0000] {processor.py:830} INFO - Processing file /home/airflow/.local/lib/python3.12/site-packages/airflow/example_dags/example_task_group.py for tasks to queue
[2025-08-17T00:58:13.129+0000] {logging_mixin.py:188} INFO - [2025-08-17T00:58:13.129+0000] {dagbag.py:545} INFO - Filling up the DagBag from /home/airflow/.local/lib/python3.12/site-packages/airflow/example_dags/example_task_group.py
[2025-08-17T00:58:13.137+0000] {processor.py:840} INFO - DAG(s) 'example_task_group' retrieved from /home/airflow/.local/lib/python3.12/site-packages/airflow/example_dags/example_task_group.py
[2025-08-17T00:58:13.162+0000] {logging_mixin.py:188} INFO - [2025-08-17T00:58:13.161+0000] {dag.py:3089} INFO - Sync 1 DAGs
[2025-08-17T00:58:13.187+0000] {logging_mixin.py:188} INFO - [2025-08-17T00:58:13.187+0000] {dag.py:3947} INFO - Setting next_dagrun for example_task_group to 2025-08-16 00:00:00+00:00, run_after=2025-08-17 00:00:00+00:00
[2025-08-17T00:58:13.208+0000] {processor.py:183} INFO - Processing /home/airflow/.local/lib/python3.12/site-packages/airflow/example_dags/example_task_group.py took 0.088 seconds
[2025-08-17T00:58:43.804+0000] {processor.py:161} INFO - Started process (PID=692) to work on /home/airflow/.local/lib/python3.12/site-packages/airflow/example_dags/example_task_group.py
[2025-08-17T00:58:43.805+0000] {processor.py:830} INFO - Processing file /home/airflow/.local/lib/python3.12/site-packages/airflow/example_dags/example_task_group.py for tasks to queue
[2025-08-17T00:58:43.807+0000] {logging_mixin.py:188} INFO - [2025-08-17T00:58:43.807+0000] {dagbag.py:545} INFO - Filling up the DagBag from /home/airflow/.local/lib/python3.12/site-packages/airflow/example_dags/example_task_group.py
[2025-08-17T00:58:43.815+0000] {processor.py:840} INFO - DAG(s) 'example_task_group' retrieved from /home/airflow/.local/lib/python3.12/site-packages/airflow/example_dags/example_task_group.py
[2025-08-17T00:58:43.840+0000] {logging_mixin.py:188} INFO - [2025-08-17T00:58:43.839+0000] {dag.py:3089} INFO - Sync 1 DAGs
[2025-08-17T00:58:43.863+0000] {logging_mixin.py:188} INFO - [2025-08-17T00:58:43.862+0000] {dag.py:3947} INFO - Setting next_dagrun for example_task_group to 2025-08-16 00:00:00+00:00, run_after=2025-08-17 00:00:00+00:00
[2025-08-17T00:58:43.884+0000] {processor.py:183} INFO - Processing /home/airflow/.local/lib/python3.12/site-packages/airflow/example_dags/example_task_group.py took 0.086 seconds
[2025-08-17T00:59:14.561+0000] {processor.py:161} INFO - Started process (PID=751) to work on /home/airflow/.local/lib/python3.12/site-packages/airflow/example_dags/example_task_group.py
[2025-08-17T00:59:14.562+0000] {processor.py:830} INFO - Processing file /home/airflow/.local/lib/python3.12/site-packages/airflow/example_dags/example_task_group.py for tasks to queue
[2025-08-17T00:59:14.565+0000] {logging_mixin.py:188} INFO - [2025-08-17T00:59:14.564+0000] {dagbag.py:545} INFO - Filling up the DagBag from /home/airflow/.local/lib/python3.12/site-packages/airflow/example_dags/example_task_group.py
[2025-08-17T00:59:14.574+0000] {processor.py:840} INFO - DAG(s) 'example_task_group' retrieved from /home/airflow/.local/lib/python3.12/site-packages/airflow/example_dags/example_task_group.py
[2025-08-17T00:59:14.601+0000] {logging_mixin.py:188} INFO - [2025-08-17T00:59:14.601+0000] {dag.py:3089} INFO - Sync 1 DAGs
[2025-08-17T00:59:14.625+0000] {logging_mixin.py:188} INFO - [2025-08-17T00:59:14.625+0000] {dag.py:3947} INFO - Setting next_dagrun for example_task_group to 2025-08-16 00:00:00+00:00, run_after=2025-08-17 00:00:00+00:00
[2025-08-17T00:59:14.647+0000] {processor.py:183} INFO - Processing /home/airflow/.local/lib/python3.12/site-packages/airflow/example_dags/example_task_group.py took 0.092 seconds
[2025-08-17T01:00:13.664+0000] {processor.py:161} INFO - Started process (PID=105) to work on /home/airflow/.local/lib/python3.12/site-packages/airflow/example_dags/example_task_group.py
[2025-08-17T01:00:13.665+0000] {processor.py:830} INFO - Processing file /home/airflow/.local/lib/python3.12/site-packages/airflow/example_dags/example_task_group.py for tasks to queue
[2025-08-17T01:00:13.668+0000] {logging_mixin.py:188} INFO - [2025-08-17T01:00:13.668+0000] {dagbag.py:545} INFO - Filling up the DagBag from /home/airflow/.local/lib/python3.12/site-packages/airflow/example_dags/example_task_group.py
[2025-08-17T01:00:13.677+0000] {processor.py:840} INFO - DAG(s) 'example_task_group' retrieved from /home/airflow/.local/lib/python3.12/site-packages/airflow/example_dags/example_task_group.py
[2025-08-17T01:00:13.696+0000] {logging_mixin.py:188} INFO - [2025-08-17T01:00:13.695+0000] {dag.py:3089} INFO - Sync 1 DAGs
[2025-08-17T01:00:13.724+0000] {logging_mixin.py:188} INFO - [2025-08-17T01:00:13.723+0000] {dag.py:3947} INFO - Setting next_dagrun for example_task_group to 2025-08-16 00:00:00+00:00, run_after=2025-08-17 00:00:00+00:00
[2025-08-17T01:00:13.750+0000] {processor.py:183} INFO - Processing /home/airflow/.local/lib/python3.12/site-packages/airflow/example_dags/example_task_group.py took 0.094 seconds
[2025-08-17T01:01:36.528+0000] {processor.py:161} INFO - Started process (PID=98) to work on /home/airflow/.local/lib/python3.12/site-packages/airflow/example_dags/example_task_group.py
[2025-08-17T01:01:36.529+0000] {processor.py:830} INFO - Processing file /home/airflow/.local/lib/python3.12/site-packages/airflow/example_dags/example_task_group.py for tasks to queue
[2025-08-17T01:01:36.532+0000] {logging_mixin.py:188} INFO - [2025-08-17T01:01:36.532+0000] {dagbag.py:545} INFO - Filling up the DagBag from /home/airflow/.local/lib/python3.12/site-packages/airflow/example_dags/example_task_group.py
[2025-08-17T01:01:36.541+0000] {processor.py:840} INFO - DAG(s) 'example_task_group' retrieved from /home/airflow/.local/lib/python3.12/site-packages/airflow/example_dags/example_task_group.py
[2025-08-17T01:01:36.556+0000] {logging_mixin.py:188} INFO - [2025-08-17T01:01:36.556+0000] {dag.py:3089} INFO - Sync 1 DAGs
[2025-08-17T01:01:36.582+0000] {logging_mixin.py:188} INFO - [2025-08-17T01:01:36.582+0000] {dag.py:3947} INFO - Setting next_dagrun for example_task_group to 2025-08-16 00:00:00+00:00, run_after=2025-08-17 00:00:00+00:00
[2025-08-17T01:01:36.607+0000] {processor.py:183} INFO - Processing /home/airflow/.local/lib/python3.12/site-packages/airflow/example_dags/example_task_group.py took 0.086 seconds
[2025-08-17T01:02:08.111+0000] {processor.py:161} INFO - Started process (PID=163) to work on /home/airflow/.local/lib/python3.12/site-packages/airflow/example_dags/example_task_group.py
[2025-08-17T01:02:08.113+0000] {processor.py:830} INFO - Processing file /home/airflow/.local/lib/python3.12/site-packages/airflow/example_dags/example_task_group.py for tasks to queue
[2025-08-17T01:02:08.115+0000] {logging_mixin.py:188} INFO - [2025-08-17T01:02:08.115+0000] {dagbag.py:545} INFO - Filling up the DagBag from /home/airflow/.local/lib/python3.12/site-packages/airflow/example_dags/example_task_group.py
[2025-08-17T01:02:08.124+0000] {processor.py:840} INFO - DAG(s) 'example_task_group' retrieved from /home/airflow/.local/lib/python3.12/site-packages/airflow/example_dags/example_task_group.py
[2025-08-17T01:02:08.244+0000] {logging_mixin.py:188} INFO - [2025-08-17T01:02:08.244+0000] {dag.py:3089} INFO - Sync 1 DAGs
[2025-08-17T01:02:08.266+0000] {logging_mixin.py:188} INFO - [2025-08-17T01:02:08.266+0000] {dag.py:3947} INFO - Setting next_dagrun for example_task_group to 2025-08-16 00:00:00+00:00, run_after=2025-08-17 00:00:00+00:00
[2025-08-17T01:02:08.291+0000] {processor.py:183} INFO - Processing /home/airflow/.local/lib/python3.12/site-packages/airflow/example_dags/example_task_group.py took 0.186 seconds
[2025-08-17T01:02:39.012+0000] {processor.py:161} INFO - Started process (PID=222) to work on /home/airflow/.local/lib/python3.12/site-packages/airflow/example_dags/example_task_group.py
[2025-08-17T01:02:39.013+0000] {processor.py:830} INFO - Processing file /home/airflow/.local/lib/python3.12/site-packages/airflow/example_dags/example_task_group.py for tasks to queue
[2025-08-17T01:02:39.016+0000] {logging_mixin.py:188} INFO - [2025-08-17T01:02:39.016+0000] {dagbag.py:545} INFO - Filling up the DagBag from /home/airflow/.local/lib/python3.12/site-packages/airflow/example_dags/example_task_group.py
[2025-08-17T01:02:39.026+0000] {processor.py:840} INFO - DAG(s) 'example_task_group' retrieved from /home/airflow/.local/lib/python3.12/site-packages/airflow/example_dags/example_task_group.py
[2025-08-17T01:02:39.049+0000] {logging_mixin.py:188} INFO - [2025-08-17T01:02:39.048+0000] {dag.py:3089} INFO - Sync 1 DAGs
[2025-08-17T01:02:39.072+0000] {logging_mixin.py:188} INFO - [2025-08-17T01:02:39.072+0000] {dag.py:3947} INFO - Setting next_dagrun for example_task_group to 2025-08-16 00:00:00+00:00, run_after=2025-08-17 00:00:00+00:00
[2025-08-17T01:02:39.096+0000] {processor.py:183} INFO - Processing /home/airflow/.local/lib/python3.12/site-packages/airflow/example_dags/example_task_group.py took 0.091 seconds
[2025-08-17T01:03:09.356+0000] {processor.py:161} INFO - Started process (PID=281) to work on /home/airflow/.local/lib/python3.12/site-packages/airflow/example_dags/example_task_group.py
[2025-08-17T01:03:09.358+0000] {processor.py:830} INFO - Processing file /home/airflow/.local/lib/python3.12/site-packages/airflow/example_dags/example_task_group.py for tasks to queue
[2025-08-17T01:03:09.360+0000] {logging_mixin.py:188} INFO - [2025-08-17T01:03:09.360+0000] {dagbag.py:545} INFO - Filling up the DagBag from /home/airflow/.local/lib/python3.12/site-packages/airflow/example_dags/example_task_group.py
[2025-08-17T01:03:09.368+0000] {processor.py:840} INFO - DAG(s) 'example_task_group' retrieved from /home/airflow/.local/lib/python3.12/site-packages/airflow/example_dags/example_task_group.py
[2025-08-17T01:03:09.393+0000] {logging_mixin.py:188} INFO - [2025-08-17T01:03:09.393+0000] {dag.py:3089} INFO - Sync 1 DAGs
[2025-08-17T01:03:09.415+0000] {logging_mixin.py:188} INFO - [2025-08-17T01:03:09.415+0000] {dag.py:3947} INFO - Setting next_dagrun for example_task_group to 2025-08-16 00:00:00+00:00, run_after=2025-08-17 00:00:00+00:00
[2025-08-17T01:03:09.435+0000] {processor.py:183} INFO - Processing /home/airflow/.local/lib/python3.12/site-packages/airflow/example_dags/example_task_group.py took 0.086 seconds
[2025-08-17T01:03:39.572+0000] {processor.py:161} INFO - Started process (PID=340) to work on /home/airflow/.local/lib/python3.12/site-packages/airflow/example_dags/example_task_group.py
[2025-08-17T01:03:39.573+0000] {processor.py:830} INFO - Processing file /home/airflow/.local/lib/python3.12/site-packages/airflow/example_dags/example_task_group.py for tasks to queue
[2025-08-17T01:03:39.575+0000] {logging_mixin.py:188} INFO - [2025-08-17T01:03:39.575+0000] {dagbag.py:545} INFO - Filling up the DagBag from /home/airflow/.local/lib/python3.12/site-packages/airflow/example_dags/example_task_group.py
[2025-08-17T01:03:39.582+0000] {processor.py:840} INFO - DAG(s) 'example_task_group' retrieved from /home/airflow/.local/lib/python3.12/site-packages/airflow/example_dags/example_task_group.py
[2025-08-17T01:03:39.605+0000] {logging_mixin.py:188} INFO - [2025-08-17T01:03:39.605+0000] {dag.py:3089} INFO - Sync 1 DAGs
[2025-08-17T01:03:39.625+0000] {logging_mixin.py:188} INFO - [2025-08-17T01:03:39.625+0000] {dag.py:3947} INFO - Setting next_dagrun for example_task_group to 2025-08-16 00:00:00+00:00, run_after=2025-08-17 00:00:00+00:00
[2025-08-17T01:03:39.645+0000] {processor.py:183} INFO - Processing /home/airflow/.local/lib/python3.12/site-packages/airflow/example_dags/example_task_group.py took 0.079 seconds
[2025-08-17T01:04:10.115+0000] {processor.py:161} INFO - Started process (PID=399) to work on /home/airflow/.local/lib/python3.12/site-packages/airflow/example_dags/example_task_group.py
[2025-08-17T01:04:10.117+0000] {processor.py:830} INFO - Processing file /home/airflow/.local/lib/python3.12/site-packages/airflow/example_dags/example_task_group.py for tasks to queue
[2025-08-17T01:04:10.119+0000] {logging_mixin.py:188} INFO - [2025-08-17T01:04:10.119+0000] {dagbag.py:545} INFO - Filling up the DagBag from /home/airflow/.local/lib/python3.12/site-packages/airflow/example_dags/example_task_group.py
[2025-08-17T01:04:10.127+0000] {processor.py:840} INFO - DAG(s) 'example_task_group' retrieved from /home/airflow/.local/lib/python3.12/site-packages/airflow/example_dags/example_task_group.py
[2025-08-17T01:04:10.157+0000] {logging_mixin.py:188} INFO - [2025-08-17T01:04:10.157+0000] {dag.py:3089} INFO - Sync 1 DAGs
[2025-08-17T01:04:10.185+0000] {logging_mixin.py:188} INFO - [2025-08-17T01:04:10.185+0000] {dag.py:3947} INFO - Setting next_dagrun for example_task_group to 2025-08-16 00:00:00+00:00, run_after=2025-08-17 00:00:00+00:00
[2025-08-17T01:04:10.210+0000] {processor.py:183} INFO - Processing /home/airflow/.local/lib/python3.12/site-packages/airflow/example_dags/example_task_group.py took 0.103 seconds
[2025-08-17T01:04:40.641+0000] {processor.py:161} INFO - Started process (PID=458) to work on /home/airflow/.local/lib/python3.12/site-packages/airflow/example_dags/example_task_group.py
[2025-08-17T01:04:40.642+0000] {processor.py:830} INFO - Processing file /home/airflow/.local/lib/python3.12/site-packages/airflow/example_dags/example_task_group.py for tasks to queue
[2025-08-17T01:04:40.644+0000] {logging_mixin.py:188} INFO - [2025-08-17T01:04:40.644+0000] {dagbag.py:545} INFO - Filling up the DagBag from /home/airflow/.local/lib/python3.12/site-packages/airflow/example_dags/example_task_group.py
[2025-08-17T01:04:40.651+0000] {processor.py:840} INFO - DAG(s) 'example_task_group' retrieved from /home/airflow/.local/lib/python3.12/site-packages/airflow/example_dags/example_task_group.py
[2025-08-17T01:04:40.677+0000] {logging_mixin.py:188} INFO - [2025-08-17T01:04:40.676+0000] {dag.py:3089} INFO - Sync 1 DAGs
[2025-08-17T01:04:40.702+0000] {logging_mixin.py:188} INFO - [2025-08-17T01:04:40.702+0000] {dag.py:3947} INFO - Setting next_dagrun for example_task_group to 2025-08-16 00:00:00+00:00, run_after=2025-08-17 00:00:00+00:00
[2025-08-17T01:04:40.722+0000] {processor.py:183} INFO - Processing /home/airflow/.local/lib/python3.12/site-packages/airflow/example_dags/example_task_group.py took 0.087 seconds
[2025-08-17T01:05:11.434+0000] {processor.py:161} INFO - Started process (PID=517) to work on /home/airflow/.local/lib/python3.12/site-packages/airflow/example_dags/example_task_group.py
[2025-08-17T01:05:11.436+0000] {processor.py:830} INFO - Processing file /home/airflow/.local/lib/python3.12/site-packages/airflow/example_dags/example_task_group.py for tasks to queue
[2025-08-17T01:05:11.439+0000] {logging_mixin.py:188} INFO - [2025-08-17T01:05:11.438+0000] {dagbag.py:545} INFO - Filling up the DagBag from /home/airflow/.local/lib/python3.12/site-packages/airflow/example_dags/example_task_group.py
[2025-08-17T01:05:11.446+0000] {processor.py:840} INFO - DAG(s) 'example_task_group' retrieved from /home/airflow/.local/lib/python3.12/site-packages/airflow/example_dags/example_task_group.py
[2025-08-17T01:05:11.471+0000] {logging_mixin.py:188} INFO - [2025-08-17T01:05:11.471+0000] {dag.py:3089} INFO - Sync 1 DAGs
[2025-08-17T01:05:11.495+0000] {logging_mixin.py:188} INFO - [2025-08-17T01:05:11.494+0000] {dag.py:3947} INFO - Setting next_dagrun for example_task_group to 2025-08-16 00:00:00+00:00, run_after=2025-08-17 00:00:00+00:00
[2025-08-17T01:05:11.516+0000] {processor.py:183} INFO - Processing /home/airflow/.local/lib/python3.12/site-packages/airflow/example_dags/example_task_group.py took 0.088 seconds
[2025-08-17T01:05:42.021+0000] {processor.py:161} INFO - Started process (PID=576) to work on /home/airflow/.local/lib/python3.12/site-packages/airflow/example_dags/example_task_group.py
[2025-08-17T01:05:42.023+0000] {processor.py:830} INFO - Processing file /home/airflow/.local/lib/python3.12/site-packages/airflow/example_dags/example_task_group.py for tasks to queue
[2025-08-17T01:05:42.025+0000] {logging_mixin.py:188} INFO - [2025-08-17T01:05:42.024+0000] {dagbag.py:545} INFO - Filling up the DagBag from /home/airflow/.local/lib/python3.12/site-packages/airflow/example_dags/example_task_group.py
[2025-08-17T01:05:42.033+0000] {processor.py:840} INFO - DAG(s) 'example_task_group' retrieved from /home/airflow/.local/lib/python3.12/site-packages/airflow/example_dags/example_task_group.py
[2025-08-17T01:05:42.056+0000] {logging_mixin.py:188} INFO - [2025-08-17T01:05:42.056+0000] {dag.py:3089} INFO - Sync 1 DAGs
[2025-08-17T01:05:42.079+0000] {logging_mixin.py:188} INFO - [2025-08-17T01:05:42.078+0000] {dag.py:3947} INFO - Setting next_dagrun for example_task_group to 2025-08-16 00:00:00+00:00, run_after=2025-08-17 00:00:00+00:00
[2025-08-17T01:05:42.100+0000] {processor.py:183} INFO - Processing /home/airflow/.local/lib/python3.12/site-packages/airflow/example_dags/example_task_group.py took 0.085 seconds
[2025-08-17T01:06:13.062+0000] {processor.py:161} INFO - Started process (PID=635) to work on /home/airflow/.local/lib/python3.12/site-packages/airflow/example_dags/example_task_group.py
[2025-08-17T01:06:13.063+0000] {processor.py:830} INFO - Processing file /home/airflow/.local/lib/python3.12/site-packages/airflow/example_dags/example_task_group.py for tasks to queue
[2025-08-17T01:06:13.066+0000] {logging_mixin.py:188} INFO - [2025-08-17T01:06:13.066+0000] {dagbag.py:545} INFO - Filling up the DagBag from /home/airflow/.local/lib/python3.12/site-packages/airflow/example_dags/example_task_group.py
[2025-08-17T01:06:13.075+0000] {processor.py:840} INFO - DAG(s) 'example_task_group' retrieved from /home/airflow/.local/lib/python3.12/site-packages/airflow/example_dags/example_task_group.py
[2025-08-17T01:06:13.104+0000] {logging_mixin.py:188} INFO - [2025-08-17T01:06:13.104+0000] {dag.py:3089} INFO - Sync 1 DAGs
[2025-08-17T01:06:13.133+0000] {logging_mixin.py:188} INFO - [2025-08-17T01:06:13.133+0000] {dag.py:3947} INFO - Setting next_dagrun for example_task_group to 2025-08-16 00:00:00+00:00, run_after=2025-08-17 00:00:00+00:00
[2025-08-17T01:06:13.161+0000] {processor.py:183} INFO - Processing /home/airflow/.local/lib/python3.12/site-packages/airflow/example_dags/example_task_group.py took 0.106 seconds
[2025-08-17T01:06:43.245+0000] {processor.py:161} INFO - Started process (PID=694) to work on /home/airflow/.local/lib/python3.12/site-packages/airflow/example_dags/example_task_group.py
[2025-08-17T01:06:43.247+0000] {processor.py:830} INFO - Processing file /home/airflow/.local/lib/python3.12/site-packages/airflow/example_dags/example_task_group.py for tasks to queue
[2025-08-17T01:06:43.249+0000] {logging_mixin.py:188} INFO - [2025-08-17T01:06:43.249+0000] {dagbag.py:545} INFO - Filling up the DagBag from /home/airflow/.local/lib/python3.12/site-packages/airflow/example_dags/example_task_group.py
[2025-08-17T01:06:43.256+0000] {processor.py:840} INFO - DAG(s) 'example_task_group' retrieved from /home/airflow/.local/lib/python3.12/site-packages/airflow/example_dags/example_task_group.py
[2025-08-17T01:06:43.280+0000] {logging_mixin.py:188} INFO - [2025-08-17T01:06:43.280+0000] {dag.py:3089} INFO - Sync 1 DAGs
[2025-08-17T01:06:43.302+0000] {logging_mixin.py:188} INFO - [2025-08-17T01:06:43.302+0000] {dag.py:3947} INFO - Setting next_dagrun for example_task_group to 2025-08-16 00:00:00+00:00, run_after=2025-08-17 00:00:00+00:00
[2025-08-17T01:06:43.325+0000] {processor.py:183} INFO - Processing /home/airflow/.local/lib/python3.12/site-packages/airflow/example_dags/example_task_group.py took 0.085 seconds
[2025-08-17T01:07:14.231+0000] {processor.py:161} INFO - Started process (PID=753) to work on /home/airflow/.local/lib/python3.12/site-packages/airflow/example_dags/example_task_group.py
[2025-08-17T01:07:14.232+0000] {processor.py:830} INFO - Processing file /home/airflow/.local/lib/python3.12/site-packages/airflow/example_dags/example_task_group.py for tasks to queue
[2025-08-17T01:07:14.235+0000] {logging_mixin.py:188} INFO - [2025-08-17T01:07:14.234+0000] {dagbag.py:545} INFO - Filling up the DagBag from /home/airflow/.local/lib/python3.12/site-packages/airflow/example_dags/example_task_group.py
[2025-08-17T01:07:14.243+0000] {processor.py:840} INFO - DAG(s) 'example_task_group' retrieved from /home/airflow/.local/lib/python3.12/site-packages/airflow/example_dags/example_task_group.py
[2025-08-17T01:07:14.267+0000] {logging_mixin.py:188} INFO - [2025-08-17T01:07:14.267+0000] {dag.py:3089} INFO - Sync 1 DAGs
[2025-08-17T01:07:14.292+0000] {logging_mixin.py:188} INFO - [2025-08-17T01:07:14.291+0000] {dag.py:3947} INFO - Setting next_dagrun for example_task_group to 2025-08-16 00:00:00+00:00, run_after=2025-08-17 00:00:00+00:00
[2025-08-17T01:07:14.311+0000] {processor.py:183} INFO - Processing /home/airflow/.local/lib/python3.12/site-packages/airflow/example_dags/example_task_group.py took 0.087 seconds
[2025-08-17T01:07:44.985+0000] {processor.py:161} INFO - Started process (PID=813) to work on /home/airflow/.local/lib/python3.12/site-packages/airflow/example_dags/example_task_group.py
[2025-08-17T01:07:44.986+0000] {processor.py:830} INFO - Processing file /home/airflow/.local/lib/python3.12/site-packages/airflow/example_dags/example_task_group.py for tasks to queue
[2025-08-17T01:07:44.989+0000] {logging_mixin.py:188} INFO - [2025-08-17T01:07:44.989+0000] {dagbag.py:545} INFO - Filling up the DagBag from /home/airflow/.local/lib/python3.12/site-packages/airflow/example_dags/example_task_group.py
[2025-08-17T01:07:44.996+0000] {processor.py:840} INFO - DAG(s) 'example_task_group' retrieved from /home/airflow/.local/lib/python3.12/site-packages/airflow/example_dags/example_task_group.py
[2025-08-17T01:07:45.021+0000] {logging_mixin.py:188} INFO - [2025-08-17T01:07:45.020+0000] {dag.py:3089} INFO - Sync 1 DAGs
[2025-08-17T01:07:45.041+0000] {logging_mixin.py:188} INFO - [2025-08-17T01:07:45.041+0000] {dag.py:3947} INFO - Setting next_dagrun for example_task_group to 2025-08-16 00:00:00+00:00, run_after=2025-08-17 00:00:00+00:00
[2025-08-17T01:07:45.060+0000] {processor.py:183} INFO - Processing /home/airflow/.local/lib/python3.12/site-packages/airflow/example_dags/example_task_group.py took 0.083 seconds
[2025-08-17T01:08:15.497+0000] {processor.py:161} INFO - Started process (PID=872) to work on /home/airflow/.local/lib/python3.12/site-packages/airflow/example_dags/example_task_group.py
[2025-08-17T01:08:15.498+0000] {processor.py:830} INFO - Processing file /home/airflow/.local/lib/python3.12/site-packages/airflow/example_dags/example_task_group.py for tasks to queue
[2025-08-17T01:08:15.501+0000] {logging_mixin.py:188} INFO - [2025-08-17T01:08:15.501+0000] {dagbag.py:545} INFO - Filling up the DagBag from /home/airflow/.local/lib/python3.12/site-packages/airflow/example_dags/example_task_group.py
[2025-08-17T01:08:15.509+0000] {processor.py:840} INFO - DAG(s) 'example_task_group' retrieved from /home/airflow/.local/lib/python3.12/site-packages/airflow/example_dags/example_task_group.py
[2025-08-17T01:08:15.533+0000] {logging_mixin.py:188} INFO - [2025-08-17T01:08:15.533+0000] {dag.py:3089} INFO - Sync 1 DAGs
[2025-08-17T01:08:15.555+0000] {logging_mixin.py:188} INFO - [2025-08-17T01:08:15.555+0000] {dag.py:3947} INFO - Setting next_dagrun for example_task_group to 2025-08-16 00:00:00+00:00, run_after=2025-08-17 00:00:00+00:00
[2025-08-17T01:08:15.575+0000] {processor.py:183} INFO - Processing /home/airflow/.local/lib/python3.12/site-packages/airflow/example_dags/example_task_group.py took 0.085 seconds
[2025-08-17T01:08:45.997+0000] {processor.py:161} INFO - Started process (PID=931) to work on /home/airflow/.local/lib/python3.12/site-packages/airflow/example_dags/example_task_group.py
[2025-08-17T01:08:45.998+0000] {processor.py:830} INFO - Processing file /home/airflow/.local/lib/python3.12/site-packages/airflow/example_dags/example_task_group.py for tasks to queue
[2025-08-17T01:08:46.001+0000] {logging_mixin.py:188} INFO - [2025-08-17T01:08:46.000+0000] {dagbag.py:545} INFO - Filling up the DagBag from /home/airflow/.local/lib/python3.12/site-packages/airflow/example_dags/example_task_group.py
[2025-08-17T01:08:46.009+0000] {processor.py:840} INFO - DAG(s) 'example_task_group' retrieved from /home/airflow/.local/lib/python3.12/site-packages/airflow/example_dags/example_task_group.py
[2025-08-17T01:08:46.032+0000] {logging_mixin.py:188} INFO - [2025-08-17T01:08:46.032+0000] {dag.py:3089} INFO - Sync 1 DAGs
[2025-08-17T01:08:46.055+0000] {logging_mixin.py:188} INFO - [2025-08-17T01:08:46.055+0000] {dag.py:3947} INFO - Setting next_dagrun for example_task_group to 2025-08-16 00:00:00+00:00, run_after=2025-08-17 00:00:00+00:00
[2025-08-17T01:08:46.074+0000] {processor.py:183} INFO - Processing /home/airflow/.local/lib/python3.12/site-packages/airflow/example_dags/example_task_group.py took 0.084 seconds
[2025-08-17T01:09:16.919+0000] {processor.py:161} INFO - Started process (PID=990) to work on /home/airflow/.local/lib/python3.12/site-packages/airflow/example_dags/example_task_group.py
[2025-08-17T01:09:16.921+0000] {processor.py:830} INFO - Processing file /home/airflow/.local/lib/python3.12/site-packages/airflow/example_dags/example_task_group.py for tasks to queue
[2025-08-17T01:09:16.923+0000] {logging_mixin.py:188} INFO - [2025-08-17T01:09:16.923+0000] {dagbag.py:545} INFO - Filling up the DagBag from /home/airflow/.local/lib/python3.12/site-packages/airflow/example_dags/example_task_group.py
[2025-08-17T01:09:16.931+0000] {processor.py:840} INFO - DAG(s) 'example_task_group' retrieved from /home/airflow/.local/lib/python3.12/site-packages/airflow/example_dags/example_task_group.py
[2025-08-17T01:09:16.959+0000] {logging_mixin.py:188} INFO - [2025-08-17T01:09:16.959+0000] {dag.py:3089} INFO - Sync 1 DAGs
[2025-08-17T01:09:16.990+0000] {logging_mixin.py:188} INFO - [2025-08-17T01:09:16.990+0000] {dag.py:3947} INFO - Setting next_dagrun for example_task_group to 2025-08-16 00:00:00+00:00, run_after=2025-08-17 00:00:00+00:00
[2025-08-17T01:09:17.018+0000] {processor.py:183} INFO - Processing /home/airflow/.local/lib/python3.12/site-packages/airflow/example_dags/example_task_group.py took 0.106 seconds
[2025-08-17T01:09:47.623+0000] {processor.py:161} INFO - Started process (PID=1049) to work on /home/airflow/.local/lib/python3.12/site-packages/airflow/example_dags/example_task_group.py
[2025-08-17T01:09:47.624+0000] {processor.py:830} INFO - Processing file /home/airflow/.local/lib/python3.12/site-packages/airflow/example_dags/example_task_group.py for tasks to queue
[2025-08-17T01:09:47.626+0000] {logging_mixin.py:188} INFO - [2025-08-17T01:09:47.626+0000] {dagbag.py:545} INFO - Filling up the DagBag from /home/airflow/.local/lib/python3.12/site-packages/airflow/example_dags/example_task_group.py
[2025-08-17T01:09:47.633+0000] {processor.py:840} INFO - DAG(s) 'example_task_group' retrieved from /home/airflow/.local/lib/python3.12/site-packages/airflow/example_dags/example_task_group.py
[2025-08-17T01:09:47.660+0000] {logging_mixin.py:188} INFO - [2025-08-17T01:09:47.659+0000] {dag.py:3089} INFO - Sync 1 DAGs
[2025-08-17T01:09:47.684+0000] {logging_mixin.py:188} INFO - [2025-08-17T01:09:47.684+0000] {dag.py:3947} INFO - Setting next_dagrun for example_task_group to 2025-08-16 00:00:00+00:00, run_after=2025-08-17 00:00:00+00:00
[2025-08-17T01:09:47.704+0000] {processor.py:183} INFO - Processing /home/airflow/.local/lib/python3.12/site-packages/airflow/example_dags/example_task_group.py took 0.087 seconds
[2025-08-17T01:10:17.850+0000] {processor.py:161} INFO - Started process (PID=1109) to work on /home/airflow/.local/lib/python3.12/site-packages/airflow/example_dags/example_task_group.py
[2025-08-17T01:10:17.851+0000] {processor.py:830} INFO - Processing file /home/airflow/.local/lib/python3.12/site-packages/airflow/example_dags/example_task_group.py for tasks to queue
[2025-08-17T01:10:17.854+0000] {logging_mixin.py:188} INFO - [2025-08-17T01:10:17.853+0000] {dagbag.py:545} INFO - Filling up the DagBag from /home/airflow/.local/lib/python3.12/site-packages/airflow/example_dags/example_task_group.py
[2025-08-17T01:10:17.861+0000] {processor.py:840} INFO - DAG(s) 'example_task_group' retrieved from /home/airflow/.local/lib/python3.12/site-packages/airflow/example_dags/example_task_group.py
[2025-08-17T01:10:17.886+0000] {logging_mixin.py:188} INFO - [2025-08-17T01:10:17.886+0000] {dag.py:3089} INFO - Sync 1 DAGs
[2025-08-17T01:10:17.908+0000] {logging_mixin.py:188} INFO - [2025-08-17T01:10:17.907+0000] {dag.py:3947} INFO - Setting next_dagrun for example_task_group to 2025-08-16 00:00:00+00:00, run_after=2025-08-17 00:00:00+00:00
[2025-08-17T01:10:17.925+0000] {processor.py:183} INFO - Processing /home/airflow/.local/lib/python3.12/site-packages/airflow/example_dags/example_task_group.py took 0.082 seconds
[2025-08-17T01:10:48.256+0000] {processor.py:161} INFO - Started process (PID=1168) to work on /home/airflow/.local/lib/python3.12/site-packages/airflow/example_dags/example_task_group.py
[2025-08-17T01:10:48.257+0000] {processor.py:830} INFO - Processing file /home/airflow/.local/lib/python3.12/site-packages/airflow/example_dags/example_task_group.py for tasks to queue
[2025-08-17T01:10:48.260+0000] {logging_mixin.py:188} INFO - [2025-08-17T01:10:48.259+0000] {dagbag.py:545} INFO - Filling up the DagBag from /home/airflow/.local/lib/python3.12/site-packages/airflow/example_dags/example_task_group.py
[2025-08-17T01:10:48.267+0000] {processor.py:840} INFO - DAG(s) 'example_task_group' retrieved from /home/airflow/.local/lib/python3.12/site-packages/airflow/example_dags/example_task_group.py
[2025-08-17T01:10:48.290+0000] {logging_mixin.py:188} INFO - [2025-08-17T01:10:48.290+0000] {dag.py:3089} INFO - Sync 1 DAGs
[2025-08-17T01:10:48.310+0000] {logging_mixin.py:188} INFO - [2025-08-17T01:10:48.309+0000] {dag.py:3947} INFO - Setting next_dagrun for example_task_group to 2025-08-16 00:00:00+00:00, run_after=2025-08-17 00:00:00+00:00
[2025-08-17T01:10:48.327+0000] {processor.py:183} INFO - Processing /home/airflow/.local/lib/python3.12/site-packages/airflow/example_dags/example_task_group.py took 0.077 seconds
[2025-08-17T01:11:18.626+0000] {processor.py:161} INFO - Started process (PID=1227) to work on /home/airflow/.local/lib/python3.12/site-packages/airflow/example_dags/example_task_group.py
[2025-08-17T01:11:18.627+0000] {processor.py:830} INFO - Processing file /home/airflow/.local/lib/python3.12/site-packages/airflow/example_dags/example_task_group.py for tasks to queue
[2025-08-17T01:11:18.631+0000] {logging_mixin.py:188} INFO - [2025-08-17T01:11:18.630+0000] {dagbag.py:545} INFO - Filling up the DagBag from /home/airflow/.local/lib/python3.12/site-packages/airflow/example_dags/example_task_group.py
[2025-08-17T01:11:18.639+0000] {processor.py:840} INFO - DAG(s) 'example_task_group' retrieved from /home/airflow/.local/lib/python3.12/site-packages/airflow/example_dags/example_task_group.py
[2025-08-17T01:11:18.665+0000] {logging_mixin.py:188} INFO - [2025-08-17T01:11:18.664+0000] {dag.py:3089} INFO - Sync 1 DAGs
[2025-08-17T01:11:18.692+0000] {logging_mixin.py:188} INFO - [2025-08-17T01:11:18.692+0000] {dag.py:3947} INFO - Setting next_dagrun for example_task_group to 2025-08-16 00:00:00+00:00, run_after=2025-08-17 00:00:00+00:00
[2025-08-17T01:11:18.716+0000] {processor.py:183} INFO - Processing /home/airflow/.local/lib/python3.12/site-packages/airflow/example_dags/example_task_group.py took 0.097 seconds
[2025-08-17T01:11:49.391+0000] {processor.py:161} INFO - Started process (PID=1286) to work on /home/airflow/.local/lib/python3.12/site-packages/airflow/example_dags/example_task_group.py
[2025-08-17T01:11:49.392+0000] {processor.py:830} INFO - Processing file /home/airflow/.local/lib/python3.12/site-packages/airflow/example_dags/example_task_group.py for tasks to queue
[2025-08-17T01:11:49.395+0000] {logging_mixin.py:188} INFO - [2025-08-17T01:11:49.394+0000] {dagbag.py:545} INFO - Filling up the DagBag from /home/airflow/.local/lib/python3.12/site-packages/airflow/example_dags/example_task_group.py
[2025-08-17T01:11:49.401+0000] {processor.py:840} INFO - DAG(s) 'example_task_group' retrieved from /home/airflow/.local/lib/python3.12/site-packages/airflow/example_dags/example_task_group.py
[2025-08-17T01:11:49.424+0000] {logging_mixin.py:188} INFO - [2025-08-17T01:11:49.424+0000] {dag.py:3089} INFO - Sync 1 DAGs
[2025-08-17T01:11:49.446+0000] {logging_mixin.py:188} INFO - [2025-08-17T01:11:49.446+0000] {dag.py:3947} INFO - Setting next_dagrun for example_task_group to 2025-08-16 00:00:00+00:00, run_after=2025-08-17 00:00:00+00:00
[2025-08-17T01:11:49.470+0000] {processor.py:183} INFO - Processing /home/airflow/.local/lib/python3.12/site-packages/airflow/example_dags/example_task_group.py took 0.084 seconds
[2025-08-17T01:12:19.910+0000] {processor.py:161} INFO - Started process (PID=1345) to work on /home/airflow/.local/lib/python3.12/site-packages/airflow/example_dags/example_task_group.py
[2025-08-17T01:12:19.911+0000] {processor.py:830} INFO - Processing file /home/airflow/.local/lib/python3.12/site-packages/airflow/example_dags/example_task_group.py for tasks to queue
[2025-08-17T01:12:19.914+0000] {logging_mixin.py:188} INFO - [2025-08-17T01:12:19.913+0000] {dagbag.py:545} INFO - Filling up the DagBag from /home/airflow/.local/lib/python3.12/site-packages/airflow/example_dags/example_task_group.py
[2025-08-17T01:12:19.922+0000] {processor.py:840} INFO - DAG(s) 'example_task_group' retrieved from /home/airflow/.local/lib/python3.12/site-packages/airflow/example_dags/example_task_group.py
[2025-08-17T01:12:19.950+0000] {logging_mixin.py:188} INFO - [2025-08-17T01:12:19.950+0000] {dag.py:3089} INFO - Sync 1 DAGs
[2025-08-17T01:12:19.977+0000] {logging_mixin.py:188} INFO - [2025-08-17T01:12:19.977+0000] {dag.py:3947} INFO - Setting next_dagrun for example_task_group to 2025-08-16 00:00:00+00:00, run_after=2025-08-17 00:00:00+00:00
[2025-08-17T01:12:20.002+0000] {processor.py:183} INFO - Processing /home/airflow/.local/lib/python3.12/site-packages/airflow/example_dags/example_task_group.py took 0.099 seconds
[2025-08-17T01:12:50.096+0000] {processor.py:161} INFO - Started process (PID=1404) to work on /home/airflow/.local/lib/python3.12/site-packages/airflow/example_dags/example_task_group.py
[2025-08-17T01:12:50.098+0000] {processor.py:830} INFO - Processing file /home/airflow/.local/lib/python3.12/site-packages/airflow/example_dags/example_task_group.py for tasks to queue
[2025-08-17T01:12:50.101+0000] {logging_mixin.py:188} INFO - [2025-08-17T01:12:50.100+0000] {dagbag.py:545} INFO - Filling up the DagBag from /home/airflow/.local/lib/python3.12/site-packages/airflow/example_dags/example_task_group.py
[2025-08-17T01:12:50.109+0000] {processor.py:840} INFO - DAG(s) 'example_task_group' retrieved from /home/airflow/.local/lib/python3.12/site-packages/airflow/example_dags/example_task_group.py
[2025-08-17T01:12:50.135+0000] {logging_mixin.py:188} INFO - [2025-08-17T01:12:50.135+0000] {dag.py:3089} INFO - Sync 1 DAGs
[2025-08-17T01:12:50.159+0000] {logging_mixin.py:188} INFO - [2025-08-17T01:12:50.159+0000] {dag.py:3947} INFO - Setting next_dagrun for example_task_group to 2025-08-16 00:00:00+00:00, run_after=2025-08-17 00:00:00+00:00
[2025-08-17T01:12:50.182+0000] {processor.py:183} INFO - Processing /home/airflow/.local/lib/python3.12/site-packages/airflow/example_dags/example_task_group.py took 0.093 seconds
[2025-08-17T01:13:20.562+0000] {processor.py:161} INFO - Started process (PID=1464) to work on /home/airflow/.local/lib/python3.12/site-packages/airflow/example_dags/example_task_group.py
[2025-08-17T01:13:20.563+0000] {processor.py:830} INFO - Processing file /home/airflow/.local/lib/python3.12/site-packages/airflow/example_dags/example_task_group.py for tasks to queue
[2025-08-17T01:13:20.565+0000] {logging_mixin.py:188} INFO - [2025-08-17T01:13:20.565+0000] {dagbag.py:545} INFO - Filling up the DagBag from /home/airflow/.local/lib/python3.12/site-packages/airflow/example_dags/example_task_group.py
[2025-08-17T01:13:20.573+0000] {processor.py:840} INFO - DAG(s) 'example_task_group' retrieved from /home/airflow/.local/lib/python3.12/site-packages/airflow/example_dags/example_task_group.py
[2025-08-17T01:13:20.598+0000] {logging_mixin.py:188} INFO - [2025-08-17T01:13:20.597+0000] {dag.py:3089} INFO - Sync 1 DAGs
[2025-08-17T01:13:20.620+0000] {logging_mixin.py:188} INFO - [2025-08-17T01:13:20.620+0000] {dag.py:3947} INFO - Setting next_dagrun for example_task_group to 2025-08-16 00:00:00+00:00, run_after=2025-08-17 00:00:00+00:00
[2025-08-17T01:13:20.639+0000] {processor.py:183} INFO - Processing /home/airflow/.local/lib/python3.12/site-packages/airflow/example_dags/example_task_group.py took 0.084 seconds
[2025-08-17T01:13:51.101+0000] {processor.py:161} INFO - Started process (PID=1523) to work on /home/airflow/.local/lib/python3.12/site-packages/airflow/example_dags/example_task_group.py
[2025-08-17T01:13:51.102+0000] {processor.py:830} INFO - Processing file /home/airflow/.local/lib/python3.12/site-packages/airflow/example_dags/example_task_group.py for tasks to queue
[2025-08-17T01:13:51.105+0000] {logging_mixin.py:188} INFO - [2025-08-17T01:13:51.104+0000] {dagbag.py:545} INFO - Filling up the DagBag from /home/airflow/.local/lib/python3.12/site-packages/airflow/example_dags/example_task_group.py
[2025-08-17T01:13:51.113+0000] {processor.py:840} INFO - DAG(s) 'example_task_group' retrieved from /home/airflow/.local/lib/python3.12/site-packages/airflow/example_dags/example_task_group.py
[2025-08-17T01:13:51.139+0000] {logging_mixin.py:188} INFO - [2025-08-17T01:13:51.139+0000] {dag.py:3089} INFO - Sync 1 DAGs
[2025-08-17T01:13:51.164+0000] {logging_mixin.py:188} INFO - [2025-08-17T01:13:51.163+0000] {dag.py:3947} INFO - Setting next_dagrun for example_task_group to 2025-08-16 00:00:00+00:00, run_after=2025-08-17 00:00:00+00:00
[2025-08-17T01:13:51.189+0000] {processor.py:183} INFO - Processing /home/airflow/.local/lib/python3.12/site-packages/airflow/example_dags/example_task_group.py took 0.094 seconds
[2025-08-17T01:14:22.006+0000] {processor.py:161} INFO - Started process (PID=1582) to work on /home/airflow/.local/lib/python3.12/site-packages/airflow/example_dags/example_task_group.py
[2025-08-17T01:14:22.007+0000] {processor.py:830} INFO - Processing file /home/airflow/.local/lib/python3.12/site-packages/airflow/example_dags/example_task_group.py for tasks to queue
[2025-08-17T01:14:22.010+0000] {logging_mixin.py:188} INFO - [2025-08-17T01:14:22.009+0000] {dagbag.py:545} INFO - Filling up the DagBag from /home/airflow/.local/lib/python3.12/site-packages/airflow/example_dags/example_task_group.py
[2025-08-17T01:14:22.019+0000] {processor.py:840} INFO - DAG(s) 'example_task_group' retrieved from /home/airflow/.local/lib/python3.12/site-packages/airflow/example_dags/example_task_group.py
[2025-08-17T01:14:22.047+0000] {logging_mixin.py:188} INFO - [2025-08-17T01:14:22.046+0000] {dag.py:3089} INFO - Sync 1 DAGs
[2025-08-17T01:14:22.071+0000] {logging_mixin.py:188} INFO - [2025-08-17T01:14:22.071+0000] {dag.py:3947} INFO - Setting next_dagrun for example_task_group to 2025-08-16 00:00:00+00:00, run_after=2025-08-17 00:00:00+00:00
[2025-08-17T01:14:22.096+0000] {processor.py:183} INFO - Processing /home/airflow/.local/lib/python3.12/site-packages/airflow/example_dags/example_task_group.py took 0.098 seconds
[2025-08-17T01:14:53.276+0000] {processor.py:161} INFO - Started process (PID=1641) to work on /home/airflow/.local/lib/python3.12/site-packages/airflow/example_dags/example_task_group.py
[2025-08-17T01:14:53.278+0000] {processor.py:830} INFO - Processing file /home/airflow/.local/lib/python3.12/site-packages/airflow/example_dags/example_task_group.py for tasks to queue
[2025-08-17T01:14:53.280+0000] {logging_mixin.py:188} INFO - [2025-08-17T01:14:53.280+0000] {dagbag.py:545} INFO - Filling up the DagBag from /home/airflow/.local/lib/python3.12/site-packages/airflow/example_dags/example_task_group.py
[2025-08-17T01:14:53.288+0000] {processor.py:840} INFO - DAG(s) 'example_task_group' retrieved from /home/airflow/.local/lib/python3.12/site-packages/airflow/example_dags/example_task_group.py
[2025-08-17T01:14:53.315+0000] {logging_mixin.py:188} INFO - [2025-08-17T01:14:53.314+0000] {dag.py:3089} INFO - Sync 1 DAGs
[2025-08-17T01:14:53.342+0000] {logging_mixin.py:188} INFO - [2025-08-17T01:14:53.341+0000] {dag.py:3947} INFO - Setting next_dagrun for example_task_group to 2025-08-16 00:00:00+00:00, run_after=2025-08-17 00:00:00+00:00
[2025-08-17T01:14:53.365+0000] {processor.py:183} INFO - Processing /home/airflow/.local/lib/python3.12/site-packages/airflow/example_dags/example_task_group.py took 0.095 seconds
[2025-08-17T01:15:24.350+0000] {processor.py:161} INFO - Started process (PID=1700) to work on /home/airflow/.local/lib/python3.12/site-packages/airflow/example_dags/example_task_group.py
[2025-08-17T01:15:24.351+0000] {processor.py:830} INFO - Processing file /home/airflow/.local/lib/python3.12/site-packages/airflow/example_dags/example_task_group.py for tasks to queue
[2025-08-17T01:15:24.353+0000] {logging_mixin.py:188} INFO - [2025-08-17T01:15:24.353+0000] {dagbag.py:545} INFO - Filling up the DagBag from /home/airflow/.local/lib/python3.12/site-packages/airflow/example_dags/example_task_group.py
[2025-08-17T01:15:24.360+0000] {processor.py:840} INFO - DAG(s) 'example_task_group' retrieved from /home/airflow/.local/lib/python3.12/site-packages/airflow/example_dags/example_task_group.py
[2025-08-17T01:15:24.382+0000] {logging_mixin.py:188} INFO - [2025-08-17T01:15:24.381+0000] {dag.py:3089} INFO - Sync 1 DAGs
[2025-08-17T01:15:24.402+0000] {logging_mixin.py:188} INFO - [2025-08-17T01:15:24.402+0000] {dag.py:3947} INFO - Setting next_dagrun for example_task_group to 2025-08-16 00:00:00+00:00, run_after=2025-08-17 00:00:00+00:00
[2025-08-17T01:15:24.420+0000] {processor.py:183} INFO - Processing /home/airflow/.local/lib/python3.12/site-packages/airflow/example_dags/example_task_group.py took 0.076 seconds
[2025-08-17T01:15:55.417+0000] {processor.py:161} INFO - Started process (PID=1759) to work on /home/airflow/.local/lib/python3.12/site-packages/airflow/example_dags/example_task_group.py
[2025-08-17T01:15:55.418+0000] {processor.py:830} INFO - Processing file /home/airflow/.local/lib/python3.12/site-packages/airflow/example_dags/example_task_group.py for tasks to queue
[2025-08-17T01:15:55.422+0000] {logging_mixin.py:188} INFO - [2025-08-17T01:15:55.421+0000] {dagbag.py:545} INFO - Filling up the DagBag from /home/airflow/.local/lib/python3.12/site-packages/airflow/example_dags/example_task_group.py
[2025-08-17T01:15:55.437+0000] {processor.py:840} INFO - DAG(s) 'example_task_group' retrieved from /home/airflow/.local/lib/python3.12/site-packages/airflow/example_dags/example_task_group.py
[2025-08-17T01:15:55.482+0000] {logging_mixin.py:188} INFO - [2025-08-17T01:15:55.482+0000] {dag.py:3089} INFO - Sync 1 DAGs
[2025-08-17T01:15:55.524+0000] {logging_mixin.py:188} INFO - [2025-08-17T01:15:55.524+0000] {dag.py:3947} INFO - Setting next_dagrun for example_task_group to 2025-08-16 00:00:00+00:00, run_after=2025-08-17 00:00:00+00:00
[2025-08-17T01:15:55.562+0000] {processor.py:183} INFO - Processing /home/airflow/.local/lib/python3.12/site-packages/airflow/example_dags/example_task_group.py took 0.156 seconds
[2025-08-17T01:16:25.910+0000] {processor.py:161} INFO - Started process (PID=1818) to work on /home/airflow/.local/lib/python3.12/site-packages/airflow/example_dags/example_task_group.py
[2025-08-17T01:16:25.912+0000] {processor.py:830} INFO - Processing file /home/airflow/.local/lib/python3.12/site-packages/airflow/example_dags/example_task_group.py for tasks to queue
[2025-08-17T01:16:25.915+0000] {logging_mixin.py:188} INFO - [2025-08-17T01:16:25.914+0000] {dagbag.py:545} INFO - Filling up the DagBag from /home/airflow/.local/lib/python3.12/site-packages/airflow/example_dags/example_task_group.py
[2025-08-17T01:16:25.922+0000] {processor.py:840} INFO - DAG(s) 'example_task_group' retrieved from /home/airflow/.local/lib/python3.12/site-packages/airflow/example_dags/example_task_group.py
[2025-08-17T01:16:25.946+0000] {logging_mixin.py:188} INFO - [2025-08-17T01:16:25.946+0000] {dag.py:3089} INFO - Sync 1 DAGs
[2025-08-17T01:16:26.124+0000] {logging_mixin.py:188} INFO - [2025-08-17T01:16:26.124+0000] {dag.py:3947} INFO - Setting next_dagrun for example_task_group to 2025-08-16 00:00:00+00:00, run_after=2025-08-17 00:00:00+00:00
[2025-08-17T01:16:26.147+0000] {processor.py:183} INFO - Processing /home/airflow/.local/lib/python3.12/site-packages/airflow/example_dags/example_task_group.py took 0.242 seconds
[2025-08-17T01:17:42.652+0000] {processor.py:161} INFO - Started process (PID=110) to work on /home/airflow/.local/lib/python3.12/site-packages/airflow/example_dags/example_task_group.py
[2025-08-17T01:17:42.654+0000] {processor.py:830} INFO - Processing file /home/airflow/.local/lib/python3.12/site-packages/airflow/example_dags/example_task_group.py for tasks to queue
[2025-08-17T01:17:42.657+0000] {logging_mixin.py:188} INFO - [2025-08-17T01:17:42.656+0000] {dagbag.py:545} INFO - Filling up the DagBag from /home/airflow/.local/lib/python3.12/site-packages/airflow/example_dags/example_task_group.py
[2025-08-17T01:17:42.670+0000] {processor.py:840} INFO - DAG(s) 'example_task_group' retrieved from /home/airflow/.local/lib/python3.12/site-packages/airflow/example_dags/example_task_group.py
[2025-08-17T01:17:42.808+0000] {logging_mixin.py:188} INFO - [2025-08-17T01:17:42.808+0000] {dag.py:3089} INFO - Sync 1 DAGs
[2025-08-17T01:17:42.834+0000] {logging_mixin.py:188} INFO - [2025-08-17T01:17:42.834+0000] {dag.py:3947} INFO - Setting next_dagrun for example_task_group to 2025-08-16 00:00:00+00:00, run_after=2025-08-17 00:00:00+00:00
[2025-08-17T01:17:42.862+0000] {processor.py:183} INFO - Processing /home/airflow/.local/lib/python3.12/site-packages/airflow/example_dags/example_task_group.py took 0.219 seconds
[2025-08-17T01:18:13.276+0000] {processor.py:161} INFO - Started process (PID=169) to work on /home/airflow/.local/lib/python3.12/site-packages/airflow/example_dags/example_task_group.py
[2025-08-17T01:18:13.277+0000] {processor.py:830} INFO - Processing file /home/airflow/.local/lib/python3.12/site-packages/airflow/example_dags/example_task_group.py for tasks to queue
[2025-08-17T01:18:13.280+0000] {logging_mixin.py:188} INFO - [2025-08-17T01:18:13.279+0000] {dagbag.py:545} INFO - Filling up the DagBag from /home/airflow/.local/lib/python3.12/site-packages/airflow/example_dags/example_task_group.py
[2025-08-17T01:18:13.292+0000] {processor.py:840} INFO - DAG(s) 'example_task_group' retrieved from /home/airflow/.local/lib/python3.12/site-packages/airflow/example_dags/example_task_group.py
[2025-08-17T01:18:13.335+0000] {logging_mixin.py:188} INFO - [2025-08-17T01:18:13.335+0000] {dag.py:3089} INFO - Sync 1 DAGs
[2025-08-17T01:18:13.364+0000] {logging_mixin.py:188} INFO - [2025-08-17T01:18:13.364+0000] {dag.py:3947} INFO - Setting next_dagrun for example_task_group to 2025-08-16 00:00:00+00:00, run_after=2025-08-17 00:00:00+00:00
[2025-08-17T01:18:13.390+0000] {processor.py:183} INFO - Processing /home/airflow/.local/lib/python3.12/site-packages/airflow/example_dags/example_task_group.py took 0.123 seconds
[2025-08-17T01:18:43.997+0000] {processor.py:161} INFO - Started process (PID=228) to work on /home/airflow/.local/lib/python3.12/site-packages/airflow/example_dags/example_task_group.py
[2025-08-17T01:18:43.999+0000] {processor.py:830} INFO - Processing file /home/airflow/.local/lib/python3.12/site-packages/airflow/example_dags/example_task_group.py for tasks to queue
[2025-08-17T01:18:44.001+0000] {logging_mixin.py:188} INFO - [2025-08-17T01:18:44.001+0000] {dagbag.py:545} INFO - Filling up the DagBag from /home/airflow/.local/lib/python3.12/site-packages/airflow/example_dags/example_task_group.py
[2025-08-17T01:18:44.010+0000] {processor.py:840} INFO - DAG(s) 'example_task_group' retrieved from /home/airflow/.local/lib/python3.12/site-packages/airflow/example_dags/example_task_group.py
[2025-08-17T01:18:44.035+0000] {logging_mixin.py:188} INFO - [2025-08-17T01:18:44.035+0000] {dag.py:3089} INFO - Sync 1 DAGs
[2025-08-17T01:18:44.059+0000] {logging_mixin.py:188} INFO - [2025-08-17T01:18:44.059+0000] {dag.py:3947} INFO - Setting next_dagrun for example_task_group to 2025-08-16 00:00:00+00:00, run_after=2025-08-17 00:00:00+00:00
[2025-08-17T01:18:44.079+0000] {processor.py:183} INFO - Processing /home/airflow/.local/lib/python3.12/site-packages/airflow/example_dags/example_task_group.py took 0.088 seconds
[2025-08-17T01:19:14.222+0000] {processor.py:161} INFO - Started process (PID=287) to work on /home/airflow/.local/lib/python3.12/site-packages/airflow/example_dags/example_task_group.py
[2025-08-17T01:19:14.223+0000] {processor.py:830} INFO - Processing file /home/airflow/.local/lib/python3.12/site-packages/airflow/example_dags/example_task_group.py for tasks to queue
[2025-08-17T01:19:14.225+0000] {logging_mixin.py:188} INFO - [2025-08-17T01:19:14.225+0000] {dagbag.py:545} INFO - Filling up the DagBag from /home/airflow/.local/lib/python3.12/site-packages/airflow/example_dags/example_task_group.py
[2025-08-17T01:19:14.234+0000] {processor.py:840} INFO - DAG(s) 'example_task_group' retrieved from /home/airflow/.local/lib/python3.12/site-packages/airflow/example_dags/example_task_group.py
[2025-08-17T01:19:14.257+0000] {logging_mixin.py:188} INFO - [2025-08-17T01:19:14.257+0000] {dag.py:3089} INFO - Sync 1 DAGs
[2025-08-17T01:19:14.278+0000] {logging_mixin.py:188} INFO - [2025-08-17T01:19:14.278+0000] {dag.py:3947} INFO - Setting next_dagrun for example_task_group to 2025-08-16 00:00:00+00:00, run_after=2025-08-17 00:00:00+00:00
[2025-08-17T01:19:14.298+0000] {processor.py:183} INFO - Processing /home/airflow/.local/lib/python3.12/site-packages/airflow/example_dags/example_task_group.py took 0.082 seconds
[2025-08-17T01:19:44.412+0000] {processor.py:161} INFO - Started process (PID=346) to work on /home/airflow/.local/lib/python3.12/site-packages/airflow/example_dags/example_task_group.py
[2025-08-17T01:19:44.413+0000] {processor.py:830} INFO - Processing file /home/airflow/.local/lib/python3.12/site-packages/airflow/example_dags/example_task_group.py for tasks to queue
[2025-08-17T01:19:44.415+0000] {logging_mixin.py:188} INFO - [2025-08-17T01:19:44.415+0000] {dagbag.py:545} INFO - Filling up the DagBag from /home/airflow/.local/lib/python3.12/site-packages/airflow/example_dags/example_task_group.py
[2025-08-17T01:19:44.422+0000] {processor.py:840} INFO - DAG(s) 'example_task_group' retrieved from /home/airflow/.local/lib/python3.12/site-packages/airflow/example_dags/example_task_group.py
[2025-08-17T01:19:44.445+0000] {logging_mixin.py:188} INFO - [2025-08-17T01:19:44.444+0000] {dag.py:3089} INFO - Sync 1 DAGs
[2025-08-17T01:19:44.466+0000] {logging_mixin.py:188} INFO - [2025-08-17T01:19:44.466+0000] {dag.py:3947} INFO - Setting next_dagrun for example_task_group to 2025-08-16 00:00:00+00:00, run_after=2025-08-17 00:00:00+00:00
[2025-08-17T01:19:44.485+0000] {processor.py:183} INFO - Processing /home/airflow/.local/lib/python3.12/site-packages/airflow/example_dags/example_task_group.py took 0.078 seconds
[2025-08-17T01:20:14.750+0000] {processor.py:161} INFO - Started process (PID=406) to work on /home/airflow/.local/lib/python3.12/site-packages/airflow/example_dags/example_task_group.py
[2025-08-17T01:20:14.751+0000] {processor.py:830} INFO - Processing file /home/airflow/.local/lib/python3.12/site-packages/airflow/example_dags/example_task_group.py for tasks to queue
[2025-08-17T01:20:14.754+0000] {logging_mixin.py:188} INFO - [2025-08-17T01:20:14.754+0000] {dagbag.py:545} INFO - Filling up the DagBag from /home/airflow/.local/lib/python3.12/site-packages/airflow/example_dags/example_task_group.py
[2025-08-17T01:20:14.763+0000] {processor.py:840} INFO - DAG(s) 'example_task_group' retrieved from /home/airflow/.local/lib/python3.12/site-packages/airflow/example_dags/example_task_group.py
[2025-08-17T01:20:14.797+0000] {logging_mixin.py:188} INFO - [2025-08-17T01:20:14.797+0000] {dag.py:3089} INFO - Sync 1 DAGs
[2025-08-17T01:20:14.822+0000] {logging_mixin.py:188} INFO - [2025-08-17T01:20:14.822+0000] {dag.py:3947} INFO - Setting next_dagrun for example_task_group to 2025-08-16 00:00:00+00:00, run_after=2025-08-17 00:00:00+00:00
[2025-08-17T01:20:14.847+0000] {processor.py:183} INFO - Processing /home/airflow/.local/lib/python3.12/site-packages/airflow/example_dags/example_task_group.py took 0.103 seconds
[2025-08-17T01:20:44.927+0000] {processor.py:161} INFO - Started process (PID=466) to work on /home/airflow/.local/lib/python3.12/site-packages/airflow/example_dags/example_task_group.py
[2025-08-17T01:20:44.928+0000] {processor.py:830} INFO - Processing file /home/airflow/.local/lib/python3.12/site-packages/airflow/example_dags/example_task_group.py for tasks to queue
[2025-08-17T01:20:44.931+0000] {logging_mixin.py:188} INFO - [2025-08-17T01:20:44.930+0000] {dagbag.py:545} INFO - Filling up the DagBag from /home/airflow/.local/lib/python3.12/site-packages/airflow/example_dags/example_task_group.py
[2025-08-17T01:20:44.938+0000] {processor.py:840} INFO - DAG(s) 'example_task_group' retrieved from /home/airflow/.local/lib/python3.12/site-packages/airflow/example_dags/example_task_group.py
[2025-08-17T01:20:44.963+0000] {logging_mixin.py:188} INFO - [2025-08-17T01:20:44.962+0000] {dag.py:3089} INFO - Sync 1 DAGs
[2025-08-17T01:20:44.982+0000] {logging_mixin.py:188} INFO - [2025-08-17T01:20:44.982+0000] {dag.py:3947} INFO - Setting next_dagrun for example_task_group to 2025-08-16 00:00:00+00:00, run_after=2025-08-17 00:00:00+00:00
[2025-08-17T01:20:45.002+0000] {processor.py:183} INFO - Processing /home/airflow/.local/lib/python3.12/site-packages/airflow/example_dags/example_task_group.py took 0.081 seconds
[2025-08-17T01:21:15.516+0000] {processor.py:161} INFO - Started process (PID=525) to work on /home/airflow/.local/lib/python3.12/site-packages/airflow/example_dags/example_task_group.py
[2025-08-17T01:21:15.518+0000] {processor.py:830} INFO - Processing file /home/airflow/.local/lib/python3.12/site-packages/airflow/example_dags/example_task_group.py for tasks to queue
[2025-08-17T01:21:15.520+0000] {logging_mixin.py:188} INFO - [2025-08-17T01:21:15.519+0000] {dagbag.py:545} INFO - Filling up the DagBag from /home/airflow/.local/lib/python3.12/site-packages/airflow/example_dags/example_task_group.py
[2025-08-17T01:21:15.527+0000] {processor.py:840} INFO - DAG(s) 'example_task_group' retrieved from /home/airflow/.local/lib/python3.12/site-packages/airflow/example_dags/example_task_group.py
[2025-08-17T01:21:15.552+0000] {logging_mixin.py:188} INFO - [2025-08-17T01:21:15.552+0000] {dag.py:3089} INFO - Sync 1 DAGs
[2025-08-17T01:21:15.575+0000] {logging_mixin.py:188} INFO - [2025-08-17T01:21:15.575+0000] {dag.py:3947} INFO - Setting next_dagrun for example_task_group to 2025-08-16 00:00:00+00:00, run_after=2025-08-17 00:00:00+00:00
[2025-08-17T01:21:15.593+0000] {processor.py:183} INFO - Processing /home/airflow/.local/lib/python3.12/site-packages/airflow/example_dags/example_task_group.py took 0.082 seconds
[2025-08-17T01:21:45.942+0000] {processor.py:161} INFO - Started process (PID=584) to work on /home/airflow/.local/lib/python3.12/site-packages/airflow/example_dags/example_task_group.py
[2025-08-17T01:21:45.944+0000] {processor.py:830} INFO - Processing file /home/airflow/.local/lib/python3.12/site-packages/airflow/example_dags/example_task_group.py for tasks to queue
[2025-08-17T01:21:45.946+0000] {logging_mixin.py:188} INFO - [2025-08-17T01:21:45.946+0000] {dagbag.py:545} INFO - Filling up the DagBag from /home/airflow/.local/lib/python3.12/site-packages/airflow/example_dags/example_task_group.py
[2025-08-17T01:21:45.954+0000] {processor.py:840} INFO - DAG(s) 'example_task_group' retrieved from /home/airflow/.local/lib/python3.12/site-packages/airflow/example_dags/example_task_group.py
[2025-08-17T01:21:45.978+0000] {logging_mixin.py:188} INFO - [2025-08-17T01:21:45.978+0000] {dag.py:3089} INFO - Sync 1 DAGs
[2025-08-17T01:21:45.999+0000] {logging_mixin.py:188} INFO - [2025-08-17T01:21:45.998+0000] {dag.py:3947} INFO - Setting next_dagrun for example_task_group to 2025-08-16 00:00:00+00:00, run_after=2025-08-17 00:00:00+00:00
[2025-08-17T01:21:46.018+0000] {processor.py:183} INFO - Processing /home/airflow/.local/lib/python3.12/site-packages/airflow/example_dags/example_task_group.py took 0.082 seconds
[2025-08-17T01:22:16.378+0000] {processor.py:161} INFO - Started process (PID=643) to work on /home/airflow/.local/lib/python3.12/site-packages/airflow/example_dags/example_task_group.py
[2025-08-17T01:22:16.380+0000] {processor.py:830} INFO - Processing file /home/airflow/.local/lib/python3.12/site-packages/airflow/example_dags/example_task_group.py for tasks to queue
[2025-08-17T01:22:16.382+0000] {logging_mixin.py:188} INFO - [2025-08-17T01:22:16.382+0000] {dagbag.py:545} INFO - Filling up the DagBag from /home/airflow/.local/lib/python3.12/site-packages/airflow/example_dags/example_task_group.py
[2025-08-17T01:22:16.390+0000] {processor.py:840} INFO - DAG(s) 'example_task_group' retrieved from /home/airflow/.local/lib/python3.12/site-packages/airflow/example_dags/example_task_group.py
[2025-08-17T01:22:16.414+0000] {logging_mixin.py:188} INFO - [2025-08-17T01:22:16.414+0000] {dag.py:3089} INFO - Sync 1 DAGs
[2025-08-17T01:22:16.438+0000] {logging_mixin.py:188} INFO - [2025-08-17T01:22:16.438+0000] {dag.py:3947} INFO - Setting next_dagrun for example_task_group to 2025-08-16 00:00:00+00:00, run_after=2025-08-17 00:00:00+00:00
[2025-08-17T01:22:16.460+0000] {processor.py:183} INFO - Processing /home/airflow/.local/lib/python3.12/site-packages/airflow/example_dags/example_task_group.py took 0.089 seconds
[2025-08-17T01:22:46.561+0000] {processor.py:161} INFO - Started process (PID=702) to work on /home/airflow/.local/lib/python3.12/site-packages/airflow/example_dags/example_task_group.py
[2025-08-17T01:22:46.563+0000] {processor.py:830} INFO - Processing file /home/airflow/.local/lib/python3.12/site-packages/airflow/example_dags/example_task_group.py for tasks to queue
[2025-08-17T01:22:46.565+0000] {logging_mixin.py:188} INFO - [2025-08-17T01:22:46.565+0000] {dagbag.py:545} INFO - Filling up the DagBag from /home/airflow/.local/lib/python3.12/site-packages/airflow/example_dags/example_task_group.py
[2025-08-17T01:22:46.572+0000] {processor.py:840} INFO - DAG(s) 'example_task_group' retrieved from /home/airflow/.local/lib/python3.12/site-packages/airflow/example_dags/example_task_group.py
[2025-08-17T01:22:46.597+0000] {logging_mixin.py:188} INFO - [2025-08-17T01:22:46.596+0000] {dag.py:3089} INFO - Sync 1 DAGs
[2025-08-17T01:22:46.618+0000] {logging_mixin.py:188} INFO - [2025-08-17T01:22:46.617+0000] {dag.py:3947} INFO - Setting next_dagrun for example_task_group to 2025-08-16 00:00:00+00:00, run_after=2025-08-17 00:00:00+00:00
[2025-08-17T01:22:46.637+0000] {processor.py:183} INFO - Processing /home/airflow/.local/lib/python3.12/site-packages/airflow/example_dags/example_task_group.py took 0.080 seconds
[2025-08-17T01:23:17.009+0000] {processor.py:161} INFO - Started process (PID=761) to work on /home/airflow/.local/lib/python3.12/site-packages/airflow/example_dags/example_task_group.py
[2025-08-17T01:23:17.010+0000] {processor.py:830} INFO - Processing file /home/airflow/.local/lib/python3.12/site-packages/airflow/example_dags/example_task_group.py for tasks to queue
[2025-08-17T01:23:17.013+0000] {logging_mixin.py:188} INFO - [2025-08-17T01:23:17.012+0000] {dagbag.py:545} INFO - Filling up the DagBag from /home/airflow/.local/lib/python3.12/site-packages/airflow/example_dags/example_task_group.py
[2025-08-17T01:23:17.022+0000] {processor.py:840} INFO - DAG(s) 'example_task_group' retrieved from /home/airflow/.local/lib/python3.12/site-packages/airflow/example_dags/example_task_group.py
[2025-08-17T01:23:17.048+0000] {logging_mixin.py:188} INFO - [2025-08-17T01:23:17.048+0000] {dag.py:3089} INFO - Sync 1 DAGs
[2025-08-17T01:23:17.076+0000] {logging_mixin.py:188} INFO - [2025-08-17T01:23:17.076+0000] {dag.py:3947} INFO - Setting next_dagrun for example_task_group to 2025-08-16 00:00:00+00:00, run_after=2025-08-17 00:00:00+00:00
[2025-08-17T01:23:17.101+0000] {processor.py:183} INFO - Processing /home/airflow/.local/lib/python3.12/site-packages/airflow/example_dags/example_task_group.py took 0.099 seconds
[2025-08-17T01:23:47.706+0000] {processor.py:161} INFO - Started process (PID=820) to work on /home/airflow/.local/lib/python3.12/site-packages/airflow/example_dags/example_task_group.py
[2025-08-17T01:23:47.708+0000] {processor.py:830} INFO - Processing file /home/airflow/.local/lib/python3.12/site-packages/airflow/example_dags/example_task_group.py for tasks to queue
[2025-08-17T01:23:47.710+0000] {logging_mixin.py:188} INFO - [2025-08-17T01:23:47.709+0000] {dagbag.py:545} INFO - Filling up the DagBag from /home/airflow/.local/lib/python3.12/site-packages/airflow/example_dags/example_task_group.py
[2025-08-17T01:23:47.717+0000] {processor.py:840} INFO - DAG(s) 'example_task_group' retrieved from /home/airflow/.local/lib/python3.12/site-packages/airflow/example_dags/example_task_group.py
[2025-08-17T01:23:47.740+0000] {logging_mixin.py:188} INFO - [2025-08-17T01:23:47.740+0000] {dag.py:3089} INFO - Sync 1 DAGs
[2025-08-17T01:23:47.761+0000] {logging_mixin.py:188} INFO - [2025-08-17T01:23:47.761+0000] {dag.py:3947} INFO - Setting next_dagrun for example_task_group to 2025-08-16 00:00:00+00:00, run_after=2025-08-17 00:00:00+00:00
[2025-08-17T01:23:47.781+0000] {processor.py:183} INFO - Processing /home/airflow/.local/lib/python3.12/site-packages/airflow/example_dags/example_task_group.py took 0.081 seconds
[2025-08-17T01:24:18.420+0000] {processor.py:161} INFO - Started process (PID=879) to work on /home/airflow/.local/lib/python3.12/site-packages/airflow/example_dags/example_task_group.py
[2025-08-17T01:24:18.421+0000] {processor.py:830} INFO - Processing file /home/airflow/.local/lib/python3.12/site-packages/airflow/example_dags/example_task_group.py for tasks to queue
[2025-08-17T01:24:18.423+0000] {logging_mixin.py:188} INFO - [2025-08-17T01:24:18.423+0000] {dagbag.py:545} INFO - Filling up the DagBag from /home/airflow/.local/lib/python3.12/site-packages/airflow/example_dags/example_task_group.py
[2025-08-17T01:24:18.432+0000] {processor.py:840} INFO - DAG(s) 'example_task_group' retrieved from /home/airflow/.local/lib/python3.12/site-packages/airflow/example_dags/example_task_group.py
[2025-08-17T01:24:18.460+0000] {logging_mixin.py:188} INFO - [2025-08-17T01:24:18.460+0000] {dag.py:3089} INFO - Sync 1 DAGs
[2025-08-17T01:24:18.486+0000] {logging_mixin.py:188} INFO - [2025-08-17T01:24:18.486+0000] {dag.py:3947} INFO - Setting next_dagrun for example_task_group to 2025-08-16 00:00:00+00:00, run_after=2025-08-17 00:00:00+00:00
[2025-08-17T01:24:18.510+0000] {processor.py:183} INFO - Processing /home/airflow/.local/lib/python3.12/site-packages/airflow/example_dags/example_task_group.py took 0.097 seconds
[2025-08-17T01:24:48.589+0000] {processor.py:161} INFO - Started process (PID=938) to work on /home/airflow/.local/lib/python3.12/site-packages/airflow/example_dags/example_task_group.py
[2025-08-17T01:24:48.591+0000] {processor.py:830} INFO - Processing file /home/airflow/.local/lib/python3.12/site-packages/airflow/example_dags/example_task_group.py for tasks to queue
[2025-08-17T01:24:48.593+0000] {logging_mixin.py:188} INFO - [2025-08-17T01:24:48.593+0000] {dagbag.py:545} INFO - Filling up the DagBag from /home/airflow/.local/lib/python3.12/site-packages/airflow/example_dags/example_task_group.py
[2025-08-17T01:24:48.600+0000] {processor.py:840} INFO - DAG(s) 'example_task_group' retrieved from /home/airflow/.local/lib/python3.12/site-packages/airflow/example_dags/example_task_group.py
[2025-08-17T01:24:48.624+0000] {logging_mixin.py:188} INFO - [2025-08-17T01:24:48.624+0000] {dag.py:3089} INFO - Sync 1 DAGs
[2025-08-17T01:24:48.647+0000] {logging_mixin.py:188} INFO - [2025-08-17T01:24:48.647+0000] {dag.py:3947} INFO - Setting next_dagrun for example_task_group to 2025-08-16 00:00:00+00:00, run_after=2025-08-17 00:00:00+00:00
[2025-08-17T01:24:48.666+0000] {processor.py:183} INFO - Processing /home/airflow/.local/lib/python3.12/site-packages/airflow/example_dags/example_task_group.py took 0.082 seconds
[2025-08-17T01:25:19.138+0000] {processor.py:161} INFO - Started process (PID=997) to work on /home/airflow/.local/lib/python3.12/site-packages/airflow/example_dags/example_task_group.py
[2025-08-17T01:25:19.140+0000] {processor.py:830} INFO - Processing file /home/airflow/.local/lib/python3.12/site-packages/airflow/example_dags/example_task_group.py for tasks to queue
[2025-08-17T01:25:19.143+0000] {logging_mixin.py:188} INFO - [2025-08-17T01:25:19.142+0000] {dagbag.py:545} INFO - Filling up the DagBag from /home/airflow/.local/lib/python3.12/site-packages/airflow/example_dags/example_task_group.py
[2025-08-17T01:25:19.154+0000] {processor.py:840} INFO - DAG(s) 'example_task_group' retrieved from /home/airflow/.local/lib/python3.12/site-packages/airflow/example_dags/example_task_group.py
[2025-08-17T01:25:19.184+0000] {logging_mixin.py:188} INFO - [2025-08-17T01:25:19.184+0000] {dag.py:3089} INFO - Sync 1 DAGs
[2025-08-17T01:25:19.212+0000] {logging_mixin.py:188} INFO - [2025-08-17T01:25:19.212+0000] {dag.py:3947} INFO - Setting next_dagrun for example_task_group to 2025-08-16 00:00:00+00:00, run_after=2025-08-17 00:00:00+00:00
[2025-08-17T01:25:19.238+0000] {processor.py:183} INFO - Processing /home/airflow/.local/lib/python3.12/site-packages/airflow/example_dags/example_task_group.py took 0.108 seconds
[2025-08-17T01:26:44.644+0000] {processor.py:161} INFO - Started process (PID=110) to work on /home/airflow/.local/lib/python3.12/site-packages/airflow/example_dags/example_task_group.py
[2025-08-17T01:26:44.646+0000] {processor.py:830} INFO - Processing file /home/airflow/.local/lib/python3.12/site-packages/airflow/example_dags/example_task_group.py for tasks to queue
[2025-08-17T01:26:44.648+0000] {logging_mixin.py:188} INFO - [2025-08-17T01:26:44.648+0000] {dagbag.py:545} INFO - Filling up the DagBag from /home/airflow/.local/lib/python3.12/site-packages/airflow/example_dags/example_task_group.py
[2025-08-17T01:26:44.659+0000] {processor.py:840} INFO - DAG(s) 'example_task_group' retrieved from /home/airflow/.local/lib/python3.12/site-packages/airflow/example_dags/example_task_group.py
[2025-08-17T01:26:44.787+0000] {logging_mixin.py:188} INFO - [2025-08-17T01:26:44.787+0000] {dag.py:3089} INFO - Sync 1 DAGs
[2025-08-17T01:26:44.810+0000] {logging_mixin.py:188} INFO - [2025-08-17T01:26:44.809+0000] {dag.py:3947} INFO - Setting next_dagrun for example_task_group to 2025-08-16 00:00:00+00:00, run_after=2025-08-17 00:00:00+00:00
[2025-08-17T01:26:44.836+0000] {processor.py:183} INFO - Processing /home/airflow/.local/lib/python3.12/site-packages/airflow/example_dags/example_task_group.py took 0.199 seconds
[2025-08-17T01:27:14.891+0000] {processor.py:161} INFO - Started process (PID=169) to work on /home/airflow/.local/lib/python3.12/site-packages/airflow/example_dags/example_task_group.py
[2025-08-17T01:27:14.893+0000] {processor.py:830} INFO - Processing file /home/airflow/.local/lib/python3.12/site-packages/airflow/example_dags/example_task_group.py for tasks to queue
[2025-08-17T01:27:14.895+0000] {logging_mixin.py:188} INFO - [2025-08-17T01:27:14.895+0000] {dagbag.py:545} INFO - Filling up the DagBag from /home/airflow/.local/lib/python3.12/site-packages/airflow/example_dags/example_task_group.py
[2025-08-17T01:27:14.905+0000] {processor.py:840} INFO - DAG(s) 'example_task_group' retrieved from /home/airflow/.local/lib/python3.12/site-packages/airflow/example_dags/example_task_group.py
[2025-08-17T01:27:14.924+0000] {logging_mixin.py:188} INFO - [2025-08-17T01:27:14.923+0000] {dag.py:3089} INFO - Sync 1 DAGs
[2025-08-17T01:27:14.955+0000] {logging_mixin.py:188} INFO - [2025-08-17T01:27:14.955+0000] {dag.py:3947} INFO - Setting next_dagrun for example_task_group to 2025-08-16 00:00:00+00:00, run_after=2025-08-17 00:00:00+00:00
[2025-08-17T01:27:14.981+0000] {processor.py:183} INFO - Processing /home/airflow/.local/lib/python3.12/site-packages/airflow/example_dags/example_task_group.py took 0.097 seconds
[2025-08-17T01:27:46.234+0000] {processor.py:161} INFO - Started process (PID=229) to work on /home/airflow/.local/lib/python3.12/site-packages/airflow/example_dags/example_task_group.py
[2025-08-17T01:27:46.235+0000] {processor.py:830} INFO - Processing file /home/airflow/.local/lib/python3.12/site-packages/airflow/example_dags/example_task_group.py for tasks to queue
[2025-08-17T01:27:46.238+0000] {logging_mixin.py:188} INFO - [2025-08-17T01:27:46.238+0000] {dagbag.py:545} INFO - Filling up the DagBag from /home/airflow/.local/lib/python3.12/site-packages/airflow/example_dags/example_task_group.py
[2025-08-17T01:27:46.246+0000] {processor.py:840} INFO - DAG(s) 'example_task_group' retrieved from /home/airflow/.local/lib/python3.12/site-packages/airflow/example_dags/example_task_group.py
[2025-08-17T01:27:46.348+0000] {logging_mixin.py:188} INFO - [2025-08-17T01:27:46.347+0000] {dag.py:3089} INFO - Sync 1 DAGs
[2025-08-17T01:27:46.367+0000] {logging_mixin.py:188} INFO - [2025-08-17T01:27:46.366+0000] {dag.py:3947} INFO - Setting next_dagrun for example_task_group to 2025-08-16 00:00:00+00:00, run_after=2025-08-17 00:00:00+00:00
[2025-08-17T01:27:46.389+0000] {processor.py:183} INFO - Processing /home/airflow/.local/lib/python3.12/site-packages/airflow/example_dags/example_task_group.py took 0.161 seconds
[2025-08-17T01:28:17.251+0000] {processor.py:161} INFO - Started process (PID=288) to work on /home/airflow/.local/lib/python3.12/site-packages/airflow/example_dags/example_task_group.py
[2025-08-17T01:28:17.252+0000] {processor.py:830} INFO - Processing file /home/airflow/.local/lib/python3.12/site-packages/airflow/example_dags/example_task_group.py for tasks to queue
[2025-08-17T01:28:17.255+0000] {logging_mixin.py:188} INFO - [2025-08-17T01:28:17.255+0000] {dagbag.py:545} INFO - Filling up the DagBag from /home/airflow/.local/lib/python3.12/site-packages/airflow/example_dags/example_task_group.py
[2025-08-17T01:28:17.262+0000] {processor.py:840} INFO - DAG(s) 'example_task_group' retrieved from /home/airflow/.local/lib/python3.12/site-packages/airflow/example_dags/example_task_group.py
[2025-08-17T01:28:17.287+0000] {logging_mixin.py:188} INFO - [2025-08-17T01:28:17.286+0000] {dag.py:3089} INFO - Sync 1 DAGs
[2025-08-17T01:28:17.311+0000] {logging_mixin.py:188} INFO - [2025-08-17T01:28:17.311+0000] {dag.py:3947} INFO - Setting next_dagrun for example_task_group to 2025-08-16 00:00:00+00:00, run_after=2025-08-17 00:00:00+00:00
[2025-08-17T01:28:17.333+0000] {processor.py:183} INFO - Processing /home/airflow/.local/lib/python3.12/site-packages/airflow/example_dags/example_task_group.py took 0.088 seconds
[2025-08-17T01:28:47.581+0000] {processor.py:161} INFO - Started process (PID=347) to work on /home/airflow/.local/lib/python3.12/site-packages/airflow/example_dags/example_task_group.py
[2025-08-17T01:28:47.583+0000] {processor.py:830} INFO - Processing file /home/airflow/.local/lib/python3.12/site-packages/airflow/example_dags/example_task_group.py for tasks to queue
[2025-08-17T01:28:47.585+0000] {logging_mixin.py:188} INFO - [2025-08-17T01:28:47.585+0000] {dagbag.py:545} INFO - Filling up the DagBag from /home/airflow/.local/lib/python3.12/site-packages/airflow/example_dags/example_task_group.py
[2025-08-17T01:28:47.594+0000] {processor.py:840} INFO - DAG(s) 'example_task_group' retrieved from /home/airflow/.local/lib/python3.12/site-packages/airflow/example_dags/example_task_group.py
[2025-08-17T01:28:47.625+0000] {logging_mixin.py:188} INFO - [2025-08-17T01:28:47.624+0000] {dag.py:3089} INFO - Sync 1 DAGs
[2025-08-17T01:28:47.654+0000] {logging_mixin.py:188} INFO - [2025-08-17T01:28:47.653+0000] {dag.py:3947} INFO - Setting next_dagrun for example_task_group to 2025-08-16 00:00:00+00:00, run_after=2025-08-17 00:00:00+00:00
[2025-08-17T01:28:47.678+0000] {processor.py:183} INFO - Processing /home/airflow/.local/lib/python3.12/site-packages/airflow/example_dags/example_task_group.py took 0.104 seconds
[2025-08-17T01:29:18.357+0000] {processor.py:161} INFO - Started process (PID=407) to work on /home/airflow/.local/lib/python3.12/site-packages/airflow/example_dags/example_task_group.py
[2025-08-17T01:29:18.359+0000] {processor.py:830} INFO - Processing file /home/airflow/.local/lib/python3.12/site-packages/airflow/example_dags/example_task_group.py for tasks to queue
[2025-08-17T01:29:18.361+0000] {logging_mixin.py:188} INFO - [2025-08-17T01:29:18.361+0000] {dagbag.py:545} INFO - Filling up the DagBag from /home/airflow/.local/lib/python3.12/site-packages/airflow/example_dags/example_task_group.py
[2025-08-17T01:29:18.370+0000] {processor.py:840} INFO - DAG(s) 'example_task_group' retrieved from /home/airflow/.local/lib/python3.12/site-packages/airflow/example_dags/example_task_group.py
[2025-08-17T01:29:18.405+0000] {logging_mixin.py:188} INFO - [2025-08-17T01:29:18.405+0000] {dag.py:3089} INFO - Sync 1 DAGs
[2025-08-17T01:29:18.435+0000] {logging_mixin.py:188} INFO - [2025-08-17T01:29:18.434+0000] {dag.py:3947} INFO - Setting next_dagrun for example_task_group to 2025-08-16 00:00:00+00:00, run_after=2025-08-17 00:00:00+00:00
[2025-08-17T01:29:18.461+0000] {processor.py:183} INFO - Processing /home/airflow/.local/lib/python3.12/site-packages/airflow/example_dags/example_task_group.py took 0.111 seconds
[2025-08-17T01:29:49.349+0000] {processor.py:161} INFO - Started process (PID=466) to work on /home/airflow/.local/lib/python3.12/site-packages/airflow/example_dags/example_task_group.py
[2025-08-17T01:29:49.351+0000] {processor.py:830} INFO - Processing file /home/airflow/.local/lib/python3.12/site-packages/airflow/example_dags/example_task_group.py for tasks to queue
[2025-08-17T01:29:49.354+0000] {logging_mixin.py:188} INFO - [2025-08-17T01:29:49.353+0000] {dagbag.py:545} INFO - Filling up the DagBag from /home/airflow/.local/lib/python3.12/site-packages/airflow/example_dags/example_task_group.py
[2025-08-17T01:29:49.363+0000] {processor.py:840} INFO - DAG(s) 'example_task_group' retrieved from /home/airflow/.local/lib/python3.12/site-packages/airflow/example_dags/example_task_group.py
[2025-08-17T01:29:49.391+0000] {logging_mixin.py:188} INFO - [2025-08-17T01:29:49.390+0000] {dag.py:3089} INFO - Sync 1 DAGs
[2025-08-17T01:29:49.416+0000] {logging_mixin.py:188} INFO - [2025-08-17T01:29:49.416+0000] {dag.py:3947} INFO - Setting next_dagrun for example_task_group to 2025-08-16 00:00:00+00:00, run_after=2025-08-17 00:00:00+00:00
[2025-08-17T01:29:49.443+0000] {processor.py:183} INFO - Processing /home/airflow/.local/lib/python3.12/site-packages/airflow/example_dags/example_task_group.py took 0.101 seconds
[2025-08-17T01:30:19.945+0000] {processor.py:161} INFO - Started process (PID=525) to work on /home/airflow/.local/lib/python3.12/site-packages/airflow/example_dags/example_task_group.py
[2025-08-17T01:30:19.946+0000] {processor.py:830} INFO - Processing file /home/airflow/.local/lib/python3.12/site-packages/airflow/example_dags/example_task_group.py for tasks to queue
[2025-08-17T01:30:19.949+0000] {logging_mixin.py:188} INFO - [2025-08-17T01:30:19.949+0000] {dagbag.py:545} INFO - Filling up the DagBag from /home/airflow/.local/lib/python3.12/site-packages/airflow/example_dags/example_task_group.py
[2025-08-17T01:30:19.956+0000] {processor.py:840} INFO - DAG(s) 'example_task_group' retrieved from /home/airflow/.local/lib/python3.12/site-packages/airflow/example_dags/example_task_group.py
[2025-08-17T01:30:19.981+0000] {logging_mixin.py:188} INFO - [2025-08-17T01:30:19.980+0000] {dag.py:3089} INFO - Sync 1 DAGs
[2025-08-17T01:30:20.003+0000] {logging_mixin.py:188} INFO - [2025-08-17T01:30:20.003+0000] {dag.py:3947} INFO - Setting next_dagrun for example_task_group to 2025-08-16 00:00:00+00:00, run_after=2025-08-17 00:00:00+00:00
[2025-08-17T01:30:20.022+0000] {processor.py:183} INFO - Processing /home/airflow/.local/lib/python3.12/site-packages/airflow/example_dags/example_task_group.py took 0.084 seconds
[2025-08-17T01:30:50.353+0000] {processor.py:161} INFO - Started process (PID=584) to work on /home/airflow/.local/lib/python3.12/site-packages/airflow/example_dags/example_task_group.py
[2025-08-17T01:30:50.354+0000] {processor.py:830} INFO - Processing file /home/airflow/.local/lib/python3.12/site-packages/airflow/example_dags/example_task_group.py for tasks to queue
[2025-08-17T01:30:50.357+0000] {logging_mixin.py:188} INFO - [2025-08-17T01:30:50.356+0000] {dagbag.py:545} INFO - Filling up the DagBag from /home/airflow/.local/lib/python3.12/site-packages/airflow/example_dags/example_task_group.py
[2025-08-17T01:30:50.365+0000] {processor.py:840} INFO - DAG(s) 'example_task_group' retrieved from /home/airflow/.local/lib/python3.12/site-packages/airflow/example_dags/example_task_group.py
[2025-08-17T01:30:50.390+0000] {logging_mixin.py:188} INFO - [2025-08-17T01:30:50.390+0000] {dag.py:3089} INFO - Sync 1 DAGs
[2025-08-17T01:30:50.414+0000] {logging_mixin.py:188} INFO - [2025-08-17T01:30:50.414+0000] {dag.py:3947} INFO - Setting next_dagrun for example_task_group to 2025-08-16 00:00:00+00:00, run_after=2025-08-17 00:00:00+00:00
[2025-08-17T01:30:50.436+0000] {processor.py:183} INFO - Processing /home/airflow/.local/lib/python3.12/site-packages/airflow/example_dags/example_task_group.py took 0.090 seconds
[2025-08-17T01:31:20.805+0000] {processor.py:161} INFO - Started process (PID=643) to work on /home/airflow/.local/lib/python3.12/site-packages/airflow/example_dags/example_task_group.py
[2025-08-17T01:31:20.806+0000] {processor.py:830} INFO - Processing file /home/airflow/.local/lib/python3.12/site-packages/airflow/example_dags/example_task_group.py for tasks to queue
[2025-08-17T01:31:20.809+0000] {logging_mixin.py:188} INFO - [2025-08-17T01:31:20.808+0000] {dagbag.py:545} INFO - Filling up the DagBag from /home/airflow/.local/lib/python3.12/site-packages/airflow/example_dags/example_task_group.py
[2025-08-17T01:31:20.817+0000] {processor.py:840} INFO - DAG(s) 'example_task_group' retrieved from /home/airflow/.local/lib/python3.12/site-packages/airflow/example_dags/example_task_group.py
[2025-08-17T01:31:20.843+0000] {logging_mixin.py:188} INFO - [2025-08-17T01:31:20.842+0000] {dag.py:3089} INFO - Sync 1 DAGs
[2025-08-17T01:31:20.866+0000] {logging_mixin.py:188} INFO - [2025-08-17T01:31:20.866+0000] {dag.py:3947} INFO - Setting next_dagrun for example_task_group to 2025-08-16 00:00:00+00:00, run_after=2025-08-17 00:00:00+00:00
[2025-08-17T01:31:20.891+0000] {processor.py:183} INFO - Processing /home/airflow/.local/lib/python3.12/site-packages/airflow/example_dags/example_task_group.py took 0.092 seconds
[2025-08-17T01:31:51.654+0000] {processor.py:161} INFO - Started process (PID=705) to work on /home/airflow/.local/lib/python3.12/site-packages/airflow/example_dags/example_task_group.py
[2025-08-17T01:31:51.655+0000] {processor.py:830} INFO - Processing file /home/airflow/.local/lib/python3.12/site-packages/airflow/example_dags/example_task_group.py for tasks to queue
[2025-08-17T01:31:51.658+0000] {logging_mixin.py:188} INFO - [2025-08-17T01:31:51.657+0000] {dagbag.py:545} INFO - Filling up the DagBag from /home/airflow/.local/lib/python3.12/site-packages/airflow/example_dags/example_task_group.py
[2025-08-17T01:31:51.665+0000] {processor.py:840} INFO - DAG(s) 'example_task_group' retrieved from /home/airflow/.local/lib/python3.12/site-packages/airflow/example_dags/example_task_group.py
[2025-08-17T01:31:51.691+0000] {logging_mixin.py:188} INFO - [2025-08-17T01:31:51.691+0000] {dag.py:3089} INFO - Sync 1 DAGs
[2025-08-17T01:31:51.713+0000] {logging_mixin.py:188} INFO - [2025-08-17T01:31:51.713+0000] {dag.py:3947} INFO - Setting next_dagrun for example_task_group to 2025-08-16 00:00:00+00:00, run_after=2025-08-17 00:00:00+00:00
[2025-08-17T01:31:51.733+0000] {processor.py:183} INFO - Processing /home/airflow/.local/lib/python3.12/site-packages/airflow/example_dags/example_task_group.py took 0.085 seconds
