[2025-08-17T00:53:32.905+0000] {processor.py:161} INFO - Started process (PID=72) to work on /home/airflow/.local/lib/python3.12/site-packages/airflow/example_dags/example_latest_only.py
[2025-08-17T00:53:32.907+0000] {processor.py:830} INFO - Processing file /home/airflow/.local/lib/python3.12/site-packages/airflow/example_dags/example_latest_only.py for tasks to queue
[2025-08-17T00:53:32.913+0000] {logging_mixin.py:188} INFO - [2025-08-17T00:53:32.913+0000] {dagbag.py:545} INFO - Filling up the DagBag from /home/airflow/.local/lib/python3.12/site-packages/airflow/example_dags/example_latest_only.py
[2025-08-17T00:53:32.929+0000] {processor.py:840} INFO - DAG(s) 'latest_only' retrieved from /home/airflow/.local/lib/python3.12/site-packages/airflow/example_dags/example_latest_only.py
[2025-08-17T00:53:33.084+0000] {logging_mixin.py:188} INFO - [2025-08-17T00:53:33.084+0000] {dag.py:3089} INFO - Sync 1 DAGs
[2025-08-17T00:53:33.111+0000] {logging_mixin.py:188} INFO - [2025-08-17T00:53:33.111+0000] {dag.py:3947} INFO - Setting next_dagrun for latest_only to 2025-08-16 20:00:00+00:00, run_after=2025-08-17 00:00:00+00:00
[2025-08-17T00:53:33.139+0000] {processor.py:183} INFO - Processing /home/airflow/.local/lib/python3.12/site-packages/airflow/example_dags/example_latest_only.py took 0.242 seconds
[2025-08-17T00:54:03.335+0000] {processor.py:161} INFO - Started process (PID=131) to work on /home/airflow/.local/lib/python3.12/site-packages/airflow/example_dags/example_latest_only.py
[2025-08-17T00:54:03.337+0000] {processor.py:830} INFO - Processing file /home/airflow/.local/lib/python3.12/site-packages/airflow/example_dags/example_latest_only.py for tasks to queue
[2025-08-17T00:54:03.340+0000] {logging_mixin.py:188} INFO - [2025-08-17T00:54:03.339+0000] {dagbag.py:545} INFO - Filling up the DagBag from /home/airflow/.local/lib/python3.12/site-packages/airflow/example_dags/example_latest_only.py
[2025-08-17T00:54:03.344+0000] {processor.py:840} INFO - DAG(s) 'latest_only' retrieved from /home/airflow/.local/lib/python3.12/site-packages/airflow/example_dags/example_latest_only.py
[2025-08-17T00:54:03.365+0000] {logging_mixin.py:188} INFO - [2025-08-17T00:54:03.365+0000] {dag.py:3089} INFO - Sync 1 DAGs
[2025-08-17T00:54:03.387+0000] {logging_mixin.py:188} INFO - [2025-08-17T00:54:03.387+0000] {dag.py:3947} INFO - Setting next_dagrun for latest_only to 2025-08-16 20:00:00+00:00, run_after=2025-08-17 00:00:00+00:00
[2025-08-17T00:54:03.405+0000] {processor.py:183} INFO - Processing /home/airflow/.local/lib/python3.12/site-packages/airflow/example_dags/example_latest_only.py took 0.076 seconds
[2025-08-17T00:54:33.493+0000] {processor.py:161} INFO - Started process (PID=189) to work on /home/airflow/.local/lib/python3.12/site-packages/airflow/example_dags/example_latest_only.py
[2025-08-17T00:54:33.494+0000] {processor.py:830} INFO - Processing file /home/airflow/.local/lib/python3.12/site-packages/airflow/example_dags/example_latest_only.py for tasks to queue
[2025-08-17T00:54:33.496+0000] {logging_mixin.py:188} INFO - [2025-08-17T00:54:33.496+0000] {dagbag.py:545} INFO - Filling up the DagBag from /home/airflow/.local/lib/python3.12/site-packages/airflow/example_dags/example_latest_only.py
[2025-08-17T00:54:33.502+0000] {processor.py:840} INFO - DAG(s) 'latest_only' retrieved from /home/airflow/.local/lib/python3.12/site-packages/airflow/example_dags/example_latest_only.py
[2025-08-17T00:54:33.523+0000] {logging_mixin.py:188} INFO - [2025-08-17T00:54:33.522+0000] {dag.py:3089} INFO - Sync 1 DAGs
[2025-08-17T00:54:33.552+0000] {logging_mixin.py:188} INFO - [2025-08-17T00:54:33.551+0000] {dag.py:3947} INFO - Setting next_dagrun for latest_only to 2025-08-16 20:00:00+00:00, run_after=2025-08-17 00:00:00+00:00
[2025-08-17T00:54:33.572+0000] {processor.py:183} INFO - Processing /home/airflow/.local/lib/python3.12/site-packages/airflow/example_dags/example_latest_only.py took 0.084 seconds
[2025-08-17T00:55:03.995+0000] {processor.py:161} INFO - Started process (PID=253) to work on /home/airflow/.local/lib/python3.12/site-packages/airflow/example_dags/example_latest_only.py
[2025-08-17T00:55:03.996+0000] {processor.py:830} INFO - Processing file /home/airflow/.local/lib/python3.12/site-packages/airflow/example_dags/example_latest_only.py for tasks to queue
[2025-08-17T00:55:03.999+0000] {logging_mixin.py:188} INFO - [2025-08-17T00:55:03.999+0000] {dagbag.py:545} INFO - Filling up the DagBag from /home/airflow/.local/lib/python3.12/site-packages/airflow/example_dags/example_latest_only.py
[2025-08-17T00:55:04.005+0000] {processor.py:840} INFO - DAG(s) 'latest_only' retrieved from /home/airflow/.local/lib/python3.12/site-packages/airflow/example_dags/example_latest_only.py
[2025-08-17T00:55:04.030+0000] {logging_mixin.py:188} INFO - [2025-08-17T00:55:04.030+0000] {dag.py:3089} INFO - Sync 1 DAGs
[2025-08-17T00:55:04.054+0000] {logging_mixin.py:188} INFO - [2025-08-17T00:55:04.054+0000] {dag.py:3947} INFO - Setting next_dagrun for latest_only to 2025-08-16 20:00:00+00:00, run_after=2025-08-17 00:00:00+00:00
[2025-08-17T00:55:04.074+0000] {processor.py:183} INFO - Processing /home/airflow/.local/lib/python3.12/site-packages/airflow/example_dags/example_latest_only.py took 0.088 seconds
[2025-08-17T00:55:34.771+0000] {processor.py:161} INFO - Started process (PID=312) to work on /home/airflow/.local/lib/python3.12/site-packages/airflow/example_dags/example_latest_only.py
[2025-08-17T00:55:34.772+0000] {processor.py:830} INFO - Processing file /home/airflow/.local/lib/python3.12/site-packages/airflow/example_dags/example_latest_only.py for tasks to queue
[2025-08-17T00:55:34.774+0000] {logging_mixin.py:188} INFO - [2025-08-17T00:55:34.774+0000] {dagbag.py:545} INFO - Filling up the DagBag from /home/airflow/.local/lib/python3.12/site-packages/airflow/example_dags/example_latest_only.py
[2025-08-17T00:55:34.780+0000] {processor.py:840} INFO - DAG(s) 'latest_only' retrieved from /home/airflow/.local/lib/python3.12/site-packages/airflow/example_dags/example_latest_only.py
[2025-08-17T00:55:34.806+0000] {logging_mixin.py:188} INFO - [2025-08-17T00:55:34.805+0000] {dag.py:3089} INFO - Sync 1 DAGs
[2025-08-17T00:55:34.831+0000] {logging_mixin.py:188} INFO - [2025-08-17T00:55:34.830+0000] {dag.py:3947} INFO - Setting next_dagrun for latest_only to 2025-08-16 20:00:00+00:00, run_after=2025-08-17 00:00:00+00:00
[2025-08-17T00:55:34.853+0000] {processor.py:183} INFO - Processing /home/airflow/.local/lib/python3.12/site-packages/airflow/example_dags/example_latest_only.py took 0.089 seconds
[2025-08-17T00:56:04.958+0000] {processor.py:161} INFO - Started process (PID=370) to work on /home/airflow/.local/lib/python3.12/site-packages/airflow/example_dags/example_latest_only.py
[2025-08-17T00:56:04.960+0000] {processor.py:830} INFO - Processing file /home/airflow/.local/lib/python3.12/site-packages/airflow/example_dags/example_latest_only.py for tasks to queue
[2025-08-17T00:56:04.962+0000] {logging_mixin.py:188} INFO - [2025-08-17T00:56:04.962+0000] {dagbag.py:545} INFO - Filling up the DagBag from /home/airflow/.local/lib/python3.12/site-packages/airflow/example_dags/example_latest_only.py
[2025-08-17T00:56:04.967+0000] {processor.py:840} INFO - DAG(s) 'latest_only' retrieved from /home/airflow/.local/lib/python3.12/site-packages/airflow/example_dags/example_latest_only.py
[2025-08-17T00:56:04.989+0000] {logging_mixin.py:188} INFO - [2025-08-17T00:56:04.989+0000] {dag.py:3089} INFO - Sync 1 DAGs
[2025-08-17T00:56:05.010+0000] {logging_mixin.py:188} INFO - [2025-08-17T00:56:05.010+0000] {dag.py:3947} INFO - Setting next_dagrun for latest_only to 2025-08-16 20:00:00+00:00, run_after=2025-08-17 00:00:00+00:00
[2025-08-17T00:56:05.029+0000] {processor.py:183} INFO - Processing /home/airflow/.local/lib/python3.12/site-packages/airflow/example_dags/example_latest_only.py took 0.077 seconds
[2025-08-17T00:56:35.308+0000] {processor.py:161} INFO - Started process (PID=427) to work on /home/airflow/.local/lib/python3.12/site-packages/airflow/example_dags/example_latest_only.py
[2025-08-17T00:56:35.309+0000] {processor.py:830} INFO - Processing file /home/airflow/.local/lib/python3.12/site-packages/airflow/example_dags/example_latest_only.py for tasks to queue
[2025-08-17T00:56:35.312+0000] {logging_mixin.py:188} INFO - [2025-08-17T00:56:35.312+0000] {dagbag.py:545} INFO - Filling up the DagBag from /home/airflow/.local/lib/python3.12/site-packages/airflow/example_dags/example_latest_only.py
[2025-08-17T00:56:35.317+0000] {processor.py:840} INFO - DAG(s) 'latest_only' retrieved from /home/airflow/.local/lib/python3.12/site-packages/airflow/example_dags/example_latest_only.py
[2025-08-17T00:56:35.338+0000] {logging_mixin.py:188} INFO - [2025-08-17T00:56:35.338+0000] {dag.py:3089} INFO - Sync 1 DAGs
[2025-08-17T00:56:35.358+0000] {logging_mixin.py:188} INFO - [2025-08-17T00:56:35.358+0000] {dag.py:3947} INFO - Setting next_dagrun for latest_only to 2025-08-16 20:00:00+00:00, run_after=2025-08-17 00:00:00+00:00
[2025-08-17T00:56:35.377+0000] {processor.py:183} INFO - Processing /home/airflow/.local/lib/python3.12/site-packages/airflow/example_dags/example_latest_only.py took 0.075 seconds
[2025-08-17T00:57:05.540+0000] {processor.py:161} INFO - Started process (PID=485) to work on /home/airflow/.local/lib/python3.12/site-packages/airflow/example_dags/example_latest_only.py
[2025-08-17T00:57:05.542+0000] {processor.py:830} INFO - Processing file /home/airflow/.local/lib/python3.12/site-packages/airflow/example_dags/example_latest_only.py for tasks to queue
[2025-08-17T00:57:05.544+0000] {logging_mixin.py:188} INFO - [2025-08-17T00:57:05.544+0000] {dagbag.py:545} INFO - Filling up the DagBag from /home/airflow/.local/lib/python3.12/site-packages/airflow/example_dags/example_latest_only.py
[2025-08-17T00:57:05.549+0000] {processor.py:840} INFO - DAG(s) 'latest_only' retrieved from /home/airflow/.local/lib/python3.12/site-packages/airflow/example_dags/example_latest_only.py
[2025-08-17T00:57:05.570+0000] {logging_mixin.py:188} INFO - [2025-08-17T00:57:05.569+0000] {dag.py:3089} INFO - Sync 1 DAGs
[2025-08-17T00:57:05.589+0000] {logging_mixin.py:188} INFO - [2025-08-17T00:57:05.588+0000] {dag.py:3947} INFO - Setting next_dagrun for latest_only to 2025-08-16 20:00:00+00:00, run_after=2025-08-17 00:00:00+00:00
[2025-08-17T00:57:05.605+0000] {processor.py:183} INFO - Processing /home/airflow/.local/lib/python3.12/site-packages/airflow/example_dags/example_latest_only.py took 0.070 seconds
[2025-08-17T00:57:36.100+0000] {processor.py:161} INFO - Started process (PID=543) to work on /home/airflow/.local/lib/python3.12/site-packages/airflow/example_dags/example_latest_only.py
[2025-08-17T00:57:36.102+0000] {processor.py:830} INFO - Processing file /home/airflow/.local/lib/python3.12/site-packages/airflow/example_dags/example_latest_only.py for tasks to queue
[2025-08-17T00:57:36.103+0000] {logging_mixin.py:188} INFO - [2025-08-17T00:57:36.103+0000] {dagbag.py:545} INFO - Filling up the DagBag from /home/airflow/.local/lib/python3.12/site-packages/airflow/example_dags/example_latest_only.py
[2025-08-17T00:57:36.108+0000] {processor.py:840} INFO - DAG(s) 'latest_only' retrieved from /home/airflow/.local/lib/python3.12/site-packages/airflow/example_dags/example_latest_only.py
[2025-08-17T00:57:36.130+0000] {logging_mixin.py:188} INFO - [2025-08-17T00:57:36.129+0000] {dag.py:3089} INFO - Sync 1 DAGs
[2025-08-17T00:57:36.150+0000] {logging_mixin.py:188} INFO - [2025-08-17T00:57:36.150+0000] {dag.py:3947} INFO - Setting next_dagrun for latest_only to 2025-08-16 20:00:00+00:00, run_after=2025-08-17 00:00:00+00:00
[2025-08-17T00:57:36.166+0000] {processor.py:183} INFO - Processing /home/airflow/.local/lib/python3.12/site-packages/airflow/example_dags/example_latest_only.py took 0.071 seconds
[2025-08-17T00:58:06.693+0000] {processor.py:161} INFO - Started process (PID=601) to work on /home/airflow/.local/lib/python3.12/site-packages/airflow/example_dags/example_latest_only.py
[2025-08-17T00:58:06.694+0000] {processor.py:830} INFO - Processing file /home/airflow/.local/lib/python3.12/site-packages/airflow/example_dags/example_latest_only.py for tasks to queue
[2025-08-17T00:58:06.696+0000] {logging_mixin.py:188} INFO - [2025-08-17T00:58:06.696+0000] {dagbag.py:545} INFO - Filling up the DagBag from /home/airflow/.local/lib/python3.12/site-packages/airflow/example_dags/example_latest_only.py
[2025-08-17T00:58:06.701+0000] {processor.py:840} INFO - DAG(s) 'latest_only' retrieved from /home/airflow/.local/lib/python3.12/site-packages/airflow/example_dags/example_latest_only.py
[2025-08-17T00:58:06.724+0000] {logging_mixin.py:188} INFO - [2025-08-17T00:58:06.723+0000] {dag.py:3089} INFO - Sync 1 DAGs
[2025-08-17T00:58:06.744+0000] {logging_mixin.py:188} INFO - [2025-08-17T00:58:06.744+0000] {dag.py:3947} INFO - Setting next_dagrun for latest_only to 2025-08-16 20:00:00+00:00, run_after=2025-08-17 00:00:00+00:00
[2025-08-17T00:58:06.761+0000] {processor.py:183} INFO - Processing /home/airflow/.local/lib/python3.12/site-packages/airflow/example_dags/example_latest_only.py took 0.073 seconds
[2025-08-17T00:58:37.598+0000] {processor.py:161} INFO - Started process (PID=661) to work on /home/airflow/.local/lib/python3.12/site-packages/airflow/example_dags/example_latest_only.py
[2025-08-17T00:58:37.599+0000] {processor.py:830} INFO - Processing file /home/airflow/.local/lib/python3.12/site-packages/airflow/example_dags/example_latest_only.py for tasks to queue
[2025-08-17T00:58:37.602+0000] {logging_mixin.py:188} INFO - [2025-08-17T00:58:37.602+0000] {dagbag.py:545} INFO - Filling up the DagBag from /home/airflow/.local/lib/python3.12/site-packages/airflow/example_dags/example_latest_only.py
[2025-08-17T00:58:37.607+0000] {processor.py:840} INFO - DAG(s) 'latest_only' retrieved from /home/airflow/.local/lib/python3.12/site-packages/airflow/example_dags/example_latest_only.py
[2025-08-17T00:58:37.630+0000] {logging_mixin.py:188} INFO - [2025-08-17T00:58:37.630+0000] {dag.py:3089} INFO - Sync 1 DAGs
[2025-08-17T00:58:37.652+0000] {logging_mixin.py:188} INFO - [2025-08-17T00:58:37.652+0000] {dag.py:3947} INFO - Setting next_dagrun for latest_only to 2025-08-16 20:00:00+00:00, run_after=2025-08-17 00:00:00+00:00
[2025-08-17T00:58:37.669+0000] {processor.py:183} INFO - Processing /home/airflow/.local/lib/python3.12/site-packages/airflow/example_dags/example_latest_only.py took 0.077 seconds
[2025-08-17T00:59:08.375+0000] {processor.py:161} INFO - Started process (PID=720) to work on /home/airflow/.local/lib/python3.12/site-packages/airflow/example_dags/example_latest_only.py
[2025-08-17T00:59:08.376+0000] {processor.py:830} INFO - Processing file /home/airflow/.local/lib/python3.12/site-packages/airflow/example_dags/example_latest_only.py for tasks to queue
[2025-08-17T00:59:08.379+0000] {logging_mixin.py:188} INFO - [2025-08-17T00:59:08.379+0000] {dagbag.py:545} INFO - Filling up the DagBag from /home/airflow/.local/lib/python3.12/site-packages/airflow/example_dags/example_latest_only.py
[2025-08-17T00:59:08.385+0000] {processor.py:840} INFO - DAG(s) 'latest_only' retrieved from /home/airflow/.local/lib/python3.12/site-packages/airflow/example_dags/example_latest_only.py
[2025-08-17T00:59:08.411+0000] {logging_mixin.py:188} INFO - [2025-08-17T00:59:08.411+0000] {dag.py:3089} INFO - Sync 1 DAGs
[2025-08-17T00:59:08.438+0000] {logging_mixin.py:188} INFO - [2025-08-17T00:59:08.437+0000] {dag.py:3947} INFO - Setting next_dagrun for latest_only to 2025-08-16 20:00:00+00:00, run_after=2025-08-17 00:00:00+00:00
[2025-08-17T00:59:08.466+0000] {processor.py:183} INFO - Processing /home/airflow/.local/lib/python3.12/site-packages/airflow/example_dags/example_latest_only.py took 0.099 seconds
[2025-08-17T01:00:10.614+0000] {processor.py:161} INFO - Started process (PID=67) to work on /home/airflow/.local/lib/python3.12/site-packages/airflow/example_dags/example_latest_only.py
[2025-08-17T01:00:10.616+0000] {processor.py:830} INFO - Processing file /home/airflow/.local/lib/python3.12/site-packages/airflow/example_dags/example_latest_only.py for tasks to queue
[2025-08-17T01:00:10.619+0000] {logging_mixin.py:188} INFO - [2025-08-17T01:00:10.619+0000] {dagbag.py:545} INFO - Filling up the DagBag from /home/airflow/.local/lib/python3.12/site-packages/airflow/example_dags/example_latest_only.py
[2025-08-17T01:00:10.630+0000] {processor.py:840} INFO - DAG(s) 'latest_only' retrieved from /home/airflow/.local/lib/python3.12/site-packages/airflow/example_dags/example_latest_only.py
[2025-08-17T01:00:10.652+0000] {logging_mixin.py:188} INFO - [2025-08-17T01:00:10.651+0000] {dag.py:3089} INFO - Sync 1 DAGs
[2025-08-17T01:00:10.683+0000] {logging_mixin.py:188} INFO - [2025-08-17T01:00:10.682+0000] {dag.py:3947} INFO - Setting next_dagrun for latest_only to 2025-08-16 20:00:00+00:00, run_after=2025-08-17 00:00:00+00:00
[2025-08-17T01:00:10.714+0000] {processor.py:183} INFO - Processing /home/airflow/.local/lib/python3.12/site-packages/airflow/example_dags/example_latest_only.py took 0.110 seconds
[2025-08-17T01:01:33.812+0000] {processor.py:161} INFO - Started process (PID=67) to work on /home/airflow/.local/lib/python3.12/site-packages/airflow/example_dags/example_latest_only.py
[2025-08-17T01:01:33.814+0000] {processor.py:830} INFO - Processing file /home/airflow/.local/lib/python3.12/site-packages/airflow/example_dags/example_latest_only.py for tasks to queue
[2025-08-17T01:01:33.818+0000] {logging_mixin.py:188} INFO - [2025-08-17T01:01:33.817+0000] {dagbag.py:545} INFO - Filling up the DagBag from /home/airflow/.local/lib/python3.12/site-packages/airflow/example_dags/example_latest_only.py
[2025-08-17T01:01:33.829+0000] {processor.py:840} INFO - DAG(s) 'latest_only' retrieved from /home/airflow/.local/lib/python3.12/site-packages/airflow/example_dags/example_latest_only.py
[2025-08-17T01:01:33.850+0000] {logging_mixin.py:188} INFO - [2025-08-17T01:01:33.849+0000] {dag.py:3089} INFO - Sync 1 DAGs
[2025-08-17T01:01:33.879+0000] {logging_mixin.py:188} INFO - [2025-08-17T01:01:33.879+0000] {dag.py:3947} INFO - Setting next_dagrun for latest_only to 2025-08-16 20:00:00+00:00, run_after=2025-08-17 00:00:00+00:00
[2025-08-17T01:01:33.902+0000] {processor.py:183} INFO - Processing /home/airflow/.local/lib/python3.12/site-packages/airflow/example_dags/example_latest_only.py took 0.102 seconds
[2025-08-17T01:02:04.273+0000] {processor.py:161} INFO - Started process (PID=126) to work on /home/airflow/.local/lib/python3.12/site-packages/airflow/example_dags/example_latest_only.py
[2025-08-17T01:02:04.274+0000] {processor.py:830} INFO - Processing file /home/airflow/.local/lib/python3.12/site-packages/airflow/example_dags/example_latest_only.py for tasks to queue
[2025-08-17T01:02:04.277+0000] {logging_mixin.py:188} INFO - [2025-08-17T01:02:04.277+0000] {dagbag.py:545} INFO - Filling up the DagBag from /home/airflow/.local/lib/python3.12/site-packages/airflow/example_dags/example_latest_only.py
[2025-08-17T01:02:04.284+0000] {processor.py:840} INFO - DAG(s) 'latest_only' retrieved from /home/airflow/.local/lib/python3.12/site-packages/airflow/example_dags/example_latest_only.py
[2025-08-17T01:02:04.388+0000] {logging_mixin.py:188} INFO - [2025-08-17T01:02:04.388+0000] {dag.py:3089} INFO - Sync 1 DAGs
[2025-08-17T01:02:04.409+0000] {logging_mixin.py:188} INFO - [2025-08-17T01:02:04.409+0000] {dag.py:3947} INFO - Setting next_dagrun for latest_only to 2025-08-16 20:00:00+00:00, run_after=2025-08-17 00:00:00+00:00
[2025-08-17T01:02:04.430+0000] {processor.py:183} INFO - Processing /home/airflow/.local/lib/python3.12/site-packages/airflow/example_dags/example_latest_only.py took 0.163 seconds
[2025-08-17T01:02:34.579+0000] {processor.py:161} INFO - Started process (PID=185) to work on /home/airflow/.local/lib/python3.12/site-packages/airflow/example_dags/example_latest_only.py
[2025-08-17T01:02:34.580+0000] {processor.py:830} INFO - Processing file /home/airflow/.local/lib/python3.12/site-packages/airflow/example_dags/example_latest_only.py for tasks to queue
[2025-08-17T01:02:34.583+0000] {logging_mixin.py:188} INFO - [2025-08-17T01:02:34.582+0000] {dagbag.py:545} INFO - Filling up the DagBag from /home/airflow/.local/lib/python3.12/site-packages/airflow/example_dags/example_latest_only.py
[2025-08-17T01:02:34.589+0000] {processor.py:840} INFO - DAG(s) 'latest_only' retrieved from /home/airflow/.local/lib/python3.12/site-packages/airflow/example_dags/example_latest_only.py
[2025-08-17T01:02:34.616+0000] {logging_mixin.py:188} INFO - [2025-08-17T01:02:34.615+0000] {dag.py:3089} INFO - Sync 1 DAGs
[2025-08-17T01:02:34.640+0000] {logging_mixin.py:188} INFO - [2025-08-17T01:02:34.640+0000] {dag.py:3947} INFO - Setting next_dagrun for latest_only to 2025-08-16 20:00:00+00:00, run_after=2025-08-17 00:00:00+00:00
[2025-08-17T01:02:34.664+0000] {processor.py:183} INFO - Processing /home/airflow/.local/lib/python3.12/site-packages/airflow/example_dags/example_latest_only.py took 0.093 seconds
[2025-08-17T01:03:05.109+0000] {processor.py:161} INFO - Started process (PID=243) to work on /home/airflow/.local/lib/python3.12/site-packages/airflow/example_dags/example_latest_only.py
[2025-08-17T01:03:05.111+0000] {processor.py:830} INFO - Processing file /home/airflow/.local/lib/python3.12/site-packages/airflow/example_dags/example_latest_only.py for tasks to queue
[2025-08-17T01:03:05.114+0000] {logging_mixin.py:188} INFO - [2025-08-17T01:03:05.113+0000] {dagbag.py:545} INFO - Filling up the DagBag from /home/airflow/.local/lib/python3.12/site-packages/airflow/example_dags/example_latest_only.py
[2025-08-17T01:03:05.122+0000] {processor.py:840} INFO - DAG(s) 'latest_only' retrieved from /home/airflow/.local/lib/python3.12/site-packages/airflow/example_dags/example_latest_only.py
[2025-08-17T01:03:05.151+0000] {logging_mixin.py:188} INFO - [2025-08-17T01:03:05.150+0000] {dag.py:3089} INFO - Sync 1 DAGs
[2025-08-17T01:03:05.179+0000] {logging_mixin.py:188} INFO - [2025-08-17T01:03:05.179+0000] {dag.py:3947} INFO - Setting next_dagrun for latest_only to 2025-08-16 20:00:00+00:00, run_after=2025-08-17 00:00:00+00:00
[2025-08-17T01:03:05.205+0000] {processor.py:183} INFO - Processing /home/airflow/.local/lib/python3.12/site-packages/airflow/example_dags/example_latest_only.py took 0.104 seconds
[2025-08-17T01:03:35.313+0000] {processor.py:161} INFO - Started process (PID=302) to work on /home/airflow/.local/lib/python3.12/site-packages/airflow/example_dags/example_latest_only.py
[2025-08-17T01:03:35.314+0000] {processor.py:830} INFO - Processing file /home/airflow/.local/lib/python3.12/site-packages/airflow/example_dags/example_latest_only.py for tasks to queue
[2025-08-17T01:03:35.317+0000] {logging_mixin.py:188} INFO - [2025-08-17T01:03:35.316+0000] {dagbag.py:545} INFO - Filling up the DagBag from /home/airflow/.local/lib/python3.12/site-packages/airflow/example_dags/example_latest_only.py
[2025-08-17T01:03:35.323+0000] {processor.py:840} INFO - DAG(s) 'latest_only' retrieved from /home/airflow/.local/lib/python3.12/site-packages/airflow/example_dags/example_latest_only.py
[2025-08-17T01:03:35.345+0000] {logging_mixin.py:188} INFO - [2025-08-17T01:03:35.344+0000] {dag.py:3089} INFO - Sync 1 DAGs
[2025-08-17T01:03:35.366+0000] {logging_mixin.py:188} INFO - [2025-08-17T01:03:35.366+0000] {dag.py:3947} INFO - Setting next_dagrun for latest_only to 2025-08-16 20:00:00+00:00, run_after=2025-08-17 00:00:00+00:00
[2025-08-17T01:03:35.386+0000] {processor.py:183} INFO - Processing /home/airflow/.local/lib/python3.12/site-packages/airflow/example_dags/example_latest_only.py took 0.079 seconds
[2025-08-17T01:04:05.589+0000] {processor.py:161} INFO - Started process (PID=361) to work on /home/airflow/.local/lib/python3.12/site-packages/airflow/example_dags/example_latest_only.py
[2025-08-17T01:04:05.591+0000] {processor.py:830} INFO - Processing file /home/airflow/.local/lib/python3.12/site-packages/airflow/example_dags/example_latest_only.py for tasks to queue
[2025-08-17T01:04:05.595+0000] {logging_mixin.py:188} INFO - [2025-08-17T01:04:05.594+0000] {dagbag.py:545} INFO - Filling up the DagBag from /home/airflow/.local/lib/python3.12/site-packages/airflow/example_dags/example_latest_only.py
[2025-08-17T01:04:05.604+0000] {processor.py:840} INFO - DAG(s) 'latest_only' retrieved from /home/airflow/.local/lib/python3.12/site-packages/airflow/example_dags/example_latest_only.py
[2025-08-17T01:04:05.636+0000] {logging_mixin.py:188} INFO - [2025-08-17T01:04:05.636+0000] {dag.py:3089} INFO - Sync 1 DAGs
[2025-08-17T01:04:05.667+0000] {logging_mixin.py:188} INFO - [2025-08-17T01:04:05.667+0000] {dag.py:3947} INFO - Setting next_dagrun for latest_only to 2025-08-16 20:00:00+00:00, run_after=2025-08-17 00:00:00+00:00
[2025-08-17T01:04:05.695+0000] {processor.py:183} INFO - Processing /home/airflow/.local/lib/python3.12/site-packages/airflow/example_dags/example_latest_only.py took 0.116 seconds
[2025-08-17T01:04:36.675+0000] {processor.py:161} INFO - Started process (PID=420) to work on /home/airflow/.local/lib/python3.12/site-packages/airflow/example_dags/example_latest_only.py
[2025-08-17T01:04:36.676+0000] {processor.py:830} INFO - Processing file /home/airflow/.local/lib/python3.12/site-packages/airflow/example_dags/example_latest_only.py for tasks to queue
[2025-08-17T01:04:36.679+0000] {logging_mixin.py:188} INFO - [2025-08-17T01:04:36.678+0000] {dagbag.py:545} INFO - Filling up the DagBag from /home/airflow/.local/lib/python3.12/site-packages/airflow/example_dags/example_latest_only.py
[2025-08-17T01:04:36.686+0000] {processor.py:840} INFO - DAG(s) 'latest_only' retrieved from /home/airflow/.local/lib/python3.12/site-packages/airflow/example_dags/example_latest_only.py
[2025-08-17T01:04:36.711+0000] {logging_mixin.py:188} INFO - [2025-08-17T01:04:36.711+0000] {dag.py:3089} INFO - Sync 1 DAGs
[2025-08-17T01:04:36.738+0000] {logging_mixin.py:188} INFO - [2025-08-17T01:04:36.738+0000] {dag.py:3947} INFO - Setting next_dagrun for latest_only to 2025-08-16 20:00:00+00:00, run_after=2025-08-17 00:00:00+00:00
[2025-08-17T01:04:36.763+0000] {processor.py:183} INFO - Processing /home/airflow/.local/lib/python3.12/site-packages/airflow/example_dags/example_latest_only.py took 0.095 seconds
[2025-08-17T01:05:07.130+0000] {processor.py:161} INFO - Started process (PID=479) to work on /home/airflow/.local/lib/python3.12/site-packages/airflow/example_dags/example_latest_only.py
[2025-08-17T01:05:07.131+0000] {processor.py:830} INFO - Processing file /home/airflow/.local/lib/python3.12/site-packages/airflow/example_dags/example_latest_only.py for tasks to queue
[2025-08-17T01:05:07.134+0000] {logging_mixin.py:188} INFO - [2025-08-17T01:05:07.133+0000] {dagbag.py:545} INFO - Filling up the DagBag from /home/airflow/.local/lib/python3.12/site-packages/airflow/example_dags/example_latest_only.py
[2025-08-17T01:05:07.139+0000] {processor.py:840} INFO - DAG(s) 'latest_only' retrieved from /home/airflow/.local/lib/python3.12/site-packages/airflow/example_dags/example_latest_only.py
[2025-08-17T01:05:07.163+0000] {logging_mixin.py:188} INFO - [2025-08-17T01:05:07.162+0000] {dag.py:3089} INFO - Sync 1 DAGs
[2025-08-17T01:05:07.185+0000] {logging_mixin.py:188} INFO - [2025-08-17T01:05:07.185+0000] {dag.py:3947} INFO - Setting next_dagrun for latest_only to 2025-08-16 20:00:00+00:00, run_after=2025-08-17 00:00:00+00:00
[2025-08-17T01:05:07.203+0000] {processor.py:183} INFO - Processing /home/airflow/.local/lib/python3.12/site-packages/airflow/example_dags/example_latest_only.py took 0.080 seconds
[2025-08-17T01:05:37.378+0000] {processor.py:161} INFO - Started process (PID=538) to work on /home/airflow/.local/lib/python3.12/site-packages/airflow/example_dags/example_latest_only.py
[2025-08-17T01:05:37.380+0000] {processor.py:830} INFO - Processing file /home/airflow/.local/lib/python3.12/site-packages/airflow/example_dags/example_latest_only.py for tasks to queue
[2025-08-17T01:05:37.383+0000] {logging_mixin.py:188} INFO - [2025-08-17T01:05:37.382+0000] {dagbag.py:545} INFO - Filling up the DagBag from /home/airflow/.local/lib/python3.12/site-packages/airflow/example_dags/example_latest_only.py
[2025-08-17T01:05:37.389+0000] {processor.py:840} INFO - DAG(s) 'latest_only' retrieved from /home/airflow/.local/lib/python3.12/site-packages/airflow/example_dags/example_latest_only.py
[2025-08-17T01:05:37.413+0000] {logging_mixin.py:188} INFO - [2025-08-17T01:05:37.413+0000] {dag.py:3089} INFO - Sync 1 DAGs
[2025-08-17T01:05:37.435+0000] {logging_mixin.py:188} INFO - [2025-08-17T01:05:37.435+0000] {dag.py:3947} INFO - Setting next_dagrun for latest_only to 2025-08-16 20:00:00+00:00, run_after=2025-08-17 00:00:00+00:00
[2025-08-17T01:05:37.457+0000] {processor.py:183} INFO - Processing /home/airflow/.local/lib/python3.12/site-packages/airflow/example_dags/example_latest_only.py took 0.085 seconds
[2025-08-17T01:06:07.745+0000] {processor.py:161} INFO - Started process (PID=597) to work on /home/airflow/.local/lib/python3.12/site-packages/airflow/example_dags/example_latest_only.py
[2025-08-17T01:06:07.747+0000] {processor.py:830} INFO - Processing file /home/airflow/.local/lib/python3.12/site-packages/airflow/example_dags/example_latest_only.py for tasks to queue
[2025-08-17T01:06:07.749+0000] {logging_mixin.py:188} INFO - [2025-08-17T01:06:07.749+0000] {dagbag.py:545} INFO - Filling up the DagBag from /home/airflow/.local/lib/python3.12/site-packages/airflow/example_dags/example_latest_only.py
[2025-08-17T01:06:07.755+0000] {processor.py:840} INFO - DAG(s) 'latest_only' retrieved from /home/airflow/.local/lib/python3.12/site-packages/airflow/example_dags/example_latest_only.py
[2025-08-17T01:06:07.781+0000] {logging_mixin.py:188} INFO - [2025-08-17T01:06:07.781+0000] {dag.py:3089} INFO - Sync 1 DAGs
[2025-08-17T01:06:07.811+0000] {logging_mixin.py:188} INFO - [2025-08-17T01:06:07.810+0000] {dag.py:3947} INFO - Setting next_dagrun for latest_only to 2025-08-16 20:00:00+00:00, run_after=2025-08-17 00:00:00+00:00
[2025-08-17T01:06:07.836+0000] {processor.py:183} INFO - Processing /home/airflow/.local/lib/python3.12/site-packages/airflow/example_dags/example_latest_only.py took 0.098 seconds
[2025-08-17T01:06:37.981+0000] {processor.py:161} INFO - Started process (PID=656) to work on /home/airflow/.local/lib/python3.12/site-packages/airflow/example_dags/example_latest_only.py
[2025-08-17T01:06:37.982+0000] {processor.py:830} INFO - Processing file /home/airflow/.local/lib/python3.12/site-packages/airflow/example_dags/example_latest_only.py for tasks to queue
[2025-08-17T01:06:37.986+0000] {logging_mixin.py:188} INFO - [2025-08-17T01:06:37.986+0000] {dagbag.py:545} INFO - Filling up the DagBag from /home/airflow/.local/lib/python3.12/site-packages/airflow/example_dags/example_latest_only.py
[2025-08-17T01:06:37.993+0000] {processor.py:840} INFO - DAG(s) 'latest_only' retrieved from /home/airflow/.local/lib/python3.12/site-packages/airflow/example_dags/example_latest_only.py
[2025-08-17T01:06:38.017+0000] {logging_mixin.py:188} INFO - [2025-08-17T01:06:38.017+0000] {dag.py:3089} INFO - Sync 1 DAGs
[2025-08-17T01:06:38.040+0000] {logging_mixin.py:188} INFO - [2025-08-17T01:06:38.040+0000] {dag.py:3947} INFO - Setting next_dagrun for latest_only to 2025-08-16 20:00:00+00:00, run_after=2025-08-17 00:00:00+00:00
[2025-08-17T01:06:38.063+0000] {processor.py:183} INFO - Processing /home/airflow/.local/lib/python3.12/site-packages/airflow/example_dags/example_latest_only.py took 0.090 seconds
[2025-08-17T01:07:08.225+0000] {processor.py:161} INFO - Started process (PID=715) to work on /home/airflow/.local/lib/python3.12/site-packages/airflow/example_dags/example_latest_only.py
[2025-08-17T01:07:08.227+0000] {processor.py:830} INFO - Processing file /home/airflow/.local/lib/python3.12/site-packages/airflow/example_dags/example_latest_only.py for tasks to queue
[2025-08-17T01:07:08.229+0000] {logging_mixin.py:188} INFO - [2025-08-17T01:07:08.229+0000] {dagbag.py:545} INFO - Filling up the DagBag from /home/airflow/.local/lib/python3.12/site-packages/airflow/example_dags/example_latest_only.py
[2025-08-17T01:07:08.236+0000] {processor.py:840} INFO - DAG(s) 'latest_only' retrieved from /home/airflow/.local/lib/python3.12/site-packages/airflow/example_dags/example_latest_only.py
[2025-08-17T01:07:08.262+0000] {logging_mixin.py:188} INFO - [2025-08-17T01:07:08.262+0000] {dag.py:3089} INFO - Sync 1 DAGs
[2025-08-17T01:07:08.295+0000] {logging_mixin.py:188} INFO - [2025-08-17T01:07:08.295+0000] {dag.py:3947} INFO - Setting next_dagrun for latest_only to 2025-08-16 20:00:00+00:00, run_after=2025-08-17 00:00:00+00:00
[2025-08-17T01:07:08.323+0000] {processor.py:183} INFO - Processing /home/airflow/.local/lib/python3.12/site-packages/airflow/example_dags/example_latest_only.py took 0.104 seconds
[2025-08-17T01:07:38.491+0000] {processor.py:161} INFO - Started process (PID=774) to work on /home/airflow/.local/lib/python3.12/site-packages/airflow/example_dags/example_latest_only.py
[2025-08-17T01:07:38.492+0000] {processor.py:830} INFO - Processing file /home/airflow/.local/lib/python3.12/site-packages/airflow/example_dags/example_latest_only.py for tasks to queue
[2025-08-17T01:07:38.495+0000] {logging_mixin.py:188} INFO - [2025-08-17T01:07:38.495+0000] {dagbag.py:545} INFO - Filling up the DagBag from /home/airflow/.local/lib/python3.12/site-packages/airflow/example_dags/example_latest_only.py
[2025-08-17T01:07:38.503+0000] {processor.py:840} INFO - DAG(s) 'latest_only' retrieved from /home/airflow/.local/lib/python3.12/site-packages/airflow/example_dags/example_latest_only.py
[2025-08-17T01:07:38.530+0000] {logging_mixin.py:188} INFO - [2025-08-17T01:07:38.530+0000] {dag.py:3089} INFO - Sync 1 DAGs
[2025-08-17T01:07:38.568+0000] {logging_mixin.py:188} INFO - [2025-08-17T01:07:38.567+0000] {dag.py:3947} INFO - Setting next_dagrun for latest_only to 2025-08-16 20:00:00+00:00, run_after=2025-08-17 00:00:00+00:00
[2025-08-17T01:07:38.615+0000] {processor.py:183} INFO - Processing /home/airflow/.local/lib/python3.12/site-packages/airflow/example_dags/example_latest_only.py took 0.133 seconds
[2025-08-17T01:08:09.404+0000] {processor.py:161} INFO - Started process (PID=840) to work on /home/airflow/.local/lib/python3.12/site-packages/airflow/example_dags/example_latest_only.py
[2025-08-17T01:08:09.406+0000] {processor.py:830} INFO - Processing file /home/airflow/.local/lib/python3.12/site-packages/airflow/example_dags/example_latest_only.py for tasks to queue
[2025-08-17T01:08:09.409+0000] {logging_mixin.py:188} INFO - [2025-08-17T01:08:09.408+0000] {dagbag.py:545} INFO - Filling up the DagBag from /home/airflow/.local/lib/python3.12/site-packages/airflow/example_dags/example_latest_only.py
[2025-08-17T01:08:09.414+0000] {processor.py:840} INFO - DAG(s) 'latest_only' retrieved from /home/airflow/.local/lib/python3.12/site-packages/airflow/example_dags/example_latest_only.py
[2025-08-17T01:08:09.438+0000] {logging_mixin.py:188} INFO - [2025-08-17T01:08:09.438+0000] {dag.py:3089} INFO - Sync 1 DAGs
[2025-08-17T01:08:09.461+0000] {logging_mixin.py:188} INFO - [2025-08-17T01:08:09.461+0000] {dag.py:3947} INFO - Setting next_dagrun for latest_only to 2025-08-16 20:00:00+00:00, run_after=2025-08-17 00:00:00+00:00
[2025-08-17T01:08:09.484+0000] {processor.py:183} INFO - Processing /home/airflow/.local/lib/python3.12/site-packages/airflow/example_dags/example_latest_only.py took 0.086 seconds
[2025-08-17T01:08:40.686+0000] {processor.py:161} INFO - Started process (PID=899) to work on /home/airflow/.local/lib/python3.12/site-packages/airflow/example_dags/example_latest_only.py
[2025-08-17T01:08:40.687+0000] {processor.py:830} INFO - Processing file /home/airflow/.local/lib/python3.12/site-packages/airflow/example_dags/example_latest_only.py for tasks to queue
[2025-08-17T01:08:40.690+0000] {logging_mixin.py:188} INFO - [2025-08-17T01:08:40.690+0000] {dagbag.py:545} INFO - Filling up the DagBag from /home/airflow/.local/lib/python3.12/site-packages/airflow/example_dags/example_latest_only.py
[2025-08-17T01:08:40.696+0000] {processor.py:840} INFO - DAG(s) 'latest_only' retrieved from /home/airflow/.local/lib/python3.12/site-packages/airflow/example_dags/example_latest_only.py
[2025-08-17T01:08:40.719+0000] {logging_mixin.py:188} INFO - [2025-08-17T01:08:40.719+0000] {dag.py:3089} INFO - Sync 1 DAGs
[2025-08-17T01:08:40.743+0000] {logging_mixin.py:188} INFO - [2025-08-17T01:08:40.743+0000] {dag.py:3947} INFO - Setting next_dagrun for latest_only to 2025-08-16 20:00:00+00:00, run_after=2025-08-17 00:00:00+00:00
[2025-08-17T01:08:40.764+0000] {processor.py:183} INFO - Processing /home/airflow/.local/lib/python3.12/site-packages/airflow/example_dags/example_latest_only.py took 0.084 seconds
[2025-08-17T01:09:10.958+0000] {processor.py:161} INFO - Started process (PID=958) to work on /home/airflow/.local/lib/python3.12/site-packages/airflow/example_dags/example_latest_only.py
[2025-08-17T01:09:10.959+0000] {processor.py:830} INFO - Processing file /home/airflow/.local/lib/python3.12/site-packages/airflow/example_dags/example_latest_only.py for tasks to queue
[2025-08-17T01:09:10.962+0000] {logging_mixin.py:188} INFO - [2025-08-17T01:09:10.961+0000] {dagbag.py:545} INFO - Filling up the DagBag from /home/airflow/.local/lib/python3.12/site-packages/airflow/example_dags/example_latest_only.py
[2025-08-17T01:09:10.968+0000] {processor.py:840} INFO - DAG(s) 'latest_only' retrieved from /home/airflow/.local/lib/python3.12/site-packages/airflow/example_dags/example_latest_only.py
[2025-08-17T01:09:10.991+0000] {logging_mixin.py:188} INFO - [2025-08-17T01:09:10.991+0000] {dag.py:3089} INFO - Sync 1 DAGs
[2025-08-17T01:09:11.015+0000] {logging_mixin.py:188} INFO - [2025-08-17T01:09:11.015+0000] {dag.py:3947} INFO - Setting next_dagrun for latest_only to 2025-08-16 20:00:00+00:00, run_after=2025-08-17 00:00:00+00:00
[2025-08-17T01:09:11.042+0000] {processor.py:183} INFO - Processing /home/airflow/.local/lib/python3.12/site-packages/airflow/example_dags/example_latest_only.py took 0.090 seconds
[2025-08-17T01:09:41.289+0000] {processor.py:161} INFO - Started process (PID=1017) to work on /home/airflow/.local/lib/python3.12/site-packages/airflow/example_dags/example_latest_only.py
[2025-08-17T01:09:41.290+0000] {processor.py:830} INFO - Processing file /home/airflow/.local/lib/python3.12/site-packages/airflow/example_dags/example_latest_only.py for tasks to queue
[2025-08-17T01:09:41.292+0000] {logging_mixin.py:188} INFO - [2025-08-17T01:09:41.292+0000] {dagbag.py:545} INFO - Filling up the DagBag from /home/airflow/.local/lib/python3.12/site-packages/airflow/example_dags/example_latest_only.py
[2025-08-17T01:09:41.298+0000] {processor.py:840} INFO - DAG(s) 'latest_only' retrieved from /home/airflow/.local/lib/python3.12/site-packages/airflow/example_dags/example_latest_only.py
[2025-08-17T01:09:41.321+0000] {logging_mixin.py:188} INFO - [2025-08-17T01:09:41.320+0000] {dag.py:3089} INFO - Sync 1 DAGs
[2025-08-17T01:09:41.345+0000] {logging_mixin.py:188} INFO - [2025-08-17T01:09:41.345+0000] {dag.py:3947} INFO - Setting next_dagrun for latest_only to 2025-08-16 20:00:00+00:00, run_after=2025-08-17 00:00:00+00:00
[2025-08-17T01:09:41.367+0000] {processor.py:183} INFO - Processing /home/airflow/.local/lib/python3.12/site-packages/airflow/example_dags/example_latest_only.py took 0.084 seconds
[2025-08-17T01:10:11.542+0000] {processor.py:161} INFO - Started process (PID=1077) to work on /home/airflow/.local/lib/python3.12/site-packages/airflow/example_dags/example_latest_only.py
[2025-08-17T01:10:11.543+0000] {processor.py:830} INFO - Processing file /home/airflow/.local/lib/python3.12/site-packages/airflow/example_dags/example_latest_only.py for tasks to queue
[2025-08-17T01:10:11.546+0000] {logging_mixin.py:188} INFO - [2025-08-17T01:10:11.546+0000] {dagbag.py:545} INFO - Filling up the DagBag from /home/airflow/.local/lib/python3.12/site-packages/airflow/example_dags/example_latest_only.py
[2025-08-17T01:10:11.552+0000] {processor.py:840} INFO - DAG(s) 'latest_only' retrieved from /home/airflow/.local/lib/python3.12/site-packages/airflow/example_dags/example_latest_only.py
[2025-08-17T01:10:11.574+0000] {logging_mixin.py:188} INFO - [2025-08-17T01:10:11.574+0000] {dag.py:3089} INFO - Sync 1 DAGs
[2025-08-17T01:10:11.593+0000] {logging_mixin.py:188} INFO - [2025-08-17T01:10:11.593+0000] {dag.py:3947} INFO - Setting next_dagrun for latest_only to 2025-08-16 20:00:00+00:00, run_after=2025-08-17 00:00:00+00:00
[2025-08-17T01:10:11.613+0000] {processor.py:183} INFO - Processing /home/airflow/.local/lib/python3.12/site-packages/airflow/example_dags/example_latest_only.py took 0.077 seconds
[2025-08-17T01:10:42.040+0000] {processor.py:161} INFO - Started process (PID=1136) to work on /home/airflow/.local/lib/python3.12/site-packages/airflow/example_dags/example_latest_only.py
[2025-08-17T01:10:42.041+0000] {processor.py:830} INFO - Processing file /home/airflow/.local/lib/python3.12/site-packages/airflow/example_dags/example_latest_only.py for tasks to queue
[2025-08-17T01:10:42.044+0000] {logging_mixin.py:188} INFO - [2025-08-17T01:10:42.044+0000] {dagbag.py:545} INFO - Filling up the DagBag from /home/airflow/.local/lib/python3.12/site-packages/airflow/example_dags/example_latest_only.py
[2025-08-17T01:10:42.049+0000] {processor.py:840} INFO - DAG(s) 'latest_only' retrieved from /home/airflow/.local/lib/python3.12/site-packages/airflow/example_dags/example_latest_only.py
[2025-08-17T01:10:42.074+0000] {logging_mixin.py:188} INFO - [2025-08-17T01:10:42.074+0000] {dag.py:3089} INFO - Sync 1 DAGs
[2025-08-17T01:10:42.096+0000] {logging_mixin.py:188} INFO - [2025-08-17T01:10:42.096+0000] {dag.py:3947} INFO - Setting next_dagrun for latest_only to 2025-08-16 20:00:00+00:00, run_after=2025-08-17 00:00:00+00:00
[2025-08-17T01:10:42.117+0000] {processor.py:183} INFO - Processing /home/airflow/.local/lib/python3.12/site-packages/airflow/example_dags/example_latest_only.py took 0.083 seconds
[2025-08-17T01:11:12.478+0000] {processor.py:161} INFO - Started process (PID=1195) to work on /home/airflow/.local/lib/python3.12/site-packages/airflow/example_dags/example_latest_only.py
[2025-08-17T01:11:12.480+0000] {processor.py:830} INFO - Processing file /home/airflow/.local/lib/python3.12/site-packages/airflow/example_dags/example_latest_only.py for tasks to queue
[2025-08-17T01:11:12.483+0000] {logging_mixin.py:188} INFO - [2025-08-17T01:11:12.483+0000] {dagbag.py:545} INFO - Filling up the DagBag from /home/airflow/.local/lib/python3.12/site-packages/airflow/example_dags/example_latest_only.py
[2025-08-17T01:11:12.490+0000] {processor.py:840} INFO - DAG(s) 'latest_only' retrieved from /home/airflow/.local/lib/python3.12/site-packages/airflow/example_dags/example_latest_only.py
[2025-08-17T01:11:12.522+0000] {logging_mixin.py:188} INFO - [2025-08-17T01:11:12.521+0000] {dag.py:3089} INFO - Sync 1 DAGs
[2025-08-17T01:11:12.552+0000] {logging_mixin.py:188} INFO - [2025-08-17T01:11:12.552+0000] {dag.py:3947} INFO - Setting next_dagrun for latest_only to 2025-08-16 20:00:00+00:00, run_after=2025-08-17 00:00:00+00:00
[2025-08-17T01:11:12.577+0000] {processor.py:183} INFO - Processing /home/airflow/.local/lib/python3.12/site-packages/airflow/example_dags/example_latest_only.py took 0.108 seconds
[2025-08-17T01:11:43.037+0000] {processor.py:161} INFO - Started process (PID=1254) to work on /home/airflow/.local/lib/python3.12/site-packages/airflow/example_dags/example_latest_only.py
[2025-08-17T01:11:43.038+0000] {processor.py:830} INFO - Processing file /home/airflow/.local/lib/python3.12/site-packages/airflow/example_dags/example_latest_only.py for tasks to queue
[2025-08-17T01:11:43.041+0000] {logging_mixin.py:188} INFO - [2025-08-17T01:11:43.040+0000] {dagbag.py:545} INFO - Filling up the DagBag from /home/airflow/.local/lib/python3.12/site-packages/airflow/example_dags/example_latest_only.py
[2025-08-17T01:11:43.046+0000] {processor.py:840} INFO - DAG(s) 'latest_only' retrieved from /home/airflow/.local/lib/python3.12/site-packages/airflow/example_dags/example_latest_only.py
[2025-08-17T01:11:43.069+0000] {logging_mixin.py:188} INFO - [2025-08-17T01:11:43.069+0000] {dag.py:3089} INFO - Sync 1 DAGs
[2025-08-17T01:11:43.091+0000] {logging_mixin.py:188} INFO - [2025-08-17T01:11:43.091+0000] {dag.py:3947} INFO - Setting next_dagrun for latest_only to 2025-08-16 20:00:00+00:00, run_after=2025-08-17 00:00:00+00:00
[2025-08-17T01:11:43.111+0000] {processor.py:183} INFO - Processing /home/airflow/.local/lib/python3.12/site-packages/airflow/example_dags/example_latest_only.py took 0.080 seconds
[2025-08-17T01:12:13.304+0000] {processor.py:161} INFO - Started process (PID=1313) to work on /home/airflow/.local/lib/python3.12/site-packages/airflow/example_dags/example_latest_only.py
[2025-08-17T01:12:13.305+0000] {processor.py:830} INFO - Processing file /home/airflow/.local/lib/python3.12/site-packages/airflow/example_dags/example_latest_only.py for tasks to queue
[2025-08-17T01:12:13.308+0000] {logging_mixin.py:188} INFO - [2025-08-17T01:12:13.308+0000] {dagbag.py:545} INFO - Filling up the DagBag from /home/airflow/.local/lib/python3.12/site-packages/airflow/example_dags/example_latest_only.py
[2025-08-17T01:12:13.315+0000] {processor.py:840} INFO - DAG(s) 'latest_only' retrieved from /home/airflow/.local/lib/python3.12/site-packages/airflow/example_dags/example_latest_only.py
[2025-08-17T01:12:13.340+0000] {logging_mixin.py:188} INFO - [2025-08-17T01:12:13.340+0000] {dag.py:3089} INFO - Sync 1 DAGs
[2025-08-17T01:12:13.370+0000] {logging_mixin.py:188} INFO - [2025-08-17T01:12:13.369+0000] {dag.py:3947} INFO - Setting next_dagrun for latest_only to 2025-08-16 20:00:00+00:00, run_after=2025-08-17 00:00:00+00:00
[2025-08-17T01:12:13.400+0000] {processor.py:183} INFO - Processing /home/airflow/.local/lib/python3.12/site-packages/airflow/example_dags/example_latest_only.py took 0.102 seconds
[2025-08-17T01:12:43.909+0000] {processor.py:161} INFO - Started process (PID=1372) to work on /home/airflow/.local/lib/python3.12/site-packages/airflow/example_dags/example_latest_only.py
[2025-08-17T01:12:43.910+0000] {processor.py:830} INFO - Processing file /home/airflow/.local/lib/python3.12/site-packages/airflow/example_dags/example_latest_only.py for tasks to queue
[2025-08-17T01:12:43.913+0000] {logging_mixin.py:188} INFO - [2025-08-17T01:12:43.913+0000] {dagbag.py:545} INFO - Filling up the DagBag from /home/airflow/.local/lib/python3.12/site-packages/airflow/example_dags/example_latest_only.py
[2025-08-17T01:12:43.919+0000] {processor.py:840} INFO - DAG(s) 'latest_only' retrieved from /home/airflow/.local/lib/python3.12/site-packages/airflow/example_dags/example_latest_only.py
[2025-08-17T01:12:43.942+0000] {logging_mixin.py:188} INFO - [2025-08-17T01:12:43.942+0000] {dag.py:3089} INFO - Sync 1 DAGs
[2025-08-17T01:12:43.965+0000] {logging_mixin.py:188} INFO - [2025-08-17T01:12:43.964+0000] {dag.py:3947} INFO - Setting next_dagrun for latest_only to 2025-08-16 20:00:00+00:00, run_after=2025-08-17 00:00:00+00:00
[2025-08-17T01:12:43.987+0000] {processor.py:183} INFO - Processing /home/airflow/.local/lib/python3.12/site-packages/airflow/example_dags/example_latest_only.py took 0.084 seconds
[2025-08-17T01:13:14.402+0000] {processor.py:161} INFO - Started process (PID=1432) to work on /home/airflow/.local/lib/python3.12/site-packages/airflow/example_dags/example_latest_only.py
[2025-08-17T01:13:14.404+0000] {processor.py:830} INFO - Processing file /home/airflow/.local/lib/python3.12/site-packages/airflow/example_dags/example_latest_only.py for tasks to queue
[2025-08-17T01:13:14.407+0000] {logging_mixin.py:188} INFO - [2025-08-17T01:13:14.406+0000] {dagbag.py:545} INFO - Filling up the DagBag from /home/airflow/.local/lib/python3.12/site-packages/airflow/example_dags/example_latest_only.py
[2025-08-17T01:13:14.413+0000] {processor.py:840} INFO - DAG(s) 'latest_only' retrieved from /home/airflow/.local/lib/python3.12/site-packages/airflow/example_dags/example_latest_only.py
[2025-08-17T01:13:14.441+0000] {logging_mixin.py:188} INFO - [2025-08-17T01:13:14.441+0000] {dag.py:3089} INFO - Sync 1 DAGs
[2025-08-17T01:13:14.470+0000] {logging_mixin.py:188} INFO - [2025-08-17T01:13:14.469+0000] {dag.py:3947} INFO - Setting next_dagrun for latest_only to 2025-08-16 20:00:00+00:00, run_after=2025-08-17 00:00:00+00:00
[2025-08-17T01:13:14.495+0000] {processor.py:183} INFO - Processing /home/airflow/.local/lib/python3.12/site-packages/airflow/example_dags/example_latest_only.py took 0.101 seconds
[2025-08-17T01:13:44.812+0000] {processor.py:161} INFO - Started process (PID=1491) to work on /home/airflow/.local/lib/python3.12/site-packages/airflow/example_dags/example_latest_only.py
[2025-08-17T01:13:44.814+0000] {processor.py:830} INFO - Processing file /home/airflow/.local/lib/python3.12/site-packages/airflow/example_dags/example_latest_only.py for tasks to queue
[2025-08-17T01:13:44.816+0000] {logging_mixin.py:188} INFO - [2025-08-17T01:13:44.816+0000] {dagbag.py:545} INFO - Filling up the DagBag from /home/airflow/.local/lib/python3.12/site-packages/airflow/example_dags/example_latest_only.py
[2025-08-17T01:13:44.823+0000] {processor.py:840} INFO - DAG(s) 'latest_only' retrieved from /home/airflow/.local/lib/python3.12/site-packages/airflow/example_dags/example_latest_only.py
[2025-08-17T01:13:44.846+0000] {logging_mixin.py:188} INFO - [2025-08-17T01:13:44.846+0000] {dag.py:3089} INFO - Sync 1 DAGs
[2025-08-17T01:13:44.870+0000] {logging_mixin.py:188} INFO - [2025-08-17T01:13:44.870+0000] {dag.py:3947} INFO - Setting next_dagrun for latest_only to 2025-08-16 20:00:00+00:00, run_after=2025-08-17 00:00:00+00:00
[2025-08-17T01:13:44.893+0000] {processor.py:183} INFO - Processing /home/airflow/.local/lib/python3.12/site-packages/airflow/example_dags/example_latest_only.py took 0.086 seconds
[2025-08-17T01:14:15.425+0000] {processor.py:161} INFO - Started process (PID=1550) to work on /home/airflow/.local/lib/python3.12/site-packages/airflow/example_dags/example_latest_only.py
[2025-08-17T01:14:15.427+0000] {processor.py:830} INFO - Processing file /home/airflow/.local/lib/python3.12/site-packages/airflow/example_dags/example_latest_only.py for tasks to queue
[2025-08-17T01:14:15.429+0000] {logging_mixin.py:188} INFO - [2025-08-17T01:14:15.429+0000] {dagbag.py:545} INFO - Filling up the DagBag from /home/airflow/.local/lib/python3.12/site-packages/airflow/example_dags/example_latest_only.py
[2025-08-17T01:14:15.435+0000] {processor.py:840} INFO - DAG(s) 'latest_only' retrieved from /home/airflow/.local/lib/python3.12/site-packages/airflow/example_dags/example_latest_only.py
[2025-08-17T01:14:15.459+0000] {logging_mixin.py:188} INFO - [2025-08-17T01:14:15.459+0000] {dag.py:3089} INFO - Sync 1 DAGs
[2025-08-17T01:14:15.481+0000] {logging_mixin.py:188} INFO - [2025-08-17T01:14:15.481+0000] {dag.py:3947} INFO - Setting next_dagrun for latest_only to 2025-08-16 20:00:00+00:00, run_after=2025-08-17 00:00:00+00:00
[2025-08-17T01:14:15.503+0000] {processor.py:183} INFO - Processing /home/airflow/.local/lib/python3.12/site-packages/airflow/example_dags/example_latest_only.py took 0.084 seconds
[2025-08-17T01:14:46.065+0000] {processor.py:161} INFO - Started process (PID=1609) to work on /home/airflow/.local/lib/python3.12/site-packages/airflow/example_dags/example_latest_only.py
[2025-08-17T01:14:46.067+0000] {processor.py:830} INFO - Processing file /home/airflow/.local/lib/python3.12/site-packages/airflow/example_dags/example_latest_only.py for tasks to queue
[2025-08-17T01:14:46.069+0000] {logging_mixin.py:188} INFO - [2025-08-17T01:14:46.069+0000] {dagbag.py:545} INFO - Filling up the DagBag from /home/airflow/.local/lib/python3.12/site-packages/airflow/example_dags/example_latest_only.py
[2025-08-17T01:14:46.075+0000] {processor.py:840} INFO - DAG(s) 'latest_only' retrieved from /home/airflow/.local/lib/python3.12/site-packages/airflow/example_dags/example_latest_only.py
[2025-08-17T01:14:46.100+0000] {logging_mixin.py:188} INFO - [2025-08-17T01:14:46.100+0000] {dag.py:3089} INFO - Sync 1 DAGs
[2025-08-17T01:14:46.123+0000] {logging_mixin.py:188} INFO - [2025-08-17T01:14:46.123+0000] {dag.py:3947} INFO - Setting next_dagrun for latest_only to 2025-08-16 20:00:00+00:00, run_after=2025-08-17 00:00:00+00:00
[2025-08-17T01:14:46.147+0000] {processor.py:183} INFO - Processing /home/airflow/.local/lib/python3.12/site-packages/airflow/example_dags/example_latest_only.py took 0.087 seconds
[2025-08-17T01:15:16.962+0000] {processor.py:161} INFO - Started process (PID=1668) to work on /home/airflow/.local/lib/python3.12/site-packages/airflow/example_dags/example_latest_only.py
[2025-08-17T01:15:16.964+0000] {processor.py:830} INFO - Processing file /home/airflow/.local/lib/python3.12/site-packages/airflow/example_dags/example_latest_only.py for tasks to queue
[2025-08-17T01:15:16.967+0000] {logging_mixin.py:188} INFO - [2025-08-17T01:15:16.966+0000] {dagbag.py:545} INFO - Filling up the DagBag from /home/airflow/.local/lib/python3.12/site-packages/airflow/example_dags/example_latest_only.py
[2025-08-17T01:15:16.973+0000] {processor.py:840} INFO - DAG(s) 'latest_only' retrieved from /home/airflow/.local/lib/python3.12/site-packages/airflow/example_dags/example_latest_only.py
[2025-08-17T01:15:16.996+0000] {logging_mixin.py:188} INFO - [2025-08-17T01:15:16.996+0000] {dag.py:3089} INFO - Sync 1 DAGs
[2025-08-17T01:15:17.021+0000] {logging_mixin.py:188} INFO - [2025-08-17T01:15:17.020+0000] {dag.py:3947} INFO - Setting next_dagrun for latest_only to 2025-08-16 20:00:00+00:00, run_after=2025-08-17 00:00:00+00:00
[2025-08-17T01:15:17.219+0000] {processor.py:183} INFO - Processing /home/airflow/.local/lib/python3.12/site-packages/airflow/example_dags/example_latest_only.py took 0.263 seconds
[2025-08-17T01:15:47.941+0000] {processor.py:161} INFO - Started process (PID=1727) to work on /home/airflow/.local/lib/python3.12/site-packages/airflow/example_dags/example_latest_only.py
[2025-08-17T01:15:47.943+0000] {processor.py:830} INFO - Processing file /home/airflow/.local/lib/python3.12/site-packages/airflow/example_dags/example_latest_only.py for tasks to queue
[2025-08-17T01:15:47.945+0000] {logging_mixin.py:188} INFO - [2025-08-17T01:15:47.945+0000] {dagbag.py:545} INFO - Filling up the DagBag from /home/airflow/.local/lib/python3.12/site-packages/airflow/example_dags/example_latest_only.py
[2025-08-17T01:15:47.950+0000] {processor.py:840} INFO - DAG(s) 'latest_only' retrieved from /home/airflow/.local/lib/python3.12/site-packages/airflow/example_dags/example_latest_only.py
[2025-08-17T01:15:47.975+0000] {logging_mixin.py:188} INFO - [2025-08-17T01:15:47.974+0000] {dag.py:3089} INFO - Sync 1 DAGs
[2025-08-17T01:15:47.996+0000] {logging_mixin.py:188} INFO - [2025-08-17T01:15:47.996+0000] {dag.py:3947} INFO - Setting next_dagrun for latest_only to 2025-08-16 20:00:00+00:00, run_after=2025-08-17 00:00:00+00:00
[2025-08-17T01:15:48.209+0000] {processor.py:183} INFO - Processing /home/airflow/.local/lib/python3.12/site-packages/airflow/example_dags/example_latest_only.py took 0.273 seconds
[2025-08-17T01:16:18.881+0000] {processor.py:161} INFO - Started process (PID=1786) to work on /home/airflow/.local/lib/python3.12/site-packages/airflow/example_dags/example_latest_only.py
[2025-08-17T01:16:18.883+0000] {processor.py:830} INFO - Processing file /home/airflow/.local/lib/python3.12/site-packages/airflow/example_dags/example_latest_only.py for tasks to queue
[2025-08-17T01:16:18.885+0000] {logging_mixin.py:188} INFO - [2025-08-17T01:16:18.885+0000] {dagbag.py:545} INFO - Filling up the DagBag from /home/airflow/.local/lib/python3.12/site-packages/airflow/example_dags/example_latest_only.py
[2025-08-17T01:16:18.893+0000] {processor.py:840} INFO - DAG(s) 'latest_only' retrieved from /home/airflow/.local/lib/python3.12/site-packages/airflow/example_dags/example_latest_only.py
[2025-08-17T01:16:18.924+0000] {logging_mixin.py:188} INFO - [2025-08-17T01:16:18.924+0000] {dag.py:3089} INFO - Sync 1 DAGs
[2025-08-17T01:16:18.955+0000] {logging_mixin.py:188} INFO - [2025-08-17T01:16:18.954+0000] {dag.py:3947} INFO - Setting next_dagrun for latest_only to 2025-08-16 20:00:00+00:00, run_after=2025-08-17 00:00:00+00:00
[2025-08-17T01:16:18.980+0000] {processor.py:183} INFO - Processing /home/airflow/.local/lib/python3.12/site-packages/airflow/example_dags/example_latest_only.py took 0.105 seconds
[2025-08-17T01:17:37.240+0000] {processor.py:161} INFO - Started process (PID=73) to work on /home/airflow/.local/lib/python3.12/site-packages/airflow/example_dags/example_latest_only.py
[2025-08-17T01:17:37.266+0000] {processor.py:830} INFO - Processing file /home/airflow/.local/lib/python3.12/site-packages/airflow/example_dags/example_latest_only.py for tasks to queue
[2025-08-17T01:17:37.276+0000] {logging_mixin.py:188} INFO - [2025-08-17T01:17:37.274+0000] {dagbag.py:545} INFO - Filling up the DagBag from /home/airflow/.local/lib/python3.12/site-packages/airflow/example_dags/example_latest_only.py
[2025-08-17T01:17:37.304+0000] {processor.py:840} INFO - DAG(s) 'latest_only' retrieved from /home/airflow/.local/lib/python3.12/site-packages/airflow/example_dags/example_latest_only.py
[2025-08-17T01:17:37.330+0000] {logging_mixin.py:188} INFO - [2025-08-17T01:17:37.329+0000] {dag.py:3089} INFO - Sync 1 DAGs
[2025-08-17T01:17:37.375+0000] {logging_mixin.py:188} INFO - [2025-08-17T01:17:37.375+0000] {dag.py:3947} INFO - Setting next_dagrun for latest_only to 2025-08-16 20:00:00+00:00, run_after=2025-08-17 00:00:00+00:00
[2025-08-17T01:17:37.416+0000] {processor.py:183} INFO - Processing /home/airflow/.local/lib/python3.12/site-packages/airflow/example_dags/example_latest_only.py took 0.213 seconds
[2025-08-17T01:18:08.258+0000] {processor.py:161} INFO - Started process (PID=132) to work on /home/airflow/.local/lib/python3.12/site-packages/airflow/example_dags/example_latest_only.py
[2025-08-17T01:18:08.259+0000] {processor.py:830} INFO - Processing file /home/airflow/.local/lib/python3.12/site-packages/airflow/example_dags/example_latest_only.py for tasks to queue
[2025-08-17T01:18:08.262+0000] {logging_mixin.py:188} INFO - [2025-08-17T01:18:08.262+0000] {dagbag.py:545} INFO - Filling up the DagBag from /home/airflow/.local/lib/python3.12/site-packages/airflow/example_dags/example_latest_only.py
[2025-08-17T01:18:08.270+0000] {processor.py:840} INFO - DAG(s) 'latest_only' retrieved from /home/airflow/.local/lib/python3.12/site-packages/airflow/example_dags/example_latest_only.py
[2025-08-17T01:18:08.490+0000] {logging_mixin.py:188} INFO - [2025-08-17T01:18:08.489+0000] {dag.py:3089} INFO - Sync 1 DAGs
[2025-08-17T01:18:08.530+0000] {logging_mixin.py:188} INFO - [2025-08-17T01:18:08.530+0000] {dag.py:3947} INFO - Setting next_dagrun for latest_only to 2025-08-16 20:00:00+00:00, run_after=2025-08-17 00:00:00+00:00
[2025-08-17T01:18:08.559+0000] {processor.py:183} INFO - Processing /home/airflow/.local/lib/python3.12/site-packages/airflow/example_dags/example_latest_only.py took 0.308 seconds
[2025-08-17T01:18:38.730+0000] {processor.py:161} INFO - Started process (PID=191) to work on /home/airflow/.local/lib/python3.12/site-packages/airflow/example_dags/example_latest_only.py
[2025-08-17T01:18:38.731+0000] {processor.py:830} INFO - Processing file /home/airflow/.local/lib/python3.12/site-packages/airflow/example_dags/example_latest_only.py for tasks to queue
[2025-08-17T01:18:38.734+0000] {logging_mixin.py:188} INFO - [2025-08-17T01:18:38.733+0000] {dagbag.py:545} INFO - Filling up the DagBag from /home/airflow/.local/lib/python3.12/site-packages/airflow/example_dags/example_latest_only.py
[2025-08-17T01:18:38.739+0000] {processor.py:840} INFO - DAG(s) 'latest_only' retrieved from /home/airflow/.local/lib/python3.12/site-packages/airflow/example_dags/example_latest_only.py
[2025-08-17T01:18:38.766+0000] {logging_mixin.py:188} INFO - [2025-08-17T01:18:38.766+0000] {dag.py:3089} INFO - Sync 1 DAGs
[2025-08-17T01:18:38.789+0000] {logging_mixin.py:188} INFO - [2025-08-17T01:18:38.788+0000] {dag.py:3947} INFO - Setting next_dagrun for latest_only to 2025-08-16 20:00:00+00:00, run_after=2025-08-17 00:00:00+00:00
[2025-08-17T01:18:38.808+0000] {processor.py:183} INFO - Processing /home/airflow/.local/lib/python3.12/site-packages/airflow/example_dags/example_latest_only.py took 0.085 seconds
[2025-08-17T01:19:08.852+0000] {processor.py:161} INFO - Started process (PID=249) to work on /home/airflow/.local/lib/python3.12/site-packages/airflow/example_dags/example_latest_only.py
[2025-08-17T01:19:08.854+0000] {processor.py:830} INFO - Processing file /home/airflow/.local/lib/python3.12/site-packages/airflow/example_dags/example_latest_only.py for tasks to queue
[2025-08-17T01:19:08.857+0000] {logging_mixin.py:188} INFO - [2025-08-17T01:19:08.857+0000] {dagbag.py:545} INFO - Filling up the DagBag from /home/airflow/.local/lib/python3.12/site-packages/airflow/example_dags/example_latest_only.py
[2025-08-17T01:19:08.863+0000] {processor.py:840} INFO - DAG(s) 'latest_only' retrieved from /home/airflow/.local/lib/python3.12/site-packages/airflow/example_dags/example_latest_only.py
[2025-08-17T01:19:08.887+0000] {logging_mixin.py:188} INFO - [2025-08-17T01:19:08.887+0000] {dag.py:3089} INFO - Sync 1 DAGs
[2025-08-17T01:19:08.914+0000] {logging_mixin.py:188} INFO - [2025-08-17T01:19:08.913+0000] {dag.py:3947} INFO - Setting next_dagrun for latest_only to 2025-08-16 20:00:00+00:00, run_after=2025-08-17 00:00:00+00:00
[2025-08-17T01:19:08.938+0000] {processor.py:183} INFO - Processing /home/airflow/.local/lib/python3.12/site-packages/airflow/example_dags/example_latest_only.py took 0.093 seconds
[2025-08-17T01:19:39.092+0000] {processor.py:161} INFO - Started process (PID=308) to work on /home/airflow/.local/lib/python3.12/site-packages/airflow/example_dags/example_latest_only.py
[2025-08-17T01:19:39.093+0000] {processor.py:830} INFO - Processing file /home/airflow/.local/lib/python3.12/site-packages/airflow/example_dags/example_latest_only.py for tasks to queue
[2025-08-17T01:19:39.095+0000] {logging_mixin.py:188} INFO - [2025-08-17T01:19:39.095+0000] {dagbag.py:545} INFO - Filling up the DagBag from /home/airflow/.local/lib/python3.12/site-packages/airflow/example_dags/example_latest_only.py
[2025-08-17T01:19:39.101+0000] {processor.py:840} INFO - DAG(s) 'latest_only' retrieved from /home/airflow/.local/lib/python3.12/site-packages/airflow/example_dags/example_latest_only.py
[2025-08-17T01:19:39.125+0000] {logging_mixin.py:188} INFO - [2025-08-17T01:19:39.125+0000] {dag.py:3089} INFO - Sync 1 DAGs
[2025-08-17T01:19:39.148+0000] {logging_mixin.py:188} INFO - [2025-08-17T01:19:39.148+0000] {dag.py:3947} INFO - Setting next_dagrun for latest_only to 2025-08-16 20:00:00+00:00, run_after=2025-08-17 00:00:00+00:00
[2025-08-17T01:19:39.168+0000] {processor.py:183} INFO - Processing /home/airflow/.local/lib/python3.12/site-packages/airflow/example_dags/example_latest_only.py took 0.082 seconds
[2025-08-17T01:20:09.265+0000] {processor.py:161} INFO - Started process (PID=367) to work on /home/airflow/.local/lib/python3.12/site-packages/airflow/example_dags/example_latest_only.py
[2025-08-17T01:20:09.267+0000] {processor.py:830} INFO - Processing file /home/airflow/.local/lib/python3.12/site-packages/airflow/example_dags/example_latest_only.py for tasks to queue
[2025-08-17T01:20:09.270+0000] {logging_mixin.py:188} INFO - [2025-08-17T01:20:09.269+0000] {dagbag.py:545} INFO - Filling up the DagBag from /home/airflow/.local/lib/python3.12/site-packages/airflow/example_dags/example_latest_only.py
[2025-08-17T01:20:09.275+0000] {processor.py:840} INFO - DAG(s) 'latest_only' retrieved from /home/airflow/.local/lib/python3.12/site-packages/airflow/example_dags/example_latest_only.py
[2025-08-17T01:20:09.300+0000] {logging_mixin.py:188} INFO - [2025-08-17T01:20:09.299+0000] {dag.py:3089} INFO - Sync 1 DAGs
[2025-08-17T01:20:09.322+0000] {logging_mixin.py:188} INFO - [2025-08-17T01:20:09.322+0000] {dag.py:3947} INFO - Setting next_dagrun for latest_only to 2025-08-16 20:00:00+00:00, run_after=2025-08-17 00:00:00+00:00
[2025-08-17T01:20:09.344+0000] {processor.py:183} INFO - Processing /home/airflow/.local/lib/python3.12/site-packages/airflow/example_dags/example_latest_only.py took 0.085 seconds
[2025-08-17T01:20:39.626+0000] {processor.py:161} INFO - Started process (PID=427) to work on /home/airflow/.local/lib/python3.12/site-packages/airflow/example_dags/example_latest_only.py
[2025-08-17T01:20:39.627+0000] {processor.py:830} INFO - Processing file /home/airflow/.local/lib/python3.12/site-packages/airflow/example_dags/example_latest_only.py for tasks to queue
[2025-08-17T01:20:39.629+0000] {logging_mixin.py:188} INFO - [2025-08-17T01:20:39.629+0000] {dagbag.py:545} INFO - Filling up the DagBag from /home/airflow/.local/lib/python3.12/site-packages/airflow/example_dags/example_latest_only.py
[2025-08-17T01:20:39.635+0000] {processor.py:840} INFO - DAG(s) 'latest_only' retrieved from /home/airflow/.local/lib/python3.12/site-packages/airflow/example_dags/example_latest_only.py
[2025-08-17T01:20:39.658+0000] {logging_mixin.py:188} INFO - [2025-08-17T01:20:39.658+0000] {dag.py:3089} INFO - Sync 1 DAGs
[2025-08-17T01:20:39.679+0000] {logging_mixin.py:188} INFO - [2025-08-17T01:20:39.679+0000] {dag.py:3947} INFO - Setting next_dagrun for latest_only to 2025-08-16 20:00:00+00:00, run_after=2025-08-17 00:00:00+00:00
[2025-08-17T01:20:39.701+0000] {processor.py:183} INFO - Processing /home/airflow/.local/lib/python3.12/site-packages/airflow/example_dags/example_latest_only.py took 0.082 seconds
[2025-08-17T01:21:10.162+0000] {processor.py:161} INFO - Started process (PID=487) to work on /home/airflow/.local/lib/python3.12/site-packages/airflow/example_dags/example_latest_only.py
[2025-08-17T01:21:10.164+0000] {processor.py:830} INFO - Processing file /home/airflow/.local/lib/python3.12/site-packages/airflow/example_dags/example_latest_only.py for tasks to queue
[2025-08-17T01:21:10.166+0000] {logging_mixin.py:188} INFO - [2025-08-17T01:21:10.165+0000] {dagbag.py:545} INFO - Filling up the DagBag from /home/airflow/.local/lib/python3.12/site-packages/airflow/example_dags/example_latest_only.py
[2025-08-17T01:21:10.171+0000] {processor.py:840} INFO - DAG(s) 'latest_only' retrieved from /home/airflow/.local/lib/python3.12/site-packages/airflow/example_dags/example_latest_only.py
[2025-08-17T01:21:10.196+0000] {logging_mixin.py:188} INFO - [2025-08-17T01:21:10.195+0000] {dag.py:3089} INFO - Sync 1 DAGs
[2025-08-17T01:21:10.217+0000] {logging_mixin.py:188} INFO - [2025-08-17T01:21:10.217+0000] {dag.py:3947} INFO - Setting next_dagrun for latest_only to 2025-08-16 20:00:00+00:00, run_after=2025-08-17 00:00:00+00:00
[2025-08-17T01:21:10.240+0000] {processor.py:183} INFO - Processing /home/airflow/.local/lib/python3.12/site-packages/airflow/example_dags/example_latest_only.py took 0.084 seconds
[2025-08-17T01:21:40.493+0000] {processor.py:161} INFO - Started process (PID=552) to work on /home/airflow/.local/lib/python3.12/site-packages/airflow/example_dags/example_latest_only.py
[2025-08-17T01:21:40.494+0000] {processor.py:830} INFO - Processing file /home/airflow/.local/lib/python3.12/site-packages/airflow/example_dags/example_latest_only.py for tasks to queue
[2025-08-17T01:21:40.496+0000] {logging_mixin.py:188} INFO - [2025-08-17T01:21:40.496+0000] {dagbag.py:545} INFO - Filling up the DagBag from /home/airflow/.local/lib/python3.12/site-packages/airflow/example_dags/example_latest_only.py
[2025-08-17T01:21:40.502+0000] {processor.py:840} INFO - DAG(s) 'latest_only' retrieved from /home/airflow/.local/lib/python3.12/site-packages/airflow/example_dags/example_latest_only.py
[2025-08-17T01:21:40.528+0000] {logging_mixin.py:188} INFO - [2025-08-17T01:21:40.528+0000] {dag.py:3089} INFO - Sync 1 DAGs
[2025-08-17T01:21:40.554+0000] {logging_mixin.py:188} INFO - [2025-08-17T01:21:40.553+0000] {dag.py:3947} INFO - Setting next_dagrun for latest_only to 2025-08-16 20:00:00+00:00, run_after=2025-08-17 00:00:00+00:00
[2025-08-17T01:21:40.629+0000] {processor.py:183} INFO - Processing /home/airflow/.local/lib/python3.12/site-packages/airflow/example_dags/example_latest_only.py took 0.144 seconds
[2025-08-17T01:22:10.827+0000] {processor.py:161} INFO - Started process (PID=611) to work on /home/airflow/.local/lib/python3.12/site-packages/airflow/example_dags/example_latest_only.py
[2025-08-17T01:22:10.828+0000] {processor.py:830} INFO - Processing file /home/airflow/.local/lib/python3.12/site-packages/airflow/example_dags/example_latest_only.py for tasks to queue
[2025-08-17T01:22:10.831+0000] {logging_mixin.py:188} INFO - [2025-08-17T01:22:10.831+0000] {dagbag.py:545} INFO - Filling up the DagBag from /home/airflow/.local/lib/python3.12/site-packages/airflow/example_dags/example_latest_only.py
[2025-08-17T01:22:10.838+0000] {processor.py:840} INFO - DAG(s) 'latest_only' retrieved from /home/airflow/.local/lib/python3.12/site-packages/airflow/example_dags/example_latest_only.py
[2025-08-17T01:22:10.864+0000] {logging_mixin.py:188} INFO - [2025-08-17T01:22:10.864+0000] {dag.py:3089} INFO - Sync 1 DAGs
[2025-08-17T01:22:10.888+0000] {logging_mixin.py:188} INFO - [2025-08-17T01:22:10.888+0000] {dag.py:3947} INFO - Setting next_dagrun for latest_only to 2025-08-16 20:00:00+00:00, run_after=2025-08-17 00:00:00+00:00
[2025-08-17T01:22:10.910+0000] {processor.py:183} INFO - Processing /home/airflow/.local/lib/python3.12/site-packages/airflow/example_dags/example_latest_only.py took 0.090 seconds
[2025-08-17T01:22:41.116+0000] {processor.py:161} INFO - Started process (PID=670) to work on /home/airflow/.local/lib/python3.12/site-packages/airflow/example_dags/example_latest_only.py
[2025-08-17T01:22:41.118+0000] {processor.py:830} INFO - Processing file /home/airflow/.local/lib/python3.12/site-packages/airflow/example_dags/example_latest_only.py for tasks to queue
[2025-08-17T01:22:41.120+0000] {logging_mixin.py:188} INFO - [2025-08-17T01:22:41.119+0000] {dagbag.py:545} INFO - Filling up the DagBag from /home/airflow/.local/lib/python3.12/site-packages/airflow/example_dags/example_latest_only.py
[2025-08-17T01:22:41.125+0000] {processor.py:840} INFO - DAG(s) 'latest_only' retrieved from /home/airflow/.local/lib/python3.12/site-packages/airflow/example_dags/example_latest_only.py
[2025-08-17T01:22:41.148+0000] {logging_mixin.py:188} INFO - [2025-08-17T01:22:41.148+0000] {dag.py:3089} INFO - Sync 1 DAGs
[2025-08-17T01:22:41.171+0000] {logging_mixin.py:188} INFO - [2025-08-17T01:22:41.170+0000] {dag.py:3947} INFO - Setting next_dagrun for latest_only to 2025-08-16 20:00:00+00:00, run_after=2025-08-17 00:00:00+00:00
[2025-08-17T01:22:41.194+0000] {processor.py:183} INFO - Processing /home/airflow/.local/lib/python3.12/site-packages/airflow/example_dags/example_latest_only.py took 0.084 seconds
[2025-08-17T01:23:11.454+0000] {processor.py:161} INFO - Started process (PID=729) to work on /home/airflow/.local/lib/python3.12/site-packages/airflow/example_dags/example_latest_only.py
[2025-08-17T01:23:11.456+0000] {processor.py:830} INFO - Processing file /home/airflow/.local/lib/python3.12/site-packages/airflow/example_dags/example_latest_only.py for tasks to queue
[2025-08-17T01:23:11.459+0000] {logging_mixin.py:188} INFO - [2025-08-17T01:23:11.458+0000] {dagbag.py:545} INFO - Filling up the DagBag from /home/airflow/.local/lib/python3.12/site-packages/airflow/example_dags/example_latest_only.py
[2025-08-17T01:23:11.464+0000] {processor.py:840} INFO - DAG(s) 'latest_only' retrieved from /home/airflow/.local/lib/python3.12/site-packages/airflow/example_dags/example_latest_only.py
[2025-08-17T01:23:11.488+0000] {logging_mixin.py:188} INFO - [2025-08-17T01:23:11.487+0000] {dag.py:3089} INFO - Sync 1 DAGs
[2025-08-17T01:23:11.510+0000] {logging_mixin.py:188} INFO - [2025-08-17T01:23:11.509+0000] {dag.py:3947} INFO - Setting next_dagrun for latest_only to 2025-08-16 20:00:00+00:00, run_after=2025-08-17 00:00:00+00:00
[2025-08-17T01:23:11.535+0000] {processor.py:183} INFO - Processing /home/airflow/.local/lib/python3.12/site-packages/airflow/example_dags/example_latest_only.py took 0.087 seconds
[2025-08-17T01:23:42.239+0000] {processor.py:161} INFO - Started process (PID=788) to work on /home/airflow/.local/lib/python3.12/site-packages/airflow/example_dags/example_latest_only.py
[2025-08-17T01:23:42.240+0000] {processor.py:830} INFO - Processing file /home/airflow/.local/lib/python3.12/site-packages/airflow/example_dags/example_latest_only.py for tasks to queue
[2025-08-17T01:23:42.242+0000] {logging_mixin.py:188} INFO - [2025-08-17T01:23:42.242+0000] {dagbag.py:545} INFO - Filling up the DagBag from /home/airflow/.local/lib/python3.12/site-packages/airflow/example_dags/example_latest_only.py
[2025-08-17T01:23:42.248+0000] {processor.py:840} INFO - DAG(s) 'latest_only' retrieved from /home/airflow/.local/lib/python3.12/site-packages/airflow/example_dags/example_latest_only.py
[2025-08-17T01:23:42.271+0000] {logging_mixin.py:188} INFO - [2025-08-17T01:23:42.271+0000] {dag.py:3089} INFO - Sync 1 DAGs
[2025-08-17T01:23:42.295+0000] {logging_mixin.py:188} INFO - [2025-08-17T01:23:42.294+0000] {dag.py:3947} INFO - Setting next_dagrun for latest_only to 2025-08-16 20:00:00+00:00, run_after=2025-08-17 00:00:00+00:00
[2025-08-17T01:23:42.319+0000] {processor.py:183} INFO - Processing /home/airflow/.local/lib/python3.12/site-packages/airflow/example_dags/example_latest_only.py took 0.087 seconds
[2025-08-17T01:24:12.603+0000] {processor.py:161} INFO - Started process (PID=847) to work on /home/airflow/.local/lib/python3.12/site-packages/airflow/example_dags/example_latest_only.py
[2025-08-17T01:24:12.605+0000] {processor.py:830} INFO - Processing file /home/airflow/.local/lib/python3.12/site-packages/airflow/example_dags/example_latest_only.py for tasks to queue
[2025-08-17T01:24:12.609+0000] {logging_mixin.py:188} INFO - [2025-08-17T01:24:12.608+0000] {dagbag.py:545} INFO - Filling up the DagBag from /home/airflow/.local/lib/python3.12/site-packages/airflow/example_dags/example_latest_only.py
[2025-08-17T01:24:12.618+0000] {processor.py:840} INFO - DAG(s) 'latest_only' retrieved from /home/airflow/.local/lib/python3.12/site-packages/airflow/example_dags/example_latest_only.py
[2025-08-17T01:24:12.656+0000] {logging_mixin.py:188} INFO - [2025-08-17T01:24:12.655+0000] {dag.py:3089} INFO - Sync 1 DAGs
[2025-08-17T01:24:12.691+0000] {logging_mixin.py:188} INFO - [2025-08-17T01:24:12.691+0000] {dag.py:3947} INFO - Setting next_dagrun for latest_only to 2025-08-16 20:00:00+00:00, run_after=2025-08-17 00:00:00+00:00
[2025-08-17T01:24:12.720+0000] {processor.py:183} INFO - Processing /home/airflow/.local/lib/python3.12/site-packages/airflow/example_dags/example_latest_only.py took 0.127 seconds
[2025-08-17T01:24:42.822+0000] {processor.py:161} INFO - Started process (PID=906) to work on /home/airflow/.local/lib/python3.12/site-packages/airflow/example_dags/example_latest_only.py
[2025-08-17T01:24:42.823+0000] {processor.py:830} INFO - Processing file /home/airflow/.local/lib/python3.12/site-packages/airflow/example_dags/example_latest_only.py for tasks to queue
[2025-08-17T01:24:42.826+0000] {logging_mixin.py:188} INFO - [2025-08-17T01:24:42.825+0000] {dagbag.py:545} INFO - Filling up the DagBag from /home/airflow/.local/lib/python3.12/site-packages/airflow/example_dags/example_latest_only.py
[2025-08-17T01:24:42.832+0000] {processor.py:840} INFO - DAG(s) 'latest_only' retrieved from /home/airflow/.local/lib/python3.12/site-packages/airflow/example_dags/example_latest_only.py
[2025-08-17T01:24:42.858+0000] {logging_mixin.py:188} INFO - [2025-08-17T01:24:42.858+0000] {dag.py:3089} INFO - Sync 1 DAGs
[2025-08-17T01:24:42.882+0000] {logging_mixin.py:188} INFO - [2025-08-17T01:24:42.882+0000] {dag.py:3947} INFO - Setting next_dagrun for latest_only to 2025-08-16 20:00:00+00:00, run_after=2025-08-17 00:00:00+00:00
[2025-08-17T01:24:42.903+0000] {processor.py:183} INFO - Processing /home/airflow/.local/lib/python3.12/site-packages/airflow/example_dags/example_latest_only.py took 0.087 seconds
[2025-08-17T01:25:13.195+0000] {processor.py:161} INFO - Started process (PID=965) to work on /home/airflow/.local/lib/python3.12/site-packages/airflow/example_dags/example_latest_only.py
[2025-08-17T01:25:13.197+0000] {processor.py:830} INFO - Processing file /home/airflow/.local/lib/python3.12/site-packages/airflow/example_dags/example_latest_only.py for tasks to queue
[2025-08-17T01:25:13.200+0000] {logging_mixin.py:188} INFO - [2025-08-17T01:25:13.199+0000] {dagbag.py:545} INFO - Filling up the DagBag from /home/airflow/.local/lib/python3.12/site-packages/airflow/example_dags/example_latest_only.py
[2025-08-17T01:25:13.206+0000] {processor.py:840} INFO - DAG(s) 'latest_only' retrieved from /home/airflow/.local/lib/python3.12/site-packages/airflow/example_dags/example_latest_only.py
[2025-08-17T01:25:13.234+0000] {logging_mixin.py:188} INFO - [2025-08-17T01:25:13.233+0000] {dag.py:3089} INFO - Sync 1 DAGs
[2025-08-17T01:25:13.264+0000] {logging_mixin.py:188} INFO - [2025-08-17T01:25:13.264+0000] {dag.py:3947} INFO - Setting next_dagrun for latest_only to 2025-08-16 20:00:00+00:00, run_after=2025-08-17 00:00:00+00:00
[2025-08-17T01:25:13.290+0000] {processor.py:183} INFO - Processing /home/airflow/.local/lib/python3.12/site-packages/airflow/example_dags/example_latest_only.py took 0.102 seconds
[2025-08-17T01:26:38.655+0000] {processor.py:161} INFO - Started process (PID=73) to work on /home/airflow/.local/lib/python3.12/site-packages/airflow/example_dags/example_latest_only.py
[2025-08-17T01:26:38.667+0000] {processor.py:830} INFO - Processing file /home/airflow/.local/lib/python3.12/site-packages/airflow/example_dags/example_latest_only.py for tasks to queue
[2025-08-17T01:26:38.673+0000] {logging_mixin.py:188} INFO - [2025-08-17T01:26:38.672+0000] {dagbag.py:545} INFO - Filling up the DagBag from /home/airflow/.local/lib/python3.12/site-packages/airflow/example_dags/example_latest_only.py
[2025-08-17T01:26:38.692+0000] {processor.py:840} INFO - DAG(s) 'latest_only' retrieved from /home/airflow/.local/lib/python3.12/site-packages/airflow/example_dags/example_latest_only.py
[2025-08-17T01:26:38.724+0000] {logging_mixin.py:188} INFO - [2025-08-17T01:26:38.723+0000] {dag.py:3089} INFO - Sync 1 DAGs
[2025-08-17T01:26:38.769+0000] {logging_mixin.py:188} INFO - [2025-08-17T01:26:38.768+0000] {dag.py:3947} INFO - Setting next_dagrun for latest_only to 2025-08-16 20:00:00+00:00, run_after=2025-08-17 00:00:00+00:00
[2025-08-17T01:26:38.804+0000] {processor.py:183} INFO - Processing /home/airflow/.local/lib/python3.12/site-packages/airflow/example_dags/example_latest_only.py took 0.163 seconds
[2025-08-17T01:27:09.423+0000] {processor.py:161} INFO - Started process (PID=131) to work on /home/airflow/.local/lib/python3.12/site-packages/airflow/example_dags/example_latest_only.py
[2025-08-17T01:27:09.425+0000] {processor.py:830} INFO - Processing file /home/airflow/.local/lib/python3.12/site-packages/airflow/example_dags/example_latest_only.py for tasks to queue
[2025-08-17T01:27:09.427+0000] {logging_mixin.py:188} INFO - [2025-08-17T01:27:09.427+0000] {dagbag.py:545} INFO - Filling up the DagBag from /home/airflow/.local/lib/python3.12/site-packages/airflow/example_dags/example_latest_only.py
[2025-08-17T01:27:09.433+0000] {processor.py:840} INFO - DAG(s) 'latest_only' retrieved from /home/airflow/.local/lib/python3.12/site-packages/airflow/example_dags/example_latest_only.py
[2025-08-17T01:27:09.451+0000] {logging_mixin.py:188} INFO - [2025-08-17T01:27:09.451+0000] {dag.py:3089} INFO - Sync 1 DAGs
[2025-08-17T01:27:09.485+0000] {logging_mixin.py:188} INFO - [2025-08-17T01:27:09.484+0000] {dag.py:3947} INFO - Setting next_dagrun for latest_only to 2025-08-16 20:00:00+00:00, run_after=2025-08-17 00:00:00+00:00
[2025-08-17T01:27:09.509+0000] {processor.py:183} INFO - Processing /home/airflow/.local/lib/python3.12/site-packages/airflow/example_dags/example_latest_only.py took 0.092 seconds
[2025-08-17T01:27:40.549+0000] {processor.py:161} INFO - Started process (PID=191) to work on /home/airflow/.local/lib/python3.12/site-packages/airflow/example_dags/example_latest_only.py
[2025-08-17T01:27:40.551+0000] {processor.py:830} INFO - Processing file /home/airflow/.local/lib/python3.12/site-packages/airflow/example_dags/example_latest_only.py for tasks to queue
[2025-08-17T01:27:40.553+0000] {logging_mixin.py:188} INFO - [2025-08-17T01:27:40.553+0000] {dagbag.py:545} INFO - Filling up the DagBag from /home/airflow/.local/lib/python3.12/site-packages/airflow/example_dags/example_latest_only.py
[2025-08-17T01:27:40.559+0000] {processor.py:840} INFO - DAG(s) 'latest_only' retrieved from /home/airflow/.local/lib/python3.12/site-packages/airflow/example_dags/example_latest_only.py
[2025-08-17T01:27:40.682+0000] {logging_mixin.py:188} INFO - [2025-08-17T01:27:40.682+0000] {dag.py:3089} INFO - Sync 1 DAGs
[2025-08-17T01:27:40.704+0000] {logging_mixin.py:188} INFO - [2025-08-17T01:27:40.704+0000] {dag.py:3947} INFO - Setting next_dagrun for latest_only to 2025-08-16 20:00:00+00:00, run_after=2025-08-17 00:00:00+00:00
[2025-08-17T01:27:40.731+0000] {processor.py:183} INFO - Processing /home/airflow/.local/lib/python3.12/site-packages/airflow/example_dags/example_latest_only.py took 0.189 seconds
[2025-08-17T01:28:11.119+0000] {processor.py:161} INFO - Started process (PID=256) to work on /home/airflow/.local/lib/python3.12/site-packages/airflow/example_dags/example_latest_only.py
[2025-08-17T01:28:11.122+0000] {processor.py:830} INFO - Processing file /home/airflow/.local/lib/python3.12/site-packages/airflow/example_dags/example_latest_only.py for tasks to queue
[2025-08-17T01:28:11.126+0000] {logging_mixin.py:188} INFO - [2025-08-17T01:28:11.126+0000] {dagbag.py:545} INFO - Filling up the DagBag from /home/airflow/.local/lib/python3.12/site-packages/airflow/example_dags/example_latest_only.py
[2025-08-17T01:28:11.143+0000] {processor.py:840} INFO - DAG(s) 'latest_only' retrieved from /home/airflow/.local/lib/python3.12/site-packages/airflow/example_dags/example_latest_only.py
[2025-08-17T01:28:11.193+0000] {logging_mixin.py:188} INFO - [2025-08-17T01:28:11.193+0000] {dag.py:3089} INFO - Sync 1 DAGs
[2025-08-17T01:28:11.226+0000] {logging_mixin.py:188} INFO - [2025-08-17T01:28:11.226+0000] {dag.py:3947} INFO - Setting next_dagrun for latest_only to 2025-08-16 20:00:00+00:00, run_after=2025-08-17 00:00:00+00:00
[2025-08-17T01:28:11.257+0000] {processor.py:183} INFO - Processing /home/airflow/.local/lib/python3.12/site-packages/airflow/example_dags/example_latest_only.py took 0.183 seconds
[2025-08-17T01:28:41.582+0000] {processor.py:161} INFO - Started process (PID=315) to work on /home/airflow/.local/lib/python3.12/site-packages/airflow/example_dags/example_latest_only.py
[2025-08-17T01:28:41.584+0000] {processor.py:830} INFO - Processing file /home/airflow/.local/lib/python3.12/site-packages/airflow/example_dags/example_latest_only.py for tasks to queue
[2025-08-17T01:28:41.586+0000] {logging_mixin.py:188} INFO - [2025-08-17T01:28:41.585+0000] {dagbag.py:545} INFO - Filling up the DagBag from /home/airflow/.local/lib/python3.12/site-packages/airflow/example_dags/example_latest_only.py
[2025-08-17T01:28:41.592+0000] {processor.py:840} INFO - DAG(s) 'latest_only' retrieved from /home/airflow/.local/lib/python3.12/site-packages/airflow/example_dags/example_latest_only.py
[2025-08-17T01:28:41.618+0000] {logging_mixin.py:188} INFO - [2025-08-17T01:28:41.618+0000] {dag.py:3089} INFO - Sync 1 DAGs
[2025-08-17T01:28:41.643+0000] {logging_mixin.py:188} INFO - [2025-08-17T01:28:41.643+0000] {dag.py:3947} INFO - Setting next_dagrun for latest_only to 2025-08-16 20:00:00+00:00, run_after=2025-08-17 00:00:00+00:00
[2025-08-17T01:28:41.663+0000] {processor.py:183} INFO - Processing /home/airflow/.local/lib/python3.12/site-packages/airflow/example_dags/example_latest_only.py took 0.088 seconds
[2025-08-17T01:29:11.940+0000] {processor.py:161} INFO - Started process (PID=375) to work on /home/airflow/.local/lib/python3.12/site-packages/airflow/example_dags/example_latest_only.py
[2025-08-17T01:29:11.941+0000] {processor.py:830} INFO - Processing file /home/airflow/.local/lib/python3.12/site-packages/airflow/example_dags/example_latest_only.py for tasks to queue
[2025-08-17T01:29:11.943+0000] {logging_mixin.py:188} INFO - [2025-08-17T01:29:11.943+0000] {dagbag.py:545} INFO - Filling up the DagBag from /home/airflow/.local/lib/python3.12/site-packages/airflow/example_dags/example_latest_only.py
[2025-08-17T01:29:11.948+0000] {processor.py:840} INFO - DAG(s) 'latest_only' retrieved from /home/airflow/.local/lib/python3.12/site-packages/airflow/example_dags/example_latest_only.py
[2025-08-17T01:29:11.973+0000] {logging_mixin.py:188} INFO - [2025-08-17T01:29:11.973+0000] {dag.py:3089} INFO - Sync 1 DAGs
[2025-08-17T01:29:12.000+0000] {logging_mixin.py:188} INFO - [2025-08-17T01:29:12.000+0000] {dag.py:3947} INFO - Setting next_dagrun for latest_only to 2025-08-16 20:00:00+00:00, run_after=2025-08-17 00:00:00+00:00
[2025-08-17T01:29:12.026+0000] {processor.py:183} INFO - Processing /home/airflow/.local/lib/python3.12/site-packages/airflow/example_dags/example_latest_only.py took 0.092 seconds
[2025-08-17T01:29:42.383+0000] {processor.py:161} INFO - Started process (PID=435) to work on /home/airflow/.local/lib/python3.12/site-packages/airflow/example_dags/example_latest_only.py
[2025-08-17T01:29:42.384+0000] {processor.py:830} INFO - Processing file /home/airflow/.local/lib/python3.12/site-packages/airflow/example_dags/example_latest_only.py for tasks to queue
[2025-08-17T01:29:42.387+0000] {logging_mixin.py:188} INFO - [2025-08-17T01:29:42.387+0000] {dagbag.py:545} INFO - Filling up the DagBag from /home/airflow/.local/lib/python3.12/site-packages/airflow/example_dags/example_latest_only.py
[2025-08-17T01:29:42.394+0000] {processor.py:840} INFO - DAG(s) 'latest_only' retrieved from /home/airflow/.local/lib/python3.12/site-packages/airflow/example_dags/example_latest_only.py
[2025-08-17T01:29:42.419+0000] {logging_mixin.py:188} INFO - [2025-08-17T01:29:42.418+0000] {dag.py:3089} INFO - Sync 1 DAGs
[2025-08-17T01:29:42.442+0000] {logging_mixin.py:188} INFO - [2025-08-17T01:29:42.442+0000] {dag.py:3947} INFO - Setting next_dagrun for latest_only to 2025-08-16 20:00:00+00:00, run_after=2025-08-17 00:00:00+00:00
[2025-08-17T01:29:42.462+0000] {processor.py:183} INFO - Processing /home/airflow/.local/lib/python3.12/site-packages/airflow/example_dags/example_latest_only.py took 0.087 seconds
[2025-08-17T01:30:13.002+0000] {processor.py:161} INFO - Started process (PID=494) to work on /home/airflow/.local/lib/python3.12/site-packages/airflow/example_dags/example_latest_only.py
[2025-08-17T01:30:13.004+0000] {processor.py:830} INFO - Processing file /home/airflow/.local/lib/python3.12/site-packages/airflow/example_dags/example_latest_only.py for tasks to queue
[2025-08-17T01:30:13.005+0000] {logging_mixin.py:188} INFO - [2025-08-17T01:30:13.005+0000] {dagbag.py:545} INFO - Filling up the DagBag from /home/airflow/.local/lib/python3.12/site-packages/airflow/example_dags/example_latest_only.py
[2025-08-17T01:30:13.010+0000] {processor.py:840} INFO - DAG(s) 'latest_only' retrieved from /home/airflow/.local/lib/python3.12/site-packages/airflow/example_dags/example_latest_only.py
[2025-08-17T01:30:13.032+0000] {logging_mixin.py:188} INFO - [2025-08-17T01:30:13.031+0000] {dag.py:3089} INFO - Sync 1 DAGs
[2025-08-17T01:30:13.053+0000] {logging_mixin.py:188} INFO - [2025-08-17T01:30:13.052+0000] {dag.py:3947} INFO - Setting next_dagrun for latest_only to 2025-08-16 20:00:00+00:00, run_after=2025-08-17 00:00:00+00:00
[2025-08-17T01:30:13.072+0000] {processor.py:183} INFO - Processing /home/airflow/.local/lib/python3.12/site-packages/airflow/example_dags/example_latest_only.py took 0.075 seconds
[2025-08-17T01:30:43.471+0000] {processor.py:161} INFO - Started process (PID=553) to work on /home/airflow/.local/lib/python3.12/site-packages/airflow/example_dags/example_latest_only.py
[2025-08-17T01:30:43.472+0000] {processor.py:830} INFO - Processing file /home/airflow/.local/lib/python3.12/site-packages/airflow/example_dags/example_latest_only.py for tasks to queue
[2025-08-17T01:30:43.474+0000] {logging_mixin.py:188} INFO - [2025-08-17T01:30:43.474+0000] {dagbag.py:545} INFO - Filling up the DagBag from /home/airflow/.local/lib/python3.12/site-packages/airflow/example_dags/example_latest_only.py
[2025-08-17T01:30:43.479+0000] {processor.py:840} INFO - DAG(s) 'latest_only' retrieved from /home/airflow/.local/lib/python3.12/site-packages/airflow/example_dags/example_latest_only.py
[2025-08-17T01:30:43.501+0000] {logging_mixin.py:188} INFO - [2025-08-17T01:30:43.500+0000] {dag.py:3089} INFO - Sync 1 DAGs
[2025-08-17T01:30:43.523+0000] {logging_mixin.py:188} INFO - [2025-08-17T01:30:43.523+0000] {dag.py:3947} INFO - Setting next_dagrun for latest_only to 2025-08-16 20:00:00+00:00, run_after=2025-08-17 00:00:00+00:00
[2025-08-17T01:30:43.541+0000] {processor.py:183} INFO - Processing /home/airflow/.local/lib/python3.12/site-packages/airflow/example_dags/example_latest_only.py took 0.076 seconds
[2025-08-17T01:31:13.921+0000] {processor.py:161} INFO - Started process (PID=612) to work on /home/airflow/.local/lib/python3.12/site-packages/airflow/example_dags/example_latest_only.py
[2025-08-17T01:31:13.924+0000] {processor.py:830} INFO - Processing file /home/airflow/.local/lib/python3.12/site-packages/airflow/example_dags/example_latest_only.py for tasks to queue
[2025-08-17T01:31:13.926+0000] {logging_mixin.py:188} INFO - [2025-08-17T01:31:13.926+0000] {dagbag.py:545} INFO - Filling up the DagBag from /home/airflow/.local/lib/python3.12/site-packages/airflow/example_dags/example_latest_only.py
[2025-08-17T01:31:13.933+0000] {processor.py:840} INFO - DAG(s) 'latest_only' retrieved from /home/airflow/.local/lib/python3.12/site-packages/airflow/example_dags/example_latest_only.py
[2025-08-17T01:31:13.956+0000] {logging_mixin.py:188} INFO - [2025-08-17T01:31:13.955+0000] {dag.py:3089} INFO - Sync 1 DAGs
[2025-08-17T01:31:13.980+0000] {logging_mixin.py:188} INFO - [2025-08-17T01:31:13.979+0000] {dag.py:3947} INFO - Setting next_dagrun for latest_only to 2025-08-16 20:00:00+00:00, run_after=2025-08-17 00:00:00+00:00
[2025-08-17T01:31:14.003+0000] {processor.py:183} INFO - Processing /home/airflow/.local/lib/python3.12/site-packages/airflow/example_dags/example_latest_only.py took 0.088 seconds
[2025-08-17T01:31:44.473+0000] {processor.py:161} INFO - Started process (PID=674) to work on /home/airflow/.local/lib/python3.12/site-packages/airflow/example_dags/example_latest_only.py
[2025-08-17T01:31:44.475+0000] {processor.py:830} INFO - Processing file /home/airflow/.local/lib/python3.12/site-packages/airflow/example_dags/example_latest_only.py for tasks to queue
[2025-08-17T01:31:44.477+0000] {logging_mixin.py:188} INFO - [2025-08-17T01:31:44.477+0000] {dagbag.py:545} INFO - Filling up the DagBag from /home/airflow/.local/lib/python3.12/site-packages/airflow/example_dags/example_latest_only.py
[2025-08-17T01:31:44.483+0000] {processor.py:840} INFO - DAG(s) 'latest_only' retrieved from /home/airflow/.local/lib/python3.12/site-packages/airflow/example_dags/example_latest_only.py
[2025-08-17T01:31:44.514+0000] {logging_mixin.py:188} INFO - [2025-08-17T01:31:44.514+0000] {dag.py:3089} INFO - Sync 1 DAGs
[2025-08-17T01:31:44.542+0000] {logging_mixin.py:188} INFO - [2025-08-17T01:31:44.542+0000] {dag.py:3947} INFO - Setting next_dagrun for latest_only to 2025-08-16 20:00:00+00:00, run_after=2025-08-17 00:00:00+00:00
[2025-08-17T01:31:44.567+0000] {processor.py:183} INFO - Processing /home/airflow/.local/lib/python3.12/site-packages/airflow/example_dags/example_latest_only.py took 0.102 seconds
