[2025-08-17T00:53:34.830+0000] {processor.py:161} INFO - Started process (PID=92) to work on /home/airflow/.local/lib/python3.12/site-packages/airflow/example_dags/example_nested_branch_dag.py
[2025-08-17T00:53:34.832+0000] {processor.py:830} INFO - Processing file /home/airflow/.local/lib/python3.12/site-packages/airflow/example_dags/example_nested_branch_dag.py for tasks to queue
[2025-08-17T00:53:34.834+0000] {logging_mixin.py:188} INFO - [2025-08-17T00:53:34.834+0000] {dagbag.py:545} INFO - Filling up the DagBag from /home/airflow/.local/lib/python3.12/site-packages/airflow/example_dags/example_nested_branch_dag.py
[2025-08-17T00:53:34.849+0000] {processor.py:840} INFO - DAG(s) 'example_nested_branch_dag' retrieved from /home/airflow/.local/lib/python3.12/site-packages/airflow/example_dags/example_nested_branch_dag.py
[2025-08-17T00:53:34.987+0000] {logging_mixin.py:188} INFO - [2025-08-17T00:53:34.986+0000] {dag.py:3089} INFO - Sync 1 DAGs
[2025-08-17T00:53:35.014+0000] {logging_mixin.py:188} INFO - [2025-08-17T00:53:35.014+0000] {dag.py:3947} INFO - Setting next_dagrun for example_nested_branch_dag to 2025-08-16 00:00:00+00:00, run_after=2025-08-17 00:00:00+00:00
[2025-08-17T00:53:35.041+0000] {processor.py:183} INFO - Processing /home/airflow/.local/lib/python3.12/site-packages/airflow/example_dags/example_nested_branch_dag.py took 0.218 seconds
[2025-08-17T00:54:05.086+0000] {processor.py:161} INFO - Started process (PID=150) to work on /home/airflow/.local/lib/python3.12/site-packages/airflow/example_dags/example_nested_branch_dag.py
[2025-08-17T00:54:05.087+0000] {processor.py:830} INFO - Processing file /home/airflow/.local/lib/python3.12/site-packages/airflow/example_dags/example_nested_branch_dag.py for tasks to queue
[2025-08-17T00:54:05.090+0000] {logging_mixin.py:188} INFO - [2025-08-17T00:54:05.089+0000] {dagbag.py:545} INFO - Filling up the DagBag from /home/airflow/.local/lib/python3.12/site-packages/airflow/example_dags/example_nested_branch_dag.py
[2025-08-17T00:54:05.099+0000] {processor.py:840} INFO - DAG(s) 'example_nested_branch_dag' retrieved from /home/airflow/.local/lib/python3.12/site-packages/airflow/example_dags/example_nested_branch_dag.py
[2025-08-17T00:54:05.122+0000] {logging_mixin.py:188} INFO - [2025-08-17T00:54:05.122+0000] {dag.py:3089} INFO - Sync 1 DAGs
[2025-08-17T00:54:05.145+0000] {logging_mixin.py:188} INFO - [2025-08-17T00:54:05.145+0000] {dag.py:3947} INFO - Setting next_dagrun for example_nested_branch_dag to 2025-08-16 00:00:00+00:00, run_after=2025-08-17 00:00:00+00:00
[2025-08-17T00:54:05.165+0000] {processor.py:183} INFO - Processing /home/airflow/.local/lib/python3.12/site-packages/airflow/example_dags/example_nested_branch_dag.py took 0.085 seconds
[2025-08-17T00:54:35.408+0000] {processor.py:161} INFO - Started process (PID=208) to work on /home/airflow/.local/lib/python3.12/site-packages/airflow/example_dags/example_nested_branch_dag.py
[2025-08-17T00:54:35.409+0000] {processor.py:830} INFO - Processing file /home/airflow/.local/lib/python3.12/site-packages/airflow/example_dags/example_nested_branch_dag.py for tasks to queue
[2025-08-17T00:54:35.411+0000] {logging_mixin.py:188} INFO - [2025-08-17T00:54:35.410+0000] {dagbag.py:545} INFO - Filling up the DagBag from /home/airflow/.local/lib/python3.12/site-packages/airflow/example_dags/example_nested_branch_dag.py
[2025-08-17T00:54:35.420+0000] {processor.py:840} INFO - DAG(s) 'example_nested_branch_dag' retrieved from /home/airflow/.local/lib/python3.12/site-packages/airflow/example_dags/example_nested_branch_dag.py
[2025-08-17T00:54:35.443+0000] {logging_mixin.py:188} INFO - [2025-08-17T00:54:35.443+0000] {dag.py:3089} INFO - Sync 1 DAGs
[2025-08-17T00:54:35.463+0000] {logging_mixin.py:188} INFO - [2025-08-17T00:54:35.463+0000] {dag.py:3947} INFO - Setting next_dagrun for example_nested_branch_dag to 2025-08-16 00:00:00+00:00, run_after=2025-08-17 00:00:00+00:00
[2025-08-17T00:54:35.488+0000] {processor.py:183} INFO - Processing /home/airflow/.local/lib/python3.12/site-packages/airflow/example_dags/example_nested_branch_dag.py took 0.085 seconds
[2025-08-17T00:55:05.930+0000] {processor.py:161} INFO - Started process (PID=266) to work on /home/airflow/.local/lib/python3.12/site-packages/airflow/example_dags/example_nested_branch_dag.py
[2025-08-17T00:55:05.931+0000] {processor.py:830} INFO - Processing file /home/airflow/.local/lib/python3.12/site-packages/airflow/example_dags/example_nested_branch_dag.py for tasks to queue
[2025-08-17T00:55:05.933+0000] {logging_mixin.py:188} INFO - [2025-08-17T00:55:05.933+0000] {dagbag.py:545} INFO - Filling up the DagBag from /home/airflow/.local/lib/python3.12/site-packages/airflow/example_dags/example_nested_branch_dag.py
[2025-08-17T00:55:05.943+0000] {processor.py:840} INFO - DAG(s) 'example_nested_branch_dag' retrieved from /home/airflow/.local/lib/python3.12/site-packages/airflow/example_dags/example_nested_branch_dag.py
[2025-08-17T00:55:05.967+0000] {logging_mixin.py:188} INFO - [2025-08-17T00:55:05.967+0000] {dag.py:3089} INFO - Sync 1 DAGs
[2025-08-17T00:55:05.989+0000] {logging_mixin.py:188} INFO - [2025-08-17T00:55:05.989+0000] {dag.py:3947} INFO - Setting next_dagrun for example_nested_branch_dag to 2025-08-16 00:00:00+00:00, run_after=2025-08-17 00:00:00+00:00
[2025-08-17T00:55:06.007+0000] {processor.py:183} INFO - Processing /home/airflow/.local/lib/python3.12/site-packages/airflow/example_dags/example_nested_branch_dag.py took 0.083 seconds
[2025-08-17T00:55:36.877+0000] {processor.py:161} INFO - Started process (PID=325) to work on /home/airflow/.local/lib/python3.12/site-packages/airflow/example_dags/example_nested_branch_dag.py
[2025-08-17T00:55:36.878+0000] {processor.py:830} INFO - Processing file /home/airflow/.local/lib/python3.12/site-packages/airflow/example_dags/example_nested_branch_dag.py for tasks to queue
[2025-08-17T00:55:36.880+0000] {logging_mixin.py:188} INFO - [2025-08-17T00:55:36.880+0000] {dagbag.py:545} INFO - Filling up the DagBag from /home/airflow/.local/lib/python3.12/site-packages/airflow/example_dags/example_nested_branch_dag.py
[2025-08-17T00:55:36.890+0000] {processor.py:840} INFO - DAG(s) 'example_nested_branch_dag' retrieved from /home/airflow/.local/lib/python3.12/site-packages/airflow/example_dags/example_nested_branch_dag.py
[2025-08-17T00:55:36.916+0000] {logging_mixin.py:188} INFO - [2025-08-17T00:55:36.915+0000] {dag.py:3089} INFO - Sync 1 DAGs
[2025-08-17T00:55:36.938+0000] {logging_mixin.py:188} INFO - [2025-08-17T00:55:36.938+0000] {dag.py:3947} INFO - Setting next_dagrun for example_nested_branch_dag to 2025-08-16 00:00:00+00:00, run_after=2025-08-17 00:00:00+00:00
[2025-08-17T00:55:36.958+0000] {processor.py:183} INFO - Processing /home/airflow/.local/lib/python3.12/site-packages/airflow/example_dags/example_nested_branch_dag.py took 0.087 seconds
[2025-08-17T00:56:07.140+0000] {processor.py:161} INFO - Started process (PID=383) to work on /home/airflow/.local/lib/python3.12/site-packages/airflow/example_dags/example_nested_branch_dag.py
[2025-08-17T00:56:07.141+0000] {processor.py:830} INFO - Processing file /home/airflow/.local/lib/python3.12/site-packages/airflow/example_dags/example_nested_branch_dag.py for tasks to queue
[2025-08-17T00:56:07.144+0000] {logging_mixin.py:188} INFO - [2025-08-17T00:56:07.144+0000] {dagbag.py:545} INFO - Filling up the DagBag from /home/airflow/.local/lib/python3.12/site-packages/airflow/example_dags/example_nested_branch_dag.py
[2025-08-17T00:56:07.155+0000] {processor.py:840} INFO - DAG(s) 'example_nested_branch_dag' retrieved from /home/airflow/.local/lib/python3.12/site-packages/airflow/example_dags/example_nested_branch_dag.py
[2025-08-17T00:56:07.182+0000] {logging_mixin.py:188} INFO - [2025-08-17T00:56:07.181+0000] {dag.py:3089} INFO - Sync 1 DAGs
[2025-08-17T00:56:07.211+0000] {logging_mixin.py:188} INFO - [2025-08-17T00:56:07.211+0000] {dag.py:3947} INFO - Setting next_dagrun for example_nested_branch_dag to 2025-08-16 00:00:00+00:00, run_after=2025-08-17 00:00:00+00:00
[2025-08-17T00:56:07.234+0000] {processor.py:183} INFO - Processing /home/airflow/.local/lib/python3.12/site-packages/airflow/example_dags/example_nested_branch_dag.py took 0.100 seconds
[2025-08-17T00:56:38.154+0000] {processor.py:161} INFO - Started process (PID=441) to work on /home/airflow/.local/lib/python3.12/site-packages/airflow/example_dags/example_nested_branch_dag.py
[2025-08-17T00:56:38.155+0000] {processor.py:830} INFO - Processing file /home/airflow/.local/lib/python3.12/site-packages/airflow/example_dags/example_nested_branch_dag.py for tasks to queue
[2025-08-17T00:56:38.157+0000] {logging_mixin.py:188} INFO - [2025-08-17T00:56:38.156+0000] {dagbag.py:545} INFO - Filling up the DagBag from /home/airflow/.local/lib/python3.12/site-packages/airflow/example_dags/example_nested_branch_dag.py
[2025-08-17T00:56:38.167+0000] {processor.py:840} INFO - DAG(s) 'example_nested_branch_dag' retrieved from /home/airflow/.local/lib/python3.12/site-packages/airflow/example_dags/example_nested_branch_dag.py
[2025-08-17T00:56:38.193+0000] {logging_mixin.py:188} INFO - [2025-08-17T00:56:38.193+0000] {dag.py:3089} INFO - Sync 1 DAGs
[2025-08-17T00:56:38.216+0000] {logging_mixin.py:188} INFO - [2025-08-17T00:56:38.216+0000] {dag.py:3947} INFO - Setting next_dagrun for example_nested_branch_dag to 2025-08-16 00:00:00+00:00, run_after=2025-08-17 00:00:00+00:00
[2025-08-17T00:56:38.236+0000] {processor.py:183} INFO - Processing /home/airflow/.local/lib/python3.12/site-packages/airflow/example_dags/example_nested_branch_dag.py took 0.089 seconds
[2025-08-17T00:57:08.489+0000] {processor.py:161} INFO - Started process (PID=499) to work on /home/airflow/.local/lib/python3.12/site-packages/airflow/example_dags/example_nested_branch_dag.py
[2025-08-17T00:57:08.490+0000] {processor.py:830} INFO - Processing file /home/airflow/.local/lib/python3.12/site-packages/airflow/example_dags/example_nested_branch_dag.py for tasks to queue
[2025-08-17T00:57:08.492+0000] {logging_mixin.py:188} INFO - [2025-08-17T00:57:08.491+0000] {dagbag.py:545} INFO - Filling up the DagBag from /home/airflow/.local/lib/python3.12/site-packages/airflow/example_dags/example_nested_branch_dag.py
[2025-08-17T00:57:08.503+0000] {processor.py:840} INFO - DAG(s) 'example_nested_branch_dag' retrieved from /home/airflow/.local/lib/python3.12/site-packages/airflow/example_dags/example_nested_branch_dag.py
[2025-08-17T00:57:08.527+0000] {logging_mixin.py:188} INFO - [2025-08-17T00:57:08.527+0000] {dag.py:3089} INFO - Sync 1 DAGs
[2025-08-17T00:57:08.550+0000] {logging_mixin.py:188} INFO - [2025-08-17T00:57:08.550+0000] {dag.py:3947} INFO - Setting next_dagrun for example_nested_branch_dag to 2025-08-16 00:00:00+00:00, run_after=2025-08-17 00:00:00+00:00
[2025-08-17T00:57:08.571+0000] {processor.py:183} INFO - Processing /home/airflow/.local/lib/python3.12/site-packages/airflow/example_dags/example_nested_branch_dag.py took 0.088 seconds
[2025-08-17T00:57:39.050+0000] {processor.py:161} INFO - Started process (PID=557) to work on /home/airflow/.local/lib/python3.12/site-packages/airflow/example_dags/example_nested_branch_dag.py
[2025-08-17T00:57:39.051+0000] {processor.py:830} INFO - Processing file /home/airflow/.local/lib/python3.12/site-packages/airflow/example_dags/example_nested_branch_dag.py for tasks to queue
[2025-08-17T00:57:39.054+0000] {logging_mixin.py:188} INFO - [2025-08-17T00:57:39.053+0000] {dagbag.py:545} INFO - Filling up the DagBag from /home/airflow/.local/lib/python3.12/site-packages/airflow/example_dags/example_nested_branch_dag.py
[2025-08-17T00:57:39.064+0000] {processor.py:840} INFO - DAG(s) 'example_nested_branch_dag' retrieved from /home/airflow/.local/lib/python3.12/site-packages/airflow/example_dags/example_nested_branch_dag.py
[2025-08-17T00:57:39.090+0000] {logging_mixin.py:188} INFO - [2025-08-17T00:57:39.090+0000] {dag.py:3089} INFO - Sync 1 DAGs
[2025-08-17T00:57:39.112+0000] {logging_mixin.py:188} INFO - [2025-08-17T00:57:39.112+0000] {dag.py:3947} INFO - Setting next_dagrun for example_nested_branch_dag to 2025-08-16 00:00:00+00:00, run_after=2025-08-17 00:00:00+00:00
[2025-08-17T00:57:39.133+0000] {processor.py:183} INFO - Processing /home/airflow/.local/lib/python3.12/site-packages/airflow/example_dags/example_nested_branch_dag.py took 0.090 seconds
[2025-08-17T00:58:09.687+0000] {processor.py:161} INFO - Started process (PID=615) to work on /home/airflow/.local/lib/python3.12/site-packages/airflow/example_dags/example_nested_branch_dag.py
[2025-08-17T00:58:09.689+0000] {processor.py:830} INFO - Processing file /home/airflow/.local/lib/python3.12/site-packages/airflow/example_dags/example_nested_branch_dag.py for tasks to queue
[2025-08-17T00:58:09.692+0000] {logging_mixin.py:188} INFO - [2025-08-17T00:58:09.691+0000] {dagbag.py:545} INFO - Filling up the DagBag from /home/airflow/.local/lib/python3.12/site-packages/airflow/example_dags/example_nested_branch_dag.py
[2025-08-17T00:58:09.707+0000] {processor.py:840} INFO - DAG(s) 'example_nested_branch_dag' retrieved from /home/airflow/.local/lib/python3.12/site-packages/airflow/example_dags/example_nested_branch_dag.py
[2025-08-17T00:58:09.744+0000] {logging_mixin.py:188} INFO - [2025-08-17T00:58:09.743+0000] {dag.py:3089} INFO - Sync 1 DAGs
[2025-08-17T00:58:09.787+0000] {logging_mixin.py:188} INFO - [2025-08-17T00:58:09.786+0000] {dag.py:3947} INFO - Setting next_dagrun for example_nested_branch_dag to 2025-08-16 00:00:00+00:00, run_after=2025-08-17 00:00:00+00:00
[2025-08-17T00:58:09.823+0000] {processor.py:183} INFO - Processing /home/airflow/.local/lib/python3.12/site-packages/airflow/example_dags/example_nested_branch_dag.py took 0.142 seconds
[2025-08-17T00:58:40.342+0000] {processor.py:161} INFO - Started process (PID=674) to work on /home/airflow/.local/lib/python3.12/site-packages/airflow/example_dags/example_nested_branch_dag.py
[2025-08-17T00:58:40.343+0000] {processor.py:830} INFO - Processing file /home/airflow/.local/lib/python3.12/site-packages/airflow/example_dags/example_nested_branch_dag.py for tasks to queue
[2025-08-17T00:58:40.346+0000] {logging_mixin.py:188} INFO - [2025-08-17T00:58:40.345+0000] {dagbag.py:545} INFO - Filling up the DagBag from /home/airflow/.local/lib/python3.12/site-packages/airflow/example_dags/example_nested_branch_dag.py
[2025-08-17T00:58:40.356+0000] {processor.py:840} INFO - DAG(s) 'example_nested_branch_dag' retrieved from /home/airflow/.local/lib/python3.12/site-packages/airflow/example_dags/example_nested_branch_dag.py
[2025-08-17T00:58:40.382+0000] {logging_mixin.py:188} INFO - [2025-08-17T00:58:40.382+0000] {dag.py:3089} INFO - Sync 1 DAGs
[2025-08-17T00:58:40.405+0000] {logging_mixin.py:188} INFO - [2025-08-17T00:58:40.405+0000] {dag.py:3947} INFO - Setting next_dagrun for example_nested_branch_dag to 2025-08-16 00:00:00+00:00, run_after=2025-08-17 00:00:00+00:00
[2025-08-17T00:58:40.425+0000] {processor.py:183} INFO - Processing /home/airflow/.local/lib/python3.12/site-packages/airflow/example_dags/example_nested_branch_dag.py took 0.089 seconds
[2025-08-17T00:59:11.167+0000] {processor.py:161} INFO - Started process (PID=733) to work on /home/airflow/.local/lib/python3.12/site-packages/airflow/example_dags/example_nested_branch_dag.py
[2025-08-17T00:59:11.169+0000] {processor.py:830} INFO - Processing file /home/airflow/.local/lib/python3.12/site-packages/airflow/example_dags/example_nested_branch_dag.py for tasks to queue
[2025-08-17T00:59:11.171+0000] {logging_mixin.py:188} INFO - [2025-08-17T00:59:11.171+0000] {dagbag.py:545} INFO - Filling up the DagBag from /home/airflow/.local/lib/python3.12/site-packages/airflow/example_dags/example_nested_branch_dag.py
[2025-08-17T00:59:11.181+0000] {processor.py:840} INFO - DAG(s) 'example_nested_branch_dag' retrieved from /home/airflow/.local/lib/python3.12/site-packages/airflow/example_dags/example_nested_branch_dag.py
[2025-08-17T00:59:11.207+0000] {logging_mixin.py:188} INFO - [2025-08-17T00:59:11.207+0000] {dag.py:3089} INFO - Sync 1 DAGs
[2025-08-17T00:59:11.230+0000] {logging_mixin.py:188} INFO - [2025-08-17T00:59:11.230+0000] {dag.py:3947} INFO - Setting next_dagrun for example_nested_branch_dag to 2025-08-16 00:00:00+00:00, run_after=2025-08-17 00:00:00+00:00
[2025-08-17T00:59:11.250+0000] {processor.py:183} INFO - Processing /home/airflow/.local/lib/python3.12/site-packages/airflow/example_dags/example_nested_branch_dag.py took 0.089 seconds
[2025-08-17T01:00:11.711+0000] {processor.py:161} INFO - Started process (PID=80) to work on /home/airflow/.local/lib/python3.12/site-packages/airflow/example_dags/example_nested_branch_dag.py
[2025-08-17T01:00:11.713+0000] {processor.py:830} INFO - Processing file /home/airflow/.local/lib/python3.12/site-packages/airflow/example_dags/example_nested_branch_dag.py for tasks to queue
[2025-08-17T01:00:11.717+0000] {logging_mixin.py:188} INFO - [2025-08-17T01:00:11.717+0000] {dagbag.py:545} INFO - Filling up the DagBag from /home/airflow/.local/lib/python3.12/site-packages/airflow/example_dags/example_nested_branch_dag.py
[2025-08-17T01:00:11.739+0000] {processor.py:840} INFO - DAG(s) 'example_nested_branch_dag' retrieved from /home/airflow/.local/lib/python3.12/site-packages/airflow/example_dags/example_nested_branch_dag.py
[2025-08-17T01:00:11.760+0000] {logging_mixin.py:188} INFO - [2025-08-17T01:00:11.760+0000] {dag.py:3089} INFO - Sync 1 DAGs
[2025-08-17T01:00:11.802+0000] {logging_mixin.py:188} INFO - [2025-08-17T01:00:11.801+0000] {dag.py:3947} INFO - Setting next_dagrun for example_nested_branch_dag to 2025-08-16 00:00:00+00:00, run_after=2025-08-17 00:00:00+00:00
[2025-08-17T01:00:11.835+0000] {processor.py:183} INFO - Processing /home/airflow/.local/lib/python3.12/site-packages/airflow/example_dags/example_nested_branch_dag.py took 0.135 seconds
[2025-08-17T01:01:34.757+0000] {processor.py:161} INFO - Started process (PID=80) to work on /home/airflow/.local/lib/python3.12/site-packages/airflow/example_dags/example_nested_branch_dag.py
[2025-08-17T01:01:34.759+0000] {processor.py:830} INFO - Processing file /home/airflow/.local/lib/python3.12/site-packages/airflow/example_dags/example_nested_branch_dag.py for tasks to queue
[2025-08-17T01:01:34.762+0000] {logging_mixin.py:188} INFO - [2025-08-17T01:01:34.761+0000] {dagbag.py:545} INFO - Filling up the DagBag from /home/airflow/.local/lib/python3.12/site-packages/airflow/example_dags/example_nested_branch_dag.py
[2025-08-17T01:01:34.777+0000] {processor.py:840} INFO - DAG(s) 'example_nested_branch_dag' retrieved from /home/airflow/.local/lib/python3.12/site-packages/airflow/example_dags/example_nested_branch_dag.py
[2025-08-17T01:01:34.795+0000] {logging_mixin.py:188} INFO - [2025-08-17T01:01:34.795+0000] {dag.py:3089} INFO - Sync 1 DAGs
[2025-08-17T01:01:34.834+0000] {logging_mixin.py:188} INFO - [2025-08-17T01:01:34.833+0000] {dag.py:3947} INFO - Setting next_dagrun for example_nested_branch_dag to 2025-08-16 00:00:00+00:00, run_after=2025-08-17 00:00:00+00:00
[2025-08-17T01:01:34.860+0000] {processor.py:183} INFO - Processing /home/airflow/.local/lib/python3.12/site-packages/airflow/example_dags/example_nested_branch_dag.py took 0.110 seconds
[2025-08-17T01:02:06.097+0000] {processor.py:161} INFO - Started process (PID=139) to work on /home/airflow/.local/lib/python3.12/site-packages/airflow/example_dags/example_nested_branch_dag.py
[2025-08-17T01:02:06.098+0000] {processor.py:830} INFO - Processing file /home/airflow/.local/lib/python3.12/site-packages/airflow/example_dags/example_nested_branch_dag.py for tasks to queue
[2025-08-17T01:02:06.101+0000] {logging_mixin.py:188} INFO - [2025-08-17T01:02:06.101+0000] {dagbag.py:545} INFO - Filling up the DagBag from /home/airflow/.local/lib/python3.12/site-packages/airflow/example_dags/example_nested_branch_dag.py
[2025-08-17T01:02:06.113+0000] {processor.py:840} INFO - DAG(s) 'example_nested_branch_dag' retrieved from /home/airflow/.local/lib/python3.12/site-packages/airflow/example_dags/example_nested_branch_dag.py
[2025-08-17T01:02:06.234+0000] {logging_mixin.py:188} INFO - [2025-08-17T01:02:06.234+0000] {dag.py:3089} INFO - Sync 1 DAGs
[2025-08-17T01:02:06.258+0000] {logging_mixin.py:188} INFO - [2025-08-17T01:02:06.258+0000] {dag.py:3947} INFO - Setting next_dagrun for example_nested_branch_dag to 2025-08-16 00:00:00+00:00, run_after=2025-08-17 00:00:00+00:00
[2025-08-17T01:02:06.280+0000] {processor.py:183} INFO - Processing /home/airflow/.local/lib/python3.12/site-packages/airflow/example_dags/example_nested_branch_dag.py took 0.192 seconds
[2025-08-17T01:02:36.753+0000] {processor.py:161} INFO - Started process (PID=198) to work on /home/airflow/.local/lib/python3.12/site-packages/airflow/example_dags/example_nested_branch_dag.py
[2025-08-17T01:02:36.754+0000] {processor.py:830} INFO - Processing file /home/airflow/.local/lib/python3.12/site-packages/airflow/example_dags/example_nested_branch_dag.py for tasks to queue
[2025-08-17T01:02:36.757+0000] {logging_mixin.py:188} INFO - [2025-08-17T01:02:36.757+0000] {dagbag.py:545} INFO - Filling up the DagBag from /home/airflow/.local/lib/python3.12/site-packages/airflow/example_dags/example_nested_branch_dag.py
[2025-08-17T01:02:36.769+0000] {processor.py:840} INFO - DAG(s) 'example_nested_branch_dag' retrieved from /home/airflow/.local/lib/python3.12/site-packages/airflow/example_dags/example_nested_branch_dag.py
[2025-08-17T01:02:36.797+0000] {logging_mixin.py:188} INFO - [2025-08-17T01:02:36.797+0000] {dag.py:3089} INFO - Sync 1 DAGs
[2025-08-17T01:02:36.823+0000] {logging_mixin.py:188} INFO - [2025-08-17T01:02:36.823+0000] {dag.py:3947} INFO - Setting next_dagrun for example_nested_branch_dag to 2025-08-16 00:00:00+00:00, run_after=2025-08-17 00:00:00+00:00
[2025-08-17T01:02:36.845+0000] {processor.py:183} INFO - Processing /home/airflow/.local/lib/python3.12/site-packages/airflow/example_dags/example_nested_branch_dag.py took 0.101 seconds
[2025-08-17T01:03:07.222+0000] {processor.py:161} INFO - Started process (PID=257) to work on /home/airflow/.local/lib/python3.12/site-packages/airflow/example_dags/example_nested_branch_dag.py
[2025-08-17T01:03:07.223+0000] {processor.py:830} INFO - Processing file /home/airflow/.local/lib/python3.12/site-packages/airflow/example_dags/example_nested_branch_dag.py for tasks to queue
[2025-08-17T01:03:07.225+0000] {logging_mixin.py:188} INFO - [2025-08-17T01:03:07.225+0000] {dagbag.py:545} INFO - Filling up the DagBag from /home/airflow/.local/lib/python3.12/site-packages/airflow/example_dags/example_nested_branch_dag.py
[2025-08-17T01:03:07.236+0000] {processor.py:840} INFO - DAG(s) 'example_nested_branch_dag' retrieved from /home/airflow/.local/lib/python3.12/site-packages/airflow/example_dags/example_nested_branch_dag.py
[2025-08-17T01:03:07.260+0000] {logging_mixin.py:188} INFO - [2025-08-17T01:03:07.260+0000] {dag.py:3089} INFO - Sync 1 DAGs
[2025-08-17T01:03:07.284+0000] {logging_mixin.py:188} INFO - [2025-08-17T01:03:07.284+0000] {dag.py:3947} INFO - Setting next_dagrun for example_nested_branch_dag to 2025-08-16 00:00:00+00:00, run_after=2025-08-17 00:00:00+00:00
[2025-08-17T01:03:07.304+0000] {processor.py:183} INFO - Processing /home/airflow/.local/lib/python3.12/site-packages/airflow/example_dags/example_nested_branch_dag.py took 0.087 seconds
[2025-08-17T01:03:37.451+0000] {processor.py:161} INFO - Started process (PID=316) to work on /home/airflow/.local/lib/python3.12/site-packages/airflow/example_dags/example_nested_branch_dag.py
[2025-08-17T01:03:37.452+0000] {processor.py:830} INFO - Processing file /home/airflow/.local/lib/python3.12/site-packages/airflow/example_dags/example_nested_branch_dag.py for tasks to queue
[2025-08-17T01:03:37.454+0000] {logging_mixin.py:188} INFO - [2025-08-17T01:03:37.454+0000] {dagbag.py:545} INFO - Filling up the DagBag from /home/airflow/.local/lib/python3.12/site-packages/airflow/example_dags/example_nested_branch_dag.py
[2025-08-17T01:03:37.464+0000] {processor.py:840} INFO - DAG(s) 'example_nested_branch_dag' retrieved from /home/airflow/.local/lib/python3.12/site-packages/airflow/example_dags/example_nested_branch_dag.py
[2025-08-17T01:03:37.488+0000] {logging_mixin.py:188} INFO - [2025-08-17T01:03:37.488+0000] {dag.py:3089} INFO - Sync 1 DAGs
[2025-08-17T01:03:37.513+0000] {logging_mixin.py:188} INFO - [2025-08-17T01:03:37.512+0000] {dag.py:3947} INFO - Setting next_dagrun for example_nested_branch_dag to 2025-08-16 00:00:00+00:00, run_after=2025-08-17 00:00:00+00:00
[2025-08-17T01:03:37.535+0000] {processor.py:183} INFO - Processing /home/airflow/.local/lib/python3.12/site-packages/airflow/example_dags/example_nested_branch_dag.py took 0.090 seconds
[2025-08-17T01:04:07.718+0000] {processor.py:161} INFO - Started process (PID=375) to work on /home/airflow/.local/lib/python3.12/site-packages/airflow/example_dags/example_nested_branch_dag.py
[2025-08-17T01:04:07.720+0000] {processor.py:830} INFO - Processing file /home/airflow/.local/lib/python3.12/site-packages/airflow/example_dags/example_nested_branch_dag.py for tasks to queue
[2025-08-17T01:04:07.723+0000] {logging_mixin.py:188} INFO - [2025-08-17T01:04:07.723+0000] {dagbag.py:545} INFO - Filling up the DagBag from /home/airflow/.local/lib/python3.12/site-packages/airflow/example_dags/example_nested_branch_dag.py
[2025-08-17T01:04:07.735+0000] {processor.py:840} INFO - DAG(s) 'example_nested_branch_dag' retrieved from /home/airflow/.local/lib/python3.12/site-packages/airflow/example_dags/example_nested_branch_dag.py
[2025-08-17T01:04:07.764+0000] {logging_mixin.py:188} INFO - [2025-08-17T01:04:07.764+0000] {dag.py:3089} INFO - Sync 1 DAGs
[2025-08-17T01:04:07.788+0000] {logging_mixin.py:188} INFO - [2025-08-17T01:04:07.788+0000] {dag.py:3947} INFO - Setting next_dagrun for example_nested_branch_dag to 2025-08-16 00:00:00+00:00, run_after=2025-08-17 00:00:00+00:00
[2025-08-17T01:04:07.808+0000] {processor.py:183} INFO - Processing /home/airflow/.local/lib/python3.12/site-packages/airflow/example_dags/example_nested_branch_dag.py took 0.096 seconds
[2025-08-17T01:04:38.535+0000] {processor.py:161} INFO - Started process (PID=440) to work on /home/airflow/.local/lib/python3.12/site-packages/airflow/example_dags/example_nested_branch_dag.py
[2025-08-17T01:04:38.537+0000] {processor.py:830} INFO - Processing file /home/airflow/.local/lib/python3.12/site-packages/airflow/example_dags/example_nested_branch_dag.py for tasks to queue
[2025-08-17T01:04:38.540+0000] {logging_mixin.py:188} INFO - [2025-08-17T01:04:38.539+0000] {dagbag.py:545} INFO - Filling up the DagBag from /home/airflow/.local/lib/python3.12/site-packages/airflow/example_dags/example_nested_branch_dag.py
[2025-08-17T01:04:38.549+0000] {processor.py:840} INFO - DAG(s) 'example_nested_branch_dag' retrieved from /home/airflow/.local/lib/python3.12/site-packages/airflow/example_dags/example_nested_branch_dag.py
[2025-08-17T01:04:38.570+0000] {logging_mixin.py:188} INFO - [2025-08-17T01:04:38.570+0000] {dag.py:3089} INFO - Sync 1 DAGs
[2025-08-17T01:04:38.589+0000] {logging_mixin.py:188} INFO - [2025-08-17T01:04:38.589+0000] {dag.py:3947} INFO - Setting next_dagrun for example_nested_branch_dag to 2025-08-16 00:00:00+00:00, run_after=2025-08-17 00:00:00+00:00
[2025-08-17T01:04:38.604+0000] {processor.py:183} INFO - Processing /home/airflow/.local/lib/python3.12/site-packages/airflow/example_dags/example_nested_branch_dag.py took 0.074 seconds
[2025-08-17T01:05:09.138+0000] {processor.py:161} INFO - Started process (PID=499) to work on /home/airflow/.local/lib/python3.12/site-packages/airflow/example_dags/example_nested_branch_dag.py
[2025-08-17T01:05:09.139+0000] {processor.py:830} INFO - Processing file /home/airflow/.local/lib/python3.12/site-packages/airflow/example_dags/example_nested_branch_dag.py for tasks to queue
[2025-08-17T01:05:09.142+0000] {logging_mixin.py:188} INFO - [2025-08-17T01:05:09.142+0000] {dagbag.py:545} INFO - Filling up the DagBag from /home/airflow/.local/lib/python3.12/site-packages/airflow/example_dags/example_nested_branch_dag.py
[2025-08-17T01:05:09.152+0000] {processor.py:840} INFO - DAG(s) 'example_nested_branch_dag' retrieved from /home/airflow/.local/lib/python3.12/site-packages/airflow/example_dags/example_nested_branch_dag.py
[2025-08-17T01:05:09.179+0000] {logging_mixin.py:188} INFO - [2025-08-17T01:05:09.178+0000] {dag.py:3089} INFO - Sync 1 DAGs
[2025-08-17T01:05:09.202+0000] {logging_mixin.py:188} INFO - [2025-08-17T01:05:09.202+0000] {dag.py:3947} INFO - Setting next_dagrun for example_nested_branch_dag to 2025-08-16 00:00:00+00:00, run_after=2025-08-17 00:00:00+00:00
[2025-08-17T01:05:09.222+0000] {processor.py:183} INFO - Processing /home/airflow/.local/lib/python3.12/site-packages/airflow/example_dags/example_nested_branch_dag.py took 0.090 seconds
[2025-08-17T01:05:39.823+0000] {processor.py:161} INFO - Started process (PID=558) to work on /home/airflow/.local/lib/python3.12/site-packages/airflow/example_dags/example_nested_branch_dag.py
[2025-08-17T01:05:39.825+0000] {processor.py:830} INFO - Processing file /home/airflow/.local/lib/python3.12/site-packages/airflow/example_dags/example_nested_branch_dag.py for tasks to queue
[2025-08-17T01:05:39.828+0000] {logging_mixin.py:188} INFO - [2025-08-17T01:05:39.827+0000] {dagbag.py:545} INFO - Filling up the DagBag from /home/airflow/.local/lib/python3.12/site-packages/airflow/example_dags/example_nested_branch_dag.py
[2025-08-17T01:05:39.838+0000] {processor.py:840} INFO - DAG(s) 'example_nested_branch_dag' retrieved from /home/airflow/.local/lib/python3.12/site-packages/airflow/example_dags/example_nested_branch_dag.py
[2025-08-17T01:05:39.862+0000] {logging_mixin.py:188} INFO - [2025-08-17T01:05:39.862+0000] {dag.py:3089} INFO - Sync 1 DAGs
[2025-08-17T01:05:39.886+0000] {logging_mixin.py:188} INFO - [2025-08-17T01:05:39.885+0000] {dag.py:3947} INFO - Setting next_dagrun for example_nested_branch_dag to 2025-08-16 00:00:00+00:00, run_after=2025-08-17 00:00:00+00:00
[2025-08-17T01:05:39.906+0000] {processor.py:183} INFO - Processing /home/airflow/.local/lib/python3.12/site-packages/airflow/example_dags/example_nested_branch_dag.py took 0.088 seconds
[2025-08-17T01:06:10.820+0000] {processor.py:161} INFO - Started process (PID=617) to work on /home/airflow/.local/lib/python3.12/site-packages/airflow/example_dags/example_nested_branch_dag.py
[2025-08-17T01:06:10.822+0000] {processor.py:830} INFO - Processing file /home/airflow/.local/lib/python3.12/site-packages/airflow/example_dags/example_nested_branch_dag.py for tasks to queue
[2025-08-17T01:06:10.824+0000] {logging_mixin.py:188} INFO - [2025-08-17T01:06:10.824+0000] {dagbag.py:545} INFO - Filling up the DagBag from /home/airflow/.local/lib/python3.12/site-packages/airflow/example_dags/example_nested_branch_dag.py
[2025-08-17T01:06:10.835+0000] {processor.py:840} INFO - DAG(s) 'example_nested_branch_dag' retrieved from /home/airflow/.local/lib/python3.12/site-packages/airflow/example_dags/example_nested_branch_dag.py
[2025-08-17T01:06:10.865+0000] {logging_mixin.py:188} INFO - [2025-08-17T01:06:10.864+0000] {dag.py:3089} INFO - Sync 1 DAGs
[2025-08-17T01:06:10.892+0000] {logging_mixin.py:188} INFO - [2025-08-17T01:06:10.891+0000] {dag.py:3947} INFO - Setting next_dagrun for example_nested_branch_dag to 2025-08-16 00:00:00+00:00, run_after=2025-08-17 00:00:00+00:00
[2025-08-17T01:06:10.917+0000] {processor.py:183} INFO - Processing /home/airflow/.local/lib/python3.12/site-packages/airflow/example_dags/example_nested_branch_dag.py took 0.104 seconds
[2025-08-17T01:06:41.095+0000] {processor.py:161} INFO - Started process (PID=676) to work on /home/airflow/.local/lib/python3.12/site-packages/airflow/example_dags/example_nested_branch_dag.py
[2025-08-17T01:06:41.096+0000] {processor.py:830} INFO - Processing file /home/airflow/.local/lib/python3.12/site-packages/airflow/example_dags/example_nested_branch_dag.py for tasks to queue
[2025-08-17T01:06:41.099+0000] {logging_mixin.py:188} INFO - [2025-08-17T01:06:41.098+0000] {dagbag.py:545} INFO - Filling up the DagBag from /home/airflow/.local/lib/python3.12/site-packages/airflow/example_dags/example_nested_branch_dag.py
[2025-08-17T01:06:41.109+0000] {processor.py:840} INFO - DAG(s) 'example_nested_branch_dag' retrieved from /home/airflow/.local/lib/python3.12/site-packages/airflow/example_dags/example_nested_branch_dag.py
[2025-08-17T01:06:41.135+0000] {logging_mixin.py:188} INFO - [2025-08-17T01:06:41.135+0000] {dag.py:3089} INFO - Sync 1 DAGs
[2025-08-17T01:06:41.160+0000] {logging_mixin.py:188} INFO - [2025-08-17T01:06:41.160+0000] {dag.py:3947} INFO - Setting next_dagrun for example_nested_branch_dag to 2025-08-16 00:00:00+00:00, run_after=2025-08-17 00:00:00+00:00
[2025-08-17T01:06:41.179+0000] {processor.py:183} INFO - Processing /home/airflow/.local/lib/python3.12/site-packages/airflow/example_dags/example_nested_branch_dag.py took 0.090 seconds
[2025-08-17T01:07:12.151+0000] {processor.py:161} INFO - Started process (PID=735) to work on /home/airflow/.local/lib/python3.12/site-packages/airflow/example_dags/example_nested_branch_dag.py
[2025-08-17T01:07:12.152+0000] {processor.py:830} INFO - Processing file /home/airflow/.local/lib/python3.12/site-packages/airflow/example_dags/example_nested_branch_dag.py for tasks to queue
[2025-08-17T01:07:12.155+0000] {logging_mixin.py:188} INFO - [2025-08-17T01:07:12.154+0000] {dagbag.py:545} INFO - Filling up the DagBag from /home/airflow/.local/lib/python3.12/site-packages/airflow/example_dags/example_nested_branch_dag.py
[2025-08-17T01:07:12.164+0000] {processor.py:840} INFO - DAG(s) 'example_nested_branch_dag' retrieved from /home/airflow/.local/lib/python3.12/site-packages/airflow/example_dags/example_nested_branch_dag.py
[2025-08-17T01:07:12.187+0000] {logging_mixin.py:188} INFO - [2025-08-17T01:07:12.187+0000] {dag.py:3089} INFO - Sync 1 DAGs
[2025-08-17T01:07:12.209+0000] {logging_mixin.py:188} INFO - [2025-08-17T01:07:12.209+0000] {dag.py:3947} INFO - Setting next_dagrun for example_nested_branch_dag to 2025-08-16 00:00:00+00:00, run_after=2025-08-17 00:00:00+00:00
[2025-08-17T01:07:12.228+0000] {processor.py:183} INFO - Processing /home/airflow/.local/lib/python3.12/site-packages/airflow/example_dags/example_nested_branch_dag.py took 0.083 seconds
[2025-08-17T01:07:42.552+0000] {processor.py:161} INFO - Started process (PID=795) to work on /home/airflow/.local/lib/python3.12/site-packages/airflow/example_dags/example_nested_branch_dag.py
[2025-08-17T01:07:42.553+0000] {processor.py:830} INFO - Processing file /home/airflow/.local/lib/python3.12/site-packages/airflow/example_dags/example_nested_branch_dag.py for tasks to queue
[2025-08-17T01:07:42.556+0000] {logging_mixin.py:188} INFO - [2025-08-17T01:07:42.556+0000] {dagbag.py:545} INFO - Filling up the DagBag from /home/airflow/.local/lib/python3.12/site-packages/airflow/example_dags/example_nested_branch_dag.py
[2025-08-17T01:07:42.570+0000] {processor.py:840} INFO - DAG(s) 'example_nested_branch_dag' retrieved from /home/airflow/.local/lib/python3.12/site-packages/airflow/example_dags/example_nested_branch_dag.py
[2025-08-17T01:07:42.601+0000] {logging_mixin.py:188} INFO - [2025-08-17T01:07:42.601+0000] {dag.py:3089} INFO - Sync 1 DAGs
[2025-08-17T01:07:42.636+0000] {logging_mixin.py:188} INFO - [2025-08-17T01:07:42.635+0000] {dag.py:3947} INFO - Setting next_dagrun for example_nested_branch_dag to 2025-08-16 00:00:00+00:00, run_after=2025-08-17 00:00:00+00:00
[2025-08-17T01:07:42.668+0000] {processor.py:183} INFO - Processing /home/airflow/.local/lib/python3.12/site-packages/airflow/example_dags/example_nested_branch_dag.py took 0.126 seconds
[2025-08-17T01:08:13.460+0000] {processor.py:161} INFO - Started process (PID=854) to work on /home/airflow/.local/lib/python3.12/site-packages/airflow/example_dags/example_nested_branch_dag.py
[2025-08-17T01:08:13.461+0000] {processor.py:830} INFO - Processing file /home/airflow/.local/lib/python3.12/site-packages/airflow/example_dags/example_nested_branch_dag.py for tasks to queue
[2025-08-17T01:08:13.462+0000] {logging_mixin.py:188} INFO - [2025-08-17T01:08:13.462+0000] {dagbag.py:545} INFO - Filling up the DagBag from /home/airflow/.local/lib/python3.12/site-packages/airflow/example_dags/example_nested_branch_dag.py
[2025-08-17T01:08:13.472+0000] {processor.py:840} INFO - DAG(s) 'example_nested_branch_dag' retrieved from /home/airflow/.local/lib/python3.12/site-packages/airflow/example_dags/example_nested_branch_dag.py
[2025-08-17T01:08:13.492+0000] {logging_mixin.py:188} INFO - [2025-08-17T01:08:13.492+0000] {dag.py:3089} INFO - Sync 1 DAGs
[2025-08-17T01:08:13.511+0000] {logging_mixin.py:188} INFO - [2025-08-17T01:08:13.511+0000] {dag.py:3947} INFO - Setting next_dagrun for example_nested_branch_dag to 2025-08-16 00:00:00+00:00, run_after=2025-08-17 00:00:00+00:00
[2025-08-17T01:08:13.527+0000] {processor.py:183} INFO - Processing /home/airflow/.local/lib/python3.12/site-packages/airflow/example_dags/example_nested_branch_dag.py took 0.072 seconds
[2025-08-17T01:08:43.938+0000] {processor.py:161} INFO - Started process (PID=913) to work on /home/airflow/.local/lib/python3.12/site-packages/airflow/example_dags/example_nested_branch_dag.py
[2025-08-17T01:08:43.940+0000] {processor.py:830} INFO - Processing file /home/airflow/.local/lib/python3.12/site-packages/airflow/example_dags/example_nested_branch_dag.py for tasks to queue
[2025-08-17T01:08:43.942+0000] {logging_mixin.py:188} INFO - [2025-08-17T01:08:43.942+0000] {dagbag.py:545} INFO - Filling up the DagBag from /home/airflow/.local/lib/python3.12/site-packages/airflow/example_dags/example_nested_branch_dag.py
[2025-08-17T01:08:43.953+0000] {processor.py:840} INFO - DAG(s) 'example_nested_branch_dag' retrieved from /home/airflow/.local/lib/python3.12/site-packages/airflow/example_dags/example_nested_branch_dag.py
[2025-08-17T01:08:43.980+0000] {logging_mixin.py:188} INFO - [2025-08-17T01:08:43.980+0000] {dag.py:3089} INFO - Sync 1 DAGs
[2025-08-17T01:08:44.007+0000] {logging_mixin.py:188} INFO - [2025-08-17T01:08:44.006+0000] {dag.py:3947} INFO - Setting next_dagrun for example_nested_branch_dag to 2025-08-16 00:00:00+00:00, run_after=2025-08-17 00:00:00+00:00
[2025-08-17T01:08:44.027+0000] {processor.py:183} INFO - Processing /home/airflow/.local/lib/python3.12/site-packages/airflow/example_dags/example_nested_branch_dag.py took 0.096 seconds
[2025-08-17T01:09:14.532+0000] {processor.py:161} INFO - Started process (PID=972) to work on /home/airflow/.local/lib/python3.12/site-packages/airflow/example_dags/example_nested_branch_dag.py
[2025-08-17T01:09:14.533+0000] {processor.py:830} INFO - Processing file /home/airflow/.local/lib/python3.12/site-packages/airflow/example_dags/example_nested_branch_dag.py for tasks to queue
[2025-08-17T01:09:14.537+0000] {logging_mixin.py:188} INFO - [2025-08-17T01:09:14.536+0000] {dagbag.py:545} INFO - Filling up the DagBag from /home/airflow/.local/lib/python3.12/site-packages/airflow/example_dags/example_nested_branch_dag.py
[2025-08-17T01:09:14.548+0000] {processor.py:840} INFO - DAG(s) 'example_nested_branch_dag' retrieved from /home/airflow/.local/lib/python3.12/site-packages/airflow/example_dags/example_nested_branch_dag.py
[2025-08-17T01:09:14.576+0000] {logging_mixin.py:188} INFO - [2025-08-17T01:09:14.576+0000] {dag.py:3089} INFO - Sync 1 DAGs
[2025-08-17T01:09:14.611+0000] {logging_mixin.py:188} INFO - [2025-08-17T01:09:14.610+0000] {dag.py:3947} INFO - Setting next_dagrun for example_nested_branch_dag to 2025-08-16 00:00:00+00:00, run_after=2025-08-17 00:00:00+00:00
[2025-08-17T01:09:14.647+0000] {processor.py:183} INFO - Processing /home/airflow/.local/lib/python3.12/site-packages/airflow/example_dags/example_nested_branch_dag.py took 0.123 seconds
[2025-08-17T01:09:45.328+0000] {processor.py:161} INFO - Started process (PID=1031) to work on /home/airflow/.local/lib/python3.12/site-packages/airflow/example_dags/example_nested_branch_dag.py
[2025-08-17T01:09:45.330+0000] {processor.py:830} INFO - Processing file /home/airflow/.local/lib/python3.12/site-packages/airflow/example_dags/example_nested_branch_dag.py for tasks to queue
[2025-08-17T01:09:45.333+0000] {logging_mixin.py:188} INFO - [2025-08-17T01:09:45.333+0000] {dagbag.py:545} INFO - Filling up the DagBag from /home/airflow/.local/lib/python3.12/site-packages/airflow/example_dags/example_nested_branch_dag.py
[2025-08-17T01:09:45.346+0000] {processor.py:840} INFO - DAG(s) 'example_nested_branch_dag' retrieved from /home/airflow/.local/lib/python3.12/site-packages/airflow/example_dags/example_nested_branch_dag.py
[2025-08-17T01:09:45.378+0000] {logging_mixin.py:188} INFO - [2025-08-17T01:09:45.377+0000] {dag.py:3089} INFO - Sync 1 DAGs
[2025-08-17T01:09:45.408+0000] {logging_mixin.py:188} INFO - [2025-08-17T01:09:45.407+0000] {dag.py:3947} INFO - Setting next_dagrun for example_nested_branch_dag to 2025-08-16 00:00:00+00:00, run_after=2025-08-17 00:00:00+00:00
[2025-08-17T01:09:45.433+0000] {processor.py:183} INFO - Processing /home/airflow/.local/lib/python3.12/site-packages/airflow/example_dags/example_nested_branch_dag.py took 0.113 seconds
[2025-08-17T01:10:15.554+0000] {processor.py:161} INFO - Started process (PID=1091) to work on /home/airflow/.local/lib/python3.12/site-packages/airflow/example_dags/example_nested_branch_dag.py
[2025-08-17T01:10:15.555+0000] {processor.py:830} INFO - Processing file /home/airflow/.local/lib/python3.12/site-packages/airflow/example_dags/example_nested_branch_dag.py for tasks to queue
[2025-08-17T01:10:15.558+0000] {logging_mixin.py:188} INFO - [2025-08-17T01:10:15.557+0000] {dagbag.py:545} INFO - Filling up the DagBag from /home/airflow/.local/lib/python3.12/site-packages/airflow/example_dags/example_nested_branch_dag.py
[2025-08-17T01:10:15.566+0000] {processor.py:840} INFO - DAG(s) 'example_nested_branch_dag' retrieved from /home/airflow/.local/lib/python3.12/site-packages/airflow/example_dags/example_nested_branch_dag.py
[2025-08-17T01:10:15.590+0000] {logging_mixin.py:188} INFO - [2025-08-17T01:10:15.590+0000] {dag.py:3089} INFO - Sync 1 DAGs
[2025-08-17T01:10:15.611+0000] {logging_mixin.py:188} INFO - [2025-08-17T01:10:15.611+0000] {dag.py:3947} INFO - Setting next_dagrun for example_nested_branch_dag to 2025-08-16 00:00:00+00:00, run_after=2025-08-17 00:00:00+00:00
[2025-08-17T01:10:15.629+0000] {processor.py:183} INFO - Processing /home/airflow/.local/lib/python3.12/site-packages/airflow/example_dags/example_nested_branch_dag.py took 0.080 seconds
[2025-08-17T01:10:45.829+0000] {processor.py:161} INFO - Started process (PID=1149) to work on /home/airflow/.local/lib/python3.12/site-packages/airflow/example_dags/example_nested_branch_dag.py
[2025-08-17T01:10:45.830+0000] {processor.py:830} INFO - Processing file /home/airflow/.local/lib/python3.12/site-packages/airflow/example_dags/example_nested_branch_dag.py for tasks to queue
[2025-08-17T01:10:45.833+0000] {logging_mixin.py:188} INFO - [2025-08-17T01:10:45.832+0000] {dagbag.py:545} INFO - Filling up the DagBag from /home/airflow/.local/lib/python3.12/site-packages/airflow/example_dags/example_nested_branch_dag.py
[2025-08-17T01:10:45.845+0000] {processor.py:840} INFO - DAG(s) 'example_nested_branch_dag' retrieved from /home/airflow/.local/lib/python3.12/site-packages/airflow/example_dags/example_nested_branch_dag.py
[2025-08-17T01:10:45.872+0000] {logging_mixin.py:188} INFO - [2025-08-17T01:10:45.872+0000] {dag.py:3089} INFO - Sync 1 DAGs
[2025-08-17T01:10:45.896+0000] {logging_mixin.py:188} INFO - [2025-08-17T01:10:45.895+0000] {dag.py:3947} INFO - Setting next_dagrun for example_nested_branch_dag to 2025-08-16 00:00:00+00:00, run_after=2025-08-17 00:00:00+00:00
[2025-08-17T01:10:45.915+0000] {processor.py:183} INFO - Processing /home/airflow/.local/lib/python3.12/site-packages/airflow/example_dags/example_nested_branch_dag.py took 0.094 seconds
[2025-08-17T01:11:16.306+0000] {processor.py:161} INFO - Started process (PID=1208) to work on /home/airflow/.local/lib/python3.12/site-packages/airflow/example_dags/example_nested_branch_dag.py
[2025-08-17T01:11:16.308+0000] {processor.py:830} INFO - Processing file /home/airflow/.local/lib/python3.12/site-packages/airflow/example_dags/example_nested_branch_dag.py for tasks to queue
[2025-08-17T01:11:16.310+0000] {logging_mixin.py:188} INFO - [2025-08-17T01:11:16.310+0000] {dagbag.py:545} INFO - Filling up the DagBag from /home/airflow/.local/lib/python3.12/site-packages/airflow/example_dags/example_nested_branch_dag.py
[2025-08-17T01:11:16.321+0000] {processor.py:840} INFO - DAG(s) 'example_nested_branch_dag' retrieved from /home/airflow/.local/lib/python3.12/site-packages/airflow/example_dags/example_nested_branch_dag.py
[2025-08-17T01:11:16.344+0000] {logging_mixin.py:188} INFO - [2025-08-17T01:11:16.344+0000] {dag.py:3089} INFO - Sync 1 DAGs
[2025-08-17T01:11:16.366+0000] {logging_mixin.py:188} INFO - [2025-08-17T01:11:16.366+0000] {dag.py:3947} INFO - Setting next_dagrun for example_nested_branch_dag to 2025-08-16 00:00:00+00:00, run_after=2025-08-17 00:00:00+00:00
[2025-08-17T01:11:16.389+0000] {processor.py:183} INFO - Processing /home/airflow/.local/lib/python3.12/site-packages/airflow/example_dags/example_nested_branch_dag.py took 0.090 seconds
[2025-08-17T01:11:46.897+0000] {processor.py:161} INFO - Started process (PID=1267) to work on /home/airflow/.local/lib/python3.12/site-packages/airflow/example_dags/example_nested_branch_dag.py
[2025-08-17T01:11:46.898+0000] {processor.py:830} INFO - Processing file /home/airflow/.local/lib/python3.12/site-packages/airflow/example_dags/example_nested_branch_dag.py for tasks to queue
[2025-08-17T01:11:46.900+0000] {logging_mixin.py:188} INFO - [2025-08-17T01:11:46.900+0000] {dagbag.py:545} INFO - Filling up the DagBag from /home/airflow/.local/lib/python3.12/site-packages/airflow/example_dags/example_nested_branch_dag.py
[2025-08-17T01:11:46.913+0000] {processor.py:840} INFO - DAG(s) 'example_nested_branch_dag' retrieved from /home/airflow/.local/lib/python3.12/site-packages/airflow/example_dags/example_nested_branch_dag.py
[2025-08-17T01:11:46.939+0000] {logging_mixin.py:188} INFO - [2025-08-17T01:11:46.939+0000] {dag.py:3089} INFO - Sync 1 DAGs
[2025-08-17T01:11:46.964+0000] {logging_mixin.py:188} INFO - [2025-08-17T01:11:46.964+0000] {dag.py:3947} INFO - Setting next_dagrun for example_nested_branch_dag to 2025-08-16 00:00:00+00:00, run_after=2025-08-17 00:00:00+00:00
[2025-08-17T01:11:46.985+0000] {processor.py:183} INFO - Processing /home/airflow/.local/lib/python3.12/site-packages/airflow/example_dags/example_nested_branch_dag.py took 0.095 seconds
[2025-08-17T01:12:17.144+0000] {processor.py:161} INFO - Started process (PID=1326) to work on /home/airflow/.local/lib/python3.12/site-packages/airflow/example_dags/example_nested_branch_dag.py
[2025-08-17T01:12:17.145+0000] {processor.py:830} INFO - Processing file /home/airflow/.local/lib/python3.12/site-packages/airflow/example_dags/example_nested_branch_dag.py for tasks to queue
[2025-08-17T01:12:17.149+0000] {logging_mixin.py:188} INFO - [2025-08-17T01:12:17.148+0000] {dagbag.py:545} INFO - Filling up the DagBag from /home/airflow/.local/lib/python3.12/site-packages/airflow/example_dags/example_nested_branch_dag.py
[2025-08-17T01:12:17.161+0000] {processor.py:840} INFO - DAG(s) 'example_nested_branch_dag' retrieved from /home/airflow/.local/lib/python3.12/site-packages/airflow/example_dags/example_nested_branch_dag.py
[2025-08-17T01:12:17.188+0000] {logging_mixin.py:188} INFO - [2025-08-17T01:12:17.188+0000] {dag.py:3089} INFO - Sync 1 DAGs
[2025-08-17T01:12:17.220+0000] {logging_mixin.py:188} INFO - [2025-08-17T01:12:17.220+0000] {dag.py:3947} INFO - Setting next_dagrun for example_nested_branch_dag to 2025-08-16 00:00:00+00:00, run_after=2025-08-17 00:00:00+00:00
[2025-08-17T01:12:17.253+0000] {processor.py:183} INFO - Processing /home/airflow/.local/lib/python3.12/site-packages/airflow/example_dags/example_nested_branch_dag.py took 0.116 seconds
[2025-08-17T01:12:47.678+0000] {processor.py:161} INFO - Started process (PID=1385) to work on /home/airflow/.local/lib/python3.12/site-packages/airflow/example_dags/example_nested_branch_dag.py
[2025-08-17T01:12:47.679+0000] {processor.py:830} INFO - Processing file /home/airflow/.local/lib/python3.12/site-packages/airflow/example_dags/example_nested_branch_dag.py for tasks to queue
[2025-08-17T01:12:47.682+0000] {logging_mixin.py:188} INFO - [2025-08-17T01:12:47.681+0000] {dagbag.py:545} INFO - Filling up the DagBag from /home/airflow/.local/lib/python3.12/site-packages/airflow/example_dags/example_nested_branch_dag.py
[2025-08-17T01:12:47.692+0000] {processor.py:840} INFO - DAG(s) 'example_nested_branch_dag' retrieved from /home/airflow/.local/lib/python3.12/site-packages/airflow/example_dags/example_nested_branch_dag.py
[2025-08-17T01:12:47.717+0000] {logging_mixin.py:188} INFO - [2025-08-17T01:12:47.717+0000] {dag.py:3089} INFO - Sync 1 DAGs
[2025-08-17T01:12:47.740+0000] {logging_mixin.py:188} INFO - [2025-08-17T01:12:47.740+0000] {dag.py:3947} INFO - Setting next_dagrun for example_nested_branch_dag to 2025-08-16 00:00:00+00:00, run_after=2025-08-17 00:00:00+00:00
[2025-08-17T01:12:47.760+0000] {processor.py:183} INFO - Processing /home/airflow/.local/lib/python3.12/site-packages/airflow/example_dags/example_nested_branch_dag.py took 0.087 seconds
[2025-08-17T01:13:18.077+0000] {processor.py:161} INFO - Started process (PID=1445) to work on /home/airflow/.local/lib/python3.12/site-packages/airflow/example_dags/example_nested_branch_dag.py
[2025-08-17T01:13:18.078+0000] {processor.py:830} INFO - Processing file /home/airflow/.local/lib/python3.12/site-packages/airflow/example_dags/example_nested_branch_dag.py for tasks to queue
[2025-08-17T01:13:18.081+0000] {logging_mixin.py:188} INFO - [2025-08-17T01:13:18.081+0000] {dagbag.py:545} INFO - Filling up the DagBag from /home/airflow/.local/lib/python3.12/site-packages/airflow/example_dags/example_nested_branch_dag.py
[2025-08-17T01:13:18.091+0000] {processor.py:840} INFO - DAG(s) 'example_nested_branch_dag' retrieved from /home/airflow/.local/lib/python3.12/site-packages/airflow/example_dags/example_nested_branch_dag.py
[2025-08-17T01:13:18.115+0000] {logging_mixin.py:188} INFO - [2025-08-17T01:13:18.115+0000] {dag.py:3089} INFO - Sync 1 DAGs
[2025-08-17T01:13:18.138+0000] {logging_mixin.py:188} INFO - [2025-08-17T01:13:18.138+0000] {dag.py:3947} INFO - Setting next_dagrun for example_nested_branch_dag to 2025-08-16 00:00:00+00:00, run_after=2025-08-17 00:00:00+00:00
[2025-08-17T01:13:18.158+0000] {processor.py:183} INFO - Processing /home/airflow/.local/lib/python3.12/site-packages/airflow/example_dags/example_nested_branch_dag.py took 0.087 seconds
[2025-08-17T01:13:48.606+0000] {processor.py:161} INFO - Started process (PID=1504) to work on /home/airflow/.local/lib/python3.12/site-packages/airflow/example_dags/example_nested_branch_dag.py
[2025-08-17T01:13:48.607+0000] {processor.py:830} INFO - Processing file /home/airflow/.local/lib/python3.12/site-packages/airflow/example_dags/example_nested_branch_dag.py for tasks to queue
[2025-08-17T01:13:48.609+0000] {logging_mixin.py:188} INFO - [2025-08-17T01:13:48.609+0000] {dagbag.py:545} INFO - Filling up the DagBag from /home/airflow/.local/lib/python3.12/site-packages/airflow/example_dags/example_nested_branch_dag.py
[2025-08-17T01:13:48.620+0000] {processor.py:840} INFO - DAG(s) 'example_nested_branch_dag' retrieved from /home/airflow/.local/lib/python3.12/site-packages/airflow/example_dags/example_nested_branch_dag.py
[2025-08-17T01:13:48.644+0000] {logging_mixin.py:188} INFO - [2025-08-17T01:13:48.644+0000] {dag.py:3089} INFO - Sync 1 DAGs
[2025-08-17T01:13:48.667+0000] {logging_mixin.py:188} INFO - [2025-08-17T01:13:48.666+0000] {dag.py:3947} INFO - Setting next_dagrun for example_nested_branch_dag to 2025-08-16 00:00:00+00:00, run_after=2025-08-17 00:00:00+00:00
[2025-08-17T01:13:48.685+0000] {processor.py:183} INFO - Processing /home/airflow/.local/lib/python3.12/site-packages/airflow/example_dags/example_nested_branch_dag.py took 0.085 seconds
[2025-08-17T01:14:19.223+0000] {processor.py:161} INFO - Started process (PID=1563) to work on /home/airflow/.local/lib/python3.12/site-packages/airflow/example_dags/example_nested_branch_dag.py
[2025-08-17T01:14:19.225+0000] {processor.py:830} INFO - Processing file /home/airflow/.local/lib/python3.12/site-packages/airflow/example_dags/example_nested_branch_dag.py for tasks to queue
[2025-08-17T01:14:19.229+0000] {logging_mixin.py:188} INFO - [2025-08-17T01:14:19.229+0000] {dagbag.py:545} INFO - Filling up the DagBag from /home/airflow/.local/lib/python3.12/site-packages/airflow/example_dags/example_nested_branch_dag.py
[2025-08-17T01:14:19.246+0000] {processor.py:840} INFO - DAG(s) 'example_nested_branch_dag' retrieved from /home/airflow/.local/lib/python3.12/site-packages/airflow/example_dags/example_nested_branch_dag.py
[2025-08-17T01:14:19.279+0000] {logging_mixin.py:188} INFO - [2025-08-17T01:14:19.279+0000] {dag.py:3089} INFO - Sync 1 DAGs
[2025-08-17T01:14:19.308+0000] {logging_mixin.py:188} INFO - [2025-08-17T01:14:19.307+0000] {dag.py:3947} INFO - Setting next_dagrun for example_nested_branch_dag to 2025-08-16 00:00:00+00:00, run_after=2025-08-17 00:00:00+00:00
[2025-08-17T01:14:19.328+0000] {processor.py:183} INFO - Processing /home/airflow/.local/lib/python3.12/site-packages/airflow/example_dags/example_nested_branch_dag.py took 0.112 seconds
[2025-08-17T01:14:49.756+0000] {processor.py:161} INFO - Started process (PID=1622) to work on /home/airflow/.local/lib/python3.12/site-packages/airflow/example_dags/example_nested_branch_dag.py
[2025-08-17T01:14:49.757+0000] {processor.py:830} INFO - Processing file /home/airflow/.local/lib/python3.12/site-packages/airflow/example_dags/example_nested_branch_dag.py for tasks to queue
[2025-08-17T01:14:49.760+0000] {logging_mixin.py:188} INFO - [2025-08-17T01:14:49.759+0000] {dagbag.py:545} INFO - Filling up the DagBag from /home/airflow/.local/lib/python3.12/site-packages/airflow/example_dags/example_nested_branch_dag.py
[2025-08-17T01:14:49.769+0000] {processor.py:840} INFO - DAG(s) 'example_nested_branch_dag' retrieved from /home/airflow/.local/lib/python3.12/site-packages/airflow/example_dags/example_nested_branch_dag.py
[2025-08-17T01:14:49.792+0000] {logging_mixin.py:188} INFO - [2025-08-17T01:14:49.792+0000] {dag.py:3089} INFO - Sync 1 DAGs
[2025-08-17T01:14:49.815+0000] {logging_mixin.py:188} INFO - [2025-08-17T01:14:49.815+0000] {dag.py:3947} INFO - Setting next_dagrun for example_nested_branch_dag to 2025-08-16 00:00:00+00:00, run_after=2025-08-17 00:00:00+00:00
[2025-08-17T01:14:49.833+0000] {processor.py:183} INFO - Processing /home/airflow/.local/lib/python3.12/site-packages/airflow/example_dags/example_nested_branch_dag.py took 0.082 seconds
[2025-08-17T01:15:19.990+0000] {processor.py:161} INFO - Started process (PID=1681) to work on /home/airflow/.local/lib/python3.12/site-packages/airflow/example_dags/example_nested_branch_dag.py
[2025-08-17T01:15:19.992+0000] {processor.py:830} INFO - Processing file /home/airflow/.local/lib/python3.12/site-packages/airflow/example_dags/example_nested_branch_dag.py for tasks to queue
[2025-08-17T01:15:19.994+0000] {logging_mixin.py:188} INFO - [2025-08-17T01:15:19.994+0000] {dagbag.py:545} INFO - Filling up the DagBag from /home/airflow/.local/lib/python3.12/site-packages/airflow/example_dags/example_nested_branch_dag.py
[2025-08-17T01:15:20.003+0000] {processor.py:840} INFO - DAG(s) 'example_nested_branch_dag' retrieved from /home/airflow/.local/lib/python3.12/site-packages/airflow/example_dags/example_nested_branch_dag.py
[2025-08-17T01:15:20.030+0000] {logging_mixin.py:188} INFO - [2025-08-17T01:15:20.030+0000] {dag.py:3089} INFO - Sync 1 DAGs
[2025-08-17T01:15:20.057+0000] {logging_mixin.py:188} INFO - [2025-08-17T01:15:20.057+0000] {dag.py:3947} INFO - Setting next_dagrun for example_nested_branch_dag to 2025-08-16 00:00:00+00:00, run_after=2025-08-17 00:00:00+00:00
[2025-08-17T01:15:20.078+0000] {processor.py:183} INFO - Processing /home/airflow/.local/lib/python3.12/site-packages/airflow/example_dags/example_nested_branch_dag.py took 0.093 seconds
[2025-08-17T01:15:50.684+0000] {processor.py:161} INFO - Started process (PID=1740) to work on /home/airflow/.local/lib/python3.12/site-packages/airflow/example_dags/example_nested_branch_dag.py
[2025-08-17T01:15:50.686+0000] {processor.py:830} INFO - Processing file /home/airflow/.local/lib/python3.12/site-packages/airflow/example_dags/example_nested_branch_dag.py for tasks to queue
[2025-08-17T01:15:50.689+0000] {logging_mixin.py:188} INFO - [2025-08-17T01:15:50.689+0000] {dagbag.py:545} INFO - Filling up the DagBag from /home/airflow/.local/lib/python3.12/site-packages/airflow/example_dags/example_nested_branch_dag.py
[2025-08-17T01:15:50.701+0000] {processor.py:840} INFO - DAG(s) 'example_nested_branch_dag' retrieved from /home/airflow/.local/lib/python3.12/site-packages/airflow/example_dags/example_nested_branch_dag.py
[2025-08-17T01:15:50.730+0000] {logging_mixin.py:188} INFO - [2025-08-17T01:15:50.729+0000] {dag.py:3089} INFO - Sync 1 DAGs
[2025-08-17T01:15:50.760+0000] {logging_mixin.py:188} INFO - [2025-08-17T01:15:50.759+0000] {dag.py:3947} INFO - Setting next_dagrun for example_nested_branch_dag to 2025-08-16 00:00:00+00:00, run_after=2025-08-17 00:00:00+00:00
[2025-08-17T01:15:50.962+0000] {processor.py:183} INFO - Processing /home/airflow/.local/lib/python3.12/site-packages/airflow/example_dags/example_nested_branch_dag.py took 0.285 seconds
[2025-08-17T01:16:21.817+0000] {processor.py:161} INFO - Started process (PID=1799) to work on /home/airflow/.local/lib/python3.12/site-packages/airflow/example_dags/example_nested_branch_dag.py
[2025-08-17T01:16:21.819+0000] {processor.py:830} INFO - Processing file /home/airflow/.local/lib/python3.12/site-packages/airflow/example_dags/example_nested_branch_dag.py for tasks to queue
[2025-08-17T01:16:21.822+0000] {logging_mixin.py:188} INFO - [2025-08-17T01:16:21.821+0000] {dagbag.py:545} INFO - Filling up the DagBag from /home/airflow/.local/lib/python3.12/site-packages/airflow/example_dags/example_nested_branch_dag.py
[2025-08-17T01:16:21.831+0000] {processor.py:840} INFO - DAG(s) 'example_nested_branch_dag' retrieved from /home/airflow/.local/lib/python3.12/site-packages/airflow/example_dags/example_nested_branch_dag.py
[2025-08-17T01:16:21.854+0000] {logging_mixin.py:188} INFO - [2025-08-17T01:16:21.854+0000] {dag.py:3089} INFO - Sync 1 DAGs
[2025-08-17T01:16:21.878+0000] {logging_mixin.py:188} INFO - [2025-08-17T01:16:21.878+0000] {dag.py:3947} INFO - Setting next_dagrun for example_nested_branch_dag to 2025-08-16 00:00:00+00:00, run_after=2025-08-17 00:00:00+00:00
[2025-08-17T01:16:22.067+0000] {processor.py:183} INFO - Processing /home/airflow/.local/lib/python3.12/site-packages/airflow/example_dags/example_nested_branch_dag.py took 0.256 seconds
[2025-08-17T01:17:39.629+0000] {processor.py:161} INFO - Started process (PID=86) to work on /home/airflow/.local/lib/python3.12/site-packages/airflow/example_dags/example_nested_branch_dag.py
[2025-08-17T01:17:39.630+0000] {processor.py:830} INFO - Processing file /home/airflow/.local/lib/python3.12/site-packages/airflow/example_dags/example_nested_branch_dag.py for tasks to queue
[2025-08-17T01:17:39.633+0000] {logging_mixin.py:188} INFO - [2025-08-17T01:17:39.633+0000] {dagbag.py:545} INFO - Filling up the DagBag from /home/airflow/.local/lib/python3.12/site-packages/airflow/example_dags/example_nested_branch_dag.py
[2025-08-17T01:17:39.652+0000] {processor.py:840} INFO - DAG(s) 'example_nested_branch_dag' retrieved from /home/airflow/.local/lib/python3.12/site-packages/airflow/example_dags/example_nested_branch_dag.py
[2025-08-17T01:17:39.868+0000] {logging_mixin.py:188} INFO - [2025-08-17T01:17:39.868+0000] {dag.py:3089} INFO - Sync 1 DAGs
[2025-08-17T01:17:39.900+0000] {logging_mixin.py:188} INFO - [2025-08-17T01:17:39.900+0000] {dag.py:3947} INFO - Setting next_dagrun for example_nested_branch_dag to 2025-08-16 00:00:00+00:00, run_after=2025-08-17 00:00:00+00:00
[2025-08-17T01:17:39.931+0000] {processor.py:183} INFO - Processing /home/airflow/.local/lib/python3.12/site-packages/airflow/example_dags/example_nested_branch_dag.py took 0.312 seconds
[2025-08-17T01:18:10.025+0000] {processor.py:161} INFO - Started process (PID=151) to work on /home/airflow/.local/lib/python3.12/site-packages/airflow/example_dags/example_nested_branch_dag.py
[2025-08-17T01:18:10.027+0000] {processor.py:830} INFO - Processing file /home/airflow/.local/lib/python3.12/site-packages/airflow/example_dags/example_nested_branch_dag.py for tasks to queue
[2025-08-17T01:18:10.030+0000] {logging_mixin.py:188} INFO - [2025-08-17T01:18:10.029+0000] {dagbag.py:545} INFO - Filling up the DagBag from /home/airflow/.local/lib/python3.12/site-packages/airflow/example_dags/example_nested_branch_dag.py
[2025-08-17T01:18:10.044+0000] {processor.py:840} INFO - DAG(s) 'example_nested_branch_dag' retrieved from /home/airflow/.local/lib/python3.12/site-packages/airflow/example_dags/example_nested_branch_dag.py
[2025-08-17T01:18:10.079+0000] {logging_mixin.py:188} INFO - [2025-08-17T01:18:10.079+0000] {dag.py:3089} INFO - Sync 1 DAGs
[2025-08-17T01:18:10.113+0000] {logging_mixin.py:188} INFO - [2025-08-17T01:18:10.113+0000] {dag.py:3947} INFO - Setting next_dagrun for example_nested_branch_dag to 2025-08-16 00:00:00+00:00, run_after=2025-08-17 00:00:00+00:00
[2025-08-17T01:18:10.147+0000] {processor.py:183} INFO - Processing /home/airflow/.local/lib/python3.12/site-packages/airflow/example_dags/example_nested_branch_dag.py took 0.129 seconds
[2025-08-17T01:18:40.729+0000] {processor.py:161} INFO - Started process (PID=210) to work on /home/airflow/.local/lib/python3.12/site-packages/airflow/example_dags/example_nested_branch_dag.py
[2025-08-17T01:18:40.731+0000] {processor.py:830} INFO - Processing file /home/airflow/.local/lib/python3.12/site-packages/airflow/example_dags/example_nested_branch_dag.py for tasks to queue
[2025-08-17T01:18:40.733+0000] {logging_mixin.py:188} INFO - [2025-08-17T01:18:40.733+0000] {dagbag.py:545} INFO - Filling up the DagBag from /home/airflow/.local/lib/python3.12/site-packages/airflow/example_dags/example_nested_branch_dag.py
[2025-08-17T01:18:40.744+0000] {processor.py:840} INFO - DAG(s) 'example_nested_branch_dag' retrieved from /home/airflow/.local/lib/python3.12/site-packages/airflow/example_dags/example_nested_branch_dag.py
[2025-08-17T01:18:40.768+0000] {logging_mixin.py:188} INFO - [2025-08-17T01:18:40.768+0000] {dag.py:3089} INFO - Sync 1 DAGs
[2025-08-17T01:18:40.793+0000] {logging_mixin.py:188} INFO - [2025-08-17T01:18:40.793+0000] {dag.py:3947} INFO - Setting next_dagrun for example_nested_branch_dag to 2025-08-16 00:00:00+00:00, run_after=2025-08-17 00:00:00+00:00
[2025-08-17T01:18:40.819+0000] {processor.py:183} INFO - Processing /home/airflow/.local/lib/python3.12/site-packages/airflow/example_dags/example_nested_branch_dag.py took 0.096 seconds
[2025-08-17T01:19:11.010+0000] {processor.py:161} INFO - Started process (PID=269) to work on /home/airflow/.local/lib/python3.12/site-packages/airflow/example_dags/example_nested_branch_dag.py
[2025-08-17T01:19:11.011+0000] {processor.py:830} INFO - Processing file /home/airflow/.local/lib/python3.12/site-packages/airflow/example_dags/example_nested_branch_dag.py for tasks to queue
[2025-08-17T01:19:11.014+0000] {logging_mixin.py:188} INFO - [2025-08-17T01:19:11.013+0000] {dagbag.py:545} INFO - Filling up the DagBag from /home/airflow/.local/lib/python3.12/site-packages/airflow/example_dags/example_nested_branch_dag.py
[2025-08-17T01:19:11.024+0000] {processor.py:840} INFO - DAG(s) 'example_nested_branch_dag' retrieved from /home/airflow/.local/lib/python3.12/site-packages/airflow/example_dags/example_nested_branch_dag.py
[2025-08-17T01:19:11.047+0000] {logging_mixin.py:188} INFO - [2025-08-17T01:19:11.046+0000] {dag.py:3089} INFO - Sync 1 DAGs
[2025-08-17T01:19:11.069+0000] {logging_mixin.py:188} INFO - [2025-08-17T01:19:11.068+0000] {dag.py:3947} INFO - Setting next_dagrun for example_nested_branch_dag to 2025-08-16 00:00:00+00:00, run_after=2025-08-17 00:00:00+00:00
[2025-08-17T01:19:11.089+0000] {processor.py:183} INFO - Processing /home/airflow/.local/lib/python3.12/site-packages/airflow/example_dags/example_nested_branch_dag.py took 0.085 seconds
[2025-08-17T01:19:41.198+0000] {processor.py:161} INFO - Started process (PID=328) to work on /home/airflow/.local/lib/python3.12/site-packages/airflow/example_dags/example_nested_branch_dag.py
[2025-08-17T01:19:41.200+0000] {processor.py:830} INFO - Processing file /home/airflow/.local/lib/python3.12/site-packages/airflow/example_dags/example_nested_branch_dag.py for tasks to queue
[2025-08-17T01:19:41.202+0000] {logging_mixin.py:188} INFO - [2025-08-17T01:19:41.202+0000] {dagbag.py:545} INFO - Filling up the DagBag from /home/airflow/.local/lib/python3.12/site-packages/airflow/example_dags/example_nested_branch_dag.py
[2025-08-17T01:19:41.213+0000] {processor.py:840} INFO - DAG(s) 'example_nested_branch_dag' retrieved from /home/airflow/.local/lib/python3.12/site-packages/airflow/example_dags/example_nested_branch_dag.py
[2025-08-17T01:19:41.238+0000] {logging_mixin.py:188} INFO - [2025-08-17T01:19:41.237+0000] {dag.py:3089} INFO - Sync 1 DAGs
[2025-08-17T01:19:41.263+0000] {logging_mixin.py:188} INFO - [2025-08-17T01:19:41.263+0000] {dag.py:3947} INFO - Setting next_dagrun for example_nested_branch_dag to 2025-08-16 00:00:00+00:00, run_after=2025-08-17 00:00:00+00:00
[2025-08-17T01:19:41.281+0000] {processor.py:183} INFO - Processing /home/airflow/.local/lib/python3.12/site-packages/airflow/example_dags/example_nested_branch_dag.py took 0.089 seconds
[2025-08-17T01:20:11.458+0000] {processor.py:161} INFO - Started process (PID=388) to work on /home/airflow/.local/lib/python3.12/site-packages/airflow/example_dags/example_nested_branch_dag.py
[2025-08-17T01:20:11.459+0000] {processor.py:830} INFO - Processing file /home/airflow/.local/lib/python3.12/site-packages/airflow/example_dags/example_nested_branch_dag.py for tasks to queue
[2025-08-17T01:20:11.461+0000] {logging_mixin.py:188} INFO - [2025-08-17T01:20:11.461+0000] {dagbag.py:545} INFO - Filling up the DagBag from /home/airflow/.local/lib/python3.12/site-packages/airflow/example_dags/example_nested_branch_dag.py
[2025-08-17T01:20:11.471+0000] {processor.py:840} INFO - DAG(s) 'example_nested_branch_dag' retrieved from /home/airflow/.local/lib/python3.12/site-packages/airflow/example_dags/example_nested_branch_dag.py
[2025-08-17T01:20:11.497+0000] {logging_mixin.py:188} INFO - [2025-08-17T01:20:11.496+0000] {dag.py:3089} INFO - Sync 1 DAGs
[2025-08-17T01:20:11.519+0000] {logging_mixin.py:188} INFO - [2025-08-17T01:20:11.519+0000] {dag.py:3947} INFO - Setting next_dagrun for example_nested_branch_dag to 2025-08-16 00:00:00+00:00, run_after=2025-08-17 00:00:00+00:00
[2025-08-17T01:20:11.537+0000] {processor.py:183} INFO - Processing /home/airflow/.local/lib/python3.12/site-packages/airflow/example_dags/example_nested_branch_dag.py took 0.084 seconds
[2025-08-17T01:20:41.631+0000] {processor.py:161} INFO - Started process (PID=448) to work on /home/airflow/.local/lib/python3.12/site-packages/airflow/example_dags/example_nested_branch_dag.py
[2025-08-17T01:20:41.633+0000] {processor.py:830} INFO - Processing file /home/airflow/.local/lib/python3.12/site-packages/airflow/example_dags/example_nested_branch_dag.py for tasks to queue
[2025-08-17T01:20:41.635+0000] {logging_mixin.py:188} INFO - [2025-08-17T01:20:41.635+0000] {dagbag.py:545} INFO - Filling up the DagBag from /home/airflow/.local/lib/python3.12/site-packages/airflow/example_dags/example_nested_branch_dag.py
[2025-08-17T01:20:41.644+0000] {processor.py:840} INFO - DAG(s) 'example_nested_branch_dag' retrieved from /home/airflow/.local/lib/python3.12/site-packages/airflow/example_dags/example_nested_branch_dag.py
[2025-08-17T01:20:41.666+0000] {logging_mixin.py:188} INFO - [2025-08-17T01:20:41.666+0000] {dag.py:3089} INFO - Sync 1 DAGs
[2025-08-17T01:20:41.686+0000] {logging_mixin.py:188} INFO - [2025-08-17T01:20:41.685+0000] {dag.py:3947} INFO - Setting next_dagrun for example_nested_branch_dag to 2025-08-16 00:00:00+00:00, run_after=2025-08-17 00:00:00+00:00
[2025-08-17T01:20:41.703+0000] {processor.py:183} INFO - Processing /home/airflow/.local/lib/python3.12/site-packages/airflow/example_dags/example_nested_branch_dag.py took 0.077 seconds
[2025-08-17T01:21:12.290+0000] {processor.py:161} INFO - Started process (PID=507) to work on /home/airflow/.local/lib/python3.12/site-packages/airflow/example_dags/example_nested_branch_dag.py
[2025-08-17T01:21:12.291+0000] {processor.py:830} INFO - Processing file /home/airflow/.local/lib/python3.12/site-packages/airflow/example_dags/example_nested_branch_dag.py for tasks to queue
[2025-08-17T01:21:12.294+0000] {logging_mixin.py:188} INFO - [2025-08-17T01:21:12.293+0000] {dagbag.py:545} INFO - Filling up the DagBag from /home/airflow/.local/lib/python3.12/site-packages/airflow/example_dags/example_nested_branch_dag.py
[2025-08-17T01:21:12.303+0000] {processor.py:840} INFO - DAG(s) 'example_nested_branch_dag' retrieved from /home/airflow/.local/lib/python3.12/site-packages/airflow/example_dags/example_nested_branch_dag.py
[2025-08-17T01:21:12.326+0000] {logging_mixin.py:188} INFO - [2025-08-17T01:21:12.326+0000] {dag.py:3089} INFO - Sync 1 DAGs
[2025-08-17T01:21:12.344+0000] {logging_mixin.py:188} INFO - [2025-08-17T01:21:12.344+0000] {dag.py:3947} INFO - Setting next_dagrun for example_nested_branch_dag to 2025-08-16 00:00:00+00:00, run_after=2025-08-17 00:00:00+00:00
[2025-08-17T01:21:12.361+0000] {processor.py:183} INFO - Processing /home/airflow/.local/lib/python3.12/site-packages/airflow/example_dags/example_nested_branch_dag.py took 0.078 seconds
[2025-08-17T01:21:42.852+0000] {processor.py:161} INFO - Started process (PID=566) to work on /home/airflow/.local/lib/python3.12/site-packages/airflow/example_dags/example_nested_branch_dag.py
[2025-08-17T01:21:42.854+0000] {processor.py:830} INFO - Processing file /home/airflow/.local/lib/python3.12/site-packages/airflow/example_dags/example_nested_branch_dag.py for tasks to queue
[2025-08-17T01:21:42.856+0000] {logging_mixin.py:188} INFO - [2025-08-17T01:21:42.855+0000] {dagbag.py:545} INFO - Filling up the DagBag from /home/airflow/.local/lib/python3.12/site-packages/airflow/example_dags/example_nested_branch_dag.py
[2025-08-17T01:21:42.866+0000] {processor.py:840} INFO - DAG(s) 'example_nested_branch_dag' retrieved from /home/airflow/.local/lib/python3.12/site-packages/airflow/example_dags/example_nested_branch_dag.py
[2025-08-17T01:21:42.887+0000] {logging_mixin.py:188} INFO - [2025-08-17T01:21:42.887+0000] {dag.py:3089} INFO - Sync 1 DAGs
[2025-08-17T01:21:42.910+0000] {logging_mixin.py:188} INFO - [2025-08-17T01:21:42.910+0000] {dag.py:3947} INFO - Setting next_dagrun for example_nested_branch_dag to 2025-08-16 00:00:00+00:00, run_after=2025-08-17 00:00:00+00:00
[2025-08-17T01:21:42.933+0000] {processor.py:183} INFO - Processing /home/airflow/.local/lib/python3.12/site-packages/airflow/example_dags/example_nested_branch_dag.py took 0.087 seconds
[2025-08-17T01:22:13.027+0000] {processor.py:161} INFO - Started process (PID=625) to work on /home/airflow/.local/lib/python3.12/site-packages/airflow/example_dags/example_nested_branch_dag.py
[2025-08-17T01:22:13.029+0000] {processor.py:830} INFO - Processing file /home/airflow/.local/lib/python3.12/site-packages/airflow/example_dags/example_nested_branch_dag.py for tasks to queue
[2025-08-17T01:22:13.031+0000] {logging_mixin.py:188} INFO - [2025-08-17T01:22:13.031+0000] {dagbag.py:545} INFO - Filling up the DagBag from /home/airflow/.local/lib/python3.12/site-packages/airflow/example_dags/example_nested_branch_dag.py
[2025-08-17T01:22:13.043+0000] {processor.py:840} INFO - DAG(s) 'example_nested_branch_dag' retrieved from /home/airflow/.local/lib/python3.12/site-packages/airflow/example_dags/example_nested_branch_dag.py
[2025-08-17T01:22:13.069+0000] {logging_mixin.py:188} INFO - [2025-08-17T01:22:13.068+0000] {dag.py:3089} INFO - Sync 1 DAGs
[2025-08-17T01:22:13.093+0000] {logging_mixin.py:188} INFO - [2025-08-17T01:22:13.092+0000] {dag.py:3947} INFO - Setting next_dagrun for example_nested_branch_dag to 2025-08-16 00:00:00+00:00, run_after=2025-08-17 00:00:00+00:00
[2025-08-17T01:22:13.113+0000] {processor.py:183} INFO - Processing /home/airflow/.local/lib/python3.12/site-packages/airflow/example_dags/example_nested_branch_dag.py took 0.092 seconds
[2025-08-17T01:22:43.342+0000] {processor.py:161} INFO - Started process (PID=684) to work on /home/airflow/.local/lib/python3.12/site-packages/airflow/example_dags/example_nested_branch_dag.py
[2025-08-17T01:22:43.343+0000] {processor.py:830} INFO - Processing file /home/airflow/.local/lib/python3.12/site-packages/airflow/example_dags/example_nested_branch_dag.py for tasks to queue
[2025-08-17T01:22:43.345+0000] {logging_mixin.py:188} INFO - [2025-08-17T01:22:43.345+0000] {dagbag.py:545} INFO - Filling up the DagBag from /home/airflow/.local/lib/python3.12/site-packages/airflow/example_dags/example_nested_branch_dag.py
[2025-08-17T01:22:43.355+0000] {processor.py:840} INFO - DAG(s) 'example_nested_branch_dag' retrieved from /home/airflow/.local/lib/python3.12/site-packages/airflow/example_dags/example_nested_branch_dag.py
[2025-08-17T01:22:43.376+0000] {logging_mixin.py:188} INFO - [2025-08-17T01:22:43.375+0000] {dag.py:3089} INFO - Sync 1 DAGs
[2025-08-17T01:22:43.396+0000] {logging_mixin.py:188} INFO - [2025-08-17T01:22:43.396+0000] {dag.py:3947} INFO - Setting next_dagrun for example_nested_branch_dag to 2025-08-16 00:00:00+00:00, run_after=2025-08-17 00:00:00+00:00
[2025-08-17T01:22:43.412+0000] {processor.py:183} INFO - Processing /home/airflow/.local/lib/python3.12/site-packages/airflow/example_dags/example_nested_branch_dag.py took 0.076 seconds
[2025-08-17T01:23:13.529+0000] {processor.py:161} INFO - Started process (PID=743) to work on /home/airflow/.local/lib/python3.12/site-packages/airflow/example_dags/example_nested_branch_dag.py
[2025-08-17T01:23:13.531+0000] {processor.py:830} INFO - Processing file /home/airflow/.local/lib/python3.12/site-packages/airflow/example_dags/example_nested_branch_dag.py for tasks to queue
[2025-08-17T01:23:13.534+0000] {logging_mixin.py:188} INFO - [2025-08-17T01:23:13.533+0000] {dagbag.py:545} INFO - Filling up the DagBag from /home/airflow/.local/lib/python3.12/site-packages/airflow/example_dags/example_nested_branch_dag.py
[2025-08-17T01:23:13.543+0000] {processor.py:840} INFO - DAG(s) 'example_nested_branch_dag' retrieved from /home/airflow/.local/lib/python3.12/site-packages/airflow/example_dags/example_nested_branch_dag.py
[2025-08-17T01:23:13.566+0000] {logging_mixin.py:188} INFO - [2025-08-17T01:23:13.566+0000] {dag.py:3089} INFO - Sync 1 DAGs
[2025-08-17T01:23:13.590+0000] {logging_mixin.py:188} INFO - [2025-08-17T01:23:13.590+0000] {dag.py:3947} INFO - Setting next_dagrun for example_nested_branch_dag to 2025-08-16 00:00:00+00:00, run_after=2025-08-17 00:00:00+00:00
[2025-08-17T01:23:13.609+0000] {processor.py:183} INFO - Processing /home/airflow/.local/lib/python3.12/site-packages/airflow/example_dags/example_nested_branch_dag.py took 0.085 seconds
[2025-08-17T01:23:44.440+0000] {processor.py:161} INFO - Started process (PID=802) to work on /home/airflow/.local/lib/python3.12/site-packages/airflow/example_dags/example_nested_branch_dag.py
[2025-08-17T01:23:44.442+0000] {processor.py:830} INFO - Processing file /home/airflow/.local/lib/python3.12/site-packages/airflow/example_dags/example_nested_branch_dag.py for tasks to queue
[2025-08-17T01:23:44.444+0000] {logging_mixin.py:188} INFO - [2025-08-17T01:23:44.444+0000] {dagbag.py:545} INFO - Filling up the DagBag from /home/airflow/.local/lib/python3.12/site-packages/airflow/example_dags/example_nested_branch_dag.py
[2025-08-17T01:23:44.454+0000] {processor.py:840} INFO - DAG(s) 'example_nested_branch_dag' retrieved from /home/airflow/.local/lib/python3.12/site-packages/airflow/example_dags/example_nested_branch_dag.py
[2025-08-17T01:23:44.478+0000] {logging_mixin.py:188} INFO - [2025-08-17T01:23:44.477+0000] {dag.py:3089} INFO - Sync 1 DAGs
[2025-08-17T01:23:44.499+0000] {logging_mixin.py:188} INFO - [2025-08-17T01:23:44.499+0000] {dag.py:3947} INFO - Setting next_dagrun for example_nested_branch_dag to 2025-08-16 00:00:00+00:00, run_after=2025-08-17 00:00:00+00:00
[2025-08-17T01:23:44.519+0000] {processor.py:183} INFO - Processing /home/airflow/.local/lib/python3.12/site-packages/airflow/example_dags/example_nested_branch_dag.py took 0.085 seconds
[2025-08-17T01:24:14.800+0000] {processor.py:161} INFO - Started process (PID=861) to work on /home/airflow/.local/lib/python3.12/site-packages/airflow/example_dags/example_nested_branch_dag.py
[2025-08-17T01:24:14.802+0000] {processor.py:830} INFO - Processing file /home/airflow/.local/lib/python3.12/site-packages/airflow/example_dags/example_nested_branch_dag.py for tasks to queue
[2025-08-17T01:24:14.805+0000] {logging_mixin.py:188} INFO - [2025-08-17T01:24:14.804+0000] {dagbag.py:545} INFO - Filling up the DagBag from /home/airflow/.local/lib/python3.12/site-packages/airflow/example_dags/example_nested_branch_dag.py
[2025-08-17T01:24:14.816+0000] {processor.py:840} INFO - DAG(s) 'example_nested_branch_dag' retrieved from /home/airflow/.local/lib/python3.12/site-packages/airflow/example_dags/example_nested_branch_dag.py
[2025-08-17T01:24:14.843+0000] {logging_mixin.py:188} INFO - [2025-08-17T01:24:14.843+0000] {dag.py:3089} INFO - Sync 1 DAGs
[2025-08-17T01:24:14.868+0000] {logging_mixin.py:188} INFO - [2025-08-17T01:24:14.868+0000] {dag.py:3947} INFO - Setting next_dagrun for example_nested_branch_dag to 2025-08-16 00:00:00+00:00, run_after=2025-08-17 00:00:00+00:00
[2025-08-17T01:24:14.893+0000] {processor.py:183} INFO - Processing /home/airflow/.local/lib/python3.12/site-packages/airflow/example_dags/example_nested_branch_dag.py took 0.099 seconds
[2025-08-17T01:24:45.190+0000] {processor.py:161} INFO - Started process (PID=920) to work on /home/airflow/.local/lib/python3.12/site-packages/airflow/example_dags/example_nested_branch_dag.py
[2025-08-17T01:24:45.192+0000] {processor.py:830} INFO - Processing file /home/airflow/.local/lib/python3.12/site-packages/airflow/example_dags/example_nested_branch_dag.py for tasks to queue
[2025-08-17T01:24:45.195+0000] {logging_mixin.py:188} INFO - [2025-08-17T01:24:45.195+0000] {dagbag.py:545} INFO - Filling up the DagBag from /home/airflow/.local/lib/python3.12/site-packages/airflow/example_dags/example_nested_branch_dag.py
[2025-08-17T01:24:45.210+0000] {processor.py:840} INFO - DAG(s) 'example_nested_branch_dag' retrieved from /home/airflow/.local/lib/python3.12/site-packages/airflow/example_dags/example_nested_branch_dag.py
[2025-08-17T01:24:45.246+0000] {logging_mixin.py:188} INFO - [2025-08-17T01:24:45.245+0000] {dag.py:3089} INFO - Sync 1 DAGs
[2025-08-17T01:24:45.281+0000] {logging_mixin.py:188} INFO - [2025-08-17T01:24:45.281+0000] {dag.py:3947} INFO - Setting next_dagrun for example_nested_branch_dag to 2025-08-16 00:00:00+00:00, run_after=2025-08-17 00:00:00+00:00
[2025-08-17T01:24:45.312+0000] {processor.py:183} INFO - Processing /home/airflow/.local/lib/python3.12/site-packages/airflow/example_dags/example_nested_branch_dag.py took 0.131 seconds
[2025-08-17T01:25:15.418+0000] {processor.py:161} INFO - Started process (PID=978) to work on /home/airflow/.local/lib/python3.12/site-packages/airflow/example_dags/example_nested_branch_dag.py
[2025-08-17T01:25:15.420+0000] {processor.py:830} INFO - Processing file /home/airflow/.local/lib/python3.12/site-packages/airflow/example_dags/example_nested_branch_dag.py for tasks to queue
[2025-08-17T01:25:15.421+0000] {logging_mixin.py:188} INFO - [2025-08-17T01:25:15.421+0000] {dagbag.py:545} INFO - Filling up the DagBag from /home/airflow/.local/lib/python3.12/site-packages/airflow/example_dags/example_nested_branch_dag.py
[2025-08-17T01:25:15.432+0000] {processor.py:840} INFO - DAG(s) 'example_nested_branch_dag' retrieved from /home/airflow/.local/lib/python3.12/site-packages/airflow/example_dags/example_nested_branch_dag.py
[2025-08-17T01:25:15.458+0000] {logging_mixin.py:188} INFO - [2025-08-17T01:25:15.458+0000] {dag.py:3089} INFO - Sync 1 DAGs
[2025-08-17T01:25:15.481+0000] {logging_mixin.py:188} INFO - [2025-08-17T01:25:15.481+0000] {dag.py:3947} INFO - Setting next_dagrun for example_nested_branch_dag to 2025-08-16 00:00:00+00:00, run_after=2025-08-17 00:00:00+00:00
[2025-08-17T01:25:15.502+0000] {processor.py:183} INFO - Processing /home/airflow/.local/lib/python3.12/site-packages/airflow/example_dags/example_nested_branch_dag.py took 0.090 seconds
[2025-08-17T01:26:41.424+0000] {processor.py:161} INFO - Started process (PID=92) to work on /home/airflow/.local/lib/python3.12/site-packages/airflow/example_dags/example_nested_branch_dag.py
[2025-08-17T01:26:41.425+0000] {processor.py:830} INFO - Processing file /home/airflow/.local/lib/python3.12/site-packages/airflow/example_dags/example_nested_branch_dag.py for tasks to queue
[2025-08-17T01:26:41.429+0000] {logging_mixin.py:188} INFO - [2025-08-17T01:26:41.429+0000] {dagbag.py:545} INFO - Filling up the DagBag from /home/airflow/.local/lib/python3.12/site-packages/airflow/example_dags/example_nested_branch_dag.py
[2025-08-17T01:26:41.447+0000] {processor.py:840} INFO - DAG(s) 'example_nested_branch_dag' retrieved from /home/airflow/.local/lib/python3.12/site-packages/airflow/example_dags/example_nested_branch_dag.py
[2025-08-17T01:26:41.608+0000] {logging_mixin.py:188} INFO - [2025-08-17T01:26:41.607+0000] {dag.py:3089} INFO - Sync 1 DAGs
[2025-08-17T01:26:41.640+0000] {logging_mixin.py:188} INFO - [2025-08-17T01:26:41.640+0000] {dag.py:3947} INFO - Setting next_dagrun for example_nested_branch_dag to 2025-08-16 00:00:00+00:00, run_after=2025-08-17 00:00:00+00:00
[2025-08-17T01:26:41.673+0000] {processor.py:183} INFO - Processing /home/airflow/.local/lib/python3.12/site-packages/airflow/example_dags/example_nested_branch_dag.py took 0.258 seconds
[2025-08-17T01:27:12.472+0000] {processor.py:161} INFO - Started process (PID=151) to work on /home/airflow/.local/lib/python3.12/site-packages/airflow/example_dags/example_nested_branch_dag.py
[2025-08-17T01:27:12.474+0000] {processor.py:830} INFO - Processing file /home/airflow/.local/lib/python3.12/site-packages/airflow/example_dags/example_nested_branch_dag.py for tasks to queue
[2025-08-17T01:27:12.476+0000] {logging_mixin.py:188} INFO - [2025-08-17T01:27:12.476+0000] {dagbag.py:545} INFO - Filling up the DagBag from /home/airflow/.local/lib/python3.12/site-packages/airflow/example_dags/example_nested_branch_dag.py
[2025-08-17T01:27:12.487+0000] {processor.py:840} INFO - DAG(s) 'example_nested_branch_dag' retrieved from /home/airflow/.local/lib/python3.12/site-packages/airflow/example_dags/example_nested_branch_dag.py
[2025-08-17T01:27:12.502+0000] {logging_mixin.py:188} INFO - [2025-08-17T01:27:12.502+0000] {dag.py:3089} INFO - Sync 1 DAGs
[2025-08-17T01:27:12.529+0000] {logging_mixin.py:188} INFO - [2025-08-17T01:27:12.529+0000] {dag.py:3947} INFO - Setting next_dagrun for example_nested_branch_dag to 2025-08-16 00:00:00+00:00, run_after=2025-08-17 00:00:00+00:00
[2025-08-17T01:27:12.555+0000] {processor.py:183} INFO - Processing /home/airflow/.local/lib/python3.12/site-packages/airflow/example_dags/example_nested_branch_dag.py took 0.088 seconds
[2025-08-17T01:27:42.998+0000] {processor.py:161} INFO - Started process (PID=210) to work on /home/airflow/.local/lib/python3.12/site-packages/airflow/example_dags/example_nested_branch_dag.py
[2025-08-17T01:27:43.000+0000] {processor.py:830} INFO - Processing file /home/airflow/.local/lib/python3.12/site-packages/airflow/example_dags/example_nested_branch_dag.py for tasks to queue
[2025-08-17T01:27:43.003+0000] {logging_mixin.py:188} INFO - [2025-08-17T01:27:43.003+0000] {dagbag.py:545} INFO - Filling up the DagBag from /home/airflow/.local/lib/python3.12/site-packages/airflow/example_dags/example_nested_branch_dag.py
[2025-08-17T01:27:43.013+0000] {processor.py:840} INFO - DAG(s) 'example_nested_branch_dag' retrieved from /home/airflow/.local/lib/python3.12/site-packages/airflow/example_dags/example_nested_branch_dag.py
[2025-08-17T01:27:43.113+0000] {logging_mixin.py:188} INFO - [2025-08-17T01:27:43.112+0000] {dag.py:3089} INFO - Sync 1 DAGs
[2025-08-17T01:27:43.132+0000] {logging_mixin.py:188} INFO - [2025-08-17T01:27:43.132+0000] {dag.py:3947} INFO - Setting next_dagrun for example_nested_branch_dag to 2025-08-16 00:00:00+00:00, run_after=2025-08-17 00:00:00+00:00
[2025-08-17T01:27:43.154+0000] {processor.py:183} INFO - Processing /home/airflow/.local/lib/python3.12/site-packages/airflow/example_dags/example_nested_branch_dag.py took 0.161 seconds
[2025-08-17T01:28:13.410+0000] {processor.py:161} INFO - Started process (PID=269) to work on /home/airflow/.local/lib/python3.12/site-packages/airflow/example_dags/example_nested_branch_dag.py
[2025-08-17T01:28:13.412+0000] {processor.py:830} INFO - Processing file /home/airflow/.local/lib/python3.12/site-packages/airflow/example_dags/example_nested_branch_dag.py for tasks to queue
[2025-08-17T01:28:13.414+0000] {logging_mixin.py:188} INFO - [2025-08-17T01:28:13.414+0000] {dagbag.py:545} INFO - Filling up the DagBag from /home/airflow/.local/lib/python3.12/site-packages/airflow/example_dags/example_nested_branch_dag.py
[2025-08-17T01:28:13.425+0000] {processor.py:840} INFO - DAG(s) 'example_nested_branch_dag' retrieved from /home/airflow/.local/lib/python3.12/site-packages/airflow/example_dags/example_nested_branch_dag.py
[2025-08-17T01:28:13.453+0000] {logging_mixin.py:188} INFO - [2025-08-17T01:28:13.452+0000] {dag.py:3089} INFO - Sync 1 DAGs
[2025-08-17T01:28:13.479+0000] {logging_mixin.py:188} INFO - [2025-08-17T01:28:13.479+0000] {dag.py:3947} INFO - Setting next_dagrun for example_nested_branch_dag to 2025-08-16 00:00:00+00:00, run_after=2025-08-17 00:00:00+00:00
[2025-08-17T01:28:13.505+0000] {processor.py:183} INFO - Processing /home/airflow/.local/lib/python3.12/site-packages/airflow/example_dags/example_nested_branch_dag.py took 0.101 seconds
[2025-08-17T01:28:43.586+0000] {processor.py:161} INFO - Started process (PID=328) to work on /home/airflow/.local/lib/python3.12/site-packages/airflow/example_dags/example_nested_branch_dag.py
[2025-08-17T01:28:43.588+0000] {processor.py:830} INFO - Processing file /home/airflow/.local/lib/python3.12/site-packages/airflow/example_dags/example_nested_branch_dag.py for tasks to queue
[2025-08-17T01:28:43.591+0000] {logging_mixin.py:188} INFO - [2025-08-17T01:28:43.590+0000] {dagbag.py:545} INFO - Filling up the DagBag from /home/airflow/.local/lib/python3.12/site-packages/airflow/example_dags/example_nested_branch_dag.py
[2025-08-17T01:28:43.604+0000] {processor.py:840} INFO - DAG(s) 'example_nested_branch_dag' retrieved from /home/airflow/.local/lib/python3.12/site-packages/airflow/example_dags/example_nested_branch_dag.py
[2025-08-17T01:28:43.638+0000] {logging_mixin.py:188} INFO - [2025-08-17T01:28:43.638+0000] {dag.py:3089} INFO - Sync 1 DAGs
[2025-08-17T01:28:43.672+0000] {logging_mixin.py:188} INFO - [2025-08-17T01:28:43.671+0000] {dag.py:3947} INFO - Setting next_dagrun for example_nested_branch_dag to 2025-08-16 00:00:00+00:00, run_after=2025-08-17 00:00:00+00:00
[2025-08-17T01:28:43.701+0000] {processor.py:183} INFO - Processing /home/airflow/.local/lib/python3.12/site-packages/airflow/example_dags/example_nested_branch_dag.py took 0.121 seconds
[2025-08-17T01:29:13.899+0000] {processor.py:161} INFO - Started process (PID=388) to work on /home/airflow/.local/lib/python3.12/site-packages/airflow/example_dags/example_nested_branch_dag.py
[2025-08-17T01:29:13.900+0000] {processor.py:830} INFO - Processing file /home/airflow/.local/lib/python3.12/site-packages/airflow/example_dags/example_nested_branch_dag.py for tasks to queue
[2025-08-17T01:29:13.903+0000] {logging_mixin.py:188} INFO - [2025-08-17T01:29:13.903+0000] {dagbag.py:545} INFO - Filling up the DagBag from /home/airflow/.local/lib/python3.12/site-packages/airflow/example_dags/example_nested_branch_dag.py
[2025-08-17T01:29:13.914+0000] {processor.py:840} INFO - DAG(s) 'example_nested_branch_dag' retrieved from /home/airflow/.local/lib/python3.12/site-packages/airflow/example_dags/example_nested_branch_dag.py
[2025-08-17T01:29:13.940+0000] {logging_mixin.py:188} INFO - [2025-08-17T01:29:13.939+0000] {dag.py:3089} INFO - Sync 1 DAGs
[2025-08-17T01:29:13.968+0000] {logging_mixin.py:188} INFO - [2025-08-17T01:29:13.968+0000] {dag.py:3947} INFO - Setting next_dagrun for example_nested_branch_dag to 2025-08-16 00:00:00+00:00, run_after=2025-08-17 00:00:00+00:00
[2025-08-17T01:29:13.996+0000] {processor.py:183} INFO - Processing /home/airflow/.local/lib/python3.12/site-packages/airflow/example_dags/example_nested_branch_dag.py took 0.103 seconds
[2025-08-17T01:29:44.161+0000] {processor.py:161} INFO - Started process (PID=448) to work on /home/airflow/.local/lib/python3.12/site-packages/airflow/example_dags/example_nested_branch_dag.py
[2025-08-17T01:29:44.162+0000] {processor.py:830} INFO - Processing file /home/airflow/.local/lib/python3.12/site-packages/airflow/example_dags/example_nested_branch_dag.py for tasks to queue
[2025-08-17T01:29:44.164+0000] {logging_mixin.py:188} INFO - [2025-08-17T01:29:44.164+0000] {dagbag.py:545} INFO - Filling up the DagBag from /home/airflow/.local/lib/python3.12/site-packages/airflow/example_dags/example_nested_branch_dag.py
[2025-08-17T01:29:44.174+0000] {processor.py:840} INFO - DAG(s) 'example_nested_branch_dag' retrieved from /home/airflow/.local/lib/python3.12/site-packages/airflow/example_dags/example_nested_branch_dag.py
[2025-08-17T01:29:44.199+0000] {logging_mixin.py:188} INFO - [2025-08-17T01:29:44.199+0000] {dag.py:3089} INFO - Sync 1 DAGs
[2025-08-17T01:29:44.222+0000] {logging_mixin.py:188} INFO - [2025-08-17T01:29:44.222+0000] {dag.py:3947} INFO - Setting next_dagrun for example_nested_branch_dag to 2025-08-16 00:00:00+00:00, run_after=2025-08-17 00:00:00+00:00
[2025-08-17T01:29:44.244+0000] {processor.py:183} INFO - Processing /home/airflow/.local/lib/python3.12/site-packages/airflow/example_dags/example_nested_branch_dag.py took 0.089 seconds
[2025-08-17T01:30:14.785+0000] {processor.py:161} INFO - Started process (PID=507) to work on /home/airflow/.local/lib/python3.12/site-packages/airflow/example_dags/example_nested_branch_dag.py
[2025-08-17T01:30:14.787+0000] {processor.py:830} INFO - Processing file /home/airflow/.local/lib/python3.12/site-packages/airflow/example_dags/example_nested_branch_dag.py for tasks to queue
[2025-08-17T01:30:14.789+0000] {logging_mixin.py:188} INFO - [2025-08-17T01:30:14.789+0000] {dagbag.py:545} INFO - Filling up the DagBag from /home/airflow/.local/lib/python3.12/site-packages/airflow/example_dags/example_nested_branch_dag.py
[2025-08-17T01:30:14.800+0000] {processor.py:840} INFO - DAG(s) 'example_nested_branch_dag' retrieved from /home/airflow/.local/lib/python3.12/site-packages/airflow/example_dags/example_nested_branch_dag.py
[2025-08-17T01:30:14.825+0000] {logging_mixin.py:188} INFO - [2025-08-17T01:30:14.825+0000] {dag.py:3089} INFO - Sync 1 DAGs
[2025-08-17T01:30:14.848+0000] {logging_mixin.py:188} INFO - [2025-08-17T01:30:14.847+0000] {dag.py:3947} INFO - Setting next_dagrun for example_nested_branch_dag to 2025-08-16 00:00:00+00:00, run_after=2025-08-17 00:00:00+00:00
[2025-08-17T01:30:14.869+0000] {processor.py:183} INFO - Processing /home/airflow/.local/lib/python3.12/site-packages/airflow/example_dags/example_nested_branch_dag.py took 0.090 seconds
[2025-08-17T01:30:45.285+0000] {processor.py:161} INFO - Started process (PID=566) to work on /home/airflow/.local/lib/python3.12/site-packages/airflow/example_dags/example_nested_branch_dag.py
[2025-08-17T01:30:45.286+0000] {processor.py:830} INFO - Processing file /home/airflow/.local/lib/python3.12/site-packages/airflow/example_dags/example_nested_branch_dag.py for tasks to queue
[2025-08-17T01:30:45.289+0000] {logging_mixin.py:188} INFO - [2025-08-17T01:30:45.289+0000] {dagbag.py:545} INFO - Filling up the DagBag from /home/airflow/.local/lib/python3.12/site-packages/airflow/example_dags/example_nested_branch_dag.py
[2025-08-17T01:30:45.299+0000] {processor.py:840} INFO - DAG(s) 'example_nested_branch_dag' retrieved from /home/airflow/.local/lib/python3.12/site-packages/airflow/example_dags/example_nested_branch_dag.py
[2025-08-17T01:30:45.327+0000] {logging_mixin.py:188} INFO - [2025-08-17T01:30:45.327+0000] {dag.py:3089} INFO - Sync 1 DAGs
[2025-08-17T01:30:45.353+0000] {logging_mixin.py:188} INFO - [2025-08-17T01:30:45.353+0000] {dag.py:3947} INFO - Setting next_dagrun for example_nested_branch_dag to 2025-08-16 00:00:00+00:00, run_after=2025-08-17 00:00:00+00:00
[2025-08-17T01:30:45.377+0000] {processor.py:183} INFO - Processing /home/airflow/.local/lib/python3.12/site-packages/airflow/example_dags/example_nested_branch_dag.py took 0.097 seconds
[2025-08-17T01:31:15.759+0000] {processor.py:161} INFO - Started process (PID=625) to work on /home/airflow/.local/lib/python3.12/site-packages/airflow/example_dags/example_nested_branch_dag.py
[2025-08-17T01:31:15.760+0000] {processor.py:830} INFO - Processing file /home/airflow/.local/lib/python3.12/site-packages/airflow/example_dags/example_nested_branch_dag.py for tasks to queue
[2025-08-17T01:31:15.763+0000] {logging_mixin.py:188} INFO - [2025-08-17T01:31:15.763+0000] {dagbag.py:545} INFO - Filling up the DagBag from /home/airflow/.local/lib/python3.12/site-packages/airflow/example_dags/example_nested_branch_dag.py
[2025-08-17T01:31:15.775+0000] {processor.py:840} INFO - DAG(s) 'example_nested_branch_dag' retrieved from /home/airflow/.local/lib/python3.12/site-packages/airflow/example_dags/example_nested_branch_dag.py
[2025-08-17T01:31:15.802+0000] {logging_mixin.py:188} INFO - [2025-08-17T01:31:15.802+0000] {dag.py:3089} INFO - Sync 1 DAGs
[2025-08-17T01:31:15.826+0000] {logging_mixin.py:188} INFO - [2025-08-17T01:31:15.826+0000] {dag.py:3947} INFO - Setting next_dagrun for example_nested_branch_dag to 2025-08-16 00:00:00+00:00, run_after=2025-08-17 00:00:00+00:00
[2025-08-17T01:31:15.847+0000] {processor.py:183} INFO - Processing /home/airflow/.local/lib/python3.12/site-packages/airflow/example_dags/example_nested_branch_dag.py took 0.096 seconds
[2025-08-17T01:31:46.506+0000] {processor.py:161} INFO - Started process (PID=687) to work on /home/airflow/.local/lib/python3.12/site-packages/airflow/example_dags/example_nested_branch_dag.py
[2025-08-17T01:31:46.507+0000] {processor.py:830} INFO - Processing file /home/airflow/.local/lib/python3.12/site-packages/airflow/example_dags/example_nested_branch_dag.py for tasks to queue
[2025-08-17T01:31:46.510+0000] {logging_mixin.py:188} INFO - [2025-08-17T01:31:46.509+0000] {dagbag.py:545} INFO - Filling up the DagBag from /home/airflow/.local/lib/python3.12/site-packages/airflow/example_dags/example_nested_branch_dag.py
[2025-08-17T01:31:46.521+0000] {processor.py:840} INFO - DAG(s) 'example_nested_branch_dag' retrieved from /home/airflow/.local/lib/python3.12/site-packages/airflow/example_dags/example_nested_branch_dag.py
[2025-08-17T01:31:46.545+0000] {logging_mixin.py:188} INFO - [2025-08-17T01:31:46.544+0000] {dag.py:3089} INFO - Sync 1 DAGs
[2025-08-17T01:31:46.570+0000] {logging_mixin.py:188} INFO - [2025-08-17T01:31:46.570+0000] {dag.py:3947} INFO - Setting next_dagrun for example_nested_branch_dag to 2025-08-16 00:00:00+00:00, run_after=2025-08-17 00:00:00+00:00
[2025-08-17T01:31:46.594+0000] {processor.py:183} INFO - Processing /home/airflow/.local/lib/python3.12/site-packages/airflow/example_dags/example_nested_branch_dag.py took 0.094 seconds
