[2025-08-17T00:53:36.737+0000] {processor.py:161} INFO - Started process (PID=102) to work on /home/airflow/.local/lib/python3.12/site-packages/airflow/example_dags/example_display_name.py
[2025-08-17T00:53:36.739+0000] {processor.py:830} INFO - Processing file /home/airflow/.local/lib/python3.12/site-packages/airflow/example_dags/example_display_name.py for tasks to queue
[2025-08-17T00:53:36.742+0000] {logging_mixin.py:188} INFO - [2025-08-17T00:53:36.741+0000] {dagbag.py:545} INFO - Filling up the DagBag from /home/airflow/.local/lib/python3.12/site-packages/airflow/example_dags/example_display_name.py
[2025-08-17T00:53:36.750+0000] {processor.py:840} INFO - DAG(s) 'example_display_name' retrieved from /home/airflow/.local/lib/python3.12/site-packages/airflow/example_dags/example_display_name.py
[2025-08-17T00:53:36.876+0000] {logging_mixin.py:188} INFO - [2025-08-17T00:53:36.875+0000] {dag.py:3089} INFO - Sync 1 DAGs
[2025-08-17T00:53:36.892+0000] {logging_mixin.py:188} INFO - [2025-08-17T00:53:36.891+0000] {dag.py:3947} INFO - Setting next_dagrun for example_display_name to None, run_after=None
[2025-08-17T00:53:36.919+0000] {processor.py:183} INFO - Processing /home/airflow/.local/lib/python3.12/site-packages/airflow/example_dags/example_display_name.py took 0.189 seconds
[2025-08-17T00:54:07.695+0000] {processor.py:161} INFO - Started process (PID=160) to work on /home/airflow/.local/lib/python3.12/site-packages/airflow/example_dags/example_display_name.py
[2025-08-17T00:54:07.696+0000] {processor.py:830} INFO - Processing file /home/airflow/.local/lib/python3.12/site-packages/airflow/example_dags/example_display_name.py for tasks to queue
[2025-08-17T00:54:07.698+0000] {logging_mixin.py:188} INFO - [2025-08-17T00:54:07.698+0000] {dagbag.py:545} INFO - Filling up the DagBag from /home/airflow/.local/lib/python3.12/site-packages/airflow/example_dags/example_display_name.py
[2025-08-17T00:54:07.704+0000] {processor.py:840} INFO - DAG(s) 'example_display_name' retrieved from /home/airflow/.local/lib/python3.12/site-packages/airflow/example_dags/example_display_name.py
[2025-08-17T00:54:07.733+0000] {logging_mixin.py:188} INFO - [2025-08-17T00:54:07.733+0000] {dag.py:3089} INFO - Sync 1 DAGs
[2025-08-17T00:54:07.750+0000] {logging_mixin.py:188} INFO - [2025-08-17T00:54:07.750+0000] {dag.py:3947} INFO - Setting next_dagrun for example_display_name to None, run_after=None
[2025-08-17T00:54:07.778+0000] {processor.py:183} INFO - Processing /home/airflow/.local/lib/python3.12/site-packages/airflow/example_dags/example_display_name.py took 0.088 seconds
[2025-08-17T00:54:38.006+0000] {processor.py:161} INFO - Started process (PID=218) to work on /home/airflow/.local/lib/python3.12/site-packages/airflow/example_dags/example_display_name.py
[2025-08-17T00:54:38.007+0000] {processor.py:830} INFO - Processing file /home/airflow/.local/lib/python3.12/site-packages/airflow/example_dags/example_display_name.py for tasks to queue
[2025-08-17T00:54:38.010+0000] {logging_mixin.py:188} INFO - [2025-08-17T00:54:38.010+0000] {dagbag.py:545} INFO - Filling up the DagBag from /home/airflow/.local/lib/python3.12/site-packages/airflow/example_dags/example_display_name.py
[2025-08-17T00:54:38.016+0000] {processor.py:840} INFO - DAG(s) 'example_display_name' retrieved from /home/airflow/.local/lib/python3.12/site-packages/airflow/example_dags/example_display_name.py
[2025-08-17T00:54:38.039+0000] {logging_mixin.py:188} INFO - [2025-08-17T00:54:38.039+0000] {dag.py:3089} INFO - Sync 1 DAGs
[2025-08-17T00:54:38.053+0000] {logging_mixin.py:188} INFO - [2025-08-17T00:54:38.052+0000] {dag.py:3947} INFO - Setting next_dagrun for example_display_name to None, run_after=None
[2025-08-17T00:54:38.073+0000] {processor.py:183} INFO - Processing /home/airflow/.local/lib/python3.12/site-packages/airflow/example_dags/example_display_name.py took 0.073 seconds
[2025-08-17T00:55:08.561+0000] {processor.py:161} INFO - Started process (PID=276) to work on /home/airflow/.local/lib/python3.12/site-packages/airflow/example_dags/example_display_name.py
[2025-08-17T00:55:08.562+0000] {processor.py:830} INFO - Processing file /home/airflow/.local/lib/python3.12/site-packages/airflow/example_dags/example_display_name.py for tasks to queue
[2025-08-17T00:55:08.565+0000] {logging_mixin.py:188} INFO - [2025-08-17T00:55:08.564+0000] {dagbag.py:545} INFO - Filling up the DagBag from /home/airflow/.local/lib/python3.12/site-packages/airflow/example_dags/example_display_name.py
[2025-08-17T00:55:08.571+0000] {processor.py:840} INFO - DAG(s) 'example_display_name' retrieved from /home/airflow/.local/lib/python3.12/site-packages/airflow/example_dags/example_display_name.py
[2025-08-17T00:55:08.595+0000] {logging_mixin.py:188} INFO - [2025-08-17T00:55:08.594+0000] {dag.py:3089} INFO - Sync 1 DAGs
[2025-08-17T00:55:08.609+0000] {logging_mixin.py:188} INFO - [2025-08-17T00:55:08.608+0000] {dag.py:3947} INFO - Setting next_dagrun for example_display_name to None, run_after=None
[2025-08-17T00:55:08.631+0000] {processor.py:183} INFO - Processing /home/airflow/.local/lib/python3.12/site-packages/airflow/example_dags/example_display_name.py took 0.075 seconds
[2025-08-17T00:55:39.512+0000] {processor.py:161} INFO - Started process (PID=335) to work on /home/airflow/.local/lib/python3.12/site-packages/airflow/example_dags/example_display_name.py
[2025-08-17T00:55:39.513+0000] {processor.py:830} INFO - Processing file /home/airflow/.local/lib/python3.12/site-packages/airflow/example_dags/example_display_name.py for tasks to queue
[2025-08-17T00:55:39.516+0000] {logging_mixin.py:188} INFO - [2025-08-17T00:55:39.516+0000] {dagbag.py:545} INFO - Filling up the DagBag from /home/airflow/.local/lib/python3.12/site-packages/airflow/example_dags/example_display_name.py
[2025-08-17T00:55:39.524+0000] {processor.py:840} INFO - DAG(s) 'example_display_name' retrieved from /home/airflow/.local/lib/python3.12/site-packages/airflow/example_dags/example_display_name.py
[2025-08-17T00:55:39.548+0000] {logging_mixin.py:188} INFO - [2025-08-17T00:55:39.548+0000] {dag.py:3089} INFO - Sync 1 DAGs
[2025-08-17T00:55:39.562+0000] {logging_mixin.py:188} INFO - [2025-08-17T00:55:39.562+0000] {dag.py:3947} INFO - Setting next_dagrun for example_display_name to None, run_after=None
[2025-08-17T00:55:39.585+0000] {processor.py:183} INFO - Processing /home/airflow/.local/lib/python3.12/site-packages/airflow/example_dags/example_display_name.py took 0.079 seconds
[2025-08-17T00:56:09.923+0000] {processor.py:161} INFO - Started process (PID=393) to work on /home/airflow/.local/lib/python3.12/site-packages/airflow/example_dags/example_display_name.py
[2025-08-17T00:56:09.924+0000] {processor.py:830} INFO - Processing file /home/airflow/.local/lib/python3.12/site-packages/airflow/example_dags/example_display_name.py for tasks to queue
[2025-08-17T00:56:09.927+0000] {logging_mixin.py:188} INFO - [2025-08-17T00:56:09.926+0000] {dagbag.py:545} INFO - Filling up the DagBag from /home/airflow/.local/lib/python3.12/site-packages/airflow/example_dags/example_display_name.py
[2025-08-17T00:56:09.933+0000] {processor.py:840} INFO - DAG(s) 'example_display_name' retrieved from /home/airflow/.local/lib/python3.12/site-packages/airflow/example_dags/example_display_name.py
[2025-08-17T00:56:09.957+0000] {logging_mixin.py:188} INFO - [2025-08-17T00:56:09.956+0000] {dag.py:3089} INFO - Sync 1 DAGs
[2025-08-17T00:56:09.971+0000] {logging_mixin.py:188} INFO - [2025-08-17T00:56:09.971+0000] {dag.py:3947} INFO - Setting next_dagrun for example_display_name to None, run_after=None
[2025-08-17T00:56:09.992+0000] {processor.py:183} INFO - Processing /home/airflow/.local/lib/python3.12/site-packages/airflow/example_dags/example_display_name.py took 0.074 seconds
[2025-08-17T00:56:40.786+0000] {processor.py:161} INFO - Started process (PID=451) to work on /home/airflow/.local/lib/python3.12/site-packages/airflow/example_dags/example_display_name.py
[2025-08-17T00:56:40.788+0000] {processor.py:830} INFO - Processing file /home/airflow/.local/lib/python3.12/site-packages/airflow/example_dags/example_display_name.py for tasks to queue
[2025-08-17T00:56:40.791+0000] {logging_mixin.py:188} INFO - [2025-08-17T00:56:40.791+0000] {dagbag.py:545} INFO - Filling up the DagBag from /home/airflow/.local/lib/python3.12/site-packages/airflow/example_dags/example_display_name.py
[2025-08-17T00:56:40.800+0000] {processor.py:840} INFO - DAG(s) 'example_display_name' retrieved from /home/airflow/.local/lib/python3.12/site-packages/airflow/example_dags/example_display_name.py
[2025-08-17T00:56:40.830+0000] {logging_mixin.py:188} INFO - [2025-08-17T00:56:40.829+0000] {dag.py:3089} INFO - Sync 1 DAGs
[2025-08-17T00:56:40.844+0000] {logging_mixin.py:188} INFO - [2025-08-17T00:56:40.844+0000] {dag.py:3947} INFO - Setting next_dagrun for example_display_name to None, run_after=None
[2025-08-17T00:56:40.868+0000] {processor.py:183} INFO - Processing /home/airflow/.local/lib/python3.12/site-packages/airflow/example_dags/example_display_name.py took 0.091 seconds
[2025-08-17T00:57:11.098+0000] {processor.py:161} INFO - Started process (PID=509) to work on /home/airflow/.local/lib/python3.12/site-packages/airflow/example_dags/example_display_name.py
[2025-08-17T00:57:11.099+0000] {processor.py:830} INFO - Processing file /home/airflow/.local/lib/python3.12/site-packages/airflow/example_dags/example_display_name.py for tasks to queue
[2025-08-17T00:57:11.102+0000] {logging_mixin.py:188} INFO - [2025-08-17T00:57:11.101+0000] {dagbag.py:545} INFO - Filling up the DagBag from /home/airflow/.local/lib/python3.12/site-packages/airflow/example_dags/example_display_name.py
[2025-08-17T00:57:11.108+0000] {processor.py:840} INFO - DAG(s) 'example_display_name' retrieved from /home/airflow/.local/lib/python3.12/site-packages/airflow/example_dags/example_display_name.py
[2025-08-17T00:57:11.132+0000] {logging_mixin.py:188} INFO - [2025-08-17T00:57:11.132+0000] {dag.py:3089} INFO - Sync 1 DAGs
[2025-08-17T00:57:11.146+0000] {logging_mixin.py:188} INFO - [2025-08-17T00:57:11.146+0000] {dag.py:3947} INFO - Setting next_dagrun for example_display_name to None, run_after=None
[2025-08-17T00:57:11.168+0000] {processor.py:183} INFO - Processing /home/airflow/.local/lib/python3.12/site-packages/airflow/example_dags/example_display_name.py took 0.076 seconds
[2025-08-17T00:57:41.644+0000] {processor.py:161} INFO - Started process (PID=567) to work on /home/airflow/.local/lib/python3.12/site-packages/airflow/example_dags/example_display_name.py
[2025-08-17T00:57:41.645+0000] {processor.py:830} INFO - Processing file /home/airflow/.local/lib/python3.12/site-packages/airflow/example_dags/example_display_name.py for tasks to queue
[2025-08-17T00:57:41.647+0000] {logging_mixin.py:188} INFO - [2025-08-17T00:57:41.647+0000] {dagbag.py:545} INFO - Filling up the DagBag from /home/airflow/.local/lib/python3.12/site-packages/airflow/example_dags/example_display_name.py
[2025-08-17T00:57:41.653+0000] {processor.py:840} INFO - DAG(s) 'example_display_name' retrieved from /home/airflow/.local/lib/python3.12/site-packages/airflow/example_dags/example_display_name.py
[2025-08-17T00:57:41.677+0000] {logging_mixin.py:188} INFO - [2025-08-17T00:57:41.677+0000] {dag.py:3089} INFO - Sync 1 DAGs
[2025-08-17T00:57:41.691+0000] {logging_mixin.py:188} INFO - [2025-08-17T00:57:41.690+0000] {dag.py:3947} INFO - Setting next_dagrun for example_display_name to None, run_after=None
[2025-08-17T00:57:41.720+0000] {processor.py:183} INFO - Processing /home/airflow/.local/lib/python3.12/site-packages/airflow/example_dags/example_display_name.py took 0.081 seconds
[2025-08-17T00:58:12.355+0000] {processor.py:161} INFO - Started process (PID=625) to work on /home/airflow/.local/lib/python3.12/site-packages/airflow/example_dags/example_display_name.py
[2025-08-17T00:58:12.357+0000] {processor.py:830} INFO - Processing file /home/airflow/.local/lib/python3.12/site-packages/airflow/example_dags/example_display_name.py for tasks to queue
[2025-08-17T00:58:12.360+0000] {logging_mixin.py:188} INFO - [2025-08-17T00:58:12.359+0000] {dagbag.py:545} INFO - Filling up the DagBag from /home/airflow/.local/lib/python3.12/site-packages/airflow/example_dags/example_display_name.py
[2025-08-17T00:58:12.366+0000] {processor.py:840} INFO - DAG(s) 'example_display_name' retrieved from /home/airflow/.local/lib/python3.12/site-packages/airflow/example_dags/example_display_name.py
[2025-08-17T00:58:12.389+0000] {logging_mixin.py:188} INFO - [2025-08-17T00:58:12.388+0000] {dag.py:3089} INFO - Sync 1 DAGs
[2025-08-17T00:58:12.403+0000] {logging_mixin.py:188} INFO - [2025-08-17T00:58:12.403+0000] {dag.py:3947} INFO - Setting next_dagrun for example_display_name to None, run_after=None
[2025-08-17T00:58:12.421+0000] {processor.py:183} INFO - Processing /home/airflow/.local/lib/python3.12/site-packages/airflow/example_dags/example_display_name.py took 0.072 seconds
[2025-08-17T00:58:43.018+0000] {processor.py:161} INFO - Started process (PID=684) to work on /home/airflow/.local/lib/python3.12/site-packages/airflow/example_dags/example_display_name.py
[2025-08-17T00:58:43.019+0000] {processor.py:830} INFO - Processing file /home/airflow/.local/lib/python3.12/site-packages/airflow/example_dags/example_display_name.py for tasks to queue
[2025-08-17T00:58:43.022+0000] {logging_mixin.py:188} INFO - [2025-08-17T00:58:43.021+0000] {dagbag.py:545} INFO - Filling up the DagBag from /home/airflow/.local/lib/python3.12/site-packages/airflow/example_dags/example_display_name.py
[2025-08-17T00:58:43.028+0000] {processor.py:840} INFO - DAG(s) 'example_display_name' retrieved from /home/airflow/.local/lib/python3.12/site-packages/airflow/example_dags/example_display_name.py
[2025-08-17T00:58:43.052+0000] {logging_mixin.py:188} INFO - [2025-08-17T00:58:43.051+0000] {dag.py:3089} INFO - Sync 1 DAGs
[2025-08-17T00:58:43.065+0000] {logging_mixin.py:188} INFO - [2025-08-17T00:58:43.065+0000] {dag.py:3947} INFO - Setting next_dagrun for example_display_name to None, run_after=None
[2025-08-17T00:58:43.086+0000] {processor.py:183} INFO - Processing /home/airflow/.local/lib/python3.12/site-packages/airflow/example_dags/example_display_name.py took 0.074 seconds
[2025-08-17T00:59:13.807+0000] {processor.py:161} INFO - Started process (PID=743) to work on /home/airflow/.local/lib/python3.12/site-packages/airflow/example_dags/example_display_name.py
[2025-08-17T00:59:13.809+0000] {processor.py:830} INFO - Processing file /home/airflow/.local/lib/python3.12/site-packages/airflow/example_dags/example_display_name.py for tasks to queue
[2025-08-17T00:59:13.811+0000] {logging_mixin.py:188} INFO - [2025-08-17T00:59:13.811+0000] {dagbag.py:545} INFO - Filling up the DagBag from /home/airflow/.local/lib/python3.12/site-packages/airflow/example_dags/example_display_name.py
[2025-08-17T00:59:13.817+0000] {processor.py:840} INFO - DAG(s) 'example_display_name' retrieved from /home/airflow/.local/lib/python3.12/site-packages/airflow/example_dags/example_display_name.py
[2025-08-17T00:59:13.842+0000] {logging_mixin.py:188} INFO - [2025-08-17T00:59:13.841+0000] {dag.py:3089} INFO - Sync 1 DAGs
[2025-08-17T00:59:13.856+0000] {logging_mixin.py:188} INFO - [2025-08-17T00:59:13.856+0000] {dag.py:3947} INFO - Setting next_dagrun for example_display_name to None, run_after=None
[2025-08-17T00:59:13.877+0000] {processor.py:183} INFO - Processing /home/airflow/.local/lib/python3.12/site-packages/airflow/example_dags/example_display_name.py took 0.076 seconds
[2025-08-17T01:00:12.937+0000] {processor.py:161} INFO - Started process (PID=90) to work on /home/airflow/.local/lib/python3.12/site-packages/airflow/example_dags/example_display_name.py
[2025-08-17T01:00:12.940+0000] {processor.py:830} INFO - Processing file /home/airflow/.local/lib/python3.12/site-packages/airflow/example_dags/example_display_name.py for tasks to queue
[2025-08-17T01:00:12.943+0000] {logging_mixin.py:188} INFO - [2025-08-17T01:00:12.943+0000] {dagbag.py:545} INFO - Filling up the DagBag from /home/airflow/.local/lib/python3.12/site-packages/airflow/example_dags/example_display_name.py
[2025-08-17T01:00:12.955+0000] {processor.py:840} INFO - DAG(s) 'example_display_name' retrieved from /home/airflow/.local/lib/python3.12/site-packages/airflow/example_dags/example_display_name.py
[2025-08-17T01:00:12.980+0000] {logging_mixin.py:188} INFO - [2025-08-17T01:00:12.980+0000] {dag.py:3089} INFO - Sync 1 DAGs
[2025-08-17T01:00:13.012+0000] {logging_mixin.py:188} INFO - [2025-08-17T01:00:13.011+0000] {dag.py:3947} INFO - Setting next_dagrun for example_display_name to None, run_after=None
[2025-08-17T01:00:13.047+0000] {processor.py:183} INFO - Processing /home/airflow/.local/lib/python3.12/site-packages/airflow/example_dags/example_display_name.py took 0.122 seconds
[2025-08-17T01:01:35.797+0000] {processor.py:161} INFO - Started process (PID=90) to work on /home/airflow/.local/lib/python3.12/site-packages/airflow/example_dags/example_display_name.py
[2025-08-17T01:01:35.799+0000] {processor.py:830} INFO - Processing file /home/airflow/.local/lib/python3.12/site-packages/airflow/example_dags/example_display_name.py for tasks to queue
[2025-08-17T01:01:35.803+0000] {logging_mixin.py:188} INFO - [2025-08-17T01:01:35.802+0000] {dagbag.py:545} INFO - Filling up the DagBag from /home/airflow/.local/lib/python3.12/site-packages/airflow/example_dags/example_display_name.py
[2025-08-17T01:01:35.813+0000] {processor.py:840} INFO - DAG(s) 'example_display_name' retrieved from /home/airflow/.local/lib/python3.12/site-packages/airflow/example_dags/example_display_name.py
[2025-08-17T01:01:35.837+0000] {logging_mixin.py:188} INFO - [2025-08-17T01:01:35.836+0000] {dag.py:3089} INFO - Sync 1 DAGs
[2025-08-17T01:01:35.859+0000] {logging_mixin.py:188} INFO - [2025-08-17T01:01:35.859+0000] {dag.py:3947} INFO - Setting next_dagrun for example_display_name to None, run_after=None
[2025-08-17T01:01:35.889+0000] {processor.py:183} INFO - Processing /home/airflow/.local/lib/python3.12/site-packages/airflow/example_dags/example_display_name.py took 0.102 seconds
[2025-08-17T01:02:07.152+0000] {processor.py:161} INFO - Started process (PID=149) to work on /home/airflow/.local/lib/python3.12/site-packages/airflow/example_dags/example_display_name.py
[2025-08-17T01:02:07.153+0000] {processor.py:830} INFO - Processing file /home/airflow/.local/lib/python3.12/site-packages/airflow/example_dags/example_display_name.py for tasks to queue
[2025-08-17T01:02:07.155+0000] {logging_mixin.py:188} INFO - [2025-08-17T01:02:07.155+0000] {dagbag.py:545} INFO - Filling up the DagBag from /home/airflow/.local/lib/python3.12/site-packages/airflow/example_dags/example_display_name.py
[2025-08-17T01:02:07.161+0000] {processor.py:840} INFO - DAG(s) 'example_display_name' retrieved from /home/airflow/.local/lib/python3.12/site-packages/airflow/example_dags/example_display_name.py
[2025-08-17T01:02:07.266+0000] {logging_mixin.py:188} INFO - [2025-08-17T01:02:07.265+0000] {dag.py:3089} INFO - Sync 1 DAGs
[2025-08-17T01:02:07.276+0000] {logging_mixin.py:188} INFO - [2025-08-17T01:02:07.276+0000] {dag.py:3947} INFO - Setting next_dagrun for example_display_name to None, run_after=None
[2025-08-17T01:02:07.298+0000] {processor.py:183} INFO - Processing /home/airflow/.local/lib/python3.12/site-packages/airflow/example_dags/example_display_name.py took 0.153 seconds
[2025-08-17T01:02:37.491+0000] {processor.py:161} INFO - Started process (PID=208) to work on /home/airflow/.local/lib/python3.12/site-packages/airflow/example_dags/example_display_name.py
[2025-08-17T01:02:37.492+0000] {processor.py:830} INFO - Processing file /home/airflow/.local/lib/python3.12/site-packages/airflow/example_dags/example_display_name.py for tasks to queue
[2025-08-17T01:02:37.495+0000] {logging_mixin.py:188} INFO - [2025-08-17T01:02:37.495+0000] {dagbag.py:545} INFO - Filling up the DagBag from /home/airflow/.local/lib/python3.12/site-packages/airflow/example_dags/example_display_name.py
[2025-08-17T01:02:37.502+0000] {processor.py:840} INFO - DAG(s) 'example_display_name' retrieved from /home/airflow/.local/lib/python3.12/site-packages/airflow/example_dags/example_display_name.py
[2025-08-17T01:02:37.527+0000] {logging_mixin.py:188} INFO - [2025-08-17T01:02:37.527+0000] {dag.py:3089} INFO - Sync 1 DAGs
[2025-08-17T01:02:37.546+0000] {logging_mixin.py:188} INFO - [2025-08-17T01:02:37.545+0000] {dag.py:3947} INFO - Setting next_dagrun for example_display_name to None, run_after=None
[2025-08-17T01:02:37.572+0000] {processor.py:183} INFO - Processing /home/airflow/.local/lib/python3.12/site-packages/airflow/example_dags/example_display_name.py took 0.087 seconds
[2025-08-17T01:03:07.862+0000] {processor.py:161} INFO - Started process (PID=273) to work on /home/airflow/.local/lib/python3.12/site-packages/airflow/example_dags/example_display_name.py
[2025-08-17T01:03:07.863+0000] {processor.py:830} INFO - Processing file /home/airflow/.local/lib/python3.12/site-packages/airflow/example_dags/example_display_name.py for tasks to queue
[2025-08-17T01:03:07.866+0000] {logging_mixin.py:188} INFO - [2025-08-17T01:03:07.865+0000] {dagbag.py:545} INFO - Filling up the DagBag from /home/airflow/.local/lib/python3.12/site-packages/airflow/example_dags/example_display_name.py
[2025-08-17T01:03:07.871+0000] {processor.py:840} INFO - DAG(s) 'example_display_name' retrieved from /home/airflow/.local/lib/python3.12/site-packages/airflow/example_dags/example_display_name.py
[2025-08-17T01:03:07.895+0000] {logging_mixin.py:188} INFO - [2025-08-17T01:03:07.894+0000] {dag.py:3089} INFO - Sync 1 DAGs
[2025-08-17T01:03:07.908+0000] {logging_mixin.py:188} INFO - [2025-08-17T01:03:07.908+0000] {dag.py:3947} INFO - Setting next_dagrun for example_display_name to None, run_after=None
[2025-08-17T01:03:07.929+0000] {processor.py:183} INFO - Processing /home/airflow/.local/lib/python3.12/site-packages/airflow/example_dags/example_display_name.py took 0.073 seconds
[2025-08-17T01:03:38.096+0000] {processor.py:161} INFO - Started process (PID=332) to work on /home/airflow/.local/lib/python3.12/site-packages/airflow/example_dags/example_display_name.py
[2025-08-17T01:03:38.097+0000] {processor.py:830} INFO - Processing file /home/airflow/.local/lib/python3.12/site-packages/airflow/example_dags/example_display_name.py for tasks to queue
[2025-08-17T01:03:38.100+0000] {logging_mixin.py:188} INFO - [2025-08-17T01:03:38.099+0000] {dagbag.py:545} INFO - Filling up the DagBag from /home/airflow/.local/lib/python3.12/site-packages/airflow/example_dags/example_display_name.py
[2025-08-17T01:03:38.107+0000] {processor.py:840} INFO - DAG(s) 'example_display_name' retrieved from /home/airflow/.local/lib/python3.12/site-packages/airflow/example_dags/example_display_name.py
[2025-08-17T01:03:38.129+0000] {logging_mixin.py:188} INFO - [2025-08-17T01:03:38.128+0000] {dag.py:3089} INFO - Sync 1 DAGs
[2025-08-17T01:03:38.142+0000] {logging_mixin.py:188} INFO - [2025-08-17T01:03:38.141+0000] {dag.py:3947} INFO - Setting next_dagrun for example_display_name to None, run_after=None
[2025-08-17T01:03:38.163+0000] {processor.py:183} INFO - Processing /home/airflow/.local/lib/python3.12/site-packages/airflow/example_dags/example_display_name.py took 0.074 seconds
[2025-08-17T01:04:08.545+0000] {processor.py:161} INFO - Started process (PID=391) to work on /home/airflow/.local/lib/python3.12/site-packages/airflow/example_dags/example_display_name.py
[2025-08-17T01:04:08.546+0000] {processor.py:830} INFO - Processing file /home/airflow/.local/lib/python3.12/site-packages/airflow/example_dags/example_display_name.py for tasks to queue
[2025-08-17T01:04:08.549+0000] {logging_mixin.py:188} INFO - [2025-08-17T01:04:08.548+0000] {dagbag.py:545} INFO - Filling up the DagBag from /home/airflow/.local/lib/python3.12/site-packages/airflow/example_dags/example_display_name.py
[2025-08-17T01:04:08.555+0000] {processor.py:840} INFO - DAG(s) 'example_display_name' retrieved from /home/airflow/.local/lib/python3.12/site-packages/airflow/example_dags/example_display_name.py
[2025-08-17T01:04:08.580+0000] {logging_mixin.py:188} INFO - [2025-08-17T01:04:08.580+0000] {dag.py:3089} INFO - Sync 1 DAGs
[2025-08-17T01:04:08.594+0000] {logging_mixin.py:188} INFO - [2025-08-17T01:04:08.594+0000] {dag.py:3947} INFO - Setting next_dagrun for example_display_name to None, run_after=None
[2025-08-17T01:04:08.618+0000] {processor.py:183} INFO - Processing /home/airflow/.local/lib/python3.12/site-packages/airflow/example_dags/example_display_name.py took 0.080 seconds
[2025-08-17T01:04:39.137+0000] {processor.py:161} INFO - Started process (PID=450) to work on /home/airflow/.local/lib/python3.12/site-packages/airflow/example_dags/example_display_name.py
[2025-08-17T01:04:39.138+0000] {processor.py:830} INFO - Processing file /home/airflow/.local/lib/python3.12/site-packages/airflow/example_dags/example_display_name.py for tasks to queue
[2025-08-17T01:04:39.140+0000] {logging_mixin.py:188} INFO - [2025-08-17T01:04:39.140+0000] {dagbag.py:545} INFO - Filling up the DagBag from /home/airflow/.local/lib/python3.12/site-packages/airflow/example_dags/example_display_name.py
[2025-08-17T01:04:39.146+0000] {processor.py:840} INFO - DAG(s) 'example_display_name' retrieved from /home/airflow/.local/lib/python3.12/site-packages/airflow/example_dags/example_display_name.py
[2025-08-17T01:04:39.169+0000] {logging_mixin.py:188} INFO - [2025-08-17T01:04:39.169+0000] {dag.py:3089} INFO - Sync 1 DAGs
[2025-08-17T01:04:39.183+0000] {logging_mixin.py:188} INFO - [2025-08-17T01:04:39.182+0000] {dag.py:3947} INFO - Setting next_dagrun for example_display_name to None, run_after=None
[2025-08-17T01:04:39.203+0000] {processor.py:183} INFO - Processing /home/airflow/.local/lib/python3.12/site-packages/airflow/example_dags/example_display_name.py took 0.072 seconds
[2025-08-17T01:05:09.957+0000] {processor.py:161} INFO - Started process (PID=509) to work on /home/airflow/.local/lib/python3.12/site-packages/airflow/example_dags/example_display_name.py
[2025-08-17T01:05:09.958+0000] {processor.py:830} INFO - Processing file /home/airflow/.local/lib/python3.12/site-packages/airflow/example_dags/example_display_name.py for tasks to queue
[2025-08-17T01:05:09.960+0000] {logging_mixin.py:188} INFO - [2025-08-17T01:05:09.959+0000] {dagbag.py:545} INFO - Filling up the DagBag from /home/airflow/.local/lib/python3.12/site-packages/airflow/example_dags/example_display_name.py
[2025-08-17T01:05:09.966+0000] {processor.py:840} INFO - DAG(s) 'example_display_name' retrieved from /home/airflow/.local/lib/python3.12/site-packages/airflow/example_dags/example_display_name.py
[2025-08-17T01:05:09.987+0000] {logging_mixin.py:188} INFO - [2025-08-17T01:05:09.987+0000] {dag.py:3089} INFO - Sync 1 DAGs
[2025-08-17T01:05:10.002+0000] {logging_mixin.py:188} INFO - [2025-08-17T01:05:10.002+0000] {dag.py:3947} INFO - Setting next_dagrun for example_display_name to None, run_after=None
[2025-08-17T01:05:10.024+0000] {processor.py:183} INFO - Processing /home/airflow/.local/lib/python3.12/site-packages/airflow/example_dags/example_display_name.py took 0.074 seconds
[2025-08-17T01:05:40.507+0000] {processor.py:161} INFO - Started process (PID=568) to work on /home/airflow/.local/lib/python3.12/site-packages/airflow/example_dags/example_display_name.py
[2025-08-17T01:05:40.509+0000] {processor.py:830} INFO - Processing file /home/airflow/.local/lib/python3.12/site-packages/airflow/example_dags/example_display_name.py for tasks to queue
[2025-08-17T01:05:40.514+0000] {logging_mixin.py:188} INFO - [2025-08-17T01:05:40.513+0000] {dagbag.py:545} INFO - Filling up the DagBag from /home/airflow/.local/lib/python3.12/site-packages/airflow/example_dags/example_display_name.py
[2025-08-17T01:05:40.522+0000] {processor.py:840} INFO - DAG(s) 'example_display_name' retrieved from /home/airflow/.local/lib/python3.12/site-packages/airflow/example_dags/example_display_name.py
[2025-08-17T01:05:40.555+0000] {logging_mixin.py:188} INFO - [2025-08-17T01:05:40.554+0000] {dag.py:3089} INFO - Sync 1 DAGs
[2025-08-17T01:05:40.572+0000] {logging_mixin.py:188} INFO - [2025-08-17T01:05:40.572+0000] {dag.py:3947} INFO - Setting next_dagrun for example_display_name to None, run_after=None
[2025-08-17T01:05:40.597+0000] {processor.py:183} INFO - Processing /home/airflow/.local/lib/python3.12/site-packages/airflow/example_dags/example_display_name.py took 0.101 seconds
[2025-08-17T01:06:11.529+0000] {processor.py:161} INFO - Started process (PID=627) to work on /home/airflow/.local/lib/python3.12/site-packages/airflow/example_dags/example_display_name.py
[2025-08-17T01:06:11.531+0000] {processor.py:830} INFO - Processing file /home/airflow/.local/lib/python3.12/site-packages/airflow/example_dags/example_display_name.py for tasks to queue
[2025-08-17T01:06:11.534+0000] {logging_mixin.py:188} INFO - [2025-08-17T01:06:11.533+0000] {dagbag.py:545} INFO - Filling up the DagBag from /home/airflow/.local/lib/python3.12/site-packages/airflow/example_dags/example_display_name.py
[2025-08-17T01:06:11.541+0000] {processor.py:840} INFO - DAG(s) 'example_display_name' retrieved from /home/airflow/.local/lib/python3.12/site-packages/airflow/example_dags/example_display_name.py
[2025-08-17T01:06:11.569+0000] {logging_mixin.py:188} INFO - [2025-08-17T01:06:11.569+0000] {dag.py:3089} INFO - Sync 1 DAGs
[2025-08-17T01:06:11.585+0000] {logging_mixin.py:188} INFO - [2025-08-17T01:06:11.585+0000] {dag.py:3947} INFO - Setting next_dagrun for example_display_name to None, run_after=None
[2025-08-17T01:06:11.612+0000] {processor.py:183} INFO - Processing /home/airflow/.local/lib/python3.12/site-packages/airflow/example_dags/example_display_name.py took 0.092 seconds
[2025-08-17T01:06:41.731+0000] {processor.py:161} INFO - Started process (PID=686) to work on /home/airflow/.local/lib/python3.12/site-packages/airflow/example_dags/example_display_name.py
[2025-08-17T01:06:41.732+0000] {processor.py:830} INFO - Processing file /home/airflow/.local/lib/python3.12/site-packages/airflow/example_dags/example_display_name.py for tasks to queue
[2025-08-17T01:06:41.734+0000] {logging_mixin.py:188} INFO - [2025-08-17T01:06:41.734+0000] {dagbag.py:545} INFO - Filling up the DagBag from /home/airflow/.local/lib/python3.12/site-packages/airflow/example_dags/example_display_name.py
[2025-08-17T01:06:41.742+0000] {processor.py:840} INFO - DAG(s) 'example_display_name' retrieved from /home/airflow/.local/lib/python3.12/site-packages/airflow/example_dags/example_display_name.py
[2025-08-17T01:06:41.764+0000] {logging_mixin.py:188} INFO - [2025-08-17T01:06:41.764+0000] {dag.py:3089} INFO - Sync 1 DAGs
[2025-08-17T01:06:41.779+0000] {logging_mixin.py:188} INFO - [2025-08-17T01:06:41.779+0000] {dag.py:3947} INFO - Setting next_dagrun for example_display_name to None, run_after=None
[2025-08-17T01:06:41.801+0000] {processor.py:183} INFO - Processing /home/airflow/.local/lib/python3.12/site-packages/airflow/example_dags/example_display_name.py took 0.076 seconds
[2025-08-17T01:07:12.758+0000] {processor.py:161} INFO - Started process (PID=745) to work on /home/airflow/.local/lib/python3.12/site-packages/airflow/example_dags/example_display_name.py
[2025-08-17T01:07:12.759+0000] {processor.py:830} INFO - Processing file /home/airflow/.local/lib/python3.12/site-packages/airflow/example_dags/example_display_name.py for tasks to queue
[2025-08-17T01:07:12.762+0000] {logging_mixin.py:188} INFO - [2025-08-17T01:07:12.761+0000] {dagbag.py:545} INFO - Filling up the DagBag from /home/airflow/.local/lib/python3.12/site-packages/airflow/example_dags/example_display_name.py
[2025-08-17T01:07:12.767+0000] {processor.py:840} INFO - DAG(s) 'example_display_name' retrieved from /home/airflow/.local/lib/python3.12/site-packages/airflow/example_dags/example_display_name.py
[2025-08-17T01:07:12.789+0000] {logging_mixin.py:188} INFO - [2025-08-17T01:07:12.789+0000] {dag.py:3089} INFO - Sync 1 DAGs
[2025-08-17T01:07:12.801+0000] {logging_mixin.py:188} INFO - [2025-08-17T01:07:12.801+0000] {dag.py:3947} INFO - Setting next_dagrun for example_display_name to None, run_after=None
[2025-08-17T01:07:12.821+0000] {processor.py:183} INFO - Processing /home/airflow/.local/lib/python3.12/site-packages/airflow/example_dags/example_display_name.py took 0.069 seconds
[2025-08-17T01:07:43.457+0000] {processor.py:161} INFO - Started process (PID=805) to work on /home/airflow/.local/lib/python3.12/site-packages/airflow/example_dags/example_display_name.py
[2025-08-17T01:07:43.458+0000] {processor.py:830} INFO - Processing file /home/airflow/.local/lib/python3.12/site-packages/airflow/example_dags/example_display_name.py for tasks to queue
[2025-08-17T01:07:43.461+0000] {logging_mixin.py:188} INFO - [2025-08-17T01:07:43.460+0000] {dagbag.py:545} INFO - Filling up the DagBag from /home/airflow/.local/lib/python3.12/site-packages/airflow/example_dags/example_display_name.py
[2025-08-17T01:07:43.469+0000] {processor.py:840} INFO - DAG(s) 'example_display_name' retrieved from /home/airflow/.local/lib/python3.12/site-packages/airflow/example_dags/example_display_name.py
[2025-08-17T01:07:43.499+0000] {logging_mixin.py:188} INFO - [2025-08-17T01:07:43.499+0000] {dag.py:3089} INFO - Sync 1 DAGs
[2025-08-17T01:07:43.517+0000] {logging_mixin.py:188} INFO - [2025-08-17T01:07:43.517+0000] {dag.py:3947} INFO - Setting next_dagrun for example_display_name to None, run_after=None
[2025-08-17T01:07:43.542+0000] {processor.py:183} INFO - Processing /home/airflow/.local/lib/python3.12/site-packages/airflow/example_dags/example_display_name.py took 0.092 seconds
[2025-08-17T01:08:14.032+0000] {processor.py:161} INFO - Started process (PID=864) to work on /home/airflow/.local/lib/python3.12/site-packages/airflow/example_dags/example_display_name.py
[2025-08-17T01:08:14.034+0000] {processor.py:830} INFO - Processing file /home/airflow/.local/lib/python3.12/site-packages/airflow/example_dags/example_display_name.py for tasks to queue
[2025-08-17T01:08:14.035+0000] {logging_mixin.py:188} INFO - [2025-08-17T01:08:14.035+0000] {dagbag.py:545} INFO - Filling up the DagBag from /home/airflow/.local/lib/python3.12/site-packages/airflow/example_dags/example_display_name.py
[2025-08-17T01:08:14.042+0000] {processor.py:840} INFO - DAG(s) 'example_display_name' retrieved from /home/airflow/.local/lib/python3.12/site-packages/airflow/example_dags/example_display_name.py
[2025-08-17T01:08:14.066+0000] {logging_mixin.py:188} INFO - [2025-08-17T01:08:14.065+0000] {dag.py:3089} INFO - Sync 1 DAGs
[2025-08-17T01:08:14.078+0000] {logging_mixin.py:188} INFO - [2025-08-17T01:08:14.078+0000] {dag.py:3947} INFO - Setting next_dagrun for example_display_name to None, run_after=None
[2025-08-17T01:08:14.097+0000] {processor.py:183} INFO - Processing /home/airflow/.local/lib/python3.12/site-packages/airflow/example_dags/example_display_name.py took 0.071 seconds
[2025-08-17T01:08:44.541+0000] {processor.py:161} INFO - Started process (PID=923) to work on /home/airflow/.local/lib/python3.12/site-packages/airflow/example_dags/example_display_name.py
[2025-08-17T01:08:44.543+0000] {processor.py:830} INFO - Processing file /home/airflow/.local/lib/python3.12/site-packages/airflow/example_dags/example_display_name.py for tasks to queue
[2025-08-17T01:08:44.545+0000] {logging_mixin.py:188} INFO - [2025-08-17T01:08:44.545+0000] {dagbag.py:545} INFO - Filling up the DagBag from /home/airflow/.local/lib/python3.12/site-packages/airflow/example_dags/example_display_name.py
[2025-08-17T01:08:44.551+0000] {processor.py:840} INFO - DAG(s) 'example_display_name' retrieved from /home/airflow/.local/lib/python3.12/site-packages/airflow/example_dags/example_display_name.py
[2025-08-17T01:08:44.572+0000] {logging_mixin.py:188} INFO - [2025-08-17T01:08:44.571+0000] {dag.py:3089} INFO - Sync 1 DAGs
[2025-08-17T01:08:44.585+0000] {logging_mixin.py:188} INFO - [2025-08-17T01:08:44.585+0000] {dag.py:3947} INFO - Setting next_dagrun for example_display_name to None, run_after=None
[2025-08-17T01:08:44.605+0000] {processor.py:183} INFO - Processing /home/airflow/.local/lib/python3.12/site-packages/airflow/example_dags/example_display_name.py took 0.070 seconds
[2025-08-17T01:09:15.374+0000] {processor.py:161} INFO - Started process (PID=982) to work on /home/airflow/.local/lib/python3.12/site-packages/airflow/example_dags/example_display_name.py
[2025-08-17T01:09:15.375+0000] {processor.py:830} INFO - Processing file /home/airflow/.local/lib/python3.12/site-packages/airflow/example_dags/example_display_name.py for tasks to queue
[2025-08-17T01:09:15.378+0000] {logging_mixin.py:188} INFO - [2025-08-17T01:09:15.377+0000] {dagbag.py:545} INFO - Filling up the DagBag from /home/airflow/.local/lib/python3.12/site-packages/airflow/example_dags/example_display_name.py
[2025-08-17T01:09:15.385+0000] {processor.py:840} INFO - DAG(s) 'example_display_name' retrieved from /home/airflow/.local/lib/python3.12/site-packages/airflow/example_dags/example_display_name.py
[2025-08-17T01:09:15.414+0000] {logging_mixin.py:188} INFO - [2025-08-17T01:09:15.413+0000] {dag.py:3089} INFO - Sync 1 DAGs
[2025-08-17T01:09:15.430+0000] {logging_mixin.py:188} INFO - [2025-08-17T01:09:15.429+0000] {dag.py:3947} INFO - Setting next_dagrun for example_display_name to None, run_after=None
[2025-08-17T01:09:15.457+0000] {processor.py:183} INFO - Processing /home/airflow/.local/lib/python3.12/site-packages/airflow/example_dags/example_display_name.py took 0.091 seconds
[2025-08-17T01:09:46.021+0000] {processor.py:161} INFO - Started process (PID=1041) to work on /home/airflow/.local/lib/python3.12/site-packages/airflow/example_dags/example_display_name.py
[2025-08-17T01:09:46.022+0000] {processor.py:830} INFO - Processing file /home/airflow/.local/lib/python3.12/site-packages/airflow/example_dags/example_display_name.py for tasks to queue
[2025-08-17T01:09:46.024+0000] {logging_mixin.py:188} INFO - [2025-08-17T01:09:46.024+0000] {dagbag.py:545} INFO - Filling up the DagBag from /home/airflow/.local/lib/python3.12/site-packages/airflow/example_dags/example_display_name.py
[2025-08-17T01:09:46.029+0000] {processor.py:840} INFO - DAG(s) 'example_display_name' retrieved from /home/airflow/.local/lib/python3.12/site-packages/airflow/example_dags/example_display_name.py
[2025-08-17T01:09:46.051+0000] {logging_mixin.py:188} INFO - [2025-08-17T01:09:46.051+0000] {dag.py:3089} INFO - Sync 1 DAGs
[2025-08-17T01:09:46.064+0000] {logging_mixin.py:188} INFO - [2025-08-17T01:09:46.064+0000] {dag.py:3947} INFO - Setting next_dagrun for example_display_name to None, run_after=None
[2025-08-17T01:09:46.087+0000] {processor.py:183} INFO - Processing /home/airflow/.local/lib/python3.12/site-packages/airflow/example_dags/example_display_name.py took 0.072 seconds
[2025-08-17T01:10:16.381+0000] {processor.py:161} INFO - Started process (PID=1101) to work on /home/airflow/.local/lib/python3.12/site-packages/airflow/example_dags/example_display_name.py
[2025-08-17T01:10:16.382+0000] {processor.py:830} INFO - Processing file /home/airflow/.local/lib/python3.12/site-packages/airflow/example_dags/example_display_name.py for tasks to queue
[2025-08-17T01:10:16.385+0000] {logging_mixin.py:188} INFO - [2025-08-17T01:10:16.384+0000] {dagbag.py:545} INFO - Filling up the DagBag from /home/airflow/.local/lib/python3.12/site-packages/airflow/example_dags/example_display_name.py
[2025-08-17T01:10:16.390+0000] {processor.py:840} INFO - DAG(s) 'example_display_name' retrieved from /home/airflow/.local/lib/python3.12/site-packages/airflow/example_dags/example_display_name.py
[2025-08-17T01:10:16.412+0000] {logging_mixin.py:188} INFO - [2025-08-17T01:10:16.411+0000] {dag.py:3089} INFO - Sync 1 DAGs
[2025-08-17T01:10:16.424+0000] {logging_mixin.py:188} INFO - [2025-08-17T01:10:16.423+0000] {dag.py:3947} INFO - Setting next_dagrun for example_display_name to None, run_after=None
[2025-08-17T01:10:16.439+0000] {processor.py:183} INFO - Processing /home/airflow/.local/lib/python3.12/site-packages/airflow/example_dags/example_display_name.py took 0.064 seconds
[2025-08-17T01:10:46.768+0000] {processor.py:161} INFO - Started process (PID=1160) to work on /home/airflow/.local/lib/python3.12/site-packages/airflow/example_dags/example_display_name.py
[2025-08-17T01:10:46.770+0000] {processor.py:830} INFO - Processing file /home/airflow/.local/lib/python3.12/site-packages/airflow/example_dags/example_display_name.py for tasks to queue
[2025-08-17T01:10:46.773+0000] {logging_mixin.py:188} INFO - [2025-08-17T01:10:46.772+0000] {dagbag.py:545} INFO - Filling up the DagBag from /home/airflow/.local/lib/python3.12/site-packages/airflow/example_dags/example_display_name.py
[2025-08-17T01:10:46.779+0000] {processor.py:840} INFO - DAG(s) 'example_display_name' retrieved from /home/airflow/.local/lib/python3.12/site-packages/airflow/example_dags/example_display_name.py
[2025-08-17T01:10:46.805+0000] {logging_mixin.py:188} INFO - [2025-08-17T01:10:46.804+0000] {dag.py:3089} INFO - Sync 1 DAGs
[2025-08-17T01:10:46.819+0000] {logging_mixin.py:188} INFO - [2025-08-17T01:10:46.818+0000] {dag.py:3947} INFO - Setting next_dagrun for example_display_name to None, run_after=None
[2025-08-17T01:10:46.843+0000] {processor.py:183} INFO - Processing /home/airflow/.local/lib/python3.12/site-packages/airflow/example_dags/example_display_name.py took 0.081 seconds
[2025-08-17T01:11:17.152+0000] {processor.py:161} INFO - Started process (PID=1219) to work on /home/airflow/.local/lib/python3.12/site-packages/airflow/example_dags/example_display_name.py
[2025-08-17T01:11:17.153+0000] {processor.py:830} INFO - Processing file /home/airflow/.local/lib/python3.12/site-packages/airflow/example_dags/example_display_name.py for tasks to queue
[2025-08-17T01:11:17.156+0000] {logging_mixin.py:188} INFO - [2025-08-17T01:11:17.155+0000] {dagbag.py:545} INFO - Filling up the DagBag from /home/airflow/.local/lib/python3.12/site-packages/airflow/example_dags/example_display_name.py
[2025-08-17T01:11:17.162+0000] {processor.py:840} INFO - DAG(s) 'example_display_name' retrieved from /home/airflow/.local/lib/python3.12/site-packages/airflow/example_dags/example_display_name.py
[2025-08-17T01:11:17.183+0000] {logging_mixin.py:188} INFO - [2025-08-17T01:11:17.182+0000] {dag.py:3089} INFO - Sync 1 DAGs
[2025-08-17T01:11:17.196+0000] {logging_mixin.py:188} INFO - [2025-08-17T01:11:17.196+0000] {dag.py:3947} INFO - Setting next_dagrun for example_display_name to None, run_after=None
[2025-08-17T01:11:17.217+0000] {processor.py:183} INFO - Processing /home/airflow/.local/lib/python3.12/site-packages/airflow/example_dags/example_display_name.py took 0.071 seconds
[2025-08-17T01:11:47.778+0000] {processor.py:161} INFO - Started process (PID=1278) to work on /home/airflow/.local/lib/python3.12/site-packages/airflow/example_dags/example_display_name.py
[2025-08-17T01:11:47.779+0000] {processor.py:830} INFO - Processing file /home/airflow/.local/lib/python3.12/site-packages/airflow/example_dags/example_display_name.py for tasks to queue
[2025-08-17T01:11:47.782+0000] {logging_mixin.py:188} INFO - [2025-08-17T01:11:47.781+0000] {dagbag.py:545} INFO - Filling up the DagBag from /home/airflow/.local/lib/python3.12/site-packages/airflow/example_dags/example_display_name.py
[2025-08-17T01:11:47.787+0000] {processor.py:840} INFO - DAG(s) 'example_display_name' retrieved from /home/airflow/.local/lib/python3.12/site-packages/airflow/example_dags/example_display_name.py
[2025-08-17T01:11:47.813+0000] {logging_mixin.py:188} INFO - [2025-08-17T01:11:47.812+0000] {dag.py:3089} INFO - Sync 1 DAGs
[2025-08-17T01:11:47.826+0000] {logging_mixin.py:188} INFO - [2025-08-17T01:11:47.826+0000] {dag.py:3947} INFO - Setting next_dagrun for example_display_name to None, run_after=None
[2025-08-17T01:11:47.848+0000] {processor.py:183} INFO - Processing /home/airflow/.local/lib/python3.12/site-packages/airflow/example_dags/example_display_name.py took 0.076 seconds
[2025-08-17T01:12:18.312+0000] {processor.py:161} INFO - Started process (PID=1337) to work on /home/airflow/.local/lib/python3.12/site-packages/airflow/example_dags/example_display_name.py
[2025-08-17T01:12:18.314+0000] {processor.py:830} INFO - Processing file /home/airflow/.local/lib/python3.12/site-packages/airflow/example_dags/example_display_name.py for tasks to queue
[2025-08-17T01:12:18.317+0000] {logging_mixin.py:188} INFO - [2025-08-17T01:12:18.316+0000] {dagbag.py:545} INFO - Filling up the DagBag from /home/airflow/.local/lib/python3.12/site-packages/airflow/example_dags/example_display_name.py
[2025-08-17T01:12:18.324+0000] {processor.py:840} INFO - DAG(s) 'example_display_name' retrieved from /home/airflow/.local/lib/python3.12/site-packages/airflow/example_dags/example_display_name.py
[2025-08-17T01:12:18.353+0000] {logging_mixin.py:188} INFO - [2025-08-17T01:12:18.352+0000] {dag.py:3089} INFO - Sync 1 DAGs
[2025-08-17T01:12:18.368+0000] {logging_mixin.py:188} INFO - [2025-08-17T01:12:18.367+0000] {dag.py:3947} INFO - Setting next_dagrun for example_display_name to None, run_after=None
[2025-08-17T01:12:18.391+0000] {processor.py:183} INFO - Processing /home/airflow/.local/lib/python3.12/site-packages/airflow/example_dags/example_display_name.py took 0.086 seconds
[2025-08-17T01:12:49.328+0000] {processor.py:161} INFO - Started process (PID=1396) to work on /home/airflow/.local/lib/python3.12/site-packages/airflow/example_dags/example_display_name.py
[2025-08-17T01:12:49.330+0000] {processor.py:830} INFO - Processing file /home/airflow/.local/lib/python3.12/site-packages/airflow/example_dags/example_display_name.py for tasks to queue
[2025-08-17T01:12:49.332+0000] {logging_mixin.py:188} INFO - [2025-08-17T01:12:49.332+0000] {dagbag.py:545} INFO - Filling up the DagBag from /home/airflow/.local/lib/python3.12/site-packages/airflow/example_dags/example_display_name.py
[2025-08-17T01:12:49.339+0000] {processor.py:840} INFO - DAG(s) 'example_display_name' retrieved from /home/airflow/.local/lib/python3.12/site-packages/airflow/example_dags/example_display_name.py
[2025-08-17T01:12:49.368+0000] {logging_mixin.py:188} INFO - [2025-08-17T01:12:49.367+0000] {dag.py:3089} INFO - Sync 1 DAGs
[2025-08-17T01:12:49.385+0000] {logging_mixin.py:188} INFO - [2025-08-17T01:12:49.385+0000] {dag.py:3947} INFO - Setting next_dagrun for example_display_name to None, run_after=None
[2025-08-17T01:12:49.410+0000] {processor.py:183} INFO - Processing /home/airflow/.local/lib/python3.12/site-packages/airflow/example_dags/example_display_name.py took 0.088 seconds
[2025-08-17T01:13:19.610+0000] {processor.py:161} INFO - Started process (PID=1455) to work on /home/airflow/.local/lib/python3.12/site-packages/airflow/example_dags/example_display_name.py
[2025-08-17T01:13:19.612+0000] {processor.py:830} INFO - Processing file /home/airflow/.local/lib/python3.12/site-packages/airflow/example_dags/example_display_name.py for tasks to queue
[2025-08-17T01:13:19.614+0000] {logging_mixin.py:188} INFO - [2025-08-17T01:13:19.614+0000] {dagbag.py:545} INFO - Filling up the DagBag from /home/airflow/.local/lib/python3.12/site-packages/airflow/example_dags/example_display_name.py
[2025-08-17T01:13:19.620+0000] {processor.py:840} INFO - DAG(s) 'example_display_name' retrieved from /home/airflow/.local/lib/python3.12/site-packages/airflow/example_dags/example_display_name.py
[2025-08-17T01:13:19.643+0000] {logging_mixin.py:188} INFO - [2025-08-17T01:13:19.643+0000] {dag.py:3089} INFO - Sync 1 DAGs
[2025-08-17T01:13:19.657+0000] {logging_mixin.py:188} INFO - [2025-08-17T01:13:19.657+0000] {dag.py:3947} INFO - Setting next_dagrun for example_display_name to None, run_after=None
[2025-08-17T01:13:19.678+0000] {processor.py:183} INFO - Processing /home/airflow/.local/lib/python3.12/site-packages/airflow/example_dags/example_display_name.py took 0.074 seconds
[2025-08-17T01:13:50.099+0000] {processor.py:161} INFO - Started process (PID=1514) to work on /home/airflow/.local/lib/python3.12/site-packages/airflow/example_dags/example_display_name.py
[2025-08-17T01:13:50.100+0000] {processor.py:830} INFO - Processing file /home/airflow/.local/lib/python3.12/site-packages/airflow/example_dags/example_display_name.py for tasks to queue
[2025-08-17T01:13:50.103+0000] {logging_mixin.py:188} INFO - [2025-08-17T01:13:50.103+0000] {dagbag.py:545} INFO - Filling up the DagBag from /home/airflow/.local/lib/python3.12/site-packages/airflow/example_dags/example_display_name.py
[2025-08-17T01:13:50.109+0000] {processor.py:840} INFO - DAG(s) 'example_display_name' retrieved from /home/airflow/.local/lib/python3.12/site-packages/airflow/example_dags/example_display_name.py
[2025-08-17T01:13:50.131+0000] {logging_mixin.py:188} INFO - [2025-08-17T01:13:50.131+0000] {dag.py:3089} INFO - Sync 1 DAGs
[2025-08-17T01:13:50.144+0000] {logging_mixin.py:188} INFO - [2025-08-17T01:13:50.143+0000] {dag.py:3947} INFO - Setting next_dagrun for example_display_name to None, run_after=None
[2025-08-17T01:13:50.169+0000] {processor.py:183} INFO - Processing /home/airflow/.local/lib/python3.12/site-packages/airflow/example_dags/example_display_name.py took 0.076 seconds
[2025-08-17T01:14:20.920+0000] {processor.py:161} INFO - Started process (PID=1573) to work on /home/airflow/.local/lib/python3.12/site-packages/airflow/example_dags/example_display_name.py
[2025-08-17T01:14:20.921+0000] {processor.py:830} INFO - Processing file /home/airflow/.local/lib/python3.12/site-packages/airflow/example_dags/example_display_name.py for tasks to queue
[2025-08-17T01:14:20.923+0000] {logging_mixin.py:188} INFO - [2025-08-17T01:14:20.923+0000] {dagbag.py:545} INFO - Filling up the DagBag from /home/airflow/.local/lib/python3.12/site-packages/airflow/example_dags/example_display_name.py
[2025-08-17T01:14:20.930+0000] {processor.py:840} INFO - DAG(s) 'example_display_name' retrieved from /home/airflow/.local/lib/python3.12/site-packages/airflow/example_dags/example_display_name.py
[2025-08-17T01:14:20.959+0000] {logging_mixin.py:188} INFO - [2025-08-17T01:14:20.959+0000] {dag.py:3089} INFO - Sync 1 DAGs
[2025-08-17T01:14:20.976+0000] {logging_mixin.py:188} INFO - [2025-08-17T01:14:20.976+0000] {dag.py:3947} INFO - Setting next_dagrun for example_display_name to None, run_after=None
[2025-08-17T01:14:21.003+0000] {processor.py:183} INFO - Processing /home/airflow/.local/lib/python3.12/site-packages/airflow/example_dags/example_display_name.py took 0.092 seconds
[2025-08-17T01:14:51.239+0000] {processor.py:161} INFO - Started process (PID=1632) to work on /home/airflow/.local/lib/python3.12/site-packages/airflow/example_dags/example_display_name.py
[2025-08-17T01:14:51.241+0000] {processor.py:830} INFO - Processing file /home/airflow/.local/lib/python3.12/site-packages/airflow/example_dags/example_display_name.py for tasks to queue
[2025-08-17T01:14:51.243+0000] {logging_mixin.py:188} INFO - [2025-08-17T01:14:51.243+0000] {dagbag.py:545} INFO - Filling up the DagBag from /home/airflow/.local/lib/python3.12/site-packages/airflow/example_dags/example_display_name.py
[2025-08-17T01:14:51.249+0000] {processor.py:840} INFO - DAG(s) 'example_display_name' retrieved from /home/airflow/.local/lib/python3.12/site-packages/airflow/example_dags/example_display_name.py
[2025-08-17T01:14:51.271+0000] {logging_mixin.py:188} INFO - [2025-08-17T01:14:51.271+0000] {dag.py:3089} INFO - Sync 1 DAGs
[2025-08-17T01:14:51.284+0000] {logging_mixin.py:188} INFO - [2025-08-17T01:14:51.284+0000] {dag.py:3947} INFO - Setting next_dagrun for example_display_name to None, run_after=None
[2025-08-17T01:14:51.307+0000] {processor.py:183} INFO - Processing /home/airflow/.local/lib/python3.12/site-packages/airflow/example_dags/example_display_name.py took 0.073 seconds
[2025-08-17T01:15:21.508+0000] {processor.py:161} INFO - Started process (PID=1691) to work on /home/airflow/.local/lib/python3.12/site-packages/airflow/example_dags/example_display_name.py
[2025-08-17T01:15:21.510+0000] {processor.py:830} INFO - Processing file /home/airflow/.local/lib/python3.12/site-packages/airflow/example_dags/example_display_name.py for tasks to queue
[2025-08-17T01:15:21.512+0000] {logging_mixin.py:188} INFO - [2025-08-17T01:15:21.512+0000] {dagbag.py:545} INFO - Filling up the DagBag from /home/airflow/.local/lib/python3.12/site-packages/airflow/example_dags/example_display_name.py
[2025-08-17T01:15:21.519+0000] {processor.py:840} INFO - DAG(s) 'example_display_name' retrieved from /home/airflow/.local/lib/python3.12/site-packages/airflow/example_dags/example_display_name.py
[2025-08-17T01:15:21.541+0000] {logging_mixin.py:188} INFO - [2025-08-17T01:15:21.541+0000] {dag.py:3089} INFO - Sync 1 DAGs
[2025-08-17T01:15:21.555+0000] {logging_mixin.py:188} INFO - [2025-08-17T01:15:21.554+0000] {dag.py:3947} INFO - Setting next_dagrun for example_display_name to None, run_after=None
[2025-08-17T01:15:21.573+0000] {processor.py:183} INFO - Processing /home/airflow/.local/lib/python3.12/site-packages/airflow/example_dags/example_display_name.py took 0.071 seconds
[2025-08-17T01:15:52.646+0000] {processor.py:161} INFO - Started process (PID=1750) to work on /home/airflow/.local/lib/python3.12/site-packages/airflow/example_dags/example_display_name.py
[2025-08-17T01:15:52.648+0000] {processor.py:830} INFO - Processing file /home/airflow/.local/lib/python3.12/site-packages/airflow/example_dags/example_display_name.py for tasks to queue
[2025-08-17T01:15:52.651+0000] {logging_mixin.py:188} INFO - [2025-08-17T01:15:52.651+0000] {dagbag.py:545} INFO - Filling up the DagBag from /home/airflow/.local/lib/python3.12/site-packages/airflow/example_dags/example_display_name.py
[2025-08-17T01:15:52.664+0000] {processor.py:840} INFO - DAG(s) 'example_display_name' retrieved from /home/airflow/.local/lib/python3.12/site-packages/airflow/example_dags/example_display_name.py
[2025-08-17T01:15:52.702+0000] {logging_mixin.py:188} INFO - [2025-08-17T01:15:52.702+0000] {dag.py:3089} INFO - Sync 1 DAGs
[2025-08-17T01:15:52.927+0000] {logging_mixin.py:188} INFO - [2025-08-17T01:15:52.927+0000] {dag.py:3947} INFO - Setting next_dagrun for example_display_name to None, run_after=None
[2025-08-17T01:15:52.963+0000] {processor.py:183} INFO - Processing /home/airflow/.local/lib/python3.12/site-packages/airflow/example_dags/example_display_name.py took 0.328 seconds
[2025-08-17T01:16:23.339+0000] {processor.py:161} INFO - Started process (PID=1809) to work on /home/airflow/.local/lib/python3.12/site-packages/airflow/example_dags/example_display_name.py
[2025-08-17T01:16:23.341+0000] {processor.py:830} INFO - Processing file /home/airflow/.local/lib/python3.12/site-packages/airflow/example_dags/example_display_name.py for tasks to queue
[2025-08-17T01:16:23.344+0000] {logging_mixin.py:188} INFO - [2025-08-17T01:16:23.343+0000] {dagbag.py:545} INFO - Filling up the DagBag from /home/airflow/.local/lib/python3.12/site-packages/airflow/example_dags/example_display_name.py
[2025-08-17T01:16:23.351+0000] {processor.py:840} INFO - DAG(s) 'example_display_name' retrieved from /home/airflow/.local/lib/python3.12/site-packages/airflow/example_dags/example_display_name.py
[2025-08-17T01:16:23.381+0000] {logging_mixin.py:188} INFO - [2025-08-17T01:16:23.380+0000] {dag.py:3089} INFO - Sync 1 DAGs
[2025-08-17T01:16:23.396+0000] {logging_mixin.py:188} INFO - [2025-08-17T01:16:23.396+0000] {dag.py:3947} INFO - Setting next_dagrun for example_display_name to None, run_after=None
[2025-08-17T01:16:23.594+0000] {processor.py:183} INFO - Processing /home/airflow/.local/lib/python3.12/site-packages/airflow/example_dags/example_display_name.py took 0.261 seconds
[2025-08-17T01:17:41.489+0000] {processor.py:161} INFO - Started process (PID=102) to work on /home/airflow/.local/lib/python3.12/site-packages/airflow/example_dags/example_display_name.py
[2025-08-17T01:17:41.490+0000] {processor.py:830} INFO - Processing file /home/airflow/.local/lib/python3.12/site-packages/airflow/example_dags/example_display_name.py for tasks to queue
[2025-08-17T01:17:41.493+0000] {logging_mixin.py:188} INFO - [2025-08-17T01:17:41.493+0000] {dagbag.py:545} INFO - Filling up the DagBag from /home/airflow/.local/lib/python3.12/site-packages/airflow/example_dags/example_display_name.py
[2025-08-17T01:17:41.502+0000] {processor.py:840} INFO - DAG(s) 'example_display_name' retrieved from /home/airflow/.local/lib/python3.12/site-packages/airflow/example_dags/example_display_name.py
[2025-08-17T01:17:41.692+0000] {logging_mixin.py:188} INFO - [2025-08-17T01:17:41.691+0000] {dag.py:3089} INFO - Sync 1 DAGs
[2025-08-17T01:17:41.710+0000] {logging_mixin.py:188} INFO - [2025-08-17T01:17:41.709+0000] {dag.py:3947} INFO - Setting next_dagrun for example_display_name to None, run_after=None
[2025-08-17T01:17:41.746+0000] {processor.py:183} INFO - Processing /home/airflow/.local/lib/python3.12/site-packages/airflow/example_dags/example_display_name.py took 0.264 seconds
[2025-08-17T01:18:12.706+0000] {processor.py:161} INFO - Started process (PID=161) to work on /home/airflow/.local/lib/python3.12/site-packages/airflow/example_dags/example_display_name.py
[2025-08-17T01:18:12.707+0000] {processor.py:830} INFO - Processing file /home/airflow/.local/lib/python3.12/site-packages/airflow/example_dags/example_display_name.py for tasks to queue
[2025-08-17T01:18:12.710+0000] {logging_mixin.py:188} INFO - [2025-08-17T01:18:12.709+0000] {dagbag.py:545} INFO - Filling up the DagBag from /home/airflow/.local/lib/python3.12/site-packages/airflow/example_dags/example_display_name.py
[2025-08-17T01:18:12.716+0000] {processor.py:840} INFO - DAG(s) 'example_display_name' retrieved from /home/airflow/.local/lib/python3.12/site-packages/airflow/example_dags/example_display_name.py
[2025-08-17T01:18:12.743+0000] {logging_mixin.py:188} INFO - [2025-08-17T01:18:12.742+0000] {dag.py:3089} INFO - Sync 1 DAGs
[2025-08-17T01:18:12.757+0000] {logging_mixin.py:188} INFO - [2025-08-17T01:18:12.757+0000] {dag.py:3947} INFO - Setting next_dagrun for example_display_name to None, run_after=None
[2025-08-17T01:18:12.779+0000] {processor.py:183} INFO - Processing /home/airflow/.local/lib/python3.12/site-packages/airflow/example_dags/example_display_name.py took 0.080 seconds
[2025-08-17T01:18:43.452+0000] {processor.py:161} INFO - Started process (PID=220) to work on /home/airflow/.local/lib/python3.12/site-packages/airflow/example_dags/example_display_name.py
[2025-08-17T01:18:43.453+0000] {processor.py:830} INFO - Processing file /home/airflow/.local/lib/python3.12/site-packages/airflow/example_dags/example_display_name.py for tasks to queue
[2025-08-17T01:18:43.456+0000] {logging_mixin.py:188} INFO - [2025-08-17T01:18:43.455+0000] {dagbag.py:545} INFO - Filling up the DagBag from /home/airflow/.local/lib/python3.12/site-packages/airflow/example_dags/example_display_name.py
[2025-08-17T01:18:43.463+0000] {processor.py:840} INFO - DAG(s) 'example_display_name' retrieved from /home/airflow/.local/lib/python3.12/site-packages/airflow/example_dags/example_display_name.py
[2025-08-17T01:18:43.485+0000] {logging_mixin.py:188} INFO - [2025-08-17T01:18:43.484+0000] {dag.py:3089} INFO - Sync 1 DAGs
[2025-08-17T01:18:43.499+0000] {logging_mixin.py:188} INFO - [2025-08-17T01:18:43.499+0000] {dag.py:3947} INFO - Setting next_dagrun for example_display_name to None, run_after=None
[2025-08-17T01:18:43.521+0000] {processor.py:183} INFO - Processing /home/airflow/.local/lib/python3.12/site-packages/airflow/example_dags/example_display_name.py took 0.075 seconds
[2025-08-17T01:19:13.676+0000] {processor.py:161} INFO - Started process (PID=279) to work on /home/airflow/.local/lib/python3.12/site-packages/airflow/example_dags/example_display_name.py
[2025-08-17T01:19:13.677+0000] {processor.py:830} INFO - Processing file /home/airflow/.local/lib/python3.12/site-packages/airflow/example_dags/example_display_name.py for tasks to queue
[2025-08-17T01:19:13.680+0000] {logging_mixin.py:188} INFO - [2025-08-17T01:19:13.679+0000] {dagbag.py:545} INFO - Filling up the DagBag from /home/airflow/.local/lib/python3.12/site-packages/airflow/example_dags/example_display_name.py
[2025-08-17T01:19:13.686+0000] {processor.py:840} INFO - DAG(s) 'example_display_name' retrieved from /home/airflow/.local/lib/python3.12/site-packages/airflow/example_dags/example_display_name.py
[2025-08-17T01:19:13.711+0000] {logging_mixin.py:188} INFO - [2025-08-17T01:19:13.711+0000] {dag.py:3089} INFO - Sync 1 DAGs
[2025-08-17T01:19:13.724+0000] {logging_mixin.py:188} INFO - [2025-08-17T01:19:13.724+0000] {dag.py:3947} INFO - Setting next_dagrun for example_display_name to None, run_after=None
[2025-08-17T01:19:13.747+0000] {processor.py:183} INFO - Processing /home/airflow/.local/lib/python3.12/site-packages/airflow/example_dags/example_display_name.py took 0.078 seconds
[2025-08-17T01:19:43.934+0000] {processor.py:161} INFO - Started process (PID=338) to work on /home/airflow/.local/lib/python3.12/site-packages/airflow/example_dags/example_display_name.py
[2025-08-17T01:19:43.936+0000] {processor.py:830} INFO - Processing file /home/airflow/.local/lib/python3.12/site-packages/airflow/example_dags/example_display_name.py for tasks to queue
[2025-08-17T01:19:43.939+0000] {logging_mixin.py:188} INFO - [2025-08-17T01:19:43.939+0000] {dagbag.py:545} INFO - Filling up the DagBag from /home/airflow/.local/lib/python3.12/site-packages/airflow/example_dags/example_display_name.py
[2025-08-17T01:19:43.946+0000] {processor.py:840} INFO - DAG(s) 'example_display_name' retrieved from /home/airflow/.local/lib/python3.12/site-packages/airflow/example_dags/example_display_name.py
[2025-08-17T01:19:43.969+0000] {logging_mixin.py:188} INFO - [2025-08-17T01:19:43.969+0000] {dag.py:3089} INFO - Sync 1 DAGs
[2025-08-17T01:19:43.982+0000] {logging_mixin.py:188} INFO - [2025-08-17T01:19:43.982+0000] {dag.py:3947} INFO - Setting next_dagrun for example_display_name to None, run_after=None
[2025-08-17T01:19:44.002+0000] {processor.py:183} INFO - Processing /home/airflow/.local/lib/python3.12/site-packages/airflow/example_dags/example_display_name.py took 0.074 seconds
[2025-08-17T01:20:14.097+0000] {processor.py:161} INFO - Started process (PID=398) to work on /home/airflow/.local/lib/python3.12/site-packages/airflow/example_dags/example_display_name.py
[2025-08-17T01:20:14.099+0000] {processor.py:830} INFO - Processing file /home/airflow/.local/lib/python3.12/site-packages/airflow/example_dags/example_display_name.py for tasks to queue
[2025-08-17T01:20:14.103+0000] {logging_mixin.py:188} INFO - [2025-08-17T01:20:14.102+0000] {dagbag.py:545} INFO - Filling up the DagBag from /home/airflow/.local/lib/python3.12/site-packages/airflow/example_dags/example_display_name.py
[2025-08-17T01:20:14.111+0000] {processor.py:840} INFO - DAG(s) 'example_display_name' retrieved from /home/airflow/.local/lib/python3.12/site-packages/airflow/example_dags/example_display_name.py
[2025-08-17T01:20:14.142+0000] {logging_mixin.py:188} INFO - [2025-08-17T01:20:14.142+0000] {dag.py:3089} INFO - Sync 1 DAGs
[2025-08-17T01:20:14.164+0000] {logging_mixin.py:188} INFO - [2025-08-17T01:20:14.163+0000] {dag.py:3947} INFO - Setting next_dagrun for example_display_name to None, run_after=None
[2025-08-17T01:20:14.192+0000] {processor.py:183} INFO - Processing /home/airflow/.local/lib/python3.12/site-packages/airflow/example_dags/example_display_name.py took 0.104 seconds
[2025-08-17T01:20:44.275+0000] {processor.py:161} INFO - Started process (PID=458) to work on /home/airflow/.local/lib/python3.12/site-packages/airflow/example_dags/example_display_name.py
[2025-08-17T01:20:44.276+0000] {processor.py:830} INFO - Processing file /home/airflow/.local/lib/python3.12/site-packages/airflow/example_dags/example_display_name.py for tasks to queue
[2025-08-17T01:20:44.279+0000] {logging_mixin.py:188} INFO - [2025-08-17T01:20:44.278+0000] {dagbag.py:545} INFO - Filling up the DagBag from /home/airflow/.local/lib/python3.12/site-packages/airflow/example_dags/example_display_name.py
[2025-08-17T01:20:44.285+0000] {processor.py:840} INFO - DAG(s) 'example_display_name' retrieved from /home/airflow/.local/lib/python3.12/site-packages/airflow/example_dags/example_display_name.py
[2025-08-17T01:20:44.309+0000] {logging_mixin.py:188} INFO - [2025-08-17T01:20:44.309+0000] {dag.py:3089} INFO - Sync 1 DAGs
[2025-08-17T01:20:44.324+0000] {logging_mixin.py:188} INFO - [2025-08-17T01:20:44.323+0000] {dag.py:3947} INFO - Setting next_dagrun for example_display_name to None, run_after=None
[2025-08-17T01:20:44.345+0000] {processor.py:183} INFO - Processing /home/airflow/.local/lib/python3.12/site-packages/airflow/example_dags/example_display_name.py took 0.076 seconds
[2025-08-17T01:21:14.866+0000] {processor.py:161} INFO - Started process (PID=517) to work on /home/airflow/.local/lib/python3.12/site-packages/airflow/example_dags/example_display_name.py
[2025-08-17T01:21:14.868+0000] {processor.py:830} INFO - Processing file /home/airflow/.local/lib/python3.12/site-packages/airflow/example_dags/example_display_name.py for tasks to queue
[2025-08-17T01:21:14.871+0000] {logging_mixin.py:188} INFO - [2025-08-17T01:21:14.870+0000] {dagbag.py:545} INFO - Filling up the DagBag from /home/airflow/.local/lib/python3.12/site-packages/airflow/example_dags/example_display_name.py
[2025-08-17T01:21:14.877+0000] {processor.py:840} INFO - DAG(s) 'example_display_name' retrieved from /home/airflow/.local/lib/python3.12/site-packages/airflow/example_dags/example_display_name.py
[2025-08-17T01:21:14.903+0000] {logging_mixin.py:188} INFO - [2025-08-17T01:21:14.903+0000] {dag.py:3089} INFO - Sync 1 DAGs
[2025-08-17T01:21:14.917+0000] {logging_mixin.py:188} INFO - [2025-08-17T01:21:14.916+0000] {dag.py:3947} INFO - Setting next_dagrun for example_display_name to None, run_after=None
[2025-08-17T01:21:14.941+0000] {processor.py:183} INFO - Processing /home/airflow/.local/lib/python3.12/site-packages/airflow/example_dags/example_display_name.py took 0.081 seconds
[2025-08-17T01:21:45.392+0000] {processor.py:161} INFO - Started process (PID=576) to work on /home/airflow/.local/lib/python3.12/site-packages/airflow/example_dags/example_display_name.py
[2025-08-17T01:21:45.393+0000] {processor.py:830} INFO - Processing file /home/airflow/.local/lib/python3.12/site-packages/airflow/example_dags/example_display_name.py for tasks to queue
[2025-08-17T01:21:45.396+0000] {logging_mixin.py:188} INFO - [2025-08-17T01:21:45.395+0000] {dagbag.py:545} INFO - Filling up the DagBag from /home/airflow/.local/lib/python3.12/site-packages/airflow/example_dags/example_display_name.py
[2025-08-17T01:21:45.402+0000] {processor.py:840} INFO - DAG(s) 'example_display_name' retrieved from /home/airflow/.local/lib/python3.12/site-packages/airflow/example_dags/example_display_name.py
[2025-08-17T01:21:45.425+0000] {logging_mixin.py:188} INFO - [2025-08-17T01:21:45.424+0000] {dag.py:3089} INFO - Sync 1 DAGs
[2025-08-17T01:21:45.438+0000] {logging_mixin.py:188} INFO - [2025-08-17T01:21:45.438+0000] {dag.py:3947} INFO - Setting next_dagrun for example_display_name to None, run_after=None
[2025-08-17T01:21:45.460+0000] {processor.py:183} INFO - Processing /home/airflow/.local/lib/python3.12/site-packages/airflow/example_dags/example_display_name.py took 0.075 seconds
[2025-08-17T01:22:15.777+0000] {processor.py:161} INFO - Started process (PID=635) to work on /home/airflow/.local/lib/python3.12/site-packages/airflow/example_dags/example_display_name.py
[2025-08-17T01:22:15.778+0000] {processor.py:830} INFO - Processing file /home/airflow/.local/lib/python3.12/site-packages/airflow/example_dags/example_display_name.py for tasks to queue
[2025-08-17T01:22:15.781+0000] {logging_mixin.py:188} INFO - [2025-08-17T01:22:15.781+0000] {dagbag.py:545} INFO - Filling up the DagBag from /home/airflow/.local/lib/python3.12/site-packages/airflow/example_dags/example_display_name.py
[2025-08-17T01:22:15.788+0000] {processor.py:840} INFO - DAG(s) 'example_display_name' retrieved from /home/airflow/.local/lib/python3.12/site-packages/airflow/example_dags/example_display_name.py
[2025-08-17T01:22:15.815+0000] {logging_mixin.py:188} INFO - [2025-08-17T01:22:15.815+0000] {dag.py:3089} INFO - Sync 1 DAGs
[2025-08-17T01:22:15.831+0000] {logging_mixin.py:188} INFO - [2025-08-17T01:22:15.831+0000] {dag.py:3947} INFO - Setting next_dagrun for example_display_name to None, run_after=None
[2025-08-17T01:22:15.853+0000] {processor.py:183} INFO - Processing /home/airflow/.local/lib/python3.12/site-packages/airflow/example_dags/example_display_name.py took 0.084 seconds
[2025-08-17T01:22:45.908+0000] {processor.py:161} INFO - Started process (PID=694) to work on /home/airflow/.local/lib/python3.12/site-packages/airflow/example_dags/example_display_name.py
[2025-08-17T01:22:45.909+0000] {processor.py:830} INFO - Processing file /home/airflow/.local/lib/python3.12/site-packages/airflow/example_dags/example_display_name.py for tasks to queue
[2025-08-17T01:22:45.911+0000] {logging_mixin.py:188} INFO - [2025-08-17T01:22:45.911+0000] {dagbag.py:545} INFO - Filling up the DagBag from /home/airflow/.local/lib/python3.12/site-packages/airflow/example_dags/example_display_name.py
[2025-08-17T01:22:45.917+0000] {processor.py:840} INFO - DAG(s) 'example_display_name' retrieved from /home/airflow/.local/lib/python3.12/site-packages/airflow/example_dags/example_display_name.py
[2025-08-17T01:22:45.939+0000] {logging_mixin.py:188} INFO - [2025-08-17T01:22:45.939+0000] {dag.py:3089} INFO - Sync 1 DAGs
[2025-08-17T01:22:45.953+0000] {logging_mixin.py:188} INFO - [2025-08-17T01:22:45.952+0000] {dag.py:3947} INFO - Setting next_dagrun for example_display_name to None, run_after=None
[2025-08-17T01:22:45.974+0000] {processor.py:183} INFO - Processing /home/airflow/.local/lib/python3.12/site-packages/airflow/example_dags/example_display_name.py took 0.073 seconds
[2025-08-17T01:23:16.237+0000] {processor.py:161} INFO - Started process (PID=753) to work on /home/airflow/.local/lib/python3.12/site-packages/airflow/example_dags/example_display_name.py
[2025-08-17T01:23:16.239+0000] {processor.py:830} INFO - Processing file /home/airflow/.local/lib/python3.12/site-packages/airflow/example_dags/example_display_name.py for tasks to queue
[2025-08-17T01:23:16.241+0000] {logging_mixin.py:188} INFO - [2025-08-17T01:23:16.241+0000] {dagbag.py:545} INFO - Filling up the DagBag from /home/airflow/.local/lib/python3.12/site-packages/airflow/example_dags/example_display_name.py
[2025-08-17T01:23:16.248+0000] {processor.py:840} INFO - DAG(s) 'example_display_name' retrieved from /home/airflow/.local/lib/python3.12/site-packages/airflow/example_dags/example_display_name.py
[2025-08-17T01:23:16.274+0000] {logging_mixin.py:188} INFO - [2025-08-17T01:23:16.274+0000] {dag.py:3089} INFO - Sync 1 DAGs
[2025-08-17T01:23:16.292+0000] {logging_mixin.py:188} INFO - [2025-08-17T01:23:16.292+0000] {dag.py:3947} INFO - Setting next_dagrun for example_display_name to None, run_after=None
[2025-08-17T01:23:16.321+0000] {processor.py:183} INFO - Processing /home/airflow/.local/lib/python3.12/site-packages/airflow/example_dags/example_display_name.py took 0.090 seconds
[2025-08-17T01:23:46.930+0000] {processor.py:161} INFO - Started process (PID=812) to work on /home/airflow/.local/lib/python3.12/site-packages/airflow/example_dags/example_display_name.py
[2025-08-17T01:23:46.931+0000] {processor.py:830} INFO - Processing file /home/airflow/.local/lib/python3.12/site-packages/airflow/example_dags/example_display_name.py for tasks to queue
[2025-08-17T01:23:46.934+0000] {logging_mixin.py:188} INFO - [2025-08-17T01:23:46.933+0000] {dagbag.py:545} INFO - Filling up the DagBag from /home/airflow/.local/lib/python3.12/site-packages/airflow/example_dags/example_display_name.py
[2025-08-17T01:23:46.940+0000] {processor.py:840} INFO - DAG(s) 'example_display_name' retrieved from /home/airflow/.local/lib/python3.12/site-packages/airflow/example_dags/example_display_name.py
[2025-08-17T01:23:46.967+0000] {logging_mixin.py:188} INFO - [2025-08-17T01:23:46.966+0000] {dag.py:3089} INFO - Sync 1 DAGs
[2025-08-17T01:23:46.981+0000] {logging_mixin.py:188} INFO - [2025-08-17T01:23:46.980+0000] {dag.py:3947} INFO - Setting next_dagrun for example_display_name to None, run_after=None
[2025-08-17T01:23:47.003+0000] {processor.py:183} INFO - Processing /home/airflow/.local/lib/python3.12/site-packages/airflow/example_dags/example_display_name.py took 0.080 seconds
[2025-08-17T01:24:17.477+0000] {processor.py:161} INFO - Started process (PID=871) to work on /home/airflow/.local/lib/python3.12/site-packages/airflow/example_dags/example_display_name.py
[2025-08-17T01:24:17.480+0000] {processor.py:830} INFO - Processing file /home/airflow/.local/lib/python3.12/site-packages/airflow/example_dags/example_display_name.py for tasks to queue
[2025-08-17T01:24:17.482+0000] {logging_mixin.py:188} INFO - [2025-08-17T01:24:17.482+0000] {dagbag.py:545} INFO - Filling up the DagBag from /home/airflow/.local/lib/python3.12/site-packages/airflow/example_dags/example_display_name.py
[2025-08-17T01:24:17.488+0000] {processor.py:840} INFO - DAG(s) 'example_display_name' retrieved from /home/airflow/.local/lib/python3.12/site-packages/airflow/example_dags/example_display_name.py
[2025-08-17T01:24:17.513+0000] {logging_mixin.py:188} INFO - [2025-08-17T01:24:17.512+0000] {dag.py:3089} INFO - Sync 1 DAGs
[2025-08-17T01:24:17.527+0000] {logging_mixin.py:188} INFO - [2025-08-17T01:24:17.526+0000] {dag.py:3947} INFO - Setting next_dagrun for example_display_name to None, run_after=None
[2025-08-17T01:24:17.554+0000] {processor.py:183} INFO - Processing /home/airflow/.local/lib/python3.12/site-packages/airflow/example_dags/example_display_name.py took 0.084 seconds
[2025-08-17T01:24:47.874+0000] {processor.py:161} INFO - Started process (PID=930) to work on /home/airflow/.local/lib/python3.12/site-packages/airflow/example_dags/example_display_name.py
[2025-08-17T01:24:47.875+0000] {processor.py:830} INFO - Processing file /home/airflow/.local/lib/python3.12/site-packages/airflow/example_dags/example_display_name.py for tasks to queue
[2025-08-17T01:24:47.877+0000] {logging_mixin.py:188} INFO - [2025-08-17T01:24:47.877+0000] {dagbag.py:545} INFO - Filling up the DagBag from /home/airflow/.local/lib/python3.12/site-packages/airflow/example_dags/example_display_name.py
[2025-08-17T01:24:47.883+0000] {processor.py:840} INFO - DAG(s) 'example_display_name' retrieved from /home/airflow/.local/lib/python3.12/site-packages/airflow/example_dags/example_display_name.py
[2025-08-17T01:24:47.906+0000] {logging_mixin.py:188} INFO - [2025-08-17T01:24:47.906+0000] {dag.py:3089} INFO - Sync 1 DAGs
[2025-08-17T01:24:47.920+0000] {logging_mixin.py:188} INFO - [2025-08-17T01:24:47.919+0000] {dag.py:3947} INFO - Setting next_dagrun for example_display_name to None, run_after=None
[2025-08-17T01:24:47.945+0000] {processor.py:183} INFO - Processing /home/airflow/.local/lib/python3.12/site-packages/airflow/example_dags/example_display_name.py took 0.077 seconds
[2025-08-17T01:25:18.239+0000] {processor.py:161} INFO - Started process (PID=989) to work on /home/airflow/.local/lib/python3.12/site-packages/airflow/example_dags/example_display_name.py
[2025-08-17T01:25:18.241+0000] {processor.py:830} INFO - Processing file /home/airflow/.local/lib/python3.12/site-packages/airflow/example_dags/example_display_name.py for tasks to queue
[2025-08-17T01:25:18.244+0000] {logging_mixin.py:188} INFO - [2025-08-17T01:25:18.243+0000] {dagbag.py:545} INFO - Filling up the DagBag from /home/airflow/.local/lib/python3.12/site-packages/airflow/example_dags/example_display_name.py
[2025-08-17T01:25:18.252+0000] {processor.py:840} INFO - DAG(s) 'example_display_name' retrieved from /home/airflow/.local/lib/python3.12/site-packages/airflow/example_dags/example_display_name.py
[2025-08-17T01:25:18.282+0000] {logging_mixin.py:188} INFO - [2025-08-17T01:25:18.282+0000] {dag.py:3089} INFO - Sync 1 DAGs
[2025-08-17T01:25:18.299+0000] {logging_mixin.py:188} INFO - [2025-08-17T01:25:18.299+0000] {dag.py:3947} INFO - Setting next_dagrun for example_display_name to None, run_after=None
[2025-08-17T01:25:18.322+0000] {processor.py:183} INFO - Processing /home/airflow/.local/lib/python3.12/site-packages/airflow/example_dags/example_display_name.py took 0.091 seconds
[2025-08-17T01:26:43.510+0000] {processor.py:161} INFO - Started process (PID=102) to work on /home/airflow/.local/lib/python3.12/site-packages/airflow/example_dags/example_display_name.py
[2025-08-17T01:26:43.512+0000] {processor.py:830} INFO - Processing file /home/airflow/.local/lib/python3.12/site-packages/airflow/example_dags/example_display_name.py for tasks to queue
[2025-08-17T01:26:43.514+0000] {logging_mixin.py:188} INFO - [2025-08-17T01:26:43.514+0000] {dagbag.py:545} INFO - Filling up the DagBag from /home/airflow/.local/lib/python3.12/site-packages/airflow/example_dags/example_display_name.py
[2025-08-17T01:26:43.523+0000] {processor.py:840} INFO - DAG(s) 'example_display_name' retrieved from /home/airflow/.local/lib/python3.12/site-packages/airflow/example_dags/example_display_name.py
[2025-08-17T01:26:43.669+0000] {logging_mixin.py:188} INFO - [2025-08-17T01:26:43.668+0000] {dag.py:3089} INFO - Sync 1 DAGs
[2025-08-17T01:26:43.683+0000] {logging_mixin.py:188} INFO - [2025-08-17T01:26:43.683+0000] {dag.py:3947} INFO - Setting next_dagrun for example_display_name to None, run_after=None
[2025-08-17T01:26:43.710+0000] {processor.py:183} INFO - Processing /home/airflow/.local/lib/python3.12/site-packages/airflow/example_dags/example_display_name.py took 0.207 seconds
[2025-08-17T01:27:14.245+0000] {processor.py:161} INFO - Started process (PID=161) to work on /home/airflow/.local/lib/python3.12/site-packages/airflow/example_dags/example_display_name.py
[2025-08-17T01:27:14.247+0000] {processor.py:830} INFO - Processing file /home/airflow/.local/lib/python3.12/site-packages/airflow/example_dags/example_display_name.py for tasks to queue
[2025-08-17T01:27:14.250+0000] {logging_mixin.py:188} INFO - [2025-08-17T01:27:14.249+0000] {dagbag.py:545} INFO - Filling up the DagBag from /home/airflow/.local/lib/python3.12/site-packages/airflow/example_dags/example_display_name.py
[2025-08-17T01:27:14.257+0000] {processor.py:840} INFO - DAG(s) 'example_display_name' retrieved from /home/airflow/.local/lib/python3.12/site-packages/airflow/example_dags/example_display_name.py
[2025-08-17T01:27:14.274+0000] {logging_mixin.py:188} INFO - [2025-08-17T01:27:14.274+0000] {dag.py:3089} INFO - Sync 1 DAGs
[2025-08-17T01:27:14.293+0000] {logging_mixin.py:188} INFO - [2025-08-17T01:27:14.293+0000] {dag.py:3947} INFO - Setting next_dagrun for example_display_name to None, run_after=None
[2025-08-17T01:27:14.321+0000] {processor.py:183} INFO - Processing /home/airflow/.local/lib/python3.12/site-packages/airflow/example_dags/example_display_name.py took 0.084 seconds
[2025-08-17T01:27:45.271+0000] {processor.py:161} INFO - Started process (PID=221) to work on /home/airflow/.local/lib/python3.12/site-packages/airflow/example_dags/example_display_name.py
[2025-08-17T01:27:45.273+0000] {processor.py:830} INFO - Processing file /home/airflow/.local/lib/python3.12/site-packages/airflow/example_dags/example_display_name.py for tasks to queue
[2025-08-17T01:27:45.276+0000] {logging_mixin.py:188} INFO - [2025-08-17T01:27:45.276+0000] {dagbag.py:545} INFO - Filling up the DagBag from /home/airflow/.local/lib/python3.12/site-packages/airflow/example_dags/example_display_name.py
[2025-08-17T01:27:45.283+0000] {processor.py:840} INFO - DAG(s) 'example_display_name' retrieved from /home/airflow/.local/lib/python3.12/site-packages/airflow/example_dags/example_display_name.py
[2025-08-17T01:27:45.403+0000] {logging_mixin.py:188} INFO - [2025-08-17T01:27:45.402+0000] {dag.py:3089} INFO - Sync 1 DAGs
[2025-08-17T01:27:45.428+0000] {logging_mixin.py:188} INFO - [2025-08-17T01:27:45.428+0000] {dag.py:3947} INFO - Setting next_dagrun for example_display_name to None, run_after=None
[2025-08-17T01:27:45.460+0000] {processor.py:183} INFO - Processing /home/airflow/.local/lib/python3.12/site-packages/airflow/example_dags/example_display_name.py took 0.196 seconds
[2025-08-17T01:28:15.567+0000] {processor.py:161} INFO - Started process (PID=280) to work on /home/airflow/.local/lib/python3.12/site-packages/airflow/example_dags/example_display_name.py
[2025-08-17T01:28:15.569+0000] {processor.py:830} INFO - Processing file /home/airflow/.local/lib/python3.12/site-packages/airflow/example_dags/example_display_name.py for tasks to queue
[2025-08-17T01:28:15.572+0000] {logging_mixin.py:188} INFO - [2025-08-17T01:28:15.571+0000] {dagbag.py:545} INFO - Filling up the DagBag from /home/airflow/.local/lib/python3.12/site-packages/airflow/example_dags/example_display_name.py
[2025-08-17T01:28:15.578+0000] {processor.py:840} INFO - DAG(s) 'example_display_name' retrieved from /home/airflow/.local/lib/python3.12/site-packages/airflow/example_dags/example_display_name.py
[2025-08-17T01:28:15.604+0000] {logging_mixin.py:188} INFO - [2025-08-17T01:28:15.603+0000] {dag.py:3089} INFO - Sync 1 DAGs
[2025-08-17T01:28:15.619+0000] {logging_mixin.py:188} INFO - [2025-08-17T01:28:15.619+0000] {dag.py:3947} INFO - Setting next_dagrun for example_display_name to None, run_after=None
[2025-08-17T01:28:15.643+0000] {processor.py:183} INFO - Processing /home/airflow/.local/lib/python3.12/site-packages/airflow/example_dags/example_display_name.py took 0.082 seconds
[2025-08-17T01:28:45.731+0000] {processor.py:161} INFO - Started process (PID=339) to work on /home/airflow/.local/lib/python3.12/site-packages/airflow/example_dags/example_display_name.py
[2025-08-17T01:28:45.733+0000] {processor.py:830} INFO - Processing file /home/airflow/.local/lib/python3.12/site-packages/airflow/example_dags/example_display_name.py for tasks to queue
[2025-08-17T01:28:45.735+0000] {logging_mixin.py:188} INFO - [2025-08-17T01:28:45.735+0000] {dagbag.py:545} INFO - Filling up the DagBag from /home/airflow/.local/lib/python3.12/site-packages/airflow/example_dags/example_display_name.py
[2025-08-17T01:28:45.742+0000] {processor.py:840} INFO - DAG(s) 'example_display_name' retrieved from /home/airflow/.local/lib/python3.12/site-packages/airflow/example_dags/example_display_name.py
[2025-08-17T01:28:45.772+0000] {logging_mixin.py:188} INFO - [2025-08-17T01:28:45.772+0000] {dag.py:3089} INFO - Sync 1 DAGs
[2025-08-17T01:28:45.794+0000] {logging_mixin.py:188} INFO - [2025-08-17T01:28:45.793+0000] {dag.py:3947} INFO - Setting next_dagrun for example_display_name to None, run_after=None
[2025-08-17T01:28:45.829+0000] {processor.py:183} INFO - Processing /home/airflow/.local/lib/python3.12/site-packages/airflow/example_dags/example_display_name.py took 0.105 seconds
[2025-08-17T01:29:16.785+0000] {processor.py:161} INFO - Started process (PID=399) to work on /home/airflow/.local/lib/python3.12/site-packages/airflow/example_dags/example_display_name.py
[2025-08-17T01:29:16.786+0000] {processor.py:830} INFO - Processing file /home/airflow/.local/lib/python3.12/site-packages/airflow/example_dags/example_display_name.py for tasks to queue
[2025-08-17T01:29:16.788+0000] {logging_mixin.py:188} INFO - [2025-08-17T01:29:16.788+0000] {dagbag.py:545} INFO - Filling up the DagBag from /home/airflow/.local/lib/python3.12/site-packages/airflow/example_dags/example_display_name.py
[2025-08-17T01:29:16.795+0000] {processor.py:840} INFO - DAG(s) 'example_display_name' retrieved from /home/airflow/.local/lib/python3.12/site-packages/airflow/example_dags/example_display_name.py
[2025-08-17T01:29:16.820+0000] {logging_mixin.py:188} INFO - [2025-08-17T01:29:16.819+0000] {dag.py:3089} INFO - Sync 1 DAGs
[2025-08-17T01:29:16.833+0000] {logging_mixin.py:188} INFO - [2025-08-17T01:29:16.833+0000] {dag.py:3947} INFO - Setting next_dagrun for example_display_name to None, run_after=None
[2025-08-17T01:29:16.857+0000] {processor.py:183} INFO - Processing /home/airflow/.local/lib/python3.12/site-packages/airflow/example_dags/example_display_name.py took 0.079 seconds
[2025-08-17T01:29:47.769+0000] {processor.py:161} INFO - Started process (PID=458) to work on /home/airflow/.local/lib/python3.12/site-packages/airflow/example_dags/example_display_name.py
[2025-08-17T01:29:47.771+0000] {processor.py:830} INFO - Processing file /home/airflow/.local/lib/python3.12/site-packages/airflow/example_dags/example_display_name.py for tasks to queue
[2025-08-17T01:29:47.773+0000] {logging_mixin.py:188} INFO - [2025-08-17T01:29:47.773+0000] {dagbag.py:545} INFO - Filling up the DagBag from /home/airflow/.local/lib/python3.12/site-packages/airflow/example_dags/example_display_name.py
[2025-08-17T01:29:47.781+0000] {processor.py:840} INFO - DAG(s) 'example_display_name' retrieved from /home/airflow/.local/lib/python3.12/site-packages/airflow/example_dags/example_display_name.py
[2025-08-17T01:29:47.807+0000] {logging_mixin.py:188} INFO - [2025-08-17T01:29:47.807+0000] {dag.py:3089} INFO - Sync 1 DAGs
[2025-08-17T01:29:47.823+0000] {logging_mixin.py:188} INFO - [2025-08-17T01:29:47.822+0000] {dag.py:3947} INFO - Setting next_dagrun for example_display_name to None, run_after=None
[2025-08-17T01:29:47.846+0000] {processor.py:183} INFO - Processing /home/airflow/.local/lib/python3.12/site-packages/airflow/example_dags/example_display_name.py took 0.084 seconds
[2025-08-17T01:30:18.369+0000] {processor.py:161} INFO - Started process (PID=517) to work on /home/airflow/.local/lib/python3.12/site-packages/airflow/example_dags/example_display_name.py
[2025-08-17T01:30:18.370+0000] {processor.py:830} INFO - Processing file /home/airflow/.local/lib/python3.12/site-packages/airflow/example_dags/example_display_name.py for tasks to queue
[2025-08-17T01:30:18.373+0000] {logging_mixin.py:188} INFO - [2025-08-17T01:30:18.373+0000] {dagbag.py:545} INFO - Filling up the DagBag from /home/airflow/.local/lib/python3.12/site-packages/airflow/example_dags/example_display_name.py
[2025-08-17T01:30:18.380+0000] {processor.py:840} INFO - DAG(s) 'example_display_name' retrieved from /home/airflow/.local/lib/python3.12/site-packages/airflow/example_dags/example_display_name.py
[2025-08-17T01:30:18.404+0000] {logging_mixin.py:188} INFO - [2025-08-17T01:30:18.404+0000] {dag.py:3089} INFO - Sync 1 DAGs
[2025-08-17T01:30:18.417+0000] {logging_mixin.py:188} INFO - [2025-08-17T01:30:18.417+0000] {dag.py:3947} INFO - Setting next_dagrun for example_display_name to None, run_after=None
[2025-08-17T01:30:18.439+0000] {processor.py:183} INFO - Processing /home/airflow/.local/lib/python3.12/site-packages/airflow/example_dags/example_display_name.py took 0.077 seconds
[2025-08-17T01:30:48.864+0000] {processor.py:161} INFO - Started process (PID=576) to work on /home/airflow/.local/lib/python3.12/site-packages/airflow/example_dags/example_display_name.py
[2025-08-17T01:30:48.865+0000] {processor.py:830} INFO - Processing file /home/airflow/.local/lib/python3.12/site-packages/airflow/example_dags/example_display_name.py for tasks to queue
[2025-08-17T01:30:48.867+0000] {logging_mixin.py:188} INFO - [2025-08-17T01:30:48.867+0000] {dagbag.py:545} INFO - Filling up the DagBag from /home/airflow/.local/lib/python3.12/site-packages/airflow/example_dags/example_display_name.py
[2025-08-17T01:30:48.874+0000] {processor.py:840} INFO - DAG(s) 'example_display_name' retrieved from /home/airflow/.local/lib/python3.12/site-packages/airflow/example_dags/example_display_name.py
[2025-08-17T01:30:48.897+0000] {logging_mixin.py:188} INFO - [2025-08-17T01:30:48.896+0000] {dag.py:3089} INFO - Sync 1 DAGs
[2025-08-17T01:30:48.910+0000] {logging_mixin.py:188} INFO - [2025-08-17T01:30:48.910+0000] {dag.py:3947} INFO - Setting next_dagrun for example_display_name to None, run_after=None
[2025-08-17T01:30:48.931+0000] {processor.py:183} INFO - Processing /home/airflow/.local/lib/python3.12/site-packages/airflow/example_dags/example_display_name.py took 0.074 seconds
[2025-08-17T01:31:19.316+0000] {processor.py:161} INFO - Started process (PID=635) to work on /home/airflow/.local/lib/python3.12/site-packages/airflow/example_dags/example_display_name.py
[2025-08-17T01:31:19.317+0000] {processor.py:830} INFO - Processing file /home/airflow/.local/lib/python3.12/site-packages/airflow/example_dags/example_display_name.py for tasks to queue
[2025-08-17T01:31:19.319+0000] {logging_mixin.py:188} INFO - [2025-08-17T01:31:19.319+0000] {dagbag.py:545} INFO - Filling up the DagBag from /home/airflow/.local/lib/python3.12/site-packages/airflow/example_dags/example_display_name.py
[2025-08-17T01:31:19.325+0000] {processor.py:840} INFO - DAG(s) 'example_display_name' retrieved from /home/airflow/.local/lib/python3.12/site-packages/airflow/example_dags/example_display_name.py
[2025-08-17T01:31:19.348+0000] {logging_mixin.py:188} INFO - [2025-08-17T01:31:19.348+0000] {dag.py:3089} INFO - Sync 1 DAGs
[2025-08-17T01:31:19.361+0000] {logging_mixin.py:188} INFO - [2025-08-17T01:31:19.361+0000] {dag.py:3947} INFO - Setting next_dagrun for example_display_name to None, run_after=None
[2025-08-17T01:31:19.381+0000] {processor.py:183} INFO - Processing /home/airflow/.local/lib/python3.12/site-packages/airflow/example_dags/example_display_name.py took 0.072 seconds
[2025-08-17T01:31:50.138+0000] {processor.py:161} INFO - Started process (PID=697) to work on /home/airflow/.local/lib/python3.12/site-packages/airflow/example_dags/example_display_name.py
[2025-08-17T01:31:50.140+0000] {processor.py:830} INFO - Processing file /home/airflow/.local/lib/python3.12/site-packages/airflow/example_dags/example_display_name.py for tasks to queue
[2025-08-17T01:31:50.142+0000] {logging_mixin.py:188} INFO - [2025-08-17T01:31:50.142+0000] {dagbag.py:545} INFO - Filling up the DagBag from /home/airflow/.local/lib/python3.12/site-packages/airflow/example_dags/example_display_name.py
[2025-08-17T01:31:50.150+0000] {processor.py:840} INFO - DAG(s) 'example_display_name' retrieved from /home/airflow/.local/lib/python3.12/site-packages/airflow/example_dags/example_display_name.py
[2025-08-17T01:31:50.173+0000] {logging_mixin.py:188} INFO - [2025-08-17T01:31:50.173+0000] {dag.py:3089} INFO - Sync 1 DAGs
[2025-08-17T01:31:50.189+0000] {logging_mixin.py:188} INFO - [2025-08-17T01:31:50.189+0000] {dag.py:3947} INFO - Setting next_dagrun for example_display_name to None, run_after=None
[2025-08-17T01:31:50.222+0000] {processor.py:183} INFO - Processing /home/airflow/.local/lib/python3.12/site-packages/airflow/example_dags/example_display_name.py took 0.090 seconds
