[2025-08-17T00:53:37.632+0000] {processor.py:161} INFO - Started process (PID=108) to work on /home/airflow/.local/lib/python3.12/site-packages/airflow/example_dags/example_skip_dag.py
[2025-08-17T00:53:37.634+0000] {processor.py:830} INFO - Processing file /home/airflow/.local/lib/python3.12/site-packages/airflow/example_dags/example_skip_dag.py for tasks to queue
[2025-08-17T00:53:37.636+0000] {logging_mixin.py:188} INFO - [2025-08-17T00:53:37.635+0000] {dagbag.py:545} INFO - Filling up the DagBag from /home/airflow/.local/lib/python3.12/site-packages/airflow/example_dags/example_skip_dag.py
[2025-08-17T00:53:37.647+0000] {processor.py:840} INFO - DAG(s) 'example_skip_dag' retrieved from /home/airflow/.local/lib/python3.12/site-packages/airflow/example_dags/example_skip_dag.py
[2025-08-17T00:53:37.769+0000] {logging_mixin.py:188} INFO - [2025-08-17T00:53:37.769+0000] {dag.py:3089} INFO - Sync 1 DAGs
[2025-08-17T00:53:37.792+0000] {logging_mixin.py:188} INFO - [2025-08-17T00:53:37.792+0000] {dag.py:3947} INFO - Setting next_dagrun for example_skip_dag to 2025-08-16 00:00:00+00:00, run_after=2025-08-17 00:00:00+00:00
[2025-08-17T00:53:37.817+0000] {processor.py:183} INFO - Processing /home/airflow/.local/lib/python3.12/site-packages/airflow/example_dags/example_skip_dag.py took 0.192 seconds
[2025-08-17T00:54:08.282+0000] {processor.py:161} INFO - Started process (PID=166) to work on /home/airflow/.local/lib/python3.12/site-packages/airflow/example_dags/example_skip_dag.py
[2025-08-17T00:54:08.284+0000] {processor.py:830} INFO - Processing file /home/airflow/.local/lib/python3.12/site-packages/airflow/example_dags/example_skip_dag.py for tasks to queue
[2025-08-17T00:54:08.288+0000] {logging_mixin.py:188} INFO - [2025-08-17T00:54:08.288+0000] {dagbag.py:545} INFO - Filling up the DagBag from /home/airflow/.local/lib/python3.12/site-packages/airflow/example_dags/example_skip_dag.py
[2025-08-17T00:54:08.301+0000] {processor.py:840} INFO - DAG(s) 'example_skip_dag' retrieved from /home/airflow/.local/lib/python3.12/site-packages/airflow/example_dags/example_skip_dag.py
[2025-08-17T00:54:08.330+0000] {logging_mixin.py:188} INFO - [2025-08-17T00:54:08.329+0000] {dag.py:3089} INFO - Sync 1 DAGs
[2025-08-17T00:54:08.357+0000] {logging_mixin.py:188} INFO - [2025-08-17T00:54:08.357+0000] {dag.py:3947} INFO - Setting next_dagrun for example_skip_dag to 2025-08-16 00:00:00+00:00, run_after=2025-08-17 00:00:00+00:00
[2025-08-17T00:54:08.379+0000] {processor.py:183} INFO - Processing /home/airflow/.local/lib/python3.12/site-packages/airflow/example_dags/example_skip_dag.py took 0.104 seconds
[2025-08-17T00:54:38.535+0000] {processor.py:161} INFO - Started process (PID=224) to work on /home/airflow/.local/lib/python3.12/site-packages/airflow/example_dags/example_skip_dag.py
[2025-08-17T00:54:38.536+0000] {processor.py:830} INFO - Processing file /home/airflow/.local/lib/python3.12/site-packages/airflow/example_dags/example_skip_dag.py for tasks to queue
[2025-08-17T00:54:38.538+0000] {logging_mixin.py:188} INFO - [2025-08-17T00:54:38.538+0000] {dagbag.py:545} INFO - Filling up the DagBag from /home/airflow/.local/lib/python3.12/site-packages/airflow/example_dags/example_skip_dag.py
[2025-08-17T00:54:38.545+0000] {processor.py:840} INFO - DAG(s) 'example_skip_dag' retrieved from /home/airflow/.local/lib/python3.12/site-packages/airflow/example_dags/example_skip_dag.py
[2025-08-17T00:54:38.568+0000] {logging_mixin.py:188} INFO - [2025-08-17T00:54:38.568+0000] {dag.py:3089} INFO - Sync 1 DAGs
[2025-08-17T00:54:38.588+0000] {logging_mixin.py:188} INFO - [2025-08-17T00:54:38.588+0000] {dag.py:3947} INFO - Setting next_dagrun for example_skip_dag to 2025-08-16 00:00:00+00:00, run_after=2025-08-17 00:00:00+00:00
[2025-08-17T00:54:38.606+0000] {processor.py:183} INFO - Processing /home/airflow/.local/lib/python3.12/site-packages/airflow/example_dags/example_skip_dag.py took 0.076 seconds
[2025-08-17T00:55:09.133+0000] {processor.py:161} INFO - Started process (PID=282) to work on /home/airflow/.local/lib/python3.12/site-packages/airflow/example_dags/example_skip_dag.py
[2025-08-17T00:55:09.135+0000] {processor.py:830} INFO - Processing file /home/airflow/.local/lib/python3.12/site-packages/airflow/example_dags/example_skip_dag.py for tasks to queue
[2025-08-17T00:55:09.138+0000] {logging_mixin.py:188} INFO - [2025-08-17T00:55:09.137+0000] {dagbag.py:545} INFO - Filling up the DagBag from /home/airflow/.local/lib/python3.12/site-packages/airflow/example_dags/example_skip_dag.py
[2025-08-17T00:55:09.145+0000] {processor.py:840} INFO - DAG(s) 'example_skip_dag' retrieved from /home/airflow/.local/lib/python3.12/site-packages/airflow/example_dags/example_skip_dag.py
[2025-08-17T00:55:09.168+0000] {logging_mixin.py:188} INFO - [2025-08-17T00:55:09.168+0000] {dag.py:3089} INFO - Sync 1 DAGs
[2025-08-17T00:55:09.191+0000] {logging_mixin.py:188} INFO - [2025-08-17T00:55:09.191+0000] {dag.py:3947} INFO - Setting next_dagrun for example_skip_dag to 2025-08-16 00:00:00+00:00, run_after=2025-08-17 00:00:00+00:00
[2025-08-17T00:55:09.210+0000] {processor.py:183} INFO - Processing /home/airflow/.local/lib/python3.12/site-packages/airflow/example_dags/example_skip_dag.py took 0.082 seconds
[2025-08-17T00:55:40.043+0000] {processor.py:161} INFO - Started process (PID=341) to work on /home/airflow/.local/lib/python3.12/site-packages/airflow/example_dags/example_skip_dag.py
[2025-08-17T00:55:40.045+0000] {processor.py:830} INFO - Processing file /home/airflow/.local/lib/python3.12/site-packages/airflow/example_dags/example_skip_dag.py for tasks to queue
[2025-08-17T00:55:40.047+0000] {logging_mixin.py:188} INFO - [2025-08-17T00:55:40.047+0000] {dagbag.py:545} INFO - Filling up the DagBag from /home/airflow/.local/lib/python3.12/site-packages/airflow/example_dags/example_skip_dag.py
[2025-08-17T00:55:40.053+0000] {processor.py:840} INFO - DAG(s) 'example_skip_dag' retrieved from /home/airflow/.local/lib/python3.12/site-packages/airflow/example_dags/example_skip_dag.py
[2025-08-17T00:55:40.075+0000] {logging_mixin.py:188} INFO - [2025-08-17T00:55:40.074+0000] {dag.py:3089} INFO - Sync 1 DAGs
[2025-08-17T00:55:40.095+0000] {logging_mixin.py:188} INFO - [2025-08-17T00:55:40.095+0000] {dag.py:3947} INFO - Setting next_dagrun for example_skip_dag to 2025-08-16 00:00:00+00:00, run_after=2025-08-17 00:00:00+00:00
[2025-08-17T00:55:40.113+0000] {processor.py:183} INFO - Processing /home/airflow/.local/lib/python3.12/site-packages/airflow/example_dags/example_skip_dag.py took 0.075 seconds
[2025-08-17T00:56:10.402+0000] {processor.py:161} INFO - Started process (PID=399) to work on /home/airflow/.local/lib/python3.12/site-packages/airflow/example_dags/example_skip_dag.py
[2025-08-17T00:56:10.403+0000] {processor.py:830} INFO - Processing file /home/airflow/.local/lib/python3.12/site-packages/airflow/example_dags/example_skip_dag.py for tasks to queue
[2025-08-17T00:56:10.405+0000] {logging_mixin.py:188} INFO - [2025-08-17T00:56:10.405+0000] {dagbag.py:545} INFO - Filling up the DagBag from /home/airflow/.local/lib/python3.12/site-packages/airflow/example_dags/example_skip_dag.py
[2025-08-17T00:56:10.412+0000] {processor.py:840} INFO - DAG(s) 'example_skip_dag' retrieved from /home/airflow/.local/lib/python3.12/site-packages/airflow/example_dags/example_skip_dag.py
[2025-08-17T00:56:10.433+0000] {logging_mixin.py:188} INFO - [2025-08-17T00:56:10.433+0000] {dag.py:3089} INFO - Sync 1 DAGs
[2025-08-17T00:56:10.454+0000] {logging_mixin.py:188} INFO - [2025-08-17T00:56:10.454+0000] {dag.py:3947} INFO - Setting next_dagrun for example_skip_dag to 2025-08-16 00:00:00+00:00, run_after=2025-08-17 00:00:00+00:00
[2025-08-17T00:56:10.474+0000] {processor.py:183} INFO - Processing /home/airflow/.local/lib/python3.12/site-packages/airflow/example_dags/example_skip_dag.py took 0.079 seconds
[2025-08-17T00:56:41.400+0000] {processor.py:161} INFO - Started process (PID=457) to work on /home/airflow/.local/lib/python3.12/site-packages/airflow/example_dags/example_skip_dag.py
[2025-08-17T00:56:41.401+0000] {processor.py:830} INFO - Processing file /home/airflow/.local/lib/python3.12/site-packages/airflow/example_dags/example_skip_dag.py for tasks to queue
[2025-08-17T00:56:41.404+0000] {logging_mixin.py:188} INFO - [2025-08-17T00:56:41.404+0000] {dagbag.py:545} INFO - Filling up the DagBag from /home/airflow/.local/lib/python3.12/site-packages/airflow/example_dags/example_skip_dag.py
[2025-08-17T00:56:41.414+0000] {processor.py:840} INFO - DAG(s) 'example_skip_dag' retrieved from /home/airflow/.local/lib/python3.12/site-packages/airflow/example_dags/example_skip_dag.py
[2025-08-17T00:56:41.446+0000] {logging_mixin.py:188} INFO - [2025-08-17T00:56:41.446+0000] {dag.py:3089} INFO - Sync 1 DAGs
[2025-08-17T00:56:41.476+0000] {logging_mixin.py:188} INFO - [2025-08-17T00:56:41.476+0000] {dag.py:3947} INFO - Setting next_dagrun for example_skip_dag to 2025-08-16 00:00:00+00:00, run_after=2025-08-17 00:00:00+00:00
[2025-08-17T00:56:41.501+0000] {processor.py:183} INFO - Processing /home/airflow/.local/lib/python3.12/site-packages/airflow/example_dags/example_skip_dag.py took 0.113 seconds
[2025-08-17T00:57:11.650+0000] {processor.py:161} INFO - Started process (PID=515) to work on /home/airflow/.local/lib/python3.12/site-packages/airflow/example_dags/example_skip_dag.py
[2025-08-17T00:57:11.651+0000] {processor.py:830} INFO - Processing file /home/airflow/.local/lib/python3.12/site-packages/airflow/example_dags/example_skip_dag.py for tasks to queue
[2025-08-17T00:57:11.653+0000] {logging_mixin.py:188} INFO - [2025-08-17T00:57:11.652+0000] {dagbag.py:545} INFO - Filling up the DagBag from /home/airflow/.local/lib/python3.12/site-packages/airflow/example_dags/example_skip_dag.py
[2025-08-17T00:57:11.659+0000] {processor.py:840} INFO - DAG(s) 'example_skip_dag' retrieved from /home/airflow/.local/lib/python3.12/site-packages/airflow/example_dags/example_skip_dag.py
[2025-08-17T00:57:11.681+0000] {logging_mixin.py:188} INFO - [2025-08-17T00:57:11.681+0000] {dag.py:3089} INFO - Sync 1 DAGs
[2025-08-17T00:57:11.701+0000] {logging_mixin.py:188} INFO - [2025-08-17T00:57:11.701+0000] {dag.py:3947} INFO - Setting next_dagrun for example_skip_dag to 2025-08-16 00:00:00+00:00, run_after=2025-08-17 00:00:00+00:00
[2025-08-17T00:57:11.720+0000] {processor.py:183} INFO - Processing /home/airflow/.local/lib/python3.12/site-packages/airflow/example_dags/example_skip_dag.py took 0.075 seconds
[2025-08-17T00:57:42.171+0000] {processor.py:161} INFO - Started process (PID=573) to work on /home/airflow/.local/lib/python3.12/site-packages/airflow/example_dags/example_skip_dag.py
[2025-08-17T00:57:42.172+0000] {processor.py:830} INFO - Processing file /home/airflow/.local/lib/python3.12/site-packages/airflow/example_dags/example_skip_dag.py for tasks to queue
[2025-08-17T00:57:42.175+0000] {logging_mixin.py:188} INFO - [2025-08-17T00:57:42.174+0000] {dagbag.py:545} INFO - Filling up the DagBag from /home/airflow/.local/lib/python3.12/site-packages/airflow/example_dags/example_skip_dag.py
[2025-08-17T00:57:42.181+0000] {processor.py:840} INFO - DAG(s) 'example_skip_dag' retrieved from /home/airflow/.local/lib/python3.12/site-packages/airflow/example_dags/example_skip_dag.py
[2025-08-17T00:57:42.204+0000] {logging_mixin.py:188} INFO - [2025-08-17T00:57:42.203+0000] {dag.py:3089} INFO - Sync 1 DAGs
[2025-08-17T00:57:42.226+0000] {logging_mixin.py:188} INFO - [2025-08-17T00:57:42.226+0000] {dag.py:3947} INFO - Setting next_dagrun for example_skip_dag to 2025-08-16 00:00:00+00:00, run_after=2025-08-17 00:00:00+00:00
[2025-08-17T00:57:42.255+0000] {processor.py:183} INFO - Processing /home/airflow/.local/lib/python3.12/site-packages/airflow/example_dags/example_skip_dag.py took 0.090 seconds
[2025-08-17T00:58:12.895+0000] {processor.py:161} INFO - Started process (PID=631) to work on /home/airflow/.local/lib/python3.12/site-packages/airflow/example_dags/example_skip_dag.py
[2025-08-17T00:58:12.896+0000] {processor.py:830} INFO - Processing file /home/airflow/.local/lib/python3.12/site-packages/airflow/example_dags/example_skip_dag.py for tasks to queue
[2025-08-17T00:58:12.898+0000] {logging_mixin.py:188} INFO - [2025-08-17T00:58:12.898+0000] {dagbag.py:545} INFO - Filling up the DagBag from /home/airflow/.local/lib/python3.12/site-packages/airflow/example_dags/example_skip_dag.py
[2025-08-17T00:58:12.904+0000] {processor.py:840} INFO - DAG(s) 'example_skip_dag' retrieved from /home/airflow/.local/lib/python3.12/site-packages/airflow/example_dags/example_skip_dag.py
[2025-08-17T00:58:12.929+0000] {logging_mixin.py:188} INFO - [2025-08-17T00:58:12.929+0000] {dag.py:3089} INFO - Sync 1 DAGs
[2025-08-17T00:58:12.950+0000] {logging_mixin.py:188} INFO - [2025-08-17T00:58:12.950+0000] {dag.py:3947} INFO - Setting next_dagrun for example_skip_dag to 2025-08-16 00:00:00+00:00, run_after=2025-08-17 00:00:00+00:00
[2025-08-17T00:58:12.970+0000] {processor.py:183} INFO - Processing /home/airflow/.local/lib/python3.12/site-packages/airflow/example_dags/example_skip_dag.py took 0.082 seconds
[2025-08-17T00:58:43.554+0000] {processor.py:161} INFO - Started process (PID=690) to work on /home/airflow/.local/lib/python3.12/site-packages/airflow/example_dags/example_skip_dag.py
[2025-08-17T00:58:43.555+0000] {processor.py:830} INFO - Processing file /home/airflow/.local/lib/python3.12/site-packages/airflow/example_dags/example_skip_dag.py for tasks to queue
[2025-08-17T00:58:43.557+0000] {logging_mixin.py:188} INFO - [2025-08-17T00:58:43.557+0000] {dagbag.py:545} INFO - Filling up the DagBag from /home/airflow/.local/lib/python3.12/site-packages/airflow/example_dags/example_skip_dag.py
[2025-08-17T00:58:43.563+0000] {processor.py:840} INFO - DAG(s) 'example_skip_dag' retrieved from /home/airflow/.local/lib/python3.12/site-packages/airflow/example_dags/example_skip_dag.py
[2025-08-17T00:58:43.588+0000] {logging_mixin.py:188} INFO - [2025-08-17T00:58:43.587+0000] {dag.py:3089} INFO - Sync 1 DAGs
[2025-08-17T00:58:43.614+0000] {logging_mixin.py:188} INFO - [2025-08-17T00:58:43.614+0000] {dag.py:3947} INFO - Setting next_dagrun for example_skip_dag to 2025-08-16 00:00:00+00:00, run_after=2025-08-17 00:00:00+00:00
[2025-08-17T00:58:43.634+0000] {processor.py:183} INFO - Processing /home/airflow/.local/lib/python3.12/site-packages/airflow/example_dags/example_skip_dag.py took 0.086 seconds
[2025-08-17T00:59:14.326+0000] {processor.py:161} INFO - Started process (PID=749) to work on /home/airflow/.local/lib/python3.12/site-packages/airflow/example_dags/example_skip_dag.py
[2025-08-17T00:59:14.327+0000] {processor.py:830} INFO - Processing file /home/airflow/.local/lib/python3.12/site-packages/airflow/example_dags/example_skip_dag.py for tasks to queue
[2025-08-17T00:59:14.330+0000] {logging_mixin.py:188} INFO - [2025-08-17T00:59:14.330+0000] {dagbag.py:545} INFO - Filling up the DagBag from /home/airflow/.local/lib/python3.12/site-packages/airflow/example_dags/example_skip_dag.py
[2025-08-17T00:59:14.338+0000] {processor.py:840} INFO - DAG(s) 'example_skip_dag' retrieved from /home/airflow/.local/lib/python3.12/site-packages/airflow/example_dags/example_skip_dag.py
[2025-08-17T00:59:14.361+0000] {logging_mixin.py:188} INFO - [2025-08-17T00:59:14.360+0000] {dag.py:3089} INFO - Sync 1 DAGs
[2025-08-17T00:59:14.381+0000] {logging_mixin.py:188} INFO - [2025-08-17T00:59:14.381+0000] {dag.py:3947} INFO - Setting next_dagrun for example_skip_dag to 2025-08-16 00:00:00+00:00, run_after=2025-08-17 00:00:00+00:00
[2025-08-17T00:59:14.403+0000] {processor.py:183} INFO - Processing /home/airflow/.local/lib/python3.12/site-packages/airflow/example_dags/example_skip_dag.py took 0.084 seconds
[2025-08-17T01:00:13.519+0000] {processor.py:161} INFO - Started process (PID=103) to work on /home/airflow/.local/lib/python3.12/site-packages/airflow/example_dags/example_skip_dag.py
[2025-08-17T01:00:13.521+0000] {processor.py:830} INFO - Processing file /home/airflow/.local/lib/python3.12/site-packages/airflow/example_dags/example_skip_dag.py for tasks to queue
[2025-08-17T01:00:13.524+0000] {logging_mixin.py:188} INFO - [2025-08-17T01:00:13.524+0000] {dagbag.py:545} INFO - Filling up the DagBag from /home/airflow/.local/lib/python3.12/site-packages/airflow/example_dags/example_skip_dag.py
[2025-08-17T01:00:13.534+0000] {processor.py:840} INFO - DAG(s) 'example_skip_dag' retrieved from /home/airflow/.local/lib/python3.12/site-packages/airflow/example_dags/example_skip_dag.py
[2025-08-17T01:00:13.554+0000] {logging_mixin.py:188} INFO - [2025-08-17T01:00:13.554+0000] {dag.py:3089} INFO - Sync 1 DAGs
[2025-08-17T01:00:13.591+0000] {logging_mixin.py:188} INFO - [2025-08-17T01:00:13.591+0000] {dag.py:3947} INFO - Setting next_dagrun for example_skip_dag to 2025-08-16 00:00:00+00:00, run_after=2025-08-17 00:00:00+00:00
[2025-08-17T01:00:13.618+0000] {processor.py:183} INFO - Processing /home/airflow/.local/lib/python3.12/site-packages/airflow/example_dags/example_skip_dag.py took 0.108 seconds
[2025-08-17T01:01:36.403+0000] {processor.py:161} INFO - Started process (PID=96) to work on /home/airflow/.local/lib/python3.12/site-packages/airflow/example_dags/example_skip_dag.py
[2025-08-17T01:01:36.405+0000] {processor.py:830} INFO - Processing file /home/airflow/.local/lib/python3.12/site-packages/airflow/example_dags/example_skip_dag.py for tasks to queue
[2025-08-17T01:01:36.409+0000] {logging_mixin.py:188} INFO - [2025-08-17T01:01:36.408+0000] {dagbag.py:545} INFO - Filling up the DagBag from /home/airflow/.local/lib/python3.12/site-packages/airflow/example_dags/example_skip_dag.py
[2025-08-17T01:01:36.419+0000] {processor.py:840} INFO - DAG(s) 'example_skip_dag' retrieved from /home/airflow/.local/lib/python3.12/site-packages/airflow/example_dags/example_skip_dag.py
[2025-08-17T01:01:36.439+0000] {logging_mixin.py:188} INFO - [2025-08-17T01:01:36.439+0000] {dag.py:3089} INFO - Sync 1 DAGs
[2025-08-17T01:01:36.466+0000] {logging_mixin.py:188} INFO - [2025-08-17T01:01:36.466+0000] {dag.py:3947} INFO - Setting next_dagrun for example_skip_dag to 2025-08-16 00:00:00+00:00, run_after=2025-08-17 00:00:00+00:00
[2025-08-17T01:01:36.489+0000] {processor.py:183} INFO - Processing /home/airflow/.local/lib/python3.12/site-packages/airflow/example_dags/example_skip_dag.py took 0.094 seconds
[2025-08-17T01:02:07.897+0000] {processor.py:161} INFO - Started process (PID=161) to work on /home/airflow/.local/lib/python3.12/site-packages/airflow/example_dags/example_skip_dag.py
[2025-08-17T01:02:07.898+0000] {processor.py:830} INFO - Processing file /home/airflow/.local/lib/python3.12/site-packages/airflow/example_dags/example_skip_dag.py for tasks to queue
[2025-08-17T01:02:07.901+0000] {logging_mixin.py:188} INFO - [2025-08-17T01:02:07.900+0000] {dagbag.py:545} INFO - Filling up the DagBag from /home/airflow/.local/lib/python3.12/site-packages/airflow/example_dags/example_skip_dag.py
[2025-08-17T01:02:07.909+0000] {processor.py:840} INFO - DAG(s) 'example_skip_dag' retrieved from /home/airflow/.local/lib/python3.12/site-packages/airflow/example_dags/example_skip_dag.py
[2025-08-17T01:02:08.024+0000] {logging_mixin.py:188} INFO - [2025-08-17T01:02:08.024+0000] {dag.py:3089} INFO - Sync 1 DAGs
[2025-08-17T01:02:08.047+0000] {logging_mixin.py:188} INFO - [2025-08-17T01:02:08.046+0000] {dag.py:3947} INFO - Setting next_dagrun for example_skip_dag to 2025-08-16 00:00:00+00:00, run_after=2025-08-17 00:00:00+00:00
[2025-08-17T01:02:08.070+0000] {processor.py:183} INFO - Processing /home/airflow/.local/lib/python3.12/site-packages/airflow/example_dags/example_skip_dag.py took 0.180 seconds
[2025-08-17T01:02:38.883+0000] {processor.py:161} INFO - Started process (PID=220) to work on /home/airflow/.local/lib/python3.12/site-packages/airflow/example_dags/example_skip_dag.py
[2025-08-17T01:02:38.884+0000] {processor.py:830} INFO - Processing file /home/airflow/.local/lib/python3.12/site-packages/airflow/example_dags/example_skip_dag.py for tasks to queue
[2025-08-17T01:02:38.887+0000] {logging_mixin.py:188} INFO - [2025-08-17T01:02:38.887+0000] {dagbag.py:545} INFO - Filling up the DagBag from /home/airflow/.local/lib/python3.12/site-packages/airflow/example_dags/example_skip_dag.py
[2025-08-17T01:02:38.894+0000] {processor.py:840} INFO - DAG(s) 'example_skip_dag' retrieved from /home/airflow/.local/lib/python3.12/site-packages/airflow/example_dags/example_skip_dag.py
[2025-08-17T01:02:38.921+0000] {logging_mixin.py:188} INFO - [2025-08-17T01:02:38.920+0000] {dag.py:3089} INFO - Sync 1 DAGs
[2025-08-17T01:02:38.946+0000] {logging_mixin.py:188} INFO - [2025-08-17T01:02:38.946+0000] {dag.py:3947} INFO - Setting next_dagrun for example_skip_dag to 2025-08-16 00:00:00+00:00, run_after=2025-08-17 00:00:00+00:00
[2025-08-17T01:02:38.972+0000] {processor.py:183} INFO - Processing /home/airflow/.local/lib/python3.12/site-packages/airflow/example_dags/example_skip_dag.py took 0.095 seconds
[2025-08-17T01:03:09.219+0000] {processor.py:161} INFO - Started process (PID=279) to work on /home/airflow/.local/lib/python3.12/site-packages/airflow/example_dags/example_skip_dag.py
[2025-08-17T01:03:09.220+0000] {processor.py:830} INFO - Processing file /home/airflow/.local/lib/python3.12/site-packages/airflow/example_dags/example_skip_dag.py for tasks to queue
[2025-08-17T01:03:09.223+0000] {logging_mixin.py:188} INFO - [2025-08-17T01:03:09.222+0000] {dagbag.py:545} INFO - Filling up the DagBag from /home/airflow/.local/lib/python3.12/site-packages/airflow/example_dags/example_skip_dag.py
[2025-08-17T01:03:09.230+0000] {processor.py:840} INFO - DAG(s) 'example_skip_dag' retrieved from /home/airflow/.local/lib/python3.12/site-packages/airflow/example_dags/example_skip_dag.py
[2025-08-17T01:03:09.256+0000] {logging_mixin.py:188} INFO - [2025-08-17T01:03:09.256+0000] {dag.py:3089} INFO - Sync 1 DAGs
[2025-08-17T01:03:09.285+0000] {logging_mixin.py:188} INFO - [2025-08-17T01:03:09.284+0000] {dag.py:3947} INFO - Setting next_dagrun for example_skip_dag to 2025-08-16 00:00:00+00:00, run_after=2025-08-17 00:00:00+00:00
[2025-08-17T01:03:09.311+0000] {processor.py:183} INFO - Processing /home/airflow/.local/lib/python3.12/site-packages/airflow/example_dags/example_skip_dag.py took 0.100 seconds
[2025-08-17T01:03:39.452+0000] {processor.py:161} INFO - Started process (PID=338) to work on /home/airflow/.local/lib/python3.12/site-packages/airflow/example_dags/example_skip_dag.py
[2025-08-17T01:03:39.453+0000] {processor.py:830} INFO - Processing file /home/airflow/.local/lib/python3.12/site-packages/airflow/example_dags/example_skip_dag.py for tasks to queue
[2025-08-17T01:03:39.456+0000] {logging_mixin.py:188} INFO - [2025-08-17T01:03:39.456+0000] {dagbag.py:545} INFO - Filling up the DagBag from /home/airflow/.local/lib/python3.12/site-packages/airflow/example_dags/example_skip_dag.py
[2025-08-17T01:03:39.463+0000] {processor.py:840} INFO - DAG(s) 'example_skip_dag' retrieved from /home/airflow/.local/lib/python3.12/site-packages/airflow/example_dags/example_skip_dag.py
[2025-08-17T01:03:39.488+0000] {logging_mixin.py:188} INFO - [2025-08-17T01:03:39.487+0000] {dag.py:3089} INFO - Sync 1 DAGs
[2025-08-17T01:03:39.510+0000] {logging_mixin.py:188} INFO - [2025-08-17T01:03:39.510+0000] {dag.py:3947} INFO - Setting next_dagrun for example_skip_dag to 2025-08-16 00:00:00+00:00, run_after=2025-08-17 00:00:00+00:00
[2025-08-17T01:03:39.531+0000] {processor.py:183} INFO - Processing /home/airflow/.local/lib/python3.12/site-packages/airflow/example_dags/example_skip_dag.py took 0.086 seconds
[2025-08-17T01:04:09.955+0000] {processor.py:161} INFO - Started process (PID=397) to work on /home/airflow/.local/lib/python3.12/site-packages/airflow/example_dags/example_skip_dag.py
[2025-08-17T01:04:09.957+0000] {processor.py:830} INFO - Processing file /home/airflow/.local/lib/python3.12/site-packages/airflow/example_dags/example_skip_dag.py for tasks to queue
[2025-08-17T01:04:09.960+0000] {logging_mixin.py:188} INFO - [2025-08-17T01:04:09.960+0000] {dagbag.py:545} INFO - Filling up the DagBag from /home/airflow/.local/lib/python3.12/site-packages/airflow/example_dags/example_skip_dag.py
[2025-08-17T01:04:09.968+0000] {processor.py:840} INFO - DAG(s) 'example_skip_dag' retrieved from /home/airflow/.local/lib/python3.12/site-packages/airflow/example_dags/example_skip_dag.py
[2025-08-17T01:04:09.999+0000] {logging_mixin.py:188} INFO - [2025-08-17T01:04:09.998+0000] {dag.py:3089} INFO - Sync 1 DAGs
[2025-08-17T01:04:10.035+0000] {logging_mixin.py:188} INFO - [2025-08-17T01:04:10.035+0000] {dag.py:3947} INFO - Setting next_dagrun for example_skip_dag to 2025-08-16 00:00:00+00:00, run_after=2025-08-17 00:00:00+00:00
[2025-08-17T01:04:10.067+0000] {processor.py:183} INFO - Processing /home/airflow/.local/lib/python3.12/site-packages/airflow/example_dags/example_skip_dag.py took 0.119 seconds
[2025-08-17T01:04:40.522+0000] {processor.py:161} INFO - Started process (PID=456) to work on /home/airflow/.local/lib/python3.12/site-packages/airflow/example_dags/example_skip_dag.py
[2025-08-17T01:04:40.523+0000] {processor.py:830} INFO - Processing file /home/airflow/.local/lib/python3.12/site-packages/airflow/example_dags/example_skip_dag.py for tasks to queue
[2025-08-17T01:04:40.526+0000] {logging_mixin.py:188} INFO - [2025-08-17T01:04:40.526+0000] {dagbag.py:545} INFO - Filling up the DagBag from /home/airflow/.local/lib/python3.12/site-packages/airflow/example_dags/example_skip_dag.py
[2025-08-17T01:04:40.533+0000] {processor.py:840} INFO - DAG(s) 'example_skip_dag' retrieved from /home/airflow/.local/lib/python3.12/site-packages/airflow/example_dags/example_skip_dag.py
[2025-08-17T01:04:40.558+0000] {logging_mixin.py:188} INFO - [2025-08-17T01:04:40.557+0000] {dag.py:3089} INFO - Sync 1 DAGs
[2025-08-17T01:04:40.581+0000] {logging_mixin.py:188} INFO - [2025-08-17T01:04:40.581+0000] {dag.py:3947} INFO - Setting next_dagrun for example_skip_dag to 2025-08-16 00:00:00+00:00, run_after=2025-08-17 00:00:00+00:00
[2025-08-17T01:04:40.602+0000] {processor.py:183} INFO - Processing /home/airflow/.local/lib/python3.12/site-packages/airflow/example_dags/example_skip_dag.py took 0.086 seconds
[2025-08-17T01:05:11.315+0000] {processor.py:161} INFO - Started process (PID=515) to work on /home/airflow/.local/lib/python3.12/site-packages/airflow/example_dags/example_skip_dag.py
[2025-08-17T01:05:11.316+0000] {processor.py:830} INFO - Processing file /home/airflow/.local/lib/python3.12/site-packages/airflow/example_dags/example_skip_dag.py for tasks to queue
[2025-08-17T01:05:11.318+0000] {logging_mixin.py:188} INFO - [2025-08-17T01:05:11.318+0000] {dagbag.py:545} INFO - Filling up the DagBag from /home/airflow/.local/lib/python3.12/site-packages/airflow/example_dags/example_skip_dag.py
[2025-08-17T01:05:11.325+0000] {processor.py:840} INFO - DAG(s) 'example_skip_dag' retrieved from /home/airflow/.local/lib/python3.12/site-packages/airflow/example_dags/example_skip_dag.py
[2025-08-17T01:05:11.349+0000] {logging_mixin.py:188} INFO - [2025-08-17T01:05:11.349+0000] {dag.py:3089} INFO - Sync 1 DAGs
[2025-08-17T01:05:11.372+0000] {logging_mixin.py:188} INFO - [2025-08-17T01:05:11.372+0000] {dag.py:3947} INFO - Setting next_dagrun for example_skip_dag to 2025-08-16 00:00:00+00:00, run_after=2025-08-17 00:00:00+00:00
[2025-08-17T01:05:11.393+0000] {processor.py:183} INFO - Processing /home/airflow/.local/lib/python3.12/site-packages/airflow/example_dags/example_skip_dag.py took 0.085 seconds
[2025-08-17T01:05:41.900+0000] {processor.py:161} INFO - Started process (PID=574) to work on /home/airflow/.local/lib/python3.12/site-packages/airflow/example_dags/example_skip_dag.py
[2025-08-17T01:05:41.902+0000] {processor.py:830} INFO - Processing file /home/airflow/.local/lib/python3.12/site-packages/airflow/example_dags/example_skip_dag.py for tasks to queue
[2025-08-17T01:05:41.904+0000] {logging_mixin.py:188} INFO - [2025-08-17T01:05:41.904+0000] {dagbag.py:545} INFO - Filling up the DagBag from /home/airflow/.local/lib/python3.12/site-packages/airflow/example_dags/example_skip_dag.py
[2025-08-17T01:05:41.911+0000] {processor.py:840} INFO - DAG(s) 'example_skip_dag' retrieved from /home/airflow/.local/lib/python3.12/site-packages/airflow/example_dags/example_skip_dag.py
[2025-08-17T01:05:41.935+0000] {logging_mixin.py:188} INFO - [2025-08-17T01:05:41.935+0000] {dag.py:3089} INFO - Sync 1 DAGs
[2025-08-17T01:05:41.958+0000] {logging_mixin.py:188} INFO - [2025-08-17T01:05:41.958+0000] {dag.py:3947} INFO - Setting next_dagrun for example_skip_dag to 2025-08-16 00:00:00+00:00, run_after=2025-08-17 00:00:00+00:00
[2025-08-17T01:05:41.981+0000] {processor.py:183} INFO - Processing /home/airflow/.local/lib/python3.12/site-packages/airflow/example_dags/example_skip_dag.py took 0.087 seconds
[2025-08-17T01:06:12.933+0000] {processor.py:161} INFO - Started process (PID=633) to work on /home/airflow/.local/lib/python3.12/site-packages/airflow/example_dags/example_skip_dag.py
[2025-08-17T01:06:12.934+0000] {processor.py:830} INFO - Processing file /home/airflow/.local/lib/python3.12/site-packages/airflow/example_dags/example_skip_dag.py for tasks to queue
[2025-08-17T01:06:12.937+0000] {logging_mixin.py:188} INFO - [2025-08-17T01:06:12.937+0000] {dagbag.py:545} INFO - Filling up the DagBag from /home/airflow/.local/lib/python3.12/site-packages/airflow/example_dags/example_skip_dag.py
[2025-08-17T01:06:12.945+0000] {processor.py:840} INFO - DAG(s) 'example_skip_dag' retrieved from /home/airflow/.local/lib/python3.12/site-packages/airflow/example_dags/example_skip_dag.py
[2025-08-17T01:06:12.971+0000] {logging_mixin.py:188} INFO - [2025-08-17T01:06:12.971+0000] {dag.py:3089} INFO - Sync 1 DAGs
[2025-08-17T01:06:12.997+0000] {logging_mixin.py:188} INFO - [2025-08-17T01:06:12.997+0000] {dag.py:3947} INFO - Setting next_dagrun for example_skip_dag to 2025-08-16 00:00:00+00:00, run_after=2025-08-17 00:00:00+00:00
[2025-08-17T01:06:13.019+0000] {processor.py:183} INFO - Processing /home/airflow/.local/lib/python3.12/site-packages/airflow/example_dags/example_skip_dag.py took 0.093 seconds
[2025-08-17T01:06:43.114+0000] {processor.py:161} INFO - Started process (PID=692) to work on /home/airflow/.local/lib/python3.12/site-packages/airflow/example_dags/example_skip_dag.py
[2025-08-17T01:06:43.116+0000] {processor.py:830} INFO - Processing file /home/airflow/.local/lib/python3.12/site-packages/airflow/example_dags/example_skip_dag.py for tasks to queue
[2025-08-17T01:06:43.118+0000] {logging_mixin.py:188} INFO - [2025-08-17T01:06:43.118+0000] {dagbag.py:545} INFO - Filling up the DagBag from /home/airflow/.local/lib/python3.12/site-packages/airflow/example_dags/example_skip_dag.py
[2025-08-17T01:06:43.126+0000] {processor.py:840} INFO - DAG(s) 'example_skip_dag' retrieved from /home/airflow/.local/lib/python3.12/site-packages/airflow/example_dags/example_skip_dag.py
[2025-08-17T01:06:43.151+0000] {logging_mixin.py:188} INFO - [2025-08-17T01:06:43.151+0000] {dag.py:3089} INFO - Sync 1 DAGs
[2025-08-17T01:06:43.174+0000] {logging_mixin.py:188} INFO - [2025-08-17T01:06:43.174+0000] {dag.py:3947} INFO - Setting next_dagrun for example_skip_dag to 2025-08-16 00:00:00+00:00, run_after=2025-08-17 00:00:00+00:00
[2025-08-17T01:06:43.195+0000] {processor.py:183} INFO - Processing /home/airflow/.local/lib/python3.12/site-packages/airflow/example_dags/example_skip_dag.py took 0.088 seconds
[2025-08-17T01:07:14.113+0000] {processor.py:161} INFO - Started process (PID=751) to work on /home/airflow/.local/lib/python3.12/site-packages/airflow/example_dags/example_skip_dag.py
[2025-08-17T01:07:14.115+0000] {processor.py:830} INFO - Processing file /home/airflow/.local/lib/python3.12/site-packages/airflow/example_dags/example_skip_dag.py for tasks to queue
[2025-08-17T01:07:14.117+0000] {logging_mixin.py:188} INFO - [2025-08-17T01:07:14.117+0000] {dagbag.py:545} INFO - Filling up the DagBag from /home/airflow/.local/lib/python3.12/site-packages/airflow/example_dags/example_skip_dag.py
[2025-08-17T01:07:14.124+0000] {processor.py:840} INFO - DAG(s) 'example_skip_dag' retrieved from /home/airflow/.local/lib/python3.12/site-packages/airflow/example_dags/example_skip_dag.py
[2025-08-17T01:07:14.148+0000] {logging_mixin.py:188} INFO - [2025-08-17T01:07:14.148+0000] {dag.py:3089} INFO - Sync 1 DAGs
[2025-08-17T01:07:14.170+0000] {logging_mixin.py:188} INFO - [2025-08-17T01:07:14.170+0000] {dag.py:3947} INFO - Setting next_dagrun for example_skip_dag to 2025-08-16 00:00:00+00:00, run_after=2025-08-17 00:00:00+00:00
[2025-08-17T01:07:14.191+0000] {processor.py:183} INFO - Processing /home/airflow/.local/lib/python3.12/site-packages/airflow/example_dags/example_skip_dag.py took 0.084 seconds
[2025-08-17T01:07:44.865+0000] {processor.py:161} INFO - Started process (PID=811) to work on /home/airflow/.local/lib/python3.12/site-packages/airflow/example_dags/example_skip_dag.py
[2025-08-17T01:07:44.866+0000] {processor.py:830} INFO - Processing file /home/airflow/.local/lib/python3.12/site-packages/airflow/example_dags/example_skip_dag.py for tasks to queue
[2025-08-17T01:07:44.868+0000] {logging_mixin.py:188} INFO - [2025-08-17T01:07:44.867+0000] {dagbag.py:545} INFO - Filling up the DagBag from /home/airflow/.local/lib/python3.12/site-packages/airflow/example_dags/example_skip_dag.py
[2025-08-17T01:07:44.874+0000] {processor.py:840} INFO - DAG(s) 'example_skip_dag' retrieved from /home/airflow/.local/lib/python3.12/site-packages/airflow/example_dags/example_skip_dag.py
[2025-08-17T01:07:44.897+0000] {logging_mixin.py:188} INFO - [2025-08-17T01:07:44.897+0000] {dag.py:3089} INFO - Sync 1 DAGs
[2025-08-17T01:07:44.921+0000] {logging_mixin.py:188} INFO - [2025-08-17T01:07:44.921+0000] {dag.py:3947} INFO - Setting next_dagrun for example_skip_dag to 2025-08-16 00:00:00+00:00, run_after=2025-08-17 00:00:00+00:00
[2025-08-17T01:07:44.943+0000] {processor.py:183} INFO - Processing /home/airflow/.local/lib/python3.12/site-packages/airflow/example_dags/example_skip_dag.py took 0.084 seconds
[2025-08-17T01:08:15.378+0000] {processor.py:161} INFO - Started process (PID=870) to work on /home/airflow/.local/lib/python3.12/site-packages/airflow/example_dags/example_skip_dag.py
[2025-08-17T01:08:15.379+0000] {processor.py:830} INFO - Processing file /home/airflow/.local/lib/python3.12/site-packages/airflow/example_dags/example_skip_dag.py for tasks to queue
[2025-08-17T01:08:15.381+0000] {logging_mixin.py:188} INFO - [2025-08-17T01:08:15.381+0000] {dagbag.py:545} INFO - Filling up the DagBag from /home/airflow/.local/lib/python3.12/site-packages/airflow/example_dags/example_skip_dag.py
[2025-08-17T01:08:15.388+0000] {processor.py:840} INFO - DAG(s) 'example_skip_dag' retrieved from /home/airflow/.local/lib/python3.12/site-packages/airflow/example_dags/example_skip_dag.py
[2025-08-17T01:08:15.411+0000] {logging_mixin.py:188} INFO - [2025-08-17T01:08:15.411+0000] {dag.py:3089} INFO - Sync 1 DAGs
[2025-08-17T01:08:15.434+0000] {logging_mixin.py:188} INFO - [2025-08-17T01:08:15.433+0000] {dag.py:3947} INFO - Setting next_dagrun for example_skip_dag to 2025-08-16 00:00:00+00:00, run_after=2025-08-17 00:00:00+00:00
[2025-08-17T01:08:15.454+0000] {processor.py:183} INFO - Processing /home/airflow/.local/lib/python3.12/site-packages/airflow/example_dags/example_skip_dag.py took 0.082 seconds
[2025-08-17T01:08:45.881+0000] {processor.py:161} INFO - Started process (PID=929) to work on /home/airflow/.local/lib/python3.12/site-packages/airflow/example_dags/example_skip_dag.py
[2025-08-17T01:08:45.882+0000] {processor.py:830} INFO - Processing file /home/airflow/.local/lib/python3.12/site-packages/airflow/example_dags/example_skip_dag.py for tasks to queue
[2025-08-17T01:08:45.884+0000] {logging_mixin.py:188} INFO - [2025-08-17T01:08:45.883+0000] {dagbag.py:545} INFO - Filling up the DagBag from /home/airflow/.local/lib/python3.12/site-packages/airflow/example_dags/example_skip_dag.py
[2025-08-17T01:08:45.890+0000] {processor.py:840} INFO - DAG(s) 'example_skip_dag' retrieved from /home/airflow/.local/lib/python3.12/site-packages/airflow/example_dags/example_skip_dag.py
[2025-08-17T01:08:45.913+0000] {logging_mixin.py:188} INFO - [2025-08-17T01:08:45.913+0000] {dag.py:3089} INFO - Sync 1 DAGs
[2025-08-17T01:08:45.936+0000] {logging_mixin.py:188} INFO - [2025-08-17T01:08:45.936+0000] {dag.py:3947} INFO - Setting next_dagrun for example_skip_dag to 2025-08-16 00:00:00+00:00, run_after=2025-08-17 00:00:00+00:00
[2025-08-17T01:08:45.957+0000] {processor.py:183} INFO - Processing /home/airflow/.local/lib/python3.12/site-packages/airflow/example_dags/example_skip_dag.py took 0.082 seconds
[2025-08-17T01:09:16.790+0000] {processor.py:161} INFO - Started process (PID=988) to work on /home/airflow/.local/lib/python3.12/site-packages/airflow/example_dags/example_skip_dag.py
[2025-08-17T01:09:16.791+0000] {processor.py:830} INFO - Processing file /home/airflow/.local/lib/python3.12/site-packages/airflow/example_dags/example_skip_dag.py for tasks to queue
[2025-08-17T01:09:16.794+0000] {logging_mixin.py:188} INFO - [2025-08-17T01:09:16.793+0000] {dagbag.py:545} INFO - Filling up the DagBag from /home/airflow/.local/lib/python3.12/site-packages/airflow/example_dags/example_skip_dag.py
[2025-08-17T01:09:16.801+0000] {processor.py:840} INFO - DAG(s) 'example_skip_dag' retrieved from /home/airflow/.local/lib/python3.12/site-packages/airflow/example_dags/example_skip_dag.py
[2025-08-17T01:09:16.828+0000] {logging_mixin.py:188} INFO - [2025-08-17T01:09:16.827+0000] {dag.py:3089} INFO - Sync 1 DAGs
[2025-08-17T01:09:16.855+0000] {logging_mixin.py:188} INFO - [2025-08-17T01:09:16.854+0000] {dag.py:3947} INFO - Setting next_dagrun for example_skip_dag to 2025-08-16 00:00:00+00:00, run_after=2025-08-17 00:00:00+00:00
[2025-08-17T01:09:16.879+0000] {processor.py:183} INFO - Processing /home/airflow/.local/lib/python3.12/site-packages/airflow/example_dags/example_skip_dag.py took 0.096 seconds
[2025-08-17T01:09:47.506+0000] {processor.py:161} INFO - Started process (PID=1047) to work on /home/airflow/.local/lib/python3.12/site-packages/airflow/example_dags/example_skip_dag.py
[2025-08-17T01:09:47.507+0000] {processor.py:830} INFO - Processing file /home/airflow/.local/lib/python3.12/site-packages/airflow/example_dags/example_skip_dag.py for tasks to queue
[2025-08-17T01:09:47.509+0000] {logging_mixin.py:188} INFO - [2025-08-17T01:09:47.509+0000] {dagbag.py:545} INFO - Filling up the DagBag from /home/airflow/.local/lib/python3.12/site-packages/airflow/example_dags/example_skip_dag.py
[2025-08-17T01:09:47.516+0000] {processor.py:840} INFO - DAG(s) 'example_skip_dag' retrieved from /home/airflow/.local/lib/python3.12/site-packages/airflow/example_dags/example_skip_dag.py
[2025-08-17T01:09:47.541+0000] {logging_mixin.py:188} INFO - [2025-08-17T01:09:47.541+0000] {dag.py:3089} INFO - Sync 1 DAGs
[2025-08-17T01:09:47.564+0000] {logging_mixin.py:188} INFO - [2025-08-17T01:09:47.564+0000] {dag.py:3947} INFO - Setting next_dagrun for example_skip_dag to 2025-08-16 00:00:00+00:00, run_after=2025-08-17 00:00:00+00:00
[2025-08-17T01:09:47.585+0000] {processor.py:183} INFO - Processing /home/airflow/.local/lib/python3.12/site-packages/airflow/example_dags/example_skip_dag.py took 0.085 seconds
[2025-08-17T01:10:17.731+0000] {processor.py:161} INFO - Started process (PID=1107) to work on /home/airflow/.local/lib/python3.12/site-packages/airflow/example_dags/example_skip_dag.py
[2025-08-17T01:10:17.732+0000] {processor.py:830} INFO - Processing file /home/airflow/.local/lib/python3.12/site-packages/airflow/example_dags/example_skip_dag.py for tasks to queue
[2025-08-17T01:10:17.734+0000] {logging_mixin.py:188} INFO - [2025-08-17T01:10:17.734+0000] {dagbag.py:545} INFO - Filling up the DagBag from /home/airflow/.local/lib/python3.12/site-packages/airflow/example_dags/example_skip_dag.py
[2025-08-17T01:10:17.741+0000] {processor.py:840} INFO - DAG(s) 'example_skip_dag' retrieved from /home/airflow/.local/lib/python3.12/site-packages/airflow/example_dags/example_skip_dag.py
[2025-08-17T01:10:17.764+0000] {logging_mixin.py:188} INFO - [2025-08-17T01:10:17.764+0000] {dag.py:3089} INFO - Sync 1 DAGs
[2025-08-17T01:10:17.787+0000] {logging_mixin.py:188} INFO - [2025-08-17T01:10:17.787+0000] {dag.py:3947} INFO - Setting next_dagrun for example_skip_dag to 2025-08-16 00:00:00+00:00, run_after=2025-08-17 00:00:00+00:00
[2025-08-17T01:10:17.809+0000] {processor.py:183} INFO - Processing /home/airflow/.local/lib/python3.12/site-packages/airflow/example_dags/example_skip_dag.py took 0.085 seconds
[2025-08-17T01:10:48.138+0000] {processor.py:161} INFO - Started process (PID=1166) to work on /home/airflow/.local/lib/python3.12/site-packages/airflow/example_dags/example_skip_dag.py
[2025-08-17T01:10:48.139+0000] {processor.py:830} INFO - Processing file /home/airflow/.local/lib/python3.12/site-packages/airflow/example_dags/example_skip_dag.py for tasks to queue
[2025-08-17T01:10:48.142+0000] {logging_mixin.py:188} INFO - [2025-08-17T01:10:48.142+0000] {dagbag.py:545} INFO - Filling up the DagBag from /home/airflow/.local/lib/python3.12/site-packages/airflow/example_dags/example_skip_dag.py
[2025-08-17T01:10:48.148+0000] {processor.py:840} INFO - DAG(s) 'example_skip_dag' retrieved from /home/airflow/.local/lib/python3.12/site-packages/airflow/example_dags/example_skip_dag.py
[2025-08-17T01:10:48.173+0000] {logging_mixin.py:188} INFO - [2025-08-17T01:10:48.173+0000] {dag.py:3089} INFO - Sync 1 DAGs
[2025-08-17T01:10:48.197+0000] {logging_mixin.py:188} INFO - [2025-08-17T01:10:48.196+0000] {dag.py:3947} INFO - Setting next_dagrun for example_skip_dag to 2025-08-16 00:00:00+00:00, run_after=2025-08-17 00:00:00+00:00
[2025-08-17T01:10:48.217+0000] {processor.py:183} INFO - Processing /home/airflow/.local/lib/python3.12/site-packages/airflow/example_dags/example_skip_dag.py took 0.085 seconds
[2025-08-17T01:11:18.502+0000] {processor.py:161} INFO - Started process (PID=1225) to work on /home/airflow/.local/lib/python3.12/site-packages/airflow/example_dags/example_skip_dag.py
[2025-08-17T01:11:18.503+0000] {processor.py:830} INFO - Processing file /home/airflow/.local/lib/python3.12/site-packages/airflow/example_dags/example_skip_dag.py for tasks to queue
[2025-08-17T01:11:18.506+0000] {logging_mixin.py:188} INFO - [2025-08-17T01:11:18.505+0000] {dagbag.py:545} INFO - Filling up the DagBag from /home/airflow/.local/lib/python3.12/site-packages/airflow/example_dags/example_skip_dag.py
[2025-08-17T01:11:18.513+0000] {processor.py:840} INFO - DAG(s) 'example_skip_dag' retrieved from /home/airflow/.local/lib/python3.12/site-packages/airflow/example_dags/example_skip_dag.py
[2025-08-17T01:11:18.538+0000] {logging_mixin.py:188} INFO - [2025-08-17T01:11:18.538+0000] {dag.py:3089} INFO - Sync 1 DAGs
[2025-08-17T01:11:18.562+0000] {logging_mixin.py:188} INFO - [2025-08-17T01:11:18.562+0000] {dag.py:3947} INFO - Setting next_dagrun for example_skip_dag to 2025-08-16 00:00:00+00:00, run_after=2025-08-17 00:00:00+00:00
[2025-08-17T01:11:18.586+0000] {processor.py:183} INFO - Processing /home/airflow/.local/lib/python3.12/site-packages/airflow/example_dags/example_skip_dag.py took 0.091 seconds
[2025-08-17T01:11:49.275+0000] {processor.py:161} INFO - Started process (PID=1284) to work on /home/airflow/.local/lib/python3.12/site-packages/airflow/example_dags/example_skip_dag.py
[2025-08-17T01:11:49.277+0000] {processor.py:830} INFO - Processing file /home/airflow/.local/lib/python3.12/site-packages/airflow/example_dags/example_skip_dag.py for tasks to queue
[2025-08-17T01:11:49.280+0000] {logging_mixin.py:188} INFO - [2025-08-17T01:11:49.279+0000] {dagbag.py:545} INFO - Filling up the DagBag from /home/airflow/.local/lib/python3.12/site-packages/airflow/example_dags/example_skip_dag.py
[2025-08-17T01:11:49.286+0000] {processor.py:840} INFO - DAG(s) 'example_skip_dag' retrieved from /home/airflow/.local/lib/python3.12/site-packages/airflow/example_dags/example_skip_dag.py
[2025-08-17T01:11:49.309+0000] {logging_mixin.py:188} INFO - [2025-08-17T01:11:49.309+0000] {dag.py:3089} INFO - Sync 1 DAGs
[2025-08-17T01:11:49.330+0000] {logging_mixin.py:188} INFO - [2025-08-17T01:11:49.330+0000] {dag.py:3947} INFO - Setting next_dagrun for example_skip_dag to 2025-08-16 00:00:00+00:00, run_after=2025-08-17 00:00:00+00:00
[2025-08-17T01:11:49.355+0000] {processor.py:183} INFO - Processing /home/airflow/.local/lib/python3.12/site-packages/airflow/example_dags/example_skip_dag.py took 0.087 seconds
[2025-08-17T01:12:19.773+0000] {processor.py:161} INFO - Started process (PID=1343) to work on /home/airflow/.local/lib/python3.12/site-packages/airflow/example_dags/example_skip_dag.py
[2025-08-17T01:12:19.775+0000] {processor.py:830} INFO - Processing file /home/airflow/.local/lib/python3.12/site-packages/airflow/example_dags/example_skip_dag.py for tasks to queue
[2025-08-17T01:12:19.778+0000] {logging_mixin.py:188} INFO - [2025-08-17T01:12:19.777+0000] {dagbag.py:545} INFO - Filling up the DagBag from /home/airflow/.local/lib/python3.12/site-packages/airflow/example_dags/example_skip_dag.py
[2025-08-17T01:12:19.785+0000] {processor.py:840} INFO - DAG(s) 'example_skip_dag' retrieved from /home/airflow/.local/lib/python3.12/site-packages/airflow/example_dags/example_skip_dag.py
[2025-08-17T01:12:19.813+0000] {logging_mixin.py:188} INFO - [2025-08-17T01:12:19.813+0000] {dag.py:3089} INFO - Sync 1 DAGs
[2025-08-17T01:12:19.841+0000] {logging_mixin.py:188} INFO - [2025-08-17T01:12:19.841+0000] {dag.py:3947} INFO - Setting next_dagrun for example_skip_dag to 2025-08-16 00:00:00+00:00, run_after=2025-08-17 00:00:00+00:00
[2025-08-17T01:12:19.867+0000] {processor.py:183} INFO - Processing /home/airflow/.local/lib/python3.12/site-packages/airflow/example_dags/example_skip_dag.py took 0.101 seconds
[2025-08-17T01:12:49.917+0000] {processor.py:161} INFO - Started process (PID=1402) to work on /home/airflow/.local/lib/python3.12/site-packages/airflow/example_dags/example_skip_dag.py
[2025-08-17T01:12:49.918+0000] {processor.py:830} INFO - Processing file /home/airflow/.local/lib/python3.12/site-packages/airflow/example_dags/example_skip_dag.py for tasks to queue
[2025-08-17T01:12:49.920+0000] {logging_mixin.py:188} INFO - [2025-08-17T01:12:49.919+0000] {dagbag.py:545} INFO - Filling up the DagBag from /home/airflow/.local/lib/python3.12/site-packages/airflow/example_dags/example_skip_dag.py
[2025-08-17T01:12:49.926+0000] {processor.py:840} INFO - DAG(s) 'example_skip_dag' retrieved from /home/airflow/.local/lib/python3.12/site-packages/airflow/example_dags/example_skip_dag.py
[2025-08-17T01:12:49.948+0000] {logging_mixin.py:188} INFO - [2025-08-17T01:12:49.948+0000] {dag.py:3089} INFO - Sync 1 DAGs
[2025-08-17T01:12:49.970+0000] {logging_mixin.py:188} INFO - [2025-08-17T01:12:49.970+0000] {dag.py:3947} INFO - Setting next_dagrun for example_skip_dag to 2025-08-16 00:00:00+00:00, run_after=2025-08-17 00:00:00+00:00
[2025-08-17T01:12:49.990+0000] {processor.py:183} INFO - Processing /home/airflow/.local/lib/python3.12/site-packages/airflow/example_dags/example_skip_dag.py took 0.079 seconds
[2025-08-17T01:13:20.445+0000] {processor.py:161} INFO - Started process (PID=1462) to work on /home/airflow/.local/lib/python3.12/site-packages/airflow/example_dags/example_skip_dag.py
[2025-08-17T01:13:20.446+0000] {processor.py:830} INFO - Processing file /home/airflow/.local/lib/python3.12/site-packages/airflow/example_dags/example_skip_dag.py for tasks to queue
[2025-08-17T01:13:20.449+0000] {logging_mixin.py:188} INFO - [2025-08-17T01:13:20.449+0000] {dagbag.py:545} INFO - Filling up the DagBag from /home/airflow/.local/lib/python3.12/site-packages/airflow/example_dags/example_skip_dag.py
[2025-08-17T01:13:20.457+0000] {processor.py:840} INFO - DAG(s) 'example_skip_dag' retrieved from /home/airflow/.local/lib/python3.12/site-packages/airflow/example_dags/example_skip_dag.py
[2025-08-17T01:13:20.481+0000] {logging_mixin.py:188} INFO - [2025-08-17T01:13:20.481+0000] {dag.py:3089} INFO - Sync 1 DAGs
[2025-08-17T01:13:20.503+0000] {logging_mixin.py:188} INFO - [2025-08-17T01:13:20.502+0000] {dag.py:3947} INFO - Setting next_dagrun for example_skip_dag to 2025-08-16 00:00:00+00:00, run_after=2025-08-17 00:00:00+00:00
[2025-08-17T01:13:20.523+0000] {processor.py:183} INFO - Processing /home/airflow/.local/lib/python3.12/site-packages/airflow/example_dags/example_skip_dag.py took 0.085 seconds
[2025-08-17T01:13:50.917+0000] {processor.py:161} INFO - Started process (PID=1521) to work on /home/airflow/.local/lib/python3.12/site-packages/airflow/example_dags/example_skip_dag.py
[2025-08-17T01:13:50.919+0000] {processor.py:830} INFO - Processing file /home/airflow/.local/lib/python3.12/site-packages/airflow/example_dags/example_skip_dag.py for tasks to queue
[2025-08-17T01:13:50.922+0000] {logging_mixin.py:188} INFO - [2025-08-17T01:13:50.921+0000] {dagbag.py:545} INFO - Filling up the DagBag from /home/airflow/.local/lib/python3.12/site-packages/airflow/example_dags/example_skip_dag.py
[2025-08-17T01:13:50.931+0000] {processor.py:840} INFO - DAG(s) 'example_skip_dag' retrieved from /home/airflow/.local/lib/python3.12/site-packages/airflow/example_dags/example_skip_dag.py
[2025-08-17T01:13:50.964+0000] {logging_mixin.py:188} INFO - [2025-08-17T01:13:50.964+0000] {dag.py:3089} INFO - Sync 1 DAGs
[2025-08-17T01:13:50.994+0000] {logging_mixin.py:188} INFO - [2025-08-17T01:13:50.993+0000] {dag.py:3947} INFO - Setting next_dagrun for example_skip_dag to 2025-08-16 00:00:00+00:00, run_after=2025-08-17 00:00:00+00:00
[2025-08-17T01:13:51.016+0000] {processor.py:183} INFO - Processing /home/airflow/.local/lib/python3.12/site-packages/airflow/example_dags/example_skip_dag.py took 0.108 seconds
[2025-08-17T01:14:21.875+0000] {processor.py:161} INFO - Started process (PID=1580) to work on /home/airflow/.local/lib/python3.12/site-packages/airflow/example_dags/example_skip_dag.py
[2025-08-17T01:14:21.877+0000] {processor.py:830} INFO - Processing file /home/airflow/.local/lib/python3.12/site-packages/airflow/example_dags/example_skip_dag.py for tasks to queue
[2025-08-17T01:14:21.880+0000] {logging_mixin.py:188} INFO - [2025-08-17T01:14:21.880+0000] {dagbag.py:545} INFO - Filling up the DagBag from /home/airflow/.local/lib/python3.12/site-packages/airflow/example_dags/example_skip_dag.py
[2025-08-17T01:14:21.889+0000] {processor.py:840} INFO - DAG(s) 'example_skip_dag' retrieved from /home/airflow/.local/lib/python3.12/site-packages/airflow/example_dags/example_skip_dag.py
[2025-08-17T01:14:21.916+0000] {logging_mixin.py:188} INFO - [2025-08-17T01:14:21.916+0000] {dag.py:3089} INFO - Sync 1 DAGs
[2025-08-17T01:14:21.939+0000] {logging_mixin.py:188} INFO - [2025-08-17T01:14:21.939+0000] {dag.py:3947} INFO - Setting next_dagrun for example_skip_dag to 2025-08-16 00:00:00+00:00, run_after=2025-08-17 00:00:00+00:00
[2025-08-17T01:14:21.961+0000] {processor.py:183} INFO - Processing /home/airflow/.local/lib/python3.12/site-packages/airflow/example_dags/example_skip_dag.py took 0.094 seconds
[2025-08-17T01:14:53.042+0000] {processor.py:161} INFO - Started process (PID=1639) to work on /home/airflow/.local/lib/python3.12/site-packages/airflow/example_dags/example_skip_dag.py
[2025-08-17T01:14:53.044+0000] {processor.py:830} INFO - Processing file /home/airflow/.local/lib/python3.12/site-packages/airflow/example_dags/example_skip_dag.py for tasks to queue
[2025-08-17T01:14:53.046+0000] {logging_mixin.py:188} INFO - [2025-08-17T01:14:53.046+0000] {dagbag.py:545} INFO - Filling up the DagBag from /home/airflow/.local/lib/python3.12/site-packages/airflow/example_dags/example_skip_dag.py
[2025-08-17T01:14:53.053+0000] {processor.py:840} INFO - DAG(s) 'example_skip_dag' retrieved from /home/airflow/.local/lib/python3.12/site-packages/airflow/example_dags/example_skip_dag.py
[2025-08-17T01:14:53.078+0000] {logging_mixin.py:188} INFO - [2025-08-17T01:14:53.078+0000] {dag.py:3089} INFO - Sync 1 DAGs
[2025-08-17T01:14:53.099+0000] {logging_mixin.py:188} INFO - [2025-08-17T01:14:53.098+0000] {dag.py:3947} INFO - Setting next_dagrun for example_skip_dag to 2025-08-16 00:00:00+00:00, run_after=2025-08-17 00:00:00+00:00
[2025-08-17T01:14:53.120+0000] {processor.py:183} INFO - Processing /home/airflow/.local/lib/python3.12/site-packages/airflow/example_dags/example_skip_dag.py took 0.084 seconds
[2025-08-17T01:15:24.108+0000] {processor.py:161} INFO - Started process (PID=1698) to work on /home/airflow/.local/lib/python3.12/site-packages/airflow/example_dags/example_skip_dag.py
[2025-08-17T01:15:24.109+0000] {processor.py:830} INFO - Processing file /home/airflow/.local/lib/python3.12/site-packages/airflow/example_dags/example_skip_dag.py for tasks to queue
[2025-08-17T01:15:24.112+0000] {logging_mixin.py:188} INFO - [2025-08-17T01:15:24.112+0000] {dagbag.py:545} INFO - Filling up the DagBag from /home/airflow/.local/lib/python3.12/site-packages/airflow/example_dags/example_skip_dag.py
[2025-08-17T01:15:24.121+0000] {processor.py:840} INFO - DAG(s) 'example_skip_dag' retrieved from /home/airflow/.local/lib/python3.12/site-packages/airflow/example_dags/example_skip_dag.py
[2025-08-17T01:15:24.149+0000] {logging_mixin.py:188} INFO - [2025-08-17T01:15:24.149+0000] {dag.py:3089} INFO - Sync 1 DAGs
[2025-08-17T01:15:24.175+0000] {logging_mixin.py:188} INFO - [2025-08-17T01:15:24.175+0000] {dag.py:3947} INFO - Setting next_dagrun for example_skip_dag to 2025-08-16 00:00:00+00:00, run_after=2025-08-17 00:00:00+00:00
[2025-08-17T01:15:24.198+0000] {processor.py:183} INFO - Processing /home/airflow/.local/lib/python3.12/site-packages/airflow/example_dags/example_skip_dag.py took 0.098 seconds
[2025-08-17T01:15:55.080+0000] {processor.py:161} INFO - Started process (PID=1757) to work on /home/airflow/.local/lib/python3.12/site-packages/airflow/example_dags/example_skip_dag.py
[2025-08-17T01:15:55.082+0000] {processor.py:830} INFO - Processing file /home/airflow/.local/lib/python3.12/site-packages/airflow/example_dags/example_skip_dag.py for tasks to queue
[2025-08-17T01:15:55.084+0000] {logging_mixin.py:188} INFO - [2025-08-17T01:15:55.084+0000] {dagbag.py:545} INFO - Filling up the DagBag from /home/airflow/.local/lib/python3.12/site-packages/airflow/example_dags/example_skip_dag.py
[2025-08-17T01:15:55.092+0000] {processor.py:840} INFO - DAG(s) 'example_skip_dag' retrieved from /home/airflow/.local/lib/python3.12/site-packages/airflow/example_dags/example_skip_dag.py
[2025-08-17T01:15:55.122+0000] {logging_mixin.py:188} INFO - [2025-08-17T01:15:55.122+0000] {dag.py:3089} INFO - Sync 1 DAGs
[2025-08-17T01:15:55.152+0000] {logging_mixin.py:188} INFO - [2025-08-17T01:15:55.151+0000] {dag.py:3947} INFO - Setting next_dagrun for example_skip_dag to 2025-08-16 00:00:00+00:00, run_after=2025-08-17 00:00:00+00:00
[2025-08-17T01:15:55.179+0000] {processor.py:183} INFO - Processing /home/airflow/.local/lib/python3.12/site-packages/airflow/example_dags/example_skip_dag.py took 0.108 seconds
[2025-08-17T01:16:25.246+0000] {processor.py:161} INFO - Started process (PID=1815) to work on /home/airflow/.local/lib/python3.12/site-packages/airflow/example_dags/example_skip_dag.py
[2025-08-17T01:16:25.247+0000] {processor.py:830} INFO - Processing file /home/airflow/.local/lib/python3.12/site-packages/airflow/example_dags/example_skip_dag.py for tasks to queue
[2025-08-17T01:16:25.250+0000] {logging_mixin.py:188} INFO - [2025-08-17T01:16:25.249+0000] {dagbag.py:545} INFO - Filling up the DagBag from /home/airflow/.local/lib/python3.12/site-packages/airflow/example_dags/example_skip_dag.py
[2025-08-17T01:16:25.257+0000] {processor.py:840} INFO - DAG(s) 'example_skip_dag' retrieved from /home/airflow/.local/lib/python3.12/site-packages/airflow/example_dags/example_skip_dag.py
[2025-08-17T01:16:25.285+0000] {logging_mixin.py:188} INFO - [2025-08-17T01:16:25.284+0000] {dag.py:3089} INFO - Sync 1 DAGs
[2025-08-17T01:16:25.500+0000] {logging_mixin.py:188} INFO - [2025-08-17T01:16:25.500+0000] {dag.py:3947} INFO - Setting next_dagrun for example_skip_dag to 2025-08-16 00:00:00+00:00, run_after=2025-08-17 00:00:00+00:00
[2025-08-17T01:16:25.520+0000] {processor.py:183} INFO - Processing /home/airflow/.local/lib/python3.12/site-packages/airflow/example_dags/example_skip_dag.py took 0.281 seconds
[2025-08-17T01:17:42.362+0000] {processor.py:161} INFO - Started process (PID=108) to work on /home/airflow/.local/lib/python3.12/site-packages/airflow/example_dags/example_skip_dag.py
[2025-08-17T01:17:42.364+0000] {processor.py:830} INFO - Processing file /home/airflow/.local/lib/python3.12/site-packages/airflow/example_dags/example_skip_dag.py for tasks to queue
[2025-08-17T01:17:42.367+0000] {logging_mixin.py:188} INFO - [2025-08-17T01:17:42.366+0000] {dagbag.py:545} INFO - Filling up the DagBag from /home/airflow/.local/lib/python3.12/site-packages/airflow/example_dags/example_skip_dag.py
[2025-08-17T01:17:42.383+0000] {processor.py:840} INFO - DAG(s) 'example_skip_dag' retrieved from /home/airflow/.local/lib/python3.12/site-packages/airflow/example_dags/example_skip_dag.py
[2025-08-17T01:17:42.534+0000] {logging_mixin.py:188} INFO - [2025-08-17T01:17:42.533+0000] {dag.py:3089} INFO - Sync 1 DAGs
[2025-08-17T01:17:42.562+0000] {logging_mixin.py:188} INFO - [2025-08-17T01:17:42.562+0000] {dag.py:3947} INFO - Setting next_dagrun for example_skip_dag to 2025-08-16 00:00:00+00:00, run_after=2025-08-17 00:00:00+00:00
[2025-08-17T01:17:42.596+0000] {processor.py:183} INFO - Processing /home/airflow/.local/lib/python3.12/site-packages/airflow/example_dags/example_skip_dag.py took 0.243 seconds
[2025-08-17T01:18:13.127+0000] {processor.py:161} INFO - Started process (PID=167) to work on /home/airflow/.local/lib/python3.12/site-packages/airflow/example_dags/example_skip_dag.py
[2025-08-17T01:18:13.128+0000] {processor.py:830} INFO - Processing file /home/airflow/.local/lib/python3.12/site-packages/airflow/example_dags/example_skip_dag.py for tasks to queue
[2025-08-17T01:18:13.131+0000] {logging_mixin.py:188} INFO - [2025-08-17T01:18:13.130+0000] {dagbag.py:545} INFO - Filling up the DagBag from /home/airflow/.local/lib/python3.12/site-packages/airflow/example_dags/example_skip_dag.py
[2025-08-17T01:18:13.140+0000] {processor.py:840} INFO - DAG(s) 'example_skip_dag' retrieved from /home/airflow/.local/lib/python3.12/site-packages/airflow/example_dags/example_skip_dag.py
[2025-08-17T01:18:13.170+0000] {logging_mixin.py:188} INFO - [2025-08-17T01:18:13.169+0000] {dag.py:3089} INFO - Sync 1 DAGs
[2025-08-17T01:18:13.194+0000] {logging_mixin.py:188} INFO - [2025-08-17T01:18:13.194+0000] {dag.py:3947} INFO - Setting next_dagrun for example_skip_dag to 2025-08-16 00:00:00+00:00, run_after=2025-08-17 00:00:00+00:00
[2025-08-17T01:18:13.226+0000] {processor.py:183} INFO - Processing /home/airflow/.local/lib/python3.12/site-packages/airflow/example_dags/example_skip_dag.py took 0.105 seconds
[2025-08-17T01:18:43.885+0000] {processor.py:161} INFO - Started process (PID=226) to work on /home/airflow/.local/lib/python3.12/site-packages/airflow/example_dags/example_skip_dag.py
[2025-08-17T01:18:43.886+0000] {processor.py:830} INFO - Processing file /home/airflow/.local/lib/python3.12/site-packages/airflow/example_dags/example_skip_dag.py for tasks to queue
[2025-08-17T01:18:43.888+0000] {logging_mixin.py:188} INFO - [2025-08-17T01:18:43.888+0000] {dagbag.py:545} INFO - Filling up the DagBag from /home/airflow/.local/lib/python3.12/site-packages/airflow/example_dags/example_skip_dag.py
[2025-08-17T01:18:43.895+0000] {processor.py:840} INFO - DAG(s) 'example_skip_dag' retrieved from /home/airflow/.local/lib/python3.12/site-packages/airflow/example_dags/example_skip_dag.py
[2025-08-17T01:18:43.919+0000] {logging_mixin.py:188} INFO - [2025-08-17T01:18:43.919+0000] {dag.py:3089} INFO - Sync 1 DAGs
[2025-08-17T01:18:43.941+0000] {logging_mixin.py:188} INFO - [2025-08-17T01:18:43.940+0000] {dag.py:3947} INFO - Setting next_dagrun for example_skip_dag to 2025-08-16 00:00:00+00:00, run_after=2025-08-17 00:00:00+00:00
[2025-08-17T01:18:43.960+0000] {processor.py:183} INFO - Processing /home/airflow/.local/lib/python3.12/site-packages/airflow/example_dags/example_skip_dag.py took 0.082 seconds
[2025-08-17T01:19:14.102+0000] {processor.py:161} INFO - Started process (PID=285) to work on /home/airflow/.local/lib/python3.12/site-packages/airflow/example_dags/example_skip_dag.py
[2025-08-17T01:19:14.104+0000] {processor.py:830} INFO - Processing file /home/airflow/.local/lib/python3.12/site-packages/airflow/example_dags/example_skip_dag.py for tasks to queue
[2025-08-17T01:19:14.107+0000] {logging_mixin.py:188} INFO - [2025-08-17T01:19:14.107+0000] {dagbag.py:545} INFO - Filling up the DagBag from /home/airflow/.local/lib/python3.12/site-packages/airflow/example_dags/example_skip_dag.py
[2025-08-17T01:19:14.116+0000] {processor.py:840} INFO - DAG(s) 'example_skip_dag' retrieved from /home/airflow/.local/lib/python3.12/site-packages/airflow/example_dags/example_skip_dag.py
[2025-08-17T01:19:14.141+0000] {logging_mixin.py:188} INFO - [2025-08-17T01:19:14.141+0000] {dag.py:3089} INFO - Sync 1 DAGs
[2025-08-17T01:19:14.166+0000] {logging_mixin.py:188} INFO - [2025-08-17T01:19:14.165+0000] {dag.py:3947} INFO - Setting next_dagrun for example_skip_dag to 2025-08-16 00:00:00+00:00, run_after=2025-08-17 00:00:00+00:00
[2025-08-17T01:19:14.184+0000] {processor.py:183} INFO - Processing /home/airflow/.local/lib/python3.12/site-packages/airflow/example_dags/example_skip_dag.py took 0.088 seconds
[2025-08-17T01:19:44.297+0000] {processor.py:161} INFO - Started process (PID=344) to work on /home/airflow/.local/lib/python3.12/site-packages/airflow/example_dags/example_skip_dag.py
[2025-08-17T01:19:44.298+0000] {processor.py:830} INFO - Processing file /home/airflow/.local/lib/python3.12/site-packages/airflow/example_dags/example_skip_dag.py for tasks to queue
[2025-08-17T01:19:44.300+0000] {logging_mixin.py:188} INFO - [2025-08-17T01:19:44.300+0000] {dagbag.py:545} INFO - Filling up the DagBag from /home/airflow/.local/lib/python3.12/site-packages/airflow/example_dags/example_skip_dag.py
[2025-08-17T01:19:44.307+0000] {processor.py:840} INFO - DAG(s) 'example_skip_dag' retrieved from /home/airflow/.local/lib/python3.12/site-packages/airflow/example_dags/example_skip_dag.py
[2025-08-17T01:19:44.331+0000] {logging_mixin.py:188} INFO - [2025-08-17T01:19:44.331+0000] {dag.py:3089} INFO - Sync 1 DAGs
[2025-08-17T01:19:44.352+0000] {logging_mixin.py:188} INFO - [2025-08-17T01:19:44.352+0000] {dag.py:3947} INFO - Setting next_dagrun for example_skip_dag to 2025-08-16 00:00:00+00:00, run_after=2025-08-17 00:00:00+00:00
[2025-08-17T01:19:44.372+0000] {processor.py:183} INFO - Processing /home/airflow/.local/lib/python3.12/site-packages/airflow/example_dags/example_skip_dag.py took 0.081 seconds
[2025-08-17T01:20:14.623+0000] {processor.py:161} INFO - Started process (PID=404) to work on /home/airflow/.local/lib/python3.12/site-packages/airflow/example_dags/example_skip_dag.py
[2025-08-17T01:20:14.624+0000] {processor.py:830} INFO - Processing file /home/airflow/.local/lib/python3.12/site-packages/airflow/example_dags/example_skip_dag.py for tasks to queue
[2025-08-17T01:20:14.626+0000] {logging_mixin.py:188} INFO - [2025-08-17T01:20:14.626+0000] {dagbag.py:545} INFO - Filling up the DagBag from /home/airflow/.local/lib/python3.12/site-packages/airflow/example_dags/example_skip_dag.py
[2025-08-17T01:20:14.634+0000] {processor.py:840} INFO - DAG(s) 'example_skip_dag' retrieved from /home/airflow/.local/lib/python3.12/site-packages/airflow/example_dags/example_skip_dag.py
[2025-08-17T01:20:14.660+0000] {logging_mixin.py:188} INFO - [2025-08-17T01:20:14.659+0000] {dag.py:3089} INFO - Sync 1 DAGs
[2025-08-17T01:20:14.685+0000] {logging_mixin.py:188} INFO - [2025-08-17T01:20:14.684+0000] {dag.py:3947} INFO - Setting next_dagrun for example_skip_dag to 2025-08-16 00:00:00+00:00, run_after=2025-08-17 00:00:00+00:00
[2025-08-17T01:20:14.707+0000] {processor.py:183} INFO - Processing /home/airflow/.local/lib/python3.12/site-packages/airflow/example_dags/example_skip_dag.py took 0.091 seconds
[2025-08-17T01:20:44.750+0000] {processor.py:161} INFO - Started process (PID=464) to work on /home/airflow/.local/lib/python3.12/site-packages/airflow/example_dags/example_skip_dag.py
[2025-08-17T01:20:44.752+0000] {processor.py:830} INFO - Processing file /home/airflow/.local/lib/python3.12/site-packages/airflow/example_dags/example_skip_dag.py for tasks to queue
[2025-08-17T01:20:44.755+0000] {logging_mixin.py:188} INFO - [2025-08-17T01:20:44.754+0000] {dagbag.py:545} INFO - Filling up the DagBag from /home/airflow/.local/lib/python3.12/site-packages/airflow/example_dags/example_skip_dag.py
[2025-08-17T01:20:44.761+0000] {processor.py:840} INFO - DAG(s) 'example_skip_dag' retrieved from /home/airflow/.local/lib/python3.12/site-packages/airflow/example_dags/example_skip_dag.py
[2025-08-17T01:20:44.785+0000] {logging_mixin.py:188} INFO - [2025-08-17T01:20:44.784+0000] {dag.py:3089} INFO - Sync 1 DAGs
[2025-08-17T01:20:44.807+0000] {logging_mixin.py:188} INFO - [2025-08-17T01:20:44.807+0000] {dag.py:3947} INFO - Setting next_dagrun for example_skip_dag to 2025-08-16 00:00:00+00:00, run_after=2025-08-17 00:00:00+00:00
[2025-08-17T01:20:44.826+0000] {processor.py:183} INFO - Processing /home/airflow/.local/lib/python3.12/site-packages/airflow/example_dags/example_skip_dag.py took 0.081 seconds
[2025-08-17T01:21:15.397+0000] {processor.py:161} INFO - Started process (PID=523) to work on /home/airflow/.local/lib/python3.12/site-packages/airflow/example_dags/example_skip_dag.py
[2025-08-17T01:21:15.398+0000] {processor.py:830} INFO - Processing file /home/airflow/.local/lib/python3.12/site-packages/airflow/example_dags/example_skip_dag.py for tasks to queue
[2025-08-17T01:21:15.400+0000] {logging_mixin.py:188} INFO - [2025-08-17T01:21:15.399+0000] {dagbag.py:545} INFO - Filling up the DagBag from /home/airflow/.local/lib/python3.12/site-packages/airflow/example_dags/example_skip_dag.py
[2025-08-17T01:21:15.406+0000] {processor.py:840} INFO - DAG(s) 'example_skip_dag' retrieved from /home/airflow/.local/lib/python3.12/site-packages/airflow/example_dags/example_skip_dag.py
[2025-08-17T01:21:15.430+0000] {logging_mixin.py:188} INFO - [2025-08-17T01:21:15.429+0000] {dag.py:3089} INFO - Sync 1 DAGs
[2025-08-17T01:21:15.452+0000] {logging_mixin.py:188} INFO - [2025-08-17T01:21:15.452+0000] {dag.py:3947} INFO - Setting next_dagrun for example_skip_dag to 2025-08-16 00:00:00+00:00, run_after=2025-08-17 00:00:00+00:00
[2025-08-17T01:21:15.474+0000] {processor.py:183} INFO - Processing /home/airflow/.local/lib/python3.12/site-packages/airflow/example_dags/example_skip_dag.py took 0.083 seconds
[2025-08-17T01:21:45.773+0000] {processor.py:161} INFO - Started process (PID=582) to work on /home/airflow/.local/lib/python3.12/site-packages/airflow/example_dags/example_skip_dag.py
[2025-08-17T01:21:45.774+0000] {processor.py:830} INFO - Processing file /home/airflow/.local/lib/python3.12/site-packages/airflow/example_dags/example_skip_dag.py for tasks to queue
[2025-08-17T01:21:45.777+0000] {logging_mixin.py:188} INFO - [2025-08-17T01:21:45.777+0000] {dagbag.py:545} INFO - Filling up the DagBag from /home/airflow/.local/lib/python3.12/site-packages/airflow/example_dags/example_skip_dag.py
[2025-08-17T01:21:45.784+0000] {processor.py:840} INFO - DAG(s) 'example_skip_dag' retrieved from /home/airflow/.local/lib/python3.12/site-packages/airflow/example_dags/example_skip_dag.py
[2025-08-17T01:21:45.807+0000] {logging_mixin.py:188} INFO - [2025-08-17T01:21:45.807+0000] {dag.py:3089} INFO - Sync 1 DAGs
[2025-08-17T01:21:45.830+0000] {logging_mixin.py:188} INFO - [2025-08-17T01:21:45.829+0000] {dag.py:3947} INFO - Setting next_dagrun for example_skip_dag to 2025-08-16 00:00:00+00:00, run_after=2025-08-17 00:00:00+00:00
[2025-08-17T01:21:45.848+0000] {processor.py:183} INFO - Processing /home/airflow/.local/lib/python3.12/site-packages/airflow/example_dags/example_skip_dag.py took 0.081 seconds
[2025-08-17T01:22:16.260+0000] {processor.py:161} INFO - Started process (PID=641) to work on /home/airflow/.local/lib/python3.12/site-packages/airflow/example_dags/example_skip_dag.py
[2025-08-17T01:22:16.261+0000] {processor.py:830} INFO - Processing file /home/airflow/.local/lib/python3.12/site-packages/airflow/example_dags/example_skip_dag.py for tasks to queue
[2025-08-17T01:22:16.264+0000] {logging_mixin.py:188} INFO - [2025-08-17T01:22:16.263+0000] {dagbag.py:545} INFO - Filling up the DagBag from /home/airflow/.local/lib/python3.12/site-packages/airflow/example_dags/example_skip_dag.py
[2025-08-17T01:22:16.270+0000] {processor.py:840} INFO - DAG(s) 'example_skip_dag' retrieved from /home/airflow/.local/lib/python3.12/site-packages/airflow/example_dags/example_skip_dag.py
[2025-08-17T01:22:16.295+0000] {logging_mixin.py:188} INFO - [2025-08-17T01:22:16.295+0000] {dag.py:3089} INFO - Sync 1 DAGs
[2025-08-17T01:22:16.318+0000] {logging_mixin.py:188} INFO - [2025-08-17T01:22:16.318+0000] {dag.py:3947} INFO - Setting next_dagrun for example_skip_dag to 2025-08-16 00:00:00+00:00, run_after=2025-08-17 00:00:00+00:00
[2025-08-17T01:22:16.337+0000] {processor.py:183} INFO - Processing /home/airflow/.local/lib/python3.12/site-packages/airflow/example_dags/example_skip_dag.py took 0.083 seconds
[2025-08-17T01:22:46.390+0000] {processor.py:161} INFO - Started process (PID=700) to work on /home/airflow/.local/lib/python3.12/site-packages/airflow/example_dags/example_skip_dag.py
[2025-08-17T01:22:46.392+0000] {processor.py:830} INFO - Processing file /home/airflow/.local/lib/python3.12/site-packages/airflow/example_dags/example_skip_dag.py for tasks to queue
[2025-08-17T01:22:46.394+0000] {logging_mixin.py:188} INFO - [2025-08-17T01:22:46.393+0000] {dagbag.py:545} INFO - Filling up the DagBag from /home/airflow/.local/lib/python3.12/site-packages/airflow/example_dags/example_skip_dag.py
[2025-08-17T01:22:46.400+0000] {processor.py:840} INFO - DAG(s) 'example_skip_dag' retrieved from /home/airflow/.local/lib/python3.12/site-packages/airflow/example_dags/example_skip_dag.py
[2025-08-17T01:22:46.423+0000] {logging_mixin.py:188} INFO - [2025-08-17T01:22:46.423+0000] {dag.py:3089} INFO - Sync 1 DAGs
[2025-08-17T01:22:46.443+0000] {logging_mixin.py:188} INFO - [2025-08-17T01:22:46.442+0000] {dag.py:3947} INFO - Setting next_dagrun for example_skip_dag to 2025-08-16 00:00:00+00:00, run_after=2025-08-17 00:00:00+00:00
[2025-08-17T01:22:46.459+0000] {processor.py:183} INFO - Processing /home/airflow/.local/lib/python3.12/site-packages/airflow/example_dags/example_skip_dag.py took 0.074 seconds
[2025-08-17T01:23:16.874+0000] {processor.py:161} INFO - Started process (PID=759) to work on /home/airflow/.local/lib/python3.12/site-packages/airflow/example_dags/example_skip_dag.py
[2025-08-17T01:23:16.875+0000] {processor.py:830} INFO - Processing file /home/airflow/.local/lib/python3.12/site-packages/airflow/example_dags/example_skip_dag.py for tasks to queue
[2025-08-17T01:23:16.878+0000] {logging_mixin.py:188} INFO - [2025-08-17T01:23:16.878+0000] {dagbag.py:545} INFO - Filling up the DagBag from /home/airflow/.local/lib/python3.12/site-packages/airflow/example_dags/example_skip_dag.py
[2025-08-17T01:23:16.889+0000] {processor.py:840} INFO - DAG(s) 'example_skip_dag' retrieved from /home/airflow/.local/lib/python3.12/site-packages/airflow/example_dags/example_skip_dag.py
[2025-08-17T01:23:16.918+0000] {logging_mixin.py:188} INFO - [2025-08-17T01:23:16.917+0000] {dag.py:3089} INFO - Sync 1 DAGs
[2025-08-17T01:23:16.942+0000] {logging_mixin.py:188} INFO - [2025-08-17T01:23:16.942+0000] {dag.py:3947} INFO - Setting next_dagrun for example_skip_dag to 2025-08-16 00:00:00+00:00, run_after=2025-08-17 00:00:00+00:00
[2025-08-17T01:23:16.964+0000] {processor.py:183} INFO - Processing /home/airflow/.local/lib/python3.12/site-packages/airflow/example_dags/example_skip_dag.py took 0.099 seconds
[2025-08-17T01:23:47.470+0000] {processor.py:161} INFO - Started process (PID=818) to work on /home/airflow/.local/lib/python3.12/site-packages/airflow/example_dags/example_skip_dag.py
[2025-08-17T01:23:47.472+0000] {processor.py:830} INFO - Processing file /home/airflow/.local/lib/python3.12/site-packages/airflow/example_dags/example_skip_dag.py for tasks to queue
[2025-08-17T01:23:47.475+0000] {logging_mixin.py:188} INFO - [2025-08-17T01:23:47.474+0000] {dagbag.py:545} INFO - Filling up the DagBag from /home/airflow/.local/lib/python3.12/site-packages/airflow/example_dags/example_skip_dag.py
[2025-08-17T01:23:47.482+0000] {processor.py:840} INFO - DAG(s) 'example_skip_dag' retrieved from /home/airflow/.local/lib/python3.12/site-packages/airflow/example_dags/example_skip_dag.py
[2025-08-17T01:23:47.505+0000] {logging_mixin.py:188} INFO - [2025-08-17T01:23:47.505+0000] {dag.py:3089} INFO - Sync 1 DAGs
[2025-08-17T01:23:47.526+0000] {logging_mixin.py:188} INFO - [2025-08-17T01:23:47.526+0000] {dag.py:3947} INFO - Setting next_dagrun for example_skip_dag to 2025-08-16 00:00:00+00:00, run_after=2025-08-17 00:00:00+00:00
[2025-08-17T01:23:47.548+0000] {processor.py:183} INFO - Processing /home/airflow/.local/lib/python3.12/site-packages/airflow/example_dags/example_skip_dag.py took 0.083 seconds
[2025-08-17T01:24:18.099+0000] {processor.py:161} INFO - Started process (PID=877) to work on /home/airflow/.local/lib/python3.12/site-packages/airflow/example_dags/example_skip_dag.py
[2025-08-17T01:24:18.100+0000] {processor.py:830} INFO - Processing file /home/airflow/.local/lib/python3.12/site-packages/airflow/example_dags/example_skip_dag.py for tasks to queue
[2025-08-17T01:24:18.103+0000] {logging_mixin.py:188} INFO - [2025-08-17T01:24:18.102+0000] {dagbag.py:545} INFO - Filling up the DagBag from /home/airflow/.local/lib/python3.12/site-packages/airflow/example_dags/example_skip_dag.py
[2025-08-17T01:24:18.110+0000] {processor.py:840} INFO - DAG(s) 'example_skip_dag' retrieved from /home/airflow/.local/lib/python3.12/site-packages/airflow/example_dags/example_skip_dag.py
[2025-08-17T01:24:18.140+0000] {logging_mixin.py:188} INFO - [2025-08-17T01:24:18.140+0000] {dag.py:3089} INFO - Sync 1 DAGs
[2025-08-17T01:24:18.180+0000] {logging_mixin.py:188} INFO - [2025-08-17T01:24:18.179+0000] {dag.py:3947} INFO - Setting next_dagrun for example_skip_dag to 2025-08-16 00:00:00+00:00, run_after=2025-08-17 00:00:00+00:00
[2025-08-17T01:24:18.220+0000] {processor.py:183} INFO - Processing /home/airflow/.local/lib/python3.12/site-packages/airflow/example_dags/example_skip_dag.py took 0.128 seconds
[2025-08-17T01:24:48.414+0000] {processor.py:161} INFO - Started process (PID=936) to work on /home/airflow/.local/lib/python3.12/site-packages/airflow/example_dags/example_skip_dag.py
[2025-08-17T01:24:48.415+0000] {processor.py:830} INFO - Processing file /home/airflow/.local/lib/python3.12/site-packages/airflow/example_dags/example_skip_dag.py for tasks to queue
[2025-08-17T01:24:48.417+0000] {logging_mixin.py:188} INFO - [2025-08-17T01:24:48.417+0000] {dagbag.py:545} INFO - Filling up the DagBag from /home/airflow/.local/lib/python3.12/site-packages/airflow/example_dags/example_skip_dag.py
[2025-08-17T01:24:48.423+0000] {processor.py:840} INFO - DAG(s) 'example_skip_dag' retrieved from /home/airflow/.local/lib/python3.12/site-packages/airflow/example_dags/example_skip_dag.py
[2025-08-17T01:24:48.448+0000] {logging_mixin.py:188} INFO - [2025-08-17T01:24:48.447+0000] {dag.py:3089} INFO - Sync 1 DAGs
[2025-08-17T01:24:48.468+0000] {logging_mixin.py:188} INFO - [2025-08-17T01:24:48.468+0000] {dag.py:3947} INFO - Setting next_dagrun for example_skip_dag to 2025-08-16 00:00:00+00:00, run_after=2025-08-17 00:00:00+00:00
[2025-08-17T01:24:48.489+0000] {processor.py:183} INFO - Processing /home/airflow/.local/lib/python3.12/site-packages/airflow/example_dags/example_skip_dag.py took 0.081 seconds
[2025-08-17T01:25:18.972+0000] {processor.py:161} INFO - Started process (PID=995) to work on /home/airflow/.local/lib/python3.12/site-packages/airflow/example_dags/example_skip_dag.py
[2025-08-17T01:25:18.974+0000] {processor.py:830} INFO - Processing file /home/airflow/.local/lib/python3.12/site-packages/airflow/example_dags/example_skip_dag.py for tasks to queue
[2025-08-17T01:25:18.977+0000] {logging_mixin.py:188} INFO - [2025-08-17T01:25:18.977+0000] {dagbag.py:545} INFO - Filling up the DagBag from /home/airflow/.local/lib/python3.12/site-packages/airflow/example_dags/example_skip_dag.py
[2025-08-17T01:25:18.985+0000] {processor.py:840} INFO - DAG(s) 'example_skip_dag' retrieved from /home/airflow/.local/lib/python3.12/site-packages/airflow/example_dags/example_skip_dag.py
[2025-08-17T01:25:19.015+0000] {logging_mixin.py:188} INFO - [2025-08-17T01:25:19.014+0000] {dag.py:3089} INFO - Sync 1 DAGs
[2025-08-17T01:25:19.045+0000] {logging_mixin.py:188} INFO - [2025-08-17T01:25:19.045+0000] {dag.py:3947} INFO - Setting next_dagrun for example_skip_dag to 2025-08-16 00:00:00+00:00, run_after=2025-08-17 00:00:00+00:00
[2025-08-17T01:25:19.077+0000] {processor.py:183} INFO - Processing /home/airflow/.local/lib/python3.12/site-packages/airflow/example_dags/example_skip_dag.py took 0.111 seconds
[2025-08-17T01:26:44.405+0000] {processor.py:161} INFO - Started process (PID=108) to work on /home/airflow/.local/lib/python3.12/site-packages/airflow/example_dags/example_skip_dag.py
[2025-08-17T01:26:44.407+0000] {processor.py:830} INFO - Processing file /home/airflow/.local/lib/python3.12/site-packages/airflow/example_dags/example_skip_dag.py for tasks to queue
[2025-08-17T01:26:44.409+0000] {logging_mixin.py:188} INFO - [2025-08-17T01:26:44.409+0000] {dagbag.py:545} INFO - Filling up the DagBag from /home/airflow/.local/lib/python3.12/site-packages/airflow/example_dags/example_skip_dag.py
[2025-08-17T01:26:44.421+0000] {processor.py:840} INFO - DAG(s) 'example_skip_dag' retrieved from /home/airflow/.local/lib/python3.12/site-packages/airflow/example_dags/example_skip_dag.py
[2025-08-17T01:26:44.552+0000] {logging_mixin.py:188} INFO - [2025-08-17T01:26:44.551+0000] {dag.py:3089} INFO - Sync 1 DAGs
[2025-08-17T01:26:44.574+0000] {logging_mixin.py:188} INFO - [2025-08-17T01:26:44.574+0000] {dag.py:3947} INFO - Setting next_dagrun for example_skip_dag to 2025-08-16 00:00:00+00:00, run_after=2025-08-17 00:00:00+00:00
[2025-08-17T01:26:44.599+0000] {processor.py:183} INFO - Processing /home/airflow/.local/lib/python3.12/site-packages/airflow/example_dags/example_skip_dag.py took 0.203 seconds
[2025-08-17T01:27:14.723+0000] {processor.py:161} INFO - Started process (PID=167) to work on /home/airflow/.local/lib/python3.12/site-packages/airflow/example_dags/example_skip_dag.py
[2025-08-17T01:27:14.725+0000] {processor.py:830} INFO - Processing file /home/airflow/.local/lib/python3.12/site-packages/airflow/example_dags/example_skip_dag.py for tasks to queue
[2025-08-17T01:27:14.728+0000] {logging_mixin.py:188} INFO - [2025-08-17T01:27:14.727+0000] {dagbag.py:545} INFO - Filling up the DagBag from /home/airflow/.local/lib/python3.12/site-packages/airflow/example_dags/example_skip_dag.py
[2025-08-17T01:27:14.738+0000] {processor.py:840} INFO - DAG(s) 'example_skip_dag' retrieved from /home/airflow/.local/lib/python3.12/site-packages/airflow/example_dags/example_skip_dag.py
[2025-08-17T01:27:14.756+0000] {logging_mixin.py:188} INFO - [2025-08-17T01:27:14.756+0000] {dag.py:3089} INFO - Sync 1 DAGs
[2025-08-17T01:27:14.784+0000] {logging_mixin.py:188} INFO - [2025-08-17T01:27:14.784+0000] {dag.py:3947} INFO - Setting next_dagrun for example_skip_dag to 2025-08-16 00:00:00+00:00, run_after=2025-08-17 00:00:00+00:00
[2025-08-17T01:27:14.810+0000] {processor.py:183} INFO - Processing /home/airflow/.local/lib/python3.12/site-packages/airflow/example_dags/example_skip_dag.py took 0.095 seconds
[2025-08-17T01:27:46.021+0000] {processor.py:161} INFO - Started process (PID=227) to work on /home/airflow/.local/lib/python3.12/site-packages/airflow/example_dags/example_skip_dag.py
[2025-08-17T01:27:46.022+0000] {processor.py:830} INFO - Processing file /home/airflow/.local/lib/python3.12/site-packages/airflow/example_dags/example_skip_dag.py for tasks to queue
[2025-08-17T01:27:46.025+0000] {logging_mixin.py:188} INFO - [2025-08-17T01:27:46.025+0000] {dagbag.py:545} INFO - Filling up the DagBag from /home/airflow/.local/lib/python3.12/site-packages/airflow/example_dags/example_skip_dag.py
[2025-08-17T01:27:46.033+0000] {processor.py:840} INFO - DAG(s) 'example_skip_dag' retrieved from /home/airflow/.local/lib/python3.12/site-packages/airflow/example_dags/example_skip_dag.py
[2025-08-17T01:27:46.146+0000] {logging_mixin.py:188} INFO - [2025-08-17T01:27:46.146+0000] {dag.py:3089} INFO - Sync 1 DAGs
[2025-08-17T01:27:46.169+0000] {logging_mixin.py:188} INFO - [2025-08-17T01:27:46.168+0000] {dag.py:3947} INFO - Setting next_dagrun for example_skip_dag to 2025-08-16 00:00:00+00:00, run_after=2025-08-17 00:00:00+00:00
[2025-08-17T01:27:46.191+0000] {processor.py:183} INFO - Processing /home/airflow/.local/lib/python3.12/site-packages/airflow/example_dags/example_skip_dag.py took 0.177 seconds
[2025-08-17T01:28:17.119+0000] {processor.py:161} INFO - Started process (PID=286) to work on /home/airflow/.local/lib/python3.12/site-packages/airflow/example_dags/example_skip_dag.py
[2025-08-17T01:28:17.120+0000] {processor.py:830} INFO - Processing file /home/airflow/.local/lib/python3.12/site-packages/airflow/example_dags/example_skip_dag.py for tasks to queue
[2025-08-17T01:28:17.123+0000] {logging_mixin.py:188} INFO - [2025-08-17T01:28:17.123+0000] {dagbag.py:545} INFO - Filling up the DagBag from /home/airflow/.local/lib/python3.12/site-packages/airflow/example_dags/example_skip_dag.py
[2025-08-17T01:28:17.130+0000] {processor.py:840} INFO - DAG(s) 'example_skip_dag' retrieved from /home/airflow/.local/lib/python3.12/site-packages/airflow/example_dags/example_skip_dag.py
[2025-08-17T01:28:17.156+0000] {logging_mixin.py:188} INFO - [2025-08-17T01:28:17.155+0000] {dag.py:3089} INFO - Sync 1 DAGs
[2025-08-17T01:28:17.180+0000] {logging_mixin.py:188} INFO - [2025-08-17T01:28:17.180+0000] {dag.py:3947} INFO - Setting next_dagrun for example_skip_dag to 2025-08-16 00:00:00+00:00, run_after=2025-08-17 00:00:00+00:00
[2025-08-17T01:28:17.204+0000] {processor.py:183} INFO - Processing /home/airflow/.local/lib/python3.12/site-packages/airflow/example_dags/example_skip_dag.py took 0.091 seconds
[2025-08-17T01:28:47.335+0000] {processor.py:161} INFO - Started process (PID=345) to work on /home/airflow/.local/lib/python3.12/site-packages/airflow/example_dags/example_skip_dag.py
[2025-08-17T01:28:47.336+0000] {processor.py:830} INFO - Processing file /home/airflow/.local/lib/python3.12/site-packages/airflow/example_dags/example_skip_dag.py for tasks to queue
[2025-08-17T01:28:47.339+0000] {logging_mixin.py:188} INFO - [2025-08-17T01:28:47.339+0000] {dagbag.py:545} INFO - Filling up the DagBag from /home/airflow/.local/lib/python3.12/site-packages/airflow/example_dags/example_skip_dag.py
[2025-08-17T01:28:47.347+0000] {processor.py:840} INFO - DAG(s) 'example_skip_dag' retrieved from /home/airflow/.local/lib/python3.12/site-packages/airflow/example_dags/example_skip_dag.py
[2025-08-17T01:28:47.377+0000] {logging_mixin.py:188} INFO - [2025-08-17T01:28:47.376+0000] {dag.py:3089} INFO - Sync 1 DAGs
[2025-08-17T01:28:47.403+0000] {logging_mixin.py:188} INFO - [2025-08-17T01:28:47.403+0000] {dag.py:3947} INFO - Setting next_dagrun for example_skip_dag to 2025-08-16 00:00:00+00:00, run_after=2025-08-17 00:00:00+00:00
[2025-08-17T01:28:47.432+0000] {processor.py:183} INFO - Processing /home/airflow/.local/lib/python3.12/site-packages/airflow/example_dags/example_skip_dag.py took 0.104 seconds
[2025-08-17T01:29:18.223+0000] {processor.py:161} INFO - Started process (PID=405) to work on /home/airflow/.local/lib/python3.12/site-packages/airflow/example_dags/example_skip_dag.py
[2025-08-17T01:29:18.224+0000] {processor.py:830} INFO - Processing file /home/airflow/.local/lib/python3.12/site-packages/airflow/example_dags/example_skip_dag.py for tasks to queue
[2025-08-17T01:29:18.227+0000] {logging_mixin.py:188} INFO - [2025-08-17T01:29:18.227+0000] {dagbag.py:545} INFO - Filling up the DagBag from /home/airflow/.local/lib/python3.12/site-packages/airflow/example_dags/example_skip_dag.py
[2025-08-17T01:29:18.235+0000] {processor.py:840} INFO - DAG(s) 'example_skip_dag' retrieved from /home/airflow/.local/lib/python3.12/site-packages/airflow/example_dags/example_skip_dag.py
[2025-08-17T01:29:18.264+0000] {logging_mixin.py:188} INFO - [2025-08-17T01:29:18.264+0000] {dag.py:3089} INFO - Sync 1 DAGs
[2025-08-17T01:29:18.289+0000] {logging_mixin.py:188} INFO - [2025-08-17T01:29:18.289+0000] {dag.py:3947} INFO - Setting next_dagrun for example_skip_dag to 2025-08-16 00:00:00+00:00, run_after=2025-08-17 00:00:00+00:00
[2025-08-17T01:29:18.314+0000] {processor.py:183} INFO - Processing /home/airflow/.local/lib/python3.12/site-packages/airflow/example_dags/example_skip_dag.py took 0.097 seconds
[2025-08-17T01:29:49.207+0000] {processor.py:161} INFO - Started process (PID=464) to work on /home/airflow/.local/lib/python3.12/site-packages/airflow/example_dags/example_skip_dag.py
[2025-08-17T01:29:49.208+0000] {processor.py:830} INFO - Processing file /home/airflow/.local/lib/python3.12/site-packages/airflow/example_dags/example_skip_dag.py for tasks to queue
[2025-08-17T01:29:49.211+0000] {logging_mixin.py:188} INFO - [2025-08-17T01:29:49.210+0000] {dagbag.py:545} INFO - Filling up the DagBag from /home/airflow/.local/lib/python3.12/site-packages/airflow/example_dags/example_skip_dag.py
[2025-08-17T01:29:49.220+0000] {processor.py:840} INFO - DAG(s) 'example_skip_dag' retrieved from /home/airflow/.local/lib/python3.12/site-packages/airflow/example_dags/example_skip_dag.py
[2025-08-17T01:29:49.248+0000] {logging_mixin.py:188} INFO - [2025-08-17T01:29:49.248+0000] {dag.py:3089} INFO - Sync 1 DAGs
[2025-08-17T01:29:49.274+0000] {logging_mixin.py:188} INFO - [2025-08-17T01:29:49.274+0000] {dag.py:3947} INFO - Setting next_dagrun for example_skip_dag to 2025-08-16 00:00:00+00:00, run_after=2025-08-17 00:00:00+00:00
[2025-08-17T01:29:49.302+0000] {processor.py:183} INFO - Processing /home/airflow/.local/lib/python3.12/site-packages/airflow/example_dags/example_skip_dag.py took 0.104 seconds
[2025-08-17T01:30:19.816+0000] {processor.py:161} INFO - Started process (PID=523) to work on /home/airflow/.local/lib/python3.12/site-packages/airflow/example_dags/example_skip_dag.py
[2025-08-17T01:30:19.818+0000] {processor.py:830} INFO - Processing file /home/airflow/.local/lib/python3.12/site-packages/airflow/example_dags/example_skip_dag.py for tasks to queue
[2025-08-17T01:30:19.820+0000] {logging_mixin.py:188} INFO - [2025-08-17T01:30:19.819+0000] {dagbag.py:545} INFO - Filling up the DagBag from /home/airflow/.local/lib/python3.12/site-packages/airflow/example_dags/example_skip_dag.py
[2025-08-17T01:30:19.826+0000] {processor.py:840} INFO - DAG(s) 'example_skip_dag' retrieved from /home/airflow/.local/lib/python3.12/site-packages/airflow/example_dags/example_skip_dag.py
[2025-08-17T01:30:19.853+0000] {logging_mixin.py:188} INFO - [2025-08-17T01:30:19.852+0000] {dag.py:3089} INFO - Sync 1 DAGs
[2025-08-17T01:30:19.879+0000] {logging_mixin.py:188} INFO - [2025-08-17T01:30:19.879+0000] {dag.py:3947} INFO - Setting next_dagrun for example_skip_dag to 2025-08-16 00:00:00+00:00, run_after=2025-08-17 00:00:00+00:00
[2025-08-17T01:30:19.899+0000] {processor.py:183} INFO - Processing /home/airflow/.local/lib/python3.12/site-packages/airflow/example_dags/example_skip_dag.py took 0.089 seconds
[2025-08-17T01:30:50.228+0000] {processor.py:161} INFO - Started process (PID=582) to work on /home/airflow/.local/lib/python3.12/site-packages/airflow/example_dags/example_skip_dag.py
[2025-08-17T01:30:50.229+0000] {processor.py:830} INFO - Processing file /home/airflow/.local/lib/python3.12/site-packages/airflow/example_dags/example_skip_dag.py for tasks to queue
[2025-08-17T01:30:50.232+0000] {logging_mixin.py:188} INFO - [2025-08-17T01:30:50.231+0000] {dagbag.py:545} INFO - Filling up the DagBag from /home/airflow/.local/lib/python3.12/site-packages/airflow/example_dags/example_skip_dag.py
[2025-08-17T01:30:50.239+0000] {processor.py:840} INFO - DAG(s) 'example_skip_dag' retrieved from /home/airflow/.local/lib/python3.12/site-packages/airflow/example_dags/example_skip_dag.py
[2025-08-17T01:30:50.264+0000] {logging_mixin.py:188} INFO - [2025-08-17T01:30:50.264+0000] {dag.py:3089} INFO - Sync 1 DAGs
[2025-08-17T01:30:50.288+0000] {logging_mixin.py:188} INFO - [2025-08-17T01:30:50.288+0000] {dag.py:3947} INFO - Setting next_dagrun for example_skip_dag to 2025-08-16 00:00:00+00:00, run_after=2025-08-17 00:00:00+00:00
[2025-08-17T01:30:50.312+0000] {processor.py:183} INFO - Processing /home/airflow/.local/lib/python3.12/site-packages/airflow/example_dags/example_skip_dag.py took 0.090 seconds
[2025-08-17T01:31:20.678+0000] {processor.py:161} INFO - Started process (PID=641) to work on /home/airflow/.local/lib/python3.12/site-packages/airflow/example_dags/example_skip_dag.py
[2025-08-17T01:31:20.679+0000] {processor.py:830} INFO - Processing file /home/airflow/.local/lib/python3.12/site-packages/airflow/example_dags/example_skip_dag.py for tasks to queue
[2025-08-17T01:31:20.682+0000] {logging_mixin.py:188} INFO - [2025-08-17T01:31:20.681+0000] {dagbag.py:545} INFO - Filling up the DagBag from /home/airflow/.local/lib/python3.12/site-packages/airflow/example_dags/example_skip_dag.py
[2025-08-17T01:31:20.690+0000] {processor.py:840} INFO - DAG(s) 'example_skip_dag' retrieved from /home/airflow/.local/lib/python3.12/site-packages/airflow/example_dags/example_skip_dag.py
[2025-08-17T01:31:20.715+0000] {logging_mixin.py:188} INFO - [2025-08-17T01:31:20.714+0000] {dag.py:3089} INFO - Sync 1 DAGs
[2025-08-17T01:31:20.739+0000] {logging_mixin.py:188} INFO - [2025-08-17T01:31:20.739+0000] {dag.py:3947} INFO - Setting next_dagrun for example_skip_dag to 2025-08-16 00:00:00+00:00, run_after=2025-08-17 00:00:00+00:00
[2025-08-17T01:31:20.762+0000] {processor.py:183} INFO - Processing /home/airflow/.local/lib/python3.12/site-packages/airflow/example_dags/example_skip_dag.py took 0.092 seconds
[2025-08-17T01:31:51.532+0000] {processor.py:161} INFO - Started process (PID=703) to work on /home/airflow/.local/lib/python3.12/site-packages/airflow/example_dags/example_skip_dag.py
[2025-08-17T01:31:51.533+0000] {processor.py:830} INFO - Processing file /home/airflow/.local/lib/python3.12/site-packages/airflow/example_dags/example_skip_dag.py for tasks to queue
[2025-08-17T01:31:51.536+0000] {logging_mixin.py:188} INFO - [2025-08-17T01:31:51.535+0000] {dagbag.py:545} INFO - Filling up the DagBag from /home/airflow/.local/lib/python3.12/site-packages/airflow/example_dags/example_skip_dag.py
[2025-08-17T01:31:51.543+0000] {processor.py:840} INFO - DAG(s) 'example_skip_dag' retrieved from /home/airflow/.local/lib/python3.12/site-packages/airflow/example_dags/example_skip_dag.py
[2025-08-17T01:31:51.569+0000] {logging_mixin.py:188} INFO - [2025-08-17T01:31:51.569+0000] {dag.py:3089} INFO - Sync 1 DAGs
[2025-08-17T01:31:51.592+0000] {logging_mixin.py:188} INFO - [2025-08-17T01:31:51.592+0000] {dag.py:3947} INFO - Setting next_dagrun for example_skip_dag to 2025-08-16 00:00:00+00:00, run_after=2025-08-17 00:00:00+00:00
[2025-08-17T01:31:51.613+0000] {processor.py:183} INFO - Processing /home/airflow/.local/lib/python3.12/site-packages/airflow/example_dags/example_skip_dag.py took 0.089 seconds
