[2025-08-17T00:53:31.191+0000] {processor.py:161} INFO - Started process (PID=66) to work on /home/airflow/.local/lib/python3.12/site-packages/airflow/example_dags/example_python_decorator.py
[2025-08-17T00:53:31.195+0000] {processor.py:830} INFO - Processing file /home/airflow/.local/lib/python3.12/site-packages/airflow/example_dags/example_python_decorator.py for tasks to queue
[2025-08-17T00:53:31.204+0000] {logging_mixin.py:188} INFO - [2025-08-17T00:53:31.202+0000] {dagbag.py:545} INFO - Filling up the DagBag from /home/airflow/.local/lib/python3.12/site-packages/airflow/example_dags/example_python_decorator.py
[2025-08-17T00:53:31.266+0000] {processor.py:840} INFO - DAG(s) 'example_python_decorator' retrieved from /home/airflow/.local/lib/python3.12/site-packages/airflow/example_dags/example_python_decorator.py
[2025-08-17T00:53:31.788+0000] {logging_mixin.py:188} INFO - [2025-08-17T00:53:31.788+0000] {dag.py:3089} INFO - Sync 1 DAGs
[2025-08-17T00:53:31.811+0000] {logging_mixin.py:188} INFO - [2025-08-17T00:53:31.811+0000] {dag.py:3947} INFO - Setting next_dagrun for example_python_decorator to None, run_after=None
[2025-08-17T00:53:31.853+0000] {processor.py:183} INFO - Processing /home/airflow/.local/lib/python3.12/site-packages/airflow/example_dags/example_python_decorator.py took 0.672 seconds
[2025-08-17T00:54:02.605+0000] {processor.py:161} INFO - Started process (PID=125) to work on /home/airflow/.local/lib/python3.12/site-packages/airflow/example_dags/example_python_decorator.py
[2025-08-17T00:54:02.606+0000] {processor.py:830} INFO - Processing file /home/airflow/.local/lib/python3.12/site-packages/airflow/example_dags/example_python_decorator.py for tasks to queue
[2025-08-17T00:54:02.609+0000] {logging_mixin.py:188} INFO - [2025-08-17T00:54:02.608+0000] {dagbag.py:545} INFO - Filling up the DagBag from /home/airflow/.local/lib/python3.12/site-packages/airflow/example_dags/example_python_decorator.py
[2025-08-17T00:54:02.622+0000] {processor.py:840} INFO - DAG(s) 'example_python_decorator' retrieved from /home/airflow/.local/lib/python3.12/site-packages/airflow/example_dags/example_python_decorator.py
[2025-08-17T00:54:02.646+0000] {logging_mixin.py:188} INFO - [2025-08-17T00:54:02.646+0000] {dag.py:3089} INFO - Sync 1 DAGs
[2025-08-17T00:54:02.659+0000] {logging_mixin.py:188} INFO - [2025-08-17T00:54:02.659+0000] {dag.py:3947} INFO - Setting next_dagrun for example_python_decorator to None, run_after=None
[2025-08-17T00:54:02.679+0000] {processor.py:183} INFO - Processing /home/airflow/.local/lib/python3.12/site-packages/airflow/example_dags/example_python_decorator.py took 0.080 seconds
[2025-08-17T00:54:32.989+0000] {processor.py:161} INFO - Started process (PID=183) to work on /home/airflow/.local/lib/python3.12/site-packages/airflow/example_dags/example_python_decorator.py
[2025-08-17T00:54:32.991+0000] {processor.py:830} INFO - Processing file /home/airflow/.local/lib/python3.12/site-packages/airflow/example_dags/example_python_decorator.py for tasks to queue
[2025-08-17T00:54:32.993+0000] {logging_mixin.py:188} INFO - [2025-08-17T00:54:32.992+0000] {dagbag.py:545} INFO - Filling up the DagBag from /home/airflow/.local/lib/python3.12/site-packages/airflow/example_dags/example_python_decorator.py
[2025-08-17T00:54:33.009+0000] {processor.py:840} INFO - DAG(s) 'example_python_decorator' retrieved from /home/airflow/.local/lib/python3.12/site-packages/airflow/example_dags/example_python_decorator.py
[2025-08-17T00:54:33.036+0000] {logging_mixin.py:188} INFO - [2025-08-17T00:54:33.035+0000] {dag.py:3089} INFO - Sync 1 DAGs
[2025-08-17T00:54:33.052+0000] {logging_mixin.py:188} INFO - [2025-08-17T00:54:33.052+0000] {dag.py:3947} INFO - Setting next_dagrun for example_python_decorator to None, run_after=None
[2025-08-17T00:54:33.075+0000] {processor.py:183} INFO - Processing /home/airflow/.local/lib/python3.12/site-packages/airflow/example_dags/example_python_decorator.py took 0.091 seconds
[2025-08-17T00:55:03.367+0000] {processor.py:161} INFO - Started process (PID=241) to work on /home/airflow/.local/lib/python3.12/site-packages/airflow/example_dags/example_python_decorator.py
[2025-08-17T00:55:03.368+0000] {processor.py:830} INFO - Processing file /home/airflow/.local/lib/python3.12/site-packages/airflow/example_dags/example_python_decorator.py for tasks to queue
[2025-08-17T00:55:03.371+0000] {logging_mixin.py:188} INFO - [2025-08-17T00:55:03.371+0000] {dagbag.py:545} INFO - Filling up the DagBag from /home/airflow/.local/lib/python3.12/site-packages/airflow/example_dags/example_python_decorator.py
[2025-08-17T00:55:03.388+0000] {processor.py:840} INFO - DAG(s) 'example_python_decorator' retrieved from /home/airflow/.local/lib/python3.12/site-packages/airflow/example_dags/example_python_decorator.py
[2025-08-17T00:55:03.427+0000] {logging_mixin.py:188} INFO - [2025-08-17T00:55:03.426+0000] {dag.py:3089} INFO - Sync 1 DAGs
[2025-08-17T00:55:03.447+0000] {logging_mixin.py:188} INFO - [2025-08-17T00:55:03.446+0000] {dag.py:3947} INFO - Setting next_dagrun for example_python_decorator to None, run_after=None
[2025-08-17T00:55:03.476+0000] {processor.py:183} INFO - Processing /home/airflow/.local/lib/python3.12/site-packages/airflow/example_dags/example_python_decorator.py took 0.117 seconds
[2025-08-17T00:55:34.256+0000] {processor.py:161} INFO - Started process (PID=306) to work on /home/airflow/.local/lib/python3.12/site-packages/airflow/example_dags/example_python_decorator.py
[2025-08-17T00:55:34.258+0000] {processor.py:830} INFO - Processing file /home/airflow/.local/lib/python3.12/site-packages/airflow/example_dags/example_python_decorator.py for tasks to queue
[2025-08-17T00:55:34.261+0000] {logging_mixin.py:188} INFO - [2025-08-17T00:55:34.261+0000] {dagbag.py:545} INFO - Filling up the DagBag from /home/airflow/.local/lib/python3.12/site-packages/airflow/example_dags/example_python_decorator.py
[2025-08-17T00:55:34.276+0000] {processor.py:840} INFO - DAG(s) 'example_python_decorator' retrieved from /home/airflow/.local/lib/python3.12/site-packages/airflow/example_dags/example_python_decorator.py
[2025-08-17T00:55:34.306+0000] {logging_mixin.py:188} INFO - [2025-08-17T00:55:34.306+0000] {dag.py:3089} INFO - Sync 1 DAGs
[2025-08-17T00:55:34.322+0000] {logging_mixin.py:188} INFO - [2025-08-17T00:55:34.322+0000] {dag.py:3947} INFO - Setting next_dagrun for example_python_decorator to None, run_after=None
[2025-08-17T00:55:34.344+0000] {processor.py:183} INFO - Processing /home/airflow/.local/lib/python3.12/site-packages/airflow/example_dags/example_python_decorator.py took 0.093 seconds
[2025-08-17T00:56:04.565+0000] {processor.py:161} INFO - Started process (PID=364) to work on /home/airflow/.local/lib/python3.12/site-packages/airflow/example_dags/example_python_decorator.py
[2025-08-17T00:56:04.567+0000] {processor.py:830} INFO - Processing file /home/airflow/.local/lib/python3.12/site-packages/airflow/example_dags/example_python_decorator.py for tasks to queue
[2025-08-17T00:56:04.569+0000] {logging_mixin.py:188} INFO - [2025-08-17T00:56:04.569+0000] {dagbag.py:545} INFO - Filling up the DagBag from /home/airflow/.local/lib/python3.12/site-packages/airflow/example_dags/example_python_decorator.py
[2025-08-17T00:56:04.582+0000] {processor.py:840} INFO - DAG(s) 'example_python_decorator' retrieved from /home/airflow/.local/lib/python3.12/site-packages/airflow/example_dags/example_python_decorator.py
[2025-08-17T00:56:04.607+0000] {logging_mixin.py:188} INFO - [2025-08-17T00:56:04.607+0000] {dag.py:3089} INFO - Sync 1 DAGs
[2025-08-17T00:56:04.620+0000] {logging_mixin.py:188} INFO - [2025-08-17T00:56:04.619+0000] {dag.py:3947} INFO - Setting next_dagrun for example_python_decorator to None, run_after=None
[2025-08-17T00:56:04.641+0000] {processor.py:183} INFO - Processing /home/airflow/.local/lib/python3.12/site-packages/airflow/example_dags/example_python_decorator.py took 0.081 seconds
[2025-08-17T00:56:34.932+0000] {processor.py:161} INFO - Started process (PID=422) to work on /home/airflow/.local/lib/python3.12/site-packages/airflow/example_dags/example_python_decorator.py
[2025-08-17T00:56:34.933+0000] {processor.py:830} INFO - Processing file /home/airflow/.local/lib/python3.12/site-packages/airflow/example_dags/example_python_decorator.py for tasks to queue
[2025-08-17T00:56:34.936+0000] {logging_mixin.py:188} INFO - [2025-08-17T00:56:34.935+0000] {dagbag.py:545} INFO - Filling up the DagBag from /home/airflow/.local/lib/python3.12/site-packages/airflow/example_dags/example_python_decorator.py
[2025-08-17T00:56:34.949+0000] {processor.py:840} INFO - DAG(s) 'example_python_decorator' retrieved from /home/airflow/.local/lib/python3.12/site-packages/airflow/example_dags/example_python_decorator.py
[2025-08-17T00:56:34.975+0000] {logging_mixin.py:188} INFO - [2025-08-17T00:56:34.974+0000] {dag.py:3089} INFO - Sync 1 DAGs
[2025-08-17T00:56:34.988+0000] {logging_mixin.py:188} INFO - [2025-08-17T00:56:34.988+0000] {dag.py:3947} INFO - Setting next_dagrun for example_python_decorator to None, run_after=None
[2025-08-17T00:56:35.011+0000] {processor.py:183} INFO - Processing /home/airflow/.local/lib/python3.12/site-packages/airflow/example_dags/example_python_decorator.py took 0.085 seconds
[2025-08-17T00:57:05.159+0000] {processor.py:161} INFO - Started process (PID=480) to work on /home/airflow/.local/lib/python3.12/site-packages/airflow/example_dags/example_python_decorator.py
[2025-08-17T00:57:05.160+0000] {processor.py:830} INFO - Processing file /home/airflow/.local/lib/python3.12/site-packages/airflow/example_dags/example_python_decorator.py for tasks to queue
[2025-08-17T00:57:05.163+0000] {logging_mixin.py:188} INFO - [2025-08-17T00:57:05.162+0000] {dagbag.py:545} INFO - Filling up the DagBag from /home/airflow/.local/lib/python3.12/site-packages/airflow/example_dags/example_python_decorator.py
[2025-08-17T00:57:05.176+0000] {processor.py:840} INFO - DAG(s) 'example_python_decorator' retrieved from /home/airflow/.local/lib/python3.12/site-packages/airflow/example_dags/example_python_decorator.py
[2025-08-17T00:57:05.201+0000] {logging_mixin.py:188} INFO - [2025-08-17T00:57:05.201+0000] {dag.py:3089} INFO - Sync 1 DAGs
[2025-08-17T00:57:05.215+0000] {logging_mixin.py:188} INFO - [2025-08-17T00:57:05.214+0000] {dag.py:3947} INFO - Setting next_dagrun for example_python_decorator to None, run_after=None
[2025-08-17T00:57:05.236+0000] {processor.py:183} INFO - Processing /home/airflow/.local/lib/python3.12/site-packages/airflow/example_dags/example_python_decorator.py took 0.083 seconds
[2025-08-17T00:57:35.733+0000] {processor.py:161} INFO - Started process (PID=538) to work on /home/airflow/.local/lib/python3.12/site-packages/airflow/example_dags/example_python_decorator.py
[2025-08-17T00:57:35.734+0000] {processor.py:830} INFO - Processing file /home/airflow/.local/lib/python3.12/site-packages/airflow/example_dags/example_python_decorator.py for tasks to queue
[2025-08-17T00:57:35.736+0000] {logging_mixin.py:188} INFO - [2025-08-17T00:57:35.736+0000] {dagbag.py:545} INFO - Filling up the DagBag from /home/airflow/.local/lib/python3.12/site-packages/airflow/example_dags/example_python_decorator.py
[2025-08-17T00:57:35.750+0000] {processor.py:840} INFO - DAG(s) 'example_python_decorator' retrieved from /home/airflow/.local/lib/python3.12/site-packages/airflow/example_dags/example_python_decorator.py
[2025-08-17T00:57:35.775+0000] {logging_mixin.py:188} INFO - [2025-08-17T00:57:35.775+0000] {dag.py:3089} INFO - Sync 1 DAGs
[2025-08-17T00:57:35.789+0000] {logging_mixin.py:188} INFO - [2025-08-17T00:57:35.789+0000] {dag.py:3947} INFO - Setting next_dagrun for example_python_decorator to None, run_after=None
[2025-08-17T00:57:35.810+0000] {processor.py:183} INFO - Processing /home/airflow/.local/lib/python3.12/site-packages/airflow/example_dags/example_python_decorator.py took 0.084 seconds
[2025-08-17T00:58:06.265+0000] {processor.py:161} INFO - Started process (PID=596) to work on /home/airflow/.local/lib/python3.12/site-packages/airflow/example_dags/example_python_decorator.py
[2025-08-17T00:58:06.266+0000] {processor.py:830} INFO - Processing file /home/airflow/.local/lib/python3.12/site-packages/airflow/example_dags/example_python_decorator.py for tasks to queue
[2025-08-17T00:58:06.269+0000] {logging_mixin.py:188} INFO - [2025-08-17T00:58:06.269+0000] {dagbag.py:545} INFO - Filling up the DagBag from /home/airflow/.local/lib/python3.12/site-packages/airflow/example_dags/example_python_decorator.py
[2025-08-17T00:58:06.285+0000] {processor.py:840} INFO - DAG(s) 'example_python_decorator' retrieved from /home/airflow/.local/lib/python3.12/site-packages/airflow/example_dags/example_python_decorator.py
[2025-08-17T00:58:06.315+0000] {logging_mixin.py:188} INFO - [2025-08-17T00:58:06.315+0000] {dag.py:3089} INFO - Sync 1 DAGs
[2025-08-17T00:58:06.332+0000] {logging_mixin.py:188} INFO - [2025-08-17T00:58:06.331+0000] {dag.py:3947} INFO - Setting next_dagrun for example_python_decorator to None, run_after=None
[2025-08-17T00:58:06.360+0000] {processor.py:183} INFO - Processing /home/airflow/.local/lib/python3.12/site-packages/airflow/example_dags/example_python_decorator.py took 0.102 seconds
[2025-08-17T00:58:37.089+0000] {processor.py:161} INFO - Started process (PID=655) to work on /home/airflow/.local/lib/python3.12/site-packages/airflow/example_dags/example_python_decorator.py
[2025-08-17T00:58:37.090+0000] {processor.py:830} INFO - Processing file /home/airflow/.local/lib/python3.12/site-packages/airflow/example_dags/example_python_decorator.py for tasks to queue
[2025-08-17T00:58:37.093+0000] {logging_mixin.py:188} INFO - [2025-08-17T00:58:37.092+0000] {dagbag.py:545} INFO - Filling up the DagBag from /home/airflow/.local/lib/python3.12/site-packages/airflow/example_dags/example_python_decorator.py
[2025-08-17T00:58:37.107+0000] {processor.py:840} INFO - DAG(s) 'example_python_decorator' retrieved from /home/airflow/.local/lib/python3.12/site-packages/airflow/example_dags/example_python_decorator.py
[2025-08-17T00:58:37.133+0000] {logging_mixin.py:188} INFO - [2025-08-17T00:58:37.133+0000] {dag.py:3089} INFO - Sync 1 DAGs
[2025-08-17T00:58:37.149+0000] {logging_mixin.py:188} INFO - [2025-08-17T00:58:37.148+0000] {dag.py:3947} INFO - Setting next_dagrun for example_python_decorator to None, run_after=None
[2025-08-17T00:58:37.169+0000] {processor.py:183} INFO - Processing /home/airflow/.local/lib/python3.12/site-packages/airflow/example_dags/example_python_decorator.py took 0.087 seconds
[2025-08-17T00:59:07.795+0000] {processor.py:161} INFO - Started process (PID=714) to work on /home/airflow/.local/lib/python3.12/site-packages/airflow/example_dags/example_python_decorator.py
[2025-08-17T00:59:07.796+0000] {processor.py:830} INFO - Processing file /home/airflow/.local/lib/python3.12/site-packages/airflow/example_dags/example_python_decorator.py for tasks to queue
[2025-08-17T00:59:07.799+0000] {logging_mixin.py:188} INFO - [2025-08-17T00:59:07.799+0000] {dagbag.py:545} INFO - Filling up the DagBag from /home/airflow/.local/lib/python3.12/site-packages/airflow/example_dags/example_python_decorator.py
[2025-08-17T00:59:07.816+0000] {processor.py:840} INFO - DAG(s) 'example_python_decorator' retrieved from /home/airflow/.local/lib/python3.12/site-packages/airflow/example_dags/example_python_decorator.py
[2025-08-17T00:59:07.845+0000] {logging_mixin.py:188} INFO - [2025-08-17T00:59:07.844+0000] {dag.py:3089} INFO - Sync 1 DAGs
[2025-08-17T00:59:07.860+0000] {logging_mixin.py:188} INFO - [2025-08-17T00:59:07.860+0000] {dag.py:3947} INFO - Setting next_dagrun for example_python_decorator to None, run_after=None
[2025-08-17T00:59:07.885+0000] {processor.py:183} INFO - Processing /home/airflow/.local/lib/python3.12/site-packages/airflow/example_dags/example_python_decorator.py took 0.097 seconds
[2025-08-17T01:00:09.953+0000] {processor.py:161} INFO - Started process (PID=61) to work on /home/airflow/.local/lib/python3.12/site-packages/airflow/example_dags/example_python_decorator.py
[2025-08-17T01:00:09.955+0000] {processor.py:830} INFO - Processing file /home/airflow/.local/lib/python3.12/site-packages/airflow/example_dags/example_python_decorator.py for tasks to queue
[2025-08-17T01:00:09.959+0000] {logging_mixin.py:188} INFO - [2025-08-17T01:00:09.958+0000] {dagbag.py:545} INFO - Filling up the DagBag from /home/airflow/.local/lib/python3.12/site-packages/airflow/example_dags/example_python_decorator.py
[2025-08-17T01:00:09.984+0000] {processor.py:840} INFO - DAG(s) 'example_python_decorator' retrieved from /home/airflow/.local/lib/python3.12/site-packages/airflow/example_dags/example_python_decorator.py
[2025-08-17T01:00:10.006+0000] {logging_mixin.py:188} INFO - [2025-08-17T01:00:10.006+0000] {dag.py:3089} INFO - Sync 1 DAGs
[2025-08-17T01:00:10.030+0000] {logging_mixin.py:188} INFO - [2025-08-17T01:00:10.030+0000] {dag.py:3947} INFO - Setting next_dagrun for example_python_decorator to None, run_after=None
[2025-08-17T01:00:10.067+0000] {processor.py:183} INFO - Processing /home/airflow/.local/lib/python3.12/site-packages/airflow/example_dags/example_python_decorator.py took 0.125 seconds
[2025-08-17T01:01:33.308+0000] {processor.py:161} INFO - Started process (PID=61) to work on /home/airflow/.local/lib/python3.12/site-packages/airflow/example_dags/example_python_decorator.py
[2025-08-17T01:01:33.310+0000] {processor.py:830} INFO - Processing file /home/airflow/.local/lib/python3.12/site-packages/airflow/example_dags/example_python_decorator.py for tasks to queue
[2025-08-17T01:01:33.314+0000] {logging_mixin.py:188} INFO - [2025-08-17T01:01:33.313+0000] {dagbag.py:545} INFO - Filling up the DagBag from /home/airflow/.local/lib/python3.12/site-packages/airflow/example_dags/example_python_decorator.py
[2025-08-17T01:01:33.335+0000] {processor.py:840} INFO - DAG(s) 'example_python_decorator' retrieved from /home/airflow/.local/lib/python3.12/site-packages/airflow/example_dags/example_python_decorator.py
[2025-08-17T01:01:33.354+0000] {logging_mixin.py:188} INFO - [2025-08-17T01:01:33.353+0000] {dag.py:3089} INFO - Sync 1 DAGs
[2025-08-17T01:01:33.373+0000] {logging_mixin.py:188} INFO - [2025-08-17T01:01:33.373+0000] {dag.py:3947} INFO - Setting next_dagrun for example_python_decorator to None, run_after=None
[2025-08-17T01:01:33.402+0000] {processor.py:183} INFO - Processing /home/airflow/.local/lib/python3.12/site-packages/airflow/example_dags/example_python_decorator.py took 0.104 seconds
[2025-08-17T01:02:03.673+0000] {processor.py:161} INFO - Started process (PID=120) to work on /home/airflow/.local/lib/python3.12/site-packages/airflow/example_dags/example_python_decorator.py
[2025-08-17T01:02:03.674+0000] {processor.py:830} INFO - Processing file /home/airflow/.local/lib/python3.12/site-packages/airflow/example_dags/example_python_decorator.py for tasks to queue
[2025-08-17T01:02:03.676+0000] {logging_mixin.py:188} INFO - [2025-08-17T01:02:03.676+0000] {dagbag.py:545} INFO - Filling up the DagBag from /home/airflow/.local/lib/python3.12/site-packages/airflow/example_dags/example_python_decorator.py
[2025-08-17T01:02:03.687+0000] {processor.py:840} INFO - DAG(s) 'example_python_decorator' retrieved from /home/airflow/.local/lib/python3.12/site-packages/airflow/example_dags/example_python_decorator.py
[2025-08-17T01:02:03.795+0000] {logging_mixin.py:188} INFO - [2025-08-17T01:02:03.794+0000] {dag.py:3089} INFO - Sync 1 DAGs
[2025-08-17T01:02:03.806+0000] {logging_mixin.py:188} INFO - [2025-08-17T01:02:03.806+0000] {dag.py:3947} INFO - Setting next_dagrun for example_python_decorator to None, run_after=None
[2025-08-17T01:02:03.829+0000] {processor.py:183} INFO - Processing /home/airflow/.local/lib/python3.12/site-packages/airflow/example_dags/example_python_decorator.py took 0.161 seconds
[2025-08-17T01:02:34.137+0000] {processor.py:161} INFO - Started process (PID=179) to work on /home/airflow/.local/lib/python3.12/site-packages/airflow/example_dags/example_python_decorator.py
[2025-08-17T01:02:34.139+0000] {processor.py:830} INFO - Processing file /home/airflow/.local/lib/python3.12/site-packages/airflow/example_dags/example_python_decorator.py for tasks to queue
[2025-08-17T01:02:34.142+0000] {logging_mixin.py:188} INFO - [2025-08-17T01:02:34.141+0000] {dagbag.py:545} INFO - Filling up the DagBag from /home/airflow/.local/lib/python3.12/site-packages/airflow/example_dags/example_python_decorator.py
[2025-08-17T01:02:34.156+0000] {processor.py:840} INFO - DAG(s) 'example_python_decorator' retrieved from /home/airflow/.local/lib/python3.12/site-packages/airflow/example_dags/example_python_decorator.py
[2025-08-17T01:02:34.183+0000] {logging_mixin.py:188} INFO - [2025-08-17T01:02:34.182+0000] {dag.py:3089} INFO - Sync 1 DAGs
[2025-08-17T01:02:34.196+0000] {logging_mixin.py:188} INFO - [2025-08-17T01:02:34.196+0000] {dag.py:3947} INFO - Setting next_dagrun for example_python_decorator to None, run_after=None
[2025-08-17T01:02:34.218+0000] {processor.py:183} INFO - Processing /home/airflow/.local/lib/python3.12/site-packages/airflow/example_dags/example_python_decorator.py took 0.087 seconds
[2025-08-17T01:03:04.715+0000] {processor.py:161} INFO - Started process (PID=238) to work on /home/airflow/.local/lib/python3.12/site-packages/airflow/example_dags/example_python_decorator.py
[2025-08-17T01:03:04.717+0000] {processor.py:830} INFO - Processing file /home/airflow/.local/lib/python3.12/site-packages/airflow/example_dags/example_python_decorator.py for tasks to queue
[2025-08-17T01:03:04.719+0000] {logging_mixin.py:188} INFO - [2025-08-17T01:03:04.719+0000] {dagbag.py:545} INFO - Filling up the DagBag from /home/airflow/.local/lib/python3.12/site-packages/airflow/example_dags/example_python_decorator.py
[2025-08-17T01:03:04.733+0000] {processor.py:840} INFO - DAG(s) 'example_python_decorator' retrieved from /home/airflow/.local/lib/python3.12/site-packages/airflow/example_dags/example_python_decorator.py
[2025-08-17T01:03:04.761+0000] {logging_mixin.py:188} INFO - [2025-08-17T01:03:04.760+0000] {dag.py:3089} INFO - Sync 1 DAGs
[2025-08-17T01:03:04.775+0000] {logging_mixin.py:188} INFO - [2025-08-17T01:03:04.775+0000] {dag.py:3947} INFO - Setting next_dagrun for example_python_decorator to None, run_after=None
[2025-08-17T01:03:04.798+0000] {processor.py:183} INFO - Processing /home/airflow/.local/lib/python3.12/site-packages/airflow/example_dags/example_python_decorator.py took 0.089 seconds
[2025-08-17T01:03:34.939+0000] {processor.py:161} INFO - Started process (PID=297) to work on /home/airflow/.local/lib/python3.12/site-packages/airflow/example_dags/example_python_decorator.py
[2025-08-17T01:03:34.940+0000] {processor.py:830} INFO - Processing file /home/airflow/.local/lib/python3.12/site-packages/airflow/example_dags/example_python_decorator.py for tasks to queue
[2025-08-17T01:03:34.942+0000] {logging_mixin.py:188} INFO - [2025-08-17T01:03:34.942+0000] {dagbag.py:545} INFO - Filling up the DagBag from /home/airflow/.local/lib/python3.12/site-packages/airflow/example_dags/example_python_decorator.py
[2025-08-17T01:03:34.955+0000] {processor.py:840} INFO - DAG(s) 'example_python_decorator' retrieved from /home/airflow/.local/lib/python3.12/site-packages/airflow/example_dags/example_python_decorator.py
[2025-08-17T01:03:34.984+0000] {logging_mixin.py:188} INFO - [2025-08-17T01:03:34.984+0000] {dag.py:3089} INFO - Sync 1 DAGs
[2025-08-17T01:03:34.999+0000] {logging_mixin.py:188} INFO - [2025-08-17T01:03:34.999+0000] {dag.py:3947} INFO - Setting next_dagrun for example_python_decorator to None, run_after=None
[2025-08-17T01:03:35.023+0000] {processor.py:183} INFO - Processing /home/airflow/.local/lib/python3.12/site-packages/airflow/example_dags/example_python_decorator.py took 0.091 seconds
[2025-08-17T01:04:05.106+0000] {processor.py:161} INFO - Started process (PID=356) to work on /home/airflow/.local/lib/python3.12/site-packages/airflow/example_dags/example_python_decorator.py
[2025-08-17T01:04:05.107+0000] {processor.py:830} INFO - Processing file /home/airflow/.local/lib/python3.12/site-packages/airflow/example_dags/example_python_decorator.py for tasks to queue
[2025-08-17T01:04:05.109+0000] {logging_mixin.py:188} INFO - [2025-08-17T01:04:05.108+0000] {dagbag.py:545} INFO - Filling up the DagBag from /home/airflow/.local/lib/python3.12/site-packages/airflow/example_dags/example_python_decorator.py
[2025-08-17T01:04:05.120+0000] {processor.py:840} INFO - DAG(s) 'example_python_decorator' retrieved from /home/airflow/.local/lib/python3.12/site-packages/airflow/example_dags/example_python_decorator.py
[2025-08-17T01:04:05.146+0000] {logging_mixin.py:188} INFO - [2025-08-17T01:04:05.146+0000] {dag.py:3089} INFO - Sync 1 DAGs
[2025-08-17T01:04:05.158+0000] {logging_mixin.py:188} INFO - [2025-08-17T01:04:05.158+0000] {dag.py:3947} INFO - Setting next_dagrun for example_python_decorator to None, run_after=None
[2025-08-17T01:04:05.180+0000] {processor.py:183} INFO - Processing /home/airflow/.local/lib/python3.12/site-packages/airflow/example_dags/example_python_decorator.py took 0.079 seconds
[2025-08-17T01:04:35.303+0000] {processor.py:161} INFO - Started process (PID=415) to work on /home/airflow/.local/lib/python3.12/site-packages/airflow/example_dags/example_python_decorator.py
[2025-08-17T01:04:35.304+0000] {processor.py:830} INFO - Processing file /home/airflow/.local/lib/python3.12/site-packages/airflow/example_dags/example_python_decorator.py for tasks to queue
[2025-08-17T01:04:35.306+0000] {logging_mixin.py:188} INFO - [2025-08-17T01:04:35.305+0000] {dagbag.py:545} INFO - Filling up the DagBag from /home/airflow/.local/lib/python3.12/site-packages/airflow/example_dags/example_python_decorator.py
[2025-08-17T01:04:35.317+0000] {processor.py:840} INFO - DAG(s) 'example_python_decorator' retrieved from /home/airflow/.local/lib/python3.12/site-packages/airflow/example_dags/example_python_decorator.py
[2025-08-17T01:04:35.343+0000] {logging_mixin.py:188} INFO - [2025-08-17T01:04:35.343+0000] {dag.py:3089} INFO - Sync 1 DAGs
[2025-08-17T01:04:35.356+0000] {logging_mixin.py:188} INFO - [2025-08-17T01:04:35.356+0000] {dag.py:3947} INFO - Setting next_dagrun for example_python_decorator to None, run_after=None
[2025-08-17T01:04:35.376+0000] {processor.py:183} INFO - Processing /home/airflow/.local/lib/python3.12/site-packages/airflow/example_dags/example_python_decorator.py took 0.078 seconds
[2025-08-17T01:05:05.780+0000] {processor.py:161} INFO - Started process (PID=474) to work on /home/airflow/.local/lib/python3.12/site-packages/airflow/example_dags/example_python_decorator.py
[2025-08-17T01:05:05.782+0000] {processor.py:830} INFO - Processing file /home/airflow/.local/lib/python3.12/site-packages/airflow/example_dags/example_python_decorator.py for tasks to queue
[2025-08-17T01:05:05.784+0000] {logging_mixin.py:188} INFO - [2025-08-17T01:05:05.783+0000] {dagbag.py:545} INFO - Filling up the DagBag from /home/airflow/.local/lib/python3.12/site-packages/airflow/example_dags/example_python_decorator.py
[2025-08-17T01:05:05.796+0000] {processor.py:840} INFO - DAG(s) 'example_python_decorator' retrieved from /home/airflow/.local/lib/python3.12/site-packages/airflow/example_dags/example_python_decorator.py
[2025-08-17T01:05:05.824+0000] {logging_mixin.py:188} INFO - [2025-08-17T01:05:05.824+0000] {dag.py:3089} INFO - Sync 1 DAGs
[2025-08-17T01:05:05.837+0000] {logging_mixin.py:188} INFO - [2025-08-17T01:05:05.836+0000] {dag.py:3947} INFO - Setting next_dagrun for example_python_decorator to None, run_after=None
[2025-08-17T01:05:05.853+0000] {processor.py:183} INFO - Processing /home/airflow/.local/lib/python3.12/site-packages/airflow/example_dags/example_python_decorator.py took 0.078 seconds
[2025-08-17T01:05:35.982+0000] {processor.py:161} INFO - Started process (PID=533) to work on /home/airflow/.local/lib/python3.12/site-packages/airflow/example_dags/example_python_decorator.py
[2025-08-17T01:05:35.983+0000] {processor.py:830} INFO - Processing file /home/airflow/.local/lib/python3.12/site-packages/airflow/example_dags/example_python_decorator.py for tasks to queue
[2025-08-17T01:05:35.985+0000] {logging_mixin.py:188} INFO - [2025-08-17T01:05:35.985+0000] {dagbag.py:545} INFO - Filling up the DagBag from /home/airflow/.local/lib/python3.12/site-packages/airflow/example_dags/example_python_decorator.py
[2025-08-17T01:05:35.996+0000] {processor.py:840} INFO - DAG(s) 'example_python_decorator' retrieved from /home/airflow/.local/lib/python3.12/site-packages/airflow/example_dags/example_python_decorator.py
[2025-08-17T01:05:36.023+0000] {logging_mixin.py:188} INFO - [2025-08-17T01:05:36.023+0000] {dag.py:3089} INFO - Sync 1 DAGs
[2025-08-17T01:05:36.037+0000] {logging_mixin.py:188} INFO - [2025-08-17T01:05:36.037+0000] {dag.py:3947} INFO - Setting next_dagrun for example_python_decorator to None, run_after=None
[2025-08-17T01:05:36.059+0000] {processor.py:183} INFO - Processing /home/airflow/.local/lib/python3.12/site-packages/airflow/example_dags/example_python_decorator.py took 0.082 seconds
[2025-08-17T01:06:06.293+0000] {processor.py:161} INFO - Started process (PID=592) to work on /home/airflow/.local/lib/python3.12/site-packages/airflow/example_dags/example_python_decorator.py
[2025-08-17T01:06:06.295+0000] {processor.py:830} INFO - Processing file /home/airflow/.local/lib/python3.12/site-packages/airflow/example_dags/example_python_decorator.py for tasks to queue
[2025-08-17T01:06:06.297+0000] {logging_mixin.py:188} INFO - [2025-08-17T01:06:06.297+0000] {dagbag.py:545} INFO - Filling up the DagBag from /home/airflow/.local/lib/python3.12/site-packages/airflow/example_dags/example_python_decorator.py
[2025-08-17T01:06:06.314+0000] {processor.py:840} INFO - DAG(s) 'example_python_decorator' retrieved from /home/airflow/.local/lib/python3.12/site-packages/airflow/example_dags/example_python_decorator.py
[2025-08-17T01:06:06.342+0000] {logging_mixin.py:188} INFO - [2025-08-17T01:06:06.341+0000] {dag.py:3089} INFO - Sync 1 DAGs
[2025-08-17T01:06:06.355+0000] {logging_mixin.py:188} INFO - [2025-08-17T01:06:06.355+0000] {dag.py:3947} INFO - Setting next_dagrun for example_python_decorator to None, run_after=None
[2025-08-17T01:06:06.375+0000] {processor.py:183} INFO - Processing /home/airflow/.local/lib/python3.12/site-packages/airflow/example_dags/example_python_decorator.py took 0.090 seconds
[2025-08-17T01:06:36.442+0000] {processor.py:161} INFO - Started process (PID=651) to work on /home/airflow/.local/lib/python3.12/site-packages/airflow/example_dags/example_python_decorator.py
[2025-08-17T01:06:36.443+0000] {processor.py:830} INFO - Processing file /home/airflow/.local/lib/python3.12/site-packages/airflow/example_dags/example_python_decorator.py for tasks to queue
[2025-08-17T01:06:36.446+0000] {logging_mixin.py:188} INFO - [2025-08-17T01:06:36.445+0000] {dagbag.py:545} INFO - Filling up the DagBag from /home/airflow/.local/lib/python3.12/site-packages/airflow/example_dags/example_python_decorator.py
[2025-08-17T01:06:36.458+0000] {processor.py:840} INFO - DAG(s) 'example_python_decorator' retrieved from /home/airflow/.local/lib/python3.12/site-packages/airflow/example_dags/example_python_decorator.py
[2025-08-17T01:06:36.484+0000] {logging_mixin.py:188} INFO - [2025-08-17T01:06:36.484+0000] {dag.py:3089} INFO - Sync 1 DAGs
[2025-08-17T01:06:36.497+0000] {logging_mixin.py:188} INFO - [2025-08-17T01:06:36.497+0000] {dag.py:3947} INFO - Setting next_dagrun for example_python_decorator to None, run_after=None
[2025-08-17T01:06:36.515+0000] {processor.py:183} INFO - Processing /home/airflow/.local/lib/python3.12/site-packages/airflow/example_dags/example_python_decorator.py took 0.079 seconds
[2025-08-17T01:07:06.648+0000] {processor.py:161} INFO - Started process (PID=710) to work on /home/airflow/.local/lib/python3.12/site-packages/airflow/example_dags/example_python_decorator.py
[2025-08-17T01:07:06.650+0000] {processor.py:830} INFO - Processing file /home/airflow/.local/lib/python3.12/site-packages/airflow/example_dags/example_python_decorator.py for tasks to queue
[2025-08-17T01:07:06.655+0000] {logging_mixin.py:188} INFO - [2025-08-17T01:07:06.654+0000] {dagbag.py:545} INFO - Filling up the DagBag from /home/airflow/.local/lib/python3.12/site-packages/airflow/example_dags/example_python_decorator.py
[2025-08-17T01:07:06.671+0000] {processor.py:840} INFO - DAG(s) 'example_python_decorator' retrieved from /home/airflow/.local/lib/python3.12/site-packages/airflow/example_dags/example_python_decorator.py
[2025-08-17T01:07:06.704+0000] {logging_mixin.py:188} INFO - [2025-08-17T01:07:06.704+0000] {dag.py:3089} INFO - Sync 1 DAGs
[2025-08-17T01:07:06.721+0000] {logging_mixin.py:188} INFO - [2025-08-17T01:07:06.720+0000] {dag.py:3947} INFO - Setting next_dagrun for example_python_decorator to None, run_after=None
[2025-08-17T01:07:06.744+0000] {processor.py:183} INFO - Processing /home/airflow/.local/lib/python3.12/site-packages/airflow/example_dags/example_python_decorator.py took 0.104 seconds
[2025-08-17T01:07:36.840+0000] {processor.py:161} INFO - Started process (PID=769) to work on /home/airflow/.local/lib/python3.12/site-packages/airflow/example_dags/example_python_decorator.py
[2025-08-17T01:07:36.841+0000] {processor.py:830} INFO - Processing file /home/airflow/.local/lib/python3.12/site-packages/airflow/example_dags/example_python_decorator.py for tasks to queue
[2025-08-17T01:07:36.844+0000] {logging_mixin.py:188} INFO - [2025-08-17T01:07:36.843+0000] {dagbag.py:545} INFO - Filling up the DagBag from /home/airflow/.local/lib/python3.12/site-packages/airflow/example_dags/example_python_decorator.py
[2025-08-17T01:07:36.855+0000] {processor.py:840} INFO - DAG(s) 'example_python_decorator' retrieved from /home/airflow/.local/lib/python3.12/site-packages/airflow/example_dags/example_python_decorator.py
[2025-08-17T01:07:36.879+0000] {logging_mixin.py:188} INFO - [2025-08-17T01:07:36.879+0000] {dag.py:3089} INFO - Sync 1 DAGs
[2025-08-17T01:07:36.891+0000] {logging_mixin.py:188} INFO - [2025-08-17T01:07:36.891+0000] {dag.py:3947} INFO - Setting next_dagrun for example_python_decorator to None, run_after=None
[2025-08-17T01:07:36.910+0000] {processor.py:183} INFO - Processing /home/airflow/.local/lib/python3.12/site-packages/airflow/example_dags/example_python_decorator.py took 0.076 seconds
[2025-08-17T01:08:07.029+0000] {processor.py:161} INFO - Started process (PID=829) to work on /home/airflow/.local/lib/python3.12/site-packages/airflow/example_dags/example_python_decorator.py
[2025-08-17T01:08:07.031+0000] {processor.py:830} INFO - Processing file /home/airflow/.local/lib/python3.12/site-packages/airflow/example_dags/example_python_decorator.py for tasks to queue
[2025-08-17T01:08:07.033+0000] {logging_mixin.py:188} INFO - [2025-08-17T01:08:07.033+0000] {dagbag.py:545} INFO - Filling up the DagBag from /home/airflow/.local/lib/python3.12/site-packages/airflow/example_dags/example_python_decorator.py
[2025-08-17T01:08:07.044+0000] {processor.py:840} INFO - DAG(s) 'example_python_decorator' retrieved from /home/airflow/.local/lib/python3.12/site-packages/airflow/example_dags/example_python_decorator.py
[2025-08-17T01:08:07.067+0000] {logging_mixin.py:188} INFO - [2025-08-17T01:08:07.067+0000] {dag.py:3089} INFO - Sync 1 DAGs
[2025-08-17T01:08:07.080+0000] {logging_mixin.py:188} INFO - [2025-08-17T01:08:07.080+0000] {dag.py:3947} INFO - Setting next_dagrun for example_python_decorator to None, run_after=None
[2025-08-17T01:08:07.101+0000] {processor.py:183} INFO - Processing /home/airflow/.local/lib/python3.12/site-packages/airflow/example_dags/example_python_decorator.py took 0.077 seconds
[2025-08-17T01:08:37.406+0000] {processor.py:161} INFO - Started process (PID=887) to work on /home/airflow/.local/lib/python3.12/site-packages/airflow/example_dags/example_python_decorator.py
[2025-08-17T01:08:37.407+0000] {processor.py:830} INFO - Processing file /home/airflow/.local/lib/python3.12/site-packages/airflow/example_dags/example_python_decorator.py for tasks to queue
[2025-08-17T01:08:37.410+0000] {logging_mixin.py:188} INFO - [2025-08-17T01:08:37.409+0000] {dagbag.py:545} INFO - Filling up the DagBag from /home/airflow/.local/lib/python3.12/site-packages/airflow/example_dags/example_python_decorator.py
[2025-08-17T01:08:37.423+0000] {processor.py:840} INFO - DAG(s) 'example_python_decorator' retrieved from /home/airflow/.local/lib/python3.12/site-packages/airflow/example_dags/example_python_decorator.py
[2025-08-17T01:08:37.447+0000] {logging_mixin.py:188} INFO - [2025-08-17T01:08:37.447+0000] {dag.py:3089} INFO - Sync 1 DAGs
[2025-08-17T01:08:37.459+0000] {logging_mixin.py:188} INFO - [2025-08-17T01:08:37.459+0000] {dag.py:3947} INFO - Setting next_dagrun for example_python_decorator to None, run_after=None
[2025-08-17T01:08:37.478+0000] {processor.py:183} INFO - Processing /home/airflow/.local/lib/python3.12/site-packages/airflow/example_dags/example_python_decorator.py took 0.078 seconds
[2025-08-17T01:09:07.654+0000] {processor.py:161} INFO - Started process (PID=946) to work on /home/airflow/.local/lib/python3.12/site-packages/airflow/example_dags/example_python_decorator.py
[2025-08-17T01:09:07.655+0000] {processor.py:830} INFO - Processing file /home/airflow/.local/lib/python3.12/site-packages/airflow/example_dags/example_python_decorator.py for tasks to queue
[2025-08-17T01:09:07.658+0000] {logging_mixin.py:188} INFO - [2025-08-17T01:09:07.657+0000] {dagbag.py:545} INFO - Filling up the DagBag from /home/airflow/.local/lib/python3.12/site-packages/airflow/example_dags/example_python_decorator.py
[2025-08-17T01:09:07.671+0000] {processor.py:840} INFO - DAG(s) 'example_python_decorator' retrieved from /home/airflow/.local/lib/python3.12/site-packages/airflow/example_dags/example_python_decorator.py
[2025-08-17T01:09:07.696+0000] {logging_mixin.py:188} INFO - [2025-08-17T01:09:07.695+0000] {dag.py:3089} INFO - Sync 1 DAGs
[2025-08-17T01:09:07.708+0000] {logging_mixin.py:188} INFO - [2025-08-17T01:09:07.708+0000] {dag.py:3947} INFO - Setting next_dagrun for example_python_decorator to None, run_after=None
[2025-08-17T01:09:07.730+0000] {processor.py:183} INFO - Processing /home/airflow/.local/lib/python3.12/site-packages/airflow/example_dags/example_python_decorator.py took 0.081 seconds
[2025-08-17T01:09:38.000+0000] {processor.py:161} INFO - Started process (PID=1006) to work on /home/airflow/.local/lib/python3.12/site-packages/airflow/example_dags/example_python_decorator.py
[2025-08-17T01:09:38.001+0000] {processor.py:830} INFO - Processing file /home/airflow/.local/lib/python3.12/site-packages/airflow/example_dags/example_python_decorator.py for tasks to queue
[2025-08-17T01:09:38.004+0000] {logging_mixin.py:188} INFO - [2025-08-17T01:09:38.004+0000] {dagbag.py:545} INFO - Filling up the DagBag from /home/airflow/.local/lib/python3.12/site-packages/airflow/example_dags/example_python_decorator.py
[2025-08-17T01:09:38.015+0000] {processor.py:840} INFO - DAG(s) 'example_python_decorator' retrieved from /home/airflow/.local/lib/python3.12/site-packages/airflow/example_dags/example_python_decorator.py
[2025-08-17T01:09:38.038+0000] {logging_mixin.py:188} INFO - [2025-08-17T01:09:38.038+0000] {dag.py:3089} INFO - Sync 1 DAGs
[2025-08-17T01:09:38.049+0000] {logging_mixin.py:188} INFO - [2025-08-17T01:09:38.049+0000] {dag.py:3947} INFO - Setting next_dagrun for example_python_decorator to None, run_after=None
[2025-08-17T01:09:38.067+0000] {processor.py:183} INFO - Processing /home/airflow/.local/lib/python3.12/site-packages/airflow/example_dags/example_python_decorator.py took 0.072 seconds
[2025-08-17T01:10:08.215+0000] {processor.py:161} INFO - Started process (PID=1065) to work on /home/airflow/.local/lib/python3.12/site-packages/airflow/example_dags/example_python_decorator.py
[2025-08-17T01:10:08.216+0000] {processor.py:830} INFO - Processing file /home/airflow/.local/lib/python3.12/site-packages/airflow/example_dags/example_python_decorator.py for tasks to queue
[2025-08-17T01:10:08.218+0000] {logging_mixin.py:188} INFO - [2025-08-17T01:10:08.218+0000] {dagbag.py:545} INFO - Filling up the DagBag from /home/airflow/.local/lib/python3.12/site-packages/airflow/example_dags/example_python_decorator.py
[2025-08-17T01:10:08.230+0000] {processor.py:840} INFO - DAG(s) 'example_python_decorator' retrieved from /home/airflow/.local/lib/python3.12/site-packages/airflow/example_dags/example_python_decorator.py
[2025-08-17T01:10:08.258+0000] {logging_mixin.py:188} INFO - [2025-08-17T01:10:08.257+0000] {dag.py:3089} INFO - Sync 1 DAGs
[2025-08-17T01:10:08.274+0000] {logging_mixin.py:188} INFO - [2025-08-17T01:10:08.274+0000] {dag.py:3947} INFO - Setting next_dagrun for example_python_decorator to None, run_after=None
[2025-08-17T01:10:08.297+0000] {processor.py:183} INFO - Processing /home/airflow/.local/lib/python3.12/site-packages/airflow/example_dags/example_python_decorator.py took 0.088 seconds
[2025-08-17T01:10:38.878+0000] {processor.py:161} INFO - Started process (PID=1125) to work on /home/airflow/.local/lib/python3.12/site-packages/airflow/example_dags/example_python_decorator.py
[2025-08-17T01:10:38.879+0000] {processor.py:830} INFO - Processing file /home/airflow/.local/lib/python3.12/site-packages/airflow/example_dags/example_python_decorator.py for tasks to queue
[2025-08-17T01:10:38.881+0000] {logging_mixin.py:188} INFO - [2025-08-17T01:10:38.881+0000] {dagbag.py:545} INFO - Filling up the DagBag from /home/airflow/.local/lib/python3.12/site-packages/airflow/example_dags/example_python_decorator.py
[2025-08-17T01:10:38.893+0000] {processor.py:840} INFO - DAG(s) 'example_python_decorator' retrieved from /home/airflow/.local/lib/python3.12/site-packages/airflow/example_dags/example_python_decorator.py
[2025-08-17T01:10:38.914+0000] {logging_mixin.py:188} INFO - [2025-08-17T01:10:38.913+0000] {dag.py:3089} INFO - Sync 1 DAGs
[2025-08-17T01:10:38.925+0000] {logging_mixin.py:188} INFO - [2025-08-17T01:10:38.924+0000] {dag.py:3947} INFO - Setting next_dagrun for example_python_decorator to None, run_after=None
[2025-08-17T01:10:38.942+0000] {processor.py:183} INFO - Processing /home/airflow/.local/lib/python3.12/site-packages/airflow/example_dags/example_python_decorator.py took 0.070 seconds
[2025-08-17T01:11:09.291+0000] {processor.py:161} INFO - Started process (PID=1184) to work on /home/airflow/.local/lib/python3.12/site-packages/airflow/example_dags/example_python_decorator.py
[2025-08-17T01:11:09.292+0000] {processor.py:830} INFO - Processing file /home/airflow/.local/lib/python3.12/site-packages/airflow/example_dags/example_python_decorator.py for tasks to queue
[2025-08-17T01:11:09.296+0000] {logging_mixin.py:188} INFO - [2025-08-17T01:11:09.296+0000] {dagbag.py:545} INFO - Filling up the DagBag from /home/airflow/.local/lib/python3.12/site-packages/airflow/example_dags/example_python_decorator.py
[2025-08-17T01:11:09.308+0000] {processor.py:840} INFO - DAG(s) 'example_python_decorator' retrieved from /home/airflow/.local/lib/python3.12/site-packages/airflow/example_dags/example_python_decorator.py
[2025-08-17T01:11:09.336+0000] {logging_mixin.py:188} INFO - [2025-08-17T01:11:09.336+0000] {dag.py:3089} INFO - Sync 1 DAGs
[2025-08-17T01:11:09.353+0000] {logging_mixin.py:188} INFO - [2025-08-17T01:11:09.353+0000] {dag.py:3947} INFO - Setting next_dagrun for example_python_decorator to None, run_after=None
[2025-08-17T01:11:09.377+0000] {processor.py:183} INFO - Processing /home/airflow/.local/lib/python3.12/site-packages/airflow/example_dags/example_python_decorator.py took 0.092 seconds
[2025-08-17T01:11:39.764+0000] {processor.py:161} INFO - Started process (PID=1249) to work on /home/airflow/.local/lib/python3.12/site-packages/airflow/example_dags/example_python_decorator.py
[2025-08-17T01:11:39.765+0000] {processor.py:830} INFO - Processing file /home/airflow/.local/lib/python3.12/site-packages/airflow/example_dags/example_python_decorator.py for tasks to queue
[2025-08-17T01:11:39.767+0000] {logging_mixin.py:188} INFO - [2025-08-17T01:11:39.767+0000] {dagbag.py:545} INFO - Filling up the DagBag from /home/airflow/.local/lib/python3.12/site-packages/airflow/example_dags/example_python_decorator.py
[2025-08-17T01:11:39.782+0000] {processor.py:840} INFO - DAG(s) 'example_python_decorator' retrieved from /home/airflow/.local/lib/python3.12/site-packages/airflow/example_dags/example_python_decorator.py
[2025-08-17T01:11:39.809+0000] {logging_mixin.py:188} INFO - [2025-08-17T01:11:39.809+0000] {dag.py:3089} INFO - Sync 1 DAGs
[2025-08-17T01:11:39.823+0000] {logging_mixin.py:188} INFO - [2025-08-17T01:11:39.823+0000] {dag.py:3947} INFO - Setting next_dagrun for example_python_decorator to None, run_after=None
[2025-08-17T01:11:39.844+0000] {processor.py:183} INFO - Processing /home/airflow/.local/lib/python3.12/site-packages/airflow/example_dags/example_python_decorator.py took 0.087 seconds
[2025-08-17T01:12:10.033+0000] {processor.py:161} INFO - Started process (PID=1308) to work on /home/airflow/.local/lib/python3.12/site-packages/airflow/example_dags/example_python_decorator.py
[2025-08-17T01:12:10.034+0000] {processor.py:830} INFO - Processing file /home/airflow/.local/lib/python3.12/site-packages/airflow/example_dags/example_python_decorator.py for tasks to queue
[2025-08-17T01:12:10.036+0000] {logging_mixin.py:188} INFO - [2025-08-17T01:12:10.036+0000] {dagbag.py:545} INFO - Filling up the DagBag from /home/airflow/.local/lib/python3.12/site-packages/airflow/example_dags/example_python_decorator.py
[2025-08-17T01:12:10.048+0000] {processor.py:840} INFO - DAG(s) 'example_python_decorator' retrieved from /home/airflow/.local/lib/python3.12/site-packages/airflow/example_dags/example_python_decorator.py
[2025-08-17T01:12:10.069+0000] {logging_mixin.py:188} INFO - [2025-08-17T01:12:10.069+0000] {dag.py:3089} INFO - Sync 1 DAGs
[2025-08-17T01:12:10.080+0000] {logging_mixin.py:188} INFO - [2025-08-17T01:12:10.080+0000] {dag.py:3947} INFO - Setting next_dagrun for example_python_decorator to None, run_after=None
[2025-08-17T01:12:10.096+0000] {processor.py:183} INFO - Processing /home/airflow/.local/lib/python3.12/site-packages/airflow/example_dags/example_python_decorator.py took 0.068 seconds
[2025-08-17T01:12:40.735+0000] {processor.py:161} INFO - Started process (PID=1367) to work on /home/airflow/.local/lib/python3.12/site-packages/airflow/example_dags/example_python_decorator.py
[2025-08-17T01:12:40.737+0000] {processor.py:830} INFO - Processing file /home/airflow/.local/lib/python3.12/site-packages/airflow/example_dags/example_python_decorator.py for tasks to queue
[2025-08-17T01:12:40.739+0000] {logging_mixin.py:188} INFO - [2025-08-17T01:12:40.738+0000] {dagbag.py:545} INFO - Filling up the DagBag from /home/airflow/.local/lib/python3.12/site-packages/airflow/example_dags/example_python_decorator.py
[2025-08-17T01:12:40.752+0000] {processor.py:840} INFO - DAG(s) 'example_python_decorator' retrieved from /home/airflow/.local/lib/python3.12/site-packages/airflow/example_dags/example_python_decorator.py
[2025-08-17T01:12:40.778+0000] {logging_mixin.py:188} INFO - [2025-08-17T01:12:40.777+0000] {dag.py:3089} INFO - Sync 1 DAGs
[2025-08-17T01:12:40.792+0000] {logging_mixin.py:188} INFO - [2025-08-17T01:12:40.792+0000] {dag.py:3947} INFO - Setting next_dagrun for example_python_decorator to None, run_after=None
[2025-08-17T01:12:40.816+0000] {processor.py:183} INFO - Processing /home/airflow/.local/lib/python3.12/site-packages/airflow/example_dags/example_python_decorator.py took 0.086 seconds
[2025-08-17T01:13:11.226+0000] {processor.py:161} INFO - Started process (PID=1427) to work on /home/airflow/.local/lib/python3.12/site-packages/airflow/example_dags/example_python_decorator.py
[2025-08-17T01:13:11.228+0000] {processor.py:830} INFO - Processing file /home/airflow/.local/lib/python3.12/site-packages/airflow/example_dags/example_python_decorator.py for tasks to queue
[2025-08-17T01:13:11.230+0000] {logging_mixin.py:188} INFO - [2025-08-17T01:13:11.230+0000] {dagbag.py:545} INFO - Filling up the DagBag from /home/airflow/.local/lib/python3.12/site-packages/airflow/example_dags/example_python_decorator.py
[2025-08-17T01:13:11.243+0000] {processor.py:840} INFO - DAG(s) 'example_python_decorator' retrieved from /home/airflow/.local/lib/python3.12/site-packages/airflow/example_dags/example_python_decorator.py
[2025-08-17T01:13:11.268+0000] {logging_mixin.py:188} INFO - [2025-08-17T01:13:11.267+0000] {dag.py:3089} INFO - Sync 1 DAGs
[2025-08-17T01:13:11.280+0000] {logging_mixin.py:188} INFO - [2025-08-17T01:13:11.280+0000] {dag.py:3947} INFO - Setting next_dagrun for example_python_decorator to None, run_after=None
[2025-08-17T01:13:11.299+0000] {processor.py:183} INFO - Processing /home/airflow/.local/lib/python3.12/site-packages/airflow/example_dags/example_python_decorator.py took 0.078 seconds
[2025-08-17T01:13:41.536+0000] {processor.py:161} INFO - Started process (PID=1486) to work on /home/airflow/.local/lib/python3.12/site-packages/airflow/example_dags/example_python_decorator.py
[2025-08-17T01:13:41.537+0000] {processor.py:830} INFO - Processing file /home/airflow/.local/lib/python3.12/site-packages/airflow/example_dags/example_python_decorator.py for tasks to queue
[2025-08-17T01:13:41.539+0000] {logging_mixin.py:188} INFO - [2025-08-17T01:13:41.539+0000] {dagbag.py:545} INFO - Filling up the DagBag from /home/airflow/.local/lib/python3.12/site-packages/airflow/example_dags/example_python_decorator.py
[2025-08-17T01:13:41.552+0000] {processor.py:840} INFO - DAG(s) 'example_python_decorator' retrieved from /home/airflow/.local/lib/python3.12/site-packages/airflow/example_dags/example_python_decorator.py
[2025-08-17T01:13:41.576+0000] {logging_mixin.py:188} INFO - [2025-08-17T01:13:41.576+0000] {dag.py:3089} INFO - Sync 1 DAGs
[2025-08-17T01:13:41.588+0000] {logging_mixin.py:188} INFO - [2025-08-17T01:13:41.588+0000] {dag.py:3947} INFO - Setting next_dagrun for example_python_decorator to None, run_after=None
[2025-08-17T01:13:41.609+0000] {processor.py:183} INFO - Processing /home/airflow/.local/lib/python3.12/site-packages/airflow/example_dags/example_python_decorator.py took 0.080 seconds
[2025-08-17T01:14:12.150+0000] {processor.py:161} INFO - Started process (PID=1545) to work on /home/airflow/.local/lib/python3.12/site-packages/airflow/example_dags/example_python_decorator.py
[2025-08-17T01:14:12.151+0000] {processor.py:830} INFO - Processing file /home/airflow/.local/lib/python3.12/site-packages/airflow/example_dags/example_python_decorator.py for tasks to queue
[2025-08-17T01:14:12.154+0000] {logging_mixin.py:188} INFO - [2025-08-17T01:14:12.154+0000] {dagbag.py:545} INFO - Filling up the DagBag from /home/airflow/.local/lib/python3.12/site-packages/airflow/example_dags/example_python_decorator.py
[2025-08-17T01:14:12.166+0000] {processor.py:840} INFO - DAG(s) 'example_python_decorator' retrieved from /home/airflow/.local/lib/python3.12/site-packages/airflow/example_dags/example_python_decorator.py
[2025-08-17T01:14:12.188+0000] {logging_mixin.py:188} INFO - [2025-08-17T01:14:12.188+0000] {dag.py:3089} INFO - Sync 1 DAGs
[2025-08-17T01:14:12.200+0000] {logging_mixin.py:188} INFO - [2025-08-17T01:14:12.199+0000] {dag.py:3947} INFO - Setting next_dagrun for example_python_decorator to None, run_after=None
[2025-08-17T01:14:12.218+0000] {processor.py:183} INFO - Processing /home/airflow/.local/lib/python3.12/site-packages/airflow/example_dags/example_python_decorator.py took 0.074 seconds
[2025-08-17T01:14:42.589+0000] {processor.py:161} INFO - Started process (PID=1604) to work on /home/airflow/.local/lib/python3.12/site-packages/airflow/example_dags/example_python_decorator.py
[2025-08-17T01:14:42.590+0000] {processor.py:830} INFO - Processing file /home/airflow/.local/lib/python3.12/site-packages/airflow/example_dags/example_python_decorator.py for tasks to queue
[2025-08-17T01:14:42.593+0000] {logging_mixin.py:188} INFO - [2025-08-17T01:14:42.592+0000] {dagbag.py:545} INFO - Filling up the DagBag from /home/airflow/.local/lib/python3.12/site-packages/airflow/example_dags/example_python_decorator.py
[2025-08-17T01:14:42.606+0000] {processor.py:840} INFO - DAG(s) 'example_python_decorator' retrieved from /home/airflow/.local/lib/python3.12/site-packages/airflow/example_dags/example_python_decorator.py
[2025-08-17T01:14:42.630+0000] {logging_mixin.py:188} INFO - [2025-08-17T01:14:42.630+0000] {dag.py:3089} INFO - Sync 1 DAGs
[2025-08-17T01:14:42.644+0000] {logging_mixin.py:188} INFO - [2025-08-17T01:14:42.644+0000] {dag.py:3947} INFO - Setting next_dagrun for example_python_decorator to None, run_after=None
[2025-08-17T01:14:42.846+0000] {processor.py:183} INFO - Processing /home/airflow/.local/lib/python3.12/site-packages/airflow/example_dags/example_python_decorator.py took 0.263 seconds
[2025-08-17T01:15:13.149+0000] {processor.py:161} INFO - Started process (PID=1663) to work on /home/airflow/.local/lib/python3.12/site-packages/airflow/example_dags/example_python_decorator.py
[2025-08-17T01:15:13.151+0000] {processor.py:830} INFO - Processing file /home/airflow/.local/lib/python3.12/site-packages/airflow/example_dags/example_python_decorator.py for tasks to queue
[2025-08-17T01:15:13.153+0000] {logging_mixin.py:188} INFO - [2025-08-17T01:15:13.152+0000] {dagbag.py:545} INFO - Filling up the DagBag from /home/airflow/.local/lib/python3.12/site-packages/airflow/example_dags/example_python_decorator.py
[2025-08-17T01:15:13.166+0000] {processor.py:840} INFO - DAG(s) 'example_python_decorator' retrieved from /home/airflow/.local/lib/python3.12/site-packages/airflow/example_dags/example_python_decorator.py
[2025-08-17T01:15:13.193+0000] {logging_mixin.py:188} INFO - [2025-08-17T01:15:13.193+0000] {dag.py:3089} INFO - Sync 1 DAGs
[2025-08-17T01:15:13.207+0000] {logging_mixin.py:188} INFO - [2025-08-17T01:15:13.206+0000] {dag.py:3947} INFO - Setting next_dagrun for example_python_decorator to None, run_after=None
[2025-08-17T01:15:13.228+0000] {processor.py:183} INFO - Processing /home/airflow/.local/lib/python3.12/site-packages/airflow/example_dags/example_python_decorator.py took 0.086 seconds
[2025-08-17T01:15:43.341+0000] {processor.py:161} INFO - Started process (PID=1721) to work on /home/airflow/.local/lib/python3.12/site-packages/airflow/example_dags/example_python_decorator.py
[2025-08-17T01:15:43.342+0000] {processor.py:830} INFO - Processing file /home/airflow/.local/lib/python3.12/site-packages/airflow/example_dags/example_python_decorator.py for tasks to queue
[2025-08-17T01:15:43.345+0000] {logging_mixin.py:188} INFO - [2025-08-17T01:15:43.344+0000] {dagbag.py:545} INFO - Filling up the DagBag from /home/airflow/.local/lib/python3.12/site-packages/airflow/example_dags/example_python_decorator.py
[2025-08-17T01:15:43.356+0000] {processor.py:840} INFO - DAG(s) 'example_python_decorator' retrieved from /home/airflow/.local/lib/python3.12/site-packages/airflow/example_dags/example_python_decorator.py
[2025-08-17T01:15:43.381+0000] {logging_mixin.py:188} INFO - [2025-08-17T01:15:43.380+0000] {dag.py:3089} INFO - Sync 1 DAGs
[2025-08-17T01:15:43.393+0000] {logging_mixin.py:188} INFO - [2025-08-17T01:15:43.392+0000] {dag.py:3947} INFO - Setting next_dagrun for example_python_decorator to None, run_after=None
[2025-08-17T01:15:43.412+0000] {processor.py:183} INFO - Processing /home/airflow/.local/lib/python3.12/site-packages/airflow/example_dags/example_python_decorator.py took 0.077 seconds
[2025-08-17T01:16:13.554+0000] {processor.py:161} INFO - Started process (PID=1780) to work on /home/airflow/.local/lib/python3.12/site-packages/airflow/example_dags/example_python_decorator.py
[2025-08-17T01:16:13.555+0000] {processor.py:830} INFO - Processing file /home/airflow/.local/lib/python3.12/site-packages/airflow/example_dags/example_python_decorator.py for tasks to queue
[2025-08-17T01:16:13.557+0000] {logging_mixin.py:188} INFO - [2025-08-17T01:16:13.556+0000] {dagbag.py:545} INFO - Filling up the DagBag from /home/airflow/.local/lib/python3.12/site-packages/airflow/example_dags/example_python_decorator.py
[2025-08-17T01:16:13.568+0000] {processor.py:840} INFO - DAG(s) 'example_python_decorator' retrieved from /home/airflow/.local/lib/python3.12/site-packages/airflow/example_dags/example_python_decorator.py
[2025-08-17T01:16:13.593+0000] {logging_mixin.py:188} INFO - [2025-08-17T01:16:13.593+0000] {dag.py:3089} INFO - Sync 1 DAGs
[2025-08-17T01:16:13.604+0000] {logging_mixin.py:188} INFO - [2025-08-17T01:16:13.604+0000] {dag.py:3947} INFO - Setting next_dagrun for example_python_decorator to None, run_after=None
[2025-08-17T01:16:13.621+0000] {processor.py:183} INFO - Processing /home/airflow/.local/lib/python3.12/site-packages/airflow/example_dags/example_python_decorator.py took 0.073 seconds
[2025-08-17T01:17:36.274+0000] {processor.py:161} INFO - Started process (PID=67) to work on /home/airflow/.local/lib/python3.12/site-packages/airflow/example_dags/example_python_decorator.py
[2025-08-17T01:17:36.276+0000] {processor.py:830} INFO - Processing file /home/airflow/.local/lib/python3.12/site-packages/airflow/example_dags/example_python_decorator.py for tasks to queue
[2025-08-17T01:17:36.280+0000] {logging_mixin.py:188} INFO - [2025-08-17T01:17:36.279+0000] {dagbag.py:545} INFO - Filling up the DagBag from /home/airflow/.local/lib/python3.12/site-packages/airflow/example_dags/example_python_decorator.py
[2025-08-17T01:17:36.314+0000] {processor.py:840} INFO - DAG(s) 'example_python_decorator' retrieved from /home/airflow/.local/lib/python3.12/site-packages/airflow/example_dags/example_python_decorator.py
[2025-08-17T01:17:36.340+0000] {logging_mixin.py:188} INFO - [2025-08-17T01:17:36.340+0000] {dag.py:3089} INFO - Sync 1 DAGs
[2025-08-17T01:17:36.387+0000] {logging_mixin.py:188} INFO - [2025-08-17T01:17:36.387+0000] {dag.py:3947} INFO - Setting next_dagrun for example_python_decorator to None, run_after=None
[2025-08-17T01:17:36.447+0000] {processor.py:183} INFO - Processing /home/airflow/.local/lib/python3.12/site-packages/airflow/example_dags/example_python_decorator.py took 0.184 seconds
[2025-08-17T01:18:06.884+0000] {processor.py:161} INFO - Started process (PID=126) to work on /home/airflow/.local/lib/python3.12/site-packages/airflow/example_dags/example_python_decorator.py
[2025-08-17T01:18:06.886+0000] {processor.py:830} INFO - Processing file /home/airflow/.local/lib/python3.12/site-packages/airflow/example_dags/example_python_decorator.py for tasks to queue
[2025-08-17T01:18:06.889+0000] {logging_mixin.py:188} INFO - [2025-08-17T01:18:06.888+0000] {dagbag.py:545} INFO - Filling up the DagBag from /home/airflow/.local/lib/python3.12/site-packages/airflow/example_dags/example_python_decorator.py
[2025-08-17T01:18:06.911+0000] {processor.py:840} INFO - DAG(s) 'example_python_decorator' retrieved from /home/airflow/.local/lib/python3.12/site-packages/airflow/example_dags/example_python_decorator.py
[2025-08-17T01:18:07.108+0000] {logging_mixin.py:188} INFO - [2025-08-17T01:18:07.107+0000] {dag.py:3089} INFO - Sync 1 DAGs
[2025-08-17T01:18:07.124+0000] {logging_mixin.py:188} INFO - [2025-08-17T01:18:07.124+0000] {dag.py:3947} INFO - Setting next_dagrun for example_python_decorator to None, run_after=None
[2025-08-17T01:18:07.162+0000] {processor.py:183} INFO - Processing /home/airflow/.local/lib/python3.12/site-packages/airflow/example_dags/example_python_decorator.py took 0.288 seconds
[2025-08-17T01:18:37.333+0000] {processor.py:161} INFO - Started process (PID=185) to work on /home/airflow/.local/lib/python3.12/site-packages/airflow/example_dags/example_python_decorator.py
[2025-08-17T01:18:37.335+0000] {processor.py:830} INFO - Processing file /home/airflow/.local/lib/python3.12/site-packages/airflow/example_dags/example_python_decorator.py for tasks to queue
[2025-08-17T01:18:37.337+0000] {logging_mixin.py:188} INFO - [2025-08-17T01:18:37.337+0000] {dagbag.py:545} INFO - Filling up the DagBag from /home/airflow/.local/lib/python3.12/site-packages/airflow/example_dags/example_python_decorator.py
[2025-08-17T01:18:37.351+0000] {processor.py:840} INFO - DAG(s) 'example_python_decorator' retrieved from /home/airflow/.local/lib/python3.12/site-packages/airflow/example_dags/example_python_decorator.py
[2025-08-17T01:18:37.379+0000] {logging_mixin.py:188} INFO - [2025-08-17T01:18:37.378+0000] {dag.py:3089} INFO - Sync 1 DAGs
[2025-08-17T01:18:37.393+0000] {logging_mixin.py:188} INFO - [2025-08-17T01:18:37.393+0000] {dag.py:3947} INFO - Setting next_dagrun for example_python_decorator to None, run_after=None
[2025-08-17T01:18:37.415+0000] {processor.py:183} INFO - Processing /home/airflow/.local/lib/python3.12/site-packages/airflow/example_dags/example_python_decorator.py took 0.087 seconds
[2025-08-17T01:19:07.564+0000] {processor.py:161} INFO - Started process (PID=244) to work on /home/airflow/.local/lib/python3.12/site-packages/airflow/example_dags/example_python_decorator.py
[2025-08-17T01:19:07.565+0000] {processor.py:830} INFO - Processing file /home/airflow/.local/lib/python3.12/site-packages/airflow/example_dags/example_python_decorator.py for tasks to queue
[2025-08-17T01:19:07.567+0000] {logging_mixin.py:188} INFO - [2025-08-17T01:19:07.567+0000] {dagbag.py:545} INFO - Filling up the DagBag from /home/airflow/.local/lib/python3.12/site-packages/airflow/example_dags/example_python_decorator.py
[2025-08-17T01:19:07.580+0000] {processor.py:840} INFO - DAG(s) 'example_python_decorator' retrieved from /home/airflow/.local/lib/python3.12/site-packages/airflow/example_dags/example_python_decorator.py
[2025-08-17T01:19:07.603+0000] {logging_mixin.py:188} INFO - [2025-08-17T01:19:07.603+0000] {dag.py:3089} INFO - Sync 1 DAGs
[2025-08-17T01:19:07.615+0000] {logging_mixin.py:188} INFO - [2025-08-17T01:19:07.615+0000] {dag.py:3947} INFO - Setting next_dagrun for example_python_decorator to None, run_after=None
[2025-08-17T01:19:07.635+0000] {processor.py:183} INFO - Processing /home/airflow/.local/lib/python3.12/site-packages/airflow/example_dags/example_python_decorator.py took 0.076 seconds
[2025-08-17T01:19:37.807+0000] {processor.py:161} INFO - Started process (PID=303) to work on /home/airflow/.local/lib/python3.12/site-packages/airflow/example_dags/example_python_decorator.py
[2025-08-17T01:19:37.807+0000] {processor.py:830} INFO - Processing file /home/airflow/.local/lib/python3.12/site-packages/airflow/example_dags/example_python_decorator.py for tasks to queue
[2025-08-17T01:19:37.810+0000] {logging_mixin.py:188} INFO - [2025-08-17T01:19:37.810+0000] {dagbag.py:545} INFO - Filling up the DagBag from /home/airflow/.local/lib/python3.12/site-packages/airflow/example_dags/example_python_decorator.py
[2025-08-17T01:19:37.822+0000] {processor.py:840} INFO - DAG(s) 'example_python_decorator' retrieved from /home/airflow/.local/lib/python3.12/site-packages/airflow/example_dags/example_python_decorator.py
[2025-08-17T01:19:37.846+0000] {logging_mixin.py:188} INFO - [2025-08-17T01:19:37.846+0000] {dag.py:3089} INFO - Sync 1 DAGs
[2025-08-17T01:19:37.858+0000] {logging_mixin.py:188} INFO - [2025-08-17T01:19:37.858+0000] {dag.py:3947} INFO - Setting next_dagrun for example_python_decorator to None, run_after=None
[2025-08-17T01:19:37.879+0000] {processor.py:183} INFO - Processing /home/airflow/.local/lib/python3.12/site-packages/airflow/example_dags/example_python_decorator.py took 0.079 seconds
[2025-08-17T01:20:07.968+0000] {processor.py:161} INFO - Started process (PID=362) to work on /home/airflow/.local/lib/python3.12/site-packages/airflow/example_dags/example_python_decorator.py
[2025-08-17T01:20:07.969+0000] {processor.py:830} INFO - Processing file /home/airflow/.local/lib/python3.12/site-packages/airflow/example_dags/example_python_decorator.py for tasks to queue
[2025-08-17T01:20:07.971+0000] {logging_mixin.py:188} INFO - [2025-08-17T01:20:07.971+0000] {dagbag.py:545} INFO - Filling up the DagBag from /home/airflow/.local/lib/python3.12/site-packages/airflow/example_dags/example_python_decorator.py
[2025-08-17T01:20:07.983+0000] {processor.py:840} INFO - DAG(s) 'example_python_decorator' retrieved from /home/airflow/.local/lib/python3.12/site-packages/airflow/example_dags/example_python_decorator.py
[2025-08-17T01:20:08.007+0000] {logging_mixin.py:188} INFO - [2025-08-17T01:20:08.007+0000] {dag.py:3089} INFO - Sync 1 DAGs
[2025-08-17T01:20:08.019+0000] {logging_mixin.py:188} INFO - [2025-08-17T01:20:08.019+0000] {dag.py:3947} INFO - Setting next_dagrun for example_python_decorator to None, run_after=None
[2025-08-17T01:20:08.036+0000] {processor.py:183} INFO - Processing /home/airflow/.local/lib/python3.12/site-packages/airflow/example_dags/example_python_decorator.py took 0.074 seconds
[2025-08-17T01:20:38.364+0000] {processor.py:161} INFO - Started process (PID=422) to work on /home/airflow/.local/lib/python3.12/site-packages/airflow/example_dags/example_python_decorator.py
[2025-08-17T01:20:38.366+0000] {processor.py:830} INFO - Processing file /home/airflow/.local/lib/python3.12/site-packages/airflow/example_dags/example_python_decorator.py for tasks to queue
[2025-08-17T01:20:38.368+0000] {logging_mixin.py:188} INFO - [2025-08-17T01:20:38.368+0000] {dagbag.py:545} INFO - Filling up the DagBag from /home/airflow/.local/lib/python3.12/site-packages/airflow/example_dags/example_python_decorator.py
[2025-08-17T01:20:38.380+0000] {processor.py:840} INFO - DAG(s) 'example_python_decorator' retrieved from /home/airflow/.local/lib/python3.12/site-packages/airflow/example_dags/example_python_decorator.py
[2025-08-17T01:20:38.403+0000] {logging_mixin.py:188} INFO - [2025-08-17T01:20:38.403+0000] {dag.py:3089} INFO - Sync 1 DAGs
[2025-08-17T01:20:38.416+0000] {logging_mixin.py:188} INFO - [2025-08-17T01:20:38.415+0000] {dag.py:3947} INFO - Setting next_dagrun for example_python_decorator to None, run_after=None
[2025-08-17T01:20:38.436+0000] {processor.py:183} INFO - Processing /home/airflow/.local/lib/python3.12/site-packages/airflow/example_dags/example_python_decorator.py took 0.077 seconds
[2025-08-17T01:21:08.874+0000] {processor.py:161} INFO - Started process (PID=482) to work on /home/airflow/.local/lib/python3.12/site-packages/airflow/example_dags/example_python_decorator.py
[2025-08-17T01:21:08.875+0000] {processor.py:830} INFO - Processing file /home/airflow/.local/lib/python3.12/site-packages/airflow/example_dags/example_python_decorator.py for tasks to queue
[2025-08-17T01:21:08.877+0000] {logging_mixin.py:188} INFO - [2025-08-17T01:21:08.877+0000] {dagbag.py:545} INFO - Filling up the DagBag from /home/airflow/.local/lib/python3.12/site-packages/airflow/example_dags/example_python_decorator.py
[2025-08-17T01:21:08.891+0000] {processor.py:840} INFO - DAG(s) 'example_python_decorator' retrieved from /home/airflow/.local/lib/python3.12/site-packages/airflow/example_dags/example_python_decorator.py
[2025-08-17T01:21:08.917+0000] {logging_mixin.py:188} INFO - [2025-08-17T01:21:08.917+0000] {dag.py:3089} INFO - Sync 1 DAGs
[2025-08-17T01:21:08.931+0000] {logging_mixin.py:188} INFO - [2025-08-17T01:21:08.930+0000] {dag.py:3947} INFO - Setting next_dagrun for example_python_decorator to None, run_after=None
[2025-08-17T01:21:08.953+0000] {processor.py:183} INFO - Processing /home/airflow/.local/lib/python3.12/site-packages/airflow/example_dags/example_python_decorator.py took 0.085 seconds
[2025-08-17T01:21:39.171+0000] {processor.py:161} INFO - Started process (PID=541) to work on /home/airflow/.local/lib/python3.12/site-packages/airflow/example_dags/example_python_decorator.py
[2025-08-17T01:21:39.172+0000] {processor.py:830} INFO - Processing file /home/airflow/.local/lib/python3.12/site-packages/airflow/example_dags/example_python_decorator.py for tasks to queue
[2025-08-17T01:21:39.175+0000] {logging_mixin.py:188} INFO - [2025-08-17T01:21:39.174+0000] {dagbag.py:545} INFO - Filling up the DagBag from /home/airflow/.local/lib/python3.12/site-packages/airflow/example_dags/example_python_decorator.py
[2025-08-17T01:21:39.188+0000] {processor.py:840} INFO - DAG(s) 'example_python_decorator' retrieved from /home/airflow/.local/lib/python3.12/site-packages/airflow/example_dags/example_python_decorator.py
[2025-08-17T01:21:39.210+0000] {logging_mixin.py:188} INFO - [2025-08-17T01:21:39.210+0000] {dag.py:3089} INFO - Sync 1 DAGs
[2025-08-17T01:21:39.223+0000] {logging_mixin.py:188} INFO - [2025-08-17T01:21:39.222+0000] {dag.py:3947} INFO - Setting next_dagrun for example_python_decorator to None, run_after=None
[2025-08-17T01:21:39.250+0000] {processor.py:183} INFO - Processing /home/airflow/.local/lib/python3.12/site-packages/airflow/example_dags/example_python_decorator.py took 0.085 seconds
[2025-08-17T01:22:09.512+0000] {processor.py:161} INFO - Started process (PID=600) to work on /home/airflow/.local/lib/python3.12/site-packages/airflow/example_dags/example_python_decorator.py
[2025-08-17T01:22:09.514+0000] {processor.py:830} INFO - Processing file /home/airflow/.local/lib/python3.12/site-packages/airflow/example_dags/example_python_decorator.py for tasks to queue
[2025-08-17T01:22:09.516+0000] {logging_mixin.py:188} INFO - [2025-08-17T01:22:09.515+0000] {dagbag.py:545} INFO - Filling up the DagBag from /home/airflow/.local/lib/python3.12/site-packages/airflow/example_dags/example_python_decorator.py
[2025-08-17T01:22:09.528+0000] {processor.py:840} INFO - DAG(s) 'example_python_decorator' retrieved from /home/airflow/.local/lib/python3.12/site-packages/airflow/example_dags/example_python_decorator.py
[2025-08-17T01:22:09.553+0000] {logging_mixin.py:188} INFO - [2025-08-17T01:22:09.552+0000] {dag.py:3089} INFO - Sync 1 DAGs
[2025-08-17T01:22:09.566+0000] {logging_mixin.py:188} INFO - [2025-08-17T01:22:09.565+0000] {dag.py:3947} INFO - Setting next_dagrun for example_python_decorator to None, run_after=None
[2025-08-17T01:22:09.586+0000] {processor.py:183} INFO - Processing /home/airflow/.local/lib/python3.12/site-packages/airflow/example_dags/example_python_decorator.py took 0.079 seconds
[2025-08-17T01:22:39.839+0000] {processor.py:161} INFO - Started process (PID=659) to work on /home/airflow/.local/lib/python3.12/site-packages/airflow/example_dags/example_python_decorator.py
[2025-08-17T01:22:39.840+0000] {processor.py:830} INFO - Processing file /home/airflow/.local/lib/python3.12/site-packages/airflow/example_dags/example_python_decorator.py for tasks to queue
[2025-08-17T01:22:39.843+0000] {logging_mixin.py:188} INFO - [2025-08-17T01:22:39.842+0000] {dagbag.py:545} INFO - Filling up the DagBag from /home/airflow/.local/lib/python3.12/site-packages/airflow/example_dags/example_python_decorator.py
[2025-08-17T01:22:39.857+0000] {processor.py:840} INFO - DAG(s) 'example_python_decorator' retrieved from /home/airflow/.local/lib/python3.12/site-packages/airflow/example_dags/example_python_decorator.py
[2025-08-17T01:22:39.886+0000] {logging_mixin.py:188} INFO - [2025-08-17T01:22:39.885+0000] {dag.py:3089} INFO - Sync 1 DAGs
[2025-08-17T01:22:39.900+0000] {logging_mixin.py:188} INFO - [2025-08-17T01:22:39.900+0000] {dag.py:3947} INFO - Setting next_dagrun for example_python_decorator to None, run_after=None
[2025-08-17T01:22:39.921+0000] {processor.py:183} INFO - Processing /home/airflow/.local/lib/python3.12/site-packages/airflow/example_dags/example_python_decorator.py took 0.089 seconds
[2025-08-17T01:23:10.179+0000] {processor.py:161} INFO - Started process (PID=718) to work on /home/airflow/.local/lib/python3.12/site-packages/airflow/example_dags/example_python_decorator.py
[2025-08-17T01:23:10.180+0000] {processor.py:830} INFO - Processing file /home/airflow/.local/lib/python3.12/site-packages/airflow/example_dags/example_python_decorator.py for tasks to queue
[2025-08-17T01:23:10.183+0000] {logging_mixin.py:188} INFO - [2025-08-17T01:23:10.182+0000] {dagbag.py:545} INFO - Filling up the DagBag from /home/airflow/.local/lib/python3.12/site-packages/airflow/example_dags/example_python_decorator.py
[2025-08-17T01:23:10.194+0000] {processor.py:840} INFO - DAG(s) 'example_python_decorator' retrieved from /home/airflow/.local/lib/python3.12/site-packages/airflow/example_dags/example_python_decorator.py
[2025-08-17T01:23:10.217+0000] {logging_mixin.py:188} INFO - [2025-08-17T01:23:10.216+0000] {dag.py:3089} INFO - Sync 1 DAGs
[2025-08-17T01:23:10.227+0000] {logging_mixin.py:188} INFO - [2025-08-17T01:23:10.227+0000] {dag.py:3947} INFO - Setting next_dagrun for example_python_decorator to None, run_after=None
[2025-08-17T01:23:10.245+0000] {processor.py:183} INFO - Processing /home/airflow/.local/lib/python3.12/site-packages/airflow/example_dags/example_python_decorator.py took 0.072 seconds
[2025-08-17T01:23:40.937+0000] {processor.py:161} INFO - Started process (PID=783) to work on /home/airflow/.local/lib/python3.12/site-packages/airflow/example_dags/example_python_decorator.py
[2025-08-17T01:23:40.939+0000] {processor.py:830} INFO - Processing file /home/airflow/.local/lib/python3.12/site-packages/airflow/example_dags/example_python_decorator.py for tasks to queue
[2025-08-17T01:23:40.942+0000] {logging_mixin.py:188} INFO - [2025-08-17T01:23:40.941+0000] {dagbag.py:545} INFO - Filling up the DagBag from /home/airflow/.local/lib/python3.12/site-packages/airflow/example_dags/example_python_decorator.py
[2025-08-17T01:23:40.959+0000] {processor.py:840} INFO - DAG(s) 'example_python_decorator' retrieved from /home/airflow/.local/lib/python3.12/site-packages/airflow/example_dags/example_python_decorator.py
[2025-08-17T01:23:40.989+0000] {logging_mixin.py:188} INFO - [2025-08-17T01:23:40.988+0000] {dag.py:3089} INFO - Sync 1 DAGs
[2025-08-17T01:23:41.004+0000] {logging_mixin.py:188} INFO - [2025-08-17T01:23:41.004+0000] {dag.py:3947} INFO - Setting next_dagrun for example_python_decorator to None, run_after=None
[2025-08-17T01:23:41.026+0000] {processor.py:183} INFO - Processing /home/airflow/.local/lib/python3.12/site-packages/airflow/example_dags/example_python_decorator.py took 0.098 seconds
[2025-08-17T01:24:11.267+0000] {processor.py:161} INFO - Started process (PID=842) to work on /home/airflow/.local/lib/python3.12/site-packages/airflow/example_dags/example_python_decorator.py
[2025-08-17T01:24:11.268+0000] {processor.py:830} INFO - Processing file /home/airflow/.local/lib/python3.12/site-packages/airflow/example_dags/example_python_decorator.py for tasks to queue
[2025-08-17T01:24:11.271+0000] {logging_mixin.py:188} INFO - [2025-08-17T01:24:11.271+0000] {dagbag.py:545} INFO - Filling up the DagBag from /home/airflow/.local/lib/python3.12/site-packages/airflow/example_dags/example_python_decorator.py
[2025-08-17T01:24:11.284+0000] {processor.py:840} INFO - DAG(s) 'example_python_decorator' retrieved from /home/airflow/.local/lib/python3.12/site-packages/airflow/example_dags/example_python_decorator.py
[2025-08-17T01:24:11.308+0000] {logging_mixin.py:188} INFO - [2025-08-17T01:24:11.308+0000] {dag.py:3089} INFO - Sync 1 DAGs
[2025-08-17T01:24:11.323+0000] {logging_mixin.py:188} INFO - [2025-08-17T01:24:11.323+0000] {dag.py:3947} INFO - Setting next_dagrun for example_python_decorator to None, run_after=None
[2025-08-17T01:24:11.344+0000] {processor.py:183} INFO - Processing /home/airflow/.local/lib/python3.12/site-packages/airflow/example_dags/example_python_decorator.py took 0.084 seconds
[2025-08-17T01:24:41.531+0000] {processor.py:161} INFO - Started process (PID=901) to work on /home/airflow/.local/lib/python3.12/site-packages/airflow/example_dags/example_python_decorator.py
[2025-08-17T01:24:41.533+0000] {processor.py:830} INFO - Processing file /home/airflow/.local/lib/python3.12/site-packages/airflow/example_dags/example_python_decorator.py for tasks to queue
[2025-08-17T01:24:41.534+0000] {logging_mixin.py:188} INFO - [2025-08-17T01:24:41.534+0000] {dagbag.py:545} INFO - Filling up the DagBag from /home/airflow/.local/lib/python3.12/site-packages/airflow/example_dags/example_python_decorator.py
[2025-08-17T01:24:41.546+0000] {processor.py:840} INFO - DAG(s) 'example_python_decorator' retrieved from /home/airflow/.local/lib/python3.12/site-packages/airflow/example_dags/example_python_decorator.py
[2025-08-17T01:24:41.569+0000] {logging_mixin.py:188} INFO - [2025-08-17T01:24:41.569+0000] {dag.py:3089} INFO - Sync 1 DAGs
[2025-08-17T01:24:41.582+0000] {logging_mixin.py:188} INFO - [2025-08-17T01:24:41.582+0000] {dag.py:3947} INFO - Setting next_dagrun for example_python_decorator to None, run_after=None
[2025-08-17T01:24:41.600+0000] {processor.py:183} INFO - Processing /home/airflow/.local/lib/python3.12/site-packages/airflow/example_dags/example_python_decorator.py took 0.074 seconds
[2025-08-17T01:25:11.848+0000] {processor.py:161} INFO - Started process (PID=960) to work on /home/airflow/.local/lib/python3.12/site-packages/airflow/example_dags/example_python_decorator.py
[2025-08-17T01:25:11.849+0000] {processor.py:830} INFO - Processing file /home/airflow/.local/lib/python3.12/site-packages/airflow/example_dags/example_python_decorator.py for tasks to queue
[2025-08-17T01:25:11.852+0000] {logging_mixin.py:188} INFO - [2025-08-17T01:25:11.852+0000] {dagbag.py:545} INFO - Filling up the DagBag from /home/airflow/.local/lib/python3.12/site-packages/airflow/example_dags/example_python_decorator.py
[2025-08-17T01:25:11.868+0000] {processor.py:840} INFO - DAG(s) 'example_python_decorator' retrieved from /home/airflow/.local/lib/python3.12/site-packages/airflow/example_dags/example_python_decorator.py
[2025-08-17T01:25:11.898+0000] {logging_mixin.py:188} INFO - [2025-08-17T01:25:11.898+0000] {dag.py:3089} INFO - Sync 1 DAGs
[2025-08-17T01:25:11.914+0000] {logging_mixin.py:188} INFO - [2025-08-17T01:25:11.914+0000] {dag.py:3947} INFO - Setting next_dagrun for example_python_decorator to None, run_after=None
[2025-08-17T01:25:11.939+0000] {processor.py:183} INFO - Processing /home/airflow/.local/lib/python3.12/site-packages/airflow/example_dags/example_python_decorator.py took 0.098 seconds
[2025-08-17T01:26:37.891+0000] {processor.py:161} INFO - Started process (PID=67) to work on /home/airflow/.local/lib/python3.12/site-packages/airflow/example_dags/example_python_decorator.py
[2025-08-17T01:26:37.893+0000] {processor.py:830} INFO - Processing file /home/airflow/.local/lib/python3.12/site-packages/airflow/example_dags/example_python_decorator.py for tasks to queue
[2025-08-17T01:26:37.895+0000] {logging_mixin.py:188} INFO - [2025-08-17T01:26:37.895+0000] {dagbag.py:545} INFO - Filling up the DagBag from /home/airflow/.local/lib/python3.12/site-packages/airflow/example_dags/example_python_decorator.py
[2025-08-17T01:26:37.917+0000] {processor.py:840} INFO - DAG(s) 'example_python_decorator' retrieved from /home/airflow/.local/lib/python3.12/site-packages/airflow/example_dags/example_python_decorator.py
[2025-08-17T01:26:37.939+0000] {logging_mixin.py:188} INFO - [2025-08-17T01:26:37.938+0000] {dag.py:3089} INFO - Sync 1 DAGs
[2025-08-17T01:26:37.962+0000] {logging_mixin.py:188} INFO - [2025-08-17T01:26:37.962+0000] {dag.py:3947} INFO - Setting next_dagrun for example_python_decorator to None, run_after=None
[2025-08-17T01:26:37.996+0000] {processor.py:183} INFO - Processing /home/airflow/.local/lib/python3.12/site-packages/airflow/example_dags/example_python_decorator.py took 0.112 seconds
[2025-08-17T01:27:08.070+0000] {processor.py:161} INFO - Started process (PID=126) to work on /home/airflow/.local/lib/python3.12/site-packages/airflow/example_dags/example_python_decorator.py
[2025-08-17T01:27:08.071+0000] {processor.py:830} INFO - Processing file /home/airflow/.local/lib/python3.12/site-packages/airflow/example_dags/example_python_decorator.py for tasks to queue
[2025-08-17T01:27:08.073+0000] {logging_mixin.py:188} INFO - [2025-08-17T01:27:08.073+0000] {dagbag.py:545} INFO - Filling up the DagBag from /home/airflow/.local/lib/python3.12/site-packages/airflow/example_dags/example_python_decorator.py
[2025-08-17T01:27:08.086+0000] {processor.py:840} INFO - DAG(s) 'example_python_decorator' retrieved from /home/airflow/.local/lib/python3.12/site-packages/airflow/example_dags/example_python_decorator.py
[2025-08-17T01:27:08.101+0000] {logging_mixin.py:188} INFO - [2025-08-17T01:27:08.101+0000] {dag.py:3089} INFO - Sync 1 DAGs
[2025-08-17T01:27:08.113+0000] {logging_mixin.py:188} INFO - [2025-08-17T01:27:08.113+0000] {dag.py:3947} INFO - Setting next_dagrun for example_python_decorator to None, run_after=None
[2025-08-17T01:27:08.135+0000] {processor.py:183} INFO - Processing /home/airflow/.local/lib/python3.12/site-packages/airflow/example_dags/example_python_decorator.py took 0.071 seconds
[2025-08-17T01:27:38.844+0000] {processor.py:161} INFO - Started process (PID=185) to work on /home/airflow/.local/lib/python3.12/site-packages/airflow/example_dags/example_python_decorator.py
[2025-08-17T01:27:38.846+0000] {processor.py:830} INFO - Processing file /home/airflow/.local/lib/python3.12/site-packages/airflow/example_dags/example_python_decorator.py for tasks to queue
[2025-08-17T01:27:38.848+0000] {logging_mixin.py:188} INFO - [2025-08-17T01:27:38.848+0000] {dagbag.py:545} INFO - Filling up the DagBag from /home/airflow/.local/lib/python3.12/site-packages/airflow/example_dags/example_python_decorator.py
[2025-08-17T01:27:38.863+0000] {processor.py:840} INFO - DAG(s) 'example_python_decorator' retrieved from /home/airflow/.local/lib/python3.12/site-packages/airflow/example_dags/example_python_decorator.py
[2025-08-17T01:27:38.987+0000] {logging_mixin.py:188} INFO - [2025-08-17T01:27:38.986+0000] {dag.py:3089} INFO - Sync 1 DAGs
[2025-08-17T01:27:38.998+0000] {logging_mixin.py:188} INFO - [2025-08-17T01:27:38.998+0000] {dag.py:3947} INFO - Setting next_dagrun for example_python_decorator to None, run_after=None
[2025-08-17T01:27:39.024+0000] {processor.py:183} INFO - Processing /home/airflow/.local/lib/python3.12/site-packages/airflow/example_dags/example_python_decorator.py took 0.186 seconds
[2025-08-17T01:28:09.398+0000] {processor.py:161} INFO - Started process (PID=244) to work on /home/airflow/.local/lib/python3.12/site-packages/airflow/example_dags/example_python_decorator.py
[2025-08-17T01:28:09.399+0000] {processor.py:830} INFO - Processing file /home/airflow/.local/lib/python3.12/site-packages/airflow/example_dags/example_python_decorator.py for tasks to queue
[2025-08-17T01:28:09.402+0000] {logging_mixin.py:188} INFO - [2025-08-17T01:28:09.401+0000] {dagbag.py:545} INFO - Filling up the DagBag from /home/airflow/.local/lib/python3.12/site-packages/airflow/example_dags/example_python_decorator.py
[2025-08-17T01:28:09.416+0000] {processor.py:840} INFO - DAG(s) 'example_python_decorator' retrieved from /home/airflow/.local/lib/python3.12/site-packages/airflow/example_dags/example_python_decorator.py
[2025-08-17T01:28:09.450+0000] {logging_mixin.py:188} INFO - [2025-08-17T01:28:09.449+0000] {dag.py:3089} INFO - Sync 1 DAGs
[2025-08-17T01:28:09.467+0000] {logging_mixin.py:188} INFO - [2025-08-17T01:28:09.467+0000] {dag.py:3947} INFO - Setting next_dagrun for example_python_decorator to None, run_after=None
[2025-08-17T01:28:09.496+0000] {processor.py:183} INFO - Processing /home/airflow/.local/lib/python3.12/site-packages/airflow/example_dags/example_python_decorator.py took 0.105 seconds
[2025-08-17T01:28:39.671+0000] {processor.py:161} INFO - Started process (PID=303) to work on /home/airflow/.local/lib/python3.12/site-packages/airflow/example_dags/example_python_decorator.py
[2025-08-17T01:28:39.672+0000] {processor.py:830} INFO - Processing file /home/airflow/.local/lib/python3.12/site-packages/airflow/example_dags/example_python_decorator.py for tasks to queue
[2025-08-17T01:28:39.674+0000] {logging_mixin.py:188} INFO - [2025-08-17T01:28:39.674+0000] {dagbag.py:545} INFO - Filling up the DagBag from /home/airflow/.local/lib/python3.12/site-packages/airflow/example_dags/example_python_decorator.py
[2025-08-17T01:28:39.687+0000] {processor.py:840} INFO - DAG(s) 'example_python_decorator' retrieved from /home/airflow/.local/lib/python3.12/site-packages/airflow/example_dags/example_python_decorator.py
[2025-08-17T01:28:39.713+0000] {logging_mixin.py:188} INFO - [2025-08-17T01:28:39.713+0000] {dag.py:3089} INFO - Sync 1 DAGs
[2025-08-17T01:28:39.726+0000] {logging_mixin.py:188} INFO - [2025-08-17T01:28:39.726+0000] {dag.py:3947} INFO - Setting next_dagrun for example_python_decorator to None, run_after=None
[2025-08-17T01:28:39.748+0000] {processor.py:183} INFO - Processing /home/airflow/.local/lib/python3.12/site-packages/airflow/example_dags/example_python_decorator.py took 0.083 seconds
[2025-08-17T01:29:10.266+0000] {processor.py:161} INFO - Started process (PID=362) to work on /home/airflow/.local/lib/python3.12/site-packages/airflow/example_dags/example_python_decorator.py
[2025-08-17T01:29:10.267+0000] {processor.py:830} INFO - Processing file /home/airflow/.local/lib/python3.12/site-packages/airflow/example_dags/example_python_decorator.py for tasks to queue
[2025-08-17T01:29:10.270+0000] {logging_mixin.py:188} INFO - [2025-08-17T01:29:10.269+0000] {dagbag.py:545} INFO - Filling up the DagBag from /home/airflow/.local/lib/python3.12/site-packages/airflow/example_dags/example_python_decorator.py
[2025-08-17T01:29:10.284+0000] {processor.py:840} INFO - DAG(s) 'example_python_decorator' retrieved from /home/airflow/.local/lib/python3.12/site-packages/airflow/example_dags/example_python_decorator.py
[2025-08-17T01:29:10.314+0000] {logging_mixin.py:188} INFO - [2025-08-17T01:29:10.313+0000] {dag.py:3089} INFO - Sync 1 DAGs
[2025-08-17T01:29:10.330+0000] {logging_mixin.py:188} INFO - [2025-08-17T01:29:10.329+0000] {dag.py:3947} INFO - Setting next_dagrun for example_python_decorator to None, run_after=None
[2025-08-17T01:29:10.354+0000] {processor.py:183} INFO - Processing /home/airflow/.local/lib/python3.12/site-packages/airflow/example_dags/example_python_decorator.py took 0.094 seconds
[2025-08-17T01:29:40.873+0000] {processor.py:161} INFO - Started process (PID=423) to work on /home/airflow/.local/lib/python3.12/site-packages/airflow/example_dags/example_python_decorator.py
[2025-08-17T01:29:40.875+0000] {processor.py:830} INFO - Processing file /home/airflow/.local/lib/python3.12/site-packages/airflow/example_dags/example_python_decorator.py for tasks to queue
[2025-08-17T01:29:40.877+0000] {logging_mixin.py:188} INFO - [2025-08-17T01:29:40.877+0000] {dagbag.py:545} INFO - Filling up the DagBag from /home/airflow/.local/lib/python3.12/site-packages/airflow/example_dags/example_python_decorator.py
[2025-08-17T01:29:40.890+0000] {processor.py:840} INFO - DAG(s) 'example_python_decorator' retrieved from /home/airflow/.local/lib/python3.12/site-packages/airflow/example_dags/example_python_decorator.py
[2025-08-17T01:29:40.917+0000] {logging_mixin.py:188} INFO - [2025-08-17T01:29:40.916+0000] {dag.py:3089} INFO - Sync 1 DAGs
[2025-08-17T01:29:40.931+0000] {logging_mixin.py:188} INFO - [2025-08-17T01:29:40.931+0000] {dag.py:3947} INFO - Setting next_dagrun for example_python_decorator to None, run_after=None
[2025-08-17T01:29:40.954+0000] {processor.py:183} INFO - Processing /home/airflow/.local/lib/python3.12/site-packages/airflow/example_dags/example_python_decorator.py took 0.087 seconds
[2025-08-17T01:30:11.530+0000] {processor.py:161} INFO - Started process (PID=488) to work on /home/airflow/.local/lib/python3.12/site-packages/airflow/example_dags/example_python_decorator.py
[2025-08-17T01:30:11.532+0000] {processor.py:830} INFO - Processing file /home/airflow/.local/lib/python3.12/site-packages/airflow/example_dags/example_python_decorator.py for tasks to queue
[2025-08-17T01:30:11.534+0000] {logging_mixin.py:188} INFO - [2025-08-17T01:30:11.534+0000] {dagbag.py:545} INFO - Filling up the DagBag from /home/airflow/.local/lib/python3.12/site-packages/airflow/example_dags/example_python_decorator.py
[2025-08-17T01:30:11.546+0000] {processor.py:840} INFO - DAG(s) 'example_python_decorator' retrieved from /home/airflow/.local/lib/python3.12/site-packages/airflow/example_dags/example_python_decorator.py
[2025-08-17T01:30:11.570+0000] {logging_mixin.py:188} INFO - [2025-08-17T01:30:11.570+0000] {dag.py:3089} INFO - Sync 1 DAGs
[2025-08-17T01:30:11.584+0000] {logging_mixin.py:188} INFO - [2025-08-17T01:30:11.584+0000] {dag.py:3947} INFO - Setting next_dagrun for example_python_decorator to None, run_after=None
[2025-08-17T01:30:11.605+0000] {processor.py:183} INFO - Processing /home/airflow/.local/lib/python3.12/site-packages/airflow/example_dags/example_python_decorator.py took 0.081 seconds
[2025-08-17T01:30:41.972+0000] {processor.py:161} INFO - Started process (PID=547) to work on /home/airflow/.local/lib/python3.12/site-packages/airflow/example_dags/example_python_decorator.py
[2025-08-17T01:30:41.973+0000] {processor.py:830} INFO - Processing file /home/airflow/.local/lib/python3.12/site-packages/airflow/example_dags/example_python_decorator.py for tasks to queue
[2025-08-17T01:30:41.976+0000] {logging_mixin.py:188} INFO - [2025-08-17T01:30:41.975+0000] {dagbag.py:545} INFO - Filling up the DagBag from /home/airflow/.local/lib/python3.12/site-packages/airflow/example_dags/example_python_decorator.py
[2025-08-17T01:30:41.988+0000] {processor.py:840} INFO - DAG(s) 'example_python_decorator' retrieved from /home/airflow/.local/lib/python3.12/site-packages/airflow/example_dags/example_python_decorator.py
[2025-08-17T01:30:42.013+0000] {logging_mixin.py:188} INFO - [2025-08-17T01:30:42.013+0000] {dag.py:3089} INFO - Sync 1 DAGs
[2025-08-17T01:30:42.027+0000] {logging_mixin.py:188} INFO - [2025-08-17T01:30:42.026+0000] {dag.py:3947} INFO - Setting next_dagrun for example_python_decorator to None, run_after=None
[2025-08-17T01:30:42.049+0000] {processor.py:183} INFO - Processing /home/airflow/.local/lib/python3.12/site-packages/airflow/example_dags/example_python_decorator.py took 0.083 seconds
[2025-08-17T01:31:12.394+0000] {processor.py:161} INFO - Started process (PID=606) to work on /home/airflow/.local/lib/python3.12/site-packages/airflow/example_dags/example_python_decorator.py
[2025-08-17T01:31:12.396+0000] {processor.py:830} INFO - Processing file /home/airflow/.local/lib/python3.12/site-packages/airflow/example_dags/example_python_decorator.py for tasks to queue
[2025-08-17T01:31:12.400+0000] {logging_mixin.py:188} INFO - [2025-08-17T01:31:12.399+0000] {dagbag.py:545} INFO - Filling up the DagBag from /home/airflow/.local/lib/python3.12/site-packages/airflow/example_dags/example_python_decorator.py
[2025-08-17T01:31:12.423+0000] {processor.py:840} INFO - DAG(s) 'example_python_decorator' retrieved from /home/airflow/.local/lib/python3.12/site-packages/airflow/example_dags/example_python_decorator.py
[2025-08-17T01:31:12.460+0000] {logging_mixin.py:188} INFO - [2025-08-17T01:31:12.459+0000] {dag.py:3089} INFO - Sync 1 DAGs
[2025-08-17T01:31:12.477+0000] {logging_mixin.py:188} INFO - [2025-08-17T01:31:12.477+0000] {dag.py:3947} INFO - Setting next_dagrun for example_python_decorator to None, run_after=None
[2025-08-17T01:31:12.503+0000] {processor.py:183} INFO - Processing /home/airflow/.local/lib/python3.12/site-packages/airflow/example_dags/example_python_decorator.py took 0.120 seconds
[2025-08-17T01:31:42.973+0000] {processor.py:161} INFO - Started process (PID=668) to work on /home/airflow/.local/lib/python3.12/site-packages/airflow/example_dags/example_python_decorator.py
[2025-08-17T01:31:42.975+0000] {processor.py:830} INFO - Processing file /home/airflow/.local/lib/python3.12/site-packages/airflow/example_dags/example_python_decorator.py for tasks to queue
[2025-08-17T01:31:42.978+0000] {logging_mixin.py:188} INFO - [2025-08-17T01:31:42.978+0000] {dagbag.py:545} INFO - Filling up the DagBag from /home/airflow/.local/lib/python3.12/site-packages/airflow/example_dags/example_python_decorator.py
[2025-08-17T01:31:42.997+0000] {processor.py:840} INFO - DAG(s) 'example_python_decorator' retrieved from /home/airflow/.local/lib/python3.12/site-packages/airflow/example_dags/example_python_decorator.py
[2025-08-17T01:31:43.044+0000] {logging_mixin.py:188} INFO - [2025-08-17T01:31:43.043+0000] {dag.py:3089} INFO - Sync 1 DAGs
[2025-08-17T01:31:43.077+0000] {logging_mixin.py:188} INFO - [2025-08-17T01:31:43.077+0000] {dag.py:3947} INFO - Setting next_dagrun for example_python_decorator to None, run_after=None
[2025-08-17T01:31:43.102+0000] {processor.py:183} INFO - Processing /home/airflow/.local/lib/python3.12/site-packages/airflow/example_dags/example_python_decorator.py took 0.136 seconds
