[2025-08-17T00:53:36.141+0000] {processor.py:161} INFO - Started process (PID=100) to work on /home/airflow/.local/lib/python3.12/site-packages/airflow/example_dags/example_sensors.py
[2025-08-17T00:53:36.142+0000] {processor.py:830} INFO - Processing file /home/airflow/.local/lib/python3.12/site-packages/airflow/example_dags/example_sensors.py for tasks to queue
[2025-08-17T00:53:36.145+0000] {logging_mixin.py:188} INFO - [2025-08-17T00:53:36.145+0000] {dagbag.py:545} INFO - Filling up the DagBag from /home/airflow/.local/lib/python3.12/site-packages/airflow/example_dags/example_sensors.py
[2025-08-17T00:53:36.163+0000] {processor.py:840} INFO - DAG(s) 'example_sensors' retrieved from /home/airflow/.local/lib/python3.12/site-packages/airflow/example_dags/example_sensors.py
[2025-08-17T00:53:36.387+0000] {logging_mixin.py:188} INFO - [2025-08-17T00:53:36.387+0000] {dag.py:3089} INFO - Sync 1 DAGs
[2025-08-17T00:53:36.405+0000] {logging_mixin.py:188} INFO - [2025-08-17T00:53:36.405+0000] {dag.py:3947} INFO - Setting next_dagrun for example_sensors to None, run_after=None
[2025-08-17T00:53:36.435+0000] {processor.py:183} INFO - Processing /home/airflow/.local/lib/python3.12/site-packages/airflow/example_dags/example_sensors.py took 0.304 seconds
[2025-08-17T00:54:06.600+0000] {processor.py:161} INFO - Started process (PID=158) to work on /home/airflow/.local/lib/python3.12/site-packages/airflow/example_dags/example_sensors.py
[2025-08-17T00:54:06.601+0000] {processor.py:830} INFO - Processing file /home/airflow/.local/lib/python3.12/site-packages/airflow/example_dags/example_sensors.py for tasks to queue
[2025-08-17T00:54:06.603+0000] {logging_mixin.py:188} INFO - [2025-08-17T00:54:06.603+0000] {dagbag.py:545} INFO - Filling up the DagBag from /home/airflow/.local/lib/python3.12/site-packages/airflow/example_dags/example_sensors.py
[2025-08-17T00:54:06.612+0000] {processor.py:840} INFO - DAG(s) 'example_sensors' retrieved from /home/airflow/.local/lib/python3.12/site-packages/airflow/example_dags/example_sensors.py
[2025-08-17T00:54:06.637+0000] {logging_mixin.py:188} INFO - [2025-08-17T00:54:06.637+0000] {dag.py:3089} INFO - Sync 1 DAGs
[2025-08-17T00:54:06.651+0000] {logging_mixin.py:188} INFO - [2025-08-17T00:54:06.650+0000] {dag.py:3947} INFO - Setting next_dagrun for example_sensors to None, run_after=None
[2025-08-17T00:54:06.668+0000] {processor.py:183} INFO - Processing /home/airflow/.local/lib/python3.12/site-packages/airflow/example_dags/example_sensors.py took 0.074 seconds
[2025-08-17T00:54:36.908+0000] {processor.py:161} INFO - Started process (PID=216) to work on /home/airflow/.local/lib/python3.12/site-packages/airflow/example_dags/example_sensors.py
[2025-08-17T00:54:36.909+0000] {processor.py:830} INFO - Processing file /home/airflow/.local/lib/python3.12/site-packages/airflow/example_dags/example_sensors.py for tasks to queue
[2025-08-17T00:54:36.912+0000] {logging_mixin.py:188} INFO - [2025-08-17T00:54:36.912+0000] {dagbag.py:545} INFO - Filling up the DagBag from /home/airflow/.local/lib/python3.12/site-packages/airflow/example_dags/example_sensors.py
[2025-08-17T00:54:36.920+0000] {processor.py:840} INFO - DAG(s) 'example_sensors' retrieved from /home/airflow/.local/lib/python3.12/site-packages/airflow/example_dags/example_sensors.py
[2025-08-17T00:54:36.947+0000] {logging_mixin.py:188} INFO - [2025-08-17T00:54:36.947+0000] {dag.py:3089} INFO - Sync 1 DAGs
[2025-08-17T00:54:36.960+0000] {logging_mixin.py:188} INFO - [2025-08-17T00:54:36.960+0000] {dag.py:3947} INFO - Setting next_dagrun for example_sensors to None, run_after=None
[2025-08-17T00:54:36.978+0000] {processor.py:183} INFO - Processing /home/airflow/.local/lib/python3.12/site-packages/airflow/example_dags/example_sensors.py took 0.076 seconds
[2025-08-17T00:55:07.460+0000] {processor.py:161} INFO - Started process (PID=274) to work on /home/airflow/.local/lib/python3.12/site-packages/airflow/example_dags/example_sensors.py
[2025-08-17T00:55:07.462+0000] {processor.py:830} INFO - Processing file /home/airflow/.local/lib/python3.12/site-packages/airflow/example_dags/example_sensors.py for tasks to queue
[2025-08-17T00:55:07.464+0000] {logging_mixin.py:188} INFO - [2025-08-17T00:55:07.463+0000] {dagbag.py:545} INFO - Filling up the DagBag from /home/airflow/.local/lib/python3.12/site-packages/airflow/example_dags/example_sensors.py
[2025-08-17T00:55:07.473+0000] {processor.py:840} INFO - DAG(s) 'example_sensors' retrieved from /home/airflow/.local/lib/python3.12/site-packages/airflow/example_dags/example_sensors.py
[2025-08-17T00:55:07.501+0000] {logging_mixin.py:188} INFO - [2025-08-17T00:55:07.500+0000] {dag.py:3089} INFO - Sync 1 DAGs
[2025-08-17T00:55:07.516+0000] {logging_mixin.py:188} INFO - [2025-08-17T00:55:07.515+0000] {dag.py:3947} INFO - Setting next_dagrun for example_sensors to None, run_after=None
[2025-08-17T00:55:07.536+0000] {processor.py:183} INFO - Processing /home/airflow/.local/lib/python3.12/site-packages/airflow/example_dags/example_sensors.py took 0.082 seconds
[2025-08-17T00:55:38.410+0000] {processor.py:161} INFO - Started process (PID=333) to work on /home/airflow/.local/lib/python3.12/site-packages/airflow/example_dags/example_sensors.py
[2025-08-17T00:55:38.411+0000] {processor.py:830} INFO - Processing file /home/airflow/.local/lib/python3.12/site-packages/airflow/example_dags/example_sensors.py for tasks to queue
[2025-08-17T00:55:38.413+0000] {logging_mixin.py:188} INFO - [2025-08-17T00:55:38.413+0000] {dagbag.py:545} INFO - Filling up the DagBag from /home/airflow/.local/lib/python3.12/site-packages/airflow/example_dags/example_sensors.py
[2025-08-17T00:55:38.422+0000] {processor.py:840} INFO - DAG(s) 'example_sensors' retrieved from /home/airflow/.local/lib/python3.12/site-packages/airflow/example_dags/example_sensors.py
[2025-08-17T00:55:38.455+0000] {logging_mixin.py:188} INFO - [2025-08-17T00:55:38.455+0000] {dag.py:3089} INFO - Sync 1 DAGs
[2025-08-17T00:55:38.469+0000] {logging_mixin.py:188} INFO - [2025-08-17T00:55:38.469+0000] {dag.py:3947} INFO - Setting next_dagrun for example_sensors to None, run_after=None
[2025-08-17T00:55:38.487+0000] {processor.py:183} INFO - Processing /home/airflow/.local/lib/python3.12/site-packages/airflow/example_dags/example_sensors.py took 0.083 seconds
[2025-08-17T00:56:08.802+0000] {processor.py:161} INFO - Started process (PID=391) to work on /home/airflow/.local/lib/python3.12/site-packages/airflow/example_dags/example_sensors.py
[2025-08-17T00:56:08.804+0000] {processor.py:830} INFO - Processing file /home/airflow/.local/lib/python3.12/site-packages/airflow/example_dags/example_sensors.py for tasks to queue
[2025-08-17T00:56:08.807+0000] {logging_mixin.py:188} INFO - [2025-08-17T00:56:08.806+0000] {dagbag.py:545} INFO - Filling up the DagBag from /home/airflow/.local/lib/python3.12/site-packages/airflow/example_dags/example_sensors.py
[2025-08-17T00:56:08.818+0000] {processor.py:840} INFO - DAG(s) 'example_sensors' retrieved from /home/airflow/.local/lib/python3.12/site-packages/airflow/example_dags/example_sensors.py
[2025-08-17T00:56:08.854+0000] {logging_mixin.py:188} INFO - [2025-08-17T00:56:08.854+0000] {dag.py:3089} INFO - Sync 1 DAGs
[2025-08-17T00:56:08.870+0000] {logging_mixin.py:188} INFO - [2025-08-17T00:56:08.870+0000] {dag.py:3947} INFO - Setting next_dagrun for example_sensors to None, run_after=None
[2025-08-17T00:56:08.894+0000] {processor.py:183} INFO - Processing /home/airflow/.local/lib/python3.12/site-packages/airflow/example_dags/example_sensors.py took 0.100 seconds
[2025-08-17T00:56:39.676+0000] {processor.py:161} INFO - Started process (PID=449) to work on /home/airflow/.local/lib/python3.12/site-packages/airflow/example_dags/example_sensors.py
[2025-08-17T00:56:39.678+0000] {processor.py:830} INFO - Processing file /home/airflow/.local/lib/python3.12/site-packages/airflow/example_dags/example_sensors.py for tasks to queue
[2025-08-17T00:56:39.681+0000] {logging_mixin.py:188} INFO - [2025-08-17T00:56:39.680+0000] {dagbag.py:545} INFO - Filling up the DagBag from /home/airflow/.local/lib/python3.12/site-packages/airflow/example_dags/example_sensors.py
[2025-08-17T00:56:39.689+0000] {processor.py:840} INFO - DAG(s) 'example_sensors' retrieved from /home/airflow/.local/lib/python3.12/site-packages/airflow/example_dags/example_sensors.py
[2025-08-17T00:56:39.717+0000] {logging_mixin.py:188} INFO - [2025-08-17T00:56:39.717+0000] {dag.py:3089} INFO - Sync 1 DAGs
[2025-08-17T00:56:39.731+0000] {logging_mixin.py:188} INFO - [2025-08-17T00:56:39.731+0000] {dag.py:3947} INFO - Setting next_dagrun for example_sensors to None, run_after=None
[2025-08-17T00:56:39.751+0000] {processor.py:183} INFO - Processing /home/airflow/.local/lib/python3.12/site-packages/airflow/example_dags/example_sensors.py took 0.081 seconds
[2025-08-17T00:57:10.001+0000] {processor.py:161} INFO - Started process (PID=507) to work on /home/airflow/.local/lib/python3.12/site-packages/airflow/example_dags/example_sensors.py
[2025-08-17T00:57:10.002+0000] {processor.py:830} INFO - Processing file /home/airflow/.local/lib/python3.12/site-packages/airflow/example_dags/example_sensors.py for tasks to queue
[2025-08-17T00:57:10.005+0000] {logging_mixin.py:188} INFO - [2025-08-17T00:57:10.004+0000] {dagbag.py:545} INFO - Filling up the DagBag from /home/airflow/.local/lib/python3.12/site-packages/airflow/example_dags/example_sensors.py
[2025-08-17T00:57:10.013+0000] {processor.py:840} INFO - DAG(s) 'example_sensors' retrieved from /home/airflow/.local/lib/python3.12/site-packages/airflow/example_dags/example_sensors.py
[2025-08-17T00:57:10.040+0000] {logging_mixin.py:188} INFO - [2025-08-17T00:57:10.039+0000] {dag.py:3089} INFO - Sync 1 DAGs
[2025-08-17T00:57:10.052+0000] {logging_mixin.py:188} INFO - [2025-08-17T00:57:10.052+0000] {dag.py:3947} INFO - Setting next_dagrun for example_sensors to None, run_after=None
[2025-08-17T00:57:10.071+0000] {processor.py:183} INFO - Processing /home/airflow/.local/lib/python3.12/site-packages/airflow/example_dags/example_sensors.py took 0.075 seconds
[2025-08-17T00:57:40.555+0000] {processor.py:161} INFO - Started process (PID=565) to work on /home/airflow/.local/lib/python3.12/site-packages/airflow/example_dags/example_sensors.py
[2025-08-17T00:57:40.556+0000] {processor.py:830} INFO - Processing file /home/airflow/.local/lib/python3.12/site-packages/airflow/example_dags/example_sensors.py for tasks to queue
[2025-08-17T00:57:40.558+0000] {logging_mixin.py:188} INFO - [2025-08-17T00:57:40.557+0000] {dagbag.py:545} INFO - Filling up the DagBag from /home/airflow/.local/lib/python3.12/site-packages/airflow/example_dags/example_sensors.py
[2025-08-17T00:57:40.566+0000] {processor.py:840} INFO - DAG(s) 'example_sensors' retrieved from /home/airflow/.local/lib/python3.12/site-packages/airflow/example_dags/example_sensors.py
[2025-08-17T00:57:40.592+0000] {logging_mixin.py:188} INFO - [2025-08-17T00:57:40.592+0000] {dag.py:3089} INFO - Sync 1 DAGs
[2025-08-17T00:57:40.604+0000] {logging_mixin.py:188} INFO - [2025-08-17T00:57:40.604+0000] {dag.py:3947} INFO - Setting next_dagrun for example_sensors to None, run_after=None
[2025-08-17T00:57:40.620+0000] {processor.py:183} INFO - Processing /home/airflow/.local/lib/python3.12/site-packages/airflow/example_dags/example_sensors.py took 0.072 seconds
[2025-08-17T00:58:11.256+0000] {processor.py:161} INFO - Started process (PID=623) to work on /home/airflow/.local/lib/python3.12/site-packages/airflow/example_dags/example_sensors.py
[2025-08-17T00:58:11.257+0000] {processor.py:830} INFO - Processing file /home/airflow/.local/lib/python3.12/site-packages/airflow/example_dags/example_sensors.py for tasks to queue
[2025-08-17T00:58:11.259+0000] {logging_mixin.py:188} INFO - [2025-08-17T00:58:11.259+0000] {dagbag.py:545} INFO - Filling up the DagBag from /home/airflow/.local/lib/python3.12/site-packages/airflow/example_dags/example_sensors.py
[2025-08-17T00:58:11.267+0000] {processor.py:840} INFO - DAG(s) 'example_sensors' retrieved from /home/airflow/.local/lib/python3.12/site-packages/airflow/example_dags/example_sensors.py
[2025-08-17T00:58:11.297+0000] {logging_mixin.py:188} INFO - [2025-08-17T00:58:11.297+0000] {dag.py:3089} INFO - Sync 1 DAGs
[2025-08-17T00:58:11.311+0000] {logging_mixin.py:188} INFO - [2025-08-17T00:58:11.311+0000] {dag.py:3947} INFO - Setting next_dagrun for example_sensors to None, run_after=None
[2025-08-17T00:58:11.334+0000] {processor.py:183} INFO - Processing /home/airflow/.local/lib/python3.12/site-packages/airflow/example_dags/example_sensors.py took 0.084 seconds
[2025-08-17T00:58:41.904+0000] {processor.py:161} INFO - Started process (PID=682) to work on /home/airflow/.local/lib/python3.12/site-packages/airflow/example_dags/example_sensors.py
[2025-08-17T00:58:41.906+0000] {processor.py:830} INFO - Processing file /home/airflow/.local/lib/python3.12/site-packages/airflow/example_dags/example_sensors.py for tasks to queue
[2025-08-17T00:58:41.909+0000] {logging_mixin.py:188} INFO - [2025-08-17T00:58:41.908+0000] {dagbag.py:545} INFO - Filling up the DagBag from /home/airflow/.local/lib/python3.12/site-packages/airflow/example_dags/example_sensors.py
[2025-08-17T00:58:41.926+0000] {processor.py:840} INFO - DAG(s) 'example_sensors' retrieved from /home/airflow/.local/lib/python3.12/site-packages/airflow/example_dags/example_sensors.py
[2025-08-17T00:58:41.960+0000] {logging_mixin.py:188} INFO - [2025-08-17T00:58:41.960+0000] {dag.py:3089} INFO - Sync 1 DAGs
[2025-08-17T00:58:41.974+0000] {logging_mixin.py:188} INFO - [2025-08-17T00:58:41.974+0000] {dag.py:3947} INFO - Setting next_dagrun for example_sensors to None, run_after=None
[2025-08-17T00:58:41.992+0000] {processor.py:183} INFO - Processing /home/airflow/.local/lib/python3.12/site-packages/airflow/example_dags/example_sensors.py took 0.099 seconds
[2025-08-17T00:59:12.796+0000] {processor.py:161} INFO - Started process (PID=741) to work on /home/airflow/.local/lib/python3.12/site-packages/airflow/example_dags/example_sensors.py
[2025-08-17T00:59:12.798+0000] {processor.py:830} INFO - Processing file /home/airflow/.local/lib/python3.12/site-packages/airflow/example_dags/example_sensors.py for tasks to queue
[2025-08-17T00:59:12.801+0000] {logging_mixin.py:188} INFO - [2025-08-17T00:59:12.800+0000] {dagbag.py:545} INFO - Filling up the DagBag from /home/airflow/.local/lib/python3.12/site-packages/airflow/example_dags/example_sensors.py
[2025-08-17T00:59:12.813+0000] {processor.py:840} INFO - DAG(s) 'example_sensors' retrieved from /home/airflow/.local/lib/python3.12/site-packages/airflow/example_dags/example_sensors.py
[2025-08-17T00:59:12.858+0000] {logging_mixin.py:188} INFO - [2025-08-17T00:59:12.858+0000] {dag.py:3089} INFO - Sync 1 DAGs
[2025-08-17T00:59:12.878+0000] {logging_mixin.py:188} INFO - [2025-08-17T00:59:12.877+0000] {dag.py:3947} INFO - Setting next_dagrun for example_sensors to None, run_after=None
[2025-08-17T00:59:12.907+0000] {processor.py:183} INFO - Processing /home/airflow/.local/lib/python3.12/site-packages/airflow/example_dags/example_sensors.py took 0.119 seconds
[2025-08-17T01:00:12.603+0000] {processor.py:161} INFO - Started process (PID=88) to work on /home/airflow/.local/lib/python3.12/site-packages/airflow/example_dags/example_sensors.py
[2025-08-17T01:00:12.605+0000] {processor.py:830} INFO - Processing file /home/airflow/.local/lib/python3.12/site-packages/airflow/example_dags/example_sensors.py for tasks to queue
[2025-08-17T01:00:12.609+0000] {logging_mixin.py:188} INFO - [2025-08-17T01:00:12.608+0000] {dagbag.py:545} INFO - Filling up the DagBag from /home/airflow/.local/lib/python3.12/site-packages/airflow/example_dags/example_sensors.py
[2025-08-17T01:00:12.625+0000] {processor.py:840} INFO - DAG(s) 'example_sensors' retrieved from /home/airflow/.local/lib/python3.12/site-packages/airflow/example_dags/example_sensors.py
[2025-08-17T01:00:12.648+0000] {logging_mixin.py:188} INFO - [2025-08-17T01:00:12.647+0000] {dag.py:3089} INFO - Sync 1 DAGs
[2025-08-17T01:00:12.667+0000] {logging_mixin.py:188} INFO - [2025-08-17T01:00:12.667+0000] {dag.py:3947} INFO - Setting next_dagrun for example_sensors to None, run_after=None
[2025-08-17T01:00:12.698+0000] {processor.py:183} INFO - Processing /home/airflow/.local/lib/python3.12/site-packages/airflow/example_dags/example_sensors.py took 0.104 seconds
[2025-08-17T01:01:35.636+0000] {processor.py:161} INFO - Started process (PID=88) to work on /home/airflow/.local/lib/python3.12/site-packages/airflow/example_dags/example_sensors.py
[2025-08-17T01:01:35.640+0000] {processor.py:830} INFO - Processing file /home/airflow/.local/lib/python3.12/site-packages/airflow/example_dags/example_sensors.py for tasks to queue
[2025-08-17T01:01:35.645+0000] {logging_mixin.py:188} INFO - [2025-08-17T01:01:35.644+0000] {dagbag.py:545} INFO - Filling up the DagBag from /home/airflow/.local/lib/python3.12/site-packages/airflow/example_dags/example_sensors.py
[2025-08-17T01:01:35.661+0000] {processor.py:840} INFO - DAG(s) 'example_sensors' retrieved from /home/airflow/.local/lib/python3.12/site-packages/airflow/example_dags/example_sensors.py
[2025-08-17T01:01:35.683+0000] {logging_mixin.py:188} INFO - [2025-08-17T01:01:35.683+0000] {dag.py:3089} INFO - Sync 1 DAGs
[2025-08-17T01:01:35.705+0000] {logging_mixin.py:188} INFO - [2025-08-17T01:01:35.705+0000] {dag.py:3947} INFO - Setting next_dagrun for example_sensors to None, run_after=None
[2025-08-17T01:01:35.735+0000] {processor.py:183} INFO - Processing /home/airflow/.local/lib/python3.12/site-packages/airflow/example_dags/example_sensors.py took 0.109 seconds
[2025-08-17T01:02:06.947+0000] {processor.py:161} INFO - Started process (PID=147) to work on /home/airflow/.local/lib/python3.12/site-packages/airflow/example_dags/example_sensors.py
[2025-08-17T01:02:06.949+0000] {processor.py:830} INFO - Processing file /home/airflow/.local/lib/python3.12/site-packages/airflow/example_dags/example_sensors.py for tasks to queue
[2025-08-17T01:02:06.952+0000] {logging_mixin.py:188} INFO - [2025-08-17T01:02:06.951+0000] {dagbag.py:545} INFO - Filling up the DagBag from /home/airflow/.local/lib/python3.12/site-packages/airflow/example_dags/example_sensors.py
[2025-08-17T01:02:06.962+0000] {processor.py:840} INFO - DAG(s) 'example_sensors' retrieved from /home/airflow/.local/lib/python3.12/site-packages/airflow/example_dags/example_sensors.py
[2025-08-17T01:02:07.080+0000] {logging_mixin.py:188} INFO - [2025-08-17T01:02:07.079+0000] {dag.py:3089} INFO - Sync 1 DAGs
[2025-08-17T01:02:07.091+0000] {logging_mixin.py:188} INFO - [2025-08-17T01:02:07.091+0000] {dag.py:3947} INFO - Setting next_dagrun for example_sensors to None, run_after=None
[2025-08-17T01:02:07.112+0000] {processor.py:183} INFO - Processing /home/airflow/.local/lib/python3.12/site-packages/airflow/example_dags/example_sensors.py took 0.171 seconds
[2025-08-17T01:02:37.373+0000] {processor.py:161} INFO - Started process (PID=206) to work on /home/airflow/.local/lib/python3.12/site-packages/airflow/example_dags/example_sensors.py
[2025-08-17T01:02:37.375+0000] {processor.py:830} INFO - Processing file /home/airflow/.local/lib/python3.12/site-packages/airflow/example_dags/example_sensors.py for tasks to queue
[2025-08-17T01:02:37.377+0000] {logging_mixin.py:188} INFO - [2025-08-17T01:02:37.377+0000] {dagbag.py:545} INFO - Filling up the DagBag from /home/airflow/.local/lib/python3.12/site-packages/airflow/example_dags/example_sensors.py
[2025-08-17T01:02:37.387+0000] {processor.py:840} INFO - DAG(s) 'example_sensors' retrieved from /home/airflow/.local/lib/python3.12/site-packages/airflow/example_dags/example_sensors.py
[2025-08-17T01:02:37.417+0000] {logging_mixin.py:188} INFO - [2025-08-17T01:02:37.417+0000] {dag.py:3089} INFO - Sync 1 DAGs
[2025-08-17T01:02:37.431+0000] {logging_mixin.py:188} INFO - [2025-08-17T01:02:37.431+0000] {dag.py:3947} INFO - Setting next_dagrun for example_sensors to None, run_after=None
[2025-08-17T01:02:37.451+0000] {processor.py:183} INFO - Processing /home/airflow/.local/lib/python3.12/site-packages/airflow/example_dags/example_sensors.py took 0.085 seconds
[2025-08-17T01:03:07.735+0000] {processor.py:161} INFO - Started process (PID=271) to work on /home/airflow/.local/lib/python3.12/site-packages/airflow/example_dags/example_sensors.py
[2025-08-17T01:03:07.736+0000] {processor.py:830} INFO - Processing file /home/airflow/.local/lib/python3.12/site-packages/airflow/example_dags/example_sensors.py for tasks to queue
[2025-08-17T01:03:07.740+0000] {logging_mixin.py:188} INFO - [2025-08-17T01:03:07.739+0000] {dagbag.py:545} INFO - Filling up the DagBag from /home/airflow/.local/lib/python3.12/site-packages/airflow/example_dags/example_sensors.py
[2025-08-17T01:03:07.755+0000] {processor.py:840} INFO - DAG(s) 'example_sensors' retrieved from /home/airflow/.local/lib/python3.12/site-packages/airflow/example_dags/example_sensors.py
[2025-08-17T01:03:07.790+0000] {logging_mixin.py:188} INFO - [2025-08-17T01:03:07.789+0000] {dag.py:3089} INFO - Sync 1 DAGs
[2025-08-17T01:03:07.803+0000] {logging_mixin.py:188} INFO - [2025-08-17T01:03:07.803+0000] {dag.py:3947} INFO - Setting next_dagrun for example_sensors to None, run_after=None
[2025-08-17T01:03:07.824+0000] {processor.py:183} INFO - Processing /home/airflow/.local/lib/python3.12/site-packages/airflow/example_dags/example_sensors.py took 0.096 seconds
[2025-08-17T01:03:37.979+0000] {processor.py:161} INFO - Started process (PID=330) to work on /home/airflow/.local/lib/python3.12/site-packages/airflow/example_dags/example_sensors.py
[2025-08-17T01:03:37.980+0000] {processor.py:830} INFO - Processing file /home/airflow/.local/lib/python3.12/site-packages/airflow/example_dags/example_sensors.py for tasks to queue
[2025-08-17T01:03:37.982+0000] {logging_mixin.py:188} INFO - [2025-08-17T01:03:37.982+0000] {dagbag.py:545} INFO - Filling up the DagBag from /home/airflow/.local/lib/python3.12/site-packages/airflow/example_dags/example_sensors.py
[2025-08-17T01:03:37.992+0000] {processor.py:840} INFO - DAG(s) 'example_sensors' retrieved from /home/airflow/.local/lib/python3.12/site-packages/airflow/example_dags/example_sensors.py
[2025-08-17T01:03:38.020+0000] {logging_mixin.py:188} INFO - [2025-08-17T01:03:38.020+0000] {dag.py:3089} INFO - Sync 1 DAGs
[2025-08-17T01:03:38.033+0000] {logging_mixin.py:188} INFO - [2025-08-17T01:03:38.033+0000] {dag.py:3947} INFO - Setting next_dagrun for example_sensors to None, run_after=None
[2025-08-17T01:03:38.056+0000] {processor.py:183} INFO - Processing /home/airflow/.local/lib/python3.12/site-packages/airflow/example_dags/example_sensors.py took 0.083 seconds
[2025-08-17T01:04:08.416+0000] {processor.py:161} INFO - Started process (PID=389) to work on /home/airflow/.local/lib/python3.12/site-packages/airflow/example_dags/example_sensors.py
[2025-08-17T01:04:08.418+0000] {processor.py:830} INFO - Processing file /home/airflow/.local/lib/python3.12/site-packages/airflow/example_dags/example_sensors.py for tasks to queue
[2025-08-17T01:04:08.420+0000] {logging_mixin.py:188} INFO - [2025-08-17T01:04:08.420+0000] {dagbag.py:545} INFO - Filling up the DagBag from /home/airflow/.local/lib/python3.12/site-packages/airflow/example_dags/example_sensors.py
[2025-08-17T01:04:08.431+0000] {processor.py:840} INFO - DAG(s) 'example_sensors' retrieved from /home/airflow/.local/lib/python3.12/site-packages/airflow/example_dags/example_sensors.py
[2025-08-17T01:04:08.462+0000] {logging_mixin.py:188} INFO - [2025-08-17T01:04:08.462+0000] {dag.py:3089} INFO - Sync 1 DAGs
[2025-08-17T01:04:08.476+0000] {logging_mixin.py:188} INFO - [2025-08-17T01:04:08.476+0000] {dag.py:3947} INFO - Setting next_dagrun for example_sensors to None, run_after=None
[2025-08-17T01:04:08.501+0000] {processor.py:183} INFO - Processing /home/airflow/.local/lib/python3.12/site-packages/airflow/example_dags/example_sensors.py took 0.092 seconds
[2025-08-17T01:04:39.025+0000] {processor.py:161} INFO - Started process (PID=448) to work on /home/airflow/.local/lib/python3.12/site-packages/airflow/example_dags/example_sensors.py
[2025-08-17T01:04:39.027+0000] {processor.py:830} INFO - Processing file /home/airflow/.local/lib/python3.12/site-packages/airflow/example_dags/example_sensors.py for tasks to queue
[2025-08-17T01:04:39.029+0000] {logging_mixin.py:188} INFO - [2025-08-17T01:04:39.029+0000] {dagbag.py:545} INFO - Filling up the DagBag from /home/airflow/.local/lib/python3.12/site-packages/airflow/example_dags/example_sensors.py
[2025-08-17T01:04:39.038+0000] {processor.py:840} INFO - DAG(s) 'example_sensors' retrieved from /home/airflow/.local/lib/python3.12/site-packages/airflow/example_dags/example_sensors.py
[2025-08-17T01:04:39.065+0000] {logging_mixin.py:188} INFO - [2025-08-17T01:04:39.065+0000] {dag.py:3089} INFO - Sync 1 DAGs
[2025-08-17T01:04:39.078+0000] {logging_mixin.py:188} INFO - [2025-08-17T01:04:39.078+0000] {dag.py:3947} INFO - Setting next_dagrun for example_sensors to None, run_after=None
[2025-08-17T01:04:39.098+0000] {processor.py:183} INFO - Processing /home/airflow/.local/lib/python3.12/site-packages/airflow/example_dags/example_sensors.py took 0.080 seconds
[2025-08-17T01:05:09.848+0000] {processor.py:161} INFO - Started process (PID=507) to work on /home/airflow/.local/lib/python3.12/site-packages/airflow/example_dags/example_sensors.py
[2025-08-17T01:05:09.849+0000] {processor.py:830} INFO - Processing file /home/airflow/.local/lib/python3.12/site-packages/airflow/example_dags/example_sensors.py for tasks to queue
[2025-08-17T01:05:09.852+0000] {logging_mixin.py:188} INFO - [2025-08-17T01:05:09.852+0000] {dagbag.py:545} INFO - Filling up the DagBag from /home/airflow/.local/lib/python3.12/site-packages/airflow/example_dags/example_sensors.py
[2025-08-17T01:05:09.862+0000] {processor.py:840} INFO - DAG(s) 'example_sensors' retrieved from /home/airflow/.local/lib/python3.12/site-packages/airflow/example_dags/example_sensors.py
[2025-08-17T01:05:09.888+0000] {logging_mixin.py:188} INFO - [2025-08-17T01:05:09.888+0000] {dag.py:3089} INFO - Sync 1 DAGs
[2025-08-17T01:05:09.900+0000] {logging_mixin.py:188} INFO - [2025-08-17T01:05:09.900+0000] {dag.py:3947} INFO - Setting next_dagrun for example_sensors to None, run_after=None
[2025-08-17T01:05:09.919+0000] {processor.py:183} INFO - Processing /home/airflow/.local/lib/python3.12/site-packages/airflow/example_dags/example_sensors.py took 0.078 seconds
[2025-08-17T01:05:40.348+0000] {processor.py:161} INFO - Started process (PID=566) to work on /home/airflow/.local/lib/python3.12/site-packages/airflow/example_dags/example_sensors.py
[2025-08-17T01:05:40.349+0000] {processor.py:830} INFO - Processing file /home/airflow/.local/lib/python3.12/site-packages/airflow/example_dags/example_sensors.py for tasks to queue
[2025-08-17T01:05:40.353+0000] {logging_mixin.py:188} INFO - [2025-08-17T01:05:40.352+0000] {dagbag.py:545} INFO - Filling up the DagBag from /home/airflow/.local/lib/python3.12/site-packages/airflow/example_dags/example_sensors.py
[2025-08-17T01:05:40.365+0000] {processor.py:840} INFO - DAG(s) 'example_sensors' retrieved from /home/airflow/.local/lib/python3.12/site-packages/airflow/example_dags/example_sensors.py
[2025-08-17T01:05:40.399+0000] {logging_mixin.py:188} INFO - [2025-08-17T01:05:40.398+0000] {dag.py:3089} INFO - Sync 1 DAGs
[2025-08-17T01:05:40.417+0000] {logging_mixin.py:188} INFO - [2025-08-17T01:05:40.417+0000] {dag.py:3947} INFO - Setting next_dagrun for example_sensors to None, run_after=None
[2025-08-17T01:05:40.445+0000] {processor.py:183} INFO - Processing /home/airflow/.local/lib/python3.12/site-packages/airflow/example_dags/example_sensors.py took 0.106 seconds
[2025-08-17T01:06:11.394+0000] {processor.py:161} INFO - Started process (PID=625) to work on /home/airflow/.local/lib/python3.12/site-packages/airflow/example_dags/example_sensors.py
[2025-08-17T01:06:11.395+0000] {processor.py:830} INFO - Processing file /home/airflow/.local/lib/python3.12/site-packages/airflow/example_dags/example_sensors.py for tasks to queue
[2025-08-17T01:06:11.397+0000] {logging_mixin.py:188} INFO - [2025-08-17T01:06:11.397+0000] {dagbag.py:545} INFO - Filling up the DagBag from /home/airflow/.local/lib/python3.12/site-packages/airflow/example_dags/example_sensors.py
[2025-08-17T01:06:11.409+0000] {processor.py:840} INFO - DAG(s) 'example_sensors' retrieved from /home/airflow/.local/lib/python3.12/site-packages/airflow/example_dags/example_sensors.py
[2025-08-17T01:06:11.443+0000] {logging_mixin.py:188} INFO - [2025-08-17T01:06:11.442+0000] {dag.py:3089} INFO - Sync 1 DAGs
[2025-08-17T01:06:11.459+0000] {logging_mixin.py:188} INFO - [2025-08-17T01:06:11.459+0000] {dag.py:3947} INFO - Setting next_dagrun for example_sensors to None, run_after=None
[2025-08-17T01:06:11.483+0000] {processor.py:183} INFO - Processing /home/airflow/.local/lib/python3.12/site-packages/airflow/example_dags/example_sensors.py took 0.097 seconds
[2025-08-17T01:06:41.613+0000] {processor.py:161} INFO - Started process (PID=684) to work on /home/airflow/.local/lib/python3.12/site-packages/airflow/example_dags/example_sensors.py
[2025-08-17T01:06:41.614+0000] {processor.py:830} INFO - Processing file /home/airflow/.local/lib/python3.12/site-packages/airflow/example_dags/example_sensors.py for tasks to queue
[2025-08-17T01:06:41.617+0000] {logging_mixin.py:188} INFO - [2025-08-17T01:06:41.616+0000] {dagbag.py:545} INFO - Filling up the DagBag from /home/airflow/.local/lib/python3.12/site-packages/airflow/example_dags/example_sensors.py
[2025-08-17T01:06:41.627+0000] {processor.py:840} INFO - DAG(s) 'example_sensors' retrieved from /home/airflow/.local/lib/python3.12/site-packages/airflow/example_dags/example_sensors.py
[2025-08-17T01:06:41.655+0000] {logging_mixin.py:188} INFO - [2025-08-17T01:06:41.655+0000] {dag.py:3089} INFO - Sync 1 DAGs
[2025-08-17T01:06:41.669+0000] {logging_mixin.py:188} INFO - [2025-08-17T01:06:41.669+0000] {dag.py:3947} INFO - Setting next_dagrun for example_sensors to None, run_after=None
[2025-08-17T01:06:41.690+0000] {processor.py:183} INFO - Processing /home/airflow/.local/lib/python3.12/site-packages/airflow/example_dags/example_sensors.py took 0.085 seconds
[2025-08-17T01:07:12.649+0000] {processor.py:161} INFO - Started process (PID=743) to work on /home/airflow/.local/lib/python3.12/site-packages/airflow/example_dags/example_sensors.py
[2025-08-17T01:07:12.651+0000] {processor.py:830} INFO - Processing file /home/airflow/.local/lib/python3.12/site-packages/airflow/example_dags/example_sensors.py for tasks to queue
[2025-08-17T01:07:12.652+0000] {logging_mixin.py:188} INFO - [2025-08-17T01:07:12.652+0000] {dagbag.py:545} INFO - Filling up the DagBag from /home/airflow/.local/lib/python3.12/site-packages/airflow/example_dags/example_sensors.py
[2025-08-17T01:07:12.660+0000] {processor.py:840} INFO - DAG(s) 'example_sensors' retrieved from /home/airflow/.local/lib/python3.12/site-packages/airflow/example_dags/example_sensors.py
[2025-08-17T01:07:12.686+0000] {logging_mixin.py:188} INFO - [2025-08-17T01:07:12.686+0000] {dag.py:3089} INFO - Sync 1 DAGs
[2025-08-17T01:07:12.699+0000] {logging_mixin.py:188} INFO - [2025-08-17T01:07:12.699+0000] {dag.py:3947} INFO - Setting next_dagrun for example_sensors to None, run_after=None
[2025-08-17T01:07:12.717+0000] {processor.py:183} INFO - Processing /home/airflow/.local/lib/python3.12/site-packages/airflow/example_dags/example_sensors.py took 0.075 seconds
[2025-08-17T01:07:43.313+0000] {processor.py:161} INFO - Started process (PID=803) to work on /home/airflow/.local/lib/python3.12/site-packages/airflow/example_dags/example_sensors.py
[2025-08-17T01:07:43.315+0000] {processor.py:830} INFO - Processing file /home/airflow/.local/lib/python3.12/site-packages/airflow/example_dags/example_sensors.py for tasks to queue
[2025-08-17T01:07:43.318+0000] {logging_mixin.py:188} INFO - [2025-08-17T01:07:43.317+0000] {dagbag.py:545} INFO - Filling up the DagBag from /home/airflow/.local/lib/python3.12/site-packages/airflow/example_dags/example_sensors.py
[2025-08-17T01:07:43.329+0000] {processor.py:840} INFO - DAG(s) 'example_sensors' retrieved from /home/airflow/.local/lib/python3.12/site-packages/airflow/example_dags/example_sensors.py
[2025-08-17T01:07:43.366+0000] {logging_mixin.py:188} INFO - [2025-08-17T01:07:43.365+0000] {dag.py:3089} INFO - Sync 1 DAGs
[2025-08-17T01:07:43.383+0000] {logging_mixin.py:188} INFO - [2025-08-17T01:07:43.382+0000] {dag.py:3947} INFO - Setting next_dagrun for example_sensors to None, run_after=None
[2025-08-17T01:07:43.410+0000] {processor.py:183} INFO - Processing /home/airflow/.local/lib/python3.12/site-packages/airflow/example_dags/example_sensors.py took 0.105 seconds
[2025-08-17T01:08:13.928+0000] {processor.py:161} INFO - Started process (PID=862) to work on /home/airflow/.local/lib/python3.12/site-packages/airflow/example_dags/example_sensors.py
[2025-08-17T01:08:13.929+0000] {processor.py:830} INFO - Processing file /home/airflow/.local/lib/python3.12/site-packages/airflow/example_dags/example_sensors.py for tasks to queue
[2025-08-17T01:08:13.931+0000] {logging_mixin.py:188} INFO - [2025-08-17T01:08:13.931+0000] {dagbag.py:545} INFO - Filling up the DagBag from /home/airflow/.local/lib/python3.12/site-packages/airflow/example_dags/example_sensors.py
[2025-08-17T01:08:13.939+0000] {processor.py:840} INFO - DAG(s) 'example_sensors' retrieved from /home/airflow/.local/lib/python3.12/site-packages/airflow/example_dags/example_sensors.py
[2025-08-17T01:08:13.963+0000] {logging_mixin.py:188} INFO - [2025-08-17T01:08:13.963+0000] {dag.py:3089} INFO - Sync 1 DAGs
[2025-08-17T01:08:13.974+0000] {logging_mixin.py:188} INFO - [2025-08-17T01:08:13.974+0000] {dag.py:3947} INFO - Setting next_dagrun for example_sensors to None, run_after=None
[2025-08-17T01:08:13.991+0000] {processor.py:183} INFO - Processing /home/airflow/.local/lib/python3.12/site-packages/airflow/example_dags/example_sensors.py took 0.069 seconds
[2025-08-17T01:08:44.434+0000] {processor.py:161} INFO - Started process (PID=921) to work on /home/airflow/.local/lib/python3.12/site-packages/airflow/example_dags/example_sensors.py
[2025-08-17T01:08:44.435+0000] {processor.py:830} INFO - Processing file /home/airflow/.local/lib/python3.12/site-packages/airflow/example_dags/example_sensors.py for tasks to queue
[2025-08-17T01:08:44.438+0000] {logging_mixin.py:188} INFO - [2025-08-17T01:08:44.438+0000] {dagbag.py:545} INFO - Filling up the DagBag from /home/airflow/.local/lib/python3.12/site-packages/airflow/example_dags/example_sensors.py
[2025-08-17T01:08:44.447+0000] {processor.py:840} INFO - DAG(s) 'example_sensors' retrieved from /home/airflow/.local/lib/python3.12/site-packages/airflow/example_dags/example_sensors.py
[2025-08-17T01:08:44.474+0000] {logging_mixin.py:188} INFO - [2025-08-17T01:08:44.473+0000] {dag.py:3089} INFO - Sync 1 DAGs
[2025-08-17T01:08:44.486+0000] {logging_mixin.py:188} INFO - [2025-08-17T01:08:44.485+0000] {dag.py:3947} INFO - Setting next_dagrun for example_sensors to None, run_after=None
[2025-08-17T01:08:44.503+0000] {processor.py:183} INFO - Processing /home/airflow/.local/lib/python3.12/site-packages/airflow/example_dags/example_sensors.py took 0.075 seconds
[2025-08-17T01:09:15.237+0000] {processor.py:161} INFO - Started process (PID=980) to work on /home/airflow/.local/lib/python3.12/site-packages/airflow/example_dags/example_sensors.py
[2025-08-17T01:09:15.238+0000] {processor.py:830} INFO - Processing file /home/airflow/.local/lib/python3.12/site-packages/airflow/example_dags/example_sensors.py for tasks to queue
[2025-08-17T01:09:15.241+0000] {logging_mixin.py:188} INFO - [2025-08-17T01:09:15.241+0000] {dagbag.py:545} INFO - Filling up the DagBag from /home/airflow/.local/lib/python3.12/site-packages/airflow/example_dags/example_sensors.py
[2025-08-17T01:09:15.252+0000] {processor.py:840} INFO - DAG(s) 'example_sensors' retrieved from /home/airflow/.local/lib/python3.12/site-packages/airflow/example_dags/example_sensors.py
[2025-08-17T01:09:15.290+0000] {logging_mixin.py:188} INFO - [2025-08-17T01:09:15.290+0000] {dag.py:3089} INFO - Sync 1 DAGs
[2025-08-17T01:09:15.307+0000] {logging_mixin.py:188} INFO - [2025-08-17T01:09:15.306+0000] {dag.py:3947} INFO - Setting next_dagrun for example_sensors to None, run_after=None
[2025-08-17T01:09:15.331+0000] {processor.py:183} INFO - Processing /home/airflow/.local/lib/python3.12/site-packages/airflow/example_dags/example_sensors.py took 0.101 seconds
[2025-08-17T01:09:45.904+0000] {processor.py:161} INFO - Started process (PID=1039) to work on /home/airflow/.local/lib/python3.12/site-packages/airflow/example_dags/example_sensors.py
[2025-08-17T01:09:45.905+0000] {processor.py:830} INFO - Processing file /home/airflow/.local/lib/python3.12/site-packages/airflow/example_dags/example_sensors.py for tasks to queue
[2025-08-17T01:09:45.907+0000] {logging_mixin.py:188} INFO - [2025-08-17T01:09:45.907+0000] {dagbag.py:545} INFO - Filling up the DagBag from /home/airflow/.local/lib/python3.12/site-packages/airflow/example_dags/example_sensors.py
[2025-08-17T01:09:45.917+0000] {processor.py:840} INFO - DAG(s) 'example_sensors' retrieved from /home/airflow/.local/lib/python3.12/site-packages/airflow/example_dags/example_sensors.py
[2025-08-17T01:09:45.944+0000] {logging_mixin.py:188} INFO - [2025-08-17T01:09:45.944+0000] {dag.py:3089} INFO - Sync 1 DAGs
[2025-08-17T01:09:45.957+0000] {logging_mixin.py:188} INFO - [2025-08-17T01:09:45.957+0000] {dag.py:3947} INFO - Setting next_dagrun for example_sensors to None, run_after=None
[2025-08-17T01:09:45.975+0000] {processor.py:183} INFO - Processing /home/airflow/.local/lib/python3.12/site-packages/airflow/example_dags/example_sensors.py took 0.078 seconds
[2025-08-17T01:10:16.264+0000] {processor.py:161} INFO - Started process (PID=1099) to work on /home/airflow/.local/lib/python3.12/site-packages/airflow/example_dags/example_sensors.py
[2025-08-17T01:10:16.265+0000] {processor.py:830} INFO - Processing file /home/airflow/.local/lib/python3.12/site-packages/airflow/example_dags/example_sensors.py for tasks to queue
[2025-08-17T01:10:16.268+0000] {logging_mixin.py:188} INFO - [2025-08-17T01:10:16.267+0000] {dagbag.py:545} INFO - Filling up the DagBag from /home/airflow/.local/lib/python3.12/site-packages/airflow/example_dags/example_sensors.py
[2025-08-17T01:10:16.277+0000] {processor.py:840} INFO - DAG(s) 'example_sensors' retrieved from /home/airflow/.local/lib/python3.12/site-packages/airflow/example_dags/example_sensors.py
[2025-08-17T01:10:16.305+0000] {logging_mixin.py:188} INFO - [2025-08-17T01:10:16.305+0000] {dag.py:3089} INFO - Sync 1 DAGs
[2025-08-17T01:10:16.319+0000] {logging_mixin.py:188} INFO - [2025-08-17T01:10:16.319+0000] {dag.py:3947} INFO - Setting next_dagrun for example_sensors to None, run_after=None
[2025-08-17T01:10:16.339+0000] {processor.py:183} INFO - Processing /home/airflow/.local/lib/python3.12/site-packages/airflow/example_dags/example_sensors.py took 0.081 seconds
[2025-08-17T01:10:46.644+0000] {processor.py:161} INFO - Started process (PID=1158) to work on /home/airflow/.local/lib/python3.12/site-packages/airflow/example_dags/example_sensors.py
[2025-08-17T01:10:46.645+0000] {processor.py:830} INFO - Processing file /home/airflow/.local/lib/python3.12/site-packages/airflow/example_dags/example_sensors.py for tasks to queue
[2025-08-17T01:10:46.648+0000] {logging_mixin.py:188} INFO - [2025-08-17T01:10:46.647+0000] {dagbag.py:545} INFO - Filling up the DagBag from /home/airflow/.local/lib/python3.12/site-packages/airflow/example_dags/example_sensors.py
[2025-08-17T01:10:46.657+0000] {processor.py:840} INFO - DAG(s) 'example_sensors' retrieved from /home/airflow/.local/lib/python3.12/site-packages/airflow/example_dags/example_sensors.py
[2025-08-17T01:10:46.688+0000] {logging_mixin.py:188} INFO - [2025-08-17T01:10:46.687+0000] {dag.py:3089} INFO - Sync 1 DAGs
[2025-08-17T01:10:46.702+0000] {logging_mixin.py:188} INFO - [2025-08-17T01:10:46.702+0000] {dag.py:3947} INFO - Setting next_dagrun for example_sensors to None, run_after=None
[2025-08-17T01:10:46.727+0000] {processor.py:183} INFO - Processing /home/airflow/.local/lib/python3.12/site-packages/airflow/example_dags/example_sensors.py took 0.089 seconds
[2025-08-17T01:11:17.031+0000] {processor.py:161} INFO - Started process (PID=1217) to work on /home/airflow/.local/lib/python3.12/site-packages/airflow/example_dags/example_sensors.py
[2025-08-17T01:11:17.033+0000] {processor.py:830} INFO - Processing file /home/airflow/.local/lib/python3.12/site-packages/airflow/example_dags/example_sensors.py for tasks to queue
[2025-08-17T01:11:17.035+0000] {logging_mixin.py:188} INFO - [2025-08-17T01:11:17.035+0000] {dagbag.py:545} INFO - Filling up the DagBag from /home/airflow/.local/lib/python3.12/site-packages/airflow/example_dags/example_sensors.py
[2025-08-17T01:11:17.045+0000] {processor.py:840} INFO - DAG(s) 'example_sensors' retrieved from /home/airflow/.local/lib/python3.12/site-packages/airflow/example_dags/example_sensors.py
[2025-08-17T01:11:17.075+0000] {logging_mixin.py:188} INFO - [2025-08-17T01:11:17.075+0000] {dag.py:3089} INFO - Sync 1 DAGs
[2025-08-17T01:11:17.090+0000] {logging_mixin.py:188} INFO - [2025-08-17T01:11:17.090+0000] {dag.py:3947} INFO - Setting next_dagrun for example_sensors to None, run_after=None
[2025-08-17T01:11:17.111+0000] {processor.py:183} INFO - Processing /home/airflow/.local/lib/python3.12/site-packages/airflow/example_dags/example_sensors.py took 0.086 seconds
[2025-08-17T01:11:47.658+0000] {processor.py:161} INFO - Started process (PID=1276) to work on /home/airflow/.local/lib/python3.12/site-packages/airflow/example_dags/example_sensors.py
[2025-08-17T01:11:47.659+0000] {processor.py:830} INFO - Processing file /home/airflow/.local/lib/python3.12/site-packages/airflow/example_dags/example_sensors.py for tasks to queue
[2025-08-17T01:11:47.662+0000] {logging_mixin.py:188} INFO - [2025-08-17T01:11:47.661+0000] {dagbag.py:545} INFO - Filling up the DagBag from /home/airflow/.local/lib/python3.12/site-packages/airflow/example_dags/example_sensors.py
[2025-08-17T01:11:47.671+0000] {processor.py:840} INFO - DAG(s) 'example_sensors' retrieved from /home/airflow/.local/lib/python3.12/site-packages/airflow/example_dags/example_sensors.py
[2025-08-17T01:11:47.698+0000] {logging_mixin.py:188} INFO - [2025-08-17T01:11:47.698+0000] {dag.py:3089} INFO - Sync 1 DAGs
[2025-08-17T01:11:47.711+0000] {logging_mixin.py:188} INFO - [2025-08-17T01:11:47.711+0000] {dag.py:3947} INFO - Setting next_dagrun for example_sensors to None, run_after=None
[2025-08-17T01:11:47.730+0000] {processor.py:183} INFO - Processing /home/airflow/.local/lib/python3.12/site-packages/airflow/example_dags/example_sensors.py took 0.078 seconds
[2025-08-17T01:12:18.025+0000] {processor.py:161} INFO - Started process (PID=1335) to work on /home/airflow/.local/lib/python3.12/site-packages/airflow/example_dags/example_sensors.py
[2025-08-17T01:12:18.026+0000] {processor.py:830} INFO - Processing file /home/airflow/.local/lib/python3.12/site-packages/airflow/example_dags/example_sensors.py for tasks to queue
[2025-08-17T01:12:18.030+0000] {logging_mixin.py:188} INFO - [2025-08-17T01:12:18.029+0000] {dagbag.py:545} INFO - Filling up the DagBag from /home/airflow/.local/lib/python3.12/site-packages/airflow/example_dags/example_sensors.py
[2025-08-17T01:12:18.041+0000] {processor.py:840} INFO - DAG(s) 'example_sensors' retrieved from /home/airflow/.local/lib/python3.12/site-packages/airflow/example_dags/example_sensors.py
[2025-08-17T01:12:18.075+0000] {logging_mixin.py:188} INFO - [2025-08-17T01:12:18.075+0000] {dag.py:3089} INFO - Sync 1 DAGs
[2025-08-17T01:12:18.092+0000] {logging_mixin.py:188} INFO - [2025-08-17T01:12:18.092+0000] {dag.py:3947} INFO - Setting next_dagrun for example_sensors to None, run_after=None
[2025-08-17T01:12:18.120+0000] {processor.py:183} INFO - Processing /home/airflow/.local/lib/python3.12/site-packages/airflow/example_dags/example_sensors.py took 0.103 seconds
[2025-08-17T01:12:48.186+0000] {processor.py:161} INFO - Started process (PID=1393) to work on /home/airflow/.local/lib/python3.12/site-packages/airflow/example_dags/example_sensors.py
[2025-08-17T01:12:48.187+0000] {processor.py:830} INFO - Processing file /home/airflow/.local/lib/python3.12/site-packages/airflow/example_dags/example_sensors.py for tasks to queue
[2025-08-17T01:12:48.190+0000] {logging_mixin.py:188} INFO - [2025-08-17T01:12:48.190+0000] {dagbag.py:545} INFO - Filling up the DagBag from /home/airflow/.local/lib/python3.12/site-packages/airflow/example_dags/example_sensors.py
[2025-08-17T01:12:48.198+0000] {processor.py:840} INFO - DAG(s) 'example_sensors' retrieved from /home/airflow/.local/lib/python3.12/site-packages/airflow/example_dags/example_sensors.py
[2025-08-17T01:12:48.222+0000] {logging_mixin.py:188} INFO - [2025-08-17T01:12:48.222+0000] {dag.py:3089} INFO - Sync 1 DAGs
[2025-08-17T01:12:48.234+0000] {logging_mixin.py:188} INFO - [2025-08-17T01:12:48.233+0000] {dag.py:3947} INFO - Setting next_dagrun for example_sensors to None, run_after=None
[2025-08-17T01:12:48.252+0000] {processor.py:183} INFO - Processing /home/airflow/.local/lib/python3.12/site-packages/airflow/example_dags/example_sensors.py took 0.071 seconds
[2025-08-17T01:13:18.578+0000] {processor.py:161} INFO - Started process (PID=1453) to work on /home/airflow/.local/lib/python3.12/site-packages/airflow/example_dags/example_sensors.py
[2025-08-17T01:13:18.579+0000] {processor.py:830} INFO - Processing file /home/airflow/.local/lib/python3.12/site-packages/airflow/example_dags/example_sensors.py for tasks to queue
[2025-08-17T01:13:18.582+0000] {logging_mixin.py:188} INFO - [2025-08-17T01:13:18.581+0000] {dagbag.py:545} INFO - Filling up the DagBag from /home/airflow/.local/lib/python3.12/site-packages/airflow/example_dags/example_sensors.py
[2025-08-17T01:13:18.589+0000] {processor.py:840} INFO - DAG(s) 'example_sensors' retrieved from /home/airflow/.local/lib/python3.12/site-packages/airflow/example_dags/example_sensors.py
[2025-08-17T01:13:18.616+0000] {logging_mixin.py:188} INFO - [2025-08-17T01:13:18.616+0000] {dag.py:3089} INFO - Sync 1 DAGs
[2025-08-17T01:13:18.629+0000] {logging_mixin.py:188} INFO - [2025-08-17T01:13:18.628+0000] {dag.py:3947} INFO - Setting next_dagrun for example_sensors to None, run_after=None
[2025-08-17T01:13:18.646+0000] {processor.py:183} INFO - Processing /home/airflow/.local/lib/python3.12/site-packages/airflow/example_dags/example_sensors.py took 0.073 seconds
[2025-08-17T01:13:49.085+0000] {processor.py:161} INFO - Started process (PID=1512) to work on /home/airflow/.local/lib/python3.12/site-packages/airflow/example_dags/example_sensors.py
[2025-08-17T01:13:49.086+0000] {processor.py:830} INFO - Processing file /home/airflow/.local/lib/python3.12/site-packages/airflow/example_dags/example_sensors.py for tasks to queue
[2025-08-17T01:13:49.089+0000] {logging_mixin.py:188} INFO - [2025-08-17T01:13:49.088+0000] {dagbag.py:545} INFO - Filling up the DagBag from /home/airflow/.local/lib/python3.12/site-packages/airflow/example_dags/example_sensors.py
[2025-08-17T01:13:49.097+0000] {processor.py:840} INFO - DAG(s) 'example_sensors' retrieved from /home/airflow/.local/lib/python3.12/site-packages/airflow/example_dags/example_sensors.py
[2025-08-17T01:13:49.128+0000] {logging_mixin.py:188} INFO - [2025-08-17T01:13:49.128+0000] {dag.py:3089} INFO - Sync 1 DAGs
[2025-08-17T01:13:49.144+0000] {logging_mixin.py:188} INFO - [2025-08-17T01:13:49.143+0000] {dag.py:3947} INFO - Setting next_dagrun for example_sensors to None, run_after=None
[2025-08-17T01:13:49.166+0000] {processor.py:183} INFO - Processing /home/airflow/.local/lib/python3.12/site-packages/airflow/example_dags/example_sensors.py took 0.087 seconds
[2025-08-17T01:14:19.795+0000] {processor.py:161} INFO - Started process (PID=1571) to work on /home/airflow/.local/lib/python3.12/site-packages/airflow/example_dags/example_sensors.py
[2025-08-17T01:14:19.797+0000] {processor.py:830} INFO - Processing file /home/airflow/.local/lib/python3.12/site-packages/airflow/example_dags/example_sensors.py for tasks to queue
[2025-08-17T01:14:19.800+0000] {logging_mixin.py:188} INFO - [2025-08-17T01:14:19.800+0000] {dagbag.py:545} INFO - Filling up the DagBag from /home/airflow/.local/lib/python3.12/site-packages/airflow/example_dags/example_sensors.py
[2025-08-17T01:14:19.813+0000] {processor.py:840} INFO - DAG(s) 'example_sensors' retrieved from /home/airflow/.local/lib/python3.12/site-packages/airflow/example_dags/example_sensors.py
[2025-08-17T01:14:19.845+0000] {logging_mixin.py:188} INFO - [2025-08-17T01:14:19.845+0000] {dag.py:3089} INFO - Sync 1 DAGs
[2025-08-17T01:14:19.859+0000] {logging_mixin.py:188} INFO - [2025-08-17T01:14:19.859+0000] {dag.py:3947} INFO - Setting next_dagrun for example_sensors to None, run_after=None
[2025-08-17T01:14:19.882+0000] {processor.py:183} INFO - Processing /home/airflow/.local/lib/python3.12/site-packages/airflow/example_dags/example_sensors.py took 0.095 seconds
[2025-08-17T01:14:50.209+0000] {processor.py:161} INFO - Started process (PID=1630) to work on /home/airflow/.local/lib/python3.12/site-packages/airflow/example_dags/example_sensors.py
[2025-08-17T01:14:50.211+0000] {processor.py:830} INFO - Processing file /home/airflow/.local/lib/python3.12/site-packages/airflow/example_dags/example_sensors.py for tasks to queue
[2025-08-17T01:14:50.214+0000] {logging_mixin.py:188} INFO - [2025-08-17T01:14:50.213+0000] {dagbag.py:545} INFO - Filling up the DagBag from /home/airflow/.local/lib/python3.12/site-packages/airflow/example_dags/example_sensors.py
[2025-08-17T01:14:50.222+0000] {processor.py:840} INFO - DAG(s) 'example_sensors' retrieved from /home/airflow/.local/lib/python3.12/site-packages/airflow/example_dags/example_sensors.py
[2025-08-17T01:14:50.245+0000] {logging_mixin.py:188} INFO - [2025-08-17T01:14:50.245+0000] {dag.py:3089} INFO - Sync 1 DAGs
[2025-08-17T01:14:50.257+0000] {logging_mixin.py:188} INFO - [2025-08-17T01:14:50.257+0000] {dag.py:3947} INFO - Setting next_dagrun for example_sensors to None, run_after=None
[2025-08-17T01:14:50.272+0000] {processor.py:183} INFO - Processing /home/airflow/.local/lib/python3.12/site-packages/airflow/example_dags/example_sensors.py took 0.068 seconds
[2025-08-17T01:15:20.495+0000] {processor.py:161} INFO - Started process (PID=1689) to work on /home/airflow/.local/lib/python3.12/site-packages/airflow/example_dags/example_sensors.py
[2025-08-17T01:15:20.497+0000] {processor.py:830} INFO - Processing file /home/airflow/.local/lib/python3.12/site-packages/airflow/example_dags/example_sensors.py for tasks to queue
[2025-08-17T01:15:20.499+0000] {logging_mixin.py:188} INFO - [2025-08-17T01:15:20.498+0000] {dagbag.py:545} INFO - Filling up the DagBag from /home/airflow/.local/lib/python3.12/site-packages/airflow/example_dags/example_sensors.py
[2025-08-17T01:15:20.507+0000] {processor.py:840} INFO - DAG(s) 'example_sensors' retrieved from /home/airflow/.local/lib/python3.12/site-packages/airflow/example_dags/example_sensors.py
[2025-08-17T01:15:20.534+0000] {logging_mixin.py:188} INFO - [2025-08-17T01:15:20.533+0000] {dag.py:3089} INFO - Sync 1 DAGs
[2025-08-17T01:15:20.547+0000] {logging_mixin.py:188} INFO - [2025-08-17T01:15:20.546+0000] {dag.py:3947} INFO - Setting next_dagrun for example_sensors to None, run_after=None
[2025-08-17T01:15:20.566+0000] {processor.py:183} INFO - Processing /home/airflow/.local/lib/python3.12/site-packages/airflow/example_dags/example_sensors.py took 0.076 seconds
[2025-08-17T01:15:52.206+0000] {processor.py:161} INFO - Started process (PID=1748) to work on /home/airflow/.local/lib/python3.12/site-packages/airflow/example_dags/example_sensors.py
[2025-08-17T01:15:52.209+0000] {processor.py:830} INFO - Processing file /home/airflow/.local/lib/python3.12/site-packages/airflow/example_dags/example_sensors.py for tasks to queue
[2025-08-17T01:15:52.213+0000] {logging_mixin.py:188} INFO - [2025-08-17T01:15:52.213+0000] {dagbag.py:545} INFO - Filling up the DagBag from /home/airflow/.local/lib/python3.12/site-packages/airflow/example_dags/example_sensors.py
[2025-08-17T01:15:52.236+0000] {processor.py:840} INFO - DAG(s) 'example_sensors' retrieved from /home/airflow/.local/lib/python3.12/site-packages/airflow/example_dags/example_sensors.py
[2025-08-17T01:15:52.296+0000] {logging_mixin.py:188} INFO - [2025-08-17T01:15:52.295+0000] {dag.py:3089} INFO - Sync 1 DAGs
[2025-08-17T01:15:52.545+0000] {logging_mixin.py:188} INFO - [2025-08-17T01:15:52.544+0000] {dag.py:3947} INFO - Setting next_dagrun for example_sensors to None, run_after=None
[2025-08-17T01:15:52.573+0000] {processor.py:183} INFO - Processing /home/airflow/.local/lib/python3.12/site-packages/airflow/example_dags/example_sensors.py took 0.387 seconds
[2025-08-17T01:16:23.029+0000] {processor.py:161} INFO - Started process (PID=1807) to work on /home/airflow/.local/lib/python3.12/site-packages/airflow/example_dags/example_sensors.py
[2025-08-17T01:16:23.031+0000] {processor.py:830} INFO - Processing file /home/airflow/.local/lib/python3.12/site-packages/airflow/example_dags/example_sensors.py for tasks to queue
[2025-08-17T01:16:23.034+0000] {logging_mixin.py:188} INFO - [2025-08-17T01:16:23.033+0000] {dagbag.py:545} INFO - Filling up the DagBag from /home/airflow/.local/lib/python3.12/site-packages/airflow/example_dags/example_sensors.py
[2025-08-17T01:16:23.043+0000] {processor.py:840} INFO - DAG(s) 'example_sensors' retrieved from /home/airflow/.local/lib/python3.12/site-packages/airflow/example_dags/example_sensors.py
[2025-08-17T01:16:23.079+0000] {logging_mixin.py:188} INFO - [2025-08-17T01:16:23.079+0000] {dag.py:3089} INFO - Sync 1 DAGs
[2025-08-17T01:16:23.264+0000] {logging_mixin.py:188} INFO - [2025-08-17T01:16:23.264+0000] {dag.py:3947} INFO - Setting next_dagrun for example_sensors to None, run_after=None
[2025-08-17T01:16:23.291+0000] {processor.py:183} INFO - Processing /home/airflow/.local/lib/python3.12/site-packages/airflow/example_dags/example_sensors.py took 0.269 seconds
[2025-08-17T01:17:41.242+0000] {processor.py:161} INFO - Started process (PID=100) to work on /home/airflow/.local/lib/python3.12/site-packages/airflow/example_dags/example_sensors.py
[2025-08-17T01:17:41.243+0000] {processor.py:830} INFO - Processing file /home/airflow/.local/lib/python3.12/site-packages/airflow/example_dags/example_sensors.py for tasks to queue
[2025-08-17T01:17:41.246+0000] {logging_mixin.py:188} INFO - [2025-08-17T01:17:41.245+0000] {dagbag.py:545} INFO - Filling up the DagBag from /home/airflow/.local/lib/python3.12/site-packages/airflow/example_dags/example_sensors.py
[2025-08-17T01:17:41.258+0000] {processor.py:840} INFO - DAG(s) 'example_sensors' retrieved from /home/airflow/.local/lib/python3.12/site-packages/airflow/example_dags/example_sensors.py
[2025-08-17T01:17:41.402+0000] {logging_mixin.py:188} INFO - [2025-08-17T01:17:41.401+0000] {dag.py:3089} INFO - Sync 1 DAGs
[2025-08-17T01:17:41.416+0000] {logging_mixin.py:188} INFO - [2025-08-17T01:17:41.416+0000] {dag.py:3947} INFO - Setting next_dagrun for example_sensors to None, run_after=None
[2025-08-17T01:17:41.444+0000] {processor.py:183} INFO - Processing /home/airflow/.local/lib/python3.12/site-packages/airflow/example_dags/example_sensors.py took 0.209 seconds
[2025-08-17T01:18:11.573+0000] {processor.py:161} INFO - Started process (PID=159) to work on /home/airflow/.local/lib/python3.12/site-packages/airflow/example_dags/example_sensors.py
[2025-08-17T01:18:11.575+0000] {processor.py:830} INFO - Processing file /home/airflow/.local/lib/python3.12/site-packages/airflow/example_dags/example_sensors.py for tasks to queue
[2025-08-17T01:18:11.578+0000] {logging_mixin.py:188} INFO - [2025-08-17T01:18:11.577+0000] {dagbag.py:545} INFO - Filling up the DagBag from /home/airflow/.local/lib/python3.12/site-packages/airflow/example_dags/example_sensors.py
[2025-08-17T01:18:11.589+0000] {processor.py:840} INFO - DAG(s) 'example_sensors' retrieved from /home/airflow/.local/lib/python3.12/site-packages/airflow/example_dags/example_sensors.py
[2025-08-17T01:18:11.618+0000] {logging_mixin.py:188} INFO - [2025-08-17T01:18:11.618+0000] {dag.py:3089} INFO - Sync 1 DAGs
[2025-08-17T01:18:11.632+0000] {logging_mixin.py:188} INFO - [2025-08-17T01:18:11.632+0000] {dag.py:3947} INFO - Setting next_dagrun for example_sensors to None, run_after=None
[2025-08-17T01:18:11.653+0000] {processor.py:183} INFO - Processing /home/airflow/.local/lib/python3.12/site-packages/airflow/example_dags/example_sensors.py took 0.087 seconds
[2025-08-17T01:18:42.329+0000] {processor.py:161} INFO - Started process (PID=218) to work on /home/airflow/.local/lib/python3.12/site-packages/airflow/example_dags/example_sensors.py
[2025-08-17T01:18:42.330+0000] {processor.py:830} INFO - Processing file /home/airflow/.local/lib/python3.12/site-packages/airflow/example_dags/example_sensors.py for tasks to queue
[2025-08-17T01:18:42.332+0000] {logging_mixin.py:188} INFO - [2025-08-17T01:18:42.332+0000] {dagbag.py:545} INFO - Filling up the DagBag from /home/airflow/.local/lib/python3.12/site-packages/airflow/example_dags/example_sensors.py
[2025-08-17T01:18:42.341+0000] {processor.py:840} INFO - DAG(s) 'example_sensors' retrieved from /home/airflow/.local/lib/python3.12/site-packages/airflow/example_dags/example_sensors.py
[2025-08-17T01:18:42.370+0000] {logging_mixin.py:188} INFO - [2025-08-17T01:18:42.369+0000] {dag.py:3089} INFO - Sync 1 DAGs
[2025-08-17T01:18:42.382+0000] {logging_mixin.py:188} INFO - [2025-08-17T01:18:42.382+0000] {dag.py:3947} INFO - Setting next_dagrun for example_sensors to None, run_after=None
[2025-08-17T01:18:42.400+0000] {processor.py:183} INFO - Processing /home/airflow/.local/lib/python3.12/site-packages/airflow/example_dags/example_sensors.py took 0.077 seconds
[2025-08-17T01:19:12.546+0000] {processor.py:161} INFO - Started process (PID=277) to work on /home/airflow/.local/lib/python3.12/site-packages/airflow/example_dags/example_sensors.py
[2025-08-17T01:19:12.547+0000] {processor.py:830} INFO - Processing file /home/airflow/.local/lib/python3.12/site-packages/airflow/example_dags/example_sensors.py for tasks to queue
[2025-08-17T01:19:12.549+0000] {logging_mixin.py:188} INFO - [2025-08-17T01:19:12.549+0000] {dagbag.py:545} INFO - Filling up the DagBag from /home/airflow/.local/lib/python3.12/site-packages/airflow/example_dags/example_sensors.py
[2025-08-17T01:19:12.559+0000] {processor.py:840} INFO - DAG(s) 'example_sensors' retrieved from /home/airflow/.local/lib/python3.12/site-packages/airflow/example_dags/example_sensors.py
[2025-08-17T01:19:12.586+0000] {logging_mixin.py:188} INFO - [2025-08-17T01:19:12.586+0000] {dag.py:3089} INFO - Sync 1 DAGs
[2025-08-17T01:19:12.599+0000] {logging_mixin.py:188} INFO - [2025-08-17T01:19:12.599+0000] {dag.py:3947} INFO - Setting next_dagrun for example_sensors to None, run_after=None
[2025-08-17T01:19:12.620+0000] {processor.py:183} INFO - Processing /home/airflow/.local/lib/python3.12/site-packages/airflow/example_dags/example_sensors.py took 0.081 seconds
[2025-08-17T01:19:42.913+0000] {processor.py:161} INFO - Started process (PID=336) to work on /home/airflow/.local/lib/python3.12/site-packages/airflow/example_dags/example_sensors.py
[2025-08-17T01:19:42.915+0000] {processor.py:830} INFO - Processing file /home/airflow/.local/lib/python3.12/site-packages/airflow/example_dags/example_sensors.py for tasks to queue
[2025-08-17T01:19:42.917+0000] {logging_mixin.py:188} INFO - [2025-08-17T01:19:42.916+0000] {dagbag.py:545} INFO - Filling up the DagBag from /home/airflow/.local/lib/python3.12/site-packages/airflow/example_dags/example_sensors.py
[2025-08-17T01:19:42.927+0000] {processor.py:840} INFO - DAG(s) 'example_sensors' retrieved from /home/airflow/.local/lib/python3.12/site-packages/airflow/example_dags/example_sensors.py
[2025-08-17T01:19:42.961+0000] {logging_mixin.py:188} INFO - [2025-08-17T01:19:42.960+0000] {dag.py:3089} INFO - Sync 1 DAGs
[2025-08-17T01:19:42.974+0000] {logging_mixin.py:188} INFO - [2025-08-17T01:19:42.974+0000] {dag.py:3947} INFO - Setting next_dagrun for example_sensors to None, run_after=None
[2025-08-17T01:19:42.998+0000] {processor.py:183} INFO - Processing /home/airflow/.local/lib/python3.12/site-packages/airflow/example_dags/example_sensors.py took 0.091 seconds
[2025-08-17T01:20:13.069+0000] {processor.py:161} INFO - Started process (PID=396) to work on /home/airflow/.local/lib/python3.12/site-packages/airflow/example_dags/example_sensors.py
[2025-08-17T01:20:13.070+0000] {processor.py:830} INFO - Processing file /home/airflow/.local/lib/python3.12/site-packages/airflow/example_dags/example_sensors.py for tasks to queue
[2025-08-17T01:20:13.072+0000] {logging_mixin.py:188} INFO - [2025-08-17T01:20:13.072+0000] {dagbag.py:545} INFO - Filling up the DagBag from /home/airflow/.local/lib/python3.12/site-packages/airflow/example_dags/example_sensors.py
[2025-08-17T01:20:13.080+0000] {processor.py:840} INFO - DAG(s) 'example_sensors' retrieved from /home/airflow/.local/lib/python3.12/site-packages/airflow/example_dags/example_sensors.py
[2025-08-17T01:20:13.107+0000] {logging_mixin.py:188} INFO - [2025-08-17T01:20:13.107+0000] {dag.py:3089} INFO - Sync 1 DAGs
[2025-08-17T01:20:13.120+0000] {logging_mixin.py:188} INFO - [2025-08-17T01:20:13.120+0000] {dag.py:3947} INFO - Setting next_dagrun for example_sensors to None, run_after=None
[2025-08-17T01:20:13.138+0000] {processor.py:183} INFO - Processing /home/airflow/.local/lib/python3.12/site-packages/airflow/example_dags/example_sensors.py took 0.074 seconds
[2025-08-17T01:20:43.251+0000] {processor.py:161} INFO - Started process (PID=456) to work on /home/airflow/.local/lib/python3.12/site-packages/airflow/example_dags/example_sensors.py
[2025-08-17T01:20:43.252+0000] {processor.py:830} INFO - Processing file /home/airflow/.local/lib/python3.12/site-packages/airflow/example_dags/example_sensors.py for tasks to queue
[2025-08-17T01:20:43.255+0000] {logging_mixin.py:188} INFO - [2025-08-17T01:20:43.254+0000] {dagbag.py:545} INFO - Filling up the DagBag from /home/airflow/.local/lib/python3.12/site-packages/airflow/example_dags/example_sensors.py
[2025-08-17T01:20:43.262+0000] {processor.py:840} INFO - DAG(s) 'example_sensors' retrieved from /home/airflow/.local/lib/python3.12/site-packages/airflow/example_dags/example_sensors.py
[2025-08-17T01:20:43.288+0000] {logging_mixin.py:188} INFO - [2025-08-17T01:20:43.288+0000] {dag.py:3089} INFO - Sync 1 DAGs
[2025-08-17T01:20:43.300+0000] {logging_mixin.py:188} INFO - [2025-08-17T01:20:43.300+0000] {dag.py:3947} INFO - Setting next_dagrun for example_sensors to None, run_after=None
[2025-08-17T01:20:43.318+0000] {processor.py:183} INFO - Processing /home/airflow/.local/lib/python3.12/site-packages/airflow/example_dags/example_sensors.py took 0.072 seconds
[2025-08-17T01:21:13.728+0000] {processor.py:161} INFO - Started process (PID=515) to work on /home/airflow/.local/lib/python3.12/site-packages/airflow/example_dags/example_sensors.py
[2025-08-17T01:21:13.730+0000] {processor.py:830} INFO - Processing file /home/airflow/.local/lib/python3.12/site-packages/airflow/example_dags/example_sensors.py for tasks to queue
[2025-08-17T01:21:13.733+0000] {logging_mixin.py:188} INFO - [2025-08-17T01:21:13.733+0000] {dagbag.py:545} INFO - Filling up the DagBag from /home/airflow/.local/lib/python3.12/site-packages/airflow/example_dags/example_sensors.py
[2025-08-17T01:21:13.744+0000] {processor.py:840} INFO - DAG(s) 'example_sensors' retrieved from /home/airflow/.local/lib/python3.12/site-packages/airflow/example_dags/example_sensors.py
[2025-08-17T01:21:13.775+0000] {logging_mixin.py:188} INFO - [2025-08-17T01:21:13.775+0000] {dag.py:3089} INFO - Sync 1 DAGs
[2025-08-17T01:21:13.789+0000] {logging_mixin.py:188} INFO - [2025-08-17T01:21:13.789+0000] {dag.py:3947} INFO - Setting next_dagrun for example_sensors to None, run_after=None
[2025-08-17T01:21:13.809+0000] {processor.py:183} INFO - Processing /home/airflow/.local/lib/python3.12/site-packages/airflow/example_dags/example_sensors.py took 0.089 seconds
[2025-08-17T01:21:44.305+0000] {processor.py:161} INFO - Started process (PID=574) to work on /home/airflow/.local/lib/python3.12/site-packages/airflow/example_dags/example_sensors.py
[2025-08-17T01:21:44.306+0000] {processor.py:830} INFO - Processing file /home/airflow/.local/lib/python3.12/site-packages/airflow/example_dags/example_sensors.py for tasks to queue
[2025-08-17T01:21:44.309+0000] {logging_mixin.py:188} INFO - [2025-08-17T01:21:44.309+0000] {dagbag.py:545} INFO - Filling up the DagBag from /home/airflow/.local/lib/python3.12/site-packages/airflow/example_dags/example_sensors.py
[2025-08-17T01:21:44.318+0000] {processor.py:840} INFO - DAG(s) 'example_sensors' retrieved from /home/airflow/.local/lib/python3.12/site-packages/airflow/example_dags/example_sensors.py
[2025-08-17T01:21:44.343+0000] {logging_mixin.py:188} INFO - [2025-08-17T01:21:44.343+0000] {dag.py:3089} INFO - Sync 1 DAGs
[2025-08-17T01:21:44.356+0000] {logging_mixin.py:188} INFO - [2025-08-17T01:21:44.356+0000] {dag.py:3947} INFO - Setting next_dagrun for example_sensors to None, run_after=None
[2025-08-17T01:21:44.471+0000] {processor.py:183} INFO - Processing /home/airflow/.local/lib/python3.12/site-packages/airflow/example_dags/example_sensors.py took 0.175 seconds
[2025-08-17T01:22:14.611+0000] {processor.py:161} INFO - Started process (PID=633) to work on /home/airflow/.local/lib/python3.12/site-packages/airflow/example_dags/example_sensors.py
[2025-08-17T01:22:14.612+0000] {processor.py:830} INFO - Processing file /home/airflow/.local/lib/python3.12/site-packages/airflow/example_dags/example_sensors.py for tasks to queue
[2025-08-17T01:22:14.614+0000] {logging_mixin.py:188} INFO - [2025-08-17T01:22:14.614+0000] {dagbag.py:545} INFO - Filling up the DagBag from /home/airflow/.local/lib/python3.12/site-packages/airflow/example_dags/example_sensors.py
[2025-08-17T01:22:14.624+0000] {processor.py:840} INFO - DAG(s) 'example_sensors' retrieved from /home/airflow/.local/lib/python3.12/site-packages/airflow/example_dags/example_sensors.py
[2025-08-17T01:22:14.655+0000] {logging_mixin.py:188} INFO - [2025-08-17T01:22:14.654+0000] {dag.py:3089} INFO - Sync 1 DAGs
[2025-08-17T01:22:14.670+0000] {logging_mixin.py:188} INFO - [2025-08-17T01:22:14.669+0000] {dag.py:3947} INFO - Setting next_dagrun for example_sensors to None, run_after=None
[2025-08-17T01:22:14.697+0000] {processor.py:183} INFO - Processing /home/airflow/.local/lib/python3.12/site-packages/airflow/example_dags/example_sensors.py took 0.092 seconds
[2025-08-17T01:22:44.777+0000] {processor.py:161} INFO - Started process (PID=692) to work on /home/airflow/.local/lib/python3.12/site-packages/airflow/example_dags/example_sensors.py
[2025-08-17T01:22:44.778+0000] {processor.py:830} INFO - Processing file /home/airflow/.local/lib/python3.12/site-packages/airflow/example_dags/example_sensors.py for tasks to queue
[2025-08-17T01:22:44.781+0000] {logging_mixin.py:188} INFO - [2025-08-17T01:22:44.780+0000] {dagbag.py:545} INFO - Filling up the DagBag from /home/airflow/.local/lib/python3.12/site-packages/airflow/example_dags/example_sensors.py
[2025-08-17T01:22:44.790+0000] {processor.py:840} INFO - DAG(s) 'example_sensors' retrieved from /home/airflow/.local/lib/python3.12/site-packages/airflow/example_dags/example_sensors.py
[2025-08-17T01:22:44.818+0000] {logging_mixin.py:188} INFO - [2025-08-17T01:22:44.818+0000] {dag.py:3089} INFO - Sync 1 DAGs
[2025-08-17T01:22:44.833+0000] {logging_mixin.py:188} INFO - [2025-08-17T01:22:44.833+0000] {dag.py:3947} INFO - Setting next_dagrun for example_sensors to None, run_after=None
[2025-08-17T01:22:44.855+0000] {processor.py:183} INFO - Processing /home/airflow/.local/lib/python3.12/site-packages/airflow/example_dags/example_sensors.py took 0.085 seconds
[2025-08-17T01:23:15.119+0000] {processor.py:161} INFO - Started process (PID=751) to work on /home/airflow/.local/lib/python3.12/site-packages/airflow/example_dags/example_sensors.py
[2025-08-17T01:23:15.120+0000] {processor.py:830} INFO - Processing file /home/airflow/.local/lib/python3.12/site-packages/airflow/example_dags/example_sensors.py for tasks to queue
[2025-08-17T01:23:15.123+0000] {logging_mixin.py:188} INFO - [2025-08-17T01:23:15.122+0000] {dagbag.py:545} INFO - Filling up the DagBag from /home/airflow/.local/lib/python3.12/site-packages/airflow/example_dags/example_sensors.py
[2025-08-17T01:23:15.133+0000] {processor.py:840} INFO - DAG(s) 'example_sensors' retrieved from /home/airflow/.local/lib/python3.12/site-packages/airflow/example_dags/example_sensors.py
[2025-08-17T01:23:15.167+0000] {logging_mixin.py:188} INFO - [2025-08-17T01:23:15.167+0000] {dag.py:3089} INFO - Sync 1 DAGs
[2025-08-17T01:23:15.183+0000] {logging_mixin.py:188} INFO - [2025-08-17T01:23:15.182+0000] {dag.py:3947} INFO - Setting next_dagrun for example_sensors to None, run_after=None
[2025-08-17T01:23:15.205+0000] {processor.py:183} INFO - Processing /home/airflow/.local/lib/python3.12/site-packages/airflow/example_dags/example_sensors.py took 0.095 seconds
[2025-08-17T01:23:45.852+0000] {processor.py:161} INFO - Started process (PID=810) to work on /home/airflow/.local/lib/python3.12/site-packages/airflow/example_dags/example_sensors.py
[2025-08-17T01:23:45.853+0000] {processor.py:830} INFO - Processing file /home/airflow/.local/lib/python3.12/site-packages/airflow/example_dags/example_sensors.py for tasks to queue
[2025-08-17T01:23:45.856+0000] {logging_mixin.py:188} INFO - [2025-08-17T01:23:45.855+0000] {dagbag.py:545} INFO - Filling up the DagBag from /home/airflow/.local/lib/python3.12/site-packages/airflow/example_dags/example_sensors.py
[2025-08-17T01:23:45.864+0000] {processor.py:840} INFO - DAG(s) 'example_sensors' retrieved from /home/airflow/.local/lib/python3.12/site-packages/airflow/example_dags/example_sensors.py
[2025-08-17T01:23:45.890+0000] {logging_mixin.py:188} INFO - [2025-08-17T01:23:45.890+0000] {dag.py:3089} INFO - Sync 1 DAGs
[2025-08-17T01:23:45.903+0000] {logging_mixin.py:188} INFO - [2025-08-17T01:23:45.903+0000] {dag.py:3947} INFO - Setting next_dagrun for example_sensors to None, run_after=None
[2025-08-17T01:23:45.920+0000] {processor.py:183} INFO - Processing /home/airflow/.local/lib/python3.12/site-packages/airflow/example_dags/example_sensors.py took 0.073 seconds
[2025-08-17T01:24:16.455+0000] {processor.py:161} INFO - Started process (PID=869) to work on /home/airflow/.local/lib/python3.12/site-packages/airflow/example_dags/example_sensors.py
[2025-08-17T01:24:16.456+0000] {processor.py:830} INFO - Processing file /home/airflow/.local/lib/python3.12/site-packages/airflow/example_dags/example_sensors.py for tasks to queue
[2025-08-17T01:24:16.458+0000] {logging_mixin.py:188} INFO - [2025-08-17T01:24:16.457+0000] {dagbag.py:545} INFO - Filling up the DagBag from /home/airflow/.local/lib/python3.12/site-packages/airflow/example_dags/example_sensors.py
[2025-08-17T01:24:16.466+0000] {processor.py:840} INFO - DAG(s) 'example_sensors' retrieved from /home/airflow/.local/lib/python3.12/site-packages/airflow/example_dags/example_sensors.py
[2025-08-17T01:24:16.492+0000] {logging_mixin.py:188} INFO - [2025-08-17T01:24:16.492+0000] {dag.py:3089} INFO - Sync 1 DAGs
[2025-08-17T01:24:16.504+0000] {logging_mixin.py:188} INFO - [2025-08-17T01:24:16.504+0000] {dag.py:3947} INFO - Setting next_dagrun for example_sensors to None, run_after=None
[2025-08-17T01:24:16.526+0000] {processor.py:183} INFO - Processing /home/airflow/.local/lib/python3.12/site-packages/airflow/example_dags/example_sensors.py took 0.078 seconds
[2025-08-17T01:24:46.788+0000] {processor.py:161} INFO - Started process (PID=928) to work on /home/airflow/.local/lib/python3.12/site-packages/airflow/example_dags/example_sensors.py
[2025-08-17T01:24:46.789+0000] {processor.py:830} INFO - Processing file /home/airflow/.local/lib/python3.12/site-packages/airflow/example_dags/example_sensors.py for tasks to queue
[2025-08-17T01:24:46.791+0000] {logging_mixin.py:188} INFO - [2025-08-17T01:24:46.791+0000] {dagbag.py:545} INFO - Filling up the DagBag from /home/airflow/.local/lib/python3.12/site-packages/airflow/example_dags/example_sensors.py
[2025-08-17T01:24:46.800+0000] {processor.py:840} INFO - DAG(s) 'example_sensors' retrieved from /home/airflow/.local/lib/python3.12/site-packages/airflow/example_dags/example_sensors.py
[2025-08-17T01:24:46.827+0000] {logging_mixin.py:188} INFO - [2025-08-17T01:24:46.827+0000] {dag.py:3089} INFO - Sync 1 DAGs
[2025-08-17T01:24:46.840+0000] {logging_mixin.py:188} INFO - [2025-08-17T01:24:46.840+0000] {dag.py:3947} INFO - Setting next_dagrun for example_sensors to None, run_after=None
[2025-08-17T01:24:46.859+0000] {processor.py:183} INFO - Processing /home/airflow/.local/lib/python3.12/site-packages/airflow/example_dags/example_sensors.py took 0.079 seconds
[2025-08-17T01:25:17.123+0000] {processor.py:161} INFO - Started process (PID=987) to work on /home/airflow/.local/lib/python3.12/site-packages/airflow/example_dags/example_sensors.py
[2025-08-17T01:25:17.125+0000] {processor.py:830} INFO - Processing file /home/airflow/.local/lib/python3.12/site-packages/airflow/example_dags/example_sensors.py for tasks to queue
[2025-08-17T01:25:17.127+0000] {logging_mixin.py:188} INFO - [2025-08-17T01:25:17.127+0000] {dagbag.py:545} INFO - Filling up the DagBag from /home/airflow/.local/lib/python3.12/site-packages/airflow/example_dags/example_sensors.py
[2025-08-17T01:25:17.138+0000] {processor.py:840} INFO - DAG(s) 'example_sensors' retrieved from /home/airflow/.local/lib/python3.12/site-packages/airflow/example_dags/example_sensors.py
[2025-08-17T01:25:17.169+0000] {logging_mixin.py:188} INFO - [2025-08-17T01:25:17.168+0000] {dag.py:3089} INFO - Sync 1 DAGs
[2025-08-17T01:25:17.184+0000] {logging_mixin.py:188} INFO - [2025-08-17T01:25:17.184+0000] {dag.py:3947} INFO - Setting next_dagrun for example_sensors to None, run_after=None
[2025-08-17T01:25:17.207+0000] {processor.py:183} INFO - Processing /home/airflow/.local/lib/python3.12/site-packages/airflow/example_dags/example_sensors.py took 0.091 seconds
[2025-08-17T01:26:43.234+0000] {processor.py:161} INFO - Started process (PID=100) to work on /home/airflow/.local/lib/python3.12/site-packages/airflow/example_dags/example_sensors.py
[2025-08-17T01:26:43.236+0000] {processor.py:830} INFO - Processing file /home/airflow/.local/lib/python3.12/site-packages/airflow/example_dags/example_sensors.py for tasks to queue
[2025-08-17T01:26:43.239+0000] {logging_mixin.py:188} INFO - [2025-08-17T01:26:43.238+0000] {dagbag.py:545} INFO - Filling up the DagBag from /home/airflow/.local/lib/python3.12/site-packages/airflow/example_dags/example_sensors.py
[2025-08-17T01:26:43.253+0000] {processor.py:840} INFO - DAG(s) 'example_sensors' retrieved from /home/airflow/.local/lib/python3.12/site-packages/airflow/example_dags/example_sensors.py
[2025-08-17T01:26:43.426+0000] {logging_mixin.py:188} INFO - [2025-08-17T01:26:43.425+0000] {dag.py:3089} INFO - Sync 1 DAGs
[2025-08-17T01:26:43.439+0000] {logging_mixin.py:188} INFO - [2025-08-17T01:26:43.439+0000] {dag.py:3947} INFO - Setting next_dagrun for example_sensors to None, run_after=None
[2025-08-17T01:26:43.465+0000] {processor.py:183} INFO - Processing /home/airflow/.local/lib/python3.12/site-packages/airflow/example_dags/example_sensors.py took 0.238 seconds
[2025-08-17T01:27:14.117+0000] {processor.py:161} INFO - Started process (PID=159) to work on /home/airflow/.local/lib/python3.12/site-packages/airflow/example_dags/example_sensors.py
[2025-08-17T01:27:14.118+0000] {processor.py:830} INFO - Processing file /home/airflow/.local/lib/python3.12/site-packages/airflow/example_dags/example_sensors.py for tasks to queue
[2025-08-17T01:27:14.121+0000] {logging_mixin.py:188} INFO - [2025-08-17T01:27:14.121+0000] {dagbag.py:545} INFO - Filling up the DagBag from /home/airflow/.local/lib/python3.12/site-packages/airflow/example_dags/example_sensors.py
[2025-08-17T01:27:14.132+0000] {processor.py:840} INFO - DAG(s) 'example_sensors' retrieved from /home/airflow/.local/lib/python3.12/site-packages/airflow/example_dags/example_sensors.py
[2025-08-17T01:27:14.149+0000] {logging_mixin.py:188} INFO - [2025-08-17T01:27:14.148+0000] {dag.py:3089} INFO - Sync 1 DAGs
[2025-08-17T01:27:14.165+0000] {logging_mixin.py:188} INFO - [2025-08-17T01:27:14.165+0000] {dag.py:3947} INFO - Setting next_dagrun for example_sensors to None, run_after=None
[2025-08-17T01:27:14.191+0000] {processor.py:183} INFO - Processing /home/airflow/.local/lib/python3.12/site-packages/airflow/example_dags/example_sensors.py took 0.081 seconds
[2025-08-17T01:27:45.033+0000] {processor.py:161} INFO - Started process (PID=219) to work on /home/airflow/.local/lib/python3.12/site-packages/airflow/example_dags/example_sensors.py
[2025-08-17T01:27:45.034+0000] {processor.py:830} INFO - Processing file /home/airflow/.local/lib/python3.12/site-packages/airflow/example_dags/example_sensors.py for tasks to queue
[2025-08-17T01:27:45.036+0000] {logging_mixin.py:188} INFO - [2025-08-17T01:27:45.036+0000] {dagbag.py:545} INFO - Filling up the DagBag from /home/airflow/.local/lib/python3.12/site-packages/airflow/example_dags/example_sensors.py
[2025-08-17T01:27:45.047+0000] {processor.py:840} INFO - DAG(s) 'example_sensors' retrieved from /home/airflow/.local/lib/python3.12/site-packages/airflow/example_dags/example_sensors.py
[2025-08-17T01:27:45.184+0000] {logging_mixin.py:188} INFO - [2025-08-17T01:27:45.184+0000] {dag.py:3089} INFO - Sync 1 DAGs
[2025-08-17T01:27:45.200+0000] {logging_mixin.py:188} INFO - [2025-08-17T01:27:45.200+0000] {dag.py:3947} INFO - Setting next_dagrun for example_sensors to None, run_after=None
[2025-08-17T01:27:45.226+0000] {processor.py:183} INFO - Processing /home/airflow/.local/lib/python3.12/site-packages/airflow/example_dags/example_sensors.py took 0.200 seconds
[2025-08-17T01:28:15.417+0000] {processor.py:161} INFO - Started process (PID=278) to work on /home/airflow/.local/lib/python3.12/site-packages/airflow/example_dags/example_sensors.py
[2025-08-17T01:28:15.419+0000] {processor.py:830} INFO - Processing file /home/airflow/.local/lib/python3.12/site-packages/airflow/example_dags/example_sensors.py for tasks to queue
[2025-08-17T01:28:15.422+0000] {logging_mixin.py:188} INFO - [2025-08-17T01:28:15.421+0000] {dagbag.py:545} INFO - Filling up the DagBag from /home/airflow/.local/lib/python3.12/site-packages/airflow/example_dags/example_sensors.py
[2025-08-17T01:28:15.433+0000] {processor.py:840} INFO - DAG(s) 'example_sensors' retrieved from /home/airflow/.local/lib/python3.12/site-packages/airflow/example_dags/example_sensors.py
[2025-08-17T01:28:15.469+0000] {logging_mixin.py:188} INFO - [2025-08-17T01:28:15.468+0000] {dag.py:3089} INFO - Sync 1 DAGs
[2025-08-17T01:28:15.484+0000] {logging_mixin.py:188} INFO - [2025-08-17T01:28:15.484+0000] {dag.py:3947} INFO - Setting next_dagrun for example_sensors to None, run_after=None
[2025-08-17T01:28:15.512+0000] {processor.py:183} INFO - Processing /home/airflow/.local/lib/python3.12/site-packages/airflow/example_dags/example_sensors.py took 0.102 seconds
[2025-08-17T01:28:45.576+0000] {processor.py:161} INFO - Started process (PID=337) to work on /home/airflow/.local/lib/python3.12/site-packages/airflow/example_dags/example_sensors.py
[2025-08-17T01:28:45.578+0000] {processor.py:830} INFO - Processing file /home/airflow/.local/lib/python3.12/site-packages/airflow/example_dags/example_sensors.py for tasks to queue
[2025-08-17T01:28:45.581+0000] {logging_mixin.py:188} INFO - [2025-08-17T01:28:45.581+0000] {dagbag.py:545} INFO - Filling up the DagBag from /home/airflow/.local/lib/python3.12/site-packages/airflow/example_dags/example_sensors.py
[2025-08-17T01:28:45.594+0000] {processor.py:840} INFO - DAG(s) 'example_sensors' retrieved from /home/airflow/.local/lib/python3.12/site-packages/airflow/example_dags/example_sensors.py
[2025-08-17T01:28:45.629+0000] {logging_mixin.py:188} INFO - [2025-08-17T01:28:45.629+0000] {dag.py:3089} INFO - Sync 1 DAGs
[2025-08-17T01:28:45.645+0000] {logging_mixin.py:188} INFO - [2025-08-17T01:28:45.645+0000] {dag.py:3947} INFO - Setting next_dagrun for example_sensors to None, run_after=None
[2025-08-17T01:28:45.672+0000] {processor.py:183} INFO - Processing /home/airflow/.local/lib/python3.12/site-packages/airflow/example_dags/example_sensors.py took 0.104 seconds
[2025-08-17T01:29:16.632+0000] {processor.py:161} INFO - Started process (PID=397) to work on /home/airflow/.local/lib/python3.12/site-packages/airflow/example_dags/example_sensors.py
[2025-08-17T01:29:16.633+0000] {processor.py:830} INFO - Processing file /home/airflow/.local/lib/python3.12/site-packages/airflow/example_dags/example_sensors.py for tasks to queue
[2025-08-17T01:29:16.635+0000] {logging_mixin.py:188} INFO - [2025-08-17T01:29:16.635+0000] {dagbag.py:545} INFO - Filling up the DagBag from /home/airflow/.local/lib/python3.12/site-packages/airflow/example_dags/example_sensors.py
[2025-08-17T01:29:16.646+0000] {processor.py:840} INFO - DAG(s) 'example_sensors' retrieved from /home/airflow/.local/lib/python3.12/site-packages/airflow/example_dags/example_sensors.py
[2025-08-17T01:29:16.684+0000] {logging_mixin.py:188} INFO - [2025-08-17T01:29:16.683+0000] {dag.py:3089} INFO - Sync 1 DAGs
[2025-08-17T01:29:16.705+0000] {logging_mixin.py:188} INFO - [2025-08-17T01:29:16.704+0000] {dag.py:3947} INFO - Setting next_dagrun for example_sensors to None, run_after=None
[2025-08-17T01:29:16.735+0000] {processor.py:183} INFO - Processing /home/airflow/.local/lib/python3.12/site-packages/airflow/example_dags/example_sensors.py took 0.110 seconds
[2025-08-17T01:29:47.635+0000] {processor.py:161} INFO - Started process (PID=456) to work on /home/airflow/.local/lib/python3.12/site-packages/airflow/example_dags/example_sensors.py
[2025-08-17T01:29:47.637+0000] {processor.py:830} INFO - Processing file /home/airflow/.local/lib/python3.12/site-packages/airflow/example_dags/example_sensors.py for tasks to queue
[2025-08-17T01:29:47.640+0000] {logging_mixin.py:188} INFO - [2025-08-17T01:29:47.639+0000] {dagbag.py:545} INFO - Filling up the DagBag from /home/airflow/.local/lib/python3.12/site-packages/airflow/example_dags/example_sensors.py
[2025-08-17T01:29:47.649+0000] {processor.py:840} INFO - DAG(s) 'example_sensors' retrieved from /home/airflow/.local/lib/python3.12/site-packages/airflow/example_dags/example_sensors.py
[2025-08-17T01:29:47.679+0000] {logging_mixin.py:188} INFO - [2025-08-17T01:29:47.678+0000] {dag.py:3089} INFO - Sync 1 DAGs
[2025-08-17T01:29:47.692+0000] {logging_mixin.py:188} INFO - [2025-08-17T01:29:47.692+0000] {dag.py:3947} INFO - Setting next_dagrun for example_sensors to None, run_after=None
[2025-08-17T01:29:47.719+0000] {processor.py:183} INFO - Processing /home/airflow/.local/lib/python3.12/site-packages/airflow/example_dags/example_sensors.py took 0.090 seconds
[2025-08-17T01:30:18.241+0000] {processor.py:161} INFO - Started process (PID=515) to work on /home/airflow/.local/lib/python3.12/site-packages/airflow/example_dags/example_sensors.py
[2025-08-17T01:30:18.243+0000] {processor.py:830} INFO - Processing file /home/airflow/.local/lib/python3.12/site-packages/airflow/example_dags/example_sensors.py for tasks to queue
[2025-08-17T01:30:18.246+0000] {logging_mixin.py:188} INFO - [2025-08-17T01:30:18.245+0000] {dagbag.py:545} INFO - Filling up the DagBag from /home/airflow/.local/lib/python3.12/site-packages/airflow/example_dags/example_sensors.py
[2025-08-17T01:30:18.255+0000] {processor.py:840} INFO - DAG(s) 'example_sensors' retrieved from /home/airflow/.local/lib/python3.12/site-packages/airflow/example_dags/example_sensors.py
[2025-08-17T01:30:18.285+0000] {logging_mixin.py:188} INFO - [2025-08-17T01:30:18.285+0000] {dag.py:3089} INFO - Sync 1 DAGs
[2025-08-17T01:30:18.298+0000] {logging_mixin.py:188} INFO - [2025-08-17T01:30:18.298+0000] {dag.py:3947} INFO - Setting next_dagrun for example_sensors to None, run_after=None
[2025-08-17T01:30:18.320+0000] {processor.py:183} INFO - Processing /home/airflow/.local/lib/python3.12/site-packages/airflow/example_dags/example_sensors.py took 0.085 seconds
[2025-08-17T01:30:48.743+0000] {processor.py:161} INFO - Started process (PID=574) to work on /home/airflow/.local/lib/python3.12/site-packages/airflow/example_dags/example_sensors.py
[2025-08-17T01:30:48.744+0000] {processor.py:830} INFO - Processing file /home/airflow/.local/lib/python3.12/site-packages/airflow/example_dags/example_sensors.py for tasks to queue
[2025-08-17T01:30:48.747+0000] {logging_mixin.py:188} INFO - [2025-08-17T01:30:48.746+0000] {dagbag.py:545} INFO - Filling up the DagBag from /home/airflow/.local/lib/python3.12/site-packages/airflow/example_dags/example_sensors.py
[2025-08-17T01:30:48.756+0000] {processor.py:840} INFO - DAG(s) 'example_sensors' retrieved from /home/airflow/.local/lib/python3.12/site-packages/airflow/example_dags/example_sensors.py
[2025-08-17T01:30:48.785+0000] {logging_mixin.py:188} INFO - [2025-08-17T01:30:48.785+0000] {dag.py:3089} INFO - Sync 1 DAGs
[2025-08-17T01:30:48.797+0000] {logging_mixin.py:188} INFO - [2025-08-17T01:30:48.797+0000] {dag.py:3947} INFO - Setting next_dagrun for example_sensors to None, run_after=None
[2025-08-17T01:30:48.818+0000] {processor.py:183} INFO - Processing /home/airflow/.local/lib/python3.12/site-packages/airflow/example_dags/example_sensors.py took 0.081 seconds
[2025-08-17T01:31:19.186+0000] {processor.py:161} INFO - Started process (PID=633) to work on /home/airflow/.local/lib/python3.12/site-packages/airflow/example_dags/example_sensors.py
[2025-08-17T01:31:19.188+0000] {processor.py:830} INFO - Processing file /home/airflow/.local/lib/python3.12/site-packages/airflow/example_dags/example_sensors.py for tasks to queue
[2025-08-17T01:31:19.191+0000] {logging_mixin.py:188} INFO - [2025-08-17T01:31:19.190+0000] {dagbag.py:545} INFO - Filling up the DagBag from /home/airflow/.local/lib/python3.12/site-packages/airflow/example_dags/example_sensors.py
[2025-08-17T01:31:19.199+0000] {processor.py:840} INFO - DAG(s) 'example_sensors' retrieved from /home/airflow/.local/lib/python3.12/site-packages/airflow/example_dags/example_sensors.py
[2025-08-17T01:31:19.232+0000] {logging_mixin.py:188} INFO - [2025-08-17T01:31:19.232+0000] {dag.py:3089} INFO - Sync 1 DAGs
[2025-08-17T01:31:19.245+0000] {logging_mixin.py:188} INFO - [2025-08-17T01:31:19.245+0000] {dag.py:3947} INFO - Setting next_dagrun for example_sensors to None, run_after=None
[2025-08-17T01:31:19.269+0000] {processor.py:183} INFO - Processing /home/airflow/.local/lib/python3.12/site-packages/airflow/example_dags/example_sensors.py took 0.089 seconds
[2025-08-17T01:31:50.004+0000] {processor.py:161} INFO - Started process (PID=695) to work on /home/airflow/.local/lib/python3.12/site-packages/airflow/example_dags/example_sensors.py
[2025-08-17T01:31:50.005+0000] {processor.py:830} INFO - Processing file /home/airflow/.local/lib/python3.12/site-packages/airflow/example_dags/example_sensors.py for tasks to queue
[2025-08-17T01:31:50.009+0000] {logging_mixin.py:188} INFO - [2025-08-17T01:31:50.008+0000] {dagbag.py:545} INFO - Filling up the DagBag from /home/airflow/.local/lib/python3.12/site-packages/airflow/example_dags/example_sensors.py
[2025-08-17T01:31:50.019+0000] {processor.py:840} INFO - DAG(s) 'example_sensors' retrieved from /home/airflow/.local/lib/python3.12/site-packages/airflow/example_dags/example_sensors.py
[2025-08-17T01:31:50.052+0000] {logging_mixin.py:188} INFO - [2025-08-17T01:31:50.051+0000] {dag.py:3089} INFO - Sync 1 DAGs
[2025-08-17T01:31:50.065+0000] {logging_mixin.py:188} INFO - [2025-08-17T01:31:50.065+0000] {dag.py:3947} INFO - Setting next_dagrun for example_sensors to None, run_after=None
[2025-08-17T01:31:50.091+0000] {processor.py:183} INFO - Processing /home/airflow/.local/lib/python3.12/site-packages/airflow/example_dags/example_sensors.py took 0.096 seconds
