[2025-08-17T00:53:34.663+0000] {processor.py:161} INFO - Started process (PID=91) to work on /home/airflow/.local/lib/python3.12/site-packages/airflow/example_dags/example_bash_decorator.py
[2025-08-17T00:53:34.665+0000] {processor.py:830} INFO - Processing file /home/airflow/.local/lib/python3.12/site-packages/airflow/example_dags/example_bash_decorator.py for tasks to queue
[2025-08-17T00:53:34.668+0000] {logging_mixin.py:188} INFO - [2025-08-17T00:53:34.667+0000] {dagbag.py:545} INFO - Filling up the DagBag from /home/airflow/.local/lib/python3.12/site-packages/airflow/example_dags/example_bash_decorator.py
[2025-08-17T00:53:34.687+0000] {processor.py:840} INFO - DAG(s) 'example_bash_decorator' retrieved from /home/airflow/.local/lib/python3.12/site-packages/airflow/example_dags/example_bash_decorator.py
[2025-08-17T00:53:34.823+0000] {logging_mixin.py:188} INFO - [2025-08-17T00:53:34.823+0000] {dag.py:3089} INFO - Sync 1 DAGs
[2025-08-17T00:53:34.837+0000] {logging_mixin.py:188} INFO - [2025-08-17T00:53:34.837+0000] {dag.py:3947} INFO - Setting next_dagrun for example_bash_decorator to None, run_after=None
[2025-08-17T00:53:34.865+0000] {processor.py:183} INFO - Processing /home/airflow/.local/lib/python3.12/site-packages/airflow/example_dags/example_bash_decorator.py took 0.209 seconds
[2025-08-17T00:54:05.052+0000] {processor.py:161} INFO - Started process (PID=149) to work on /home/airflow/.local/lib/python3.12/site-packages/airflow/example_dags/example_bash_decorator.py
[2025-08-17T00:54:05.053+0000] {processor.py:830} INFO - Processing file /home/airflow/.local/lib/python3.12/site-packages/airflow/example_dags/example_bash_decorator.py for tasks to queue
[2025-08-17T00:54:05.056+0000] {logging_mixin.py:188} INFO - [2025-08-17T00:54:05.055+0000] {dagbag.py:545} INFO - Filling up the DagBag from /home/airflow/.local/lib/python3.12/site-packages/airflow/example_dags/example_bash_decorator.py
[2025-08-17T00:54:05.069+0000] {processor.py:840} INFO - DAG(s) 'example_bash_decorator' retrieved from /home/airflow/.local/lib/python3.12/site-packages/airflow/example_dags/example_bash_decorator.py
[2025-08-17T00:54:05.093+0000] {logging_mixin.py:188} INFO - [2025-08-17T00:54:05.093+0000] {dag.py:3089} INFO - Sync 1 DAGs
[2025-08-17T00:54:05.105+0000] {logging_mixin.py:188} INFO - [2025-08-17T00:54:05.105+0000] {dag.py:3947} INFO - Setting next_dagrun for example_bash_decorator to None, run_after=None
[2025-08-17T00:54:05.126+0000] {processor.py:183} INFO - Processing /home/airflow/.local/lib/python3.12/site-packages/airflow/example_dags/example_bash_decorator.py took 0.081 seconds
[2025-08-17T00:54:35.375+0000] {processor.py:161} INFO - Started process (PID=207) to work on /home/airflow/.local/lib/python3.12/site-packages/airflow/example_dags/example_bash_decorator.py
[2025-08-17T00:54:35.376+0000] {processor.py:830} INFO - Processing file /home/airflow/.local/lib/python3.12/site-packages/airflow/example_dags/example_bash_decorator.py for tasks to queue
[2025-08-17T00:54:35.379+0000] {logging_mixin.py:188} INFO - [2025-08-17T00:54:35.379+0000] {dagbag.py:545} INFO - Filling up the DagBag from /home/airflow/.local/lib/python3.12/site-packages/airflow/example_dags/example_bash_decorator.py
[2025-08-17T00:54:35.392+0000] {processor.py:840} INFO - DAG(s) 'example_bash_decorator' retrieved from /home/airflow/.local/lib/python3.12/site-packages/airflow/example_dags/example_bash_decorator.py
[2025-08-17T00:54:35.415+0000] {logging_mixin.py:188} INFO - [2025-08-17T00:54:35.415+0000] {dag.py:3089} INFO - Sync 1 DAGs
[2025-08-17T00:54:35.428+0000] {logging_mixin.py:188} INFO - [2025-08-17T00:54:35.427+0000] {dag.py:3947} INFO - Setting next_dagrun for example_bash_decorator to None, run_after=None
[2025-08-17T00:54:35.446+0000] {processor.py:183} INFO - Processing /home/airflow/.local/lib/python3.12/site-packages/airflow/example_dags/example_bash_decorator.py took 0.077 seconds
[2025-08-17T00:55:05.810+0000] {processor.py:161} INFO - Started process (PID=265) to work on /home/airflow/.local/lib/python3.12/site-packages/airflow/example_dags/example_bash_decorator.py
[2025-08-17T00:55:05.812+0000] {processor.py:830} INFO - Processing file /home/airflow/.local/lib/python3.12/site-packages/airflow/example_dags/example_bash_decorator.py for tasks to queue
[2025-08-17T00:55:05.814+0000] {logging_mixin.py:188} INFO - [2025-08-17T00:55:05.814+0000] {dagbag.py:545} INFO - Filling up the DagBag from /home/airflow/.local/lib/python3.12/site-packages/airflow/example_dags/example_bash_decorator.py
[2025-08-17T00:55:05.827+0000] {processor.py:840} INFO - DAG(s) 'example_bash_decorator' retrieved from /home/airflow/.local/lib/python3.12/site-packages/airflow/example_dags/example_bash_decorator.py
[2025-08-17T00:55:05.853+0000] {logging_mixin.py:188} INFO - [2025-08-17T00:55:05.852+0000] {dag.py:3089} INFO - Sync 1 DAGs
[2025-08-17T00:55:05.866+0000] {logging_mixin.py:188} INFO - [2025-08-17T00:55:05.866+0000] {dag.py:3947} INFO - Setting next_dagrun for example_bash_decorator to None, run_after=None
[2025-08-17T00:55:05.885+0000] {processor.py:183} INFO - Processing /home/airflow/.local/lib/python3.12/site-packages/airflow/example_dags/example_bash_decorator.py took 0.081 seconds
[2025-08-17T00:55:36.877+0000] {processor.py:161} INFO - Started process (PID=324) to work on /home/airflow/.local/lib/python3.12/site-packages/airflow/example_dags/example_bash_decorator.py
[2025-08-17T00:55:36.878+0000] {processor.py:830} INFO - Processing file /home/airflow/.local/lib/python3.12/site-packages/airflow/example_dags/example_bash_decorator.py for tasks to queue
[2025-08-17T00:55:36.880+0000] {logging_mixin.py:188} INFO - [2025-08-17T00:55:36.880+0000] {dagbag.py:545} INFO - Filling up the DagBag from /home/airflow/.local/lib/python3.12/site-packages/airflow/example_dags/example_bash_decorator.py
[2025-08-17T00:55:36.895+0000] {processor.py:840} INFO - DAG(s) 'example_bash_decorator' retrieved from /home/airflow/.local/lib/python3.12/site-packages/airflow/example_dags/example_bash_decorator.py
[2025-08-17T00:55:36.920+0000] {logging_mixin.py:188} INFO - [2025-08-17T00:55:36.920+0000] {dag.py:3089} INFO - Sync 1 DAGs
[2025-08-17T00:55:36.932+0000] {logging_mixin.py:188} INFO - [2025-08-17T00:55:36.932+0000] {dag.py:3947} INFO - Setting next_dagrun for example_bash_decorator to None, run_after=None
[2025-08-17T00:55:36.951+0000] {processor.py:183} INFO - Processing /home/airflow/.local/lib/python3.12/site-packages/airflow/example_dags/example_bash_decorator.py took 0.080 seconds
[2025-08-17T00:56:07.140+0000] {processor.py:161} INFO - Started process (PID=382) to work on /home/airflow/.local/lib/python3.12/site-packages/airflow/example_dags/example_bash_decorator.py
[2025-08-17T00:56:07.142+0000] {processor.py:830} INFO - Processing file /home/airflow/.local/lib/python3.12/site-packages/airflow/example_dags/example_bash_decorator.py for tasks to queue
[2025-08-17T00:56:07.144+0000] {logging_mixin.py:188} INFO - [2025-08-17T00:56:07.144+0000] {dagbag.py:545} INFO - Filling up the DagBag from /home/airflow/.local/lib/python3.12/site-packages/airflow/example_dags/example_bash_decorator.py
[2025-08-17T00:56:07.159+0000] {processor.py:840} INFO - DAG(s) 'example_bash_decorator' retrieved from /home/airflow/.local/lib/python3.12/site-packages/airflow/example_dags/example_bash_decorator.py
[2025-08-17T00:56:07.189+0000] {logging_mixin.py:188} INFO - [2025-08-17T00:56:07.189+0000] {dag.py:3089} INFO - Sync 1 DAGs
[2025-08-17T00:56:07.206+0000] {logging_mixin.py:188} INFO - [2025-08-17T00:56:07.206+0000] {dag.py:3947} INFO - Setting next_dagrun for example_bash_decorator to None, run_after=None
[2025-08-17T00:56:07.232+0000] {processor.py:183} INFO - Processing /home/airflow/.local/lib/python3.12/site-packages/airflow/example_dags/example_bash_decorator.py took 0.098 seconds
[2025-08-17T00:56:38.153+0000] {processor.py:161} INFO - Started process (PID=440) to work on /home/airflow/.local/lib/python3.12/site-packages/airflow/example_dags/example_bash_decorator.py
[2025-08-17T00:56:38.154+0000] {processor.py:830} INFO - Processing file /home/airflow/.local/lib/python3.12/site-packages/airflow/example_dags/example_bash_decorator.py for tasks to queue
[2025-08-17T00:56:38.157+0000] {logging_mixin.py:188} INFO - [2025-08-17T00:56:38.156+0000] {dagbag.py:545} INFO - Filling up the DagBag from /home/airflow/.local/lib/python3.12/site-packages/airflow/example_dags/example_bash_decorator.py
[2025-08-17T00:56:38.171+0000] {processor.py:840} INFO - DAG(s) 'example_bash_decorator' retrieved from /home/airflow/.local/lib/python3.12/site-packages/airflow/example_dags/example_bash_decorator.py
[2025-08-17T00:56:38.200+0000] {logging_mixin.py:188} INFO - [2025-08-17T00:56:38.200+0000] {dag.py:3089} INFO - Sync 1 DAGs
[2025-08-17T00:56:38.215+0000] {logging_mixin.py:188} INFO - [2025-08-17T00:56:38.214+0000] {dag.py:3947} INFO - Setting next_dagrun for example_bash_decorator to None, run_after=None
[2025-08-17T00:56:38.236+0000] {processor.py:183} INFO - Processing /home/airflow/.local/lib/python3.12/site-packages/airflow/example_dags/example_bash_decorator.py took 0.091 seconds
[2025-08-17T00:57:08.486+0000] {processor.py:161} INFO - Started process (PID=498) to work on /home/airflow/.local/lib/python3.12/site-packages/airflow/example_dags/example_bash_decorator.py
[2025-08-17T00:57:08.488+0000] {processor.py:830} INFO - Processing file /home/airflow/.local/lib/python3.12/site-packages/airflow/example_dags/example_bash_decorator.py for tasks to queue
[2025-08-17T00:57:08.490+0000] {logging_mixin.py:188} INFO - [2025-08-17T00:57:08.489+0000] {dagbag.py:545} INFO - Filling up the DagBag from /home/airflow/.local/lib/python3.12/site-packages/airflow/example_dags/example_bash_decorator.py
[2025-08-17T00:57:08.504+0000] {processor.py:840} INFO - DAG(s) 'example_bash_decorator' retrieved from /home/airflow/.local/lib/python3.12/site-packages/airflow/example_dags/example_bash_decorator.py
[2025-08-17T00:57:08.528+0000] {logging_mixin.py:188} INFO - [2025-08-17T00:57:08.528+0000] {dag.py:3089} INFO - Sync 1 DAGs
[2025-08-17T00:57:08.541+0000] {logging_mixin.py:188} INFO - [2025-08-17T00:57:08.541+0000] {dag.py:3947} INFO - Setting next_dagrun for example_bash_decorator to None, run_after=None
[2025-08-17T00:57:08.563+0000] {processor.py:183} INFO - Processing /home/airflow/.local/lib/python3.12/site-packages/airflow/example_dags/example_bash_decorator.py took 0.083 seconds
[2025-08-17T00:57:39.049+0000] {processor.py:161} INFO - Started process (PID=556) to work on /home/airflow/.local/lib/python3.12/site-packages/airflow/example_dags/example_bash_decorator.py
[2025-08-17T00:57:39.051+0000] {processor.py:830} INFO - Processing file /home/airflow/.local/lib/python3.12/site-packages/airflow/example_dags/example_bash_decorator.py for tasks to queue
[2025-08-17T00:57:39.053+0000] {logging_mixin.py:188} INFO - [2025-08-17T00:57:39.053+0000] {dagbag.py:545} INFO - Filling up the DagBag from /home/airflow/.local/lib/python3.12/site-packages/airflow/example_dags/example_bash_decorator.py
[2025-08-17T00:57:39.067+0000] {processor.py:840} INFO - DAG(s) 'example_bash_decorator' retrieved from /home/airflow/.local/lib/python3.12/site-packages/airflow/example_dags/example_bash_decorator.py
[2025-08-17T00:57:39.091+0000] {logging_mixin.py:188} INFO - [2025-08-17T00:57:39.091+0000] {dag.py:3089} INFO - Sync 1 DAGs
[2025-08-17T00:57:39.103+0000] {logging_mixin.py:188} INFO - [2025-08-17T00:57:39.103+0000] {dag.py:3947} INFO - Setting next_dagrun for example_bash_decorator to None, run_after=None
[2025-08-17T00:57:39.126+0000] {processor.py:183} INFO - Processing /home/airflow/.local/lib/python3.12/site-packages/airflow/example_dags/example_bash_decorator.py took 0.084 seconds
[2025-08-17T00:58:09.686+0000] {processor.py:161} INFO - Started process (PID=614) to work on /home/airflow/.local/lib/python3.12/site-packages/airflow/example_dags/example_bash_decorator.py
[2025-08-17T00:58:09.688+0000] {processor.py:830} INFO - Processing file /home/airflow/.local/lib/python3.12/site-packages/airflow/example_dags/example_bash_decorator.py for tasks to queue
[2025-08-17T00:58:09.691+0000] {logging_mixin.py:188} INFO - [2025-08-17T00:58:09.690+0000] {dagbag.py:545} INFO - Filling up the DagBag from /home/airflow/.local/lib/python3.12/site-packages/airflow/example_dags/example_bash_decorator.py
[2025-08-17T00:58:09.710+0000] {processor.py:840} INFO - DAG(s) 'example_bash_decorator' retrieved from /home/airflow/.local/lib/python3.12/site-packages/airflow/example_dags/example_bash_decorator.py
[2025-08-17T00:58:09.751+0000] {logging_mixin.py:188} INFO - [2025-08-17T00:58:09.751+0000] {dag.py:3089} INFO - Sync 1 DAGs
[2025-08-17T00:58:09.774+0000] {logging_mixin.py:188} INFO - [2025-08-17T00:58:09.773+0000] {dag.py:3947} INFO - Setting next_dagrun for example_bash_decorator to None, run_after=None
[2025-08-17T00:58:09.810+0000] {processor.py:183} INFO - Processing /home/airflow/.local/lib/python3.12/site-packages/airflow/example_dags/example_bash_decorator.py took 0.131 seconds
[2025-08-17T00:58:40.342+0000] {processor.py:161} INFO - Started process (PID=673) to work on /home/airflow/.local/lib/python3.12/site-packages/airflow/example_dags/example_bash_decorator.py
[2025-08-17T00:58:40.343+0000] {processor.py:830} INFO - Processing file /home/airflow/.local/lib/python3.12/site-packages/airflow/example_dags/example_bash_decorator.py for tasks to queue
[2025-08-17T00:58:40.346+0000] {logging_mixin.py:188} INFO - [2025-08-17T00:58:40.346+0000] {dagbag.py:545} INFO - Filling up the DagBag from /home/airflow/.local/lib/python3.12/site-packages/airflow/example_dags/example_bash_decorator.py
[2025-08-17T00:58:40.360+0000] {processor.py:840} INFO - DAG(s) 'example_bash_decorator' retrieved from /home/airflow/.local/lib/python3.12/site-packages/airflow/example_dags/example_bash_decorator.py
[2025-08-17T00:58:40.386+0000] {logging_mixin.py:188} INFO - [2025-08-17T00:58:40.386+0000] {dag.py:3089} INFO - Sync 1 DAGs
[2025-08-17T00:58:40.401+0000] {logging_mixin.py:188} INFO - [2025-08-17T00:58:40.400+0000] {dag.py:3947} INFO - Setting next_dagrun for example_bash_decorator to None, run_after=None
[2025-08-17T00:58:40.421+0000] {processor.py:183} INFO - Processing /home/airflow/.local/lib/python3.12/site-packages/airflow/example_dags/example_bash_decorator.py took 0.086 seconds
[2025-08-17T00:59:11.167+0000] {processor.py:161} INFO - Started process (PID=732) to work on /home/airflow/.local/lib/python3.12/site-packages/airflow/example_dags/example_bash_decorator.py
[2025-08-17T00:59:11.169+0000] {processor.py:830} INFO - Processing file /home/airflow/.local/lib/python3.12/site-packages/airflow/example_dags/example_bash_decorator.py for tasks to queue
[2025-08-17T00:59:11.171+0000] {logging_mixin.py:188} INFO - [2025-08-17T00:59:11.171+0000] {dagbag.py:545} INFO - Filling up the DagBag from /home/airflow/.local/lib/python3.12/site-packages/airflow/example_dags/example_bash_decorator.py
[2025-08-17T00:59:11.184+0000] {processor.py:840} INFO - DAG(s) 'example_bash_decorator' retrieved from /home/airflow/.local/lib/python3.12/site-packages/airflow/example_dags/example_bash_decorator.py
[2025-08-17T00:59:11.212+0000] {logging_mixin.py:188} INFO - [2025-08-17T00:59:11.211+0000] {dag.py:3089} INFO - Sync 1 DAGs
[2025-08-17T00:59:11.225+0000] {logging_mixin.py:188} INFO - [2025-08-17T00:59:11.225+0000] {dag.py:3947} INFO - Setting next_dagrun for example_bash_decorator to None, run_after=None
[2025-08-17T00:59:11.248+0000] {processor.py:183} INFO - Processing /home/airflow/.local/lib/python3.12/site-packages/airflow/example_dags/example_bash_decorator.py took 0.086 seconds
[2025-08-17T01:00:11.568+0000] {processor.py:161} INFO - Started process (PID=79) to work on /home/airflow/.local/lib/python3.12/site-packages/airflow/example_dags/example_bash_decorator.py
[2025-08-17T01:00:11.570+0000] {processor.py:830} INFO - Processing file /home/airflow/.local/lib/python3.12/site-packages/airflow/example_dags/example_bash_decorator.py for tasks to queue
[2025-08-17T01:00:11.575+0000] {logging_mixin.py:188} INFO - [2025-08-17T01:00:11.574+0000] {dagbag.py:545} INFO - Filling up the DagBag from /home/airflow/.local/lib/python3.12/site-packages/airflow/example_dags/example_bash_decorator.py
[2025-08-17T01:00:11.603+0000] {processor.py:840} INFO - DAG(s) 'example_bash_decorator' retrieved from /home/airflow/.local/lib/python3.12/site-packages/airflow/example_dags/example_bash_decorator.py
[2025-08-17T01:00:11.628+0000] {logging_mixin.py:188} INFO - [2025-08-17T01:00:11.628+0000] {dag.py:3089} INFO - Sync 1 DAGs
[2025-08-17T01:00:11.659+0000] {logging_mixin.py:188} INFO - [2025-08-17T01:00:11.659+0000] {dag.py:3947} INFO - Setting next_dagrun for example_bash_decorator to None, run_after=None
[2025-08-17T01:00:11.698+0000] {processor.py:183} INFO - Processing /home/airflow/.local/lib/python3.12/site-packages/airflow/example_dags/example_bash_decorator.py took 0.142 seconds
[2025-08-17T01:01:34.654+0000] {processor.py:161} INFO - Started process (PID=79) to work on /home/airflow/.local/lib/python3.12/site-packages/airflow/example_dags/example_bash_decorator.py
[2025-08-17T01:01:34.656+0000] {processor.py:830} INFO - Processing file /home/airflow/.local/lib/python3.12/site-packages/airflow/example_dags/example_bash_decorator.py for tasks to queue
[2025-08-17T01:01:34.659+0000] {logging_mixin.py:188} INFO - [2025-08-17T01:01:34.659+0000] {dagbag.py:545} INFO - Filling up the DagBag from /home/airflow/.local/lib/python3.12/site-packages/airflow/example_dags/example_bash_decorator.py
[2025-08-17T01:01:34.682+0000] {processor.py:840} INFO - DAG(s) 'example_bash_decorator' retrieved from /home/airflow/.local/lib/python3.12/site-packages/airflow/example_dags/example_bash_decorator.py
[2025-08-17T01:01:34.703+0000] {logging_mixin.py:188} INFO - [2025-08-17T01:01:34.703+0000] {dag.py:3089} INFO - Sync 1 DAGs
[2025-08-17T01:01:34.724+0000] {logging_mixin.py:188} INFO - [2025-08-17T01:01:34.724+0000] {dag.py:3947} INFO - Setting next_dagrun for example_bash_decorator to None, run_after=None
[2025-08-17T01:01:34.749+0000] {processor.py:183} INFO - Processing /home/airflow/.local/lib/python3.12/site-packages/airflow/example_dags/example_bash_decorator.py took 0.104 seconds
[2025-08-17T01:02:06.037+0000] {processor.py:161} INFO - Started process (PID=138) to work on /home/airflow/.local/lib/python3.12/site-packages/airflow/example_dags/example_bash_decorator.py
[2025-08-17T01:02:06.038+0000] {processor.py:830} INFO - Processing file /home/airflow/.local/lib/python3.12/site-packages/airflow/example_dags/example_bash_decorator.py for tasks to queue
[2025-08-17T01:02:06.042+0000] {logging_mixin.py:188} INFO - [2025-08-17T01:02:06.041+0000] {dagbag.py:545} INFO - Filling up the DagBag from /home/airflow/.local/lib/python3.12/site-packages/airflow/example_dags/example_bash_decorator.py
[2025-08-17T01:02:06.057+0000] {processor.py:840} INFO - DAG(s) 'example_bash_decorator' retrieved from /home/airflow/.local/lib/python3.12/site-packages/airflow/example_dags/example_bash_decorator.py
[2025-08-17T01:02:06.174+0000] {logging_mixin.py:188} INFO - [2025-08-17T01:02:06.173+0000] {dag.py:3089} INFO - Sync 1 DAGs
[2025-08-17T01:02:06.185+0000] {logging_mixin.py:188} INFO - [2025-08-17T01:02:06.185+0000] {dag.py:3947} INFO - Setting next_dagrun for example_bash_decorator to None, run_after=None
[2025-08-17T01:02:06.207+0000] {processor.py:183} INFO - Processing /home/airflow/.local/lib/python3.12/site-packages/airflow/example_dags/example_bash_decorator.py took 0.177 seconds
[2025-08-17T01:02:36.612+0000] {processor.py:161} INFO - Started process (PID=197) to work on /home/airflow/.local/lib/python3.12/site-packages/airflow/example_dags/example_bash_decorator.py
[2025-08-17T01:02:36.614+0000] {processor.py:830} INFO - Processing file /home/airflow/.local/lib/python3.12/site-packages/airflow/example_dags/example_bash_decorator.py for tasks to queue
[2025-08-17T01:02:36.617+0000] {logging_mixin.py:188} INFO - [2025-08-17T01:02:36.617+0000] {dagbag.py:545} INFO - Filling up the DagBag from /home/airflow/.local/lib/python3.12/site-packages/airflow/example_dags/example_bash_decorator.py
[2025-08-17T01:02:36.633+0000] {processor.py:840} INFO - DAG(s) 'example_bash_decorator' retrieved from /home/airflow/.local/lib/python3.12/site-packages/airflow/example_dags/example_bash_decorator.py
[2025-08-17T01:02:36.665+0000] {logging_mixin.py:188} INFO - [2025-08-17T01:02:36.664+0000] {dag.py:3089} INFO - Sync 1 DAGs
[2025-08-17T01:02:36.680+0000] {logging_mixin.py:188} INFO - [2025-08-17T01:02:36.679+0000] {dag.py:3947} INFO - Setting next_dagrun for example_bash_decorator to None, run_after=None
[2025-08-17T01:02:36.707+0000] {processor.py:183} INFO - Processing /home/airflow/.local/lib/python3.12/site-packages/airflow/example_dags/example_bash_decorator.py took 0.101 seconds
[2025-08-17T01:03:07.175+0000] {processor.py:161} INFO - Started process (PID=256) to work on /home/airflow/.local/lib/python3.12/site-packages/airflow/example_dags/example_bash_decorator.py
[2025-08-17T01:03:07.176+0000] {processor.py:830} INFO - Processing file /home/airflow/.local/lib/python3.12/site-packages/airflow/example_dags/example_bash_decorator.py for tasks to queue
[2025-08-17T01:03:07.178+0000] {logging_mixin.py:188} INFO - [2025-08-17T01:03:07.178+0000] {dagbag.py:545} INFO - Filling up the DagBag from /home/airflow/.local/lib/python3.12/site-packages/airflow/example_dags/example_bash_decorator.py
[2025-08-17T01:03:07.192+0000] {processor.py:840} INFO - DAG(s) 'example_bash_decorator' retrieved from /home/airflow/.local/lib/python3.12/site-packages/airflow/example_dags/example_bash_decorator.py
[2025-08-17T01:03:07.217+0000] {logging_mixin.py:188} INFO - [2025-08-17T01:03:07.216+0000] {dag.py:3089} INFO - Sync 1 DAGs
[2025-08-17T01:03:07.229+0000] {logging_mixin.py:188} INFO - [2025-08-17T01:03:07.229+0000] {dag.py:3947} INFO - Setting next_dagrun for example_bash_decorator to None, run_after=None
[2025-08-17T01:03:07.249+0000] {processor.py:183} INFO - Processing /home/airflow/.local/lib/python3.12/site-packages/airflow/example_dags/example_bash_decorator.py took 0.081 seconds
[2025-08-17T01:03:37.410+0000] {processor.py:161} INFO - Started process (PID=315) to work on /home/airflow/.local/lib/python3.12/site-packages/airflow/example_dags/example_bash_decorator.py
[2025-08-17T01:03:37.411+0000] {processor.py:830} INFO - Processing file /home/airflow/.local/lib/python3.12/site-packages/airflow/example_dags/example_bash_decorator.py for tasks to queue
[2025-08-17T01:03:37.413+0000] {logging_mixin.py:188} INFO - [2025-08-17T01:03:37.413+0000] {dagbag.py:545} INFO - Filling up the DagBag from /home/airflow/.local/lib/python3.12/site-packages/airflow/example_dags/example_bash_decorator.py
[2025-08-17T01:03:37.426+0000] {processor.py:840} INFO - DAG(s) 'example_bash_decorator' retrieved from /home/airflow/.local/lib/python3.12/site-packages/airflow/example_dags/example_bash_decorator.py
[2025-08-17T01:03:37.453+0000] {logging_mixin.py:188} INFO - [2025-08-17T01:03:37.453+0000] {dag.py:3089} INFO - Sync 1 DAGs
[2025-08-17T01:03:37.466+0000] {logging_mixin.py:188} INFO - [2025-08-17T01:03:37.466+0000] {dag.py:3947} INFO - Setting next_dagrun for example_bash_decorator to None, run_after=None
[2025-08-17T01:03:37.485+0000] {processor.py:183} INFO - Processing /home/airflow/.local/lib/python3.12/site-packages/airflow/example_dags/example_bash_decorator.py took 0.081 seconds
[2025-08-17T01:04:07.589+0000] {processor.py:161} INFO - Started process (PID=374) to work on /home/airflow/.local/lib/python3.12/site-packages/airflow/example_dags/example_bash_decorator.py
[2025-08-17T01:04:07.591+0000] {processor.py:830} INFO - Processing file /home/airflow/.local/lib/python3.12/site-packages/airflow/example_dags/example_bash_decorator.py for tasks to queue
[2025-08-17T01:04:07.593+0000] {logging_mixin.py:188} INFO - [2025-08-17T01:04:07.593+0000] {dagbag.py:545} INFO - Filling up the DagBag from /home/airflow/.local/lib/python3.12/site-packages/airflow/example_dags/example_bash_decorator.py
[2025-08-17T01:04:07.607+0000] {processor.py:840} INFO - DAG(s) 'example_bash_decorator' retrieved from /home/airflow/.local/lib/python3.12/site-packages/airflow/example_dags/example_bash_decorator.py
[2025-08-17T01:04:07.637+0000] {logging_mixin.py:188} INFO - [2025-08-17T01:04:07.637+0000] {dag.py:3089} INFO - Sync 1 DAGs
[2025-08-17T01:04:07.652+0000] {logging_mixin.py:188} INFO - [2025-08-17T01:04:07.652+0000] {dag.py:3947} INFO - Setting next_dagrun for example_bash_decorator to None, run_after=None
[2025-08-17T01:04:07.672+0000] {processor.py:183} INFO - Processing /home/airflow/.local/lib/python3.12/site-packages/airflow/example_dags/example_bash_decorator.py took 0.090 seconds
[2025-08-17T01:04:38.427+0000] {processor.py:161} INFO - Started process (PID=439) to work on /home/airflow/.local/lib/python3.12/site-packages/airflow/example_dags/example_bash_decorator.py
[2025-08-17T01:04:38.428+0000] {processor.py:830} INFO - Processing file /home/airflow/.local/lib/python3.12/site-packages/airflow/example_dags/example_bash_decorator.py for tasks to queue
[2025-08-17T01:04:38.431+0000] {logging_mixin.py:188} INFO - [2025-08-17T01:04:38.431+0000] {dagbag.py:545} INFO - Filling up the DagBag from /home/airflow/.local/lib/python3.12/site-packages/airflow/example_dags/example_bash_decorator.py
[2025-08-17T01:04:38.447+0000] {processor.py:840} INFO - DAG(s) 'example_bash_decorator' retrieved from /home/airflow/.local/lib/python3.12/site-packages/airflow/example_dags/example_bash_decorator.py
[2025-08-17T01:04:38.473+0000] {logging_mixin.py:188} INFO - [2025-08-17T01:04:38.473+0000] {dag.py:3089} INFO - Sync 1 DAGs
[2025-08-17T01:04:38.485+0000] {logging_mixin.py:188} INFO - [2025-08-17T01:04:38.485+0000] {dag.py:3947} INFO - Setting next_dagrun for example_bash_decorator to None, run_after=None
[2025-08-17T01:04:38.503+0000] {processor.py:183} INFO - Processing /home/airflow/.local/lib/python3.12/site-packages/airflow/example_dags/example_bash_decorator.py took 0.084 seconds
[2025-08-17T01:05:09.136+0000] {processor.py:161} INFO - Started process (PID=498) to work on /home/airflow/.local/lib/python3.12/site-packages/airflow/example_dags/example_bash_decorator.py
[2025-08-17T01:05:09.138+0000] {processor.py:830} INFO - Processing file /home/airflow/.local/lib/python3.12/site-packages/airflow/example_dags/example_bash_decorator.py for tasks to queue
[2025-08-17T01:05:09.140+0000] {logging_mixin.py:188} INFO - [2025-08-17T01:05:09.140+0000] {dagbag.py:545} INFO - Filling up the DagBag from /home/airflow/.local/lib/python3.12/site-packages/airflow/example_dags/example_bash_decorator.py
[2025-08-17T01:05:09.154+0000] {processor.py:840} INFO - DAG(s) 'example_bash_decorator' retrieved from /home/airflow/.local/lib/python3.12/site-packages/airflow/example_dags/example_bash_decorator.py
[2025-08-17T01:05:09.179+0000] {logging_mixin.py:188} INFO - [2025-08-17T01:05:09.179+0000] {dag.py:3089} INFO - Sync 1 DAGs
[2025-08-17T01:05:09.192+0000] {logging_mixin.py:188} INFO - [2025-08-17T01:05:09.192+0000] {dag.py:3947} INFO - Setting next_dagrun for example_bash_decorator to None, run_after=None
[2025-08-17T01:05:09.210+0000] {processor.py:183} INFO - Processing /home/airflow/.local/lib/python3.12/site-packages/airflow/example_dags/example_bash_decorator.py took 0.081 seconds
[2025-08-17T01:05:39.696+0000] {processor.py:161} INFO - Started process (PID=557) to work on /home/airflow/.local/lib/python3.12/site-packages/airflow/example_dags/example_bash_decorator.py
[2025-08-17T01:05:39.698+0000] {processor.py:830} INFO - Processing file /home/airflow/.local/lib/python3.12/site-packages/airflow/example_dags/example_bash_decorator.py for tasks to queue
[2025-08-17T01:05:39.700+0000] {logging_mixin.py:188} INFO - [2025-08-17T01:05:39.700+0000] {dagbag.py:545} INFO - Filling up the DagBag from /home/airflow/.local/lib/python3.12/site-packages/airflow/example_dags/example_bash_decorator.py
[2025-08-17T01:05:39.714+0000] {processor.py:840} INFO - DAG(s) 'example_bash_decorator' retrieved from /home/airflow/.local/lib/python3.12/site-packages/airflow/example_dags/example_bash_decorator.py
[2025-08-17T01:05:39.740+0000] {logging_mixin.py:188} INFO - [2025-08-17T01:05:39.740+0000] {dag.py:3089} INFO - Sync 1 DAGs
[2025-08-17T01:05:39.756+0000] {logging_mixin.py:188} INFO - [2025-08-17T01:05:39.755+0000] {dag.py:3947} INFO - Setting next_dagrun for example_bash_decorator to None, run_after=None
[2025-08-17T01:05:39.778+0000] {processor.py:183} INFO - Processing /home/airflow/.local/lib/python3.12/site-packages/airflow/example_dags/example_bash_decorator.py took 0.089 seconds
[2025-08-17T01:06:10.764+0000] {processor.py:161} INFO - Started process (PID=616) to work on /home/airflow/.local/lib/python3.12/site-packages/airflow/example_dags/example_bash_decorator.py
[2025-08-17T01:06:10.766+0000] {processor.py:830} INFO - Processing file /home/airflow/.local/lib/python3.12/site-packages/airflow/example_dags/example_bash_decorator.py for tasks to queue
[2025-08-17T01:06:10.770+0000] {logging_mixin.py:188} INFO - [2025-08-17T01:06:10.769+0000] {dagbag.py:545} INFO - Filling up the DagBag from /home/airflow/.local/lib/python3.12/site-packages/airflow/example_dags/example_bash_decorator.py
[2025-08-17T01:06:10.785+0000] {processor.py:840} INFO - DAG(s) 'example_bash_decorator' retrieved from /home/airflow/.local/lib/python3.12/site-packages/airflow/example_dags/example_bash_decorator.py
[2025-08-17T01:06:10.815+0000] {logging_mixin.py:188} INFO - [2025-08-17T01:06:10.815+0000] {dag.py:3089} INFO - Sync 1 DAGs
[2025-08-17T01:06:10.829+0000] {logging_mixin.py:188} INFO - [2025-08-17T01:06:10.829+0000] {dag.py:3947} INFO - Setting next_dagrun for example_bash_decorator to None, run_after=None
[2025-08-17T01:06:10.854+0000] {processor.py:183} INFO - Processing /home/airflow/.local/lib/python3.12/site-packages/airflow/example_dags/example_bash_decorator.py took 0.097 seconds
[2025-08-17T01:06:41.019+0000] {processor.py:161} INFO - Started process (PID=675) to work on /home/airflow/.local/lib/python3.12/site-packages/airflow/example_dags/example_bash_decorator.py
[2025-08-17T01:06:41.020+0000] {processor.py:830} INFO - Processing file /home/airflow/.local/lib/python3.12/site-packages/airflow/example_dags/example_bash_decorator.py for tasks to queue
[2025-08-17T01:06:41.023+0000] {logging_mixin.py:188} INFO - [2025-08-17T01:06:41.022+0000] {dagbag.py:545} INFO - Filling up the DagBag from /home/airflow/.local/lib/python3.12/site-packages/airflow/example_dags/example_bash_decorator.py
[2025-08-17T01:06:41.037+0000] {processor.py:840} INFO - DAG(s) 'example_bash_decorator' retrieved from /home/airflow/.local/lib/python3.12/site-packages/airflow/example_dags/example_bash_decorator.py
[2025-08-17T01:06:41.066+0000] {logging_mixin.py:188} INFO - [2025-08-17T01:06:41.066+0000] {dag.py:3089} INFO - Sync 1 DAGs
[2025-08-17T01:06:41.080+0000] {logging_mixin.py:188} INFO - [2025-08-17T01:06:41.079+0000] {dag.py:3947} INFO - Setting next_dagrun for example_bash_decorator to None, run_after=None
[2025-08-17T01:06:41.100+0000] {processor.py:183} INFO - Processing /home/airflow/.local/lib/python3.12/site-packages/airflow/example_dags/example_bash_decorator.py took 0.089 seconds
[2025-08-17T01:07:12.086+0000] {processor.py:161} INFO - Started process (PID=734) to work on /home/airflow/.local/lib/python3.12/site-packages/airflow/example_dags/example_bash_decorator.py
[2025-08-17T01:07:12.087+0000] {processor.py:830} INFO - Processing file /home/airflow/.local/lib/python3.12/site-packages/airflow/example_dags/example_bash_decorator.py for tasks to queue
[2025-08-17T01:07:12.089+0000] {logging_mixin.py:188} INFO - [2025-08-17T01:07:12.089+0000] {dagbag.py:545} INFO - Filling up the DagBag from /home/airflow/.local/lib/python3.12/site-packages/airflow/example_dags/example_bash_decorator.py
[2025-08-17T01:07:12.101+0000] {processor.py:840} INFO - DAG(s) 'example_bash_decorator' retrieved from /home/airflow/.local/lib/python3.12/site-packages/airflow/example_dags/example_bash_decorator.py
[2025-08-17T01:07:12.127+0000] {logging_mixin.py:188} INFO - [2025-08-17T01:07:12.126+0000] {dag.py:3089} INFO - Sync 1 DAGs
[2025-08-17T01:07:12.140+0000] {logging_mixin.py:188} INFO - [2025-08-17T01:07:12.140+0000] {dag.py:3947} INFO - Setting next_dagrun for example_bash_decorator to None, run_after=None
[2025-08-17T01:07:12.159+0000] {processor.py:183} INFO - Processing /home/airflow/.local/lib/python3.12/site-packages/airflow/example_dags/example_bash_decorator.py took 0.079 seconds
[2025-08-17T01:07:42.409+0000] {processor.py:161} INFO - Started process (PID=794) to work on /home/airflow/.local/lib/python3.12/site-packages/airflow/example_dags/example_bash_decorator.py
[2025-08-17T01:07:42.410+0000] {processor.py:830} INFO - Processing file /home/airflow/.local/lib/python3.12/site-packages/airflow/example_dags/example_bash_decorator.py for tasks to queue
[2025-08-17T01:07:42.413+0000] {logging_mixin.py:188} INFO - [2025-08-17T01:07:42.413+0000] {dagbag.py:545} INFO - Filling up the DagBag from /home/airflow/.local/lib/python3.12/site-packages/airflow/example_dags/example_bash_decorator.py
[2025-08-17T01:07:42.428+0000] {processor.py:840} INFO - DAG(s) 'example_bash_decorator' retrieved from /home/airflow/.local/lib/python3.12/site-packages/airflow/example_dags/example_bash_decorator.py
[2025-08-17T01:07:42.459+0000] {logging_mixin.py:188} INFO - [2025-08-17T01:07:42.459+0000] {dag.py:3089} INFO - Sync 1 DAGs
[2025-08-17T01:07:42.475+0000] {logging_mixin.py:188} INFO - [2025-08-17T01:07:42.475+0000] {dag.py:3947} INFO - Setting next_dagrun for example_bash_decorator to None, run_after=None
[2025-08-17T01:07:42.502+0000] {processor.py:183} INFO - Processing /home/airflow/.local/lib/python3.12/site-packages/airflow/example_dags/example_bash_decorator.py took 0.100 seconds
[2025-08-17T01:08:13.374+0000] {processor.py:161} INFO - Started process (PID=853) to work on /home/airflow/.local/lib/python3.12/site-packages/airflow/example_dags/example_bash_decorator.py
[2025-08-17T01:08:13.376+0000] {processor.py:830} INFO - Processing file /home/airflow/.local/lib/python3.12/site-packages/airflow/example_dags/example_bash_decorator.py for tasks to queue
[2025-08-17T01:08:13.378+0000] {logging_mixin.py:188} INFO - [2025-08-17T01:08:13.377+0000] {dagbag.py:545} INFO - Filling up the DagBag from /home/airflow/.local/lib/python3.12/site-packages/airflow/example_dags/example_bash_decorator.py
[2025-08-17T01:08:13.390+0000] {processor.py:840} INFO - DAG(s) 'example_bash_decorator' retrieved from /home/airflow/.local/lib/python3.12/site-packages/airflow/example_dags/example_bash_decorator.py
[2025-08-17T01:08:13.414+0000] {logging_mixin.py:188} INFO - [2025-08-17T01:08:13.413+0000] {dag.py:3089} INFO - Sync 1 DAGs
[2025-08-17T01:08:13.426+0000] {logging_mixin.py:188} INFO - [2025-08-17T01:08:13.426+0000] {dag.py:3947} INFO - Setting next_dagrun for example_bash_decorator to None, run_after=None
[2025-08-17T01:08:13.442+0000] {processor.py:183} INFO - Processing /home/airflow/.local/lib/python3.12/site-packages/airflow/example_dags/example_bash_decorator.py took 0.074 seconds
[2025-08-17T01:08:43.870+0000] {processor.py:161} INFO - Started process (PID=912) to work on /home/airflow/.local/lib/python3.12/site-packages/airflow/example_dags/example_bash_decorator.py
[2025-08-17T01:08:43.872+0000] {processor.py:830} INFO - Processing file /home/airflow/.local/lib/python3.12/site-packages/airflow/example_dags/example_bash_decorator.py for tasks to queue
[2025-08-17T01:08:43.874+0000] {logging_mixin.py:188} INFO - [2025-08-17T01:08:43.874+0000] {dagbag.py:545} INFO - Filling up the DagBag from /home/airflow/.local/lib/python3.12/site-packages/airflow/example_dags/example_bash_decorator.py
[2025-08-17T01:08:43.887+0000] {processor.py:840} INFO - DAG(s) 'example_bash_decorator' retrieved from /home/airflow/.local/lib/python3.12/site-packages/airflow/example_dags/example_bash_decorator.py
[2025-08-17T01:08:43.917+0000] {logging_mixin.py:188} INFO - [2025-08-17T01:08:43.916+0000] {dag.py:3089} INFO - Sync 1 DAGs
[2025-08-17T01:08:43.931+0000] {logging_mixin.py:188} INFO - [2025-08-17T01:08:43.931+0000] {dag.py:3947} INFO - Setting next_dagrun for example_bash_decorator to None, run_after=None
[2025-08-17T01:08:43.955+0000] {processor.py:183} INFO - Processing /home/airflow/.local/lib/python3.12/site-packages/airflow/example_dags/example_bash_decorator.py took 0.091 seconds
[2025-08-17T01:09:14.297+0000] {processor.py:161} INFO - Started process (PID=971) to work on /home/airflow/.local/lib/python3.12/site-packages/airflow/example_dags/example_bash_decorator.py
[2025-08-17T01:09:14.300+0000] {processor.py:830} INFO - Processing file /home/airflow/.local/lib/python3.12/site-packages/airflow/example_dags/example_bash_decorator.py for tasks to queue
[2025-08-17T01:09:14.308+0000] {logging_mixin.py:188} INFO - [2025-08-17T01:09:14.307+0000] {dagbag.py:545} INFO - Filling up the DagBag from /home/airflow/.local/lib/python3.12/site-packages/airflow/example_dags/example_bash_decorator.py
[2025-08-17T01:09:14.355+0000] {processor.py:840} INFO - DAG(s) 'example_bash_decorator' retrieved from /home/airflow/.local/lib/python3.12/site-packages/airflow/example_dags/example_bash_decorator.py
[2025-08-17T01:09:14.419+0000] {logging_mixin.py:188} INFO - [2025-08-17T01:09:14.419+0000] {dag.py:3089} INFO - Sync 1 DAGs
[2025-08-17T01:09:14.450+0000] {logging_mixin.py:188} INFO - [2025-08-17T01:09:14.449+0000] {dag.py:3947} INFO - Setting next_dagrun for example_bash_decorator to None, run_after=None
[2025-08-17T01:09:14.488+0000] {processor.py:183} INFO - Processing /home/airflow/.local/lib/python3.12/site-packages/airflow/example_dags/example_bash_decorator.py took 0.211 seconds
[2025-08-17T01:09:45.198+0000] {processor.py:161} INFO - Started process (PID=1030) to work on /home/airflow/.local/lib/python3.12/site-packages/airflow/example_dags/example_bash_decorator.py
[2025-08-17T01:09:45.199+0000] {processor.py:830} INFO - Processing file /home/airflow/.local/lib/python3.12/site-packages/airflow/example_dags/example_bash_decorator.py for tasks to queue
[2025-08-17T01:09:45.202+0000] {logging_mixin.py:188} INFO - [2025-08-17T01:09:45.201+0000] {dagbag.py:545} INFO - Filling up the DagBag from /home/airflow/.local/lib/python3.12/site-packages/airflow/example_dags/example_bash_decorator.py
[2025-08-17T01:09:45.215+0000] {processor.py:840} INFO - DAG(s) 'example_bash_decorator' retrieved from /home/airflow/.local/lib/python3.12/site-packages/airflow/example_dags/example_bash_decorator.py
[2025-08-17T01:09:45.246+0000] {logging_mixin.py:188} INFO - [2025-08-17T01:09:45.246+0000] {dag.py:3089} INFO - Sync 1 DAGs
[2025-08-17T01:09:45.262+0000] {logging_mixin.py:188} INFO - [2025-08-17T01:09:45.262+0000] {dag.py:3947} INFO - Setting next_dagrun for example_bash_decorator to None, run_after=None
[2025-08-17T01:09:45.287+0000] {processor.py:183} INFO - Processing /home/airflow/.local/lib/python3.12/site-packages/airflow/example_dags/example_bash_decorator.py took 0.096 seconds
[2025-08-17T01:10:15.440+0000] {processor.py:161} INFO - Started process (PID=1089) to work on /home/airflow/.local/lib/python3.12/site-packages/airflow/example_dags/example_bash_decorator.py
[2025-08-17T01:10:15.441+0000] {processor.py:830} INFO - Processing file /home/airflow/.local/lib/python3.12/site-packages/airflow/example_dags/example_bash_decorator.py for tasks to queue
[2025-08-17T01:10:15.444+0000] {logging_mixin.py:188} INFO - [2025-08-17T01:10:15.443+0000] {dagbag.py:545} INFO - Filling up the DagBag from /home/airflow/.local/lib/python3.12/site-packages/airflow/example_dags/example_bash_decorator.py
[2025-08-17T01:10:15.457+0000] {processor.py:840} INFO - DAG(s) 'example_bash_decorator' retrieved from /home/airflow/.local/lib/python3.12/site-packages/airflow/example_dags/example_bash_decorator.py
[2025-08-17T01:10:15.482+0000] {logging_mixin.py:188} INFO - [2025-08-17T01:10:15.482+0000] {dag.py:3089} INFO - Sync 1 DAGs
[2025-08-17T01:10:15.495+0000] {logging_mixin.py:188} INFO - [2025-08-17T01:10:15.495+0000] {dag.py:3947} INFO - Setting next_dagrun for example_bash_decorator to None, run_after=None
[2025-08-17T01:10:15.511+0000] {processor.py:183} INFO - Processing /home/airflow/.local/lib/python3.12/site-packages/airflow/example_dags/example_bash_decorator.py took 0.078 seconds
[2025-08-17T01:10:45.691+0000] {processor.py:161} INFO - Started process (PID=1148) to work on /home/airflow/.local/lib/python3.12/site-packages/airflow/example_dags/example_bash_decorator.py
[2025-08-17T01:10:45.693+0000] {processor.py:830} INFO - Processing file /home/airflow/.local/lib/python3.12/site-packages/airflow/example_dags/example_bash_decorator.py for tasks to queue
[2025-08-17T01:10:45.696+0000] {logging_mixin.py:188} INFO - [2025-08-17T01:10:45.696+0000] {dagbag.py:545} INFO - Filling up the DagBag from /home/airflow/.local/lib/python3.12/site-packages/airflow/example_dags/example_bash_decorator.py
[2025-08-17T01:10:45.715+0000] {processor.py:840} INFO - DAG(s) 'example_bash_decorator' retrieved from /home/airflow/.local/lib/python3.12/site-packages/airflow/example_dags/example_bash_decorator.py
[2025-08-17T01:10:45.748+0000] {logging_mixin.py:188} INFO - [2025-08-17T01:10:45.748+0000] {dag.py:3089} INFO - Sync 1 DAGs
[2025-08-17T01:10:45.764+0000] {logging_mixin.py:188} INFO - [2025-08-17T01:10:45.764+0000] {dag.py:3947} INFO - Setting next_dagrun for example_bash_decorator to None, run_after=None
[2025-08-17T01:10:45.787+0000] {processor.py:183} INFO - Processing /home/airflow/.local/lib/python3.12/site-packages/airflow/example_dags/example_bash_decorator.py took 0.105 seconds
[2025-08-17T01:11:16.176+0000] {processor.py:161} INFO - Started process (PID=1207) to work on /home/airflow/.local/lib/python3.12/site-packages/airflow/example_dags/example_bash_decorator.py
[2025-08-17T01:11:16.178+0000] {processor.py:830} INFO - Processing file /home/airflow/.local/lib/python3.12/site-packages/airflow/example_dags/example_bash_decorator.py for tasks to queue
[2025-08-17T01:11:16.181+0000] {logging_mixin.py:188} INFO - [2025-08-17T01:11:16.180+0000] {dagbag.py:545} INFO - Filling up the DagBag from /home/airflow/.local/lib/python3.12/site-packages/airflow/example_dags/example_bash_decorator.py
[2025-08-17T01:11:16.193+0000] {processor.py:840} INFO - DAG(s) 'example_bash_decorator' retrieved from /home/airflow/.local/lib/python3.12/site-packages/airflow/example_dags/example_bash_decorator.py
[2025-08-17T01:11:16.221+0000] {logging_mixin.py:188} INFO - [2025-08-17T01:11:16.220+0000] {dag.py:3089} INFO - Sync 1 DAGs
[2025-08-17T01:11:16.235+0000] {logging_mixin.py:188} INFO - [2025-08-17T01:11:16.234+0000] {dag.py:3947} INFO - Setting next_dagrun for example_bash_decorator to None, run_after=None
[2025-08-17T01:11:16.258+0000] {processor.py:183} INFO - Processing /home/airflow/.local/lib/python3.12/site-packages/airflow/example_dags/example_bash_decorator.py took 0.087 seconds
[2025-08-17T01:11:46.760+0000] {processor.py:161} INFO - Started process (PID=1266) to work on /home/airflow/.local/lib/python3.12/site-packages/airflow/example_dags/example_bash_decorator.py
[2025-08-17T01:11:46.761+0000] {processor.py:830} INFO - Processing file /home/airflow/.local/lib/python3.12/site-packages/airflow/example_dags/example_bash_decorator.py for tasks to queue
[2025-08-17T01:11:46.764+0000] {logging_mixin.py:188} INFO - [2025-08-17T01:11:46.763+0000] {dagbag.py:545} INFO - Filling up the DagBag from /home/airflow/.local/lib/python3.12/site-packages/airflow/example_dags/example_bash_decorator.py
[2025-08-17T01:11:46.781+0000] {processor.py:840} INFO - DAG(s) 'example_bash_decorator' retrieved from /home/airflow/.local/lib/python3.12/site-packages/airflow/example_dags/example_bash_decorator.py
[2025-08-17T01:11:46.816+0000] {logging_mixin.py:188} INFO - [2025-08-17T01:11:46.815+0000] {dag.py:3089} INFO - Sync 1 DAGs
[2025-08-17T01:11:46.833+0000] {logging_mixin.py:188} INFO - [2025-08-17T01:11:46.833+0000] {dag.py:3947} INFO - Setting next_dagrun for example_bash_decorator to None, run_after=None
[2025-08-17T01:11:46.858+0000] {processor.py:183} INFO - Processing /home/airflow/.local/lib/python3.12/site-packages/airflow/example_dags/example_bash_decorator.py took 0.106 seconds
[2025-08-17T01:12:16.994+0000] {processor.py:161} INFO - Started process (PID=1325) to work on /home/airflow/.local/lib/python3.12/site-packages/airflow/example_dags/example_bash_decorator.py
[2025-08-17T01:12:16.996+0000] {processor.py:830} INFO - Processing file /home/airflow/.local/lib/python3.12/site-packages/airflow/example_dags/example_bash_decorator.py for tasks to queue
[2025-08-17T01:12:16.999+0000] {logging_mixin.py:188} INFO - [2025-08-17T01:12:16.998+0000] {dagbag.py:545} INFO - Filling up the DagBag from /home/airflow/.local/lib/python3.12/site-packages/airflow/example_dags/example_bash_decorator.py
[2025-08-17T01:12:17.017+0000] {processor.py:840} INFO - DAG(s) 'example_bash_decorator' retrieved from /home/airflow/.local/lib/python3.12/site-packages/airflow/example_dags/example_bash_decorator.py
[2025-08-17T01:12:17.056+0000] {logging_mixin.py:188} INFO - [2025-08-17T01:12:17.056+0000] {dag.py:3089} INFO - Sync 1 DAGs
[2025-08-17T01:12:17.073+0000] {logging_mixin.py:188} INFO - [2025-08-17T01:12:17.073+0000] {dag.py:3947} INFO - Setting next_dagrun for example_bash_decorator to None, run_after=None
[2025-08-17T01:12:17.100+0000] {processor.py:183} INFO - Processing /home/airflow/.local/lib/python3.12/site-packages/airflow/example_dags/example_bash_decorator.py took 0.113 seconds
[2025-08-17T01:12:47.557+0000] {processor.py:161} INFO - Started process (PID=1384) to work on /home/airflow/.local/lib/python3.12/site-packages/airflow/example_dags/example_bash_decorator.py
[2025-08-17T01:12:47.558+0000] {processor.py:830} INFO - Processing file /home/airflow/.local/lib/python3.12/site-packages/airflow/example_dags/example_bash_decorator.py for tasks to queue
[2025-08-17T01:12:47.560+0000] {logging_mixin.py:188} INFO - [2025-08-17T01:12:47.560+0000] {dagbag.py:545} INFO - Filling up the DagBag from /home/airflow/.local/lib/python3.12/site-packages/airflow/example_dags/example_bash_decorator.py
[2025-08-17T01:12:47.573+0000] {processor.py:840} INFO - DAG(s) 'example_bash_decorator' retrieved from /home/airflow/.local/lib/python3.12/site-packages/airflow/example_dags/example_bash_decorator.py
[2025-08-17T01:12:47.599+0000] {logging_mixin.py:188} INFO - [2025-08-17T01:12:47.599+0000] {dag.py:3089} INFO - Sync 1 DAGs
[2025-08-17T01:12:47.613+0000] {logging_mixin.py:188} INFO - [2025-08-17T01:12:47.612+0000] {dag.py:3947} INFO - Setting next_dagrun for example_bash_decorator to None, run_after=None
[2025-08-17T01:12:47.635+0000] {processor.py:183} INFO - Processing /home/airflow/.local/lib/python3.12/site-packages/airflow/example_dags/example_bash_decorator.py took 0.084 seconds
[2025-08-17T01:13:17.965+0000] {processor.py:161} INFO - Started process (PID=1444) to work on /home/airflow/.local/lib/python3.12/site-packages/airflow/example_dags/example_bash_decorator.py
[2025-08-17T01:13:17.966+0000] {processor.py:830} INFO - Processing file /home/airflow/.local/lib/python3.12/site-packages/airflow/example_dags/example_bash_decorator.py for tasks to queue
[2025-08-17T01:13:17.968+0000] {logging_mixin.py:188} INFO - [2025-08-17T01:13:17.968+0000] {dagbag.py:545} INFO - Filling up the DagBag from /home/airflow/.local/lib/python3.12/site-packages/airflow/example_dags/example_bash_decorator.py
[2025-08-17T01:13:17.981+0000] {processor.py:840} INFO - DAG(s) 'example_bash_decorator' retrieved from /home/airflow/.local/lib/python3.12/site-packages/airflow/example_dags/example_bash_decorator.py
[2025-08-17T01:13:18.008+0000] {logging_mixin.py:188} INFO - [2025-08-17T01:13:18.008+0000] {dag.py:3089} INFO - Sync 1 DAGs
[2025-08-17T01:13:18.021+0000] {logging_mixin.py:188} INFO - [2025-08-17T01:13:18.021+0000] {dag.py:3947} INFO - Setting next_dagrun for example_bash_decorator to None, run_after=None
[2025-08-17T01:13:18.040+0000] {processor.py:183} INFO - Processing /home/airflow/.local/lib/python3.12/site-packages/airflow/example_dags/example_bash_decorator.py took 0.081 seconds
[2025-08-17T01:13:48.481+0000] {processor.py:161} INFO - Started process (PID=1503) to work on /home/airflow/.local/lib/python3.12/site-packages/airflow/example_dags/example_bash_decorator.py
[2025-08-17T01:13:48.483+0000] {processor.py:830} INFO - Processing file /home/airflow/.local/lib/python3.12/site-packages/airflow/example_dags/example_bash_decorator.py for tasks to queue
[2025-08-17T01:13:48.485+0000] {logging_mixin.py:188} INFO - [2025-08-17T01:13:48.485+0000] {dagbag.py:545} INFO - Filling up the DagBag from /home/airflow/.local/lib/python3.12/site-packages/airflow/example_dags/example_bash_decorator.py
[2025-08-17T01:13:48.498+0000] {processor.py:840} INFO - DAG(s) 'example_bash_decorator' retrieved from /home/airflow/.local/lib/python3.12/site-packages/airflow/example_dags/example_bash_decorator.py
[2025-08-17T01:13:48.526+0000] {logging_mixin.py:188} INFO - [2025-08-17T01:13:48.525+0000] {dag.py:3089} INFO - Sync 1 DAGs
[2025-08-17T01:13:48.541+0000] {logging_mixin.py:188} INFO - [2025-08-17T01:13:48.541+0000] {dag.py:3947} INFO - Setting next_dagrun for example_bash_decorator to None, run_after=None
[2025-08-17T01:13:48.562+0000] {processor.py:183} INFO - Processing /home/airflow/.local/lib/python3.12/site-packages/airflow/example_dags/example_bash_decorator.py took 0.086 seconds
[2025-08-17T01:14:19.084+0000] {processor.py:161} INFO - Started process (PID=1562) to work on /home/airflow/.local/lib/python3.12/site-packages/airflow/example_dags/example_bash_decorator.py
[2025-08-17T01:14:19.085+0000] {processor.py:830} INFO - Processing file /home/airflow/.local/lib/python3.12/site-packages/airflow/example_dags/example_bash_decorator.py for tasks to queue
[2025-08-17T01:14:19.088+0000] {logging_mixin.py:188} INFO - [2025-08-17T01:14:19.087+0000] {dagbag.py:545} INFO - Filling up the DagBag from /home/airflow/.local/lib/python3.12/site-packages/airflow/example_dags/example_bash_decorator.py
[2025-08-17T01:14:19.102+0000] {processor.py:840} INFO - DAG(s) 'example_bash_decorator' retrieved from /home/airflow/.local/lib/python3.12/site-packages/airflow/example_dags/example_bash_decorator.py
[2025-08-17T01:14:19.131+0000] {logging_mixin.py:188} INFO - [2025-08-17T01:14:19.131+0000] {dag.py:3089} INFO - Sync 1 DAGs
[2025-08-17T01:14:19.147+0000] {logging_mixin.py:188} INFO - [2025-08-17T01:14:19.147+0000] {dag.py:3947} INFO - Setting next_dagrun for example_bash_decorator to None, run_after=None
[2025-08-17T01:14:19.174+0000] {processor.py:183} INFO - Processing /home/airflow/.local/lib/python3.12/site-packages/airflow/example_dags/example_bash_decorator.py took 0.095 seconds
[2025-08-17T01:14:49.645+0000] {processor.py:161} INFO - Started process (PID=1621) to work on /home/airflow/.local/lib/python3.12/site-packages/airflow/example_dags/example_bash_decorator.py
[2025-08-17T01:14:49.646+0000] {processor.py:830} INFO - Processing file /home/airflow/.local/lib/python3.12/site-packages/airflow/example_dags/example_bash_decorator.py for tasks to queue
[2025-08-17T01:14:49.648+0000] {logging_mixin.py:188} INFO - [2025-08-17T01:14:49.648+0000] {dagbag.py:545} INFO - Filling up the DagBag from /home/airflow/.local/lib/python3.12/site-packages/airflow/example_dags/example_bash_decorator.py
[2025-08-17T01:14:49.660+0000] {processor.py:840} INFO - DAG(s) 'example_bash_decorator' retrieved from /home/airflow/.local/lib/python3.12/site-packages/airflow/example_dags/example_bash_decorator.py
[2025-08-17T01:14:49.687+0000] {logging_mixin.py:188} INFO - [2025-08-17T01:14:49.687+0000] {dag.py:3089} INFO - Sync 1 DAGs
[2025-08-17T01:14:49.699+0000] {logging_mixin.py:188} INFO - [2025-08-17T01:14:49.698+0000] {dag.py:3947} INFO - Setting next_dagrun for example_bash_decorator to None, run_after=None
[2025-08-17T01:14:49.720+0000] {processor.py:183} INFO - Processing /home/airflow/.local/lib/python3.12/site-packages/airflow/example_dags/example_bash_decorator.py took 0.080 seconds
[2025-08-17T01:15:19.884+0000] {processor.py:161} INFO - Started process (PID=1680) to work on /home/airflow/.local/lib/python3.12/site-packages/airflow/example_dags/example_bash_decorator.py
[2025-08-17T01:15:19.885+0000] {processor.py:830} INFO - Processing file /home/airflow/.local/lib/python3.12/site-packages/airflow/example_dags/example_bash_decorator.py for tasks to queue
[2025-08-17T01:15:19.887+0000] {logging_mixin.py:188} INFO - [2025-08-17T01:15:19.887+0000] {dagbag.py:545} INFO - Filling up the DagBag from /home/airflow/.local/lib/python3.12/site-packages/airflow/example_dags/example_bash_decorator.py
[2025-08-17T01:15:19.898+0000] {processor.py:840} INFO - DAG(s) 'example_bash_decorator' retrieved from /home/airflow/.local/lib/python3.12/site-packages/airflow/example_dags/example_bash_decorator.py
[2025-08-17T01:15:19.922+0000] {logging_mixin.py:188} INFO - [2025-08-17T01:15:19.922+0000] {dag.py:3089} INFO - Sync 1 DAGs
[2025-08-17T01:15:19.935+0000] {logging_mixin.py:188} INFO - [2025-08-17T01:15:19.934+0000] {dag.py:3947} INFO - Setting next_dagrun for example_bash_decorator to None, run_after=None
[2025-08-17T01:15:19.953+0000] {processor.py:183} INFO - Processing /home/airflow/.local/lib/python3.12/site-packages/airflow/example_dags/example_bash_decorator.py took 0.074 seconds
[2025-08-17T01:15:50.633+0000] {processor.py:161} INFO - Started process (PID=1739) to work on /home/airflow/.local/lib/python3.12/site-packages/airflow/example_dags/example_bash_decorator.py
[2025-08-17T01:15:50.634+0000] {processor.py:830} INFO - Processing file /home/airflow/.local/lib/python3.12/site-packages/airflow/example_dags/example_bash_decorator.py for tasks to queue
[2025-08-17T01:15:50.637+0000] {logging_mixin.py:188} INFO - [2025-08-17T01:15:50.637+0000] {dagbag.py:545} INFO - Filling up the DagBag from /home/airflow/.local/lib/python3.12/site-packages/airflow/example_dags/example_bash_decorator.py
[2025-08-17T01:15:50.653+0000] {processor.py:840} INFO - DAG(s) 'example_bash_decorator' retrieved from /home/airflow/.local/lib/python3.12/site-packages/airflow/example_dags/example_bash_decorator.py
[2025-08-17T01:15:50.681+0000] {logging_mixin.py:188} INFO - [2025-08-17T01:15:50.681+0000] {dag.py:3089} INFO - Sync 1 DAGs
[2025-08-17T01:15:50.699+0000] {logging_mixin.py:188} INFO - [2025-08-17T01:15:50.698+0000] {dag.py:3947} INFO - Setting next_dagrun for example_bash_decorator to None, run_after=None
[2025-08-17T01:15:50.903+0000] {processor.py:183} INFO - Processing /home/airflow/.local/lib/python3.12/site-packages/airflow/example_dags/example_bash_decorator.py took 0.276 seconds
[2025-08-17T01:16:21.680+0000] {processor.py:161} INFO - Started process (PID=1798) to work on /home/airflow/.local/lib/python3.12/site-packages/airflow/example_dags/example_bash_decorator.py
[2025-08-17T01:16:21.681+0000] {processor.py:830} INFO - Processing file /home/airflow/.local/lib/python3.12/site-packages/airflow/example_dags/example_bash_decorator.py for tasks to queue
[2025-08-17T01:16:21.684+0000] {logging_mixin.py:188} INFO - [2025-08-17T01:16:21.684+0000] {dagbag.py:545} INFO - Filling up the DagBag from /home/airflow/.local/lib/python3.12/site-packages/airflow/example_dags/example_bash_decorator.py
[2025-08-17T01:16:21.699+0000] {processor.py:840} INFO - DAG(s) 'example_bash_decorator' retrieved from /home/airflow/.local/lib/python3.12/site-packages/airflow/example_dags/example_bash_decorator.py
[2025-08-17T01:16:21.734+0000] {logging_mixin.py:188} INFO - [2025-08-17T01:16:21.734+0000] {dag.py:3089} INFO - Sync 1 DAGs
[2025-08-17T01:16:21.753+0000] {logging_mixin.py:188} INFO - [2025-08-17T01:16:21.753+0000] {dag.py:3947} INFO - Setting next_dagrun for example_bash_decorator to None, run_after=None
[2025-08-17T01:16:21.779+0000] {processor.py:183} INFO - Processing /home/airflow/.local/lib/python3.12/site-packages/airflow/example_dags/example_bash_decorator.py took 0.106 seconds
[2025-08-17T01:17:39.516+0000] {processor.py:161} INFO - Started process (PID=85) to work on /home/airflow/.local/lib/python3.12/site-packages/airflow/example_dags/example_bash_decorator.py
[2025-08-17T01:17:39.518+0000] {processor.py:830} INFO - Processing file /home/airflow/.local/lib/python3.12/site-packages/airflow/example_dags/example_bash_decorator.py for tasks to queue
[2025-08-17T01:17:39.522+0000] {logging_mixin.py:188} INFO - [2025-08-17T01:17:39.521+0000] {dagbag.py:545} INFO - Filling up the DagBag from /home/airflow/.local/lib/python3.12/site-packages/airflow/example_dags/example_bash_decorator.py
[2025-08-17T01:17:39.547+0000] {processor.py:840} INFO - DAG(s) 'example_bash_decorator' retrieved from /home/airflow/.local/lib/python3.12/site-packages/airflow/example_dags/example_bash_decorator.py
[2025-08-17T01:17:39.759+0000] {logging_mixin.py:188} INFO - [2025-08-17T01:17:39.758+0000] {dag.py:3089} INFO - Sync 1 DAGs
[2025-08-17T01:17:39.788+0000] {logging_mixin.py:188} INFO - [2025-08-17T01:17:39.788+0000] {dag.py:3947} INFO - Setting next_dagrun for example_bash_decorator to None, run_after=None
[2025-08-17T01:17:39.826+0000] {processor.py:183} INFO - Processing /home/airflow/.local/lib/python3.12/site-packages/airflow/example_dags/example_bash_decorator.py took 0.321 seconds
[2025-08-17T01:18:09.907+0000] {processor.py:161} INFO - Started process (PID=150) to work on /home/airflow/.local/lib/python3.12/site-packages/airflow/example_dags/example_bash_decorator.py
[2025-08-17T01:18:09.909+0000] {processor.py:830} INFO - Processing file /home/airflow/.local/lib/python3.12/site-packages/airflow/example_dags/example_bash_decorator.py for tasks to queue
[2025-08-17T01:18:09.912+0000] {logging_mixin.py:188} INFO - [2025-08-17T01:18:09.911+0000] {dagbag.py:545} INFO - Filling up the DagBag from /home/airflow/.local/lib/python3.12/site-packages/airflow/example_dags/example_bash_decorator.py
[2025-08-17T01:18:09.928+0000] {processor.py:840} INFO - DAG(s) 'example_bash_decorator' retrieved from /home/airflow/.local/lib/python3.12/site-packages/airflow/example_dags/example_bash_decorator.py
[2025-08-17T01:18:09.989+0000] {logging_mixin.py:188} INFO - [2025-08-17T01:18:09.988+0000] {dag.py:3089} INFO - Sync 1 DAGs
[2025-08-17T01:18:10.007+0000] {logging_mixin.py:188} INFO - [2025-08-17T01:18:10.006+0000] {dag.py:3947} INFO - Setting next_dagrun for example_bash_decorator to None, run_after=None
[2025-08-17T01:18:10.032+0000] {processor.py:183} INFO - Processing /home/airflow/.local/lib/python3.12/site-packages/airflow/example_dags/example_bash_decorator.py took 0.132 seconds
[2025-08-17T01:18:40.728+0000] {processor.py:161} INFO - Started process (PID=209) to work on /home/airflow/.local/lib/python3.12/site-packages/airflow/example_dags/example_bash_decorator.py
[2025-08-17T01:18:40.731+0000] {processor.py:830} INFO - Processing file /home/airflow/.local/lib/python3.12/site-packages/airflow/example_dags/example_bash_decorator.py for tasks to queue
[2025-08-17T01:18:40.733+0000] {logging_mixin.py:188} INFO - [2025-08-17T01:18:40.732+0000] {dagbag.py:545} INFO - Filling up the DagBag from /home/airflow/.local/lib/python3.12/site-packages/airflow/example_dags/example_bash_decorator.py
[2025-08-17T01:18:40.747+0000] {processor.py:840} INFO - DAG(s) 'example_bash_decorator' retrieved from /home/airflow/.local/lib/python3.12/site-packages/airflow/example_dags/example_bash_decorator.py
[2025-08-17T01:18:40.773+0000] {logging_mixin.py:188} INFO - [2025-08-17T01:18:40.773+0000] {dag.py:3089} INFO - Sync 1 DAGs
[2025-08-17T01:18:40.787+0000] {logging_mixin.py:188} INFO - [2025-08-17T01:18:40.787+0000] {dag.py:3947} INFO - Setting next_dagrun for example_bash_decorator to None, run_after=None
[2025-08-17T01:18:40.809+0000] {processor.py:183} INFO - Processing /home/airflow/.local/lib/python3.12/site-packages/airflow/example_dags/example_bash_decorator.py took 0.087 seconds
[2025-08-17T01:19:10.892+0000] {processor.py:161} INFO - Started process (PID=268) to work on /home/airflow/.local/lib/python3.12/site-packages/airflow/example_dags/example_bash_decorator.py
[2025-08-17T01:19:10.893+0000] {processor.py:830} INFO - Processing file /home/airflow/.local/lib/python3.12/site-packages/airflow/example_dags/example_bash_decorator.py for tasks to queue
[2025-08-17T01:19:10.895+0000] {logging_mixin.py:188} INFO - [2025-08-17T01:19:10.894+0000] {dagbag.py:545} INFO - Filling up the DagBag from /home/airflow/.local/lib/python3.12/site-packages/airflow/example_dags/example_bash_decorator.py
[2025-08-17T01:19:10.908+0000] {processor.py:840} INFO - DAG(s) 'example_bash_decorator' retrieved from /home/airflow/.local/lib/python3.12/site-packages/airflow/example_dags/example_bash_decorator.py
[2025-08-17T01:19:10.936+0000] {logging_mixin.py:188} INFO - [2025-08-17T01:19:10.935+0000] {dag.py:3089} INFO - Sync 1 DAGs
[2025-08-17T01:19:10.949+0000] {logging_mixin.py:188} INFO - [2025-08-17T01:19:10.949+0000] {dag.py:3947} INFO - Setting next_dagrun for example_bash_decorator to None, run_after=None
[2025-08-17T01:19:10.972+0000] {processor.py:183} INFO - Processing /home/airflow/.local/lib/python3.12/site-packages/airflow/example_dags/example_bash_decorator.py took 0.086 seconds
[2025-08-17T01:19:41.073+0000] {processor.py:161} INFO - Started process (PID=327) to work on /home/airflow/.local/lib/python3.12/site-packages/airflow/example_dags/example_bash_decorator.py
[2025-08-17T01:19:41.074+0000] {processor.py:830} INFO - Processing file /home/airflow/.local/lib/python3.12/site-packages/airflow/example_dags/example_bash_decorator.py for tasks to queue
[2025-08-17T01:19:41.076+0000] {logging_mixin.py:188} INFO - [2025-08-17T01:19:41.076+0000] {dagbag.py:545} INFO - Filling up the DagBag from /home/airflow/.local/lib/python3.12/site-packages/airflow/example_dags/example_bash_decorator.py
[2025-08-17T01:19:41.089+0000] {processor.py:840} INFO - DAG(s) 'example_bash_decorator' retrieved from /home/airflow/.local/lib/python3.12/site-packages/airflow/example_dags/example_bash_decorator.py
[2025-08-17T01:19:41.117+0000] {logging_mixin.py:188} INFO - [2025-08-17T01:19:41.117+0000] {dag.py:3089} INFO - Sync 1 DAGs
[2025-08-17T01:19:41.131+0000] {logging_mixin.py:188} INFO - [2025-08-17T01:19:41.131+0000] {dag.py:3947} INFO - Setting next_dagrun for example_bash_decorator to None, run_after=None
[2025-08-17T01:19:41.152+0000] {processor.py:183} INFO - Processing /home/airflow/.local/lib/python3.12/site-packages/airflow/example_dags/example_bash_decorator.py took 0.085 seconds
[2025-08-17T01:20:11.345+0000] {processor.py:161} INFO - Started process (PID=387) to work on /home/airflow/.local/lib/python3.12/site-packages/airflow/example_dags/example_bash_decorator.py
[2025-08-17T01:20:11.346+0000] {processor.py:830} INFO - Processing file /home/airflow/.local/lib/python3.12/site-packages/airflow/example_dags/example_bash_decorator.py for tasks to queue
[2025-08-17T01:20:11.348+0000] {logging_mixin.py:188} INFO - [2025-08-17T01:20:11.348+0000] {dagbag.py:545} INFO - Filling up the DagBag from /home/airflow/.local/lib/python3.12/site-packages/airflow/example_dags/example_bash_decorator.py
[2025-08-17T01:20:11.360+0000] {processor.py:840} INFO - DAG(s) 'example_bash_decorator' retrieved from /home/airflow/.local/lib/python3.12/site-packages/airflow/example_dags/example_bash_decorator.py
[2025-08-17T01:20:11.384+0000] {logging_mixin.py:188} INFO - [2025-08-17T01:20:11.384+0000] {dag.py:3089} INFO - Sync 1 DAGs
[2025-08-17T01:20:11.397+0000] {logging_mixin.py:188} INFO - [2025-08-17T01:20:11.397+0000] {dag.py:3947} INFO - Setting next_dagrun for example_bash_decorator to None, run_after=None
[2025-08-17T01:20:11.414+0000] {processor.py:183} INFO - Processing /home/airflow/.local/lib/python3.12/site-packages/airflow/example_dags/example_bash_decorator.py took 0.075 seconds
[2025-08-17T01:20:41.524+0000] {processor.py:161} INFO - Started process (PID=447) to work on /home/airflow/.local/lib/python3.12/site-packages/airflow/example_dags/example_bash_decorator.py
[2025-08-17T01:20:41.525+0000] {processor.py:830} INFO - Processing file /home/airflow/.local/lib/python3.12/site-packages/airflow/example_dags/example_bash_decorator.py for tasks to queue
[2025-08-17T01:20:41.528+0000] {logging_mixin.py:188} INFO - [2025-08-17T01:20:41.527+0000] {dagbag.py:545} INFO - Filling up the DagBag from /home/airflow/.local/lib/python3.12/site-packages/airflow/example_dags/example_bash_decorator.py
[2025-08-17T01:20:41.540+0000] {processor.py:840} INFO - DAG(s) 'example_bash_decorator' retrieved from /home/airflow/.local/lib/python3.12/site-packages/airflow/example_dags/example_bash_decorator.py
[2025-08-17T01:20:41.563+0000] {logging_mixin.py:188} INFO - [2025-08-17T01:20:41.562+0000] {dag.py:3089} INFO - Sync 1 DAGs
[2025-08-17T01:20:41.574+0000] {logging_mixin.py:188} INFO - [2025-08-17T01:20:41.574+0000] {dag.py:3947} INFO - Setting next_dagrun for example_bash_decorator to None, run_after=None
[2025-08-17T01:20:41.589+0000] {processor.py:183} INFO - Processing /home/airflow/.local/lib/python3.12/site-packages/airflow/example_dags/example_bash_decorator.py took 0.070 seconds
[2025-08-17T01:21:12.179+0000] {processor.py:161} INFO - Started process (PID=506) to work on /home/airflow/.local/lib/python3.12/site-packages/airflow/example_dags/example_bash_decorator.py
[2025-08-17T01:21:12.181+0000] {processor.py:830} INFO - Processing file /home/airflow/.local/lib/python3.12/site-packages/airflow/example_dags/example_bash_decorator.py for tasks to queue
[2025-08-17T01:21:12.183+0000] {logging_mixin.py:188} INFO - [2025-08-17T01:21:12.182+0000] {dagbag.py:545} INFO - Filling up the DagBag from /home/airflow/.local/lib/python3.12/site-packages/airflow/example_dags/example_bash_decorator.py
[2025-08-17T01:21:12.197+0000] {processor.py:840} INFO - DAG(s) 'example_bash_decorator' retrieved from /home/airflow/.local/lib/python3.12/site-packages/airflow/example_dags/example_bash_decorator.py
[2025-08-17T01:21:12.223+0000] {logging_mixin.py:188} INFO - [2025-08-17T01:21:12.223+0000] {dag.py:3089} INFO - Sync 1 DAGs
[2025-08-17T01:21:12.236+0000] {logging_mixin.py:188} INFO - [2025-08-17T01:21:12.235+0000] {dag.py:3947} INFO - Setting next_dagrun for example_bash_decorator to None, run_after=None
[2025-08-17T01:21:12.254+0000] {processor.py:183} INFO - Processing /home/airflow/.local/lib/python3.12/site-packages/airflow/example_dags/example_bash_decorator.py took 0.080 seconds
[2025-08-17T01:21:42.736+0000] {processor.py:161} INFO - Started process (PID=565) to work on /home/airflow/.local/lib/python3.12/site-packages/airflow/example_dags/example_bash_decorator.py
[2025-08-17T01:21:42.737+0000] {processor.py:830} INFO - Processing file /home/airflow/.local/lib/python3.12/site-packages/airflow/example_dags/example_bash_decorator.py for tasks to queue
[2025-08-17T01:21:42.739+0000] {logging_mixin.py:188} INFO - [2025-08-17T01:21:42.739+0000] {dagbag.py:545} INFO - Filling up the DagBag from /home/airflow/.local/lib/python3.12/site-packages/airflow/example_dags/example_bash_decorator.py
[2025-08-17T01:21:42.752+0000] {processor.py:840} INFO - DAG(s) 'example_bash_decorator' retrieved from /home/airflow/.local/lib/python3.12/site-packages/airflow/example_dags/example_bash_decorator.py
[2025-08-17T01:21:42.777+0000] {logging_mixin.py:188} INFO - [2025-08-17T01:21:42.777+0000] {dag.py:3089} INFO - Sync 1 DAGs
[2025-08-17T01:21:42.789+0000] {logging_mixin.py:188} INFO - [2025-08-17T01:21:42.789+0000] {dag.py:3947} INFO - Setting next_dagrun for example_bash_decorator to None, run_after=None
[2025-08-17T01:21:42.806+0000] {processor.py:183} INFO - Processing /home/airflow/.local/lib/python3.12/site-packages/airflow/example_dags/example_bash_decorator.py took 0.076 seconds
[2025-08-17T01:22:12.899+0000] {processor.py:161} INFO - Started process (PID=624) to work on /home/airflow/.local/lib/python3.12/site-packages/airflow/example_dags/example_bash_decorator.py
[2025-08-17T01:22:12.901+0000] {processor.py:830} INFO - Processing file /home/airflow/.local/lib/python3.12/site-packages/airflow/example_dags/example_bash_decorator.py for tasks to queue
[2025-08-17T01:22:12.903+0000] {logging_mixin.py:188} INFO - [2025-08-17T01:22:12.903+0000] {dagbag.py:545} INFO - Filling up the DagBag from /home/airflow/.local/lib/python3.12/site-packages/airflow/example_dags/example_bash_decorator.py
[2025-08-17T01:22:12.918+0000] {processor.py:840} INFO - DAG(s) 'example_bash_decorator' retrieved from /home/airflow/.local/lib/python3.12/site-packages/airflow/example_dags/example_bash_decorator.py
[2025-08-17T01:22:12.948+0000] {logging_mixin.py:188} INFO - [2025-08-17T01:22:12.947+0000] {dag.py:3089} INFO - Sync 1 DAGs
[2025-08-17T01:22:12.962+0000] {logging_mixin.py:188} INFO - [2025-08-17T01:22:12.962+0000] {dag.py:3947} INFO - Setting next_dagrun for example_bash_decorator to None, run_after=None
[2025-08-17T01:22:12.984+0000] {processor.py:183} INFO - Processing /home/airflow/.local/lib/python3.12/site-packages/airflow/example_dags/example_bash_decorator.py took 0.092 seconds
[2025-08-17T01:22:43.230+0000] {processor.py:161} INFO - Started process (PID=683) to work on /home/airflow/.local/lib/python3.12/site-packages/airflow/example_dags/example_bash_decorator.py
[2025-08-17T01:22:43.231+0000] {processor.py:830} INFO - Processing file /home/airflow/.local/lib/python3.12/site-packages/airflow/example_dags/example_bash_decorator.py for tasks to queue
[2025-08-17T01:22:43.234+0000] {logging_mixin.py:188} INFO - [2025-08-17T01:22:43.234+0000] {dagbag.py:545} INFO - Filling up the DagBag from /home/airflow/.local/lib/python3.12/site-packages/airflow/example_dags/example_bash_decorator.py
[2025-08-17T01:22:43.246+0000] {processor.py:840} INFO - DAG(s) 'example_bash_decorator' retrieved from /home/airflow/.local/lib/python3.12/site-packages/airflow/example_dags/example_bash_decorator.py
[2025-08-17T01:22:43.269+0000] {logging_mixin.py:188} INFO - [2025-08-17T01:22:43.269+0000] {dag.py:3089} INFO - Sync 1 DAGs
[2025-08-17T01:22:43.281+0000] {logging_mixin.py:188} INFO - [2025-08-17T01:22:43.281+0000] {dag.py:3947} INFO - Setting next_dagrun for example_bash_decorator to None, run_after=None
[2025-08-17T01:22:43.297+0000] {processor.py:183} INFO - Processing /home/airflow/.local/lib/python3.12/site-packages/airflow/example_dags/example_bash_decorator.py took 0.073 seconds
[2025-08-17T01:23:13.409+0000] {processor.py:161} INFO - Started process (PID=742) to work on /home/airflow/.local/lib/python3.12/site-packages/airflow/example_dags/example_bash_decorator.py
[2025-08-17T01:23:13.411+0000] {processor.py:830} INFO - Processing file /home/airflow/.local/lib/python3.12/site-packages/airflow/example_dags/example_bash_decorator.py for tasks to queue
[2025-08-17T01:23:13.414+0000] {logging_mixin.py:188} INFO - [2025-08-17T01:23:13.413+0000] {dagbag.py:545} INFO - Filling up the DagBag from /home/airflow/.local/lib/python3.12/site-packages/airflow/example_dags/example_bash_decorator.py
[2025-08-17T01:23:13.428+0000] {processor.py:840} INFO - DAG(s) 'example_bash_decorator' retrieved from /home/airflow/.local/lib/python3.12/site-packages/airflow/example_dags/example_bash_decorator.py
[2025-08-17T01:23:13.453+0000] {logging_mixin.py:188} INFO - [2025-08-17T01:23:13.453+0000] {dag.py:3089} INFO - Sync 1 DAGs
[2025-08-17T01:23:13.467+0000] {logging_mixin.py:188} INFO - [2025-08-17T01:23:13.466+0000] {dag.py:3947} INFO - Setting next_dagrun for example_bash_decorator to None, run_after=None
[2025-08-17T01:23:13.485+0000] {processor.py:183} INFO - Processing /home/airflow/.local/lib/python3.12/site-packages/airflow/example_dags/example_bash_decorator.py took 0.083 seconds
[2025-08-17T01:23:44.328+0000] {processor.py:161} INFO - Started process (PID=801) to work on /home/airflow/.local/lib/python3.12/site-packages/airflow/example_dags/example_bash_decorator.py
[2025-08-17T01:23:44.329+0000] {processor.py:830} INFO - Processing file /home/airflow/.local/lib/python3.12/site-packages/airflow/example_dags/example_bash_decorator.py for tasks to queue
[2025-08-17T01:23:44.332+0000] {logging_mixin.py:188} INFO - [2025-08-17T01:23:44.331+0000] {dagbag.py:545} INFO - Filling up the DagBag from /home/airflow/.local/lib/python3.12/site-packages/airflow/example_dags/example_bash_decorator.py
[2025-08-17T01:23:44.344+0000] {processor.py:840} INFO - DAG(s) 'example_bash_decorator' retrieved from /home/airflow/.local/lib/python3.12/site-packages/airflow/example_dags/example_bash_decorator.py
[2025-08-17T01:23:44.368+0000] {logging_mixin.py:188} INFO - [2025-08-17T01:23:44.368+0000] {dag.py:3089} INFO - Sync 1 DAGs
[2025-08-17T01:23:44.380+0000] {logging_mixin.py:188} INFO - [2025-08-17T01:23:44.380+0000] {dag.py:3947} INFO - Setting next_dagrun for example_bash_decorator to None, run_after=None
[2025-08-17T01:23:44.396+0000] {processor.py:183} INFO - Processing /home/airflow/.local/lib/python3.12/site-packages/airflow/example_dags/example_bash_decorator.py took 0.073 seconds
[2025-08-17T01:24:14.769+0000] {processor.py:161} INFO - Started process (PID=860) to work on /home/airflow/.local/lib/python3.12/site-packages/airflow/example_dags/example_bash_decorator.py
[2025-08-17T01:24:14.770+0000] {processor.py:830} INFO - Processing file /home/airflow/.local/lib/python3.12/site-packages/airflow/example_dags/example_bash_decorator.py for tasks to queue
[2025-08-17T01:24:14.773+0000] {logging_mixin.py:188} INFO - [2025-08-17T01:24:14.773+0000] {dagbag.py:545} INFO - Filling up the DagBag from /home/airflow/.local/lib/python3.12/site-packages/airflow/example_dags/example_bash_decorator.py
[2025-08-17T01:24:14.790+0000] {processor.py:840} INFO - DAG(s) 'example_bash_decorator' retrieved from /home/airflow/.local/lib/python3.12/site-packages/airflow/example_dags/example_bash_decorator.py
[2025-08-17T01:24:14.817+0000] {logging_mixin.py:188} INFO - [2025-08-17T01:24:14.817+0000] {dag.py:3089} INFO - Sync 1 DAGs
[2025-08-17T01:24:14.830+0000] {logging_mixin.py:188} INFO - [2025-08-17T01:24:14.830+0000] {dag.py:3947} INFO - Setting next_dagrun for example_bash_decorator to None, run_after=None
[2025-08-17T01:24:14.852+0000] {processor.py:183} INFO - Processing /home/airflow/.local/lib/python3.12/site-packages/airflow/example_dags/example_bash_decorator.py took 0.090 seconds
[2025-08-17T01:24:45.051+0000] {processor.py:161} INFO - Started process (PID=919) to work on /home/airflow/.local/lib/python3.12/site-packages/airflow/example_dags/example_bash_decorator.py
[2025-08-17T01:24:45.053+0000] {processor.py:830} INFO - Processing file /home/airflow/.local/lib/python3.12/site-packages/airflow/example_dags/example_bash_decorator.py for tasks to queue
[2025-08-17T01:24:45.055+0000] {logging_mixin.py:188} INFO - [2025-08-17T01:24:45.055+0000] {dagbag.py:545} INFO - Filling up the DagBag from /home/airflow/.local/lib/python3.12/site-packages/airflow/example_dags/example_bash_decorator.py
[2025-08-17T01:24:45.070+0000] {processor.py:840} INFO - DAG(s) 'example_bash_decorator' retrieved from /home/airflow/.local/lib/python3.12/site-packages/airflow/example_dags/example_bash_decorator.py
[2025-08-17T01:24:45.104+0000] {logging_mixin.py:188} INFO - [2025-08-17T01:24:45.104+0000] {dag.py:3089} INFO - Sync 1 DAGs
[2025-08-17T01:24:45.121+0000] {logging_mixin.py:188} INFO - [2025-08-17T01:24:45.120+0000] {dag.py:3947} INFO - Setting next_dagrun for example_bash_decorator to None, run_after=None
[2025-08-17T01:24:45.145+0000] {processor.py:183} INFO - Processing /home/airflow/.local/lib/python3.12/site-packages/airflow/example_dags/example_bash_decorator.py took 0.100 seconds
[2025-08-17T01:25:15.296+0000] {processor.py:161} INFO - Started process (PID=977) to work on /home/airflow/.local/lib/python3.12/site-packages/airflow/example_dags/example_bash_decorator.py
[2025-08-17T01:25:15.297+0000] {processor.py:830} INFO - Processing file /home/airflow/.local/lib/python3.12/site-packages/airflow/example_dags/example_bash_decorator.py for tasks to queue
[2025-08-17T01:25:15.300+0000] {logging_mixin.py:188} INFO - [2025-08-17T01:25:15.300+0000] {dagbag.py:545} INFO - Filling up the DagBag from /home/airflow/.local/lib/python3.12/site-packages/airflow/example_dags/example_bash_decorator.py
[2025-08-17T01:25:15.315+0000] {processor.py:840} INFO - DAG(s) 'example_bash_decorator' retrieved from /home/airflow/.local/lib/python3.12/site-packages/airflow/example_dags/example_bash_decorator.py
[2025-08-17T01:25:15.342+0000] {logging_mixin.py:188} INFO - [2025-08-17T01:25:15.341+0000] {dag.py:3089} INFO - Sync 1 DAGs
[2025-08-17T01:25:15.355+0000] {logging_mixin.py:188} INFO - [2025-08-17T01:25:15.355+0000] {dag.py:3947} INFO - Setting next_dagrun for example_bash_decorator to None, run_after=None
[2025-08-17T01:25:15.373+0000] {processor.py:183} INFO - Processing /home/airflow/.local/lib/python3.12/site-packages/airflow/example_dags/example_bash_decorator.py took 0.084 seconds
[2025-08-17T01:26:41.423+0000] {processor.py:161} INFO - Started process (PID=91) to work on /home/airflow/.local/lib/python3.12/site-packages/airflow/example_dags/example_bash_decorator.py
[2025-08-17T01:26:41.425+0000] {processor.py:830} INFO - Processing file /home/airflow/.local/lib/python3.12/site-packages/airflow/example_dags/example_bash_decorator.py for tasks to queue
[2025-08-17T01:26:41.429+0000] {logging_mixin.py:188} INFO - [2025-08-17T01:26:41.428+0000] {dagbag.py:545} INFO - Filling up the DagBag from /home/airflow/.local/lib/python3.12/site-packages/airflow/example_dags/example_bash_decorator.py
[2025-08-17T01:26:41.452+0000] {processor.py:840} INFO - DAG(s) 'example_bash_decorator' retrieved from /home/airflow/.local/lib/python3.12/site-packages/airflow/example_dags/example_bash_decorator.py
[2025-08-17T01:26:41.614+0000] {logging_mixin.py:188} INFO - [2025-08-17T01:26:41.614+0000] {dag.py:3089} INFO - Sync 1 DAGs
[2025-08-17T01:26:41.633+0000] {logging_mixin.py:188} INFO - [2025-08-17T01:26:41.633+0000] {dag.py:3947} INFO - Setting next_dagrun for example_bash_decorator to None, run_after=None
[2025-08-17T01:26:41.668+0000] {processor.py:183} INFO - Processing /home/airflow/.local/lib/python3.12/site-packages/airflow/example_dags/example_bash_decorator.py took 0.253 seconds
[2025-08-17T01:27:12.472+0000] {processor.py:161} INFO - Started process (PID=150) to work on /home/airflow/.local/lib/python3.12/site-packages/airflow/example_dags/example_bash_decorator.py
[2025-08-17T01:27:12.474+0000] {processor.py:830} INFO - Processing file /home/airflow/.local/lib/python3.12/site-packages/airflow/example_dags/example_bash_decorator.py for tasks to queue
[2025-08-17T01:27:12.477+0000] {logging_mixin.py:188} INFO - [2025-08-17T01:27:12.476+0000] {dagbag.py:545} INFO - Filling up the DagBag from /home/airflow/.local/lib/python3.12/site-packages/airflow/example_dags/example_bash_decorator.py
[2025-08-17T01:27:12.490+0000] {processor.py:840} INFO - DAG(s) 'example_bash_decorator' retrieved from /home/airflow/.local/lib/python3.12/site-packages/airflow/example_dags/example_bash_decorator.py
[2025-08-17T01:27:12.505+0000] {logging_mixin.py:188} INFO - [2025-08-17T01:27:12.504+0000] {dag.py:3089} INFO - Sync 1 DAGs
[2025-08-17T01:27:12.519+0000] {logging_mixin.py:188} INFO - [2025-08-17T01:27:12.519+0000] {dag.py:3947} INFO - Setting next_dagrun for example_bash_decorator to None, run_after=None
[2025-08-17T01:27:12.544+0000] {processor.py:183} INFO - Processing /home/airflow/.local/lib/python3.12/site-packages/airflow/example_dags/example_bash_decorator.py took 0.077 seconds
[2025-08-17T01:27:42.998+0000] {processor.py:161} INFO - Started process (PID=209) to work on /home/airflow/.local/lib/python3.12/site-packages/airflow/example_dags/example_bash_decorator.py
[2025-08-17T01:27:43.000+0000] {processor.py:830} INFO - Processing file /home/airflow/.local/lib/python3.12/site-packages/airflow/example_dags/example_bash_decorator.py for tasks to queue
[2025-08-17T01:27:43.003+0000] {logging_mixin.py:188} INFO - [2025-08-17T01:27:43.002+0000] {dagbag.py:545} INFO - Filling up the DagBag from /home/airflow/.local/lib/python3.12/site-packages/airflow/example_dags/example_bash_decorator.py
[2025-08-17T01:27:43.016+0000] {processor.py:840} INFO - DAG(s) 'example_bash_decorator' retrieved from /home/airflow/.local/lib/python3.12/site-packages/airflow/example_dags/example_bash_decorator.py
[2025-08-17T01:27:43.113+0000] {logging_mixin.py:188} INFO - [2025-08-17T01:27:43.113+0000] {dag.py:3089} INFO - Sync 1 DAGs
[2025-08-17T01:27:43.123+0000] {logging_mixin.py:188} INFO - [2025-08-17T01:27:43.123+0000] {dag.py:3947} INFO - Setting next_dagrun for example_bash_decorator to None, run_after=None
[2025-08-17T01:27:43.145+0000] {processor.py:183} INFO - Processing /home/airflow/.local/lib/python3.12/site-packages/airflow/example_dags/example_bash_decorator.py took 0.153 seconds
[2025-08-17T01:28:13.410+0000] {processor.py:161} INFO - Started process (PID=268) to work on /home/airflow/.local/lib/python3.12/site-packages/airflow/example_dags/example_bash_decorator.py
[2025-08-17T01:28:13.412+0000] {processor.py:830} INFO - Processing file /home/airflow/.local/lib/python3.12/site-packages/airflow/example_dags/example_bash_decorator.py for tasks to queue
[2025-08-17T01:28:13.414+0000] {logging_mixin.py:188} INFO - [2025-08-17T01:28:13.414+0000] {dagbag.py:545} INFO - Filling up the DagBag from /home/airflow/.local/lib/python3.12/site-packages/airflow/example_dags/example_bash_decorator.py
[2025-08-17T01:28:13.429+0000] {processor.py:840} INFO - DAG(s) 'example_bash_decorator' retrieved from /home/airflow/.local/lib/python3.12/site-packages/airflow/example_dags/example_bash_decorator.py
[2025-08-17T01:28:13.458+0000] {logging_mixin.py:188} INFO - [2025-08-17T01:28:13.457+0000] {dag.py:3089} INFO - Sync 1 DAGs
[2025-08-17T01:28:13.474+0000] {logging_mixin.py:188} INFO - [2025-08-17T01:28:13.474+0000] {dag.py:3947} INFO - Setting next_dagrun for example_bash_decorator to None, run_after=None
[2025-08-17T01:28:13.497+0000] {processor.py:183} INFO - Processing /home/airflow/.local/lib/python3.12/site-packages/airflow/example_dags/example_bash_decorator.py took 0.093 seconds
[2025-08-17T01:28:43.585+0000] {processor.py:161} INFO - Started process (PID=327) to work on /home/airflow/.local/lib/python3.12/site-packages/airflow/example_dags/example_bash_decorator.py
[2025-08-17T01:28:43.586+0000] {processor.py:830} INFO - Processing file /home/airflow/.local/lib/python3.12/site-packages/airflow/example_dags/example_bash_decorator.py for tasks to queue
[2025-08-17T01:28:43.589+0000] {logging_mixin.py:188} INFO - [2025-08-17T01:28:43.589+0000] {dagbag.py:545} INFO - Filling up the DagBag from /home/airflow/.local/lib/python3.12/site-packages/airflow/example_dags/example_bash_decorator.py
[2025-08-17T01:28:43.608+0000] {processor.py:840} INFO - DAG(s) 'example_bash_decorator' retrieved from /home/airflow/.local/lib/python3.12/site-packages/airflow/example_dags/example_bash_decorator.py
[2025-08-17T01:28:43.650+0000] {logging_mixin.py:188} INFO - [2025-08-17T01:28:43.650+0000] {dag.py:3089} INFO - Sync 1 DAGs
[2025-08-17T01:28:43.671+0000] {logging_mixin.py:188} INFO - [2025-08-17T01:28:43.671+0000] {dag.py:3947} INFO - Setting next_dagrun for example_bash_decorator to None, run_after=None
[2025-08-17T01:28:43.701+0000] {processor.py:183} INFO - Processing /home/airflow/.local/lib/python3.12/site-packages/airflow/example_dags/example_bash_decorator.py took 0.124 seconds
[2025-08-17T01:29:13.899+0000] {processor.py:161} INFO - Started process (PID=387) to work on /home/airflow/.local/lib/python3.12/site-packages/airflow/example_dags/example_bash_decorator.py
[2025-08-17T01:29:13.900+0000] {processor.py:830} INFO - Processing file /home/airflow/.local/lib/python3.12/site-packages/airflow/example_dags/example_bash_decorator.py for tasks to queue
[2025-08-17T01:29:13.903+0000] {logging_mixin.py:188} INFO - [2025-08-17T01:29:13.903+0000] {dagbag.py:545} INFO - Filling up the DagBag from /home/airflow/.local/lib/python3.12/site-packages/airflow/example_dags/example_bash_decorator.py
[2025-08-17T01:29:13.917+0000] {processor.py:840} INFO - DAG(s) 'example_bash_decorator' retrieved from /home/airflow/.local/lib/python3.12/site-packages/airflow/example_dags/example_bash_decorator.py
[2025-08-17T01:29:13.945+0000] {logging_mixin.py:188} INFO - [2025-08-17T01:29:13.945+0000] {dag.py:3089} INFO - Sync 1 DAGs
[2025-08-17T01:29:13.960+0000] {logging_mixin.py:188} INFO - [2025-08-17T01:29:13.960+0000] {dag.py:3947} INFO - Setting next_dagrun for example_bash_decorator to None, run_after=None
[2025-08-17T01:29:13.986+0000] {processor.py:183} INFO - Processing /home/airflow/.local/lib/python3.12/site-packages/airflow/example_dags/example_bash_decorator.py took 0.094 seconds
[2025-08-17T01:29:44.044+0000] {processor.py:161} INFO - Started process (PID=447) to work on /home/airflow/.local/lib/python3.12/site-packages/airflow/example_dags/example_bash_decorator.py
[2025-08-17T01:29:44.046+0000] {processor.py:830} INFO - Processing file /home/airflow/.local/lib/python3.12/site-packages/airflow/example_dags/example_bash_decorator.py for tasks to queue
[2025-08-17T01:29:44.048+0000] {logging_mixin.py:188} INFO - [2025-08-17T01:29:44.048+0000] {dagbag.py:545} INFO - Filling up the DagBag from /home/airflow/.local/lib/python3.12/site-packages/airflow/example_dags/example_bash_decorator.py
[2025-08-17T01:29:44.062+0000] {processor.py:840} INFO - DAG(s) 'example_bash_decorator' retrieved from /home/airflow/.local/lib/python3.12/site-packages/airflow/example_dags/example_bash_decorator.py
[2025-08-17T01:29:44.087+0000] {logging_mixin.py:188} INFO - [2025-08-17T01:29:44.087+0000] {dag.py:3089} INFO - Sync 1 DAGs
[2025-08-17T01:29:44.101+0000] {logging_mixin.py:188} INFO - [2025-08-17T01:29:44.101+0000] {dag.py:3947} INFO - Setting next_dagrun for example_bash_decorator to None, run_after=None
[2025-08-17T01:29:44.122+0000] {processor.py:183} INFO - Processing /home/airflow/.local/lib/python3.12/site-packages/airflow/example_dags/example_bash_decorator.py took 0.084 seconds
[2025-08-17T01:30:14.667+0000] {processor.py:161} INFO - Started process (PID=506) to work on /home/airflow/.local/lib/python3.12/site-packages/airflow/example_dags/example_bash_decorator.py
[2025-08-17T01:30:14.669+0000] {processor.py:830} INFO - Processing file /home/airflow/.local/lib/python3.12/site-packages/airflow/example_dags/example_bash_decorator.py for tasks to queue
[2025-08-17T01:30:14.671+0000] {logging_mixin.py:188} INFO - [2025-08-17T01:30:14.670+0000] {dagbag.py:545} INFO - Filling up the DagBag from /home/airflow/.local/lib/python3.12/site-packages/airflow/example_dags/example_bash_decorator.py
[2025-08-17T01:30:14.684+0000] {processor.py:840} INFO - DAG(s) 'example_bash_decorator' retrieved from /home/airflow/.local/lib/python3.12/site-packages/airflow/example_dags/example_bash_decorator.py
[2025-08-17T01:30:14.711+0000] {logging_mixin.py:188} INFO - [2025-08-17T01:30:14.710+0000] {dag.py:3089} INFO - Sync 1 DAGs
[2025-08-17T01:30:14.724+0000] {logging_mixin.py:188} INFO - [2025-08-17T01:30:14.724+0000] {dag.py:3947} INFO - Setting next_dagrun for example_bash_decorator to None, run_after=None
[2025-08-17T01:30:14.746+0000] {processor.py:183} INFO - Processing /home/airflow/.local/lib/python3.12/site-packages/airflow/example_dags/example_bash_decorator.py took 0.084 seconds
[2025-08-17T01:30:45.164+0000] {processor.py:161} INFO - Started process (PID=565) to work on /home/airflow/.local/lib/python3.12/site-packages/airflow/example_dags/example_bash_decorator.py
[2025-08-17T01:30:45.165+0000] {processor.py:830} INFO - Processing file /home/airflow/.local/lib/python3.12/site-packages/airflow/example_dags/example_bash_decorator.py for tasks to queue
[2025-08-17T01:30:45.168+0000] {logging_mixin.py:188} INFO - [2025-08-17T01:30:45.168+0000] {dagbag.py:545} INFO - Filling up the DagBag from /home/airflow/.local/lib/python3.12/site-packages/airflow/example_dags/example_bash_decorator.py
[2025-08-17T01:30:45.183+0000] {processor.py:840} INFO - DAG(s) 'example_bash_decorator' retrieved from /home/airflow/.local/lib/python3.12/site-packages/airflow/example_dags/example_bash_decorator.py
[2025-08-17T01:30:45.211+0000] {logging_mixin.py:188} INFO - [2025-08-17T01:30:45.210+0000] {dag.py:3089} INFO - Sync 1 DAGs
[2025-08-17T01:30:45.224+0000] {logging_mixin.py:188} INFO - [2025-08-17T01:30:45.223+0000] {dag.py:3947} INFO - Setting next_dagrun for example_bash_decorator to None, run_after=None
[2025-08-17T01:30:45.246+0000] {processor.py:183} INFO - Processing /home/airflow/.local/lib/python3.12/site-packages/airflow/example_dags/example_bash_decorator.py took 0.088 seconds
[2025-08-17T01:31:15.637+0000] {processor.py:161} INFO - Started process (PID=624) to work on /home/airflow/.local/lib/python3.12/site-packages/airflow/example_dags/example_bash_decorator.py
[2025-08-17T01:31:15.638+0000] {processor.py:830} INFO - Processing file /home/airflow/.local/lib/python3.12/site-packages/airflow/example_dags/example_bash_decorator.py for tasks to queue
[2025-08-17T01:31:15.640+0000] {logging_mixin.py:188} INFO - [2025-08-17T01:31:15.640+0000] {dagbag.py:545} INFO - Filling up the DagBag from /home/airflow/.local/lib/python3.12/site-packages/airflow/example_dags/example_bash_decorator.py
[2025-08-17T01:31:15.654+0000] {processor.py:840} INFO - DAG(s) 'example_bash_decorator' retrieved from /home/airflow/.local/lib/python3.12/site-packages/airflow/example_dags/example_bash_decorator.py
[2025-08-17T01:31:15.680+0000] {logging_mixin.py:188} INFO - [2025-08-17T01:31:15.680+0000] {dag.py:3089} INFO - Sync 1 DAGs
[2025-08-17T01:31:15.694+0000] {logging_mixin.py:188} INFO - [2025-08-17T01:31:15.694+0000] {dag.py:3947} INFO - Setting next_dagrun for example_bash_decorator to None, run_after=None
[2025-08-17T01:31:15.716+0000] {processor.py:183} INFO - Processing /home/airflow/.local/lib/python3.12/site-packages/airflow/example_dags/example_bash_decorator.py took 0.084 seconds
[2025-08-17T01:31:46.385+0000] {processor.py:161} INFO - Started process (PID=686) to work on /home/airflow/.local/lib/python3.12/site-packages/airflow/example_dags/example_bash_decorator.py
[2025-08-17T01:31:46.387+0000] {processor.py:830} INFO - Processing file /home/airflow/.local/lib/python3.12/site-packages/airflow/example_dags/example_bash_decorator.py for tasks to queue
[2025-08-17T01:31:46.389+0000] {logging_mixin.py:188} INFO - [2025-08-17T01:31:46.389+0000] {dagbag.py:545} INFO - Filling up the DagBag from /home/airflow/.local/lib/python3.12/site-packages/airflow/example_dags/example_bash_decorator.py
[2025-08-17T01:31:46.403+0000] {processor.py:840} INFO - DAG(s) 'example_bash_decorator' retrieved from /home/airflow/.local/lib/python3.12/site-packages/airflow/example_dags/example_bash_decorator.py
[2025-08-17T01:31:46.429+0000] {logging_mixin.py:188} INFO - [2025-08-17T01:31:46.428+0000] {dag.py:3089} INFO - Sync 1 DAGs
[2025-08-17T01:31:46.443+0000] {logging_mixin.py:188} INFO - [2025-08-17T01:31:46.442+0000] {dag.py:3947} INFO - Setting next_dagrun for example_bash_decorator to None, run_after=None
[2025-08-17T01:31:46.465+0000] {processor.py:183} INFO - Processing /home/airflow/.local/lib/python3.12/site-packages/airflow/example_dags/example_bash_decorator.py took 0.085 seconds
