[2025-08-17T00:53:32.312+0000] {processor.py:161} INFO - Started process (PID=70) to work on /home/airflow/.local/lib/python3.12/site-packages/airflow/example_dags/example_dag_decorator.py
[2025-08-17T00:53:32.314+0000] {processor.py:830} INFO - Processing file /home/airflow/.local/lib/python3.12/site-packages/airflow/example_dags/example_dag_decorator.py for tasks to queue
[2025-08-17T00:53:32.317+0000] {logging_mixin.py:188} INFO - [2025-08-17T00:53:32.317+0000] {dagbag.py:545} INFO - Filling up the DagBag from /home/airflow/.local/lib/python3.12/site-packages/airflow/example_dags/example_dag_decorator.py
[2025-08-17T00:53:32.784+0000] {processor.py:840} INFO - DAG(s) 'example_dag_decorator' retrieved from /home/airflow/.local/lib/python3.12/site-packages/airflow/example_dags/example_dag_decorator.py
[2025-08-17T00:53:32.922+0000] {logging_mixin.py:188} INFO - [2025-08-17T00:53:32.922+0000] {dag.py:3089} INFO - Sync 1 DAGs
[2025-08-17T00:53:32.937+0000] {logging_mixin.py:188} INFO - [2025-08-17T00:53:32.937+0000] {dag.py:3947} INFO - Setting next_dagrun for example_dag_decorator to None, run_after=None
[2025-08-17T00:53:32.969+0000] {processor.py:183} INFO - Processing /home/airflow/.local/lib/python3.12/site-packages/airflow/example_dags/example_dag_decorator.py took 0.665 seconds
[2025-08-17T00:54:03.080+0000] {processor.py:161} INFO - Started process (PID=130) to work on /home/airflow/.local/lib/python3.12/site-packages/airflow/example_dags/example_dag_decorator.py
[2025-08-17T00:54:03.081+0000] {processor.py:830} INFO - Processing file /home/airflow/.local/lib/python3.12/site-packages/airflow/example_dags/example_dag_decorator.py for tasks to queue
[2025-08-17T00:54:03.083+0000] {logging_mixin.py:188} INFO - [2025-08-17T00:54:03.083+0000] {dagbag.py:545} INFO - Filling up the DagBag from /home/airflow/.local/lib/python3.12/site-packages/airflow/example_dags/example_dag_decorator.py
[2025-08-17T00:54:03.172+0000] {processor.py:840} INFO - DAG(s) 'example_dag_decorator' retrieved from /home/airflow/.local/lib/python3.12/site-packages/airflow/example_dags/example_dag_decorator.py
[2025-08-17T00:54:03.262+0000] {logging_mixin.py:188} INFO - [2025-08-17T00:54:03.261+0000] {dag.py:3089} INFO - Sync 1 DAGs
[2025-08-17T00:54:03.272+0000] {logging_mixin.py:188} INFO - [2025-08-17T00:54:03.272+0000] {dag.py:3947} INFO - Setting next_dagrun for example_dag_decorator to None, run_after=None
[2025-08-17T00:54:03.289+0000] {processor.py:183} INFO - Processing /home/airflow/.local/lib/python3.12/site-packages/airflow/example_dags/example_dag_decorator.py took 0.215 seconds
[2025-08-17T00:54:33.385+0000] {processor.py:161} INFO - Started process (PID=187) to work on /home/airflow/.local/lib/python3.12/site-packages/airflow/example_dags/example_dag_decorator.py
[2025-08-17T00:54:33.387+0000] {processor.py:830} INFO - Processing file /home/airflow/.local/lib/python3.12/site-packages/airflow/example_dags/example_dag_decorator.py for tasks to queue
[2025-08-17T00:54:33.390+0000] {logging_mixin.py:188} INFO - [2025-08-17T00:54:33.390+0000] {dagbag.py:545} INFO - Filling up the DagBag from /home/airflow/.local/lib/python3.12/site-packages/airflow/example_dags/example_dag_decorator.py
[2025-08-17T00:54:33.494+0000] {processor.py:840} INFO - DAG(s) 'example_dag_decorator' retrieved from /home/airflow/.local/lib/python3.12/site-packages/airflow/example_dags/example_dag_decorator.py
[2025-08-17T00:54:33.602+0000] {logging_mixin.py:188} INFO - [2025-08-17T00:54:33.602+0000] {dag.py:3089} INFO - Sync 1 DAGs
[2025-08-17T00:54:33.612+0000] {logging_mixin.py:188} INFO - [2025-08-17T00:54:33.611+0000] {dag.py:3947} INFO - Setting next_dagrun for example_dag_decorator to None, run_after=None
[2025-08-17T00:54:33.632+0000] {processor.py:183} INFO - Processing /home/airflow/.local/lib/python3.12/site-packages/airflow/example_dags/example_dag_decorator.py took 0.253 seconds
[2025-08-17T00:55:03.726+0000] {processor.py:161} INFO - Started process (PID=245) to work on /home/airflow/.local/lib/python3.12/site-packages/airflow/example_dags/example_dag_decorator.py
[2025-08-17T00:55:03.728+0000] {processor.py:830} INFO - Processing file /home/airflow/.local/lib/python3.12/site-packages/airflow/example_dags/example_dag_decorator.py for tasks to queue
[2025-08-17T00:55:03.731+0000] {logging_mixin.py:188} INFO - [2025-08-17T00:55:03.730+0000] {dagbag.py:545} INFO - Filling up the DagBag from /home/airflow/.local/lib/python3.12/site-packages/airflow/example_dags/example_dag_decorator.py
[2025-08-17T00:55:03.852+0000] {processor.py:840} INFO - DAG(s) 'example_dag_decorator' retrieved from /home/airflow/.local/lib/python3.12/site-packages/airflow/example_dags/example_dag_decorator.py
[2025-08-17T00:55:04.001+0000] {logging_mixin.py:188} INFO - [2025-08-17T00:55:04.000+0000] {dag.py:3089} INFO - Sync 1 DAGs
[2025-08-17T00:55:04.014+0000] {logging_mixin.py:188} INFO - [2025-08-17T00:55:04.014+0000] {dag.py:3947} INFO - Setting next_dagrun for example_dag_decorator to None, run_after=None
[2025-08-17T00:55:04.035+0000] {processor.py:183} INFO - Processing /home/airflow/.local/lib/python3.12/site-packages/airflow/example_dags/example_dag_decorator.py took 0.315 seconds
[2025-08-17T00:55:34.519+0000] {processor.py:161} INFO - Started process (PID=310) to work on /home/airflow/.local/lib/python3.12/site-packages/airflow/example_dags/example_dag_decorator.py
[2025-08-17T00:55:34.520+0000] {processor.py:830} INFO - Processing file /home/airflow/.local/lib/python3.12/site-packages/airflow/example_dags/example_dag_decorator.py for tasks to queue
[2025-08-17T00:55:34.522+0000] {logging_mixin.py:188} INFO - [2025-08-17T00:55:34.521+0000] {dagbag.py:545} INFO - Filling up the DagBag from /home/airflow/.local/lib/python3.12/site-packages/airflow/example_dags/example_dag_decorator.py
[2025-08-17T00:55:34.635+0000] {processor.py:840} INFO - DAG(s) 'example_dag_decorator' retrieved from /home/airflow/.local/lib/python3.12/site-packages/airflow/example_dags/example_dag_decorator.py
[2025-08-17T00:55:34.756+0000] {logging_mixin.py:188} INFO - [2025-08-17T00:55:34.755+0000] {dag.py:3089} INFO - Sync 1 DAGs
[2025-08-17T00:55:34.766+0000] {logging_mixin.py:188} INFO - [2025-08-17T00:55:34.766+0000] {dag.py:3947} INFO - Setting next_dagrun for example_dag_decorator to None, run_after=None
[2025-08-17T00:55:34.790+0000] {processor.py:183} INFO - Processing /home/airflow/.local/lib/python3.12/site-packages/airflow/example_dags/example_dag_decorator.py took 0.277 seconds
[2025-08-17T00:56:04.958+0000] {processor.py:161} INFO - Started process (PID=369) to work on /home/airflow/.local/lib/python3.12/site-packages/airflow/example_dags/example_dag_decorator.py
[2025-08-17T00:56:04.960+0000] {processor.py:830} INFO - Processing file /home/airflow/.local/lib/python3.12/site-packages/airflow/example_dags/example_dag_decorator.py for tasks to queue
[2025-08-17T00:56:04.962+0000] {logging_mixin.py:188} INFO - [2025-08-17T00:56:04.962+0000] {dagbag.py:545} INFO - Filling up the DagBag from /home/airflow/.local/lib/python3.12/site-packages/airflow/example_dags/example_dag_decorator.py
[2025-08-17T00:56:05.058+0000] {processor.py:840} INFO - DAG(s) 'example_dag_decorator' retrieved from /home/airflow/.local/lib/python3.12/site-packages/airflow/example_dags/example_dag_decorator.py
[2025-08-17T00:56:05.164+0000] {logging_mixin.py:188} INFO - [2025-08-17T00:56:05.163+0000] {dag.py:3089} INFO - Sync 1 DAGs
[2025-08-17T00:56:05.173+0000] {logging_mixin.py:188} INFO - [2025-08-17T00:56:05.172+0000] {dag.py:3947} INFO - Setting next_dagrun for example_dag_decorator to None, run_after=None
[2025-08-17T00:56:05.189+0000] {processor.py:183} INFO - Processing /home/airflow/.local/lib/python3.12/site-packages/airflow/example_dags/example_dag_decorator.py took 0.238 seconds
[2025-08-17T00:56:35.419+0000] {processor.py:161} INFO - Started process (PID=429) to work on /home/airflow/.local/lib/python3.12/site-packages/airflow/example_dags/example_dag_decorator.py
[2025-08-17T00:56:35.421+0000] {processor.py:830} INFO - Processing file /home/airflow/.local/lib/python3.12/site-packages/airflow/example_dags/example_dag_decorator.py for tasks to queue
[2025-08-17T00:56:35.423+0000] {logging_mixin.py:188} INFO - [2025-08-17T00:56:35.423+0000] {dagbag.py:545} INFO - Filling up the DagBag from /home/airflow/.local/lib/python3.12/site-packages/airflow/example_dags/example_dag_decorator.py
[2025-08-17T00:56:35.516+0000] {processor.py:840} INFO - DAG(s) 'example_dag_decorator' retrieved from /home/airflow/.local/lib/python3.12/site-packages/airflow/example_dags/example_dag_decorator.py
[2025-08-17T00:56:35.607+0000] {logging_mixin.py:188} INFO - [2025-08-17T00:56:35.606+0000] {dag.py:3089} INFO - Sync 1 DAGs
[2025-08-17T00:56:35.616+0000] {logging_mixin.py:188} INFO - [2025-08-17T00:56:35.615+0000] {dag.py:3947} INFO - Setting next_dagrun for example_dag_decorator to None, run_after=None
[2025-08-17T00:56:35.632+0000] {processor.py:183} INFO - Processing /home/airflow/.local/lib/python3.12/site-packages/airflow/example_dags/example_dag_decorator.py took 0.219 seconds
[2025-08-17T00:57:05.758+0000] {processor.py:161} INFO - Started process (PID=487) to work on /home/airflow/.local/lib/python3.12/site-packages/airflow/example_dags/example_dag_decorator.py
[2025-08-17T00:57:05.759+0000] {processor.py:830} INFO - Processing file /home/airflow/.local/lib/python3.12/site-packages/airflow/example_dags/example_dag_decorator.py for tasks to queue
[2025-08-17T00:57:05.762+0000] {logging_mixin.py:188} INFO - [2025-08-17T00:57:05.761+0000] {dagbag.py:545} INFO - Filling up the DagBag from /home/airflow/.local/lib/python3.12/site-packages/airflow/example_dags/example_dag_decorator.py
[2025-08-17T00:57:05.845+0000] {processor.py:840} INFO - DAG(s) 'example_dag_decorator' retrieved from /home/airflow/.local/lib/python3.12/site-packages/airflow/example_dags/example_dag_decorator.py
[2025-08-17T00:57:05.936+0000] {logging_mixin.py:188} INFO - [2025-08-17T00:57:05.936+0000] {dag.py:3089} INFO - Sync 1 DAGs
[2025-08-17T00:57:05.945+0000] {logging_mixin.py:188} INFO - [2025-08-17T00:57:05.944+0000] {dag.py:3947} INFO - Setting next_dagrun for example_dag_decorator to None, run_after=None
[2025-08-17T00:57:05.965+0000] {processor.py:183} INFO - Processing /home/airflow/.local/lib/python3.12/site-packages/airflow/example_dags/example_dag_decorator.py took 0.213 seconds
[2025-08-17T00:57:36.208+0000] {processor.py:161} INFO - Started process (PID=544) to work on /home/airflow/.local/lib/python3.12/site-packages/airflow/example_dags/example_dag_decorator.py
[2025-08-17T00:57:36.209+0000] {processor.py:830} INFO - Processing file /home/airflow/.local/lib/python3.12/site-packages/airflow/example_dags/example_dag_decorator.py for tasks to queue
[2025-08-17T00:57:36.211+0000] {logging_mixin.py:188} INFO - [2025-08-17T00:57:36.211+0000] {dagbag.py:545} INFO - Filling up the DagBag from /home/airflow/.local/lib/python3.12/site-packages/airflow/example_dags/example_dag_decorator.py
[2025-08-17T00:57:36.327+0000] {processor.py:840} INFO - DAG(s) 'example_dag_decorator' retrieved from /home/airflow/.local/lib/python3.12/site-packages/airflow/example_dags/example_dag_decorator.py
[2025-08-17T00:57:36.462+0000] {logging_mixin.py:188} INFO - [2025-08-17T00:57:36.461+0000] {dag.py:3089} INFO - Sync 1 DAGs
[2025-08-17T00:57:36.631+0000] {logging_mixin.py:188} INFO - [2025-08-17T00:57:36.631+0000] {dag.py:3947} INFO - Setting next_dagrun for example_dag_decorator to None, run_after=None
[2025-08-17T00:57:36.648+0000] {processor.py:183} INFO - Processing /home/airflow/.local/lib/python3.12/site-packages/airflow/example_dags/example_dag_decorator.py took 0.446 seconds
[2025-08-17T00:58:06.806+0000] {processor.py:161} INFO - Started process (PID=602) to work on /home/airflow/.local/lib/python3.12/site-packages/airflow/example_dags/example_dag_decorator.py
[2025-08-17T00:58:06.807+0000] {processor.py:830} INFO - Processing file /home/airflow/.local/lib/python3.12/site-packages/airflow/example_dags/example_dag_decorator.py for tasks to queue
[2025-08-17T00:58:06.809+0000] {logging_mixin.py:188} INFO - [2025-08-17T00:58:06.809+0000] {dagbag.py:545} INFO - Filling up the DagBag from /home/airflow/.local/lib/python3.12/site-packages/airflow/example_dags/example_dag_decorator.py
[2025-08-17T00:58:06.910+0000] {processor.py:840} INFO - DAG(s) 'example_dag_decorator' retrieved from /home/airflow/.local/lib/python3.12/site-packages/airflow/example_dags/example_dag_decorator.py
[2025-08-17T00:58:07.010+0000] {logging_mixin.py:188} INFO - [2025-08-17T00:58:07.010+0000] {dag.py:3089} INFO - Sync 1 DAGs
[2025-08-17T00:58:07.021+0000] {logging_mixin.py:188} INFO - [2025-08-17T00:58:07.021+0000] {dag.py:3947} INFO - Setting next_dagrun for example_dag_decorator to None, run_after=None
[2025-08-17T00:58:07.042+0000] {processor.py:183} INFO - Processing /home/airflow/.local/lib/python3.12/site-packages/airflow/example_dags/example_dag_decorator.py took 0.242 seconds
[2025-08-17T00:58:37.379+0000] {processor.py:161} INFO - Started process (PID=659) to work on /home/airflow/.local/lib/python3.12/site-packages/airflow/example_dags/example_dag_decorator.py
[2025-08-17T00:58:37.380+0000] {processor.py:830} INFO - Processing file /home/airflow/.local/lib/python3.12/site-packages/airflow/example_dags/example_dag_decorator.py for tasks to queue
[2025-08-17T00:58:37.382+0000] {logging_mixin.py:188} INFO - [2025-08-17T00:58:37.382+0000] {dagbag.py:545} INFO - Filling up the DagBag from /home/airflow/.local/lib/python3.12/site-packages/airflow/example_dags/example_dag_decorator.py
[2025-08-17T00:58:37.486+0000] {processor.py:840} INFO - DAG(s) 'example_dag_decorator' retrieved from /home/airflow/.local/lib/python3.12/site-packages/airflow/example_dags/example_dag_decorator.py
[2025-08-17T00:58:37.589+0000] {logging_mixin.py:188} INFO - [2025-08-17T00:58:37.589+0000] {dag.py:3089} INFO - Sync 1 DAGs
[2025-08-17T00:58:37.599+0000] {logging_mixin.py:188} INFO - [2025-08-17T00:58:37.599+0000] {dag.py:3947} INFO - Setting next_dagrun for example_dag_decorator to None, run_after=None
[2025-08-17T00:58:37.618+0000] {processor.py:183} INFO - Processing /home/airflow/.local/lib/python3.12/site-packages/airflow/example_dags/example_dag_decorator.py took 0.245 seconds
[2025-08-17T00:59:08.095+0000] {processor.py:161} INFO - Started process (PID=718) to work on /home/airflow/.local/lib/python3.12/site-packages/airflow/example_dags/example_dag_decorator.py
[2025-08-17T00:59:08.096+0000] {processor.py:830} INFO - Processing file /home/airflow/.local/lib/python3.12/site-packages/airflow/example_dags/example_dag_decorator.py for tasks to queue
[2025-08-17T00:59:08.099+0000] {logging_mixin.py:188} INFO - [2025-08-17T00:59:08.098+0000] {dagbag.py:545} INFO - Filling up the DagBag from /home/airflow/.local/lib/python3.12/site-packages/airflow/example_dags/example_dag_decorator.py
[2025-08-17T00:59:08.230+0000] {processor.py:840} INFO - DAG(s) 'example_dag_decorator' retrieved from /home/airflow/.local/lib/python3.12/site-packages/airflow/example_dags/example_dag_decorator.py
[2025-08-17T00:59:08.386+0000] {logging_mixin.py:188} INFO - [2025-08-17T00:59:08.386+0000] {dag.py:3089} INFO - Sync 1 DAGs
[2025-08-17T00:59:08.398+0000] {logging_mixin.py:188} INFO - [2025-08-17T00:59:08.398+0000] {dag.py:3947} INFO - Setting next_dagrun for example_dag_decorator to None, run_after=None
[2025-08-17T00:59:08.425+0000] {processor.py:183} INFO - Processing /home/airflow/.local/lib/python3.12/site-packages/airflow/example_dags/example_dag_decorator.py took 0.338 seconds
[2025-08-17T01:00:10.345+0000] {processor.py:161} INFO - Started process (PID=65) to work on /home/airflow/.local/lib/python3.12/site-packages/airflow/example_dags/example_dag_decorator.py
[2025-08-17T01:00:10.347+0000] {processor.py:830} INFO - Processing file /home/airflow/.local/lib/python3.12/site-packages/airflow/example_dags/example_dag_decorator.py for tasks to queue
[2025-08-17T01:00:10.352+0000] {logging_mixin.py:188} INFO - [2025-08-17T01:00:10.351+0000] {dagbag.py:545} INFO - Filling up the DagBag from /home/airflow/.local/lib/python3.12/site-packages/airflow/example_dags/example_dag_decorator.py
[2025-08-17T01:00:10.556+0000] {processor.py:840} INFO - DAG(s) 'example_dag_decorator' retrieved from /home/airflow/.local/lib/python3.12/site-packages/airflow/example_dags/example_dag_decorator.py
[2025-08-17T01:00:10.578+0000] {logging_mixin.py:188} INFO - [2025-08-17T01:00:10.577+0000] {dag.py:3089} INFO - Sync 1 DAGs
[2025-08-17T01:00:10.602+0000] {logging_mixin.py:188} INFO - [2025-08-17T01:00:10.602+0000] {dag.py:3947} INFO - Setting next_dagrun for example_dag_decorator to None, run_after=None
[2025-08-17T01:00:10.634+0000] {processor.py:183} INFO - Processing /home/airflow/.local/lib/python3.12/site-packages/airflow/example_dags/example_dag_decorator.py took 0.298 seconds
[2025-08-17T01:01:33.612+0000] {processor.py:161} INFO - Started process (PID=65) to work on /home/airflow/.local/lib/python3.12/site-packages/airflow/example_dags/example_dag_decorator.py
[2025-08-17T01:01:33.614+0000] {processor.py:830} INFO - Processing file /home/airflow/.local/lib/python3.12/site-packages/airflow/example_dags/example_dag_decorator.py for tasks to queue
[2025-08-17T01:01:33.617+0000] {logging_mixin.py:188} INFO - [2025-08-17T01:01:33.617+0000] {dagbag.py:545} INFO - Filling up the DagBag from /home/airflow/.local/lib/python3.12/site-packages/airflow/example_dags/example_dag_decorator.py
[2025-08-17T01:01:33.765+0000] {processor.py:840} INFO - DAG(s) 'example_dag_decorator' retrieved from /home/airflow/.local/lib/python3.12/site-packages/airflow/example_dags/example_dag_decorator.py
[2025-08-17T01:01:33.783+0000] {logging_mixin.py:188} INFO - [2025-08-17T01:01:33.782+0000] {dag.py:3089} INFO - Sync 1 DAGs
[2025-08-17T01:01:33.804+0000] {logging_mixin.py:188} INFO - [2025-08-17T01:01:33.804+0000] {dag.py:3947} INFO - Setting next_dagrun for example_dag_decorator to None, run_after=None
[2025-08-17T01:01:33.831+0000] {processor.py:183} INFO - Processing /home/airflow/.local/lib/python3.12/site-packages/airflow/example_dags/example_dag_decorator.py took 0.226 seconds
[2025-08-17T01:02:04.198+0000] {processor.py:161} INFO - Started process (PID=125) to work on /home/airflow/.local/lib/python3.12/site-packages/airflow/example_dags/example_dag_decorator.py
[2025-08-17T01:02:04.199+0000] {processor.py:830} INFO - Processing file /home/airflow/.local/lib/python3.12/site-packages/airflow/example_dags/example_dag_decorator.py for tasks to queue
[2025-08-17T01:02:04.201+0000] {logging_mixin.py:188} INFO - [2025-08-17T01:02:04.201+0000] {dagbag.py:545} INFO - Filling up the DagBag from /home/airflow/.local/lib/python3.12/site-packages/airflow/example_dags/example_dag_decorator.py
[2025-08-17T01:02:04.300+0000] {processor.py:840} INFO - DAG(s) 'example_dag_decorator' retrieved from /home/airflow/.local/lib/python3.12/site-packages/airflow/example_dags/example_dag_decorator.py
[2025-08-17T01:02:04.404+0000] {logging_mixin.py:188} INFO - [2025-08-17T01:02:04.403+0000] {dag.py:3089} INFO - Sync 1 DAGs
[2025-08-17T01:02:04.415+0000] {logging_mixin.py:188} INFO - [2025-08-17T01:02:04.414+0000] {dag.py:3947} INFO - Setting next_dagrun for example_dag_decorator to None, run_after=None
[2025-08-17T01:02:04.434+0000] {processor.py:183} INFO - Processing /home/airflow/.local/lib/python3.12/site-packages/airflow/example_dags/example_dag_decorator.py took 0.242 seconds
[2025-08-17T01:02:34.532+0000] {processor.py:161} INFO - Started process (PID=184) to work on /home/airflow/.local/lib/python3.12/site-packages/airflow/example_dags/example_dag_decorator.py
[2025-08-17T01:02:34.533+0000] {processor.py:830} INFO - Processing file /home/airflow/.local/lib/python3.12/site-packages/airflow/example_dags/example_dag_decorator.py for tasks to queue
[2025-08-17T01:02:34.536+0000] {logging_mixin.py:188} INFO - [2025-08-17T01:02:34.536+0000] {dagbag.py:545} INFO - Filling up the DagBag from /home/airflow/.local/lib/python3.12/site-packages/airflow/example_dags/example_dag_decorator.py
[2025-08-17T01:02:34.658+0000] {processor.py:840} INFO - DAG(s) 'example_dag_decorator' retrieved from /home/airflow/.local/lib/python3.12/site-packages/airflow/example_dags/example_dag_decorator.py
[2025-08-17T01:02:34.791+0000] {logging_mixin.py:188} INFO - [2025-08-17T01:02:34.790+0000] {dag.py:3089} INFO - Sync 1 DAGs
[2025-08-17T01:02:34.806+0000] {logging_mixin.py:188} INFO - [2025-08-17T01:02:34.805+0000] {dag.py:3947} INFO - Setting next_dagrun for example_dag_decorator to None, run_after=None
[2025-08-17T01:02:34.832+0000] {processor.py:183} INFO - Processing /home/airflow/.local/lib/python3.12/site-packages/airflow/example_dags/example_dag_decorator.py took 0.307 seconds
[2025-08-17T01:03:05.164+0000] {processor.py:161} INFO - Started process (PID=244) to work on /home/airflow/.local/lib/python3.12/site-packages/airflow/example_dags/example_dag_decorator.py
[2025-08-17T01:03:05.165+0000] {processor.py:830} INFO - Processing file /home/airflow/.local/lib/python3.12/site-packages/airflow/example_dags/example_dag_decorator.py for tasks to queue
[2025-08-17T01:03:05.169+0000] {logging_mixin.py:188} INFO - [2025-08-17T01:03:05.168+0000] {dagbag.py:545} INFO - Filling up the DagBag from /home/airflow/.local/lib/python3.12/site-packages/airflow/example_dags/example_dag_decorator.py
[2025-08-17T01:03:05.297+0000] {processor.py:840} INFO - DAG(s) 'example_dag_decorator' retrieved from /home/airflow/.local/lib/python3.12/site-packages/airflow/example_dags/example_dag_decorator.py
[2025-08-17T01:03:05.418+0000] {logging_mixin.py:188} INFO - [2025-08-17T01:03:05.417+0000] {dag.py:3089} INFO - Sync 1 DAGs
[2025-08-17T01:03:05.430+0000] {logging_mixin.py:188} INFO - [2025-08-17T01:03:05.430+0000] {dag.py:3947} INFO - Setting next_dagrun for example_dag_decorator to None, run_after=None
[2025-08-17T01:03:05.452+0000] {processor.py:183} INFO - Processing /home/airflow/.local/lib/python3.12/site-packages/airflow/example_dags/example_dag_decorator.py took 0.295 seconds
[2025-08-17T01:03:35.575+0000] {processor.py:161} INFO - Started process (PID=304) to work on /home/airflow/.local/lib/python3.12/site-packages/airflow/example_dags/example_dag_decorator.py
[2025-08-17T01:03:35.576+0000] {processor.py:830} INFO - Processing file /home/airflow/.local/lib/python3.12/site-packages/airflow/example_dags/example_dag_decorator.py for tasks to queue
[2025-08-17T01:03:35.579+0000] {logging_mixin.py:188} INFO - [2025-08-17T01:03:35.578+0000] {dagbag.py:545} INFO - Filling up the DagBag from /home/airflow/.local/lib/python3.12/site-packages/airflow/example_dags/example_dag_decorator.py
[2025-08-17T01:03:35.688+0000] {processor.py:840} INFO - DAG(s) 'example_dag_decorator' retrieved from /home/airflow/.local/lib/python3.12/site-packages/airflow/example_dags/example_dag_decorator.py
[2025-08-17T01:03:35.815+0000] {logging_mixin.py:188} INFO - [2025-08-17T01:03:35.815+0000] {dag.py:3089} INFO - Sync 1 DAGs
[2025-08-17T01:03:35.827+0000] {logging_mixin.py:188} INFO - [2025-08-17T01:03:35.827+0000] {dag.py:3947} INFO - Setting next_dagrun for example_dag_decorator to None, run_after=None
[2025-08-17T01:03:35.852+0000] {processor.py:183} INFO - Processing /home/airflow/.local/lib/python3.12/site-packages/airflow/example_dags/example_dag_decorator.py took 0.284 seconds
[2025-08-17T01:04:06.760+0000] {processor.py:161} INFO - Started process (PID=363) to work on /home/airflow/.local/lib/python3.12/site-packages/airflow/example_dags/example_dag_decorator.py
[2025-08-17T01:04:06.762+0000] {processor.py:830} INFO - Processing file /home/airflow/.local/lib/python3.12/site-packages/airflow/example_dags/example_dag_decorator.py for tasks to queue
[2025-08-17T01:04:06.766+0000] {logging_mixin.py:188} INFO - [2025-08-17T01:04:06.765+0000] {dagbag.py:545} INFO - Filling up the DagBag from /home/airflow/.local/lib/python3.12/site-packages/airflow/example_dags/example_dag_decorator.py
[2025-08-17T01:04:06.905+0000] {processor.py:840} INFO - DAG(s) 'example_dag_decorator' retrieved from /home/airflow/.local/lib/python3.12/site-packages/airflow/example_dags/example_dag_decorator.py
[2025-08-17T01:04:07.023+0000] {logging_mixin.py:188} INFO - [2025-08-17T01:04:07.022+0000] {dag.py:3089} INFO - Sync 1 DAGs
[2025-08-17T01:04:07.035+0000] {logging_mixin.py:188} INFO - [2025-08-17T01:04:07.035+0000] {dag.py:3947} INFO - Setting next_dagrun for example_dag_decorator to None, run_after=None
[2025-08-17T01:04:07.060+0000] {processor.py:183} INFO - Processing /home/airflow/.local/lib/python3.12/site-packages/airflow/example_dags/example_dag_decorator.py took 0.307 seconds
[2025-08-17T01:04:37.697+0000] {processor.py:161} INFO - Started process (PID=422) to work on /home/airflow/.local/lib/python3.12/site-packages/airflow/example_dags/example_dag_decorator.py
[2025-08-17T01:04:37.698+0000] {processor.py:830} INFO - Processing file /home/airflow/.local/lib/python3.12/site-packages/airflow/example_dags/example_dag_decorator.py for tasks to queue
[2025-08-17T01:04:37.701+0000] {logging_mixin.py:188} INFO - [2025-08-17T01:04:37.701+0000] {dagbag.py:545} INFO - Filling up the DagBag from /home/airflow/.local/lib/python3.12/site-packages/airflow/example_dags/example_dag_decorator.py
[2025-08-17T01:04:37.820+0000] {processor.py:840} INFO - DAG(s) 'example_dag_decorator' retrieved from /home/airflow/.local/lib/python3.12/site-packages/airflow/example_dags/example_dag_decorator.py
[2025-08-17T01:04:37.940+0000] {logging_mixin.py:188} INFO - [2025-08-17T01:04:37.940+0000] {dag.py:3089} INFO - Sync 1 DAGs
[2025-08-17T01:04:37.954+0000] {logging_mixin.py:188} INFO - [2025-08-17T01:04:37.954+0000] {dag.py:3947} INFO - Setting next_dagrun for example_dag_decorator to None, run_after=None
[2025-08-17T01:04:37.980+0000] {processor.py:183} INFO - Processing /home/airflow/.local/lib/python3.12/site-packages/airflow/example_dags/example_dag_decorator.py took 0.290 seconds
[2025-08-17T01:05:08.263+0000] {processor.py:161} INFO - Started process (PID=487) to work on /home/airflow/.local/lib/python3.12/site-packages/airflow/example_dags/example_dag_decorator.py
[2025-08-17T01:05:08.264+0000] {processor.py:830} INFO - Processing file /home/airflow/.local/lib/python3.12/site-packages/airflow/example_dags/example_dag_decorator.py for tasks to queue
[2025-08-17T01:05:08.267+0000] {logging_mixin.py:188} INFO - [2025-08-17T01:05:08.266+0000] {dagbag.py:545} INFO - Filling up the DagBag from /home/airflow/.local/lib/python3.12/site-packages/airflow/example_dags/example_dag_decorator.py
[2025-08-17T01:05:08.377+0000] {processor.py:840} INFO - DAG(s) 'example_dag_decorator' retrieved from /home/airflow/.local/lib/python3.12/site-packages/airflow/example_dags/example_dag_decorator.py
[2025-08-17T01:05:08.485+0000] {logging_mixin.py:188} INFO - [2025-08-17T01:05:08.485+0000] {dag.py:3089} INFO - Sync 1 DAGs
[2025-08-17T01:05:08.496+0000] {logging_mixin.py:188} INFO - [2025-08-17T01:05:08.496+0000] {dag.py:3947} INFO - Setting next_dagrun for example_dag_decorator to None, run_after=None
[2025-08-17T01:05:08.513+0000] {processor.py:183} INFO - Processing /home/airflow/.local/lib/python3.12/site-packages/airflow/example_dags/example_dag_decorator.py took 0.256 seconds
[2025-08-17T01:05:38.650+0000] {processor.py:161} INFO - Started process (PID=547) to work on /home/airflow/.local/lib/python3.12/site-packages/airflow/example_dags/example_dag_decorator.py
[2025-08-17T01:05:38.652+0000] {processor.py:830} INFO - Processing file /home/airflow/.local/lib/python3.12/site-packages/airflow/example_dags/example_dag_decorator.py for tasks to queue
[2025-08-17T01:05:38.655+0000] {logging_mixin.py:188} INFO - [2025-08-17T01:05:38.655+0000] {dagbag.py:545} INFO - Filling up the DagBag from /home/airflow/.local/lib/python3.12/site-packages/airflow/example_dags/example_dag_decorator.py
[2025-08-17T01:05:38.759+0000] {processor.py:840} INFO - DAG(s) 'example_dag_decorator' retrieved from /home/airflow/.local/lib/python3.12/site-packages/airflow/example_dags/example_dag_decorator.py
[2025-08-17T01:05:38.884+0000] {logging_mixin.py:188} INFO - [2025-08-17T01:05:38.883+0000] {dag.py:3089} INFO - Sync 1 DAGs
[2025-08-17T01:05:39.074+0000] {logging_mixin.py:188} INFO - [2025-08-17T01:05:39.074+0000] {dag.py:3947} INFO - Setting next_dagrun for example_dag_decorator to None, run_after=None
[2025-08-17T01:05:39.090+0000] {processor.py:183} INFO - Processing /home/airflow/.local/lib/python3.12/site-packages/airflow/example_dags/example_dag_decorator.py took 0.446 seconds
[2025-08-17T01:06:09.914+0000] {processor.py:161} INFO - Started process (PID=606) to work on /home/airflow/.local/lib/python3.12/site-packages/airflow/example_dags/example_dag_decorator.py
[2025-08-17T01:06:09.917+0000] {processor.py:830} INFO - Processing file /home/airflow/.local/lib/python3.12/site-packages/airflow/example_dags/example_dag_decorator.py for tasks to queue
[2025-08-17T01:06:09.921+0000] {logging_mixin.py:188} INFO - [2025-08-17T01:06:09.921+0000] {dagbag.py:545} INFO - Filling up the DagBag from /home/airflow/.local/lib/python3.12/site-packages/airflow/example_dags/example_dag_decorator.py
[2025-08-17T01:06:10.046+0000] {processor.py:840} INFO - DAG(s) 'example_dag_decorator' retrieved from /home/airflow/.local/lib/python3.12/site-packages/airflow/example_dags/example_dag_decorator.py
[2025-08-17T01:06:10.076+0000] {logging_mixin.py:188} INFO - [2025-08-17T01:06:10.076+0000] {dag.py:3089} INFO - Sync 1 DAGs
[2025-08-17T01:06:10.093+0000] {logging_mixin.py:188} INFO - [2025-08-17T01:06:10.093+0000] {dag.py:3947} INFO - Setting next_dagrun for example_dag_decorator to None, run_after=None
[2025-08-17T01:06:10.120+0000] {processor.py:183} INFO - Processing /home/airflow/.local/lib/python3.12/site-packages/airflow/example_dags/example_dag_decorator.py took 0.213 seconds
[2025-08-17T01:06:40.253+0000] {processor.py:161} INFO - Started process (PID=666) to work on /home/airflow/.local/lib/python3.12/site-packages/airflow/example_dags/example_dag_decorator.py
[2025-08-17T01:06:40.254+0000] {processor.py:830} INFO - Processing file /home/airflow/.local/lib/python3.12/site-packages/airflow/example_dags/example_dag_decorator.py for tasks to queue
[2025-08-17T01:06:40.257+0000] {logging_mixin.py:188} INFO - [2025-08-17T01:06:40.257+0000] {dagbag.py:545} INFO - Filling up the DagBag from /home/airflow/.local/lib/python3.12/site-packages/airflow/example_dags/example_dag_decorator.py
[2025-08-17T01:06:40.374+0000] {processor.py:840} INFO - DAG(s) 'example_dag_decorator' retrieved from /home/airflow/.local/lib/python3.12/site-packages/airflow/example_dags/example_dag_decorator.py
[2025-08-17T01:06:40.499+0000] {logging_mixin.py:188} INFO - [2025-08-17T01:06:40.499+0000] {dag.py:3089} INFO - Sync 1 DAGs
[2025-08-17T01:06:40.518+0000] {logging_mixin.py:188} INFO - [2025-08-17T01:06:40.517+0000] {dag.py:3947} INFO - Setting next_dagrun for example_dag_decorator to None, run_after=None
[2025-08-17T01:06:40.725+0000] {processor.py:183} INFO - Processing /home/airflow/.local/lib/python3.12/site-packages/airflow/example_dags/example_dag_decorator.py took 0.478 seconds
[2025-08-17T01:07:11.548+0000] {processor.py:161} INFO - Started process (PID=726) to work on /home/airflow/.local/lib/python3.12/site-packages/airflow/example_dags/example_dag_decorator.py
[2025-08-17T01:07:11.550+0000] {processor.py:830} INFO - Processing file /home/airflow/.local/lib/python3.12/site-packages/airflow/example_dags/example_dag_decorator.py for tasks to queue
[2025-08-17T01:07:11.552+0000] {logging_mixin.py:188} INFO - [2025-08-17T01:07:11.552+0000] {dagbag.py:545} INFO - Filling up the DagBag from /home/airflow/.local/lib/python3.12/site-packages/airflow/example_dags/example_dag_decorator.py
[2025-08-17T01:07:11.662+0000] {processor.py:840} INFO - DAG(s) 'example_dag_decorator' retrieved from /home/airflow/.local/lib/python3.12/site-packages/airflow/example_dags/example_dag_decorator.py
[2025-08-17T01:07:11.780+0000] {logging_mixin.py:188} INFO - [2025-08-17T01:07:11.780+0000] {dag.py:3089} INFO - Sync 1 DAGs
[2025-08-17T01:07:11.793+0000] {logging_mixin.py:188} INFO - [2025-08-17T01:07:11.793+0000] {dag.py:3947} INFO - Setting next_dagrun for example_dag_decorator to None, run_after=None
[2025-08-17T01:07:11.813+0000] {processor.py:183} INFO - Processing /home/airflow/.local/lib/python3.12/site-packages/airflow/example_dags/example_dag_decorator.py took 0.271 seconds
[2025-08-17T01:07:41.953+0000] {processor.py:161} INFO - Started process (PID=788) to work on /home/airflow/.local/lib/python3.12/site-packages/airflow/example_dags/example_dag_decorator.py
[2025-08-17T01:07:41.954+0000] {processor.py:830} INFO - Processing file /home/airflow/.local/lib/python3.12/site-packages/airflow/example_dags/example_dag_decorator.py for tasks to queue
[2025-08-17T01:07:41.957+0000] {logging_mixin.py:188} INFO - [2025-08-17T01:07:41.956+0000] {dagbag.py:545} INFO - Filling up the DagBag from /home/airflow/.local/lib/python3.12/site-packages/airflow/example_dags/example_dag_decorator.py
[2025-08-17T01:07:42.064+0000] {processor.py:840} INFO - DAG(s) 'example_dag_decorator' retrieved from /home/airflow/.local/lib/python3.12/site-packages/airflow/example_dags/example_dag_decorator.py
[2025-08-17T01:07:42.174+0000] {logging_mixin.py:188} INFO - [2025-08-17T01:07:42.174+0000] {dag.py:3089} INFO - Sync 1 DAGs
[2025-08-17T01:07:42.189+0000] {logging_mixin.py:188} INFO - [2025-08-17T01:07:42.188+0000] {dag.py:3947} INFO - Setting next_dagrun for example_dag_decorator to None, run_after=None
[2025-08-17T01:07:42.217+0000] {processor.py:183} INFO - Processing /home/airflow/.local/lib/python3.12/site-packages/airflow/example_dags/example_dag_decorator.py took 0.270 seconds
[2025-08-17T01:08:12.782+0000] {processor.py:161} INFO - Started process (PID=845) to work on /home/airflow/.local/lib/python3.12/site-packages/airflow/example_dags/example_dag_decorator.py
[2025-08-17T01:08:12.783+0000] {processor.py:830} INFO - Processing file /home/airflow/.local/lib/python3.12/site-packages/airflow/example_dags/example_dag_decorator.py for tasks to queue
[2025-08-17T01:08:12.786+0000] {logging_mixin.py:188} INFO - [2025-08-17T01:08:12.785+0000] {dagbag.py:545} INFO - Filling up the DagBag from /home/airflow/.local/lib/python3.12/site-packages/airflow/example_dags/example_dag_decorator.py
[2025-08-17T01:08:12.893+0000] {processor.py:840} INFO - DAG(s) 'example_dag_decorator' retrieved from /home/airflow/.local/lib/python3.12/site-packages/airflow/example_dags/example_dag_decorator.py
[2025-08-17T01:08:13.158+0000] {logging_mixin.py:188} INFO - [2025-08-17T01:08:13.158+0000] {dag.py:3089} INFO - Sync 1 DAGs
[2025-08-17T01:08:13.167+0000] {logging_mixin.py:188} INFO - [2025-08-17T01:08:13.167+0000] {dag.py:3947} INFO - Setting next_dagrun for example_dag_decorator to None, run_after=None
[2025-08-17T01:08:13.184+0000] {processor.py:183} INFO - Processing /home/airflow/.local/lib/python3.12/site-packages/airflow/example_dags/example_dag_decorator.py took 0.408 seconds
[2025-08-17T01:08:43.350+0000] {processor.py:161} INFO - Started process (PID=907) to work on /home/airflow/.local/lib/python3.12/site-packages/airflow/example_dags/example_dag_decorator.py
[2025-08-17T01:08:43.351+0000] {processor.py:830} INFO - Processing file /home/airflow/.local/lib/python3.12/site-packages/airflow/example_dags/example_dag_decorator.py for tasks to queue
[2025-08-17T01:08:43.354+0000] {logging_mixin.py:188} INFO - [2025-08-17T01:08:43.353+0000] {dagbag.py:545} INFO - Filling up the DagBag from /home/airflow/.local/lib/python3.12/site-packages/airflow/example_dags/example_dag_decorator.py
[2025-08-17T01:08:43.474+0000] {processor.py:840} INFO - DAG(s) 'example_dag_decorator' retrieved from /home/airflow/.local/lib/python3.12/site-packages/airflow/example_dags/example_dag_decorator.py
[2025-08-17T01:08:43.784+0000] {logging_mixin.py:188} INFO - [2025-08-17T01:08:43.783+0000] {dag.py:3089} INFO - Sync 1 DAGs
[2025-08-17T01:08:43.795+0000] {logging_mixin.py:188} INFO - [2025-08-17T01:08:43.795+0000] {dag.py:3947} INFO - Setting next_dagrun for example_dag_decorator to None, run_after=None
[2025-08-17T01:08:43.818+0000] {processor.py:183} INFO - Processing /home/airflow/.local/lib/python3.12/site-packages/airflow/example_dags/example_dag_decorator.py took 0.474 seconds
[2025-08-17T01:09:13.890+0000] {processor.py:161} INFO - Started process (PID=968) to work on /home/airflow/.local/lib/python3.12/site-packages/airflow/example_dags/example_dag_decorator.py
[2025-08-17T01:09:13.891+0000] {processor.py:830} INFO - Processing file /home/airflow/.local/lib/python3.12/site-packages/airflow/example_dags/example_dag_decorator.py for tasks to queue
[2025-08-17T01:09:13.894+0000] {logging_mixin.py:188} INFO - [2025-08-17T01:09:13.893+0000] {dagbag.py:545} INFO - Filling up the DagBag from /home/airflow/.local/lib/python3.12/site-packages/airflow/example_dags/example_dag_decorator.py
[2025-08-17T01:09:14.040+0000] {processor.py:840} INFO - DAG(s) 'example_dag_decorator' retrieved from /home/airflow/.local/lib/python3.12/site-packages/airflow/example_dags/example_dag_decorator.py
[2025-08-17T01:09:14.515+0000] {logging_mixin.py:188} INFO - [2025-08-17T01:09:14.514+0000] {dag.py:3089} INFO - Sync 1 DAGs
[2025-08-17T01:09:14.525+0000] {logging_mixin.py:188} INFO - [2025-08-17T01:09:14.525+0000] {dag.py:3947} INFO - Setting next_dagrun for example_dag_decorator to None, run_after=None
[2025-08-17T01:09:14.564+0000] {processor.py:183} INFO - Processing /home/airflow/.local/lib/python3.12/site-packages/airflow/example_dags/example_dag_decorator.py took 0.681 seconds
[2025-08-17T01:09:45.062+0000] {processor.py:161} INFO - Started process (PID=1028) to work on /home/airflow/.local/lib/python3.12/site-packages/airflow/example_dags/example_dag_decorator.py
[2025-08-17T01:09:45.063+0000] {processor.py:830} INFO - Processing file /home/airflow/.local/lib/python3.12/site-packages/airflow/example_dags/example_dag_decorator.py for tasks to queue
[2025-08-17T01:09:45.066+0000] {logging_mixin.py:188} INFO - [2025-08-17T01:09:45.065+0000] {dagbag.py:545} INFO - Filling up the DagBag from /home/airflow/.local/lib/python3.12/site-packages/airflow/example_dags/example_dag_decorator.py
[2025-08-17T01:09:45.176+0000] {processor.py:840} INFO - DAG(s) 'example_dag_decorator' retrieved from /home/airflow/.local/lib/python3.12/site-packages/airflow/example_dags/example_dag_decorator.py
[2025-08-17T01:09:45.480+0000] {logging_mixin.py:188} INFO - [2025-08-17T01:09:45.479+0000] {dag.py:3089} INFO - Sync 1 DAGs
[2025-08-17T01:09:45.488+0000] {logging_mixin.py:188} INFO - [2025-08-17T01:09:45.488+0000] {dag.py:3947} INFO - Setting next_dagrun for example_dag_decorator to None, run_after=None
[2025-08-17T01:09:45.504+0000] {processor.py:183} INFO - Processing /home/airflow/.local/lib/python3.12/site-packages/airflow/example_dags/example_dag_decorator.py took 0.449 seconds
[2025-08-17T01:10:15.554+0000] {processor.py:161} INFO - Started process (PID=1090) to work on /home/airflow/.local/lib/python3.12/site-packages/airflow/example_dags/example_dag_decorator.py
[2025-08-17T01:10:15.555+0000] {processor.py:830} INFO - Processing file /home/airflow/.local/lib/python3.12/site-packages/airflow/example_dags/example_dag_decorator.py for tasks to queue
[2025-08-17T01:10:15.558+0000] {logging_mixin.py:188} INFO - [2025-08-17T01:10:15.558+0000] {dagbag.py:545} INFO - Filling up the DagBag from /home/airflow/.local/lib/python3.12/site-packages/airflow/example_dags/example_dag_decorator.py
[2025-08-17T01:10:15.650+0000] {processor.py:840} INFO - DAG(s) 'example_dag_decorator' retrieved from /home/airflow/.local/lib/python3.12/site-packages/airflow/example_dags/example_dag_decorator.py
[2025-08-17T01:10:15.930+0000] {logging_mixin.py:188} INFO - [2025-08-17T01:10:15.929+0000] {dag.py:3089} INFO - Sync 1 DAGs
[2025-08-17T01:10:15.939+0000] {logging_mixin.py:188} INFO - [2025-08-17T01:10:15.939+0000] {dag.py:3947} INFO - Setting next_dagrun for example_dag_decorator to None, run_after=None
[2025-08-17T01:10:15.958+0000] {processor.py:183} INFO - Processing /home/airflow/.local/lib/python3.12/site-packages/airflow/example_dags/example_dag_decorator.py took 0.410 seconds
[2025-08-17T01:10:46.082+0000] {processor.py:161} INFO - Started process (PID=1152) to work on /home/airflow/.local/lib/python3.12/site-packages/airflow/example_dags/example_dag_decorator.py
[2025-08-17T01:10:46.084+0000] {processor.py:830} INFO - Processing file /home/airflow/.local/lib/python3.12/site-packages/airflow/example_dags/example_dag_decorator.py for tasks to queue
[2025-08-17T01:10:46.087+0000] {logging_mixin.py:188} INFO - [2025-08-17T01:10:46.087+0000] {dagbag.py:545} INFO - Filling up the DagBag from /home/airflow/.local/lib/python3.12/site-packages/airflow/example_dags/example_dag_decorator.py
[2025-08-17T01:10:46.198+0000] {processor.py:840} INFO - DAG(s) 'example_dag_decorator' retrieved from /home/airflow/.local/lib/python3.12/site-packages/airflow/example_dags/example_dag_decorator.py
[2025-08-17T01:10:46.529+0000] {logging_mixin.py:188} INFO - [2025-08-17T01:10:46.528+0000] {dag.py:3089} INFO - Sync 1 DAGs
[2025-08-17T01:10:46.539+0000] {logging_mixin.py:188} INFO - [2025-08-17T01:10:46.539+0000] {dag.py:3947} INFO - Setting next_dagrun for example_dag_decorator to None, run_after=None
[2025-08-17T01:10:46.562+0000] {processor.py:183} INFO - Processing /home/airflow/.local/lib/python3.12/site-packages/airflow/example_dags/example_dag_decorator.py took 0.486 seconds
[2025-08-17T01:11:16.683+0000] {processor.py:161} INFO - Started process (PID=1214) to work on /home/airflow/.local/lib/python3.12/site-packages/airflow/example_dags/example_dag_decorator.py
[2025-08-17T01:11:16.684+0000] {processor.py:830} INFO - Processing file /home/airflow/.local/lib/python3.12/site-packages/airflow/example_dags/example_dag_decorator.py for tasks to queue
[2025-08-17T01:11:16.687+0000] {logging_mixin.py:188} INFO - [2025-08-17T01:11:16.686+0000] {dagbag.py:545} INFO - Filling up the DagBag from /home/airflow/.local/lib/python3.12/site-packages/airflow/example_dags/example_dag_decorator.py
[2025-08-17T01:11:16.938+0000] {processor.py:840} INFO - DAG(s) 'example_dag_decorator' retrieved from /home/airflow/.local/lib/python3.12/site-packages/airflow/example_dags/example_dag_decorator.py
[2025-08-17T01:11:17.036+0000] {logging_mixin.py:188} INFO - [2025-08-17T01:11:17.035+0000] {dag.py:3089} INFO - Sync 1 DAGs
[2025-08-17T01:11:17.045+0000] {logging_mixin.py:188} INFO - [2025-08-17T01:11:17.045+0000] {dag.py:3947} INFO - Setting next_dagrun for example_dag_decorator to None, run_after=None
[2025-08-17T01:11:17.065+0000] {processor.py:183} INFO - Processing /home/airflow/.local/lib/python3.12/site-packages/airflow/example_dags/example_dag_decorator.py took 0.388 seconds
[2025-08-17T01:11:47.163+0000] {processor.py:161} INFO - Started process (PID=1272) to work on /home/airflow/.local/lib/python3.12/site-packages/airflow/example_dags/example_dag_decorator.py
[2025-08-17T01:11:47.164+0000] {processor.py:830} INFO - Processing file /home/airflow/.local/lib/python3.12/site-packages/airflow/example_dags/example_dag_decorator.py for tasks to queue
[2025-08-17T01:11:47.167+0000] {logging_mixin.py:188} INFO - [2025-08-17T01:11:47.167+0000] {dagbag.py:545} INFO - Filling up the DagBag from /home/airflow/.local/lib/python3.12/site-packages/airflow/example_dags/example_dag_decorator.py
[2025-08-17T01:11:47.440+0000] {processor.py:840} INFO - DAG(s) 'example_dag_decorator' retrieved from /home/airflow/.local/lib/python3.12/site-packages/airflow/example_dags/example_dag_decorator.py
[2025-08-17T01:11:47.563+0000] {logging_mixin.py:188} INFO - [2025-08-17T01:11:47.562+0000] {dag.py:3089} INFO - Sync 1 DAGs
[2025-08-17T01:11:47.575+0000] {logging_mixin.py:188} INFO - [2025-08-17T01:11:47.575+0000] {dag.py:3947} INFO - Setting next_dagrun for example_dag_decorator to None, run_after=None
[2025-08-17T01:11:47.600+0000] {processor.py:183} INFO - Processing /home/airflow/.local/lib/python3.12/site-packages/airflow/example_dags/example_dag_decorator.py took 0.443 seconds
[2025-08-17T01:12:17.670+0000] {processor.py:161} INFO - Started process (PID=1333) to work on /home/airflow/.local/lib/python3.12/site-packages/airflow/example_dags/example_dag_decorator.py
[2025-08-17T01:12:17.672+0000] {processor.py:830} INFO - Processing file /home/airflow/.local/lib/python3.12/site-packages/airflow/example_dags/example_dag_decorator.py for tasks to queue
[2025-08-17T01:12:17.675+0000] {logging_mixin.py:188} INFO - [2025-08-17T01:12:17.674+0000] {dagbag.py:545} INFO - Filling up the DagBag from /home/airflow/.local/lib/python3.12/site-packages/airflow/example_dags/example_dag_decorator.py
[2025-08-17T01:12:18.093+0000] {processor.py:840} INFO - DAG(s) 'example_dag_decorator' retrieved from /home/airflow/.local/lib/python3.12/site-packages/airflow/example_dags/example_dag_decorator.py
[2025-08-17T01:12:18.211+0000] {logging_mixin.py:188} INFO - [2025-08-17T01:12:18.210+0000] {dag.py:3089} INFO - Sync 1 DAGs
[2025-08-17T01:12:18.223+0000] {logging_mixin.py:188} INFO - [2025-08-17T01:12:18.223+0000] {dag.py:3947} INFO - Setting next_dagrun for example_dag_decorator to None, run_after=None
[2025-08-17T01:12:18.249+0000] {processor.py:183} INFO - Processing /home/airflow/.local/lib/python3.12/site-packages/airflow/example_dags/example_dag_decorator.py took 0.587 seconds
[2025-08-17T01:12:49.215+0000] {processor.py:161} INFO - Started process (PID=1394) to work on /home/airflow/.local/lib/python3.12/site-packages/airflow/example_dags/example_dag_decorator.py
[2025-08-17T01:12:49.217+0000] {processor.py:830} INFO - Processing file /home/airflow/.local/lib/python3.12/site-packages/airflow/example_dags/example_dag_decorator.py for tasks to queue
[2025-08-17T01:12:49.219+0000] {logging_mixin.py:188} INFO - [2025-08-17T01:12:49.218+0000] {dagbag.py:545} INFO - Filling up the DagBag from /home/airflow/.local/lib/python3.12/site-packages/airflow/example_dags/example_dag_decorator.py
[2025-08-17T01:12:49.517+0000] {processor.py:840} INFO - DAG(s) 'example_dag_decorator' retrieved from /home/airflow/.local/lib/python3.12/site-packages/airflow/example_dags/example_dag_decorator.py
[2025-08-17T01:12:49.609+0000] {logging_mixin.py:188} INFO - [2025-08-17T01:12:49.608+0000] {dag.py:3089} INFO - Sync 1 DAGs
[2025-08-17T01:12:49.619+0000] {logging_mixin.py:188} INFO - [2025-08-17T01:12:49.618+0000] {dag.py:3947} INFO - Setting next_dagrun for example_dag_decorator to None, run_after=None
[2025-08-17T01:12:49.636+0000] {processor.py:183} INFO - Processing /home/airflow/.local/lib/python3.12/site-packages/airflow/example_dags/example_dag_decorator.py took 0.427 seconds
[2025-08-17T01:13:19.848+0000] {processor.py:161} INFO - Started process (PID=1457) to work on /home/airflow/.local/lib/python3.12/site-packages/airflow/example_dags/example_dag_decorator.py
[2025-08-17T01:13:19.850+0000] {processor.py:830} INFO - Processing file /home/airflow/.local/lib/python3.12/site-packages/airflow/example_dags/example_dag_decorator.py for tasks to queue
[2025-08-17T01:13:19.854+0000] {logging_mixin.py:188} INFO - [2025-08-17T01:13:19.853+0000] {dagbag.py:545} INFO - Filling up the DagBag from /home/airflow/.local/lib/python3.12/site-packages/airflow/example_dags/example_dag_decorator.py
[2025-08-17T01:13:19.959+0000] {processor.py:840} INFO - DAG(s) 'example_dag_decorator' retrieved from /home/airflow/.local/lib/python3.12/site-packages/airflow/example_dags/example_dag_decorator.py
[2025-08-17T01:13:20.255+0000] {logging_mixin.py:188} INFO - [2025-08-17T01:13:20.254+0000] {dag.py:3089} INFO - Sync 1 DAGs
[2025-08-17T01:13:20.266+0000] {logging_mixin.py:188} INFO - [2025-08-17T01:13:20.266+0000] {dag.py:3947} INFO - Setting next_dagrun for example_dag_decorator to None, run_after=None
[2025-08-17T01:13:20.287+0000] {processor.py:183} INFO - Processing /home/airflow/.local/lib/python3.12/site-packages/airflow/example_dags/example_dag_decorator.py took 0.445 seconds
[2025-08-17T01:13:50.457+0000] {processor.py:161} INFO - Started process (PID=1517) to work on /home/airflow/.local/lib/python3.12/site-packages/airflow/example_dags/example_dag_decorator.py
[2025-08-17T01:13:50.459+0000] {processor.py:830} INFO - Processing file /home/airflow/.local/lib/python3.12/site-packages/airflow/example_dags/example_dag_decorator.py for tasks to queue
[2025-08-17T01:13:50.461+0000] {logging_mixin.py:188} INFO - [2025-08-17T01:13:50.461+0000] {dagbag.py:545} INFO - Filling up the DagBag from /home/airflow/.local/lib/python3.12/site-packages/airflow/example_dags/example_dag_decorator.py
[2025-08-17T01:13:50.717+0000] {processor.py:840} INFO - DAG(s) 'example_dag_decorator' retrieved from /home/airflow/.local/lib/python3.12/site-packages/airflow/example_dags/example_dag_decorator.py
[2025-08-17T01:13:50.824+0000] {logging_mixin.py:188} INFO - [2025-08-17T01:13:50.823+0000] {dag.py:3089} INFO - Sync 1 DAGs
[2025-08-17T01:13:50.834+0000] {logging_mixin.py:188} INFO - [2025-08-17T01:13:50.834+0000] {dag.py:3947} INFO - Setting next_dagrun for example_dag_decorator to None, run_after=None
[2025-08-17T01:13:50.858+0000] {processor.py:183} INFO - Processing /home/airflow/.local/lib/python3.12/site-packages/airflow/example_dags/example_dag_decorator.py took 0.406 seconds
[2025-08-17T01:14:21.442+0000] {processor.py:161} INFO - Started process (PID=1578) to work on /home/airflow/.local/lib/python3.12/site-packages/airflow/example_dags/example_dag_decorator.py
[2025-08-17T01:14:21.444+0000] {processor.py:830} INFO - Processing file /home/airflow/.local/lib/python3.12/site-packages/airflow/example_dags/example_dag_decorator.py for tasks to queue
[2025-08-17T01:14:21.446+0000] {logging_mixin.py:188} INFO - [2025-08-17T01:14:21.446+0000] {dagbag.py:545} INFO - Filling up the DagBag from /home/airflow/.local/lib/python3.12/site-packages/airflow/example_dags/example_dag_decorator.py
[2025-08-17T01:14:21.761+0000] {processor.py:840} INFO - DAG(s) 'example_dag_decorator' retrieved from /home/airflow/.local/lib/python3.12/site-packages/airflow/example_dags/example_dag_decorator.py
[2025-08-17T01:14:21.893+0000] {logging_mixin.py:188} INFO - [2025-08-17T01:14:21.893+0000] {dag.py:3089} INFO - Sync 1 DAGs
[2025-08-17T01:14:21.906+0000] {logging_mixin.py:188} INFO - [2025-08-17T01:14:21.906+0000] {dag.py:3947} INFO - Setting next_dagrun for example_dag_decorator to None, run_after=None
[2025-08-17T01:14:21.930+0000] {processor.py:183} INFO - Processing /home/airflow/.local/lib/python3.12/site-packages/airflow/example_dags/example_dag_decorator.py took 0.494 seconds
[2025-08-17T01:14:52.623+0000] {processor.py:161} INFO - Started process (PID=1637) to work on /home/airflow/.local/lib/python3.12/site-packages/airflow/example_dags/example_dag_decorator.py
[2025-08-17T01:14:52.625+0000] {processor.py:830} INFO - Processing file /home/airflow/.local/lib/python3.12/site-packages/airflow/example_dags/example_dag_decorator.py for tasks to queue
[2025-08-17T01:14:52.627+0000] {logging_mixin.py:188} INFO - [2025-08-17T01:14:52.627+0000] {dagbag.py:545} INFO - Filling up the DagBag from /home/airflow/.local/lib/python3.12/site-packages/airflow/example_dags/example_dag_decorator.py
[2025-08-17T01:14:52.956+0000] {processor.py:840} INFO - DAG(s) 'example_dag_decorator' retrieved from /home/airflow/.local/lib/python3.12/site-packages/airflow/example_dags/example_dag_decorator.py
[2025-08-17T01:14:53.072+0000] {logging_mixin.py:188} INFO - [2025-08-17T01:14:53.071+0000] {dag.py:3089} INFO - Sync 1 DAGs
[2025-08-17T01:14:53.081+0000] {logging_mixin.py:188} INFO - [2025-08-17T01:14:53.081+0000] {dag.py:3947} INFO - Setting next_dagrun for example_dag_decorator to None, run_after=None
[2025-08-17T01:14:53.101+0000] {processor.py:183} INFO - Processing /home/airflow/.local/lib/python3.12/site-packages/airflow/example_dags/example_dag_decorator.py took 0.484 seconds
[2025-08-17T01:15:23.892+0000] {processor.py:161} INFO - Started process (PID=1696) to work on /home/airflow/.local/lib/python3.12/site-packages/airflow/example_dags/example_dag_decorator.py
[2025-08-17T01:15:23.894+0000] {processor.py:830} INFO - Processing file /home/airflow/.local/lib/python3.12/site-packages/airflow/example_dags/example_dag_decorator.py for tasks to queue
[2025-08-17T01:15:23.896+0000] {logging_mixin.py:188} INFO - [2025-08-17T01:15:23.896+0000] {dagbag.py:545} INFO - Filling up the DagBag from /home/airflow/.local/lib/python3.12/site-packages/airflow/example_dags/example_dag_decorator.py
[2025-08-17T01:15:24.203+0000] {processor.py:840} INFO - DAG(s) 'example_dag_decorator' retrieved from /home/airflow/.local/lib/python3.12/site-packages/airflow/example_dags/example_dag_decorator.py
[2025-08-17T01:15:24.298+0000] {logging_mixin.py:188} INFO - [2025-08-17T01:15:24.297+0000] {dag.py:3089} INFO - Sync 1 DAGs
[2025-08-17T01:15:24.308+0000] {logging_mixin.py:188} INFO - [2025-08-17T01:15:24.308+0000] {dag.py:3947} INFO - Setting next_dagrun for example_dag_decorator to None, run_after=None
[2025-08-17T01:15:24.326+0000] {processor.py:183} INFO - Processing /home/airflow/.local/lib/python3.12/site-packages/airflow/example_dags/example_dag_decorator.py took 0.440 seconds
[2025-08-17T01:15:54.807+0000] {processor.py:161} INFO - Started process (PID=1755) to work on /home/airflow/.local/lib/python3.12/site-packages/airflow/example_dags/example_dag_decorator.py
[2025-08-17T01:15:54.809+0000] {processor.py:830} INFO - Processing file /home/airflow/.local/lib/python3.12/site-packages/airflow/example_dags/example_dag_decorator.py for tasks to queue
[2025-08-17T01:15:54.812+0000] {logging_mixin.py:188} INFO - [2025-08-17T01:15:54.811+0000] {dagbag.py:545} INFO - Filling up the DagBag from /home/airflow/.local/lib/python3.12/site-packages/airflow/example_dags/example_dag_decorator.py
[2025-08-17T01:15:55.158+0000] {processor.py:840} INFO - DAG(s) 'example_dag_decorator' retrieved from /home/airflow/.local/lib/python3.12/site-packages/airflow/example_dags/example_dag_decorator.py
[2025-08-17T01:15:55.297+0000] {logging_mixin.py:188} INFO - [2025-08-17T01:15:55.297+0000] {dag.py:3089} INFO - Sync 1 DAGs
[2025-08-17T01:15:55.313+0000] {logging_mixin.py:188} INFO - [2025-08-17T01:15:55.313+0000] {dag.py:3947} INFO - Setting next_dagrun for example_dag_decorator to None, run_after=None
[2025-08-17T01:15:55.342+0000] {processor.py:183} INFO - Processing /home/airflow/.local/lib/python3.12/site-packages/airflow/example_dags/example_dag_decorator.py took 0.541 seconds
[2025-08-17T01:16:25.567+0000] {processor.py:161} INFO - Started process (PID=1816) to work on /home/airflow/.local/lib/python3.12/site-packages/airflow/example_dags/example_dag_decorator.py
[2025-08-17T01:16:25.569+0000] {processor.py:830} INFO - Processing file /home/airflow/.local/lib/python3.12/site-packages/airflow/example_dags/example_dag_decorator.py for tasks to queue
[2025-08-17T01:16:25.571+0000] {logging_mixin.py:188} INFO - [2025-08-17T01:16:25.571+0000] {dagbag.py:545} INFO - Filling up the DagBag from /home/airflow/.local/lib/python3.12/site-packages/airflow/example_dags/example_dag_decorator.py
[2025-08-17T01:16:25.840+0000] {processor.py:840} INFO - DAG(s) 'example_dag_decorator' retrieved from /home/airflow/.local/lib/python3.12/site-packages/airflow/example_dags/example_dag_decorator.py
[2025-08-17T01:16:25.931+0000] {logging_mixin.py:188} INFO - [2025-08-17T01:16:25.931+0000] {dag.py:3089} INFO - Sync 1 DAGs
[2025-08-17T01:16:25.942+0000] {logging_mixin.py:188} INFO - [2025-08-17T01:16:25.942+0000] {dag.py:3947} INFO - Setting next_dagrun for example_dag_decorator to None, run_after=None
[2025-08-17T01:16:25.962+0000] {processor.py:183} INFO - Processing /home/airflow/.local/lib/python3.12/site-packages/airflow/example_dags/example_dag_decorator.py took 0.401 seconds
[2025-08-17T01:17:36.798+0000] {processor.py:161} INFO - Started process (PID=71) to work on /home/airflow/.local/lib/python3.12/site-packages/airflow/example_dags/example_dag_decorator.py
[2025-08-17T01:17:36.800+0000] {processor.py:830} INFO - Processing file /home/airflow/.local/lib/python3.12/site-packages/airflow/example_dags/example_dag_decorator.py for tasks to queue
[2025-08-17T01:17:36.804+0000] {logging_mixin.py:188} INFO - [2025-08-17T01:17:36.803+0000] {dagbag.py:545} INFO - Filling up the DagBag from /home/airflow/.local/lib/python3.12/site-packages/airflow/example_dags/example_dag_decorator.py
[2025-08-17T01:17:37.491+0000] {processor.py:840} INFO - DAG(s) 'example_dag_decorator' retrieved from /home/airflow/.local/lib/python3.12/site-packages/airflow/example_dags/example_dag_decorator.py
[2025-08-17T01:17:37.706+0000] {logging_mixin.py:188} INFO - [2025-08-17T01:17:37.706+0000] {dag.py:3089} INFO - Sync 1 DAGs
[2025-08-17T01:17:37.726+0000] {logging_mixin.py:188} INFO - [2025-08-17T01:17:37.726+0000] {dag.py:3947} INFO - Setting next_dagrun for example_dag_decorator to None, run_after=None
[2025-08-17T01:17:37.764+0000] {processor.py:183} INFO - Processing /home/airflow/.local/lib/python3.12/site-packages/airflow/example_dags/example_dag_decorator.py took 0.997 seconds
[2025-08-17T01:18:08.035+0000] {processor.py:161} INFO - Started process (PID=131) to work on /home/airflow/.local/lib/python3.12/site-packages/airflow/example_dags/example_dag_decorator.py
[2025-08-17T01:18:08.040+0000] {processor.py:830} INFO - Processing file /home/airflow/.local/lib/python3.12/site-packages/airflow/example_dags/example_dag_decorator.py for tasks to queue
[2025-08-17T01:18:08.052+0000] {logging_mixin.py:188} INFO - [2025-08-17T01:18:08.050+0000] {dagbag.py:545} INFO - Filling up the DagBag from /home/airflow/.local/lib/python3.12/site-packages/airflow/example_dags/example_dag_decorator.py
[2025-08-17T01:18:08.270+0000] {processor.py:840} INFO - DAG(s) 'example_dag_decorator' retrieved from /home/airflow/.local/lib/python3.12/site-packages/airflow/example_dags/example_dag_decorator.py
[2025-08-17T01:18:08.454+0000] {logging_mixin.py:188} INFO - [2025-08-17T01:18:08.454+0000] {dag.py:3089} INFO - Sync 1 DAGs
[2025-08-17T01:18:08.482+0000] {logging_mixin.py:188} INFO - [2025-08-17T01:18:08.482+0000] {dag.py:3947} INFO - Setting next_dagrun for example_dag_decorator to None, run_after=None
[2025-08-17T01:18:08.517+0000] {processor.py:183} INFO - Processing /home/airflow/.local/lib/python3.12/site-packages/airflow/example_dags/example_dag_decorator.py took 0.516 seconds
[2025-08-17T01:18:38.642+0000] {processor.py:161} INFO - Started process (PID=190) to work on /home/airflow/.local/lib/python3.12/site-packages/airflow/example_dags/example_dag_decorator.py
[2025-08-17T01:18:38.644+0000] {processor.py:830} INFO - Processing file /home/airflow/.local/lib/python3.12/site-packages/airflow/example_dags/example_dag_decorator.py for tasks to queue
[2025-08-17T01:18:38.646+0000] {logging_mixin.py:188} INFO - [2025-08-17T01:18:38.645+0000] {dagbag.py:545} INFO - Filling up the DagBag from /home/airflow/.local/lib/python3.12/site-packages/airflow/example_dags/example_dag_decorator.py
[2025-08-17T01:18:38.761+0000] {processor.py:840} INFO - DAG(s) 'example_dag_decorator' retrieved from /home/airflow/.local/lib/python3.12/site-packages/airflow/example_dags/example_dag_decorator.py
[2025-08-17T01:18:38.860+0000] {logging_mixin.py:188} INFO - [2025-08-17T01:18:38.860+0000] {dag.py:3089} INFO - Sync 1 DAGs
[2025-08-17T01:18:38.870+0000] {logging_mixin.py:188} INFO - [2025-08-17T01:18:38.870+0000] {dag.py:3947} INFO - Setting next_dagrun for example_dag_decorator to None, run_after=None
[2025-08-17T01:18:38.891+0000] {processor.py:183} INFO - Processing /home/airflow/.local/lib/python3.12/site-packages/airflow/example_dags/example_dag_decorator.py took 0.255 seconds
[2025-08-17T01:19:08.947+0000] {processor.py:161} INFO - Started process (PID=250) to work on /home/airflow/.local/lib/python3.12/site-packages/airflow/example_dags/example_dag_decorator.py
[2025-08-17T01:19:08.948+0000] {processor.py:830} INFO - Processing file /home/airflow/.local/lib/python3.12/site-packages/airflow/example_dags/example_dag_decorator.py for tasks to queue
[2025-08-17T01:19:08.951+0000] {logging_mixin.py:188} INFO - [2025-08-17T01:19:08.950+0000] {dagbag.py:545} INFO - Filling up the DagBag from /home/airflow/.local/lib/python3.12/site-packages/airflow/example_dags/example_dag_decorator.py
[2025-08-17T01:19:09.066+0000] {processor.py:840} INFO - DAG(s) 'example_dag_decorator' retrieved from /home/airflow/.local/lib/python3.12/site-packages/airflow/example_dags/example_dag_decorator.py
[2025-08-17T01:19:09.186+0000] {logging_mixin.py:188} INFO - [2025-08-17T01:19:09.186+0000] {dag.py:3089} INFO - Sync 1 DAGs
[2025-08-17T01:19:09.199+0000] {logging_mixin.py:188} INFO - [2025-08-17T01:19:09.198+0000] {dag.py:3947} INFO - Setting next_dagrun for example_dag_decorator to None, run_after=None
[2025-08-17T01:19:09.226+0000] {processor.py:183} INFO - Processing /home/airflow/.local/lib/python3.12/site-packages/airflow/example_dags/example_dag_decorator.py took 0.286 seconds
[2025-08-17T01:19:39.305+0000] {processor.py:161} INFO - Started process (PID=310) to work on /home/airflow/.local/lib/python3.12/site-packages/airflow/example_dags/example_dag_decorator.py
[2025-08-17T01:19:39.307+0000] {processor.py:830} INFO - Processing file /home/airflow/.local/lib/python3.12/site-packages/airflow/example_dags/example_dag_decorator.py for tasks to queue
[2025-08-17T01:19:39.309+0000] {logging_mixin.py:188} INFO - [2025-08-17T01:19:39.309+0000] {dagbag.py:545} INFO - Filling up the DagBag from /home/airflow/.local/lib/python3.12/site-packages/airflow/example_dags/example_dag_decorator.py
[2025-08-17T01:19:39.403+0000] {processor.py:840} INFO - DAG(s) 'example_dag_decorator' retrieved from /home/airflow/.local/lib/python3.12/site-packages/airflow/example_dags/example_dag_decorator.py
[2025-08-17T01:19:39.502+0000] {logging_mixin.py:188} INFO - [2025-08-17T01:19:39.502+0000] {dag.py:3089} INFO - Sync 1 DAGs
[2025-08-17T01:19:39.512+0000] {logging_mixin.py:188} INFO - [2025-08-17T01:19:39.512+0000] {dag.py:3947} INFO - Setting next_dagrun for example_dag_decorator to None, run_after=None
[2025-08-17T01:19:39.532+0000] {processor.py:183} INFO - Processing /home/airflow/.local/lib/python3.12/site-packages/airflow/example_dags/example_dag_decorator.py took 0.232 seconds
[2025-08-17T01:20:09.601+0000] {processor.py:161} INFO - Started process (PID=370) to work on /home/airflow/.local/lib/python3.12/site-packages/airflow/example_dags/example_dag_decorator.py
[2025-08-17T01:20:09.602+0000] {processor.py:830} INFO - Processing file /home/airflow/.local/lib/python3.12/site-packages/airflow/example_dags/example_dag_decorator.py for tasks to queue
[2025-08-17T01:20:09.605+0000] {logging_mixin.py:188} INFO - [2025-08-17T01:20:09.604+0000] {dagbag.py:545} INFO - Filling up the DagBag from /home/airflow/.local/lib/python3.12/site-packages/airflow/example_dags/example_dag_decorator.py
[2025-08-17T01:20:09.707+0000] {processor.py:840} INFO - DAG(s) 'example_dag_decorator' retrieved from /home/airflow/.local/lib/python3.12/site-packages/airflow/example_dags/example_dag_decorator.py
[2025-08-17T01:20:09.816+0000] {logging_mixin.py:188} INFO - [2025-08-17T01:20:09.816+0000] {dag.py:3089} INFO - Sync 1 DAGs
[2025-08-17T01:20:09.827+0000] {logging_mixin.py:188} INFO - [2025-08-17T01:20:09.827+0000] {dag.py:3947} INFO - Setting next_dagrun for example_dag_decorator to None, run_after=None
[2025-08-17T01:20:09.846+0000] {processor.py:183} INFO - Processing /home/airflow/.local/lib/python3.12/site-packages/airflow/example_dags/example_dag_decorator.py took 0.251 seconds
[2025-08-17T01:20:39.933+0000] {processor.py:161} INFO - Started process (PID=432) to work on /home/airflow/.local/lib/python3.12/site-packages/airflow/example_dags/example_dag_decorator.py
[2025-08-17T01:20:39.934+0000] {processor.py:830} INFO - Processing file /home/airflow/.local/lib/python3.12/site-packages/airflow/example_dags/example_dag_decorator.py for tasks to queue
[2025-08-17T01:20:39.937+0000] {logging_mixin.py:188} INFO - [2025-08-17T01:20:39.936+0000] {dagbag.py:545} INFO - Filling up the DagBag from /home/airflow/.local/lib/python3.12/site-packages/airflow/example_dags/example_dag_decorator.py
[2025-08-17T01:20:40.032+0000] {processor.py:840} INFO - DAG(s) 'example_dag_decorator' retrieved from /home/airflow/.local/lib/python3.12/site-packages/airflow/example_dags/example_dag_decorator.py
[2025-08-17T01:20:40.059+0000] {logging_mixin.py:188} INFO - [2025-08-17T01:20:40.059+0000] {dag.py:3089} INFO - Sync 1 DAGs
[2025-08-17T01:20:40.072+0000] {logging_mixin.py:188} INFO - [2025-08-17T01:20:40.072+0000] {dag.py:3947} INFO - Setting next_dagrun for example_dag_decorator to None, run_after=None
[2025-08-17T01:20:40.091+0000] {processor.py:183} INFO - Processing /home/airflow/.local/lib/python3.12/site-packages/airflow/example_dags/example_dag_decorator.py took 0.164 seconds
[2025-08-17T01:21:10.673+0000] {processor.py:161} INFO - Started process (PID=498) to work on /home/airflow/.local/lib/python3.12/site-packages/airflow/example_dags/example_dag_decorator.py
[2025-08-17T01:21:10.675+0000] {processor.py:830} INFO - Processing file /home/airflow/.local/lib/python3.12/site-packages/airflow/example_dags/example_dag_decorator.py for tasks to queue
[2025-08-17T01:21:10.677+0000] {logging_mixin.py:188} INFO - [2025-08-17T01:21:10.676+0000] {dagbag.py:545} INFO - Filling up the DagBag from /home/airflow/.local/lib/python3.12/site-packages/airflow/example_dags/example_dag_decorator.py
[2025-08-17T01:21:10.779+0000] {processor.py:840} INFO - DAG(s) 'example_dag_decorator' retrieved from /home/airflow/.local/lib/python3.12/site-packages/airflow/example_dags/example_dag_decorator.py
[2025-08-17T01:21:10.881+0000] {logging_mixin.py:188} INFO - [2025-08-17T01:21:10.881+0000] {dag.py:3089} INFO - Sync 1 DAGs
[2025-08-17T01:21:10.892+0000] {logging_mixin.py:188} INFO - [2025-08-17T01:21:10.892+0000] {dag.py:3947} INFO - Setting next_dagrun for example_dag_decorator to None, run_after=None
[2025-08-17T01:21:10.910+0000] {processor.py:183} INFO - Processing /home/airflow/.local/lib/python3.12/site-packages/airflow/example_dags/example_dag_decorator.py took 0.242 seconds
[2025-08-17T01:21:41.067+0000] {processor.py:161} INFO - Started process (PID=557) to work on /home/airflow/.local/lib/python3.12/site-packages/airflow/example_dags/example_dag_decorator.py
[2025-08-17T01:21:41.068+0000] {processor.py:830} INFO - Processing file /home/airflow/.local/lib/python3.12/site-packages/airflow/example_dags/example_dag_decorator.py for tasks to queue
[2025-08-17T01:21:41.070+0000] {logging_mixin.py:188} INFO - [2025-08-17T01:21:41.070+0000] {dagbag.py:545} INFO - Filling up the DagBag from /home/airflow/.local/lib/python3.12/site-packages/airflow/example_dags/example_dag_decorator.py
[2025-08-17T01:21:41.175+0000] {processor.py:840} INFO - DAG(s) 'example_dag_decorator' retrieved from /home/airflow/.local/lib/python3.12/site-packages/airflow/example_dags/example_dag_decorator.py
[2025-08-17T01:21:41.286+0000] {logging_mixin.py:188} INFO - [2025-08-17T01:21:41.286+0000] {dag.py:3089} INFO - Sync 1 DAGs
[2025-08-17T01:21:41.299+0000] {logging_mixin.py:188} INFO - [2025-08-17T01:21:41.299+0000] {dag.py:3947} INFO - Setting next_dagrun for example_dag_decorator to None, run_after=None
[2025-08-17T01:21:41.502+0000] {processor.py:183} INFO - Processing /home/airflow/.local/lib/python3.12/site-packages/airflow/example_dags/example_dag_decorator.py took 0.441 seconds
[2025-08-17T01:22:11.602+0000] {processor.py:161} INFO - Started process (PID=618) to work on /home/airflow/.local/lib/python3.12/site-packages/airflow/example_dags/example_dag_decorator.py
[2025-08-17T01:22:11.603+0000] {processor.py:830} INFO - Processing file /home/airflow/.local/lib/python3.12/site-packages/airflow/example_dags/example_dag_decorator.py for tasks to queue
[2025-08-17T01:22:11.606+0000] {logging_mixin.py:188} INFO - [2025-08-17T01:22:11.605+0000] {dagbag.py:545} INFO - Filling up the DagBag from /home/airflow/.local/lib/python3.12/site-packages/airflow/example_dags/example_dag_decorator.py
[2025-08-17T01:22:11.707+0000] {processor.py:840} INFO - DAG(s) 'example_dag_decorator' retrieved from /home/airflow/.local/lib/python3.12/site-packages/airflow/example_dags/example_dag_decorator.py
[2025-08-17T01:22:11.817+0000] {logging_mixin.py:188} INFO - [2025-08-17T01:22:11.817+0000] {dag.py:3089} INFO - Sync 1 DAGs
[2025-08-17T01:22:11.829+0000] {logging_mixin.py:188} INFO - [2025-08-17T01:22:11.828+0000] {dag.py:3947} INFO - Setting next_dagrun for example_dag_decorator to None, run_after=None
[2025-08-17T01:22:11.851+0000] {processor.py:183} INFO - Processing /home/airflow/.local/lib/python3.12/site-packages/airflow/example_dags/example_dag_decorator.py took 0.255 seconds
[2025-08-17T01:22:42.442+0000] {processor.py:161} INFO - Started process (PID=675) to work on /home/airflow/.local/lib/python3.12/site-packages/airflow/example_dags/example_dag_decorator.py
[2025-08-17T01:22:42.444+0000] {processor.py:830} INFO - Processing file /home/airflow/.local/lib/python3.12/site-packages/airflow/example_dags/example_dag_decorator.py for tasks to queue
[2025-08-17T01:22:42.447+0000] {logging_mixin.py:188} INFO - [2025-08-17T01:22:42.446+0000] {dagbag.py:545} INFO - Filling up the DagBag from /home/airflow/.local/lib/python3.12/site-packages/airflow/example_dags/example_dag_decorator.py
[2025-08-17T01:22:42.558+0000] {processor.py:840} INFO - DAG(s) 'example_dag_decorator' retrieved from /home/airflow/.local/lib/python3.12/site-packages/airflow/example_dags/example_dag_decorator.py
[2025-08-17T01:22:42.674+0000] {logging_mixin.py:188} INFO - [2025-08-17T01:22:42.673+0000] {dag.py:3089} INFO - Sync 1 DAGs
[2025-08-17T01:22:42.685+0000] {logging_mixin.py:188} INFO - [2025-08-17T01:22:42.685+0000] {dag.py:3947} INFO - Setting next_dagrun for example_dag_decorator to None, run_after=None
[2025-08-17T01:22:42.705+0000] {processor.py:183} INFO - Processing /home/airflow/.local/lib/python3.12/site-packages/airflow/example_dags/example_dag_decorator.py took 0.269 seconds
[2025-08-17T01:23:12.791+0000] {processor.py:161} INFO - Started process (PID=734) to work on /home/airflow/.local/lib/python3.12/site-packages/airflow/example_dags/example_dag_decorator.py
[2025-08-17T01:23:12.793+0000] {processor.py:830} INFO - Processing file /home/airflow/.local/lib/python3.12/site-packages/airflow/example_dags/example_dag_decorator.py for tasks to queue
[2025-08-17T01:23:12.796+0000] {logging_mixin.py:188} INFO - [2025-08-17T01:23:12.795+0000] {dagbag.py:545} INFO - Filling up the DagBag from /home/airflow/.local/lib/python3.12/site-packages/airflow/example_dags/example_dag_decorator.py
[2025-08-17T01:23:12.905+0000] {processor.py:840} INFO - DAG(s) 'example_dag_decorator' retrieved from /home/airflow/.local/lib/python3.12/site-packages/airflow/example_dags/example_dag_decorator.py
[2025-08-17T01:23:13.011+0000] {logging_mixin.py:188} INFO - [2025-08-17T01:23:13.011+0000] {dag.py:3089} INFO - Sync 1 DAGs
[2025-08-17T01:23:13.022+0000] {logging_mixin.py:188} INFO - [2025-08-17T01:23:13.022+0000] {dag.py:3947} INFO - Setting next_dagrun for example_dag_decorator to None, run_after=None
[2025-08-17T01:23:13.042+0000] {processor.py:183} INFO - Processing /home/airflow/.local/lib/python3.12/site-packages/airflow/example_dags/example_dag_decorator.py took 0.257 seconds
[2025-08-17T01:23:43.594+0000] {processor.py:161} INFO - Started process (PID=793) to work on /home/airflow/.local/lib/python3.12/site-packages/airflow/example_dags/example_dag_decorator.py
[2025-08-17T01:23:43.596+0000] {processor.py:830} INFO - Processing file /home/airflow/.local/lib/python3.12/site-packages/airflow/example_dags/example_dag_decorator.py for tasks to queue
[2025-08-17T01:23:43.598+0000] {logging_mixin.py:188} INFO - [2025-08-17T01:23:43.598+0000] {dagbag.py:545} INFO - Filling up the DagBag from /home/airflow/.local/lib/python3.12/site-packages/airflow/example_dags/example_dag_decorator.py
[2025-08-17T01:23:43.710+0000] {processor.py:840} INFO - DAG(s) 'example_dag_decorator' retrieved from /home/airflow/.local/lib/python3.12/site-packages/airflow/example_dags/example_dag_decorator.py
[2025-08-17T01:23:44.005+0000] {logging_mixin.py:188} INFO - [2025-08-17T01:23:44.005+0000] {dag.py:3089} INFO - Sync 1 DAGs
[2025-08-17T01:23:44.015+0000] {logging_mixin.py:188} INFO - [2025-08-17T01:23:44.014+0000] {dag.py:3947} INFO - Setting next_dagrun for example_dag_decorator to None, run_after=None
[2025-08-17T01:23:44.034+0000] {processor.py:183} INFO - Processing /home/airflow/.local/lib/python3.12/site-packages/airflow/example_dags/example_dag_decorator.py took 0.446 seconds
[2025-08-17T01:24:14.269+0000] {processor.py:161} INFO - Started process (PID=855) to work on /home/airflow/.local/lib/python3.12/site-packages/airflow/example_dags/example_dag_decorator.py
[2025-08-17T01:24:14.270+0000] {processor.py:830} INFO - Processing file /home/airflow/.local/lib/python3.12/site-packages/airflow/example_dags/example_dag_decorator.py for tasks to queue
[2025-08-17T01:24:14.273+0000] {logging_mixin.py:188} INFO - [2025-08-17T01:24:14.272+0000] {dagbag.py:545} INFO - Filling up the DagBag from /home/airflow/.local/lib/python3.12/site-packages/airflow/example_dags/example_dag_decorator.py
[2025-08-17T01:24:14.381+0000] {processor.py:840} INFO - DAG(s) 'example_dag_decorator' retrieved from /home/airflow/.local/lib/python3.12/site-packages/airflow/example_dags/example_dag_decorator.py
[2025-08-17T01:24:14.681+0000] {logging_mixin.py:188} INFO - [2025-08-17T01:24:14.681+0000] {dag.py:3089} INFO - Sync 1 DAGs
[2025-08-17T01:24:14.692+0000] {logging_mixin.py:188} INFO - [2025-08-17T01:24:14.691+0000] {dag.py:3947} INFO - Setting next_dagrun for example_dag_decorator to None, run_after=None
[2025-08-17T01:24:14.714+0000] {processor.py:183} INFO - Processing /home/airflow/.local/lib/python3.12/site-packages/airflow/example_dags/example_dag_decorator.py took 0.451 seconds
[2025-08-17T01:24:44.879+0000] {processor.py:161} INFO - Started process (PID=917) to work on /home/airflow/.local/lib/python3.12/site-packages/airflow/example_dags/example_dag_decorator.py
[2025-08-17T01:24:44.881+0000] {processor.py:830} INFO - Processing file /home/airflow/.local/lib/python3.12/site-packages/airflow/example_dags/example_dag_decorator.py for tasks to queue
[2025-08-17T01:24:44.884+0000] {logging_mixin.py:188} INFO - [2025-08-17T01:24:44.883+0000] {dagbag.py:545} INFO - Filling up the DagBag from /home/airflow/.local/lib/python3.12/site-packages/airflow/example_dags/example_dag_decorator.py
[2025-08-17T01:24:45.014+0000] {processor.py:840} INFO - DAG(s) 'example_dag_decorator' retrieved from /home/airflow/.local/lib/python3.12/site-packages/airflow/example_dags/example_dag_decorator.py
[2025-08-17T01:24:45.353+0000] {logging_mixin.py:188} INFO - [2025-08-17T01:24:45.353+0000] {dag.py:3089} INFO - Sync 1 DAGs
[2025-08-17T01:24:45.367+0000] {logging_mixin.py:188} INFO - [2025-08-17T01:24:45.366+0000] {dag.py:3947} INFO - Setting next_dagrun for example_dag_decorator to None, run_after=None
[2025-08-17T01:24:45.392+0000] {processor.py:183} INFO - Processing /home/airflow/.local/lib/python3.12/site-packages/airflow/example_dags/example_dag_decorator.py took 0.520 seconds
[2025-08-17T01:25:15.549+0000] {processor.py:161} INFO - Started process (PID=979) to work on /home/airflow/.local/lib/python3.12/site-packages/airflow/example_dags/example_dag_decorator.py
[2025-08-17T01:25:15.550+0000] {processor.py:830} INFO - Processing file /home/airflow/.local/lib/python3.12/site-packages/airflow/example_dags/example_dag_decorator.py for tasks to queue
[2025-08-17T01:25:15.552+0000] {logging_mixin.py:188} INFO - [2025-08-17T01:25:15.551+0000] {dagbag.py:545} INFO - Filling up the DagBag from /home/airflow/.local/lib/python3.12/site-packages/airflow/example_dags/example_dag_decorator.py
[2025-08-17T01:25:15.640+0000] {processor.py:840} INFO - DAG(s) 'example_dag_decorator' retrieved from /home/airflow/.local/lib/python3.12/site-packages/airflow/example_dags/example_dag_decorator.py
[2025-08-17T01:25:15.739+0000] {logging_mixin.py:188} INFO - [2025-08-17T01:25:15.739+0000] {dag.py:3089} INFO - Sync 1 DAGs
[2025-08-17T01:25:15.920+0000] {logging_mixin.py:188} INFO - [2025-08-17T01:25:15.920+0000] {dag.py:3947} INFO - Setting next_dagrun for example_dag_decorator to None, run_after=None
[2025-08-17T01:25:15.940+0000] {processor.py:183} INFO - Processing /home/airflow/.local/lib/python3.12/site-packages/airflow/example_dags/example_dag_decorator.py took 0.397 seconds
[2025-08-17T01:26:38.333+0000] {processor.py:161} INFO - Started process (PID=71) to work on /home/airflow/.local/lib/python3.12/site-packages/airflow/example_dags/example_dag_decorator.py
[2025-08-17T01:26:38.335+0000] {processor.py:830} INFO - Processing file /home/airflow/.local/lib/python3.12/site-packages/airflow/example_dags/example_dag_decorator.py for tasks to queue
[2025-08-17T01:26:38.340+0000] {logging_mixin.py:188} INFO - [2025-08-17T01:26:38.339+0000] {dagbag.py:545} INFO - Filling up the DagBag from /home/airflow/.local/lib/python3.12/site-packages/airflow/example_dags/example_dag_decorator.py
[2025-08-17T01:26:38.922+0000] {processor.py:840} INFO - DAG(s) 'example_dag_decorator' retrieved from /home/airflow/.local/lib/python3.12/site-packages/airflow/example_dags/example_dag_decorator.py
[2025-08-17T01:26:39.088+0000] {logging_mixin.py:188} INFO - [2025-08-17T01:26:39.087+0000] {dag.py:3089} INFO - Sync 1 DAGs
[2025-08-17T01:26:39.103+0000] {logging_mixin.py:188} INFO - [2025-08-17T01:26:39.102+0000] {dag.py:3947} INFO - Setting next_dagrun for example_dag_decorator to None, run_after=None
[2025-08-17T01:26:39.132+0000] {processor.py:183} INFO - Processing /home/airflow/.local/lib/python3.12/site-packages/airflow/example_dags/example_dag_decorator.py took 0.814 seconds
[2025-08-17T01:27:09.551+0000] {processor.py:161} INFO - Started process (PID=133) to work on /home/airflow/.local/lib/python3.12/site-packages/airflow/example_dags/example_dag_decorator.py
[2025-08-17T01:27:09.553+0000] {processor.py:830} INFO - Processing file /home/airflow/.local/lib/python3.12/site-packages/airflow/example_dags/example_dag_decorator.py for tasks to queue
[2025-08-17T01:27:09.556+0000] {logging_mixin.py:188} INFO - [2025-08-17T01:27:09.555+0000] {dagbag.py:545} INFO - Filling up the DagBag from /home/airflow/.local/lib/python3.12/site-packages/airflow/example_dags/example_dag_decorator.py
[2025-08-17T01:27:09.702+0000] {processor.py:840} INFO - DAG(s) 'example_dag_decorator' retrieved from /home/airflow/.local/lib/python3.12/site-packages/airflow/example_dags/example_dag_decorator.py
[2025-08-17T01:27:09.721+0000] {logging_mixin.py:188} INFO - [2025-08-17T01:27:09.721+0000] {dag.py:3089} INFO - Sync 1 DAGs
[2025-08-17T01:27:09.738+0000] {logging_mixin.py:188} INFO - [2025-08-17T01:27:09.738+0000] {dag.py:3947} INFO - Setting next_dagrun for example_dag_decorator to None, run_after=None
[2025-08-17T01:27:09.761+0000] {processor.py:183} INFO - Processing /home/airflow/.local/lib/python3.12/site-packages/airflow/example_dags/example_dag_decorator.py took 0.217 seconds
[2025-08-17T01:27:40.236+0000] {processor.py:161} INFO - Started process (PID=189) to work on /home/airflow/.local/lib/python3.12/site-packages/airflow/example_dags/example_dag_decorator.py
[2025-08-17T01:27:40.238+0000] {processor.py:830} INFO - Processing file /home/airflow/.local/lib/python3.12/site-packages/airflow/example_dags/example_dag_decorator.py for tasks to queue
[2025-08-17T01:27:40.239+0000] {logging_mixin.py:188} INFO - [2025-08-17T01:27:40.239+0000] {dagbag.py:545} INFO - Filling up the DagBag from /home/airflow/.local/lib/python3.12/site-packages/airflow/example_dags/example_dag_decorator.py
[2025-08-17T01:27:40.338+0000] {processor.py:840} INFO - DAG(s) 'example_dag_decorator' retrieved from /home/airflow/.local/lib/python3.12/site-packages/airflow/example_dags/example_dag_decorator.py
[2025-08-17T01:27:40.466+0000] {logging_mixin.py:188} INFO - [2025-08-17T01:27:40.466+0000] {dag.py:3089} INFO - Sync 1 DAGs
[2025-08-17T01:27:40.479+0000] {logging_mixin.py:188} INFO - [2025-08-17T01:27:40.479+0000] {dag.py:3947} INFO - Setting next_dagrun for example_dag_decorator to None, run_after=None
[2025-08-17T01:27:40.503+0000] {processor.py:183} INFO - Processing /home/airflow/.local/lib/python3.12/site-packages/airflow/example_dags/example_dag_decorator.py took 0.273 seconds
[2025-08-17T01:28:10.740+0000] {processor.py:161} INFO - Started process (PID=248) to work on /home/airflow/.local/lib/python3.12/site-packages/airflow/example_dags/example_dag_decorator.py
[2025-08-17T01:28:10.741+0000] {processor.py:830} INFO - Processing file /home/airflow/.local/lib/python3.12/site-packages/airflow/example_dags/example_dag_decorator.py for tasks to queue
[2025-08-17T01:28:10.745+0000] {logging_mixin.py:188} INFO - [2025-08-17T01:28:10.744+0000] {dagbag.py:545} INFO - Filling up the DagBag from /home/airflow/.local/lib/python3.12/site-packages/airflow/example_dags/example_dag_decorator.py
[2025-08-17T01:28:10.894+0000] {processor.py:840} INFO - DAG(s) 'example_dag_decorator' retrieved from /home/airflow/.local/lib/python3.12/site-packages/airflow/example_dags/example_dag_decorator.py
[2025-08-17T01:28:11.080+0000] {logging_mixin.py:188} INFO - [2025-08-17T01:28:11.079+0000] {dag.py:3089} INFO - Sync 1 DAGs
[2025-08-17T01:28:11.115+0000] {logging_mixin.py:188} INFO - [2025-08-17T01:28:11.115+0000] {dag.py:3947} INFO - Setting next_dagrun for example_dag_decorator to None, run_after=None
[2025-08-17T01:28:11.158+0000] {processor.py:183} INFO - Processing /home/airflow/.local/lib/python3.12/site-packages/airflow/example_dags/example_dag_decorator.py took 0.428 seconds
[2025-08-17T01:28:41.260+0000] {processor.py:161} INFO - Started process (PID=314) to work on /home/airflow/.local/lib/python3.12/site-packages/airflow/example_dags/example_dag_decorator.py
[2025-08-17T01:28:41.262+0000] {processor.py:830} INFO - Processing file /home/airflow/.local/lib/python3.12/site-packages/airflow/example_dags/example_dag_decorator.py for tasks to queue
[2025-08-17T01:28:41.265+0000] {logging_mixin.py:188} INFO - [2025-08-17T01:28:41.264+0000] {dagbag.py:545} INFO - Filling up the DagBag from /home/airflow/.local/lib/python3.12/site-packages/airflow/example_dags/example_dag_decorator.py
[2025-08-17T01:28:41.366+0000] {processor.py:840} INFO - DAG(s) 'example_dag_decorator' retrieved from /home/airflow/.local/lib/python3.12/site-packages/airflow/example_dags/example_dag_decorator.py
[2025-08-17T01:28:41.488+0000] {logging_mixin.py:188} INFO - [2025-08-17T01:28:41.487+0000] {dag.py:3089} INFO - Sync 1 DAGs
[2025-08-17T01:28:41.502+0000] {logging_mixin.py:188} INFO - [2025-08-17T01:28:41.502+0000] {dag.py:3947} INFO - Setting next_dagrun for example_dag_decorator to None, run_after=None
[2025-08-17T01:28:41.530+0000] {processor.py:183} INFO - Processing /home/airflow/.local/lib/python3.12/site-packages/airflow/example_dags/example_dag_decorator.py took 0.276 seconds
[2025-08-17T01:29:11.666+0000] {processor.py:161} INFO - Started process (PID=374) to work on /home/airflow/.local/lib/python3.12/site-packages/airflow/example_dags/example_dag_decorator.py
[2025-08-17T01:29:11.668+0000] {processor.py:830} INFO - Processing file /home/airflow/.local/lib/python3.12/site-packages/airflow/example_dags/example_dag_decorator.py for tasks to queue
[2025-08-17T01:29:11.670+0000] {logging_mixin.py:188} INFO - [2025-08-17T01:29:11.670+0000] {dagbag.py:545} INFO - Filling up the DagBag from /home/airflow/.local/lib/python3.12/site-packages/airflow/example_dags/example_dag_decorator.py
[2025-08-17T01:29:11.768+0000] {processor.py:840} INFO - DAG(s) 'example_dag_decorator' retrieved from /home/airflow/.local/lib/python3.12/site-packages/airflow/example_dags/example_dag_decorator.py
[2025-08-17T01:29:11.865+0000] {logging_mixin.py:188} INFO - [2025-08-17T01:29:11.865+0000] {dag.py:3089} INFO - Sync 1 DAGs
[2025-08-17T01:29:11.876+0000] {logging_mixin.py:188} INFO - [2025-08-17T01:29:11.876+0000] {dag.py:3947} INFO - Setting next_dagrun for example_dag_decorator to None, run_after=None
[2025-08-17T01:29:11.896+0000] {processor.py:183} INFO - Processing /home/airflow/.local/lib/python3.12/site-packages/airflow/example_dags/example_dag_decorator.py took 0.235 seconds
[2025-08-17T01:29:42.153+0000] {processor.py:161} INFO - Started process (PID=433) to work on /home/airflow/.local/lib/python3.12/site-packages/airflow/example_dags/example_dag_decorator.py
[2025-08-17T01:29:42.154+0000] {processor.py:830} INFO - Processing file /home/airflow/.local/lib/python3.12/site-packages/airflow/example_dags/example_dag_decorator.py for tasks to queue
[2025-08-17T01:29:42.157+0000] {logging_mixin.py:188} INFO - [2025-08-17T01:29:42.156+0000] {dagbag.py:545} INFO - Filling up the DagBag from /home/airflow/.local/lib/python3.12/site-packages/airflow/example_dags/example_dag_decorator.py
[2025-08-17T01:29:42.274+0000] {processor.py:840} INFO - DAG(s) 'example_dag_decorator' retrieved from /home/airflow/.local/lib/python3.12/site-packages/airflow/example_dags/example_dag_decorator.py
[2025-08-17T01:29:42.390+0000] {logging_mixin.py:188} INFO - [2025-08-17T01:29:42.389+0000] {dag.py:3089} INFO - Sync 1 DAGs
[2025-08-17T01:29:42.401+0000] {logging_mixin.py:188} INFO - [2025-08-17T01:29:42.401+0000] {dag.py:3947} INFO - Setting next_dagrun for example_dag_decorator to None, run_after=None
[2025-08-17T01:29:42.420+0000] {processor.py:183} INFO - Processing /home/airflow/.local/lib/python3.12/site-packages/airflow/example_dags/example_dag_decorator.py took 0.276 seconds
[2025-08-17T01:30:12.794+0000] {processor.py:161} INFO - Started process (PID=492) to work on /home/airflow/.local/lib/python3.12/site-packages/airflow/example_dags/example_dag_decorator.py
[2025-08-17T01:30:12.795+0000] {processor.py:830} INFO - Processing file /home/airflow/.local/lib/python3.12/site-packages/airflow/example_dags/example_dag_decorator.py for tasks to queue
[2025-08-17T01:30:12.798+0000] {logging_mixin.py:188} INFO - [2025-08-17T01:30:12.797+0000] {dagbag.py:545} INFO - Filling up the DagBag from /home/airflow/.local/lib/python3.12/site-packages/airflow/example_dags/example_dag_decorator.py
[2025-08-17T01:30:12.903+0000] {processor.py:840} INFO - DAG(s) 'example_dag_decorator' retrieved from /home/airflow/.local/lib/python3.12/site-packages/airflow/example_dags/example_dag_decorator.py
[2025-08-17T01:30:13.000+0000] {logging_mixin.py:188} INFO - [2025-08-17T01:30:13.000+0000] {dag.py:3089} INFO - Sync 1 DAGs
[2025-08-17T01:30:13.011+0000] {logging_mixin.py:188} INFO - [2025-08-17T01:30:13.011+0000] {dag.py:3947} INFO - Setting next_dagrun for example_dag_decorator to None, run_after=None
[2025-08-17T01:30:13.030+0000] {processor.py:183} INFO - Processing /home/airflow/.local/lib/python3.12/site-packages/airflow/example_dags/example_dag_decorator.py took 0.242 seconds
[2025-08-17T01:30:43.246+0000] {processor.py:161} INFO - Started process (PID=551) to work on /home/airflow/.local/lib/python3.12/site-packages/airflow/example_dags/example_dag_decorator.py
[2025-08-17T01:30:43.247+0000] {processor.py:830} INFO - Processing file /home/airflow/.local/lib/python3.12/site-packages/airflow/example_dags/example_dag_decorator.py for tasks to queue
[2025-08-17T01:30:43.249+0000] {logging_mixin.py:188} INFO - [2025-08-17T01:30:43.249+0000] {dagbag.py:545} INFO - Filling up the DagBag from /home/airflow/.local/lib/python3.12/site-packages/airflow/example_dags/example_dag_decorator.py
[2025-08-17T01:30:43.359+0000] {processor.py:840} INFO - DAG(s) 'example_dag_decorator' retrieved from /home/airflow/.local/lib/python3.12/site-packages/airflow/example_dags/example_dag_decorator.py
[2025-08-17T01:30:43.465+0000] {logging_mixin.py:188} INFO - [2025-08-17T01:30:43.465+0000] {dag.py:3089} INFO - Sync 1 DAGs
[2025-08-17T01:30:43.476+0000] {logging_mixin.py:188} INFO - [2025-08-17T01:30:43.476+0000] {dag.py:3947} INFO - Setting next_dagrun for example_dag_decorator to None, run_after=None
[2025-08-17T01:30:43.495+0000] {processor.py:183} INFO - Processing /home/airflow/.local/lib/python3.12/site-packages/airflow/example_dags/example_dag_decorator.py took 0.256 seconds
[2025-08-17T01:31:13.709+0000] {processor.py:161} INFO - Started process (PID=610) to work on /home/airflow/.local/lib/python3.12/site-packages/airflow/example_dags/example_dag_decorator.py
[2025-08-17T01:31:13.710+0000] {processor.py:830} INFO - Processing file /home/airflow/.local/lib/python3.12/site-packages/airflow/example_dags/example_dag_decorator.py for tasks to queue
[2025-08-17T01:31:13.712+0000] {logging_mixin.py:188} INFO - [2025-08-17T01:31:13.712+0000] {dagbag.py:545} INFO - Filling up the DagBag from /home/airflow/.local/lib/python3.12/site-packages/airflow/example_dags/example_dag_decorator.py
[2025-08-17T01:31:13.819+0000] {processor.py:840} INFO - DAG(s) 'example_dag_decorator' retrieved from /home/airflow/.local/lib/python3.12/site-packages/airflow/example_dags/example_dag_decorator.py
[2025-08-17T01:31:13.931+0000] {logging_mixin.py:188} INFO - [2025-08-17T01:31:13.931+0000] {dag.py:3089} INFO - Sync 1 DAGs
[2025-08-17T01:31:13.943+0000] {logging_mixin.py:188} INFO - [2025-08-17T01:31:13.943+0000] {dag.py:3947} INFO - Setting next_dagrun for example_dag_decorator to None, run_after=None
[2025-08-17T01:31:13.965+0000] {processor.py:183} INFO - Processing /home/airflow/.local/lib/python3.12/site-packages/airflow/example_dags/example_dag_decorator.py took 0.263 seconds
[2025-08-17T01:31:44.474+0000] {processor.py:161} INFO - Started process (PID=673) to work on /home/airflow/.local/lib/python3.12/site-packages/airflow/example_dags/example_dag_decorator.py
[2025-08-17T01:31:44.475+0000] {processor.py:830} INFO - Processing file /home/airflow/.local/lib/python3.12/site-packages/airflow/example_dags/example_dag_decorator.py for tasks to queue
[2025-08-17T01:31:44.478+0000] {logging_mixin.py:188} INFO - [2025-08-17T01:31:44.478+0000] {dagbag.py:545} INFO - Filling up the DagBag from /home/airflow/.local/lib/python3.12/site-packages/airflow/example_dags/example_dag_decorator.py
[2025-08-17T01:31:44.608+0000] {processor.py:840} INFO - DAG(s) 'example_dag_decorator' retrieved from /home/airflow/.local/lib/python3.12/site-packages/airflow/example_dags/example_dag_decorator.py
[2025-08-17T01:31:44.746+0000] {logging_mixin.py:188} INFO - [2025-08-17T01:31:44.745+0000] {dag.py:3089} INFO - Sync 1 DAGs
[2025-08-17T01:31:44.758+0000] {logging_mixin.py:188} INFO - [2025-08-17T01:31:44.758+0000] {dag.py:3947} INFO - Setting next_dagrun for example_dag_decorator to None, run_after=None
[2025-08-17T01:31:44.783+0000] {processor.py:183} INFO - Processing /home/airflow/.local/lib/python3.12/site-packages/airflow/example_dags/example_dag_decorator.py took 0.318 seconds
