[2025-08-17T00:53:33.328+0000] {processor.py:161} INFO - Started process (PID=75) to work on /home/airflow/.local/lib/python3.12/site-packages/airflow/example_dags/tutorial_dag.py
[2025-08-17T00:53:33.330+0000] {processor.py:830} INFO - Processing file /home/airflow/.local/lib/python3.12/site-packages/airflow/example_dags/tutorial_dag.py for tasks to queue
[2025-08-17T00:53:33.332+0000] {logging_mixin.py:188} INFO - [2025-08-17T00:53:33.332+0000] {dagbag.py:545} INFO - Filling up the DagBag from /home/airflow/.local/lib/python3.12/site-packages/airflow/example_dags/tutorial_dag.py
[2025-08-17T00:53:33.348+0000] {processor.py:840} INFO - DAG(s) 'tutorial_dag' retrieved from /home/airflow/.local/lib/python3.12/site-packages/airflow/example_dags/tutorial_dag.py
[2025-08-17T00:53:33.537+0000] {logging_mixin.py:188} INFO - [2025-08-17T00:53:33.537+0000] {dag.py:3089} INFO - Sync 1 DAGs
[2025-08-17T00:53:33.553+0000] {logging_mixin.py:188} INFO - [2025-08-17T00:53:33.553+0000] {dag.py:3947} INFO - Setting next_dagrun for tutorial_dag to None, run_after=None
[2025-08-17T00:53:33.590+0000] {processor.py:183} INFO - Processing /home/airflow/.local/lib/python3.12/site-packages/airflow/example_dags/tutorial_dag.py took 0.269 seconds
[2025-08-17T00:54:04.358+0000] {processor.py:161} INFO - Started process (PID=140) to work on /home/airflow/.local/lib/python3.12/site-packages/airflow/example_dags/tutorial_dag.py
[2025-08-17T00:54:04.360+0000] {processor.py:830} INFO - Processing file /home/airflow/.local/lib/python3.12/site-packages/airflow/example_dags/tutorial_dag.py for tasks to queue
[2025-08-17T00:54:04.362+0000] {logging_mixin.py:188} INFO - [2025-08-17T00:54:04.362+0000] {dagbag.py:545} INFO - Filling up the DagBag from /home/airflow/.local/lib/python3.12/site-packages/airflow/example_dags/tutorial_dag.py
[2025-08-17T00:54:04.368+0000] {processor.py:840} INFO - DAG(s) 'tutorial_dag' retrieved from /home/airflow/.local/lib/python3.12/site-packages/airflow/example_dags/tutorial_dag.py
[2025-08-17T00:54:04.392+0000] {logging_mixin.py:188} INFO - [2025-08-17T00:54:04.392+0000] {dag.py:3089} INFO - Sync 1 DAGs
[2025-08-17T00:54:04.405+0000] {logging_mixin.py:188} INFO - [2025-08-17T00:54:04.405+0000] {dag.py:3947} INFO - Setting next_dagrun for tutorial_dag to None, run_after=None
[2025-08-17T00:54:04.427+0000] {processor.py:183} INFO - Processing /home/airflow/.local/lib/python3.12/site-packages/airflow/example_dags/tutorial_dag.py took 0.077 seconds
[2025-08-17T00:54:34.687+0000] {processor.py:161} INFO - Started process (PID=198) to work on /home/airflow/.local/lib/python3.12/site-packages/airflow/example_dags/tutorial_dag.py
[2025-08-17T00:54:34.688+0000] {processor.py:830} INFO - Processing file /home/airflow/.local/lib/python3.12/site-packages/airflow/example_dags/tutorial_dag.py for tasks to queue
[2025-08-17T00:54:34.690+0000] {logging_mixin.py:188} INFO - [2025-08-17T00:54:34.690+0000] {dagbag.py:545} INFO - Filling up the DagBag from /home/airflow/.local/lib/python3.12/site-packages/airflow/example_dags/tutorial_dag.py
[2025-08-17T00:54:34.697+0000] {processor.py:840} INFO - DAG(s) 'tutorial_dag' retrieved from /home/airflow/.local/lib/python3.12/site-packages/airflow/example_dags/tutorial_dag.py
[2025-08-17T00:54:34.720+0000] {logging_mixin.py:188} INFO - [2025-08-17T00:54:34.719+0000] {dag.py:3089} INFO - Sync 1 DAGs
[2025-08-17T00:54:34.733+0000] {logging_mixin.py:188} INFO - [2025-08-17T00:54:34.733+0000] {dag.py:3947} INFO - Setting next_dagrun for tutorial_dag to None, run_after=None
[2025-08-17T00:54:34.755+0000] {processor.py:183} INFO - Processing /home/airflow/.local/lib/python3.12/site-packages/airflow/example_dags/tutorial_dag.py took 0.073 seconds
[2025-08-17T00:55:05.132+0000] {processor.py:161} INFO - Started process (PID=256) to work on /home/airflow/.local/lib/python3.12/site-packages/airflow/example_dags/tutorial_dag.py
[2025-08-17T00:55:05.133+0000] {processor.py:830} INFO - Processing file /home/airflow/.local/lib/python3.12/site-packages/airflow/example_dags/tutorial_dag.py for tasks to queue
[2025-08-17T00:55:05.135+0000] {logging_mixin.py:188} INFO - [2025-08-17T00:55:05.135+0000] {dagbag.py:545} INFO - Filling up the DagBag from /home/airflow/.local/lib/python3.12/site-packages/airflow/example_dags/tutorial_dag.py
[2025-08-17T00:55:05.142+0000] {processor.py:840} INFO - DAG(s) 'tutorial_dag' retrieved from /home/airflow/.local/lib/python3.12/site-packages/airflow/example_dags/tutorial_dag.py
[2025-08-17T00:55:05.166+0000] {logging_mixin.py:188} INFO - [2025-08-17T00:55:05.166+0000] {dag.py:3089} INFO - Sync 1 DAGs
[2025-08-17T00:55:05.179+0000] {logging_mixin.py:188} INFO - [2025-08-17T00:55:05.179+0000] {dag.py:3947} INFO - Setting next_dagrun for tutorial_dag to None, run_after=None
[2025-08-17T00:55:05.199+0000] {processor.py:183} INFO - Processing /home/airflow/.local/lib/python3.12/site-packages/airflow/example_dags/tutorial_dag.py took 0.073 seconds
[2025-08-17T00:55:35.909+0000] {processor.py:161} INFO - Started process (PID=315) to work on /home/airflow/.local/lib/python3.12/site-packages/airflow/example_dags/tutorial_dag.py
[2025-08-17T00:55:35.911+0000] {processor.py:830} INFO - Processing file /home/airflow/.local/lib/python3.12/site-packages/airflow/example_dags/tutorial_dag.py for tasks to queue
[2025-08-17T00:55:35.913+0000] {logging_mixin.py:188} INFO - [2025-08-17T00:55:35.913+0000] {dagbag.py:545} INFO - Filling up the DagBag from /home/airflow/.local/lib/python3.12/site-packages/airflow/example_dags/tutorial_dag.py
[2025-08-17T00:55:35.920+0000] {processor.py:840} INFO - DAG(s) 'tutorial_dag' retrieved from /home/airflow/.local/lib/python3.12/site-packages/airflow/example_dags/tutorial_dag.py
[2025-08-17T00:55:35.947+0000] {logging_mixin.py:188} INFO - [2025-08-17T00:55:35.947+0000] {dag.py:3089} INFO - Sync 1 DAGs
[2025-08-17T00:55:35.964+0000] {logging_mixin.py:188} INFO - [2025-08-17T00:55:35.964+0000] {dag.py:3947} INFO - Setting next_dagrun for tutorial_dag to None, run_after=None
[2025-08-17T00:55:35.989+0000] {processor.py:183} INFO - Processing /home/airflow/.local/lib/python3.12/site-packages/airflow/example_dags/tutorial_dag.py took 0.086 seconds
[2025-08-17T00:56:06.204+0000] {processor.py:161} INFO - Started process (PID=373) to work on /home/airflow/.local/lib/python3.12/site-packages/airflow/example_dags/tutorial_dag.py
[2025-08-17T00:56:06.205+0000] {processor.py:830} INFO - Processing file /home/airflow/.local/lib/python3.12/site-packages/airflow/example_dags/tutorial_dag.py for tasks to queue
[2025-08-17T00:56:06.207+0000] {logging_mixin.py:188} INFO - [2025-08-17T00:56:06.207+0000] {dagbag.py:545} INFO - Filling up the DagBag from /home/airflow/.local/lib/python3.12/site-packages/airflow/example_dags/tutorial_dag.py
[2025-08-17T00:56:06.215+0000] {processor.py:840} INFO - DAG(s) 'tutorial_dag' retrieved from /home/airflow/.local/lib/python3.12/site-packages/airflow/example_dags/tutorial_dag.py
[2025-08-17T00:56:06.240+0000] {logging_mixin.py:188} INFO - [2025-08-17T00:56:06.240+0000] {dag.py:3089} INFO - Sync 1 DAGs
[2025-08-17T00:56:06.254+0000] {logging_mixin.py:188} INFO - [2025-08-17T00:56:06.254+0000] {dag.py:3947} INFO - Setting next_dagrun for tutorial_dag to None, run_after=None
[2025-08-17T00:56:06.281+0000] {processor.py:183} INFO - Processing /home/airflow/.local/lib/python3.12/site-packages/airflow/example_dags/tutorial_dag.py took 0.083 seconds
[2025-08-17T00:56:36.438+0000] {processor.py:161} INFO - Started process (PID=431) to work on /home/airflow/.local/lib/python3.12/site-packages/airflow/example_dags/tutorial_dag.py
[2025-08-17T00:56:36.440+0000] {processor.py:830} INFO - Processing file /home/airflow/.local/lib/python3.12/site-packages/airflow/example_dags/tutorial_dag.py for tasks to queue
[2025-08-17T00:56:36.443+0000] {logging_mixin.py:188} INFO - [2025-08-17T00:56:36.442+0000] {dagbag.py:545} INFO - Filling up the DagBag from /home/airflow/.local/lib/python3.12/site-packages/airflow/example_dags/tutorial_dag.py
[2025-08-17T00:56:36.450+0000] {processor.py:840} INFO - DAG(s) 'tutorial_dag' retrieved from /home/airflow/.local/lib/python3.12/site-packages/airflow/example_dags/tutorial_dag.py
[2025-08-17T00:56:36.473+0000] {logging_mixin.py:188} INFO - [2025-08-17T00:56:36.473+0000] {dag.py:3089} INFO - Sync 1 DAGs
[2025-08-17T00:56:36.486+0000] {logging_mixin.py:188} INFO - [2025-08-17T00:56:36.486+0000] {dag.py:3947} INFO - Setting next_dagrun for tutorial_dag to None, run_after=None
[2025-08-17T00:56:36.508+0000] {processor.py:183} INFO - Processing /home/airflow/.local/lib/python3.12/site-packages/airflow/example_dags/tutorial_dag.py took 0.077 seconds
[2025-08-17T00:57:06.773+0000] {processor.py:161} INFO - Started process (PID=489) to work on /home/airflow/.local/lib/python3.12/site-packages/airflow/example_dags/tutorial_dag.py
[2025-08-17T00:57:06.775+0000] {processor.py:830} INFO - Processing file /home/airflow/.local/lib/python3.12/site-packages/airflow/example_dags/tutorial_dag.py for tasks to queue
[2025-08-17T00:57:06.777+0000] {logging_mixin.py:188} INFO - [2025-08-17T00:57:06.777+0000] {dagbag.py:545} INFO - Filling up the DagBag from /home/airflow/.local/lib/python3.12/site-packages/airflow/example_dags/tutorial_dag.py
[2025-08-17T00:57:06.783+0000] {processor.py:840} INFO - DAG(s) 'tutorial_dag' retrieved from /home/airflow/.local/lib/python3.12/site-packages/airflow/example_dags/tutorial_dag.py
[2025-08-17T00:57:06.807+0000] {logging_mixin.py:188} INFO - [2025-08-17T00:57:06.806+0000] {dag.py:3089} INFO - Sync 1 DAGs
[2025-08-17T00:57:06.820+0000] {logging_mixin.py:188} INFO - [2025-08-17T00:57:06.819+0000] {dag.py:3947} INFO - Setting next_dagrun for tutorial_dag to None, run_after=None
[2025-08-17T00:57:06.840+0000] {processor.py:183} INFO - Processing /home/airflow/.local/lib/python3.12/site-packages/airflow/example_dags/tutorial_dag.py took 0.072 seconds
[2025-08-17T00:57:37.350+0000] {processor.py:161} INFO - Started process (PID=547) to work on /home/airflow/.local/lib/python3.12/site-packages/airflow/example_dags/tutorial_dag.py
[2025-08-17T00:57:37.351+0000] {processor.py:830} INFO - Processing file /home/airflow/.local/lib/python3.12/site-packages/airflow/example_dags/tutorial_dag.py for tasks to queue
[2025-08-17T00:57:37.353+0000] {logging_mixin.py:188} INFO - [2025-08-17T00:57:37.353+0000] {dagbag.py:545} INFO - Filling up the DagBag from /home/airflow/.local/lib/python3.12/site-packages/airflow/example_dags/tutorial_dag.py
[2025-08-17T00:57:37.359+0000] {processor.py:840} INFO - DAG(s) 'tutorial_dag' retrieved from /home/airflow/.local/lib/python3.12/site-packages/airflow/example_dags/tutorial_dag.py
[2025-08-17T00:57:37.382+0000] {logging_mixin.py:188} INFO - [2025-08-17T00:57:37.382+0000] {dag.py:3089} INFO - Sync 1 DAGs
[2025-08-17T00:57:37.395+0000] {logging_mixin.py:188} INFO - [2025-08-17T00:57:37.395+0000] {dag.py:3947} INFO - Setting next_dagrun for tutorial_dag to None, run_after=None
[2025-08-17T00:57:37.416+0000] {processor.py:183} INFO - Processing /home/airflow/.local/lib/python3.12/site-packages/airflow/example_dags/tutorial_dag.py took 0.072 seconds
[2025-08-17T00:58:07.939+0000] {processor.py:161} INFO - Started process (PID=605) to work on /home/airflow/.local/lib/python3.12/site-packages/airflow/example_dags/tutorial_dag.py
[2025-08-17T00:58:07.941+0000] {processor.py:830} INFO - Processing file /home/airflow/.local/lib/python3.12/site-packages/airflow/example_dags/tutorial_dag.py for tasks to queue
[2025-08-17T00:58:07.944+0000] {logging_mixin.py:188} INFO - [2025-08-17T00:58:07.944+0000] {dagbag.py:545} INFO - Filling up the DagBag from /home/airflow/.local/lib/python3.12/site-packages/airflow/example_dags/tutorial_dag.py
[2025-08-17T00:58:07.951+0000] {processor.py:840} INFO - DAG(s) 'tutorial_dag' retrieved from /home/airflow/.local/lib/python3.12/site-packages/airflow/example_dags/tutorial_dag.py
[2025-08-17T00:58:07.977+0000] {logging_mixin.py:188} INFO - [2025-08-17T00:58:07.977+0000] {dag.py:3089} INFO - Sync 1 DAGs
[2025-08-17T00:58:07.991+0000] {logging_mixin.py:188} INFO - [2025-08-17T00:58:07.991+0000] {dag.py:3947} INFO - Setting next_dagrun for tutorial_dag to None, run_after=None
[2025-08-17T00:58:08.013+0000] {processor.py:183} INFO - Processing /home/airflow/.local/lib/python3.12/site-packages/airflow/example_dags/tutorial_dag.py took 0.081 seconds
[2025-08-17T00:58:38.728+0000] {processor.py:161} INFO - Started process (PID=664) to work on /home/airflow/.local/lib/python3.12/site-packages/airflow/example_dags/tutorial_dag.py
[2025-08-17T00:58:38.729+0000] {processor.py:830} INFO - Processing file /home/airflow/.local/lib/python3.12/site-packages/airflow/example_dags/tutorial_dag.py for tasks to queue
[2025-08-17T00:58:38.732+0000] {logging_mixin.py:188} INFO - [2025-08-17T00:58:38.731+0000] {dagbag.py:545} INFO - Filling up the DagBag from /home/airflow/.local/lib/python3.12/site-packages/airflow/example_dags/tutorial_dag.py
[2025-08-17T00:58:38.739+0000] {processor.py:840} INFO - DAG(s) 'tutorial_dag' retrieved from /home/airflow/.local/lib/python3.12/site-packages/airflow/example_dags/tutorial_dag.py
[2025-08-17T00:58:38.764+0000] {logging_mixin.py:188} INFO - [2025-08-17T00:58:38.764+0000] {dag.py:3089} INFO - Sync 1 DAGs
[2025-08-17T00:58:38.779+0000] {logging_mixin.py:188} INFO - [2025-08-17T00:58:38.778+0000] {dag.py:3947} INFO - Setting next_dagrun for tutorial_dag to None, run_after=None
[2025-08-17T00:58:38.801+0000] {processor.py:183} INFO - Processing /home/airflow/.local/lib/python3.12/site-packages/airflow/example_dags/tutorial_dag.py took 0.080 seconds
[2025-08-17T00:59:09.526+0000] {processor.py:161} INFO - Started process (PID=723) to work on /home/airflow/.local/lib/python3.12/site-packages/airflow/example_dags/tutorial_dag.py
[2025-08-17T00:59:09.527+0000] {processor.py:830} INFO - Processing file /home/airflow/.local/lib/python3.12/site-packages/airflow/example_dags/tutorial_dag.py for tasks to queue
[2025-08-17T00:59:09.529+0000] {logging_mixin.py:188} INFO - [2025-08-17T00:59:09.528+0000] {dagbag.py:545} INFO - Filling up the DagBag from /home/airflow/.local/lib/python3.12/site-packages/airflow/example_dags/tutorial_dag.py
[2025-08-17T00:59:09.534+0000] {processor.py:840} INFO - DAG(s) 'tutorial_dag' retrieved from /home/airflow/.local/lib/python3.12/site-packages/airflow/example_dags/tutorial_dag.py
[2025-08-17T00:59:09.557+0000] {logging_mixin.py:188} INFO - [2025-08-17T00:59:09.556+0000] {dag.py:3089} INFO - Sync 1 DAGs
[2025-08-17T00:59:09.571+0000] {logging_mixin.py:188} INFO - [2025-08-17T00:59:09.570+0000] {dag.py:3947} INFO - Setting next_dagrun for tutorial_dag to None, run_after=None
[2025-08-17T00:59:09.592+0000] {processor.py:183} INFO - Processing /home/airflow/.local/lib/python3.12/site-packages/airflow/example_dags/tutorial_dag.py took 0.073 seconds
[2025-08-17T01:00:10.850+0000] {processor.py:161} INFO - Started process (PID=70) to work on /home/airflow/.local/lib/python3.12/site-packages/airflow/example_dags/tutorial_dag.py
[2025-08-17T01:00:10.852+0000] {processor.py:830} INFO - Processing file /home/airflow/.local/lib/python3.12/site-packages/airflow/example_dags/tutorial_dag.py for tasks to queue
[2025-08-17T01:00:10.854+0000] {logging_mixin.py:188} INFO - [2025-08-17T01:00:10.854+0000] {dagbag.py:545} INFO - Filling up the DagBag from /home/airflow/.local/lib/python3.12/site-packages/airflow/example_dags/tutorial_dag.py
[2025-08-17T01:00:10.865+0000] {processor.py:840} INFO - DAG(s) 'tutorial_dag' retrieved from /home/airflow/.local/lib/python3.12/site-packages/airflow/example_dags/tutorial_dag.py
[2025-08-17T01:00:10.883+0000] {logging_mixin.py:188} INFO - [2025-08-17T01:00:10.882+0000] {dag.py:3089} INFO - Sync 1 DAGs
[2025-08-17T01:00:10.900+0000] {logging_mixin.py:188} INFO - [2025-08-17T01:00:10.900+0000] {dag.py:3947} INFO - Setting next_dagrun for tutorial_dag to None, run_after=None
[2025-08-17T01:00:10.932+0000] {processor.py:183} INFO - Processing /home/airflow/.local/lib/python3.12/site-packages/airflow/example_dags/tutorial_dag.py took 0.090 seconds
[2025-08-17T01:01:34.017+0000] {processor.py:161} INFO - Started process (PID=70) to work on /home/airflow/.local/lib/python3.12/site-packages/airflow/example_dags/tutorial_dag.py
[2025-08-17T01:01:34.019+0000] {processor.py:830} INFO - Processing file /home/airflow/.local/lib/python3.12/site-packages/airflow/example_dags/tutorial_dag.py for tasks to queue
[2025-08-17T01:01:34.023+0000] {logging_mixin.py:188} INFO - [2025-08-17T01:01:34.023+0000] {dagbag.py:545} INFO - Filling up the DagBag from /home/airflow/.local/lib/python3.12/site-packages/airflow/example_dags/tutorial_dag.py
[2025-08-17T01:01:34.036+0000] {processor.py:840} INFO - DAG(s) 'tutorial_dag' retrieved from /home/airflow/.local/lib/python3.12/site-packages/airflow/example_dags/tutorial_dag.py
[2025-08-17T01:01:34.056+0000] {logging_mixin.py:188} INFO - [2025-08-17T01:01:34.055+0000] {dag.py:3089} INFO - Sync 1 DAGs
[2025-08-17T01:01:34.072+0000] {logging_mixin.py:188} INFO - [2025-08-17T01:01:34.072+0000] {dag.py:3947} INFO - Setting next_dagrun for tutorial_dag to None, run_after=None
[2025-08-17T01:01:34.101+0000] {processor.py:183} INFO - Processing /home/airflow/.local/lib/python3.12/site-packages/airflow/example_dags/tutorial_dag.py took 0.093 seconds
[2025-08-17T01:02:04.674+0000] {processor.py:161} INFO - Started process (PID=129) to work on /home/airflow/.local/lib/python3.12/site-packages/airflow/example_dags/tutorial_dag.py
[2025-08-17T01:02:04.675+0000] {processor.py:830} INFO - Processing file /home/airflow/.local/lib/python3.12/site-packages/airflow/example_dags/tutorial_dag.py for tasks to queue
[2025-08-17T01:02:04.678+0000] {logging_mixin.py:188} INFO - [2025-08-17T01:02:04.677+0000] {dagbag.py:545} INFO - Filling up the DagBag from /home/airflow/.local/lib/python3.12/site-packages/airflow/example_dags/tutorial_dag.py
[2025-08-17T01:02:04.684+0000] {processor.py:840} INFO - DAG(s) 'tutorial_dag' retrieved from /home/airflow/.local/lib/python3.12/site-packages/airflow/example_dags/tutorial_dag.py
[2025-08-17T01:02:04.813+0000] {logging_mixin.py:188} INFO - [2025-08-17T01:02:04.813+0000] {dag.py:3089} INFO - Sync 1 DAGs
[2025-08-17T01:02:04.825+0000] {logging_mixin.py:188} INFO - [2025-08-17T01:02:04.824+0000] {dag.py:3947} INFO - Setting next_dagrun for tutorial_dag to None, run_after=None
[2025-08-17T01:02:04.845+0000] {processor.py:183} INFO - Processing /home/airflow/.local/lib/python3.12/site-packages/airflow/example_dags/tutorial_dag.py took 0.177 seconds
[2025-08-17T01:02:35.859+0000] {processor.py:161} INFO - Started process (PID=188) to work on /home/airflow/.local/lib/python3.12/site-packages/airflow/example_dags/tutorial_dag.py
[2025-08-17T01:02:35.860+0000] {processor.py:830} INFO - Processing file /home/airflow/.local/lib/python3.12/site-packages/airflow/example_dags/tutorial_dag.py for tasks to queue
[2025-08-17T01:02:35.862+0000] {logging_mixin.py:188} INFO - [2025-08-17T01:02:35.862+0000] {dagbag.py:545} INFO - Filling up the DagBag from /home/airflow/.local/lib/python3.12/site-packages/airflow/example_dags/tutorial_dag.py
[2025-08-17T01:02:35.869+0000] {processor.py:840} INFO - DAG(s) 'tutorial_dag' retrieved from /home/airflow/.local/lib/python3.12/site-packages/airflow/example_dags/tutorial_dag.py
[2025-08-17T01:02:35.893+0000] {logging_mixin.py:188} INFO - [2025-08-17T01:02:35.893+0000] {dag.py:3089} INFO - Sync 1 DAGs
[2025-08-17T01:02:35.909+0000] {logging_mixin.py:188} INFO - [2025-08-17T01:02:35.908+0000] {dag.py:3947} INFO - Setting next_dagrun for tutorial_dag to None, run_after=None
[2025-08-17T01:02:35.938+0000] {processor.py:183} INFO - Processing /home/airflow/.local/lib/python3.12/site-packages/airflow/example_dags/tutorial_dag.py took 0.086 seconds
[2025-08-17T01:03:06.406+0000] {processor.py:161} INFO - Started process (PID=247) to work on /home/airflow/.local/lib/python3.12/site-packages/airflow/example_dags/tutorial_dag.py
[2025-08-17T01:03:06.408+0000] {processor.py:830} INFO - Processing file /home/airflow/.local/lib/python3.12/site-packages/airflow/example_dags/tutorial_dag.py for tasks to queue
[2025-08-17T01:03:06.411+0000] {logging_mixin.py:188} INFO - [2025-08-17T01:03:06.410+0000] {dagbag.py:545} INFO - Filling up the DagBag from /home/airflow/.local/lib/python3.12/site-packages/airflow/example_dags/tutorial_dag.py
[2025-08-17T01:03:06.417+0000] {processor.py:840} INFO - DAG(s) 'tutorial_dag' retrieved from /home/airflow/.local/lib/python3.12/site-packages/airflow/example_dags/tutorial_dag.py
[2025-08-17T01:03:06.444+0000] {logging_mixin.py:188} INFO - [2025-08-17T01:03:06.444+0000] {dag.py:3089} INFO - Sync 1 DAGs
[2025-08-17T01:03:06.461+0000] {logging_mixin.py:188} INFO - [2025-08-17T01:03:06.461+0000] {dag.py:3947} INFO - Setting next_dagrun for tutorial_dag to None, run_after=None
[2025-08-17T01:03:06.487+0000] {processor.py:183} INFO - Processing /home/airflow/.local/lib/python3.12/site-packages/airflow/example_dags/tutorial_dag.py took 0.086 seconds
[2025-08-17T01:03:36.594+0000] {processor.py:161} INFO - Started process (PID=306) to work on /home/airflow/.local/lib/python3.12/site-packages/airflow/example_dags/tutorial_dag.py
[2025-08-17T01:03:36.596+0000] {processor.py:830} INFO - Processing file /home/airflow/.local/lib/python3.12/site-packages/airflow/example_dags/tutorial_dag.py for tasks to queue
[2025-08-17T01:03:36.599+0000] {logging_mixin.py:188} INFO - [2025-08-17T01:03:36.599+0000] {dagbag.py:545} INFO - Filling up the DagBag from /home/airflow/.local/lib/python3.12/site-packages/airflow/example_dags/tutorial_dag.py
[2025-08-17T01:03:36.607+0000] {processor.py:840} INFO - DAG(s) 'tutorial_dag' retrieved from /home/airflow/.local/lib/python3.12/site-packages/airflow/example_dags/tutorial_dag.py
[2025-08-17T01:03:36.636+0000] {logging_mixin.py:188} INFO - [2025-08-17T01:03:36.635+0000] {dag.py:3089} INFO - Sync 1 DAGs
[2025-08-17T01:03:36.652+0000] {logging_mixin.py:188} INFO - [2025-08-17T01:03:36.652+0000] {dag.py:3947} INFO - Setting next_dagrun for tutorial_dag to None, run_after=None
[2025-08-17T01:03:36.677+0000] {processor.py:183} INFO - Processing /home/airflow/.local/lib/python3.12/site-packages/airflow/example_dags/tutorial_dag.py took 0.091 seconds
[2025-08-17T01:04:06.891+0000] {processor.py:161} INFO - Started process (PID=365) to work on /home/airflow/.local/lib/python3.12/site-packages/airflow/example_dags/tutorial_dag.py
[2025-08-17T01:04:06.892+0000] {processor.py:830} INFO - Processing file /home/airflow/.local/lib/python3.12/site-packages/airflow/example_dags/tutorial_dag.py for tasks to queue
[2025-08-17T01:04:06.895+0000] {logging_mixin.py:188} INFO - [2025-08-17T01:04:06.895+0000] {dagbag.py:545} INFO - Filling up the DagBag from /home/airflow/.local/lib/python3.12/site-packages/airflow/example_dags/tutorial_dag.py
[2025-08-17T01:04:06.904+0000] {processor.py:840} INFO - DAG(s) 'tutorial_dag' retrieved from /home/airflow/.local/lib/python3.12/site-packages/airflow/example_dags/tutorial_dag.py
[2025-08-17T01:04:06.933+0000] {logging_mixin.py:188} INFO - [2025-08-17T01:04:06.932+0000] {dag.py:3089} INFO - Sync 1 DAGs
[2025-08-17T01:04:06.948+0000] {logging_mixin.py:188} INFO - [2025-08-17T01:04:06.947+0000] {dag.py:3947} INFO - Setting next_dagrun for tutorial_dag to None, run_after=None
[2025-08-17T01:04:06.969+0000] {processor.py:183} INFO - Processing /home/airflow/.local/lib/python3.12/site-packages/airflow/example_dags/tutorial_dag.py took 0.085 seconds
[2025-08-17T01:04:37.816+0000] {processor.py:161} INFO - Started process (PID=424) to work on /home/airflow/.local/lib/python3.12/site-packages/airflow/example_dags/tutorial_dag.py
[2025-08-17T01:04:37.818+0000] {processor.py:830} INFO - Processing file /home/airflow/.local/lib/python3.12/site-packages/airflow/example_dags/tutorial_dag.py for tasks to queue
[2025-08-17T01:04:37.820+0000] {logging_mixin.py:188} INFO - [2025-08-17T01:04:37.820+0000] {dagbag.py:545} INFO - Filling up the DagBag from /home/airflow/.local/lib/python3.12/site-packages/airflow/example_dags/tutorial_dag.py
[2025-08-17T01:04:37.827+0000] {processor.py:840} INFO - DAG(s) 'tutorial_dag' retrieved from /home/airflow/.local/lib/python3.12/site-packages/airflow/example_dags/tutorial_dag.py
[2025-08-17T01:04:37.851+0000] {logging_mixin.py:188} INFO - [2025-08-17T01:04:37.851+0000] {dag.py:3089} INFO - Sync 1 DAGs
[2025-08-17T01:04:37.867+0000] {logging_mixin.py:188} INFO - [2025-08-17T01:04:37.866+0000] {dag.py:3947} INFO - Setting next_dagrun for tutorial_dag to None, run_after=None
[2025-08-17T01:04:37.890+0000] {processor.py:183} INFO - Processing /home/airflow/.local/lib/python3.12/site-packages/airflow/example_dags/tutorial_dag.py took 0.081 seconds
[2025-08-17T01:05:08.555+0000] {processor.py:161} INFO - Started process (PID=489) to work on /home/airflow/.local/lib/python3.12/site-packages/airflow/example_dags/tutorial_dag.py
[2025-08-17T01:05:08.557+0000] {processor.py:830} INFO - Processing file /home/airflow/.local/lib/python3.12/site-packages/airflow/example_dags/tutorial_dag.py for tasks to queue
[2025-08-17T01:05:08.559+0000] {logging_mixin.py:188} INFO - [2025-08-17T01:05:08.559+0000] {dagbag.py:545} INFO - Filling up the DagBag from /home/airflow/.local/lib/python3.12/site-packages/airflow/example_dags/tutorial_dag.py
[2025-08-17T01:05:08.565+0000] {processor.py:840} INFO - DAG(s) 'tutorial_dag' retrieved from /home/airflow/.local/lib/python3.12/site-packages/airflow/example_dags/tutorial_dag.py
[2025-08-17T01:05:08.587+0000] {logging_mixin.py:188} INFO - [2025-08-17T01:05:08.587+0000] {dag.py:3089} INFO - Sync 1 DAGs
[2025-08-17T01:05:08.600+0000] {logging_mixin.py:188} INFO - [2025-08-17T01:05:08.600+0000] {dag.py:3947} INFO - Setting next_dagrun for tutorial_dag to None, run_after=None
[2025-08-17T01:05:08.621+0000] {processor.py:183} INFO - Processing /home/airflow/.local/lib/python3.12/site-packages/airflow/example_dags/tutorial_dag.py took 0.071 seconds
[2025-08-17T01:05:39.140+0000] {processor.py:161} INFO - Started process (PID=548) to work on /home/airflow/.local/lib/python3.12/site-packages/airflow/example_dags/tutorial_dag.py
[2025-08-17T01:05:39.141+0000] {processor.py:830} INFO - Processing file /home/airflow/.local/lib/python3.12/site-packages/airflow/example_dags/tutorial_dag.py for tasks to queue
[2025-08-17T01:05:39.144+0000] {logging_mixin.py:188} INFO - [2025-08-17T01:05:39.143+0000] {dagbag.py:545} INFO - Filling up the DagBag from /home/airflow/.local/lib/python3.12/site-packages/airflow/example_dags/tutorial_dag.py
[2025-08-17T01:05:39.149+0000] {processor.py:840} INFO - DAG(s) 'tutorial_dag' retrieved from /home/airflow/.local/lib/python3.12/site-packages/airflow/example_dags/tutorial_dag.py
[2025-08-17T01:05:39.171+0000] {logging_mixin.py:188} INFO - [2025-08-17T01:05:39.171+0000] {dag.py:3089} INFO - Sync 1 DAGs
[2025-08-17T01:05:39.185+0000] {logging_mixin.py:188} INFO - [2025-08-17T01:05:39.185+0000] {dag.py:3947} INFO - Setting next_dagrun for tutorial_dag to None, run_after=None
[2025-08-17T01:05:39.204+0000] {processor.py:183} INFO - Processing /home/airflow/.local/lib/python3.12/site-packages/airflow/example_dags/tutorial_dag.py took 0.070 seconds
[2025-08-17T01:06:09.914+0000] {processor.py:161} INFO - Started process (PID=607) to work on /home/airflow/.local/lib/python3.12/site-packages/airflow/example_dags/tutorial_dag.py
[2025-08-17T01:06:09.917+0000] {processor.py:830} INFO - Processing file /home/airflow/.local/lib/python3.12/site-packages/airflow/example_dags/tutorial_dag.py for tasks to queue
[2025-08-17T01:06:09.921+0000] {logging_mixin.py:188} INFO - [2025-08-17T01:06:09.921+0000] {dagbag.py:545} INFO - Filling up the DagBag from /home/airflow/.local/lib/python3.12/site-packages/airflow/example_dags/tutorial_dag.py
[2025-08-17T01:06:09.928+0000] {processor.py:840} INFO - DAG(s) 'tutorial_dag' retrieved from /home/airflow/.local/lib/python3.12/site-packages/airflow/example_dags/tutorial_dag.py
[2025-08-17T01:06:09.956+0000] {logging_mixin.py:188} INFO - [2025-08-17T01:06:09.955+0000] {dag.py:3089} INFO - Sync 1 DAGs
[2025-08-17T01:06:09.972+0000] {logging_mixin.py:188} INFO - [2025-08-17T01:06:09.971+0000] {dag.py:3947} INFO - Setting next_dagrun for tutorial_dag to None, run_after=None
[2025-08-17T01:06:09.997+0000] {processor.py:183} INFO - Processing /home/airflow/.local/lib/python3.12/site-packages/airflow/example_dags/tutorial_dag.py took 0.090 seconds
[2025-08-17T01:06:40.142+0000] {processor.py:161} INFO - Started process (PID=665) to work on /home/airflow/.local/lib/python3.12/site-packages/airflow/example_dags/tutorial_dag.py
[2025-08-17T01:06:40.143+0000] {processor.py:830} INFO - Processing file /home/airflow/.local/lib/python3.12/site-packages/airflow/example_dags/tutorial_dag.py for tasks to queue
[2025-08-17T01:06:40.146+0000] {logging_mixin.py:188} INFO - [2025-08-17T01:06:40.146+0000] {dagbag.py:545} INFO - Filling up the DagBag from /home/airflow/.local/lib/python3.12/site-packages/airflow/example_dags/tutorial_dag.py
[2025-08-17T01:06:40.153+0000] {processor.py:840} INFO - DAG(s) 'tutorial_dag' retrieved from /home/airflow/.local/lib/python3.12/site-packages/airflow/example_dags/tutorial_dag.py
[2025-08-17T01:06:40.181+0000] {logging_mixin.py:188} INFO - [2025-08-17T01:06:40.181+0000] {dag.py:3089} INFO - Sync 1 DAGs
[2025-08-17T01:06:40.197+0000] {logging_mixin.py:188} INFO - [2025-08-17T01:06:40.197+0000] {dag.py:3947} INFO - Setting next_dagrun for tutorial_dag to None, run_after=None
[2025-08-17T01:06:40.225+0000] {processor.py:183} INFO - Processing /home/airflow/.local/lib/python3.12/site-packages/airflow/example_dags/tutorial_dag.py took 0.091 seconds
[2025-08-17T01:07:10.406+0000] {processor.py:161} INFO - Started process (PID=724) to work on /home/airflow/.local/lib/python3.12/site-packages/airflow/example_dags/tutorial_dag.py
[2025-08-17T01:07:10.407+0000] {processor.py:830} INFO - Processing file /home/airflow/.local/lib/python3.12/site-packages/airflow/example_dags/tutorial_dag.py for tasks to queue
[2025-08-17T01:07:10.410+0000] {logging_mixin.py:188} INFO - [2025-08-17T01:07:10.409+0000] {dagbag.py:545} INFO - Filling up the DagBag from /home/airflow/.local/lib/python3.12/site-packages/airflow/example_dags/tutorial_dag.py
[2025-08-17T01:07:10.417+0000] {processor.py:840} INFO - DAG(s) 'tutorial_dag' retrieved from /home/airflow/.local/lib/python3.12/site-packages/airflow/example_dags/tutorial_dag.py
[2025-08-17T01:07:10.443+0000] {logging_mixin.py:188} INFO - [2025-08-17T01:07:10.442+0000] {dag.py:3089} INFO - Sync 1 DAGs
[2025-08-17T01:07:10.459+0000] {logging_mixin.py:188} INFO - [2025-08-17T01:07:10.459+0000] {dag.py:3947} INFO - Setting next_dagrun for tutorial_dag to None, run_after=None
[2025-08-17T01:07:10.489+0000] {processor.py:183} INFO - Processing /home/airflow/.local/lib/python3.12/site-packages/airflow/example_dags/tutorial_dag.py took 0.090 seconds
[2025-08-17T01:07:40.702+0000] {processor.py:161} INFO - Started process (PID=784) to work on /home/airflow/.local/lib/python3.12/site-packages/airflow/example_dags/tutorial_dag.py
[2025-08-17T01:07:40.704+0000] {processor.py:830} INFO - Processing file /home/airflow/.local/lib/python3.12/site-packages/airflow/example_dags/tutorial_dag.py for tasks to queue
[2025-08-17T01:07:40.706+0000] {logging_mixin.py:188} INFO - [2025-08-17T01:07:40.706+0000] {dagbag.py:545} INFO - Filling up the DagBag from /home/airflow/.local/lib/python3.12/site-packages/airflow/example_dags/tutorial_dag.py
[2025-08-17T01:07:40.712+0000] {processor.py:840} INFO - DAG(s) 'tutorial_dag' retrieved from /home/airflow/.local/lib/python3.12/site-packages/airflow/example_dags/tutorial_dag.py
[2025-08-17T01:07:40.736+0000] {logging_mixin.py:188} INFO - [2025-08-17T01:07:40.735+0000] {dag.py:3089} INFO - Sync 1 DAGs
[2025-08-17T01:07:40.749+0000] {logging_mixin.py:188} INFO - [2025-08-17T01:07:40.749+0000] {dag.py:3947} INFO - Setting next_dagrun for tutorial_dag to None, run_after=None
[2025-08-17T01:07:40.771+0000] {processor.py:183} INFO - Processing /home/airflow/.local/lib/python3.12/site-packages/airflow/example_dags/tutorial_dag.py took 0.075 seconds
[2025-08-17T01:08:11.662+0000] {processor.py:161} INFO - Started process (PID=843) to work on /home/airflow/.local/lib/python3.12/site-packages/airflow/example_dags/tutorial_dag.py
[2025-08-17T01:08:11.663+0000] {processor.py:830} INFO - Processing file /home/airflow/.local/lib/python3.12/site-packages/airflow/example_dags/tutorial_dag.py for tasks to queue
[2025-08-17T01:08:11.666+0000] {logging_mixin.py:188} INFO - [2025-08-17T01:08:11.665+0000] {dagbag.py:545} INFO - Filling up the DagBag from /home/airflow/.local/lib/python3.12/site-packages/airflow/example_dags/tutorial_dag.py
[2025-08-17T01:08:11.672+0000] {processor.py:840} INFO - DAG(s) 'tutorial_dag' retrieved from /home/airflow/.local/lib/python3.12/site-packages/airflow/example_dags/tutorial_dag.py
[2025-08-17T01:08:11.697+0000] {logging_mixin.py:188} INFO - [2025-08-17T01:08:11.697+0000] {dag.py:3089} INFO - Sync 1 DAGs
[2025-08-17T01:08:11.712+0000] {logging_mixin.py:188} INFO - [2025-08-17T01:08:11.711+0000] {dag.py:3947} INFO - Setting next_dagrun for tutorial_dag to None, run_after=None
[2025-08-17T01:08:11.734+0000] {processor.py:183} INFO - Processing /home/airflow/.local/lib/python3.12/site-packages/airflow/example_dags/tutorial_dag.py took 0.078 seconds
[2025-08-17T01:08:41.823+0000] {processor.py:161} INFO - Started process (PID=902) to work on /home/airflow/.local/lib/python3.12/site-packages/airflow/example_dags/tutorial_dag.py
[2025-08-17T01:08:41.824+0000] {processor.py:830} INFO - Processing file /home/airflow/.local/lib/python3.12/site-packages/airflow/example_dags/tutorial_dag.py for tasks to queue
[2025-08-17T01:08:41.827+0000] {logging_mixin.py:188} INFO - [2025-08-17T01:08:41.827+0000] {dagbag.py:545} INFO - Filling up the DagBag from /home/airflow/.local/lib/python3.12/site-packages/airflow/example_dags/tutorial_dag.py
[2025-08-17T01:08:41.834+0000] {processor.py:840} INFO - DAG(s) 'tutorial_dag' retrieved from /home/airflow/.local/lib/python3.12/site-packages/airflow/example_dags/tutorial_dag.py
[2025-08-17T01:08:41.862+0000] {logging_mixin.py:188} INFO - [2025-08-17T01:08:41.862+0000] {dag.py:3089} INFO - Sync 1 DAGs
[2025-08-17T01:08:41.878+0000] {logging_mixin.py:188} INFO - [2025-08-17T01:08:41.878+0000] {dag.py:3947} INFO - Setting next_dagrun for tutorial_dag to None, run_after=None
[2025-08-17T01:08:41.903+0000] {processor.py:183} INFO - Processing /home/airflow/.local/lib/python3.12/site-packages/airflow/example_dags/tutorial_dag.py took 0.087 seconds
[2025-08-17T01:09:12.101+0000] {processor.py:161} INFO - Started process (PID=961) to work on /home/airflow/.local/lib/python3.12/site-packages/airflow/example_dags/tutorial_dag.py
[2025-08-17T01:09:12.103+0000] {processor.py:830} INFO - Processing file /home/airflow/.local/lib/python3.12/site-packages/airflow/example_dags/tutorial_dag.py for tasks to queue
[2025-08-17T01:09:12.105+0000] {logging_mixin.py:188} INFO - [2025-08-17T01:09:12.104+0000] {dagbag.py:545} INFO - Filling up the DagBag from /home/airflow/.local/lib/python3.12/site-packages/airflow/example_dags/tutorial_dag.py
[2025-08-17T01:09:12.111+0000] {processor.py:840} INFO - DAG(s) 'tutorial_dag' retrieved from /home/airflow/.local/lib/python3.12/site-packages/airflow/example_dags/tutorial_dag.py
[2025-08-17T01:09:12.136+0000] {logging_mixin.py:188} INFO - [2025-08-17T01:09:12.135+0000] {dag.py:3089} INFO - Sync 1 DAGs
[2025-08-17T01:09:12.151+0000] {logging_mixin.py:188} INFO - [2025-08-17T01:09:12.150+0000] {dag.py:3947} INFO - Setting next_dagrun for tutorial_dag to None, run_after=None
[2025-08-17T01:09:12.174+0000] {processor.py:183} INFO - Processing /home/airflow/.local/lib/python3.12/site-packages/airflow/example_dags/tutorial_dag.py took 0.079 seconds
[2025-08-17T01:09:42.422+0000] {processor.py:161} INFO - Started process (PID=1020) to work on /home/airflow/.local/lib/python3.12/site-packages/airflow/example_dags/tutorial_dag.py
[2025-08-17T01:09:42.423+0000] {processor.py:830} INFO - Processing file /home/airflow/.local/lib/python3.12/site-packages/airflow/example_dags/tutorial_dag.py for tasks to queue
[2025-08-17T01:09:42.425+0000] {logging_mixin.py:188} INFO - [2025-08-17T01:09:42.425+0000] {dagbag.py:545} INFO - Filling up the DagBag from /home/airflow/.local/lib/python3.12/site-packages/airflow/example_dags/tutorial_dag.py
[2025-08-17T01:09:42.432+0000] {processor.py:840} INFO - DAG(s) 'tutorial_dag' retrieved from /home/airflow/.local/lib/python3.12/site-packages/airflow/example_dags/tutorial_dag.py
[2025-08-17T01:09:42.455+0000] {logging_mixin.py:188} INFO - [2025-08-17T01:09:42.454+0000] {dag.py:3089} INFO - Sync 1 DAGs
[2025-08-17T01:09:42.468+0000] {logging_mixin.py:188} INFO - [2025-08-17T01:09:42.468+0000] {dag.py:3947} INFO - Setting next_dagrun for tutorial_dag to None, run_after=None
[2025-08-17T01:09:42.488+0000] {processor.py:183} INFO - Processing /home/airflow/.local/lib/python3.12/site-packages/airflow/example_dags/tutorial_dag.py took 0.071 seconds
[2025-08-17T01:10:12.667+0000] {processor.py:161} INFO - Started process (PID=1080) to work on /home/airflow/.local/lib/python3.12/site-packages/airflow/example_dags/tutorial_dag.py
[2025-08-17T01:10:12.669+0000] {processor.py:830} INFO - Processing file /home/airflow/.local/lib/python3.12/site-packages/airflow/example_dags/tutorial_dag.py for tasks to queue
[2025-08-17T01:10:12.672+0000] {logging_mixin.py:188} INFO - [2025-08-17T01:10:12.671+0000] {dagbag.py:545} INFO - Filling up the DagBag from /home/airflow/.local/lib/python3.12/site-packages/airflow/example_dags/tutorial_dag.py
[2025-08-17T01:10:12.678+0000] {processor.py:840} INFO - DAG(s) 'tutorial_dag' retrieved from /home/airflow/.local/lib/python3.12/site-packages/airflow/example_dags/tutorial_dag.py
[2025-08-17T01:10:12.703+0000] {logging_mixin.py:188} INFO - [2025-08-17T01:10:12.702+0000] {dag.py:3089} INFO - Sync 1 DAGs
[2025-08-17T01:10:12.717+0000] {logging_mixin.py:188} INFO - [2025-08-17T01:10:12.717+0000] {dag.py:3947} INFO - Setting next_dagrun for tutorial_dag to None, run_after=None
[2025-08-17T01:10:12.743+0000] {processor.py:183} INFO - Processing /home/airflow/.local/lib/python3.12/site-packages/airflow/example_dags/tutorial_dag.py took 0.082 seconds
[2025-08-17T01:10:43.174+0000] {processor.py:161} INFO - Started process (PID=1139) to work on /home/airflow/.local/lib/python3.12/site-packages/airflow/example_dags/tutorial_dag.py
[2025-08-17T01:10:43.176+0000] {processor.py:830} INFO - Processing file /home/airflow/.local/lib/python3.12/site-packages/airflow/example_dags/tutorial_dag.py for tasks to queue
[2025-08-17T01:10:43.178+0000] {logging_mixin.py:188} INFO - [2025-08-17T01:10:43.178+0000] {dagbag.py:545} INFO - Filling up the DagBag from /home/airflow/.local/lib/python3.12/site-packages/airflow/example_dags/tutorial_dag.py
[2025-08-17T01:10:43.184+0000] {processor.py:840} INFO - DAG(s) 'tutorial_dag' retrieved from /home/airflow/.local/lib/python3.12/site-packages/airflow/example_dags/tutorial_dag.py
[2025-08-17T01:10:43.208+0000] {logging_mixin.py:188} INFO - [2025-08-17T01:10:43.207+0000] {dag.py:3089} INFO - Sync 1 DAGs
[2025-08-17T01:10:43.222+0000] {logging_mixin.py:188} INFO - [2025-08-17T01:10:43.221+0000] {dag.py:3947} INFO - Setting next_dagrun for tutorial_dag to None, run_after=None
[2025-08-17T01:10:43.245+0000] {processor.py:183} INFO - Processing /home/airflow/.local/lib/python3.12/site-packages/airflow/example_dags/tutorial_dag.py took 0.076 seconds
[2025-08-17T01:11:13.644+0000] {processor.py:161} INFO - Started process (PID=1198) to work on /home/airflow/.local/lib/python3.12/site-packages/airflow/example_dags/tutorial_dag.py
[2025-08-17T01:11:13.647+0000] {processor.py:830} INFO - Processing file /home/airflow/.local/lib/python3.12/site-packages/airflow/example_dags/tutorial_dag.py for tasks to queue
[2025-08-17T01:11:13.650+0000] {logging_mixin.py:188} INFO - [2025-08-17T01:11:13.649+0000] {dagbag.py:545} INFO - Filling up the DagBag from /home/airflow/.local/lib/python3.12/site-packages/airflow/example_dags/tutorial_dag.py
[2025-08-17T01:11:13.658+0000] {processor.py:840} INFO - DAG(s) 'tutorial_dag' retrieved from /home/airflow/.local/lib/python3.12/site-packages/airflow/example_dags/tutorial_dag.py
[2025-08-17T01:11:13.691+0000] {logging_mixin.py:188} INFO - [2025-08-17T01:11:13.690+0000] {dag.py:3089} INFO - Sync 1 DAGs
[2025-08-17T01:11:13.707+0000] {logging_mixin.py:188} INFO - [2025-08-17T01:11:13.707+0000] {dag.py:3947} INFO - Setting next_dagrun for tutorial_dag to None, run_after=None
[2025-08-17T01:11:13.733+0000] {processor.py:183} INFO - Processing /home/airflow/.local/lib/python3.12/site-packages/airflow/example_dags/tutorial_dag.py took 0.097 seconds
[2025-08-17T01:11:44.175+0000] {processor.py:161} INFO - Started process (PID=1257) to work on /home/airflow/.local/lib/python3.12/site-packages/airflow/example_dags/tutorial_dag.py
[2025-08-17T01:11:44.177+0000] {processor.py:830} INFO - Processing file /home/airflow/.local/lib/python3.12/site-packages/airflow/example_dags/tutorial_dag.py for tasks to queue
[2025-08-17T01:11:44.179+0000] {logging_mixin.py:188} INFO - [2025-08-17T01:11:44.179+0000] {dagbag.py:545} INFO - Filling up the DagBag from /home/airflow/.local/lib/python3.12/site-packages/airflow/example_dags/tutorial_dag.py
[2025-08-17T01:11:44.187+0000] {processor.py:840} INFO - DAG(s) 'tutorial_dag' retrieved from /home/airflow/.local/lib/python3.12/site-packages/airflow/example_dags/tutorial_dag.py
[2025-08-17T01:11:44.215+0000] {logging_mixin.py:188} INFO - [2025-08-17T01:11:44.215+0000] {dag.py:3089} INFO - Sync 1 DAGs
[2025-08-17T01:11:44.231+0000] {logging_mixin.py:188} INFO - [2025-08-17T01:11:44.231+0000] {dag.py:3947} INFO - Setting next_dagrun for tutorial_dag to None, run_after=None
[2025-08-17T01:11:44.259+0000] {processor.py:183} INFO - Processing /home/airflow/.local/lib/python3.12/site-packages/airflow/example_dags/tutorial_dag.py took 0.090 seconds
[2025-08-17T01:12:14.468+0000] {processor.py:161} INFO - Started process (PID=1316) to work on /home/airflow/.local/lib/python3.12/site-packages/airflow/example_dags/tutorial_dag.py
[2025-08-17T01:12:14.470+0000] {processor.py:830} INFO - Processing file /home/airflow/.local/lib/python3.12/site-packages/airflow/example_dags/tutorial_dag.py for tasks to queue
[2025-08-17T01:12:14.473+0000] {logging_mixin.py:188} INFO - [2025-08-17T01:12:14.472+0000] {dagbag.py:545} INFO - Filling up the DagBag from /home/airflow/.local/lib/python3.12/site-packages/airflow/example_dags/tutorial_dag.py
[2025-08-17T01:12:14.480+0000] {processor.py:840} INFO - DAG(s) 'tutorial_dag' retrieved from /home/airflow/.local/lib/python3.12/site-packages/airflow/example_dags/tutorial_dag.py
[2025-08-17T01:12:14.502+0000] {logging_mixin.py:188} INFO - [2025-08-17T01:12:14.502+0000] {dag.py:3089} INFO - Sync 1 DAGs
[2025-08-17T01:12:14.516+0000] {logging_mixin.py:188} INFO - [2025-08-17T01:12:14.515+0000] {dag.py:3947} INFO - Setting next_dagrun for tutorial_dag to None, run_after=None
[2025-08-17T01:12:14.536+0000] {processor.py:183} INFO - Processing /home/airflow/.local/lib/python3.12/site-packages/airflow/example_dags/tutorial_dag.py took 0.073 seconds
[2025-08-17T01:12:45.043+0000] {processor.py:161} INFO - Started process (PID=1375) to work on /home/airflow/.local/lib/python3.12/site-packages/airflow/example_dags/tutorial_dag.py
[2025-08-17T01:12:45.045+0000] {processor.py:830} INFO - Processing file /home/airflow/.local/lib/python3.12/site-packages/airflow/example_dags/tutorial_dag.py for tasks to queue
[2025-08-17T01:12:45.048+0000] {logging_mixin.py:188} INFO - [2025-08-17T01:12:45.047+0000] {dagbag.py:545} INFO - Filling up the DagBag from /home/airflow/.local/lib/python3.12/site-packages/airflow/example_dags/tutorial_dag.py
[2025-08-17T01:12:45.053+0000] {processor.py:840} INFO - DAG(s) 'tutorial_dag' retrieved from /home/airflow/.local/lib/python3.12/site-packages/airflow/example_dags/tutorial_dag.py
[2025-08-17T01:12:45.080+0000] {logging_mixin.py:188} INFO - [2025-08-17T01:12:45.079+0000] {dag.py:3089} INFO - Sync 1 DAGs
[2025-08-17T01:12:45.093+0000] {logging_mixin.py:188} INFO - [2025-08-17T01:12:45.092+0000] {dag.py:3947} INFO - Setting next_dagrun for tutorial_dag to None, run_after=None
[2025-08-17T01:12:45.115+0000] {processor.py:183} INFO - Processing /home/airflow/.local/lib/python3.12/site-packages/airflow/example_dags/tutorial_dag.py took 0.078 seconds
[2025-08-17T01:13:15.556+0000] {processor.py:161} INFO - Started process (PID=1435) to work on /home/airflow/.local/lib/python3.12/site-packages/airflow/example_dags/tutorial_dag.py
[2025-08-17T01:13:15.558+0000] {processor.py:830} INFO - Processing file /home/airflow/.local/lib/python3.12/site-packages/airflow/example_dags/tutorial_dag.py for tasks to queue
[2025-08-17T01:13:15.561+0000] {logging_mixin.py:188} INFO - [2025-08-17T01:13:15.560+0000] {dagbag.py:545} INFO - Filling up the DagBag from /home/airflow/.local/lib/python3.12/site-packages/airflow/example_dags/tutorial_dag.py
[2025-08-17T01:13:15.567+0000] {processor.py:840} INFO - DAG(s) 'tutorial_dag' retrieved from /home/airflow/.local/lib/python3.12/site-packages/airflow/example_dags/tutorial_dag.py
[2025-08-17T01:13:15.591+0000] {logging_mixin.py:188} INFO - [2025-08-17T01:13:15.591+0000] {dag.py:3089} INFO - Sync 1 DAGs
[2025-08-17T01:13:15.605+0000] {logging_mixin.py:188} INFO - [2025-08-17T01:13:15.605+0000] {dag.py:3947} INFO - Setting next_dagrun for tutorial_dag to None, run_after=None
[2025-08-17T01:13:15.629+0000] {processor.py:183} INFO - Processing /home/airflow/.local/lib/python3.12/site-packages/airflow/example_dags/tutorial_dag.py took 0.078 seconds
[2025-08-17T01:13:45.948+0000] {processor.py:161} INFO - Started process (PID=1494) to work on /home/airflow/.local/lib/python3.12/site-packages/airflow/example_dags/tutorial_dag.py
[2025-08-17T01:13:45.950+0000] {processor.py:830} INFO - Processing file /home/airflow/.local/lib/python3.12/site-packages/airflow/example_dags/tutorial_dag.py for tasks to queue
[2025-08-17T01:13:45.953+0000] {logging_mixin.py:188} INFO - [2025-08-17T01:13:45.952+0000] {dagbag.py:545} INFO - Filling up the DagBag from /home/airflow/.local/lib/python3.12/site-packages/airflow/example_dags/tutorial_dag.py
[2025-08-17T01:13:45.959+0000] {processor.py:840} INFO - DAG(s) 'tutorial_dag' retrieved from /home/airflow/.local/lib/python3.12/site-packages/airflow/example_dags/tutorial_dag.py
[2025-08-17T01:13:45.981+0000] {logging_mixin.py:188} INFO - [2025-08-17T01:13:45.981+0000] {dag.py:3089} INFO - Sync 1 DAGs
[2025-08-17T01:13:45.995+0000] {logging_mixin.py:188} INFO - [2025-08-17T01:13:45.995+0000] {dag.py:3947} INFO - Setting next_dagrun for tutorial_dag to None, run_after=None
[2025-08-17T01:13:46.020+0000] {processor.py:183} INFO - Processing /home/airflow/.local/lib/python3.12/site-packages/airflow/example_dags/tutorial_dag.py took 0.077 seconds
[2025-08-17T01:14:16.565+0000] {processor.py:161} INFO - Started process (PID=1553) to work on /home/airflow/.local/lib/python3.12/site-packages/airflow/example_dags/tutorial_dag.py
[2025-08-17T01:14:16.566+0000] {processor.py:830} INFO - Processing file /home/airflow/.local/lib/python3.12/site-packages/airflow/example_dags/tutorial_dag.py for tasks to queue
[2025-08-17T01:14:16.569+0000] {logging_mixin.py:188} INFO - [2025-08-17T01:14:16.568+0000] {dagbag.py:545} INFO - Filling up the DagBag from /home/airflow/.local/lib/python3.12/site-packages/airflow/example_dags/tutorial_dag.py
[2025-08-17T01:14:16.575+0000] {processor.py:840} INFO - DAG(s) 'tutorial_dag' retrieved from /home/airflow/.local/lib/python3.12/site-packages/airflow/example_dags/tutorial_dag.py
[2025-08-17T01:14:16.599+0000] {logging_mixin.py:188} INFO - [2025-08-17T01:14:16.599+0000] {dag.py:3089} INFO - Sync 1 DAGs
[2025-08-17T01:14:16.613+0000] {logging_mixin.py:188} INFO - [2025-08-17T01:14:16.613+0000] {dag.py:3947} INFO - Setting next_dagrun for tutorial_dag to None, run_after=None
[2025-08-17T01:14:16.638+0000] {processor.py:183} INFO - Processing /home/airflow/.local/lib/python3.12/site-packages/airflow/example_dags/tutorial_dag.py took 0.079 seconds
[2025-08-17T01:14:47.210+0000] {processor.py:161} INFO - Started process (PID=1612) to work on /home/airflow/.local/lib/python3.12/site-packages/airflow/example_dags/tutorial_dag.py
[2025-08-17T01:14:47.212+0000] {processor.py:830} INFO - Processing file /home/airflow/.local/lib/python3.12/site-packages/airflow/example_dags/tutorial_dag.py for tasks to queue
[2025-08-17T01:14:47.214+0000] {logging_mixin.py:188} INFO - [2025-08-17T01:14:47.214+0000] {dagbag.py:545} INFO - Filling up the DagBag from /home/airflow/.local/lib/python3.12/site-packages/airflow/example_dags/tutorial_dag.py
[2025-08-17T01:14:47.222+0000] {processor.py:840} INFO - DAG(s) 'tutorial_dag' retrieved from /home/airflow/.local/lib/python3.12/site-packages/airflow/example_dags/tutorial_dag.py
[2025-08-17T01:14:47.251+0000] {logging_mixin.py:188} INFO - [2025-08-17T01:14:47.250+0000] {dag.py:3089} INFO - Sync 1 DAGs
[2025-08-17T01:14:47.266+0000] {logging_mixin.py:188} INFO - [2025-08-17T01:14:47.266+0000] {dag.py:3947} INFO - Setting next_dagrun for tutorial_dag to None, run_after=None
[2025-08-17T01:14:47.300+0000] {processor.py:183} INFO - Processing /home/airflow/.local/lib/python3.12/site-packages/airflow/example_dags/tutorial_dag.py took 0.097 seconds
[2025-08-17T01:15:17.516+0000] {processor.py:161} INFO - Started process (PID=1671) to work on /home/airflow/.local/lib/python3.12/site-packages/airflow/example_dags/tutorial_dag.py
[2025-08-17T01:15:17.517+0000] {processor.py:830} INFO - Processing file /home/airflow/.local/lib/python3.12/site-packages/airflow/example_dags/tutorial_dag.py for tasks to queue
[2025-08-17T01:15:17.519+0000] {logging_mixin.py:188} INFO - [2025-08-17T01:15:17.519+0000] {dagbag.py:545} INFO - Filling up the DagBag from /home/airflow/.local/lib/python3.12/site-packages/airflow/example_dags/tutorial_dag.py
[2025-08-17T01:15:17.525+0000] {processor.py:840} INFO - DAG(s) 'tutorial_dag' retrieved from /home/airflow/.local/lib/python3.12/site-packages/airflow/example_dags/tutorial_dag.py
[2025-08-17T01:15:17.546+0000] {logging_mixin.py:188} INFO - [2025-08-17T01:15:17.546+0000] {dag.py:3089} INFO - Sync 1 DAGs
[2025-08-17T01:15:17.559+0000] {logging_mixin.py:188} INFO - [2025-08-17T01:15:17.559+0000] {dag.py:3947} INFO - Setting next_dagrun for tutorial_dag to None, run_after=None
[2025-08-17T01:15:17.730+0000] {processor.py:183} INFO - Processing /home/airflow/.local/lib/python3.12/site-packages/airflow/example_dags/tutorial_dag.py took 0.219 seconds
[2025-08-17T01:15:48.264+0000] {processor.py:161} INFO - Started process (PID=1730) to work on /home/airflow/.local/lib/python3.12/site-packages/airflow/example_dags/tutorial_dag.py
[2025-08-17T01:15:48.265+0000] {processor.py:830} INFO - Processing file /home/airflow/.local/lib/python3.12/site-packages/airflow/example_dags/tutorial_dag.py for tasks to queue
[2025-08-17T01:15:48.267+0000] {logging_mixin.py:188} INFO - [2025-08-17T01:15:48.267+0000] {dagbag.py:545} INFO - Filling up the DagBag from /home/airflow/.local/lib/python3.12/site-packages/airflow/example_dags/tutorial_dag.py
[2025-08-17T01:15:48.273+0000] {processor.py:840} INFO - DAG(s) 'tutorial_dag' retrieved from /home/airflow/.local/lib/python3.12/site-packages/airflow/example_dags/tutorial_dag.py
[2025-08-17T01:15:48.294+0000] {logging_mixin.py:188} INFO - [2025-08-17T01:15:48.293+0000] {dag.py:3089} INFO - Sync 1 DAGs
[2025-08-17T01:15:48.305+0000] {logging_mixin.py:188} INFO - [2025-08-17T01:15:48.304+0000] {dag.py:3947} INFO - Setting next_dagrun for tutorial_dag to None, run_after=None
[2025-08-17T01:15:48.324+0000] {processor.py:183} INFO - Processing /home/airflow/.local/lib/python3.12/site-packages/airflow/example_dags/tutorial_dag.py took 0.066 seconds
[2025-08-17T01:16:19.042+0000] {processor.py:161} INFO - Started process (PID=1789) to work on /home/airflow/.local/lib/python3.12/site-packages/airflow/example_dags/tutorial_dag.py
[2025-08-17T01:16:19.043+0000] {processor.py:830} INFO - Processing file /home/airflow/.local/lib/python3.12/site-packages/airflow/example_dags/tutorial_dag.py for tasks to queue
[2025-08-17T01:16:19.046+0000] {logging_mixin.py:188} INFO - [2025-08-17T01:16:19.045+0000] {dagbag.py:545} INFO - Filling up the DagBag from /home/airflow/.local/lib/python3.12/site-packages/airflow/example_dags/tutorial_dag.py
[2025-08-17T01:16:19.052+0000] {processor.py:840} INFO - DAG(s) 'tutorial_dag' retrieved from /home/airflow/.local/lib/python3.12/site-packages/airflow/example_dags/tutorial_dag.py
[2025-08-17T01:16:19.076+0000] {logging_mixin.py:188} INFO - [2025-08-17T01:16:19.075+0000] {dag.py:3089} INFO - Sync 1 DAGs
[2025-08-17T01:16:19.088+0000] {logging_mixin.py:188} INFO - [2025-08-17T01:16:19.088+0000] {dag.py:3947} INFO - Setting next_dagrun for tutorial_dag to None, run_after=None
[2025-08-17T01:16:19.111+0000] {processor.py:183} INFO - Processing /home/airflow/.local/lib/python3.12/site-packages/airflow/example_dags/tutorial_dag.py took 0.076 seconds
[2025-08-17T01:17:37.908+0000] {processor.py:161} INFO - Started process (PID=76) to work on /home/airflow/.local/lib/python3.12/site-packages/airflow/example_dags/tutorial_dag.py
[2025-08-17T01:17:37.910+0000] {processor.py:830} INFO - Processing file /home/airflow/.local/lib/python3.12/site-packages/airflow/example_dags/tutorial_dag.py for tasks to queue
[2025-08-17T01:17:37.914+0000] {logging_mixin.py:188} INFO - [2025-08-17T01:17:37.914+0000] {dagbag.py:545} INFO - Filling up the DagBag from /home/airflow/.local/lib/python3.12/site-packages/airflow/example_dags/tutorial_dag.py
[2025-08-17T01:17:37.929+0000] {processor.py:840} INFO - DAG(s) 'tutorial_dag' retrieved from /home/airflow/.local/lib/python3.12/site-packages/airflow/example_dags/tutorial_dag.py
[2025-08-17T01:17:38.117+0000] {logging_mixin.py:188} INFO - [2025-08-17T01:17:38.116+0000] {dag.py:3089} INFO - Sync 1 DAGs
[2025-08-17T01:17:38.133+0000] {logging_mixin.py:188} INFO - [2025-08-17T01:17:38.133+0000] {dag.py:3947} INFO - Setting next_dagrun for tutorial_dag to None, run_after=None
[2025-08-17T01:17:38.168+0000] {processor.py:183} INFO - Processing /home/airflow/.local/lib/python3.12/site-packages/airflow/example_dags/tutorial_dag.py took 0.271 seconds
[2025-08-17T01:18:08.728+0000] {processor.py:161} INFO - Started process (PID=135) to work on /home/airflow/.local/lib/python3.12/site-packages/airflow/example_dags/tutorial_dag.py
[2025-08-17T01:18:08.731+0000] {processor.py:830} INFO - Processing file /home/airflow/.local/lib/python3.12/site-packages/airflow/example_dags/tutorial_dag.py for tasks to queue
[2025-08-17T01:18:08.736+0000] {logging_mixin.py:188} INFO - [2025-08-17T01:18:08.735+0000] {dagbag.py:545} INFO - Filling up the DagBag from /home/airflow/.local/lib/python3.12/site-packages/airflow/example_dags/tutorial_dag.py
[2025-08-17T01:18:08.748+0000] {processor.py:840} INFO - DAG(s) 'tutorial_dag' retrieved from /home/airflow/.local/lib/python3.12/site-packages/airflow/example_dags/tutorial_dag.py
[2025-08-17T01:18:08.787+0000] {logging_mixin.py:188} INFO - [2025-08-17T01:18:08.786+0000] {dag.py:3089} INFO - Sync 1 DAGs
[2025-08-17T01:18:08.805+0000] {logging_mixin.py:188} INFO - [2025-08-17T01:18:08.805+0000] {dag.py:3947} INFO - Setting next_dagrun for tutorial_dag to None, run_after=None
[2025-08-17T01:18:08.839+0000] {processor.py:183} INFO - Processing /home/airflow/.local/lib/python3.12/site-packages/airflow/example_dags/tutorial_dag.py took 0.124 seconds
[2025-08-17T01:18:38.963+0000] {processor.py:161} INFO - Started process (PID=194) to work on /home/airflow/.local/lib/python3.12/site-packages/airflow/example_dags/tutorial_dag.py
[2025-08-17T01:18:38.964+0000] {processor.py:830} INFO - Processing file /home/airflow/.local/lib/python3.12/site-packages/airflow/example_dags/tutorial_dag.py for tasks to queue
[2025-08-17T01:18:38.966+0000] {logging_mixin.py:188} INFO - [2025-08-17T01:18:38.966+0000] {dagbag.py:545} INFO - Filling up the DagBag from /home/airflow/.local/lib/python3.12/site-packages/airflow/example_dags/tutorial_dag.py
[2025-08-17T01:18:38.972+0000] {processor.py:840} INFO - DAG(s) 'tutorial_dag' retrieved from /home/airflow/.local/lib/python3.12/site-packages/airflow/example_dags/tutorial_dag.py
[2025-08-17T01:18:38.994+0000] {logging_mixin.py:188} INFO - [2025-08-17T01:18:38.994+0000] {dag.py:3089} INFO - Sync 1 DAGs
[2025-08-17T01:18:39.007+0000] {logging_mixin.py:188} INFO - [2025-08-17T01:18:39.007+0000] {dag.py:3947} INFO - Setting next_dagrun for tutorial_dag to None, run_after=None
[2025-08-17T01:18:39.028+0000] {processor.py:183} INFO - Processing /home/airflow/.local/lib/python3.12/site-packages/airflow/example_dags/tutorial_dag.py took 0.071 seconds
[2025-08-17T01:19:09.236+0000] {processor.py:161} INFO - Started process (PID=253) to work on /home/airflow/.local/lib/python3.12/site-packages/airflow/example_dags/tutorial_dag.py
[2025-08-17T01:19:09.237+0000] {processor.py:830} INFO - Processing file /home/airflow/.local/lib/python3.12/site-packages/airflow/example_dags/tutorial_dag.py for tasks to queue
[2025-08-17T01:19:09.240+0000] {logging_mixin.py:188} INFO - [2025-08-17T01:19:09.240+0000] {dagbag.py:545} INFO - Filling up the DagBag from /home/airflow/.local/lib/python3.12/site-packages/airflow/example_dags/tutorial_dag.py
[2025-08-17T01:19:09.247+0000] {processor.py:840} INFO - DAG(s) 'tutorial_dag' retrieved from /home/airflow/.local/lib/python3.12/site-packages/airflow/example_dags/tutorial_dag.py
[2025-08-17T01:19:09.273+0000] {logging_mixin.py:188} INFO - [2025-08-17T01:19:09.272+0000] {dag.py:3089} INFO - Sync 1 DAGs
[2025-08-17T01:19:09.288+0000] {logging_mixin.py:188} INFO - [2025-08-17T01:19:09.288+0000] {dag.py:3947} INFO - Setting next_dagrun for tutorial_dag to None, run_after=None
[2025-08-17T01:19:09.316+0000] {processor.py:183} INFO - Processing /home/airflow/.local/lib/python3.12/site-packages/airflow/example_dags/tutorial_dag.py took 0.088 seconds
[2025-08-17T01:19:39.405+0000] {processor.py:161} INFO - Started process (PID=312) to work on /home/airflow/.local/lib/python3.12/site-packages/airflow/example_dags/tutorial_dag.py
[2025-08-17T01:19:39.406+0000] {processor.py:830} INFO - Processing file /home/airflow/.local/lib/python3.12/site-packages/airflow/example_dags/tutorial_dag.py for tasks to queue
[2025-08-17T01:19:39.409+0000] {logging_mixin.py:188} INFO - [2025-08-17T01:19:39.408+0000] {dagbag.py:545} INFO - Filling up the DagBag from /home/airflow/.local/lib/python3.12/site-packages/airflow/example_dags/tutorial_dag.py
[2025-08-17T01:19:39.414+0000] {processor.py:840} INFO - DAG(s) 'tutorial_dag' retrieved from /home/airflow/.local/lib/python3.12/site-packages/airflow/example_dags/tutorial_dag.py
[2025-08-17T01:19:39.435+0000] {logging_mixin.py:188} INFO - [2025-08-17T01:19:39.435+0000] {dag.py:3089} INFO - Sync 1 DAGs
[2025-08-17T01:19:39.448+0000] {logging_mixin.py:188} INFO - [2025-08-17T01:19:39.448+0000] {dag.py:3947} INFO - Setting next_dagrun for tutorial_dag to None, run_after=None
[2025-08-17T01:19:39.468+0000] {processor.py:183} INFO - Processing /home/airflow/.local/lib/python3.12/site-packages/airflow/example_dags/tutorial_dag.py took 0.068 seconds
[2025-08-17T01:20:09.601+0000] {processor.py:161} INFO - Started process (PID=371) to work on /home/airflow/.local/lib/python3.12/site-packages/airflow/example_dags/tutorial_dag.py
[2025-08-17T01:20:09.602+0000] {processor.py:830} INFO - Processing file /home/airflow/.local/lib/python3.12/site-packages/airflow/example_dags/tutorial_dag.py for tasks to queue
[2025-08-17T01:20:09.604+0000] {logging_mixin.py:188} INFO - [2025-08-17T01:20:09.604+0000] {dagbag.py:545} INFO - Filling up the DagBag from /home/airflow/.local/lib/python3.12/site-packages/airflow/example_dags/tutorial_dag.py
[2025-08-17T01:20:09.610+0000] {processor.py:840} INFO - DAG(s) 'tutorial_dag' retrieved from /home/airflow/.local/lib/python3.12/site-packages/airflow/example_dags/tutorial_dag.py
[2025-08-17T01:20:09.633+0000] {logging_mixin.py:188} INFO - [2025-08-17T01:20:09.633+0000] {dag.py:3089} INFO - Sync 1 DAGs
[2025-08-17T01:20:09.646+0000] {logging_mixin.py:188} INFO - [2025-08-17T01:20:09.645+0000] {dag.py:3947} INFO - Setting next_dagrun for tutorial_dag to None, run_after=None
[2025-08-17T01:20:09.665+0000] {processor.py:183} INFO - Processing /home/airflow/.local/lib/python3.12/site-packages/airflow/example_dags/tutorial_dag.py took 0.070 seconds
[2025-08-17T01:20:39.836+0000] {processor.py:161} INFO - Started process (PID=430) to work on /home/airflow/.local/lib/python3.12/site-packages/airflow/example_dags/tutorial_dag.py
[2025-08-17T01:20:39.837+0000] {processor.py:830} INFO - Processing file /home/airflow/.local/lib/python3.12/site-packages/airflow/example_dags/tutorial_dag.py for tasks to queue
[2025-08-17T01:20:39.839+0000] {logging_mixin.py:188} INFO - [2025-08-17T01:20:39.839+0000] {dagbag.py:545} INFO - Filling up the DagBag from /home/airflow/.local/lib/python3.12/site-packages/airflow/example_dags/tutorial_dag.py
[2025-08-17T01:20:39.845+0000] {processor.py:840} INFO - DAG(s) 'tutorial_dag' retrieved from /home/airflow/.local/lib/python3.12/site-packages/airflow/example_dags/tutorial_dag.py
[2025-08-17T01:20:39.864+0000] {logging_mixin.py:188} INFO - [2025-08-17T01:20:39.864+0000] {dag.py:3089} INFO - Sync 1 DAGs
[2025-08-17T01:20:39.876+0000] {logging_mixin.py:188} INFO - [2025-08-17T01:20:39.876+0000] {dag.py:3947} INFO - Setting next_dagrun for tutorial_dag to None, run_after=None
[2025-08-17T01:20:39.894+0000] {processor.py:183} INFO - Processing /home/airflow/.local/lib/python3.12/site-packages/airflow/example_dags/tutorial_dag.py took 0.064 seconds
[2025-08-17T01:21:10.420+0000] {processor.py:161} INFO - Started process (PID=496) to work on /home/airflow/.local/lib/python3.12/site-packages/airflow/example_dags/tutorial_dag.py
[2025-08-17T01:21:10.422+0000] {processor.py:830} INFO - Processing file /home/airflow/.local/lib/python3.12/site-packages/airflow/example_dags/tutorial_dag.py for tasks to queue
[2025-08-17T01:21:10.426+0000] {logging_mixin.py:188} INFO - [2025-08-17T01:21:10.425+0000] {dagbag.py:545} INFO - Filling up the DagBag from /home/airflow/.local/lib/python3.12/site-packages/airflow/example_dags/tutorial_dag.py
[2025-08-17T01:21:10.436+0000] {processor.py:840} INFO - DAG(s) 'tutorial_dag' retrieved from /home/airflow/.local/lib/python3.12/site-packages/airflow/example_dags/tutorial_dag.py
[2025-08-17T01:21:10.476+0000] {logging_mixin.py:188} INFO - [2025-08-17T01:21:10.476+0000] {dag.py:3089} INFO - Sync 1 DAGs
[2025-08-17T01:21:10.491+0000] {logging_mixin.py:188} INFO - [2025-08-17T01:21:10.491+0000] {dag.py:3947} INFO - Setting next_dagrun for tutorial_dag to None, run_after=None
[2025-08-17T01:21:10.512+0000] {processor.py:183} INFO - Processing /home/airflow/.local/lib/python3.12/site-packages/airflow/example_dags/tutorial_dag.py took 0.102 seconds
[2025-08-17T01:21:40.805+0000] {processor.py:161} INFO - Started process (PID=555) to work on /home/airflow/.local/lib/python3.12/site-packages/airflow/example_dags/tutorial_dag.py
[2025-08-17T01:21:40.806+0000] {processor.py:830} INFO - Processing file /home/airflow/.local/lib/python3.12/site-packages/airflow/example_dags/tutorial_dag.py for tasks to queue
[2025-08-17T01:21:40.809+0000] {logging_mixin.py:188} INFO - [2025-08-17T01:21:40.808+0000] {dagbag.py:545} INFO - Filling up the DagBag from /home/airflow/.local/lib/python3.12/site-packages/airflow/example_dags/tutorial_dag.py
[2025-08-17T01:21:40.816+0000] {processor.py:840} INFO - DAG(s) 'tutorial_dag' retrieved from /home/airflow/.local/lib/python3.12/site-packages/airflow/example_dags/tutorial_dag.py
[2025-08-17T01:21:40.843+0000] {logging_mixin.py:188} INFO - [2025-08-17T01:21:40.843+0000] {dag.py:3089} INFO - Sync 1 DAGs
[2025-08-17T01:21:40.858+0000] {logging_mixin.py:188} INFO - [2025-08-17T01:21:40.857+0000] {dag.py:3947} INFO - Setting next_dagrun for tutorial_dag to None, run_after=None
[2025-08-17T01:21:40.893+0000] {processor.py:183} INFO - Processing /home/airflow/.local/lib/python3.12/site-packages/airflow/example_dags/tutorial_dag.py took 0.097 seconds
[2025-08-17T01:22:11.071+0000] {processor.py:161} INFO - Started process (PID=614) to work on /home/airflow/.local/lib/python3.12/site-packages/airflow/example_dags/tutorial_dag.py
[2025-08-17T01:22:11.072+0000] {processor.py:830} INFO - Processing file /home/airflow/.local/lib/python3.12/site-packages/airflow/example_dags/tutorial_dag.py for tasks to queue
[2025-08-17T01:22:11.075+0000] {logging_mixin.py:188} INFO - [2025-08-17T01:22:11.075+0000] {dagbag.py:545} INFO - Filling up the DagBag from /home/airflow/.local/lib/python3.12/site-packages/airflow/example_dags/tutorial_dag.py
[2025-08-17T01:22:11.081+0000] {processor.py:840} INFO - DAG(s) 'tutorial_dag' retrieved from /home/airflow/.local/lib/python3.12/site-packages/airflow/example_dags/tutorial_dag.py
[2025-08-17T01:22:11.108+0000] {logging_mixin.py:188} INFO - [2025-08-17T01:22:11.107+0000] {dag.py:3089} INFO - Sync 1 DAGs
[2025-08-17T01:22:11.123+0000] {logging_mixin.py:188} INFO - [2025-08-17T01:22:11.123+0000] {dag.py:3947} INFO - Setting next_dagrun for tutorial_dag to None, run_after=None
[2025-08-17T01:22:11.145+0000] {processor.py:183} INFO - Processing /home/airflow/.local/lib/python3.12/site-packages/airflow/example_dags/tutorial_dag.py took 0.081 seconds
[2025-08-17T01:22:41.330+0000] {processor.py:161} INFO - Started process (PID=673) to work on /home/airflow/.local/lib/python3.12/site-packages/airflow/example_dags/tutorial_dag.py
[2025-08-17T01:22:41.331+0000] {processor.py:830} INFO - Processing file /home/airflow/.local/lib/python3.12/site-packages/airflow/example_dags/tutorial_dag.py for tasks to queue
[2025-08-17T01:22:41.333+0000] {logging_mixin.py:188} INFO - [2025-08-17T01:22:41.332+0000] {dagbag.py:545} INFO - Filling up the DagBag from /home/airflow/.local/lib/python3.12/site-packages/airflow/example_dags/tutorial_dag.py
[2025-08-17T01:22:41.338+0000] {processor.py:840} INFO - DAG(s) 'tutorial_dag' retrieved from /home/airflow/.local/lib/python3.12/site-packages/airflow/example_dags/tutorial_dag.py
[2025-08-17T01:22:41.359+0000] {logging_mixin.py:188} INFO - [2025-08-17T01:22:41.359+0000] {dag.py:3089} INFO - Sync 1 DAGs
[2025-08-17T01:22:41.371+0000] {logging_mixin.py:188} INFO - [2025-08-17T01:22:41.371+0000] {dag.py:3947} INFO - Setting next_dagrun for tutorial_dag to None, run_after=None
[2025-08-17T01:22:41.391+0000] {processor.py:183} INFO - Processing /home/airflow/.local/lib/python3.12/site-packages/airflow/example_dags/tutorial_dag.py took 0.066 seconds
[2025-08-17T01:23:11.675+0000] {processor.py:161} INFO - Started process (PID=732) to work on /home/airflow/.local/lib/python3.12/site-packages/airflow/example_dags/tutorial_dag.py
[2025-08-17T01:23:11.676+0000] {processor.py:830} INFO - Processing file /home/airflow/.local/lib/python3.12/site-packages/airflow/example_dags/tutorial_dag.py for tasks to queue
[2025-08-17T01:23:11.678+0000] {logging_mixin.py:188} INFO - [2025-08-17T01:23:11.678+0000] {dagbag.py:545} INFO - Filling up the DagBag from /home/airflow/.local/lib/python3.12/site-packages/airflow/example_dags/tutorial_dag.py
[2025-08-17T01:23:11.684+0000] {processor.py:840} INFO - DAG(s) 'tutorial_dag' retrieved from /home/airflow/.local/lib/python3.12/site-packages/airflow/example_dags/tutorial_dag.py
[2025-08-17T01:23:11.705+0000] {logging_mixin.py:188} INFO - [2025-08-17T01:23:11.705+0000] {dag.py:3089} INFO - Sync 1 DAGs
[2025-08-17T01:23:11.719+0000] {logging_mixin.py:188} INFO - [2025-08-17T01:23:11.718+0000] {dag.py:3947} INFO - Setting next_dagrun for tutorial_dag to None, run_after=None
[2025-08-17T01:23:11.739+0000] {processor.py:183} INFO - Processing /home/airflow/.local/lib/python3.12/site-packages/airflow/example_dags/tutorial_dag.py took 0.070 seconds
[2025-08-17T01:23:42.467+0000] {processor.py:161} INFO - Started process (PID=791) to work on /home/airflow/.local/lib/python3.12/site-packages/airflow/example_dags/tutorial_dag.py
[2025-08-17T01:23:42.468+0000] {processor.py:830} INFO - Processing file /home/airflow/.local/lib/python3.12/site-packages/airflow/example_dags/tutorial_dag.py for tasks to queue
[2025-08-17T01:23:42.471+0000] {logging_mixin.py:188} INFO - [2025-08-17T01:23:42.470+0000] {dagbag.py:545} INFO - Filling up the DagBag from /home/airflow/.local/lib/python3.12/site-packages/airflow/example_dags/tutorial_dag.py
[2025-08-17T01:23:42.478+0000] {processor.py:840} INFO - DAG(s) 'tutorial_dag' retrieved from /home/airflow/.local/lib/python3.12/site-packages/airflow/example_dags/tutorial_dag.py
[2025-08-17T01:23:42.500+0000] {logging_mixin.py:188} INFO - [2025-08-17T01:23:42.499+0000] {dag.py:3089} INFO - Sync 1 DAGs
[2025-08-17T01:23:42.512+0000] {logging_mixin.py:188} INFO - [2025-08-17T01:23:42.512+0000] {dag.py:3947} INFO - Setting next_dagrun for tutorial_dag to None, run_after=None
[2025-08-17T01:23:42.530+0000] {processor.py:183} INFO - Processing /home/airflow/.local/lib/python3.12/site-packages/airflow/example_dags/tutorial_dag.py took 0.069 seconds
[2025-08-17T01:24:12.868+0000] {processor.py:161} INFO - Started process (PID=850) to work on /home/airflow/.local/lib/python3.12/site-packages/airflow/example_dags/tutorial_dag.py
[2025-08-17T01:24:12.869+0000] {processor.py:830} INFO - Processing file /home/airflow/.local/lib/python3.12/site-packages/airflow/example_dags/tutorial_dag.py for tasks to queue
[2025-08-17T01:24:12.872+0000] {logging_mixin.py:188} INFO - [2025-08-17T01:24:12.871+0000] {dagbag.py:545} INFO - Filling up the DagBag from /home/airflow/.local/lib/python3.12/site-packages/airflow/example_dags/tutorial_dag.py
[2025-08-17T01:24:12.878+0000] {processor.py:840} INFO - DAG(s) 'tutorial_dag' retrieved from /home/airflow/.local/lib/python3.12/site-packages/airflow/example_dags/tutorial_dag.py
[2025-08-17T01:24:12.901+0000] {logging_mixin.py:188} INFO - [2025-08-17T01:24:12.901+0000] {dag.py:3089} INFO - Sync 1 DAGs
[2025-08-17T01:24:12.914+0000] {logging_mixin.py:188} INFO - [2025-08-17T01:24:12.914+0000] {dag.py:3947} INFO - Setting next_dagrun for tutorial_dag to None, run_after=None
[2025-08-17T01:24:12.937+0000] {processor.py:183} INFO - Processing /home/airflow/.local/lib/python3.12/site-packages/airflow/example_dags/tutorial_dag.py took 0.075 seconds
[2025-08-17T01:24:43.081+0000] {processor.py:161} INFO - Started process (PID=909) to work on /home/airflow/.local/lib/python3.12/site-packages/airflow/example_dags/tutorial_dag.py
[2025-08-17T01:24:43.083+0000] {processor.py:830} INFO - Processing file /home/airflow/.local/lib/python3.12/site-packages/airflow/example_dags/tutorial_dag.py for tasks to queue
[2025-08-17T01:24:43.086+0000] {logging_mixin.py:188} INFO - [2025-08-17T01:24:43.086+0000] {dagbag.py:545} INFO - Filling up the DagBag from /home/airflow/.local/lib/python3.12/site-packages/airflow/example_dags/tutorial_dag.py
[2025-08-17T01:24:43.092+0000] {processor.py:840} INFO - DAG(s) 'tutorial_dag' retrieved from /home/airflow/.local/lib/python3.12/site-packages/airflow/example_dags/tutorial_dag.py
[2025-08-17T01:24:43.115+0000] {logging_mixin.py:188} INFO - [2025-08-17T01:24:43.115+0000] {dag.py:3089} INFO - Sync 1 DAGs
[2025-08-17T01:24:43.128+0000] {logging_mixin.py:188} INFO - [2025-08-17T01:24:43.128+0000] {dag.py:3947} INFO - Setting next_dagrun for tutorial_dag to None, run_after=None
[2025-08-17T01:24:43.152+0000] {processor.py:183} INFO - Processing /home/airflow/.local/lib/python3.12/site-packages/airflow/example_dags/tutorial_dag.py took 0.078 seconds
[2025-08-17T01:25:13.477+0000] {processor.py:161} INFO - Started process (PID=968) to work on /home/airflow/.local/lib/python3.12/site-packages/airflow/example_dags/tutorial_dag.py
[2025-08-17T01:25:13.479+0000] {processor.py:830} INFO - Processing file /home/airflow/.local/lib/python3.12/site-packages/airflow/example_dags/tutorial_dag.py for tasks to queue
[2025-08-17T01:25:13.482+0000] {logging_mixin.py:188} INFO - [2025-08-17T01:25:13.481+0000] {dagbag.py:545} INFO - Filling up the DagBag from /home/airflow/.local/lib/python3.12/site-packages/airflow/example_dags/tutorial_dag.py
[2025-08-17T01:25:13.488+0000] {processor.py:840} INFO - DAG(s) 'tutorial_dag' retrieved from /home/airflow/.local/lib/python3.12/site-packages/airflow/example_dags/tutorial_dag.py
[2025-08-17T01:25:13.517+0000] {logging_mixin.py:188} INFO - [2025-08-17T01:25:13.517+0000] {dag.py:3089} INFO - Sync 1 DAGs
[2025-08-17T01:25:13.532+0000] {logging_mixin.py:188} INFO - [2025-08-17T01:25:13.532+0000] {dag.py:3947} INFO - Setting next_dagrun for tutorial_dag to None, run_after=None
[2025-08-17T01:25:13.556+0000] {processor.py:183} INFO - Processing /home/airflow/.local/lib/python3.12/site-packages/airflow/example_dags/tutorial_dag.py took 0.086 seconds
[2025-08-17T01:26:39.461+0000] {processor.py:161} INFO - Started process (PID=76) to work on /home/airflow/.local/lib/python3.12/site-packages/airflow/example_dags/tutorial_dag.py
[2025-08-17T01:26:39.462+0000] {processor.py:830} INFO - Processing file /home/airflow/.local/lib/python3.12/site-packages/airflow/example_dags/tutorial_dag.py for tasks to queue
[2025-08-17T01:26:39.465+0000] {logging_mixin.py:188} INFO - [2025-08-17T01:26:39.464+0000] {dagbag.py:545} INFO - Filling up the DagBag from /home/airflow/.local/lib/python3.12/site-packages/airflow/example_dags/tutorial_dag.py
[2025-08-17T01:26:39.475+0000] {processor.py:840} INFO - DAG(s) 'tutorial_dag' retrieved from /home/airflow/.local/lib/python3.12/site-packages/airflow/example_dags/tutorial_dag.py
[2025-08-17T01:26:39.657+0000] {logging_mixin.py:188} INFO - [2025-08-17T01:26:39.657+0000] {dag.py:3089} INFO - Sync 1 DAGs
[2025-08-17T01:26:39.676+0000] {logging_mixin.py:188} INFO - [2025-08-17T01:26:39.676+0000] {dag.py:3947} INFO - Setting next_dagrun for tutorial_dag to None, run_after=None
[2025-08-17T01:26:39.712+0000] {processor.py:183} INFO - Processing /home/airflow/.local/lib/python3.12/site-packages/airflow/example_dags/tutorial_dag.py took 0.259 seconds
[2025-08-17T01:27:09.816+0000] {processor.py:161} INFO - Started process (PID=135) to work on /home/airflow/.local/lib/python3.12/site-packages/airflow/example_dags/tutorial_dag.py
[2025-08-17T01:27:09.818+0000] {processor.py:830} INFO - Processing file /home/airflow/.local/lib/python3.12/site-packages/airflow/example_dags/tutorial_dag.py for tasks to queue
[2025-08-17T01:27:09.822+0000] {logging_mixin.py:188} INFO - [2025-08-17T01:27:09.821+0000] {dagbag.py:545} INFO - Filling up the DagBag from /home/airflow/.local/lib/python3.12/site-packages/airflow/example_dags/tutorial_dag.py
[2025-08-17T01:27:09.829+0000] {processor.py:840} INFO - DAG(s) 'tutorial_dag' retrieved from /home/airflow/.local/lib/python3.12/site-packages/airflow/example_dags/tutorial_dag.py
[2025-08-17T01:27:09.848+0000] {logging_mixin.py:188} INFO - [2025-08-17T01:27:09.847+0000] {dag.py:3089} INFO - Sync 1 DAGs
[2025-08-17T01:27:09.864+0000] {logging_mixin.py:188} INFO - [2025-08-17T01:27:09.863+0000] {dag.py:3947} INFO - Setting next_dagrun for tutorial_dag to None, run_after=None
[2025-08-17T01:27:09.889+0000] {processor.py:183} INFO - Processing /home/airflow/.local/lib/python3.12/site-packages/airflow/example_dags/tutorial_dag.py took 0.080 seconds
[2025-08-17T01:27:40.854+0000] {processor.py:161} INFO - Started process (PID=200) to work on /home/airflow/.local/lib/python3.12/site-packages/airflow/example_dags/tutorial_dag.py
[2025-08-17T01:27:40.856+0000] {processor.py:830} INFO - Processing file /home/airflow/.local/lib/python3.12/site-packages/airflow/example_dags/tutorial_dag.py for tasks to queue
[2025-08-17T01:27:40.860+0000] {logging_mixin.py:188} INFO - [2025-08-17T01:27:40.859+0000] {dagbag.py:545} INFO - Filling up the DagBag from /home/airflow/.local/lib/python3.12/site-packages/airflow/example_dags/tutorial_dag.py
[2025-08-17T01:27:40.867+0000] {processor.py:840} INFO - DAG(s) 'tutorial_dag' retrieved from /home/airflow/.local/lib/python3.12/site-packages/airflow/example_dags/tutorial_dag.py
[2025-08-17T01:27:40.996+0000] {logging_mixin.py:188} INFO - [2025-08-17T01:27:40.995+0000] {dag.py:3089} INFO - Sync 1 DAGs
[2025-08-17T01:27:41.008+0000] {logging_mixin.py:188} INFO - [2025-08-17T01:27:41.008+0000] {dag.py:3947} INFO - Setting next_dagrun for tutorial_dag to None, run_after=None
[2025-08-17T01:27:41.032+0000] {processor.py:183} INFO - Processing /home/airflow/.local/lib/python3.12/site-packages/airflow/example_dags/tutorial_dag.py took 0.186 seconds
[2025-08-17T01:28:11.383+0000] {processor.py:161} INFO - Started process (PID=259) to work on /home/airflow/.local/lib/python3.12/site-packages/airflow/example_dags/tutorial_dag.py
[2025-08-17T01:28:11.384+0000] {processor.py:830} INFO - Processing file /home/airflow/.local/lib/python3.12/site-packages/airflow/example_dags/tutorial_dag.py for tasks to queue
[2025-08-17T01:28:11.387+0000] {logging_mixin.py:188} INFO - [2025-08-17T01:28:11.386+0000] {dagbag.py:545} INFO - Filling up the DagBag from /home/airflow/.local/lib/python3.12/site-packages/airflow/example_dags/tutorial_dag.py
[2025-08-17T01:28:11.394+0000] {processor.py:840} INFO - DAG(s) 'tutorial_dag' retrieved from /home/airflow/.local/lib/python3.12/site-packages/airflow/example_dags/tutorial_dag.py
[2025-08-17T01:28:11.434+0000] {logging_mixin.py:188} INFO - [2025-08-17T01:28:11.433+0000] {dag.py:3089} INFO - Sync 1 DAGs
[2025-08-17T01:28:11.451+0000] {logging_mixin.py:188} INFO - [2025-08-17T01:28:11.451+0000] {dag.py:3947} INFO - Setting next_dagrun for tutorial_dag to None, run_after=None
[2025-08-17T01:28:11.484+0000] {processor.py:183} INFO - Processing /home/airflow/.local/lib/python3.12/site-packages/airflow/example_dags/tutorial_dag.py took 0.110 seconds
[2025-08-17T01:28:41.837+0000] {processor.py:161} INFO - Started process (PID=318) to work on /home/airflow/.local/lib/python3.12/site-packages/airflow/example_dags/tutorial_dag.py
[2025-08-17T01:28:41.839+0000] {processor.py:830} INFO - Processing file /home/airflow/.local/lib/python3.12/site-packages/airflow/example_dags/tutorial_dag.py for tasks to queue
[2025-08-17T01:28:41.842+0000] {logging_mixin.py:188} INFO - [2025-08-17T01:28:41.841+0000] {dagbag.py:545} INFO - Filling up the DagBag from /home/airflow/.local/lib/python3.12/site-packages/airflow/example_dags/tutorial_dag.py
[2025-08-17T01:28:41.849+0000] {processor.py:840} INFO - DAG(s) 'tutorial_dag' retrieved from /home/airflow/.local/lib/python3.12/site-packages/airflow/example_dags/tutorial_dag.py
[2025-08-17T01:28:41.877+0000] {logging_mixin.py:188} INFO - [2025-08-17T01:28:41.876+0000] {dag.py:3089} INFO - Sync 1 DAGs
[2025-08-17T01:28:41.891+0000] {logging_mixin.py:188} INFO - [2025-08-17T01:28:41.891+0000] {dag.py:3947} INFO - Setting next_dagrun for tutorial_dag to None, run_after=None
[2025-08-17T01:28:41.916+0000] {processor.py:183} INFO - Processing /home/airflow/.local/lib/python3.12/site-packages/airflow/example_dags/tutorial_dag.py took 0.086 seconds
[2025-08-17T01:29:12.193+0000] {processor.py:161} INFO - Started process (PID=378) to work on /home/airflow/.local/lib/python3.12/site-packages/airflow/example_dags/tutorial_dag.py
[2025-08-17T01:29:12.195+0000] {processor.py:830} INFO - Processing file /home/airflow/.local/lib/python3.12/site-packages/airflow/example_dags/tutorial_dag.py for tasks to queue
[2025-08-17T01:29:12.197+0000] {logging_mixin.py:188} INFO - [2025-08-17T01:29:12.197+0000] {dagbag.py:545} INFO - Filling up the DagBag from /home/airflow/.local/lib/python3.12/site-packages/airflow/example_dags/tutorial_dag.py
[2025-08-17T01:29:12.204+0000] {processor.py:840} INFO - DAG(s) 'tutorial_dag' retrieved from /home/airflow/.local/lib/python3.12/site-packages/airflow/example_dags/tutorial_dag.py
[2025-08-17T01:29:12.229+0000] {logging_mixin.py:188} INFO - [2025-08-17T01:29:12.229+0000] {dag.py:3089} INFO - Sync 1 DAGs
[2025-08-17T01:29:12.244+0000] {logging_mixin.py:188} INFO - [2025-08-17T01:29:12.243+0000] {dag.py:3947} INFO - Setting next_dagrun for tutorial_dag to None, run_after=None
[2025-08-17T01:29:12.266+0000] {processor.py:183} INFO - Processing /home/airflow/.local/lib/python3.12/site-packages/airflow/example_dags/tutorial_dag.py took 0.080 seconds
[2025-08-17T01:29:42.571+0000] {processor.py:161} INFO - Started process (PID=438) to work on /home/airflow/.local/lib/python3.12/site-packages/airflow/example_dags/tutorial_dag.py
[2025-08-17T01:29:42.572+0000] {processor.py:830} INFO - Processing file /home/airflow/.local/lib/python3.12/site-packages/airflow/example_dags/tutorial_dag.py for tasks to queue
[2025-08-17T01:29:42.574+0000] {logging_mixin.py:188} INFO - [2025-08-17T01:29:42.574+0000] {dagbag.py:545} INFO - Filling up the DagBag from /home/airflow/.local/lib/python3.12/site-packages/airflow/example_dags/tutorial_dag.py
[2025-08-17T01:29:42.581+0000] {processor.py:840} INFO - DAG(s) 'tutorial_dag' retrieved from /home/airflow/.local/lib/python3.12/site-packages/airflow/example_dags/tutorial_dag.py
[2025-08-17T01:29:42.603+0000] {logging_mixin.py:188} INFO - [2025-08-17T01:29:42.602+0000] {dag.py:3089} INFO - Sync 1 DAGs
[2025-08-17T01:29:42.615+0000] {logging_mixin.py:188} INFO - [2025-08-17T01:29:42.615+0000] {dag.py:3947} INFO - Setting next_dagrun for tutorial_dag to None, run_after=None
[2025-08-17T01:29:42.633+0000] {processor.py:183} INFO - Processing /home/airflow/.local/lib/python3.12/site-packages/airflow/example_dags/tutorial_dag.py took 0.069 seconds
[2025-08-17T01:30:13.181+0000] {processor.py:161} INFO - Started process (PID=497) to work on /home/airflow/.local/lib/python3.12/site-packages/airflow/example_dags/tutorial_dag.py
[2025-08-17T01:30:13.183+0000] {processor.py:830} INFO - Processing file /home/airflow/.local/lib/python3.12/site-packages/airflow/example_dags/tutorial_dag.py for tasks to queue
[2025-08-17T01:30:13.185+0000] {logging_mixin.py:188} INFO - [2025-08-17T01:30:13.185+0000] {dagbag.py:545} INFO - Filling up the DagBag from /home/airflow/.local/lib/python3.12/site-packages/airflow/example_dags/tutorial_dag.py
[2025-08-17T01:30:13.193+0000] {processor.py:840} INFO - DAG(s) 'tutorial_dag' retrieved from /home/airflow/.local/lib/python3.12/site-packages/airflow/example_dags/tutorial_dag.py
[2025-08-17T01:30:13.221+0000] {logging_mixin.py:188} INFO - [2025-08-17T01:30:13.221+0000] {dag.py:3089} INFO - Sync 1 DAGs
[2025-08-17T01:30:13.234+0000] {logging_mixin.py:188} INFO - [2025-08-17T01:30:13.234+0000] {dag.py:3947} INFO - Setting next_dagrun for tutorial_dag to None, run_after=None
[2025-08-17T01:30:13.256+0000] {processor.py:183} INFO - Processing /home/airflow/.local/lib/python3.12/site-packages/airflow/example_dags/tutorial_dag.py took 0.081 seconds
[2025-08-17T01:30:43.653+0000] {processor.py:161} INFO - Started process (PID=556) to work on /home/airflow/.local/lib/python3.12/site-packages/airflow/example_dags/tutorial_dag.py
[2025-08-17T01:30:43.654+0000] {processor.py:830} INFO - Processing file /home/airflow/.local/lib/python3.12/site-packages/airflow/example_dags/tutorial_dag.py for tasks to queue
[2025-08-17T01:30:43.657+0000] {logging_mixin.py:188} INFO - [2025-08-17T01:30:43.657+0000] {dagbag.py:545} INFO - Filling up the DagBag from /home/airflow/.local/lib/python3.12/site-packages/airflow/example_dags/tutorial_dag.py
[2025-08-17T01:30:43.664+0000] {processor.py:840} INFO - DAG(s) 'tutorial_dag' retrieved from /home/airflow/.local/lib/python3.12/site-packages/airflow/example_dags/tutorial_dag.py
[2025-08-17T01:30:43.689+0000] {logging_mixin.py:188} INFO - [2025-08-17T01:30:43.689+0000] {dag.py:3089} INFO - Sync 1 DAGs
[2025-08-17T01:30:43.707+0000] {logging_mixin.py:188} INFO - [2025-08-17T01:30:43.706+0000] {dag.py:3947} INFO - Setting next_dagrun for tutorial_dag to None, run_after=None
[2025-08-17T01:30:43.734+0000] {processor.py:183} INFO - Processing /home/airflow/.local/lib/python3.12/site-packages/airflow/example_dags/tutorial_dag.py took 0.088 seconds
[2025-08-17T01:31:14.132+0000] {processor.py:161} INFO - Started process (PID=615) to work on /home/airflow/.local/lib/python3.12/site-packages/airflow/example_dags/tutorial_dag.py
[2025-08-17T01:31:14.133+0000] {processor.py:830} INFO - Processing file /home/airflow/.local/lib/python3.12/site-packages/airflow/example_dags/tutorial_dag.py for tasks to queue
[2025-08-17T01:31:14.136+0000] {logging_mixin.py:188} INFO - [2025-08-17T01:31:14.135+0000] {dagbag.py:545} INFO - Filling up the DagBag from /home/airflow/.local/lib/python3.12/site-packages/airflow/example_dags/tutorial_dag.py
[2025-08-17T01:31:14.142+0000] {processor.py:840} INFO - DAG(s) 'tutorial_dag' retrieved from /home/airflow/.local/lib/python3.12/site-packages/airflow/example_dags/tutorial_dag.py
[2025-08-17T01:31:14.166+0000] {logging_mixin.py:188} INFO - [2025-08-17T01:31:14.166+0000] {dag.py:3089} INFO - Sync 1 DAGs
[2025-08-17T01:31:14.179+0000] {logging_mixin.py:188} INFO - [2025-08-17T01:31:14.179+0000] {dag.py:3947} INFO - Setting next_dagrun for tutorial_dag to None, run_after=None
[2025-08-17T01:31:14.201+0000] {processor.py:183} INFO - Processing /home/airflow/.local/lib/python3.12/site-packages/airflow/example_dags/tutorial_dag.py took 0.076 seconds
[2025-08-17T01:31:44.830+0000] {processor.py:161} INFO - Started process (PID=677) to work on /home/airflow/.local/lib/python3.12/site-packages/airflow/example_dags/tutorial_dag.py
[2025-08-17T01:31:44.831+0000] {processor.py:830} INFO - Processing file /home/airflow/.local/lib/python3.12/site-packages/airflow/example_dags/tutorial_dag.py for tasks to queue
[2025-08-17T01:31:44.834+0000] {logging_mixin.py:188} INFO - [2025-08-17T01:31:44.833+0000] {dagbag.py:545} INFO - Filling up the DagBag from /home/airflow/.local/lib/python3.12/site-packages/airflow/example_dags/tutorial_dag.py
[2025-08-17T01:31:44.841+0000] {processor.py:840} INFO - DAG(s) 'tutorial_dag' retrieved from /home/airflow/.local/lib/python3.12/site-packages/airflow/example_dags/tutorial_dag.py
[2025-08-17T01:31:44.868+0000] {logging_mixin.py:188} INFO - [2025-08-17T01:31:44.868+0000] {dag.py:3089} INFO - Sync 1 DAGs
[2025-08-17T01:31:44.884+0000] {logging_mixin.py:188} INFO - [2025-08-17T01:31:44.884+0000] {dag.py:3947} INFO - Setting next_dagrun for tutorial_dag to None, run_after=None
[2025-08-17T01:31:44.910+0000] {processor.py:183} INFO - Processing /home/airflow/.local/lib/python3.12/site-packages/airflow/example_dags/tutorial_dag.py took 0.086 seconds
