[2025-08-17T00:53:35.342+0000] {processor.py:161} INFO - Started process (PID=95) to work on /home/airflow/.local/lib/python3.12/site-packages/airflow/example_dags/tutorial_objectstorage.py
[2025-08-17T00:53:35.344+0000] {processor.py:830} INFO - Processing file /home/airflow/.local/lib/python3.12/site-packages/airflow/example_dags/tutorial_objectstorage.py for tasks to queue
[2025-08-17T00:53:35.346+0000] {logging_mixin.py:188} INFO - [2025-08-17T00:53:35.346+0000] {dagbag.py:545} INFO - Filling up the DagBag from /home/airflow/.local/lib/python3.12/site-packages/airflow/example_dags/tutorial_objectstorage.py
[2025-08-17T00:53:35.359+0000] {processor.py:840} INFO - DAG(s) 'tutorial_objectstorage' retrieved from /home/airflow/.local/lib/python3.12/site-packages/airflow/example_dags/tutorial_objectstorage.py
[2025-08-17T00:53:35.489+0000] {logging_mixin.py:188} INFO - [2025-08-17T00:53:35.489+0000] {dag.py:3089} INFO - Sync 1 DAGs
[2025-08-17T00:53:35.504+0000] {logging_mixin.py:188} INFO - [2025-08-17T00:53:35.504+0000] {dag.py:3947} INFO - Setting next_dagrun for tutorial_objectstorage to None, run_after=None
[2025-08-17T00:53:35.532+0000] {processor.py:183} INFO - Processing /home/airflow/.local/lib/python3.12/site-packages/airflow/example_dags/tutorial_objectstorage.py took 0.197 seconds
[2025-08-17T00:54:06.225+0000] {processor.py:161} INFO - Started process (PID=153) to work on /home/airflow/.local/lib/python3.12/site-packages/airflow/example_dags/tutorial_objectstorage.py
[2025-08-17T00:54:06.227+0000] {processor.py:830} INFO - Processing file /home/airflow/.local/lib/python3.12/site-packages/airflow/example_dags/tutorial_objectstorage.py for tasks to queue
[2025-08-17T00:54:06.230+0000] {logging_mixin.py:188} INFO - [2025-08-17T00:54:06.229+0000] {dagbag.py:545} INFO - Filling up the DagBag from /home/airflow/.local/lib/python3.12/site-packages/airflow/example_dags/tutorial_objectstorage.py
[2025-08-17T00:54:06.239+0000] {processor.py:840} INFO - DAG(s) 'tutorial_objectstorage' retrieved from /home/airflow/.local/lib/python3.12/site-packages/airflow/example_dags/tutorial_objectstorage.py
[2025-08-17T00:54:06.265+0000] {logging_mixin.py:188} INFO - [2025-08-17T00:54:06.265+0000] {dag.py:3089} INFO - Sync 1 DAGs
[2025-08-17T00:54:06.282+0000] {logging_mixin.py:188} INFO - [2025-08-17T00:54:06.282+0000] {dag.py:3947} INFO - Setting next_dagrun for tutorial_objectstorage to None, run_after=None
[2025-08-17T00:54:06.307+0000] {processor.py:183} INFO - Processing /home/airflow/.local/lib/python3.12/site-packages/airflow/example_dags/tutorial_objectstorage.py took 0.090 seconds
[2025-08-17T00:54:36.542+0000] {processor.py:161} INFO - Started process (PID=211) to work on /home/airflow/.local/lib/python3.12/site-packages/airflow/example_dags/tutorial_objectstorage.py
[2025-08-17T00:54:36.543+0000] {processor.py:830} INFO - Processing file /home/airflow/.local/lib/python3.12/site-packages/airflow/example_dags/tutorial_objectstorage.py for tasks to queue
[2025-08-17T00:54:36.545+0000] {logging_mixin.py:188} INFO - [2025-08-17T00:54:36.545+0000] {dagbag.py:545} INFO - Filling up the DagBag from /home/airflow/.local/lib/python3.12/site-packages/airflow/example_dags/tutorial_objectstorage.py
[2025-08-17T00:54:36.554+0000] {processor.py:840} INFO - DAG(s) 'tutorial_objectstorage' retrieved from /home/airflow/.local/lib/python3.12/site-packages/airflow/example_dags/tutorial_objectstorage.py
[2025-08-17T00:54:36.576+0000] {logging_mixin.py:188} INFO - [2025-08-17T00:54:36.576+0000] {dag.py:3089} INFO - Sync 1 DAGs
[2025-08-17T00:54:36.589+0000] {logging_mixin.py:188} INFO - [2025-08-17T00:54:36.589+0000] {dag.py:3947} INFO - Setting next_dagrun for tutorial_objectstorage to None, run_after=None
[2025-08-17T00:54:36.609+0000] {processor.py:183} INFO - Processing /home/airflow/.local/lib/python3.12/site-packages/airflow/example_dags/tutorial_objectstorage.py took 0.074 seconds
[2025-08-17T00:55:07.065+0000] {processor.py:161} INFO - Started process (PID=269) to work on /home/airflow/.local/lib/python3.12/site-packages/airflow/example_dags/tutorial_objectstorage.py
[2025-08-17T00:55:07.066+0000] {processor.py:830} INFO - Processing file /home/airflow/.local/lib/python3.12/site-packages/airflow/example_dags/tutorial_objectstorage.py for tasks to queue
[2025-08-17T00:55:07.068+0000] {logging_mixin.py:188} INFO - [2025-08-17T00:55:07.068+0000] {dagbag.py:545} INFO - Filling up the DagBag from /home/airflow/.local/lib/python3.12/site-packages/airflow/example_dags/tutorial_objectstorage.py
[2025-08-17T00:55:07.076+0000] {processor.py:840} INFO - DAG(s) 'tutorial_objectstorage' retrieved from /home/airflow/.local/lib/python3.12/site-packages/airflow/example_dags/tutorial_objectstorage.py
[2025-08-17T00:55:07.098+0000] {logging_mixin.py:188} INFO - [2025-08-17T00:55:07.097+0000] {dag.py:3089} INFO - Sync 1 DAGs
[2025-08-17T00:55:07.112+0000] {logging_mixin.py:188} INFO - [2025-08-17T00:55:07.112+0000] {dag.py:3947} INFO - Setting next_dagrun for tutorial_objectstorage to None, run_after=None
[2025-08-17T00:55:07.133+0000] {processor.py:183} INFO - Processing /home/airflow/.local/lib/python3.12/site-packages/airflow/example_dags/tutorial_objectstorage.py took 0.074 seconds
[2025-08-17T00:55:38.011+0000] {processor.py:161} INFO - Started process (PID=328) to work on /home/airflow/.local/lib/python3.12/site-packages/airflow/example_dags/tutorial_objectstorage.py
[2025-08-17T00:55:38.012+0000] {processor.py:830} INFO - Processing file /home/airflow/.local/lib/python3.12/site-packages/airflow/example_dags/tutorial_objectstorage.py for tasks to queue
[2025-08-17T00:55:38.014+0000] {logging_mixin.py:188} INFO - [2025-08-17T00:55:38.014+0000] {dagbag.py:545} INFO - Filling up the DagBag from /home/airflow/.local/lib/python3.12/site-packages/airflow/example_dags/tutorial_objectstorage.py
[2025-08-17T00:55:38.023+0000] {processor.py:840} INFO - DAG(s) 'tutorial_objectstorage' retrieved from /home/airflow/.local/lib/python3.12/site-packages/airflow/example_dags/tutorial_objectstorage.py
[2025-08-17T00:55:38.044+0000] {logging_mixin.py:188} INFO - [2025-08-17T00:55:38.043+0000] {dag.py:3089} INFO - Sync 1 DAGs
[2025-08-17T00:55:38.057+0000] {logging_mixin.py:188} INFO - [2025-08-17T00:55:38.056+0000] {dag.py:3947} INFO - Setting next_dagrun for tutorial_objectstorage to None, run_after=None
[2025-08-17T00:55:38.077+0000] {processor.py:183} INFO - Processing /home/airflow/.local/lib/python3.12/site-packages/airflow/example_dags/tutorial_objectstorage.py took 0.073 seconds
[2025-08-17T00:56:08.312+0000] {processor.py:161} INFO - Started process (PID=386) to work on /home/airflow/.local/lib/python3.12/site-packages/airflow/example_dags/tutorial_objectstorage.py
[2025-08-17T00:56:08.313+0000] {processor.py:830} INFO - Processing file /home/airflow/.local/lib/python3.12/site-packages/airflow/example_dags/tutorial_objectstorage.py for tasks to queue
[2025-08-17T00:56:08.317+0000] {logging_mixin.py:188} INFO - [2025-08-17T00:56:08.317+0000] {dagbag.py:545} INFO - Filling up the DagBag from /home/airflow/.local/lib/python3.12/site-packages/airflow/example_dags/tutorial_objectstorage.py
[2025-08-17T00:56:08.330+0000] {processor.py:840} INFO - DAG(s) 'tutorial_objectstorage' retrieved from /home/airflow/.local/lib/python3.12/site-packages/airflow/example_dags/tutorial_objectstorage.py
[2025-08-17T00:56:08.358+0000] {logging_mixin.py:188} INFO - [2025-08-17T00:56:08.358+0000] {dag.py:3089} INFO - Sync 1 DAGs
[2025-08-17T00:56:08.376+0000] {logging_mixin.py:188} INFO - [2025-08-17T00:56:08.375+0000] {dag.py:3947} INFO - Setting next_dagrun for tutorial_objectstorage to None, run_after=None
[2025-08-17T00:56:08.414+0000] {processor.py:183} INFO - Processing /home/airflow/.local/lib/python3.12/site-packages/airflow/example_dags/tutorial_objectstorage.py took 0.114 seconds
[2025-08-17T00:56:39.299+0000] {processor.py:161} INFO - Started process (PID=444) to work on /home/airflow/.local/lib/python3.12/site-packages/airflow/example_dags/tutorial_objectstorage.py
[2025-08-17T00:56:39.300+0000] {processor.py:830} INFO - Processing file /home/airflow/.local/lib/python3.12/site-packages/airflow/example_dags/tutorial_objectstorage.py for tasks to queue
[2025-08-17T00:56:39.302+0000] {logging_mixin.py:188} INFO - [2025-08-17T00:56:39.302+0000] {dagbag.py:545} INFO - Filling up the DagBag from /home/airflow/.local/lib/python3.12/site-packages/airflow/example_dags/tutorial_objectstorage.py
[2025-08-17T00:56:39.310+0000] {processor.py:840} INFO - DAG(s) 'tutorial_objectstorage' retrieved from /home/airflow/.local/lib/python3.12/site-packages/airflow/example_dags/tutorial_objectstorage.py
[2025-08-17T00:56:39.332+0000] {logging_mixin.py:188} INFO - [2025-08-17T00:56:39.332+0000] {dag.py:3089} INFO - Sync 1 DAGs
[2025-08-17T00:56:39.345+0000] {logging_mixin.py:188} INFO - [2025-08-17T00:56:39.345+0000] {dag.py:3947} INFO - Setting next_dagrun for tutorial_objectstorage to None, run_after=None
[2025-08-17T00:56:39.366+0000] {processor.py:183} INFO - Processing /home/airflow/.local/lib/python3.12/site-packages/airflow/example_dags/tutorial_objectstorage.py took 0.072 seconds
[2025-08-17T00:57:09.625+0000] {processor.py:161} INFO - Started process (PID=502) to work on /home/airflow/.local/lib/python3.12/site-packages/airflow/example_dags/tutorial_objectstorage.py
[2025-08-17T00:57:09.626+0000] {processor.py:830} INFO - Processing file /home/airflow/.local/lib/python3.12/site-packages/airflow/example_dags/tutorial_objectstorage.py for tasks to queue
[2025-08-17T00:57:09.628+0000] {logging_mixin.py:188} INFO - [2025-08-17T00:57:09.628+0000] {dagbag.py:545} INFO - Filling up the DagBag from /home/airflow/.local/lib/python3.12/site-packages/airflow/example_dags/tutorial_objectstorage.py
[2025-08-17T00:57:09.636+0000] {processor.py:840} INFO - DAG(s) 'tutorial_objectstorage' retrieved from /home/airflow/.local/lib/python3.12/site-packages/airflow/example_dags/tutorial_objectstorage.py
[2025-08-17T00:57:09.658+0000] {logging_mixin.py:188} INFO - [2025-08-17T00:57:09.658+0000] {dag.py:3089} INFO - Sync 1 DAGs
[2025-08-17T00:57:09.671+0000] {logging_mixin.py:188} INFO - [2025-08-17T00:57:09.671+0000] {dag.py:3947} INFO - Setting next_dagrun for tutorial_objectstorage to None, run_after=None
[2025-08-17T00:57:09.693+0000] {processor.py:183} INFO - Processing /home/airflow/.local/lib/python3.12/site-packages/airflow/example_dags/tutorial_objectstorage.py took 0.074 seconds
[2025-08-17T00:57:40.186+0000] {processor.py:161} INFO - Started process (PID=560) to work on /home/airflow/.local/lib/python3.12/site-packages/airflow/example_dags/tutorial_objectstorage.py
[2025-08-17T00:57:40.187+0000] {processor.py:830} INFO - Processing file /home/airflow/.local/lib/python3.12/site-packages/airflow/example_dags/tutorial_objectstorage.py for tasks to queue
[2025-08-17T00:57:40.190+0000] {logging_mixin.py:188} INFO - [2025-08-17T00:57:40.190+0000] {dagbag.py:545} INFO - Filling up the DagBag from /home/airflow/.local/lib/python3.12/site-packages/airflow/example_dags/tutorial_objectstorage.py
[2025-08-17T00:57:40.198+0000] {processor.py:840} INFO - DAG(s) 'tutorial_objectstorage' retrieved from /home/airflow/.local/lib/python3.12/site-packages/airflow/example_dags/tutorial_objectstorage.py
[2025-08-17T00:57:40.220+0000] {logging_mixin.py:188} INFO - [2025-08-17T00:57:40.220+0000] {dag.py:3089} INFO - Sync 1 DAGs
[2025-08-17T00:57:40.234+0000] {logging_mixin.py:188} INFO - [2025-08-17T00:57:40.233+0000] {dag.py:3947} INFO - Setting next_dagrun for tutorial_objectstorage to None, run_after=None
[2025-08-17T00:57:40.254+0000] {processor.py:183} INFO - Processing /home/airflow/.local/lib/python3.12/site-packages/airflow/example_dags/tutorial_objectstorage.py took 0.073 seconds
[2025-08-17T00:58:10.887+0000] {processor.py:161} INFO - Started process (PID=618) to work on /home/airflow/.local/lib/python3.12/site-packages/airflow/example_dags/tutorial_objectstorage.py
[2025-08-17T00:58:10.888+0000] {processor.py:830} INFO - Processing file /home/airflow/.local/lib/python3.12/site-packages/airflow/example_dags/tutorial_objectstorage.py for tasks to queue
[2025-08-17T00:58:10.890+0000] {logging_mixin.py:188} INFO - [2025-08-17T00:58:10.890+0000] {dagbag.py:545} INFO - Filling up the DagBag from /home/airflow/.local/lib/python3.12/site-packages/airflow/example_dags/tutorial_objectstorage.py
[2025-08-17T00:58:10.898+0000] {processor.py:840} INFO - DAG(s) 'tutorial_objectstorage' retrieved from /home/airflow/.local/lib/python3.12/site-packages/airflow/example_dags/tutorial_objectstorage.py
[2025-08-17T00:58:10.920+0000] {logging_mixin.py:188} INFO - [2025-08-17T00:58:10.920+0000] {dag.py:3089} INFO - Sync 1 DAGs
[2025-08-17T00:58:10.934+0000] {logging_mixin.py:188} INFO - [2025-08-17T00:58:10.933+0000] {dag.py:3947} INFO - Setting next_dagrun for tutorial_objectstorage to None, run_after=None
[2025-08-17T00:58:10.955+0000] {processor.py:183} INFO - Processing /home/airflow/.local/lib/python3.12/site-packages/airflow/example_dags/tutorial_objectstorage.py took 0.075 seconds
[2025-08-17T00:58:41.481+0000] {processor.py:161} INFO - Started process (PID=677) to work on /home/airflow/.local/lib/python3.12/site-packages/airflow/example_dags/tutorial_objectstorage.py
[2025-08-17T00:58:41.482+0000] {processor.py:830} INFO - Processing file /home/airflow/.local/lib/python3.12/site-packages/airflow/example_dags/tutorial_objectstorage.py for tasks to queue
[2025-08-17T00:58:41.484+0000] {logging_mixin.py:188} INFO - [2025-08-17T00:58:41.484+0000] {dagbag.py:545} INFO - Filling up the DagBag from /home/airflow/.local/lib/python3.12/site-packages/airflow/example_dags/tutorial_objectstorage.py
[2025-08-17T00:58:41.493+0000] {processor.py:840} INFO - DAG(s) 'tutorial_objectstorage' retrieved from /home/airflow/.local/lib/python3.12/site-packages/airflow/example_dags/tutorial_objectstorage.py
[2025-08-17T00:58:41.516+0000] {logging_mixin.py:188} INFO - [2025-08-17T00:58:41.516+0000] {dag.py:3089} INFO - Sync 1 DAGs
[2025-08-17T00:58:41.530+0000] {logging_mixin.py:188} INFO - [2025-08-17T00:58:41.530+0000] {dag.py:3947} INFO - Setting next_dagrun for tutorial_objectstorage to None, run_after=None
[2025-08-17T00:58:41.549+0000] {processor.py:183} INFO - Processing /home/airflow/.local/lib/python3.12/site-packages/airflow/example_dags/tutorial_objectstorage.py took 0.074 seconds
[2025-08-17T00:59:12.346+0000] {processor.py:161} INFO - Started process (PID=736) to work on /home/airflow/.local/lib/python3.12/site-packages/airflow/example_dags/tutorial_objectstorage.py
[2025-08-17T00:59:12.348+0000] {processor.py:830} INFO - Processing file /home/airflow/.local/lib/python3.12/site-packages/airflow/example_dags/tutorial_objectstorage.py for tasks to queue
[2025-08-17T00:59:12.350+0000] {logging_mixin.py:188} INFO - [2025-08-17T00:59:12.350+0000] {dagbag.py:545} INFO - Filling up the DagBag from /home/airflow/.local/lib/python3.12/site-packages/airflow/example_dags/tutorial_objectstorage.py
[2025-08-17T00:59:12.360+0000] {processor.py:840} INFO - DAG(s) 'tutorial_objectstorage' retrieved from /home/airflow/.local/lib/python3.12/site-packages/airflow/example_dags/tutorial_objectstorage.py
[2025-08-17T00:59:12.387+0000] {logging_mixin.py:188} INFO - [2025-08-17T00:59:12.386+0000] {dag.py:3089} INFO - Sync 1 DAGs
[2025-08-17T00:59:12.402+0000] {logging_mixin.py:188} INFO - [2025-08-17T00:59:12.401+0000] {dag.py:3947} INFO - Setting next_dagrun for tutorial_objectstorage to None, run_after=None
[2025-08-17T00:59:12.427+0000] {processor.py:183} INFO - Processing /home/airflow/.local/lib/python3.12/site-packages/airflow/example_dags/tutorial_objectstorage.py took 0.089 seconds
[2025-08-17T01:00:12.059+0000] {processor.py:161} INFO - Started process (PID=83) to work on /home/airflow/.local/lib/python3.12/site-packages/airflow/example_dags/tutorial_objectstorage.py
[2025-08-17T01:00:12.062+0000] {processor.py:830} INFO - Processing file /home/airflow/.local/lib/python3.12/site-packages/airflow/example_dags/tutorial_objectstorage.py for tasks to queue
[2025-08-17T01:00:12.065+0000] {logging_mixin.py:188} INFO - [2025-08-17T01:00:12.065+0000] {dagbag.py:545} INFO - Filling up the DagBag from /home/airflow/.local/lib/python3.12/site-packages/airflow/example_dags/tutorial_objectstorage.py
[2025-08-17T01:00:12.086+0000] {processor.py:840} INFO - DAG(s) 'tutorial_objectstorage' retrieved from /home/airflow/.local/lib/python3.12/site-packages/airflow/example_dags/tutorial_objectstorage.py
[2025-08-17T01:00:12.113+0000] {logging_mixin.py:188} INFO - [2025-08-17T01:00:12.112+0000] {dag.py:3089} INFO - Sync 1 DAGs
[2025-08-17T01:00:12.137+0000] {logging_mixin.py:188} INFO - [2025-08-17T01:00:12.137+0000] {dag.py:3947} INFO - Setting next_dagrun for tutorial_objectstorage to None, run_after=None
[2025-08-17T01:00:12.168+0000] {processor.py:183} INFO - Processing /home/airflow/.local/lib/python3.12/site-packages/airflow/example_dags/tutorial_objectstorage.py took 0.120 seconds
[2025-08-17T01:01:35.066+0000] {processor.py:161} INFO - Started process (PID=83) to work on /home/airflow/.local/lib/python3.12/site-packages/airflow/example_dags/tutorial_objectstorage.py
[2025-08-17T01:01:35.068+0000] {processor.py:830} INFO - Processing file /home/airflow/.local/lib/python3.12/site-packages/airflow/example_dags/tutorial_objectstorage.py for tasks to queue
[2025-08-17T01:01:35.072+0000] {logging_mixin.py:188} INFO - [2025-08-17T01:01:35.071+0000] {dagbag.py:545} INFO - Filling up the DagBag from /home/airflow/.local/lib/python3.12/site-packages/airflow/example_dags/tutorial_objectstorage.py
[2025-08-17T01:01:35.087+0000] {processor.py:840} INFO - DAG(s) 'tutorial_objectstorage' retrieved from /home/airflow/.local/lib/python3.12/site-packages/airflow/example_dags/tutorial_objectstorage.py
[2025-08-17T01:01:35.109+0000] {logging_mixin.py:188} INFO - [2025-08-17T01:01:35.108+0000] {dag.py:3089} INFO - Sync 1 DAGs
[2025-08-17T01:01:35.131+0000] {logging_mixin.py:188} INFO - [2025-08-17T01:01:35.131+0000] {dag.py:3947} INFO - Setting next_dagrun for tutorial_objectstorage to None, run_after=None
[2025-08-17T01:01:35.161+0000] {processor.py:183} INFO - Processing /home/airflow/.local/lib/python3.12/site-packages/airflow/example_dags/tutorial_objectstorage.py took 0.104 seconds
[2025-08-17T01:02:06.459+0000] {processor.py:161} INFO - Started process (PID=142) to work on /home/airflow/.local/lib/python3.12/site-packages/airflow/example_dags/tutorial_objectstorage.py
[2025-08-17T01:02:06.461+0000] {processor.py:830} INFO - Processing file /home/airflow/.local/lib/python3.12/site-packages/airflow/example_dags/tutorial_objectstorage.py for tasks to queue
[2025-08-17T01:02:06.463+0000] {logging_mixin.py:188} INFO - [2025-08-17T01:02:06.463+0000] {dagbag.py:545} INFO - Filling up the DagBag from /home/airflow/.local/lib/python3.12/site-packages/airflow/example_dags/tutorial_objectstorage.py
[2025-08-17T01:02:06.470+0000] {processor.py:840} INFO - DAG(s) 'tutorial_objectstorage' retrieved from /home/airflow/.local/lib/python3.12/site-packages/airflow/example_dags/tutorial_objectstorage.py
[2025-08-17T01:02:06.577+0000] {logging_mixin.py:188} INFO - [2025-08-17T01:02:06.576+0000] {dag.py:3089} INFO - Sync 1 DAGs
[2025-08-17T01:02:06.589+0000] {logging_mixin.py:188} INFO - [2025-08-17T01:02:06.588+0000] {dag.py:3947} INFO - Setting next_dagrun for tutorial_objectstorage to None, run_after=None
[2025-08-17T01:02:06.610+0000] {processor.py:183} INFO - Processing /home/airflow/.local/lib/python3.12/site-packages/airflow/example_dags/tutorial_objectstorage.py took 0.157 seconds
[2025-08-17T01:02:37.041+0000] {processor.py:161} INFO - Started process (PID=201) to work on /home/airflow/.local/lib/python3.12/site-packages/airflow/example_dags/tutorial_objectstorage.py
[2025-08-17T01:02:37.042+0000] {processor.py:830} INFO - Processing file /home/airflow/.local/lib/python3.12/site-packages/airflow/example_dags/tutorial_objectstorage.py for tasks to queue
[2025-08-17T01:02:37.045+0000] {logging_mixin.py:188} INFO - [2025-08-17T01:02:37.044+0000] {dagbag.py:545} INFO - Filling up the DagBag from /home/airflow/.local/lib/python3.12/site-packages/airflow/example_dags/tutorial_objectstorage.py
[2025-08-17T01:02:37.054+0000] {processor.py:840} INFO - DAG(s) 'tutorial_objectstorage' retrieved from /home/airflow/.local/lib/python3.12/site-packages/airflow/example_dags/tutorial_objectstorage.py
[2025-08-17T01:02:37.082+0000] {logging_mixin.py:188} INFO - [2025-08-17T01:02:37.081+0000] {dag.py:3089} INFO - Sync 1 DAGs
[2025-08-17T01:02:37.098+0000] {logging_mixin.py:188} INFO - [2025-08-17T01:02:37.097+0000] {dag.py:3947} INFO - Setting next_dagrun for tutorial_objectstorage to None, run_after=None
[2025-08-17T01:02:37.123+0000] {processor.py:183} INFO - Processing /home/airflow/.local/lib/python3.12/site-packages/airflow/example_dags/tutorial_objectstorage.py took 0.091 seconds
[2025-08-17T01:03:07.426+0000] {processor.py:161} INFO - Started process (PID=260) to work on /home/airflow/.local/lib/python3.12/site-packages/airflow/example_dags/tutorial_objectstorage.py
[2025-08-17T01:03:07.427+0000] {processor.py:830} INFO - Processing file /home/airflow/.local/lib/python3.12/site-packages/airflow/example_dags/tutorial_objectstorage.py for tasks to queue
[2025-08-17T01:03:07.430+0000] {logging_mixin.py:188} INFO - [2025-08-17T01:03:07.429+0000] {dagbag.py:545} INFO - Filling up the DagBag from /home/airflow/.local/lib/python3.12/site-packages/airflow/example_dags/tutorial_objectstorage.py
[2025-08-17T01:03:07.438+0000] {processor.py:840} INFO - DAG(s) 'tutorial_objectstorage' retrieved from /home/airflow/.local/lib/python3.12/site-packages/airflow/example_dags/tutorial_objectstorage.py
[2025-08-17T01:03:07.463+0000] {logging_mixin.py:188} INFO - [2025-08-17T01:03:07.463+0000] {dag.py:3089} INFO - Sync 1 DAGs
[2025-08-17T01:03:07.478+0000] {logging_mixin.py:188} INFO - [2025-08-17T01:03:07.478+0000] {dag.py:3947} INFO - Setting next_dagrun for tutorial_objectstorage to None, run_after=None
[2025-08-17T01:03:07.499+0000] {processor.py:183} INFO - Processing /home/airflow/.local/lib/python3.12/site-packages/airflow/example_dags/tutorial_objectstorage.py took 0.080 seconds
[2025-08-17T01:03:37.657+0000] {processor.py:161} INFO - Started process (PID=319) to work on /home/airflow/.local/lib/python3.12/site-packages/airflow/example_dags/tutorial_objectstorage.py
[2025-08-17T01:03:37.658+0000] {processor.py:830} INFO - Processing file /home/airflow/.local/lib/python3.12/site-packages/airflow/example_dags/tutorial_objectstorage.py for tasks to queue
[2025-08-17T01:03:37.661+0000] {logging_mixin.py:188} INFO - [2025-08-17T01:03:37.660+0000] {dagbag.py:545} INFO - Filling up the DagBag from /home/airflow/.local/lib/python3.12/site-packages/airflow/example_dags/tutorial_objectstorage.py
[2025-08-17T01:03:37.669+0000] {processor.py:840} INFO - DAG(s) 'tutorial_objectstorage' retrieved from /home/airflow/.local/lib/python3.12/site-packages/airflow/example_dags/tutorial_objectstorage.py
[2025-08-17T01:03:37.691+0000] {logging_mixin.py:188} INFO - [2025-08-17T01:03:37.690+0000] {dag.py:3089} INFO - Sync 1 DAGs
[2025-08-17T01:03:37.705+0000] {logging_mixin.py:188} INFO - [2025-08-17T01:03:37.705+0000] {dag.py:3947} INFO - Setting next_dagrun for tutorial_objectstorage to None, run_after=None
[2025-08-17T01:03:37.726+0000] {processor.py:183} INFO - Processing /home/airflow/.local/lib/python3.12/site-packages/airflow/example_dags/tutorial_objectstorage.py took 0.075 seconds
[2025-08-17T01:04:08.011+0000] {processor.py:161} INFO - Started process (PID=384) to work on /home/airflow/.local/lib/python3.12/site-packages/airflow/example_dags/tutorial_objectstorage.py
[2025-08-17T01:04:08.013+0000] {processor.py:830} INFO - Processing file /home/airflow/.local/lib/python3.12/site-packages/airflow/example_dags/tutorial_objectstorage.py for tasks to queue
[2025-08-17T01:04:08.015+0000] {logging_mixin.py:188} INFO - [2025-08-17T01:04:08.015+0000] {dagbag.py:545} INFO - Filling up the DagBag from /home/airflow/.local/lib/python3.12/site-packages/airflow/example_dags/tutorial_objectstorage.py
[2025-08-17T01:04:08.025+0000] {processor.py:840} INFO - DAG(s) 'tutorial_objectstorage' retrieved from /home/airflow/.local/lib/python3.12/site-packages/airflow/example_dags/tutorial_objectstorage.py
[2025-08-17T01:04:08.055+0000] {logging_mixin.py:188} INFO - [2025-08-17T01:04:08.055+0000] {dag.py:3089} INFO - Sync 1 DAGs
[2025-08-17T01:04:08.075+0000] {logging_mixin.py:188} INFO - [2025-08-17T01:04:08.075+0000] {dag.py:3947} INFO - Setting next_dagrun for tutorial_objectstorage to None, run_after=None
[2025-08-17T01:04:08.108+0000] {processor.py:183} INFO - Processing /home/airflow/.local/lib/python3.12/site-packages/airflow/example_dags/tutorial_objectstorage.py took 0.104 seconds
[2025-08-17T01:04:38.759+0000] {processor.py:161} INFO - Started process (PID=443) to work on /home/airflow/.local/lib/python3.12/site-packages/airflow/example_dags/tutorial_objectstorage.py
[2025-08-17T01:04:38.760+0000] {processor.py:830} INFO - Processing file /home/airflow/.local/lib/python3.12/site-packages/airflow/example_dags/tutorial_objectstorage.py for tasks to queue
[2025-08-17T01:04:38.762+0000] {logging_mixin.py:188} INFO - [2025-08-17T01:04:38.762+0000] {dagbag.py:545} INFO - Filling up the DagBag from /home/airflow/.local/lib/python3.12/site-packages/airflow/example_dags/tutorial_objectstorage.py
[2025-08-17T01:04:38.769+0000] {processor.py:840} INFO - DAG(s) 'tutorial_objectstorage' retrieved from /home/airflow/.local/lib/python3.12/site-packages/airflow/example_dags/tutorial_objectstorage.py
[2025-08-17T01:04:38.790+0000] {logging_mixin.py:188} INFO - [2025-08-17T01:04:38.789+0000] {dag.py:3089} INFO - Sync 1 DAGs
[2025-08-17T01:04:38.802+0000] {logging_mixin.py:188} INFO - [2025-08-17T01:04:38.802+0000] {dag.py:3947} INFO - Setting next_dagrun for tutorial_objectstorage to None, run_after=None
[2025-08-17T01:04:38.821+0000] {processor.py:183} INFO - Processing /home/airflow/.local/lib/python3.12/site-packages/airflow/example_dags/tutorial_objectstorage.py took 0.068 seconds
[2025-08-17T01:05:09.508+0000] {processor.py:161} INFO - Started process (PID=502) to work on /home/airflow/.local/lib/python3.12/site-packages/airflow/example_dags/tutorial_objectstorage.py
[2025-08-17T01:05:09.510+0000] {processor.py:830} INFO - Processing file /home/airflow/.local/lib/python3.12/site-packages/airflow/example_dags/tutorial_objectstorage.py for tasks to queue
[2025-08-17T01:05:09.513+0000] {logging_mixin.py:188} INFO - [2025-08-17T01:05:09.512+0000] {dagbag.py:545} INFO - Filling up the DagBag from /home/airflow/.local/lib/python3.12/site-packages/airflow/example_dags/tutorial_objectstorage.py
[2025-08-17T01:05:09.521+0000] {processor.py:840} INFO - DAG(s) 'tutorial_objectstorage' retrieved from /home/airflow/.local/lib/python3.12/site-packages/airflow/example_dags/tutorial_objectstorage.py
[2025-08-17T01:05:09.544+0000] {logging_mixin.py:188} INFO - [2025-08-17T01:05:09.543+0000] {dag.py:3089} INFO - Sync 1 DAGs
[2025-08-17T01:05:09.558+0000] {logging_mixin.py:188} INFO - [2025-08-17T01:05:09.558+0000] {dag.py:3947} INFO - Setting next_dagrun for tutorial_objectstorage to None, run_after=None
[2025-08-17T01:05:09.580+0000] {processor.py:183} INFO - Processing /home/airflow/.local/lib/python3.12/site-packages/airflow/example_dags/tutorial_objectstorage.py took 0.077 seconds
[2025-08-17T01:05:39.961+0000] {processor.py:161} INFO - Started process (PID=561) to work on /home/airflow/.local/lib/python3.12/site-packages/airflow/example_dags/tutorial_objectstorage.py
[2025-08-17T01:05:39.962+0000] {processor.py:830} INFO - Processing file /home/airflow/.local/lib/python3.12/site-packages/airflow/example_dags/tutorial_objectstorage.py for tasks to queue
[2025-08-17T01:05:39.965+0000] {logging_mixin.py:188} INFO - [2025-08-17T01:05:39.964+0000] {dagbag.py:545} INFO - Filling up the DagBag from /home/airflow/.local/lib/python3.12/site-packages/airflow/example_dags/tutorial_objectstorage.py
[2025-08-17T01:05:39.972+0000] {processor.py:840} INFO - DAG(s) 'tutorial_objectstorage' retrieved from /home/airflow/.local/lib/python3.12/site-packages/airflow/example_dags/tutorial_objectstorage.py
[2025-08-17T01:05:39.996+0000] {logging_mixin.py:188} INFO - [2025-08-17T01:05:39.995+0000] {dag.py:3089} INFO - Sync 1 DAGs
[2025-08-17T01:05:40.008+0000] {logging_mixin.py:188} INFO - [2025-08-17T01:05:40.008+0000] {dag.py:3947} INFO - Setting next_dagrun for tutorial_objectstorage to None, run_after=None
[2025-08-17T01:05:40.028+0000] {processor.py:183} INFO - Processing /home/airflow/.local/lib/python3.12/site-packages/airflow/example_dags/tutorial_objectstorage.py took 0.074 seconds
[2025-08-17T01:06:11.050+0000] {processor.py:161} INFO - Started process (PID=620) to work on /home/airflow/.local/lib/python3.12/site-packages/airflow/example_dags/tutorial_objectstorage.py
[2025-08-17T01:06:11.051+0000] {processor.py:830} INFO - Processing file /home/airflow/.local/lib/python3.12/site-packages/airflow/example_dags/tutorial_objectstorage.py for tasks to queue
[2025-08-17T01:06:11.054+0000] {logging_mixin.py:188} INFO - [2025-08-17T01:06:11.053+0000] {dagbag.py:545} INFO - Filling up the DagBag from /home/airflow/.local/lib/python3.12/site-packages/airflow/example_dags/tutorial_objectstorage.py
[2025-08-17T01:06:11.063+0000] {processor.py:840} INFO - DAG(s) 'tutorial_objectstorage' retrieved from /home/airflow/.local/lib/python3.12/site-packages/airflow/example_dags/tutorial_objectstorage.py
[2025-08-17T01:06:11.089+0000] {logging_mixin.py:188} INFO - [2025-08-17T01:06:11.089+0000] {dag.py:3089} INFO - Sync 1 DAGs
[2025-08-17T01:06:11.104+0000] {logging_mixin.py:188} INFO - [2025-08-17T01:06:11.104+0000] {dag.py:3947} INFO - Setting next_dagrun for tutorial_objectstorage to None, run_after=None
[2025-08-17T01:06:11.130+0000] {processor.py:183} INFO - Processing /home/airflow/.local/lib/python3.12/site-packages/airflow/example_dags/tutorial_objectstorage.py took 0.088 seconds
[2025-08-17T01:06:41.276+0000] {processor.py:161} INFO - Started process (PID=679) to work on /home/airflow/.local/lib/python3.12/site-packages/airflow/example_dags/tutorial_objectstorage.py
[2025-08-17T01:06:41.278+0000] {processor.py:830} INFO - Processing file /home/airflow/.local/lib/python3.12/site-packages/airflow/example_dags/tutorial_objectstorage.py for tasks to queue
[2025-08-17T01:06:41.281+0000] {logging_mixin.py:188} INFO - [2025-08-17T01:06:41.281+0000] {dagbag.py:545} INFO - Filling up the DagBag from /home/airflow/.local/lib/python3.12/site-packages/airflow/example_dags/tutorial_objectstorage.py
[2025-08-17T01:06:41.291+0000] {processor.py:840} INFO - DAG(s) 'tutorial_objectstorage' retrieved from /home/airflow/.local/lib/python3.12/site-packages/airflow/example_dags/tutorial_objectstorage.py
[2025-08-17T01:06:41.317+0000] {logging_mixin.py:188} INFO - [2025-08-17T01:06:41.316+0000] {dag.py:3089} INFO - Sync 1 DAGs
[2025-08-17T01:06:41.332+0000] {logging_mixin.py:188} INFO - [2025-08-17T01:06:41.332+0000] {dag.py:3947} INFO - Setting next_dagrun for tutorial_objectstorage to None, run_after=None
[2025-08-17T01:06:41.354+0000] {processor.py:183} INFO - Processing /home/airflow/.local/lib/python3.12/site-packages/airflow/example_dags/tutorial_objectstorage.py took 0.084 seconds
[2025-08-17T01:07:12.316+0000] {processor.py:161} INFO - Started process (PID=738) to work on /home/airflow/.local/lib/python3.12/site-packages/airflow/example_dags/tutorial_objectstorage.py
[2025-08-17T01:07:12.317+0000] {processor.py:830} INFO - Processing file /home/airflow/.local/lib/python3.12/site-packages/airflow/example_dags/tutorial_objectstorage.py for tasks to queue
[2025-08-17T01:07:12.321+0000] {logging_mixin.py:188} INFO - [2025-08-17T01:07:12.320+0000] {dagbag.py:545} INFO - Filling up the DagBag from /home/airflow/.local/lib/python3.12/site-packages/airflow/example_dags/tutorial_objectstorage.py
[2025-08-17T01:07:12.328+0000] {processor.py:840} INFO - DAG(s) 'tutorial_objectstorage' retrieved from /home/airflow/.local/lib/python3.12/site-packages/airflow/example_dags/tutorial_objectstorage.py
[2025-08-17T01:07:12.350+0000] {logging_mixin.py:188} INFO - [2025-08-17T01:07:12.350+0000] {dag.py:3089} INFO - Sync 1 DAGs
[2025-08-17T01:07:12.362+0000] {logging_mixin.py:188} INFO - [2025-08-17T01:07:12.362+0000] {dag.py:3947} INFO - Setting next_dagrun for tutorial_objectstorage to None, run_after=None
[2025-08-17T01:07:12.382+0000] {processor.py:183} INFO - Processing /home/airflow/.local/lib/python3.12/site-packages/airflow/example_dags/tutorial_objectstorage.py took 0.071 seconds
[2025-08-17T01:07:42.921+0000] {processor.py:161} INFO - Started process (PID=798) to work on /home/airflow/.local/lib/python3.12/site-packages/airflow/example_dags/tutorial_objectstorage.py
[2025-08-17T01:07:42.923+0000] {processor.py:830} INFO - Processing file /home/airflow/.local/lib/python3.12/site-packages/airflow/example_dags/tutorial_objectstorage.py for tasks to queue
[2025-08-17T01:07:42.926+0000] {logging_mixin.py:188} INFO - [2025-08-17T01:07:42.926+0000] {dagbag.py:545} INFO - Filling up the DagBag from /home/airflow/.local/lib/python3.12/site-packages/airflow/example_dags/tutorial_objectstorage.py
[2025-08-17T01:07:42.939+0000] {processor.py:840} INFO - DAG(s) 'tutorial_objectstorage' retrieved from /home/airflow/.local/lib/python3.12/site-packages/airflow/example_dags/tutorial_objectstorage.py
[2025-08-17T01:07:42.969+0000] {logging_mixin.py:188} INFO - [2025-08-17T01:07:42.968+0000] {dag.py:3089} INFO - Sync 1 DAGs
[2025-08-17T01:07:42.987+0000] {logging_mixin.py:188} INFO - [2025-08-17T01:07:42.987+0000] {dag.py:3947} INFO - Setting next_dagrun for tutorial_objectstorage to None, run_after=None
[2025-08-17T01:07:43.016+0000] {processor.py:183} INFO - Processing /home/airflow/.local/lib/python3.12/site-packages/airflow/example_dags/tutorial_objectstorage.py took 0.107 seconds
[2025-08-17T01:08:13.605+0000] {processor.py:161} INFO - Started process (PID=857) to work on /home/airflow/.local/lib/python3.12/site-packages/airflow/example_dags/tutorial_objectstorage.py
[2025-08-17T01:08:13.606+0000] {processor.py:830} INFO - Processing file /home/airflow/.local/lib/python3.12/site-packages/airflow/example_dags/tutorial_objectstorage.py for tasks to queue
[2025-08-17T01:08:13.609+0000] {logging_mixin.py:188} INFO - [2025-08-17T01:08:13.609+0000] {dagbag.py:545} INFO - Filling up the DagBag from /home/airflow/.local/lib/python3.12/site-packages/airflow/example_dags/tutorial_objectstorage.py
[2025-08-17T01:08:13.616+0000] {processor.py:840} INFO - DAG(s) 'tutorial_objectstorage' retrieved from /home/airflow/.local/lib/python3.12/site-packages/airflow/example_dags/tutorial_objectstorage.py
[2025-08-17T01:08:13.637+0000] {logging_mixin.py:188} INFO - [2025-08-17T01:08:13.637+0000] {dag.py:3089} INFO - Sync 1 DAGs
[2025-08-17T01:08:13.650+0000] {logging_mixin.py:188} INFO - [2025-08-17T01:08:13.650+0000] {dag.py:3947} INFO - Setting next_dagrun for tutorial_objectstorage to None, run_after=None
[2025-08-17T01:08:13.670+0000] {processor.py:183} INFO - Processing /home/airflow/.local/lib/python3.12/site-packages/airflow/example_dags/tutorial_objectstorage.py took 0.071 seconds
[2025-08-17T01:08:44.124+0000] {processor.py:161} INFO - Started process (PID=916) to work on /home/airflow/.local/lib/python3.12/site-packages/airflow/example_dags/tutorial_objectstorage.py
[2025-08-17T01:08:44.125+0000] {processor.py:830} INFO - Processing file /home/airflow/.local/lib/python3.12/site-packages/airflow/example_dags/tutorial_objectstorage.py for tasks to queue
[2025-08-17T01:08:44.127+0000] {logging_mixin.py:188} INFO - [2025-08-17T01:08:44.127+0000] {dagbag.py:545} INFO - Filling up the DagBag from /home/airflow/.local/lib/python3.12/site-packages/airflow/example_dags/tutorial_objectstorage.py
[2025-08-17T01:08:44.136+0000] {processor.py:840} INFO - DAG(s) 'tutorial_objectstorage' retrieved from /home/airflow/.local/lib/python3.12/site-packages/airflow/example_dags/tutorial_objectstorage.py
[2025-08-17T01:08:44.158+0000] {logging_mixin.py:188} INFO - [2025-08-17T01:08:44.158+0000] {dag.py:3089} INFO - Sync 1 DAGs
[2025-08-17T01:08:44.171+0000] {logging_mixin.py:188} INFO - [2025-08-17T01:08:44.171+0000] {dag.py:3947} INFO - Setting next_dagrun for tutorial_objectstorage to None, run_after=None
[2025-08-17T01:08:44.191+0000] {processor.py:183} INFO - Processing /home/airflow/.local/lib/python3.12/site-packages/airflow/example_dags/tutorial_objectstorage.py took 0.073 seconds
[2025-08-17T01:09:14.825+0000] {processor.py:161} INFO - Started process (PID=975) to work on /home/airflow/.local/lib/python3.12/site-packages/airflow/example_dags/tutorial_objectstorage.py
[2025-08-17T01:09:14.828+0000] {processor.py:830} INFO - Processing file /home/airflow/.local/lib/python3.12/site-packages/airflow/example_dags/tutorial_objectstorage.py for tasks to queue
[2025-08-17T01:09:14.831+0000] {logging_mixin.py:188} INFO - [2025-08-17T01:09:14.831+0000] {dagbag.py:545} INFO - Filling up the DagBag from /home/airflow/.local/lib/python3.12/site-packages/airflow/example_dags/tutorial_objectstorage.py
[2025-08-17T01:09:14.848+0000] {processor.py:840} INFO - DAG(s) 'tutorial_objectstorage' retrieved from /home/airflow/.local/lib/python3.12/site-packages/airflow/example_dags/tutorial_objectstorage.py
[2025-08-17T01:09:14.893+0000] {logging_mixin.py:188} INFO - [2025-08-17T01:09:14.892+0000] {dag.py:3089} INFO - Sync 1 DAGs
[2025-08-17T01:09:14.914+0000] {logging_mixin.py:188} INFO - [2025-08-17T01:09:14.914+0000] {dag.py:3947} INFO - Setting next_dagrun for tutorial_objectstorage to None, run_after=None
[2025-08-17T01:09:14.956+0000] {processor.py:183} INFO - Processing /home/airflow/.local/lib/python3.12/site-packages/airflow/example_dags/tutorial_objectstorage.py took 0.141 seconds
[2025-08-17T01:09:45.591+0000] {processor.py:161} INFO - Started process (PID=1034) to work on /home/airflow/.local/lib/python3.12/site-packages/airflow/example_dags/tutorial_objectstorage.py
[2025-08-17T01:09:45.592+0000] {processor.py:830} INFO - Processing file /home/airflow/.local/lib/python3.12/site-packages/airflow/example_dags/tutorial_objectstorage.py for tasks to queue
[2025-08-17T01:09:45.595+0000] {logging_mixin.py:188} INFO - [2025-08-17T01:09:45.594+0000] {dagbag.py:545} INFO - Filling up the DagBag from /home/airflow/.local/lib/python3.12/site-packages/airflow/example_dags/tutorial_objectstorage.py
[2025-08-17T01:09:45.602+0000] {processor.py:840} INFO - DAG(s) 'tutorial_objectstorage' retrieved from /home/airflow/.local/lib/python3.12/site-packages/airflow/example_dags/tutorial_objectstorage.py
[2025-08-17T01:09:45.624+0000] {logging_mixin.py:188} INFO - [2025-08-17T01:09:45.623+0000] {dag.py:3089} INFO - Sync 1 DAGs
[2025-08-17T01:09:45.636+0000] {logging_mixin.py:188} INFO - [2025-08-17T01:09:45.636+0000] {dag.py:3947} INFO - Setting next_dagrun for tutorial_objectstorage to None, run_after=None
[2025-08-17T01:09:45.656+0000] {processor.py:183} INFO - Processing /home/airflow/.local/lib/python3.12/site-packages/airflow/example_dags/tutorial_objectstorage.py took 0.070 seconds
[2025-08-17T01:10:15.939+0000] {processor.py:161} INFO - Started process (PID=1094) to work on /home/airflow/.local/lib/python3.12/site-packages/airflow/example_dags/tutorial_objectstorage.py
[2025-08-17T01:10:15.940+0000] {processor.py:830} INFO - Processing file /home/airflow/.local/lib/python3.12/site-packages/airflow/example_dags/tutorial_objectstorage.py for tasks to queue
[2025-08-17T01:10:15.943+0000] {logging_mixin.py:188} INFO - [2025-08-17T01:10:15.942+0000] {dagbag.py:545} INFO - Filling up the DagBag from /home/airflow/.local/lib/python3.12/site-packages/airflow/example_dags/tutorial_objectstorage.py
[2025-08-17T01:10:15.950+0000] {processor.py:840} INFO - DAG(s) 'tutorial_objectstorage' retrieved from /home/airflow/.local/lib/python3.12/site-packages/airflow/example_dags/tutorial_objectstorage.py
[2025-08-17T01:10:15.973+0000] {logging_mixin.py:188} INFO - [2025-08-17T01:10:15.973+0000] {dag.py:3089} INFO - Sync 1 DAGs
[2025-08-17T01:10:15.986+0000] {logging_mixin.py:188} INFO - [2025-08-17T01:10:15.985+0000] {dag.py:3947} INFO - Setting next_dagrun for tutorial_objectstorage to None, run_after=None
[2025-08-17T01:10:16.007+0000] {processor.py:183} INFO - Processing /home/airflow/.local/lib/python3.12/site-packages/airflow/example_dags/tutorial_objectstorage.py took 0.074 seconds
[2025-08-17T01:10:46.082+0000] {processor.py:161} INFO - Started process (PID=1153) to work on /home/airflow/.local/lib/python3.12/site-packages/airflow/example_dags/tutorial_objectstorage.py
[2025-08-17T01:10:46.084+0000] {processor.py:830} INFO - Processing file /home/airflow/.local/lib/python3.12/site-packages/airflow/example_dags/tutorial_objectstorage.py for tasks to queue
[2025-08-17T01:10:46.087+0000] {logging_mixin.py:188} INFO - [2025-08-17T01:10:46.087+0000] {dagbag.py:545} INFO - Filling up the DagBag from /home/airflow/.local/lib/python3.12/site-packages/airflow/example_dags/tutorial_objectstorage.py
[2025-08-17T01:10:46.096+0000] {processor.py:840} INFO - DAG(s) 'tutorial_objectstorage' retrieved from /home/airflow/.local/lib/python3.12/site-packages/airflow/example_dags/tutorial_objectstorage.py
[2025-08-17T01:10:46.121+0000] {logging_mixin.py:188} INFO - [2025-08-17T01:10:46.121+0000] {dag.py:3089} INFO - Sync 1 DAGs
[2025-08-17T01:10:46.135+0000] {logging_mixin.py:188} INFO - [2025-08-17T01:10:46.135+0000] {dag.py:3947} INFO - Setting next_dagrun for tutorial_objectstorage to None, run_after=None
[2025-08-17T01:10:46.157+0000] {processor.py:183} INFO - Processing /home/airflow/.local/lib/python3.12/site-packages/airflow/example_dags/tutorial_objectstorage.py took 0.081 seconds
[2025-08-17T01:11:16.558+0000] {processor.py:161} INFO - Started process (PID=1211) to work on /home/airflow/.local/lib/python3.12/site-packages/airflow/example_dags/tutorial_objectstorage.py
[2025-08-17T01:11:16.559+0000] {processor.py:830} INFO - Processing file /home/airflow/.local/lib/python3.12/site-packages/airflow/example_dags/tutorial_objectstorage.py for tasks to queue
[2025-08-17T01:11:16.562+0000] {logging_mixin.py:188} INFO - [2025-08-17T01:11:16.562+0000] {dagbag.py:545} INFO - Filling up the DagBag from /home/airflow/.local/lib/python3.12/site-packages/airflow/example_dags/tutorial_objectstorage.py
[2025-08-17T01:11:16.569+0000] {processor.py:840} INFO - DAG(s) 'tutorial_objectstorage' retrieved from /home/airflow/.local/lib/python3.12/site-packages/airflow/example_dags/tutorial_objectstorage.py
[2025-08-17T01:11:16.590+0000] {logging_mixin.py:188} INFO - [2025-08-17T01:11:16.590+0000] {dag.py:3089} INFO - Sync 1 DAGs
[2025-08-17T01:11:16.604+0000] {logging_mixin.py:188} INFO - [2025-08-17T01:11:16.604+0000] {dag.py:3947} INFO - Setting next_dagrun for tutorial_objectstorage to None, run_after=None
[2025-08-17T01:11:16.625+0000] {processor.py:183} INFO - Processing /home/airflow/.local/lib/python3.12/site-packages/airflow/example_dags/tutorial_objectstorage.py took 0.073 seconds
[2025-08-17T01:11:47.051+0000] {processor.py:161} INFO - Started process (PID=1270) to work on /home/airflow/.local/lib/python3.12/site-packages/airflow/example_dags/tutorial_objectstorage.py
[2025-08-17T01:11:47.052+0000] {processor.py:830} INFO - Processing file /home/airflow/.local/lib/python3.12/site-packages/airflow/example_dags/tutorial_objectstorage.py for tasks to queue
[2025-08-17T01:11:47.054+0000] {logging_mixin.py:188} INFO - [2025-08-17T01:11:47.054+0000] {dagbag.py:545} INFO - Filling up the DagBag from /home/airflow/.local/lib/python3.12/site-packages/airflow/example_dags/tutorial_objectstorage.py
[2025-08-17T01:11:47.062+0000] {processor.py:840} INFO - DAG(s) 'tutorial_objectstorage' retrieved from /home/airflow/.local/lib/python3.12/site-packages/airflow/example_dags/tutorial_objectstorage.py
[2025-08-17T01:11:47.084+0000] {logging_mixin.py:188} INFO - [2025-08-17T01:11:47.083+0000] {dag.py:3089} INFO - Sync 1 DAGs
[2025-08-17T01:11:47.096+0000] {logging_mixin.py:188} INFO - [2025-08-17T01:11:47.096+0000] {dag.py:3947} INFO - Setting next_dagrun for tutorial_objectstorage to None, run_after=None
[2025-08-17T01:11:47.120+0000] {processor.py:183} INFO - Processing /home/airflow/.local/lib/python3.12/site-packages/airflow/example_dags/tutorial_objectstorage.py took 0.075 seconds
[2025-08-17T01:12:17.355+0000] {processor.py:161} INFO - Started process (PID=1329) to work on /home/airflow/.local/lib/python3.12/site-packages/airflow/example_dags/tutorial_objectstorage.py
[2025-08-17T01:12:17.357+0000] {processor.py:830} INFO - Processing file /home/airflow/.local/lib/python3.12/site-packages/airflow/example_dags/tutorial_objectstorage.py for tasks to queue
[2025-08-17T01:12:17.359+0000] {logging_mixin.py:188} INFO - [2025-08-17T01:12:17.359+0000] {dagbag.py:545} INFO - Filling up the DagBag from /home/airflow/.local/lib/python3.12/site-packages/airflow/example_dags/tutorial_objectstorage.py
[2025-08-17T01:12:17.369+0000] {processor.py:840} INFO - DAG(s) 'tutorial_objectstorage' retrieved from /home/airflow/.local/lib/python3.12/site-packages/airflow/example_dags/tutorial_objectstorage.py
[2025-08-17T01:12:17.395+0000] {logging_mixin.py:188} INFO - [2025-08-17T01:12:17.395+0000] {dag.py:3089} INFO - Sync 1 DAGs
[2025-08-17T01:12:17.412+0000] {logging_mixin.py:188} INFO - [2025-08-17T01:12:17.412+0000] {dag.py:3947} INFO - Setting next_dagrun for tutorial_objectstorage to None, run_after=None
[2025-08-17T01:12:17.439+0000] {processor.py:183} INFO - Processing /home/airflow/.local/lib/python3.12/site-packages/airflow/example_dags/tutorial_objectstorage.py took 0.090 seconds
[2025-08-17T01:12:47.813+0000] {processor.py:161} INFO - Started process (PID=1388) to work on /home/airflow/.local/lib/python3.12/site-packages/airflow/example_dags/tutorial_objectstorage.py
[2025-08-17T01:12:47.814+0000] {processor.py:830} INFO - Processing file /home/airflow/.local/lib/python3.12/site-packages/airflow/example_dags/tutorial_objectstorage.py for tasks to queue
[2025-08-17T01:12:47.817+0000] {logging_mixin.py:188} INFO - [2025-08-17T01:12:47.817+0000] {dagbag.py:545} INFO - Filling up the DagBag from /home/airflow/.local/lib/python3.12/site-packages/airflow/example_dags/tutorial_objectstorage.py
[2025-08-17T01:12:47.826+0000] {processor.py:840} INFO - DAG(s) 'tutorial_objectstorage' retrieved from /home/airflow/.local/lib/python3.12/site-packages/airflow/example_dags/tutorial_objectstorage.py
[2025-08-17T01:12:47.849+0000] {logging_mixin.py:188} INFO - [2025-08-17T01:12:47.848+0000] {dag.py:3089} INFO - Sync 1 DAGs
[2025-08-17T01:12:47.861+0000] {logging_mixin.py:188} INFO - [2025-08-17T01:12:47.861+0000] {dag.py:3947} INFO - Setting next_dagrun for tutorial_objectstorage to None, run_after=None
[2025-08-17T01:12:47.882+0000] {processor.py:183} INFO - Processing /home/airflow/.local/lib/python3.12/site-packages/airflow/example_dags/tutorial_objectstorage.py took 0.075 seconds
[2025-08-17T01:13:18.250+0000] {processor.py:161} INFO - Started process (PID=1448) to work on /home/airflow/.local/lib/python3.12/site-packages/airflow/example_dags/tutorial_objectstorage.py
[2025-08-17T01:13:18.251+0000] {processor.py:830} INFO - Processing file /home/airflow/.local/lib/python3.12/site-packages/airflow/example_dags/tutorial_objectstorage.py for tasks to queue
[2025-08-17T01:13:18.254+0000] {logging_mixin.py:188} INFO - [2025-08-17T01:13:18.253+0000] {dagbag.py:545} INFO - Filling up the DagBag from /home/airflow/.local/lib/python3.12/site-packages/airflow/example_dags/tutorial_objectstorage.py
[2025-08-17T01:13:18.262+0000] {processor.py:840} INFO - DAG(s) 'tutorial_objectstorage' retrieved from /home/airflow/.local/lib/python3.12/site-packages/airflow/example_dags/tutorial_objectstorage.py
[2025-08-17T01:13:18.286+0000] {logging_mixin.py:188} INFO - [2025-08-17T01:13:18.286+0000] {dag.py:3089} INFO - Sync 1 DAGs
[2025-08-17T01:13:18.301+0000] {logging_mixin.py:188} INFO - [2025-08-17T01:13:18.300+0000] {dag.py:3947} INFO - Setting next_dagrun for tutorial_objectstorage to None, run_after=None
[2025-08-17T01:13:18.327+0000] {processor.py:183} INFO - Processing /home/airflow/.local/lib/python3.12/site-packages/airflow/example_dags/tutorial_objectstorage.py took 0.083 seconds
[2025-08-17T01:13:48.741+0000] {processor.py:161} INFO - Started process (PID=1507) to work on /home/airflow/.local/lib/python3.12/site-packages/airflow/example_dags/tutorial_objectstorage.py
[2025-08-17T01:13:48.742+0000] {processor.py:830} INFO - Processing file /home/airflow/.local/lib/python3.12/site-packages/airflow/example_dags/tutorial_objectstorage.py for tasks to queue
[2025-08-17T01:13:48.744+0000] {logging_mixin.py:188} INFO - [2025-08-17T01:13:48.744+0000] {dagbag.py:545} INFO - Filling up the DagBag from /home/airflow/.local/lib/python3.12/site-packages/airflow/example_dags/tutorial_objectstorage.py
[2025-08-17T01:13:48.752+0000] {processor.py:840} INFO - DAG(s) 'tutorial_objectstorage' retrieved from /home/airflow/.local/lib/python3.12/site-packages/airflow/example_dags/tutorial_objectstorage.py
[2025-08-17T01:13:48.773+0000] {logging_mixin.py:188} INFO - [2025-08-17T01:13:48.773+0000] {dag.py:3089} INFO - Sync 1 DAGs
[2025-08-17T01:13:48.786+0000] {logging_mixin.py:188} INFO - [2025-08-17T01:13:48.785+0000] {dag.py:3947} INFO - Setting next_dagrun for tutorial_objectstorage to None, run_after=None
[2025-08-17T01:13:48.806+0000] {processor.py:183} INFO - Processing /home/airflow/.local/lib/python3.12/site-packages/airflow/example_dags/tutorial_objectstorage.py took 0.071 seconds
[2025-08-17T01:14:19.384+0000] {processor.py:161} INFO - Started process (PID=1566) to work on /home/airflow/.local/lib/python3.12/site-packages/airflow/example_dags/tutorial_objectstorage.py
[2025-08-17T01:14:19.385+0000] {processor.py:830} INFO - Processing file /home/airflow/.local/lib/python3.12/site-packages/airflow/example_dags/tutorial_objectstorage.py for tasks to queue
[2025-08-17T01:14:19.388+0000] {logging_mixin.py:188} INFO - [2025-08-17T01:14:19.387+0000] {dagbag.py:545} INFO - Filling up the DagBag from /home/airflow/.local/lib/python3.12/site-packages/airflow/example_dags/tutorial_objectstorage.py
[2025-08-17T01:14:19.396+0000] {processor.py:840} INFO - DAG(s) 'tutorial_objectstorage' retrieved from /home/airflow/.local/lib/python3.12/site-packages/airflow/example_dags/tutorial_objectstorage.py
[2025-08-17T01:14:19.422+0000] {logging_mixin.py:188} INFO - [2025-08-17T01:14:19.421+0000] {dag.py:3089} INFO - Sync 1 DAGs
[2025-08-17T01:14:19.436+0000] {logging_mixin.py:188} INFO - [2025-08-17T01:14:19.436+0000] {dag.py:3947} INFO - Setting next_dagrun for tutorial_objectstorage to None, run_after=None
[2025-08-17T01:14:19.458+0000] {processor.py:183} INFO - Processing /home/airflow/.local/lib/python3.12/site-packages/airflow/example_dags/tutorial_objectstorage.py took 0.080 seconds
[2025-08-17T01:14:49.891+0000] {processor.py:161} INFO - Started process (PID=1625) to work on /home/airflow/.local/lib/python3.12/site-packages/airflow/example_dags/tutorial_objectstorage.py
[2025-08-17T01:14:49.892+0000] {processor.py:830} INFO - Processing file /home/airflow/.local/lib/python3.12/site-packages/airflow/example_dags/tutorial_objectstorage.py for tasks to queue
[2025-08-17T01:14:49.895+0000] {logging_mixin.py:188} INFO - [2025-08-17T01:14:49.894+0000] {dagbag.py:545} INFO - Filling up the DagBag from /home/airflow/.local/lib/python3.12/site-packages/airflow/example_dags/tutorial_objectstorage.py
[2025-08-17T01:14:49.902+0000] {processor.py:840} INFO - DAG(s) 'tutorial_objectstorage' retrieved from /home/airflow/.local/lib/python3.12/site-packages/airflow/example_dags/tutorial_objectstorage.py
[2025-08-17T01:14:49.923+0000] {logging_mixin.py:188} INFO - [2025-08-17T01:14:49.922+0000] {dag.py:3089} INFO - Sync 1 DAGs
[2025-08-17T01:14:49.934+0000] {logging_mixin.py:188} INFO - [2025-08-17T01:14:49.934+0000] {dag.py:3947} INFO - Setting next_dagrun for tutorial_objectstorage to None, run_after=None
[2025-08-17T01:14:49.955+0000] {processor.py:183} INFO - Processing /home/airflow/.local/lib/python3.12/site-packages/airflow/example_dags/tutorial_objectstorage.py took 0.070 seconds
[2025-08-17T01:15:20.159+0000] {processor.py:161} INFO - Started process (PID=1684) to work on /home/airflow/.local/lib/python3.12/site-packages/airflow/example_dags/tutorial_objectstorage.py
[2025-08-17T01:15:20.161+0000] {processor.py:830} INFO - Processing file /home/airflow/.local/lib/python3.12/site-packages/airflow/example_dags/tutorial_objectstorage.py for tasks to queue
[2025-08-17T01:15:20.163+0000] {logging_mixin.py:188} INFO - [2025-08-17T01:15:20.162+0000] {dagbag.py:545} INFO - Filling up the DagBag from /home/airflow/.local/lib/python3.12/site-packages/airflow/example_dags/tutorial_objectstorage.py
[2025-08-17T01:15:20.170+0000] {processor.py:840} INFO - DAG(s) 'tutorial_objectstorage' retrieved from /home/airflow/.local/lib/python3.12/site-packages/airflow/example_dags/tutorial_objectstorage.py
[2025-08-17T01:15:20.196+0000] {logging_mixin.py:188} INFO - [2025-08-17T01:15:20.195+0000] {dag.py:3089} INFO - Sync 1 DAGs
[2025-08-17T01:15:20.210+0000] {logging_mixin.py:188} INFO - [2025-08-17T01:15:20.210+0000] {dag.py:3947} INFO - Setting next_dagrun for tutorial_objectstorage to None, run_after=None
[2025-08-17T01:15:20.231+0000] {processor.py:183} INFO - Processing /home/airflow/.local/lib/python3.12/site-packages/airflow/example_dags/tutorial_objectstorage.py took 0.078 seconds
[2025-08-17T01:15:51.348+0000] {processor.py:161} INFO - Started process (PID=1743) to work on /home/airflow/.local/lib/python3.12/site-packages/airflow/example_dags/tutorial_objectstorage.py
[2025-08-17T01:15:51.350+0000] {processor.py:830} INFO - Processing file /home/airflow/.local/lib/python3.12/site-packages/airflow/example_dags/tutorial_objectstorage.py for tasks to queue
[2025-08-17T01:15:51.352+0000] {logging_mixin.py:188} INFO - [2025-08-17T01:15:51.352+0000] {dagbag.py:545} INFO - Filling up the DagBag from /home/airflow/.local/lib/python3.12/site-packages/airflow/example_dags/tutorial_objectstorage.py
[2025-08-17T01:15:51.362+0000] {processor.py:840} INFO - DAG(s) 'tutorial_objectstorage' retrieved from /home/airflow/.local/lib/python3.12/site-packages/airflow/example_dags/tutorial_objectstorage.py
[2025-08-17T01:15:51.386+0000] {logging_mixin.py:188} INFO - [2025-08-17T01:15:51.386+0000] {dag.py:3089} INFO - Sync 1 DAGs
[2025-08-17T01:15:51.581+0000] {logging_mixin.py:188} INFO - [2025-08-17T01:15:51.581+0000] {dag.py:3947} INFO - Setting next_dagrun for tutorial_objectstorage to None, run_after=None
[2025-08-17T01:15:51.614+0000] {processor.py:183} INFO - Processing /home/airflow/.local/lib/python3.12/site-packages/airflow/example_dags/tutorial_objectstorage.py took 0.273 seconds
[2025-08-17T01:16:22.235+0000] {processor.py:161} INFO - Started process (PID=1802) to work on /home/airflow/.local/lib/python3.12/site-packages/airflow/example_dags/tutorial_objectstorage.py
[2025-08-17T01:16:22.237+0000] {processor.py:830} INFO - Processing file /home/airflow/.local/lib/python3.12/site-packages/airflow/example_dags/tutorial_objectstorage.py for tasks to queue
[2025-08-17T01:16:22.240+0000] {logging_mixin.py:188} INFO - [2025-08-17T01:16:22.239+0000] {dagbag.py:545} INFO - Filling up the DagBag from /home/airflow/.local/lib/python3.12/site-packages/airflow/example_dags/tutorial_objectstorage.py
[2025-08-17T01:16:22.248+0000] {processor.py:840} INFO - DAG(s) 'tutorial_objectstorage' retrieved from /home/airflow/.local/lib/python3.12/site-packages/airflow/example_dags/tutorial_objectstorage.py
[2025-08-17T01:16:22.272+0000] {logging_mixin.py:188} INFO - [2025-08-17T01:16:22.272+0000] {dag.py:3089} INFO - Sync 1 DAGs
[2025-08-17T01:16:22.286+0000] {logging_mixin.py:188} INFO - [2025-08-17T01:16:22.286+0000] {dag.py:3947} INFO - Setting next_dagrun for tutorial_objectstorage to None, run_after=None
[2025-08-17T01:16:22.460+0000] {processor.py:183} INFO - Processing /home/airflow/.local/lib/python3.12/site-packages/airflow/example_dags/tutorial_objectstorage.py took 0.230 seconds
[2025-08-17T01:17:40.428+0000] {processor.py:161} INFO - Started process (PID=95) to work on /home/airflow/.local/lib/python3.12/site-packages/airflow/example_dags/tutorial_objectstorage.py
[2025-08-17T01:17:40.430+0000] {processor.py:830} INFO - Processing file /home/airflow/.local/lib/python3.12/site-packages/airflow/example_dags/tutorial_objectstorage.py for tasks to queue
[2025-08-17T01:17:40.434+0000] {logging_mixin.py:188} INFO - [2025-08-17T01:17:40.433+0000] {dagbag.py:545} INFO - Filling up the DagBag from /home/airflow/.local/lib/python3.12/site-packages/airflow/example_dags/tutorial_objectstorage.py
[2025-08-17T01:17:40.449+0000] {processor.py:840} INFO - DAG(s) 'tutorial_objectstorage' retrieved from /home/airflow/.local/lib/python3.12/site-packages/airflow/example_dags/tutorial_objectstorage.py
[2025-08-17T01:17:40.579+0000] {logging_mixin.py:188} INFO - [2025-08-17T01:17:40.578+0000] {dag.py:3089} INFO - Sync 1 DAGs
[2025-08-17T01:17:40.594+0000] {logging_mixin.py:188} INFO - [2025-08-17T01:17:40.594+0000] {dag.py:3947} INFO - Setting next_dagrun for tutorial_objectstorage to None, run_after=None
[2025-08-17T01:17:40.621+0000] {processor.py:183} INFO - Processing /home/airflow/.local/lib/python3.12/site-packages/airflow/example_dags/tutorial_objectstorage.py took 0.202 seconds
[2025-08-17T01:18:11.254+0000] {processor.py:161} INFO - Started process (PID=154) to work on /home/airflow/.local/lib/python3.12/site-packages/airflow/example_dags/tutorial_objectstorage.py
[2025-08-17T01:18:11.255+0000] {processor.py:830} INFO - Processing file /home/airflow/.local/lib/python3.12/site-packages/airflow/example_dags/tutorial_objectstorage.py for tasks to queue
[2025-08-17T01:18:11.257+0000] {logging_mixin.py:188} INFO - [2025-08-17T01:18:11.257+0000] {dagbag.py:545} INFO - Filling up the DagBag from /home/airflow/.local/lib/python3.12/site-packages/airflow/example_dags/tutorial_objectstorage.py
[2025-08-17T01:18:11.267+0000] {processor.py:840} INFO - DAG(s) 'tutorial_objectstorage' retrieved from /home/airflow/.local/lib/python3.12/site-packages/airflow/example_dags/tutorial_objectstorage.py
[2025-08-17T01:18:11.295+0000] {logging_mixin.py:188} INFO - [2025-08-17T01:18:11.295+0000] {dag.py:3089} INFO - Sync 1 DAGs
[2025-08-17T01:18:11.312+0000] {logging_mixin.py:188} INFO - [2025-08-17T01:18:11.312+0000] {dag.py:3947} INFO - Setting next_dagrun for tutorial_objectstorage to None, run_after=None
[2025-08-17T01:18:11.338+0000] {processor.py:183} INFO - Processing /home/airflow/.local/lib/python3.12/site-packages/airflow/example_dags/tutorial_objectstorage.py took 0.093 seconds
[2025-08-17T01:18:41.994+0000] {processor.py:161} INFO - Started process (PID=213) to work on /home/airflow/.local/lib/python3.12/site-packages/airflow/example_dags/tutorial_objectstorage.py
[2025-08-17T01:18:41.995+0000] {processor.py:830} INFO - Processing file /home/airflow/.local/lib/python3.12/site-packages/airflow/example_dags/tutorial_objectstorage.py for tasks to queue
[2025-08-17T01:18:41.998+0000] {logging_mixin.py:188} INFO - [2025-08-17T01:18:41.997+0000] {dagbag.py:545} INFO - Filling up the DagBag from /home/airflow/.local/lib/python3.12/site-packages/airflow/example_dags/tutorial_objectstorage.py
[2025-08-17T01:18:42.008+0000] {processor.py:840} INFO - DAG(s) 'tutorial_objectstorage' retrieved from /home/airflow/.local/lib/python3.12/site-packages/airflow/example_dags/tutorial_objectstorage.py
[2025-08-17T01:18:42.031+0000] {logging_mixin.py:188} INFO - [2025-08-17T01:18:42.031+0000] {dag.py:3089} INFO - Sync 1 DAGs
[2025-08-17T01:18:42.044+0000] {logging_mixin.py:188} INFO - [2025-08-17T01:18:42.044+0000] {dag.py:3947} INFO - Setting next_dagrun for tutorial_objectstorage to None, run_after=None
[2025-08-17T01:18:42.063+0000] {processor.py:183} INFO - Processing /home/airflow/.local/lib/python3.12/site-packages/airflow/example_dags/tutorial_objectstorage.py took 0.076 seconds
[2025-08-17T01:19:12.177+0000] {processor.py:161} INFO - Started process (PID=272) to work on /home/airflow/.local/lib/python3.12/site-packages/airflow/example_dags/tutorial_objectstorage.py
[2025-08-17T01:19:12.179+0000] {processor.py:830} INFO - Processing file /home/airflow/.local/lib/python3.12/site-packages/airflow/example_dags/tutorial_objectstorage.py for tasks to queue
[2025-08-17T01:19:12.182+0000] {logging_mixin.py:188} INFO - [2025-08-17T01:19:12.181+0000] {dagbag.py:545} INFO - Filling up the DagBag from /home/airflow/.local/lib/python3.12/site-packages/airflow/example_dags/tutorial_objectstorage.py
[2025-08-17T01:19:12.190+0000] {processor.py:840} INFO - DAG(s) 'tutorial_objectstorage' retrieved from /home/airflow/.local/lib/python3.12/site-packages/airflow/example_dags/tutorial_objectstorage.py
[2025-08-17T01:19:12.214+0000] {logging_mixin.py:188} INFO - [2025-08-17T01:19:12.214+0000] {dag.py:3089} INFO - Sync 1 DAGs
[2025-08-17T01:19:12.228+0000] {logging_mixin.py:188} INFO - [2025-08-17T01:19:12.228+0000] {dag.py:3947} INFO - Setting next_dagrun for tutorial_objectstorage to None, run_after=None
[2025-08-17T01:19:12.248+0000] {processor.py:183} INFO - Processing /home/airflow/.local/lib/python3.12/site-packages/airflow/example_dags/tutorial_objectstorage.py took 0.078 seconds
[2025-08-17T01:19:42.380+0000] {processor.py:161} INFO - Started process (PID=331) to work on /home/airflow/.local/lib/python3.12/site-packages/airflow/example_dags/tutorial_objectstorage.py
[2025-08-17T01:19:42.382+0000] {processor.py:830} INFO - Processing file /home/airflow/.local/lib/python3.12/site-packages/airflow/example_dags/tutorial_objectstorage.py for tasks to queue
[2025-08-17T01:19:42.385+0000] {logging_mixin.py:188} INFO - [2025-08-17T01:19:42.384+0000] {dagbag.py:545} INFO - Filling up the DagBag from /home/airflow/.local/lib/python3.12/site-packages/airflow/example_dags/tutorial_objectstorage.py
[2025-08-17T01:19:42.393+0000] {processor.py:840} INFO - DAG(s) 'tutorial_objectstorage' retrieved from /home/airflow/.local/lib/python3.12/site-packages/airflow/example_dags/tutorial_objectstorage.py
[2025-08-17T01:19:42.417+0000] {logging_mixin.py:188} INFO - [2025-08-17T01:19:42.417+0000] {dag.py:3089} INFO - Sync 1 DAGs
[2025-08-17T01:19:42.431+0000] {logging_mixin.py:188} INFO - [2025-08-17T01:19:42.430+0000] {dag.py:3947} INFO - Setting next_dagrun for tutorial_objectstorage to None, run_after=None
[2025-08-17T01:19:42.452+0000] {processor.py:183} INFO - Processing /home/airflow/.local/lib/python3.12/site-packages/airflow/example_dags/tutorial_objectstorage.py took 0.082 seconds
[2025-08-17T01:20:12.593+0000] {processor.py:161} INFO - Started process (PID=391) to work on /home/airflow/.local/lib/python3.12/site-packages/airflow/example_dags/tutorial_objectstorage.py
[2025-08-17T01:20:12.595+0000] {processor.py:830} INFO - Processing file /home/airflow/.local/lib/python3.12/site-packages/airflow/example_dags/tutorial_objectstorage.py for tasks to queue
[2025-08-17T01:20:12.598+0000] {logging_mixin.py:188} INFO - [2025-08-17T01:20:12.597+0000] {dagbag.py:545} INFO - Filling up the DagBag from /home/airflow/.local/lib/python3.12/site-packages/airflow/example_dags/tutorial_objectstorage.py
[2025-08-17T01:20:12.606+0000] {processor.py:840} INFO - DAG(s) 'tutorial_objectstorage' retrieved from /home/airflow/.local/lib/python3.12/site-packages/airflow/example_dags/tutorial_objectstorage.py
[2025-08-17T01:20:12.628+0000] {logging_mixin.py:188} INFO - [2025-08-17T01:20:12.627+0000] {dag.py:3089} INFO - Sync 1 DAGs
[2025-08-17T01:20:12.640+0000] {logging_mixin.py:188} INFO - [2025-08-17T01:20:12.640+0000] {dag.py:3947} INFO - Setting next_dagrun for tutorial_objectstorage to None, run_after=None
[2025-08-17T01:20:12.660+0000] {processor.py:183} INFO - Processing /home/airflow/.local/lib/python3.12/site-packages/airflow/example_dags/tutorial_objectstorage.py took 0.074 seconds
[2025-08-17T01:20:42.773+0000] {processor.py:161} INFO - Started process (PID=451) to work on /home/airflow/.local/lib/python3.12/site-packages/airflow/example_dags/tutorial_objectstorage.py
[2025-08-17T01:20:42.775+0000] {processor.py:830} INFO - Processing file /home/airflow/.local/lib/python3.12/site-packages/airflow/example_dags/tutorial_objectstorage.py for tasks to queue
[2025-08-17T01:20:42.778+0000] {logging_mixin.py:188} INFO - [2025-08-17T01:20:42.777+0000] {dagbag.py:545} INFO - Filling up the DagBag from /home/airflow/.local/lib/python3.12/site-packages/airflow/example_dags/tutorial_objectstorage.py
[2025-08-17T01:20:42.786+0000] {processor.py:840} INFO - DAG(s) 'tutorial_objectstorage' retrieved from /home/airflow/.local/lib/python3.12/site-packages/airflow/example_dags/tutorial_objectstorage.py
[2025-08-17T01:20:42.808+0000] {logging_mixin.py:188} INFO - [2025-08-17T01:20:42.808+0000] {dag.py:3089} INFO - Sync 1 DAGs
[2025-08-17T01:20:42.821+0000] {logging_mixin.py:188} INFO - [2025-08-17T01:20:42.821+0000] {dag.py:3947} INFO - Setting next_dagrun for tutorial_objectstorage to None, run_after=None
[2025-08-17T01:20:42.841+0000] {processor.py:183} INFO - Processing /home/airflow/.local/lib/python3.12/site-packages/airflow/example_dags/tutorial_objectstorage.py took 0.073 seconds
[2025-08-17T01:21:13.450+0000] {processor.py:161} INFO - Started process (PID=510) to work on /home/airflow/.local/lib/python3.12/site-packages/airflow/example_dags/tutorial_objectstorage.py
[2025-08-17T01:21:13.451+0000] {processor.py:830} INFO - Processing file /home/airflow/.local/lib/python3.12/site-packages/airflow/example_dags/tutorial_objectstorage.py for tasks to queue
[2025-08-17T01:21:13.454+0000] {logging_mixin.py:188} INFO - [2025-08-17T01:21:13.454+0000] {dagbag.py:545} INFO - Filling up the DagBag from /home/airflow/.local/lib/python3.12/site-packages/airflow/example_dags/tutorial_objectstorage.py
[2025-08-17T01:21:13.462+0000] {processor.py:840} INFO - DAG(s) 'tutorial_objectstorage' retrieved from /home/airflow/.local/lib/python3.12/site-packages/airflow/example_dags/tutorial_objectstorage.py
[2025-08-17T01:21:13.484+0000] {logging_mixin.py:188} INFO - [2025-08-17T01:21:13.483+0000] {dag.py:3089} INFO - Sync 1 DAGs
[2025-08-17T01:21:13.498+0000] {logging_mixin.py:188} INFO - [2025-08-17T01:21:13.497+0000] {dag.py:3947} INFO - Setting next_dagrun for tutorial_objectstorage to None, run_after=None
[2025-08-17T01:21:13.519+0000] {processor.py:183} INFO - Processing /home/airflow/.local/lib/python3.12/site-packages/airflow/example_dags/tutorial_objectstorage.py took 0.075 seconds
[2025-08-17T01:21:43.990+0000] {processor.py:161} INFO - Started process (PID=569) to work on /home/airflow/.local/lib/python3.12/site-packages/airflow/example_dags/tutorial_objectstorage.py
[2025-08-17T01:21:43.992+0000] {processor.py:830} INFO - Processing file /home/airflow/.local/lib/python3.12/site-packages/airflow/example_dags/tutorial_objectstorage.py for tasks to queue
[2025-08-17T01:21:43.994+0000] {logging_mixin.py:188} INFO - [2025-08-17T01:21:43.994+0000] {dagbag.py:545} INFO - Filling up the DagBag from /home/airflow/.local/lib/python3.12/site-packages/airflow/example_dags/tutorial_objectstorage.py
[2025-08-17T01:21:44.003+0000] {processor.py:840} INFO - DAG(s) 'tutorial_objectstorage' retrieved from /home/airflow/.local/lib/python3.12/site-packages/airflow/example_dags/tutorial_objectstorage.py
[2025-08-17T01:21:44.026+0000] {logging_mixin.py:188} INFO - [2025-08-17T01:21:44.026+0000] {dag.py:3089} INFO - Sync 1 DAGs
[2025-08-17T01:21:44.039+0000] {logging_mixin.py:188} INFO - [2025-08-17T01:21:44.039+0000] {dag.py:3947} INFO - Setting next_dagrun for tutorial_objectstorage to None, run_after=None
[2025-08-17T01:21:44.063+0000] {processor.py:183} INFO - Processing /home/airflow/.local/lib/python3.12/site-packages/airflow/example_dags/tutorial_objectstorage.py took 0.079 seconds
[2025-08-17T01:22:14.186+0000] {processor.py:161} INFO - Started process (PID=628) to work on /home/airflow/.local/lib/python3.12/site-packages/airflow/example_dags/tutorial_objectstorage.py
[2025-08-17T01:22:14.188+0000] {processor.py:830} INFO - Processing file /home/airflow/.local/lib/python3.12/site-packages/airflow/example_dags/tutorial_objectstorage.py for tasks to queue
[2025-08-17T01:22:14.191+0000] {logging_mixin.py:188} INFO - [2025-08-17T01:22:14.191+0000] {dagbag.py:545} INFO - Filling up the DagBag from /home/airflow/.local/lib/python3.12/site-packages/airflow/example_dags/tutorial_objectstorage.py
[2025-08-17T01:22:14.200+0000] {processor.py:840} INFO - DAG(s) 'tutorial_objectstorage' retrieved from /home/airflow/.local/lib/python3.12/site-packages/airflow/example_dags/tutorial_objectstorage.py
[2025-08-17T01:22:14.224+0000] {logging_mixin.py:188} INFO - [2025-08-17T01:22:14.224+0000] {dag.py:3089} INFO - Sync 1 DAGs
[2025-08-17T01:22:14.238+0000] {logging_mixin.py:188} INFO - [2025-08-17T01:22:14.238+0000] {dag.py:3947} INFO - Setting next_dagrun for tutorial_objectstorage to None, run_after=None
[2025-08-17T01:22:14.260+0000] {processor.py:183} INFO - Processing /home/airflow/.local/lib/python3.12/site-packages/airflow/example_dags/tutorial_objectstorage.py took 0.084 seconds
[2025-08-17T01:22:44.478+0000] {processor.py:161} INFO - Started process (PID=687) to work on /home/airflow/.local/lib/python3.12/site-packages/airflow/example_dags/tutorial_objectstorage.py
[2025-08-17T01:22:44.480+0000] {processor.py:830} INFO - Processing file /home/airflow/.local/lib/python3.12/site-packages/airflow/example_dags/tutorial_objectstorage.py for tasks to queue
[2025-08-17T01:22:44.483+0000] {logging_mixin.py:188} INFO - [2025-08-17T01:22:44.482+0000] {dagbag.py:545} INFO - Filling up the DagBag from /home/airflow/.local/lib/python3.12/site-packages/airflow/example_dags/tutorial_objectstorage.py
[2025-08-17T01:22:44.492+0000] {processor.py:840} INFO - DAG(s) 'tutorial_objectstorage' retrieved from /home/airflow/.local/lib/python3.12/site-packages/airflow/example_dags/tutorial_objectstorage.py
[2025-08-17T01:22:44.516+0000] {logging_mixin.py:188} INFO - [2025-08-17T01:22:44.516+0000] {dag.py:3089} INFO - Sync 1 DAGs
[2025-08-17T01:22:44.529+0000] {logging_mixin.py:188} INFO - [2025-08-17T01:22:44.529+0000] {dag.py:3947} INFO - Setting next_dagrun for tutorial_objectstorage to None, run_after=None
[2025-08-17T01:22:44.550+0000] {processor.py:183} INFO - Processing /home/airflow/.local/lib/python3.12/site-packages/airflow/example_dags/tutorial_objectstorage.py took 0.078 seconds
[2025-08-17T01:23:14.683+0000] {processor.py:161} INFO - Started process (PID=746) to work on /home/airflow/.local/lib/python3.12/site-packages/airflow/example_dags/tutorial_objectstorage.py
[2025-08-17T01:23:14.685+0000] {processor.py:830} INFO - Processing file /home/airflow/.local/lib/python3.12/site-packages/airflow/example_dags/tutorial_objectstorage.py for tasks to queue
[2025-08-17T01:23:14.688+0000] {logging_mixin.py:188} INFO - [2025-08-17T01:23:14.688+0000] {dagbag.py:545} INFO - Filling up the DagBag from /home/airflow/.local/lib/python3.12/site-packages/airflow/example_dags/tutorial_objectstorage.py
[2025-08-17T01:23:14.696+0000] {processor.py:840} INFO - DAG(s) 'tutorial_objectstorage' retrieved from /home/airflow/.local/lib/python3.12/site-packages/airflow/example_dags/tutorial_objectstorage.py
[2025-08-17T01:23:14.722+0000] {logging_mixin.py:188} INFO - [2025-08-17T01:23:14.721+0000] {dag.py:3089} INFO - Sync 1 DAGs
[2025-08-17T01:23:14.737+0000] {logging_mixin.py:188} INFO - [2025-08-17T01:23:14.737+0000] {dag.py:3947} INFO - Setting next_dagrun for tutorial_objectstorage to None, run_after=None
[2025-08-17T01:23:14.762+0000] {processor.py:183} INFO - Processing /home/airflow/.local/lib/python3.12/site-packages/airflow/example_dags/tutorial_objectstorage.py took 0.085 seconds
[2025-08-17T01:23:45.582+0000] {processor.py:161} INFO - Started process (PID=805) to work on /home/airflow/.local/lib/python3.12/site-packages/airflow/example_dags/tutorial_objectstorage.py
[2025-08-17T01:23:45.583+0000] {processor.py:830} INFO - Processing file /home/airflow/.local/lib/python3.12/site-packages/airflow/example_dags/tutorial_objectstorage.py for tasks to queue
[2025-08-17T01:23:45.585+0000] {logging_mixin.py:188} INFO - [2025-08-17T01:23:45.585+0000] {dagbag.py:545} INFO - Filling up the DagBag from /home/airflow/.local/lib/python3.12/site-packages/airflow/example_dags/tutorial_objectstorage.py
[2025-08-17T01:23:45.593+0000] {processor.py:840} INFO - DAG(s) 'tutorial_objectstorage' retrieved from /home/airflow/.local/lib/python3.12/site-packages/airflow/example_dags/tutorial_objectstorage.py
[2025-08-17T01:23:45.615+0000] {logging_mixin.py:188} INFO - [2025-08-17T01:23:45.615+0000] {dag.py:3089} INFO - Sync 1 DAGs
[2025-08-17T01:23:45.628+0000] {logging_mixin.py:188} INFO - [2025-08-17T01:23:45.627+0000] {dag.py:3947} INFO - Setting next_dagrun for tutorial_objectstorage to None, run_after=None
[2025-08-17T01:23:45.649+0000] {processor.py:183} INFO - Processing /home/airflow/.local/lib/python3.12/site-packages/airflow/example_dags/tutorial_objectstorage.py took 0.073 seconds
[2025-08-17T01:24:16.045+0000] {processor.py:161} INFO - Started process (PID=864) to work on /home/airflow/.local/lib/python3.12/site-packages/airflow/example_dags/tutorial_objectstorage.py
[2025-08-17T01:24:16.047+0000] {processor.py:830} INFO - Processing file /home/airflow/.local/lib/python3.12/site-packages/airflow/example_dags/tutorial_objectstorage.py for tasks to queue
[2025-08-17T01:24:16.049+0000] {logging_mixin.py:188} INFO - [2025-08-17T01:24:16.049+0000] {dagbag.py:545} INFO - Filling up the DagBag from /home/airflow/.local/lib/python3.12/site-packages/airflow/example_dags/tutorial_objectstorage.py
[2025-08-17T01:24:16.058+0000] {processor.py:840} INFO - DAG(s) 'tutorial_objectstorage' retrieved from /home/airflow/.local/lib/python3.12/site-packages/airflow/example_dags/tutorial_objectstorage.py
[2025-08-17T01:24:16.082+0000] {logging_mixin.py:188} INFO - [2025-08-17T01:24:16.082+0000] {dag.py:3089} INFO - Sync 1 DAGs
[2025-08-17T01:24:16.096+0000] {logging_mixin.py:188} INFO - [2025-08-17T01:24:16.096+0000] {dag.py:3947} INFO - Setting next_dagrun for tutorial_objectstorage to None, run_after=None
[2025-08-17T01:24:16.123+0000] {processor.py:183} INFO - Processing /home/airflow/.local/lib/python3.12/site-packages/airflow/example_dags/tutorial_objectstorage.py took 0.085 seconds
[2025-08-17T01:24:46.507+0000] {processor.py:161} INFO - Started process (PID=923) to work on /home/airflow/.local/lib/python3.12/site-packages/airflow/example_dags/tutorial_objectstorage.py
[2025-08-17T01:24:46.508+0000] {processor.py:830} INFO - Processing file /home/airflow/.local/lib/python3.12/site-packages/airflow/example_dags/tutorial_objectstorage.py for tasks to queue
[2025-08-17T01:24:46.510+0000] {logging_mixin.py:188} INFO - [2025-08-17T01:24:46.510+0000] {dagbag.py:545} INFO - Filling up the DagBag from /home/airflow/.local/lib/python3.12/site-packages/airflow/example_dags/tutorial_objectstorage.py
[2025-08-17T01:24:46.519+0000] {processor.py:840} INFO - DAG(s) 'tutorial_objectstorage' retrieved from /home/airflow/.local/lib/python3.12/site-packages/airflow/example_dags/tutorial_objectstorage.py
[2025-08-17T01:24:46.544+0000] {logging_mixin.py:188} INFO - [2025-08-17T01:24:46.544+0000] {dag.py:3089} INFO - Sync 1 DAGs
[2025-08-17T01:24:46.558+0000] {logging_mixin.py:188} INFO - [2025-08-17T01:24:46.558+0000] {dag.py:3947} INFO - Setting next_dagrun for tutorial_objectstorage to None, run_after=None
[2025-08-17T01:24:46.582+0000] {processor.py:183} INFO - Processing /home/airflow/.local/lib/python3.12/site-packages/airflow/example_dags/tutorial_objectstorage.py took 0.082 seconds
[2025-08-17T01:25:16.704+0000] {processor.py:161} INFO - Started process (PID=982) to work on /home/airflow/.local/lib/python3.12/site-packages/airflow/example_dags/tutorial_objectstorage.py
[2025-08-17T01:25:16.706+0000] {processor.py:830} INFO - Processing file /home/airflow/.local/lib/python3.12/site-packages/airflow/example_dags/tutorial_objectstorage.py for tasks to queue
[2025-08-17T01:25:16.708+0000] {logging_mixin.py:188} INFO - [2025-08-17T01:25:16.708+0000] {dagbag.py:545} INFO - Filling up the DagBag from /home/airflow/.local/lib/python3.12/site-packages/airflow/example_dags/tutorial_objectstorage.py
[2025-08-17T01:25:16.717+0000] {processor.py:840} INFO - DAG(s) 'tutorial_objectstorage' retrieved from /home/airflow/.local/lib/python3.12/site-packages/airflow/example_dags/tutorial_objectstorage.py
[2025-08-17T01:25:16.743+0000] {logging_mixin.py:188} INFO - [2025-08-17T01:25:16.742+0000] {dag.py:3089} INFO - Sync 1 DAGs
[2025-08-17T01:25:16.757+0000] {logging_mixin.py:188} INFO - [2025-08-17T01:25:16.757+0000] {dag.py:3947} INFO - Setting next_dagrun for tutorial_objectstorage to None, run_after=None
[2025-08-17T01:25:16.779+0000] {processor.py:183} INFO - Processing /home/airflow/.local/lib/python3.12/site-packages/airflow/example_dags/tutorial_objectstorage.py took 0.082 seconds
[2025-08-17T01:26:42.576+0000] {processor.py:161} INFO - Started process (PID=95) to work on /home/airflow/.local/lib/python3.12/site-packages/airflow/example_dags/tutorial_objectstorage.py
[2025-08-17T01:26:42.578+0000] {processor.py:830} INFO - Processing file /home/airflow/.local/lib/python3.12/site-packages/airflow/example_dags/tutorial_objectstorage.py for tasks to queue
[2025-08-17T01:26:42.582+0000] {logging_mixin.py:188} INFO - [2025-08-17T01:26:42.581+0000] {dagbag.py:545} INFO - Filling up the DagBag from /home/airflow/.local/lib/python3.12/site-packages/airflow/example_dags/tutorial_objectstorage.py
[2025-08-17T01:26:42.598+0000] {processor.py:840} INFO - DAG(s) 'tutorial_objectstorage' retrieved from /home/airflow/.local/lib/python3.12/site-packages/airflow/example_dags/tutorial_objectstorage.py
[2025-08-17T01:26:42.740+0000] {logging_mixin.py:188} INFO - [2025-08-17T01:26:42.740+0000] {dag.py:3089} INFO - Sync 1 DAGs
[2025-08-17T01:26:42.753+0000] {logging_mixin.py:188} INFO - [2025-08-17T01:26:42.753+0000] {dag.py:3947} INFO - Setting next_dagrun for tutorial_objectstorage to None, run_after=None
[2025-08-17T01:26:42.779+0000] {processor.py:183} INFO - Processing /home/airflow/.local/lib/python3.12/site-packages/airflow/example_dags/tutorial_objectstorage.py took 0.213 seconds
[2025-08-17T01:27:12.828+0000] {processor.py:161} INFO - Started process (PID=154) to work on /home/airflow/.local/lib/python3.12/site-packages/airflow/example_dags/tutorial_objectstorage.py
[2025-08-17T01:27:12.830+0000] {processor.py:830} INFO - Processing file /home/airflow/.local/lib/python3.12/site-packages/airflow/example_dags/tutorial_objectstorage.py for tasks to queue
[2025-08-17T01:27:12.832+0000] {logging_mixin.py:188} INFO - [2025-08-17T01:27:12.832+0000] {dagbag.py:545} INFO - Filling up the DagBag from /home/airflow/.local/lib/python3.12/site-packages/airflow/example_dags/tutorial_objectstorage.py
[2025-08-17T01:27:12.839+0000] {processor.py:840} INFO - DAG(s) 'tutorial_objectstorage' retrieved from /home/airflow/.local/lib/python3.12/site-packages/airflow/example_dags/tutorial_objectstorage.py
[2025-08-17T01:27:12.855+0000] {logging_mixin.py:188} INFO - [2025-08-17T01:27:12.855+0000] {dag.py:3089} INFO - Sync 1 DAGs
[2025-08-17T01:27:12.870+0000] {logging_mixin.py:188} INFO - [2025-08-17T01:27:12.870+0000] {dag.py:3947} INFO - Setting next_dagrun for tutorial_objectstorage to None, run_after=None
[2025-08-17T01:27:12.892+0000] {processor.py:183} INFO - Processing /home/airflow/.local/lib/python3.12/site-packages/airflow/example_dags/tutorial_objectstorage.py took 0.070 seconds
[2025-08-17T01:27:43.392+0000] {processor.py:161} INFO - Started process (PID=213) to work on /home/airflow/.local/lib/python3.12/site-packages/airflow/example_dags/tutorial_objectstorage.py
[2025-08-17T01:27:43.394+0000] {processor.py:830} INFO - Processing file /home/airflow/.local/lib/python3.12/site-packages/airflow/example_dags/tutorial_objectstorage.py for tasks to queue
[2025-08-17T01:27:43.397+0000] {logging_mixin.py:188} INFO - [2025-08-17T01:27:43.396+0000] {dagbag.py:545} INFO - Filling up the DagBag from /home/airflow/.local/lib/python3.12/site-packages/airflow/example_dags/tutorial_objectstorage.py
[2025-08-17T01:27:43.404+0000] {processor.py:840} INFO - DAG(s) 'tutorial_objectstorage' retrieved from /home/airflow/.local/lib/python3.12/site-packages/airflow/example_dags/tutorial_objectstorage.py
[2025-08-17T01:27:43.509+0000] {logging_mixin.py:188} INFO - [2025-08-17T01:27:43.509+0000] {dag.py:3089} INFO - Sync 1 DAGs
[2025-08-17T01:27:43.522+0000] {logging_mixin.py:188} INFO - [2025-08-17T01:27:43.522+0000] {dag.py:3947} INFO - Setting next_dagrun for tutorial_objectstorage to None, run_after=None
[2025-08-17T01:27:43.542+0000] {processor.py:183} INFO - Processing /home/airflow/.local/lib/python3.12/site-packages/airflow/example_dags/tutorial_objectstorage.py took 0.156 seconds
[2025-08-17T01:28:13.687+0000] {processor.py:161} INFO - Started process (PID=272) to work on /home/airflow/.local/lib/python3.12/site-packages/airflow/example_dags/tutorial_objectstorage.py
[2025-08-17T01:28:13.688+0000] {processor.py:830} INFO - Processing file /home/airflow/.local/lib/python3.12/site-packages/airflow/example_dags/tutorial_objectstorage.py for tasks to queue
[2025-08-17T01:28:13.690+0000] {logging_mixin.py:188} INFO - [2025-08-17T01:28:13.690+0000] {dagbag.py:545} INFO - Filling up the DagBag from /home/airflow/.local/lib/python3.12/site-packages/airflow/example_dags/tutorial_objectstorage.py
[2025-08-17T01:28:13.698+0000] {processor.py:840} INFO - DAG(s) 'tutorial_objectstorage' retrieved from /home/airflow/.local/lib/python3.12/site-packages/airflow/example_dags/tutorial_objectstorage.py
[2025-08-17T01:28:13.721+0000] {logging_mixin.py:188} INFO - [2025-08-17T01:28:13.721+0000] {dag.py:3089} INFO - Sync 1 DAGs
[2025-08-17T01:28:13.734+0000] {logging_mixin.py:188} INFO - [2025-08-17T01:28:13.734+0000] {dag.py:3947} INFO - Setting next_dagrun for tutorial_objectstorage to None, run_after=None
[2025-08-17T01:28:13.757+0000] {processor.py:183} INFO - Processing /home/airflow/.local/lib/python3.12/site-packages/airflow/example_dags/tutorial_objectstorage.py took 0.077 seconds
[2025-08-17T01:28:43.904+0000] {processor.py:161} INFO - Started process (PID=331) to work on /home/airflow/.local/lib/python3.12/site-packages/airflow/example_dags/tutorial_objectstorage.py
[2025-08-17T01:28:43.906+0000] {processor.py:830} INFO - Processing file /home/airflow/.local/lib/python3.12/site-packages/airflow/example_dags/tutorial_objectstorage.py for tasks to queue
[2025-08-17T01:28:43.908+0000] {logging_mixin.py:188} INFO - [2025-08-17T01:28:43.908+0000] {dagbag.py:545} INFO - Filling up the DagBag from /home/airflow/.local/lib/python3.12/site-packages/airflow/example_dags/tutorial_objectstorage.py
[2025-08-17T01:28:43.919+0000] {processor.py:840} INFO - DAG(s) 'tutorial_objectstorage' retrieved from /home/airflow/.local/lib/python3.12/site-packages/airflow/example_dags/tutorial_objectstorage.py
[2025-08-17T01:28:43.951+0000] {logging_mixin.py:188} INFO - [2025-08-17T01:28:43.950+0000] {dag.py:3089} INFO - Sync 1 DAGs
[2025-08-17T01:28:43.970+0000] {logging_mixin.py:188} INFO - [2025-08-17T01:28:43.970+0000] {dag.py:3947} INFO - Setting next_dagrun for tutorial_objectstorage to None, run_after=None
[2025-08-17T01:28:43.998+0000] {processor.py:183} INFO - Processing /home/airflow/.local/lib/python3.12/site-packages/airflow/example_dags/tutorial_objectstorage.py took 0.100 seconds
[2025-08-17T01:29:14.178+0000] {processor.py:161} INFO - Started process (PID=391) to work on /home/airflow/.local/lib/python3.12/site-packages/airflow/example_dags/tutorial_objectstorage.py
[2025-08-17T01:29:14.179+0000] {processor.py:830} INFO - Processing file /home/airflow/.local/lib/python3.12/site-packages/airflow/example_dags/tutorial_objectstorage.py for tasks to queue
[2025-08-17T01:29:14.182+0000] {logging_mixin.py:188} INFO - [2025-08-17T01:29:14.181+0000] {dagbag.py:545} INFO - Filling up the DagBag from /home/airflow/.local/lib/python3.12/site-packages/airflow/example_dags/tutorial_objectstorage.py
[2025-08-17T01:29:14.189+0000] {processor.py:840} INFO - DAG(s) 'tutorial_objectstorage' retrieved from /home/airflow/.local/lib/python3.12/site-packages/airflow/example_dags/tutorial_objectstorage.py
[2025-08-17T01:29:14.213+0000] {logging_mixin.py:188} INFO - [2025-08-17T01:29:14.212+0000] {dag.py:3089} INFO - Sync 1 DAGs
[2025-08-17T01:29:14.227+0000] {logging_mixin.py:188} INFO - [2025-08-17T01:29:14.227+0000] {dag.py:3947} INFO - Setting next_dagrun for tutorial_objectstorage to None, run_after=None
[2025-08-17T01:29:14.251+0000] {processor.py:183} INFO - Processing /home/airflow/.local/lib/python3.12/site-packages/airflow/example_dags/tutorial_objectstorage.py took 0.080 seconds
[2025-08-17T01:29:44.323+0000] {processor.py:161} INFO - Started process (PID=451) to work on /home/airflow/.local/lib/python3.12/site-packages/airflow/example_dags/tutorial_objectstorage.py
[2025-08-17T01:29:44.324+0000] {processor.py:830} INFO - Processing file /home/airflow/.local/lib/python3.12/site-packages/airflow/example_dags/tutorial_objectstorage.py for tasks to queue
[2025-08-17T01:29:44.326+0000] {logging_mixin.py:188} INFO - [2025-08-17T01:29:44.326+0000] {dagbag.py:545} INFO - Filling up the DagBag from /home/airflow/.local/lib/python3.12/site-packages/airflow/example_dags/tutorial_objectstorage.py
[2025-08-17T01:29:44.333+0000] {processor.py:840} INFO - DAG(s) 'tutorial_objectstorage' retrieved from /home/airflow/.local/lib/python3.12/site-packages/airflow/example_dags/tutorial_objectstorage.py
[2025-08-17T01:29:44.354+0000] {logging_mixin.py:188} INFO - [2025-08-17T01:29:44.354+0000] {dag.py:3089} INFO - Sync 1 DAGs
[2025-08-17T01:29:44.371+0000] {logging_mixin.py:188} INFO - [2025-08-17T01:29:44.371+0000] {dag.py:3947} INFO - Setting next_dagrun for tutorial_objectstorage to None, run_after=None
[2025-08-17T01:29:44.391+0000] {processor.py:183} INFO - Processing /home/airflow/.local/lib/python3.12/site-packages/airflow/example_dags/tutorial_objectstorage.py took 0.074 seconds
[2025-08-17T01:30:14.946+0000] {processor.py:161} INFO - Started process (PID=510) to work on /home/airflow/.local/lib/python3.12/site-packages/airflow/example_dags/tutorial_objectstorage.py
[2025-08-17T01:30:14.947+0000] {processor.py:830} INFO - Processing file /home/airflow/.local/lib/python3.12/site-packages/airflow/example_dags/tutorial_objectstorage.py for tasks to queue
[2025-08-17T01:30:14.949+0000] {logging_mixin.py:188} INFO - [2025-08-17T01:30:14.949+0000] {dagbag.py:545} INFO - Filling up the DagBag from /home/airflow/.local/lib/python3.12/site-packages/airflow/example_dags/tutorial_objectstorage.py
[2025-08-17T01:30:14.957+0000] {processor.py:840} INFO - DAG(s) 'tutorial_objectstorage' retrieved from /home/airflow/.local/lib/python3.12/site-packages/airflow/example_dags/tutorial_objectstorage.py
[2025-08-17T01:30:14.980+0000] {logging_mixin.py:188} INFO - [2025-08-17T01:30:14.980+0000] {dag.py:3089} INFO - Sync 1 DAGs
[2025-08-17T01:30:14.991+0000] {logging_mixin.py:188} INFO - [2025-08-17T01:30:14.991+0000] {dag.py:3947} INFO - Setting next_dagrun for tutorial_objectstorage to None, run_after=None
[2025-08-17T01:30:15.011+0000] {processor.py:183} INFO - Processing /home/airflow/.local/lib/python3.12/site-packages/airflow/example_dags/tutorial_objectstorage.py took 0.071 seconds
[2025-08-17T01:30:45.447+0000] {processor.py:161} INFO - Started process (PID=569) to work on /home/airflow/.local/lib/python3.12/site-packages/airflow/example_dags/tutorial_objectstorage.py
[2025-08-17T01:30:45.448+0000] {processor.py:830} INFO - Processing file /home/airflow/.local/lib/python3.12/site-packages/airflow/example_dags/tutorial_objectstorage.py for tasks to queue
[2025-08-17T01:30:45.450+0000] {logging_mixin.py:188} INFO - [2025-08-17T01:30:45.450+0000] {dagbag.py:545} INFO - Filling up the DagBag from /home/airflow/.local/lib/python3.12/site-packages/airflow/example_dags/tutorial_objectstorage.py
[2025-08-17T01:30:45.459+0000] {processor.py:840} INFO - DAG(s) 'tutorial_objectstorage' retrieved from /home/airflow/.local/lib/python3.12/site-packages/airflow/example_dags/tutorial_objectstorage.py
[2025-08-17T01:30:45.483+0000] {logging_mixin.py:188} INFO - [2025-08-17T01:30:45.483+0000] {dag.py:3089} INFO - Sync 1 DAGs
[2025-08-17T01:30:45.500+0000] {logging_mixin.py:188} INFO - [2025-08-17T01:30:45.500+0000] {dag.py:3947} INFO - Setting next_dagrun for tutorial_objectstorage to None, run_after=None
[2025-08-17T01:30:45.521+0000] {processor.py:183} INFO - Processing /home/airflow/.local/lib/python3.12/site-packages/airflow/example_dags/tutorial_objectstorage.py took 0.080 seconds
[2025-08-17T01:31:15.902+0000] {processor.py:161} INFO - Started process (PID=628) to work on /home/airflow/.local/lib/python3.12/site-packages/airflow/example_dags/tutorial_objectstorage.py
[2025-08-17T01:31:15.904+0000] {processor.py:830} INFO - Processing file /home/airflow/.local/lib/python3.12/site-packages/airflow/example_dags/tutorial_objectstorage.py for tasks to queue
[2025-08-17T01:31:15.906+0000] {logging_mixin.py:188} INFO - [2025-08-17T01:31:15.906+0000] {dagbag.py:545} INFO - Filling up the DagBag from /home/airflow/.local/lib/python3.12/site-packages/airflow/example_dags/tutorial_objectstorage.py
[2025-08-17T01:31:15.914+0000] {processor.py:840} INFO - DAG(s) 'tutorial_objectstorage' retrieved from /home/airflow/.local/lib/python3.12/site-packages/airflow/example_dags/tutorial_objectstorage.py
[2025-08-17T01:31:15.935+0000] {logging_mixin.py:188} INFO - [2025-08-17T01:31:15.935+0000] {dag.py:3089} INFO - Sync 1 DAGs
[2025-08-17T01:31:15.947+0000] {logging_mixin.py:188} INFO - [2025-08-17T01:31:15.947+0000] {dag.py:3947} INFO - Setting next_dagrun for tutorial_objectstorage to None, run_after=None
[2025-08-17T01:31:15.967+0000] {processor.py:183} INFO - Processing /home/airflow/.local/lib/python3.12/site-packages/airflow/example_dags/tutorial_objectstorage.py took 0.071 seconds
[2025-08-17T01:31:46.666+0000] {processor.py:161} INFO - Started process (PID=690) to work on /home/airflow/.local/lib/python3.12/site-packages/airflow/example_dags/tutorial_objectstorage.py
[2025-08-17T01:31:46.668+0000] {processor.py:830} INFO - Processing file /home/airflow/.local/lib/python3.12/site-packages/airflow/example_dags/tutorial_objectstorage.py for tasks to queue
[2025-08-17T01:31:46.670+0000] {logging_mixin.py:188} INFO - [2025-08-17T01:31:46.670+0000] {dagbag.py:545} INFO - Filling up the DagBag from /home/airflow/.local/lib/python3.12/site-packages/airflow/example_dags/tutorial_objectstorage.py
[2025-08-17T01:31:46.678+0000] {processor.py:840} INFO - DAG(s) 'tutorial_objectstorage' retrieved from /home/airflow/.local/lib/python3.12/site-packages/airflow/example_dags/tutorial_objectstorage.py
[2025-08-17T01:31:46.701+0000] {logging_mixin.py:188} INFO - [2025-08-17T01:31:46.701+0000] {dag.py:3089} INFO - Sync 1 DAGs
[2025-08-17T01:31:46.716+0000] {logging_mixin.py:188} INFO - [2025-08-17T01:31:46.716+0000] {dag.py:3947} INFO - Setting next_dagrun for tutorial_objectstorage to None, run_after=None
[2025-08-17T01:31:46.738+0000] {processor.py:183} INFO - Processing /home/airflow/.local/lib/python3.12/site-packages/airflow/example_dags/tutorial_objectstorage.py took 0.077 seconds
