[2025-08-17T00:53:30.781+0000] {processor.py:161} INFO - Started process (PID=62) to work on /home/airflow/.local/lib/python3.12/site-packages/airflow/example_dags/tutorial.py
[2025-08-17T00:53:30.784+0000] {processor.py:830} INFO - Processing file /home/airflow/.local/lib/python3.12/site-packages/airflow/example_dags/tutorial.py for tasks to queue
[2025-08-17T00:53:30.788+0000] {logging_mixin.py:188} INFO - [2025-08-17T00:53:30.787+0000] {dagbag.py:545} INFO - Filling up the DagBag from /home/airflow/.local/lib/python3.12/site-packages/airflow/example_dags/tutorial.py
[2025-08-17T00:53:30.810+0000] {processor.py:840} INFO - DAG(s) 'tutorial' retrieved from /home/airflow/.local/lib/python3.12/site-packages/airflow/example_dags/tutorial.py
[2025-08-17T00:53:30.865+0000] {logging_mixin.py:188} INFO - [2025-08-17T00:53:30.865+0000] {dag.py:3089} INFO - Sync 1 DAGs
[2025-08-17T00:53:30.929+0000] {logging_mixin.py:188} INFO - [2025-08-17T00:53:30.928+0000] {dag.py:3947} INFO - Setting next_dagrun for tutorial to 2025-08-16 00:00:00+00:00, run_after=2025-08-17 00:00:00+00:00
[2025-08-17T00:53:30.969+0000] {processor.py:183} INFO - Processing /home/airflow/.local/lib/python3.12/site-packages/airflow/example_dags/tutorial.py took 0.197 seconds
[2025-08-17T00:54:01.191+0000] {processor.py:161} INFO - Started process (PID=121) to work on /home/airflow/.local/lib/python3.12/site-packages/airflow/example_dags/tutorial.py
[2025-08-17T00:54:01.192+0000] {processor.py:830} INFO - Processing file /home/airflow/.local/lib/python3.12/site-packages/airflow/example_dags/tutorial.py for tasks to queue
[2025-08-17T00:54:01.195+0000] {logging_mixin.py:188} INFO - [2025-08-17T00:54:01.195+0000] {dagbag.py:545} INFO - Filling up the DagBag from /home/airflow/.local/lib/python3.12/site-packages/airflow/example_dags/tutorial.py
[2025-08-17T00:54:01.202+0000] {processor.py:840} INFO - DAG(s) 'tutorial' retrieved from /home/airflow/.local/lib/python3.12/site-packages/airflow/example_dags/tutorial.py
[2025-08-17T00:54:01.313+0000] {logging_mixin.py:188} INFO - [2025-08-17T00:54:01.313+0000] {dag.py:3089} INFO - Sync 1 DAGs
[2025-08-17T00:54:01.332+0000] {logging_mixin.py:188} INFO - [2025-08-17T00:54:01.332+0000] {dag.py:3947} INFO - Setting next_dagrun for tutorial to 2025-08-16 00:00:00+00:00, run_after=2025-08-17 00:00:00+00:00
[2025-08-17T00:54:01.355+0000] {processor.py:183} INFO - Processing /home/airflow/.local/lib/python3.12/site-packages/airflow/example_dags/tutorial.py took 0.170 seconds
[2025-08-17T00:54:31.719+0000] {processor.py:161} INFO - Started process (PID=179) to work on /home/airflow/.local/lib/python3.12/site-packages/airflow/example_dags/tutorial.py
[2025-08-17T00:54:31.721+0000] {processor.py:830} INFO - Processing file /home/airflow/.local/lib/python3.12/site-packages/airflow/example_dags/tutorial.py for tasks to queue
[2025-08-17T00:54:31.724+0000] {logging_mixin.py:188} INFO - [2025-08-17T00:54:31.724+0000] {dagbag.py:545} INFO - Filling up the DagBag from /home/airflow/.local/lib/python3.12/site-packages/airflow/example_dags/tutorial.py
[2025-08-17T00:54:31.730+0000] {processor.py:840} INFO - DAG(s) 'tutorial' retrieved from /home/airflow/.local/lib/python3.12/site-packages/airflow/example_dags/tutorial.py
[2025-08-17T00:54:31.756+0000] {logging_mixin.py:188} INFO - [2025-08-17T00:54:31.756+0000] {dag.py:3089} INFO - Sync 1 DAGs
[2025-08-17T00:54:31.780+0000] {logging_mixin.py:188} INFO - [2025-08-17T00:54:31.780+0000] {dag.py:3947} INFO - Setting next_dagrun for tutorial to 2025-08-16 00:00:00+00:00, run_after=2025-08-17 00:00:00+00:00
[2025-08-17T00:54:31.807+0000] {processor.py:183} INFO - Processing /home/airflow/.local/lib/python3.12/site-packages/airflow/example_dags/tutorial.py took 0.094 seconds
[2025-08-17T00:55:02.045+0000] {processor.py:161} INFO - Started process (PID=237) to work on /home/airflow/.local/lib/python3.12/site-packages/airflow/example_dags/tutorial.py
[2025-08-17T00:55:02.047+0000] {processor.py:830} INFO - Processing file /home/airflow/.local/lib/python3.12/site-packages/airflow/example_dags/tutorial.py for tasks to queue
[2025-08-17T00:55:02.050+0000] {logging_mixin.py:188} INFO - [2025-08-17T00:55:02.049+0000] {dagbag.py:545} INFO - Filling up the DagBag from /home/airflow/.local/lib/python3.12/site-packages/airflow/example_dags/tutorial.py
[2025-08-17T00:55:02.060+0000] {processor.py:840} INFO - DAG(s) 'tutorial' retrieved from /home/airflow/.local/lib/python3.12/site-packages/airflow/example_dags/tutorial.py
[2025-08-17T00:55:02.096+0000] {logging_mixin.py:188} INFO - [2025-08-17T00:55:02.096+0000] {dag.py:3089} INFO - Sync 1 DAGs
[2025-08-17T00:55:02.130+0000] {logging_mixin.py:188} INFO - [2025-08-17T00:55:02.130+0000] {dag.py:3947} INFO - Setting next_dagrun for tutorial to 2025-08-16 00:00:00+00:00, run_after=2025-08-17 00:00:00+00:00
[2025-08-17T00:55:02.155+0000] {processor.py:183} INFO - Processing /home/airflow/.local/lib/python3.12/site-packages/airflow/example_dags/tutorial.py took 0.120 seconds
[2025-08-17T00:55:32.985+0000] {processor.py:161} INFO - Started process (PID=295) to work on /home/airflow/.local/lib/python3.12/site-packages/airflow/example_dags/tutorial.py
[2025-08-17T00:55:32.987+0000] {processor.py:830} INFO - Processing file /home/airflow/.local/lib/python3.12/site-packages/airflow/example_dags/tutorial.py for tasks to queue
[2025-08-17T00:55:32.989+0000] {logging_mixin.py:188} INFO - [2025-08-17T00:55:32.989+0000] {dagbag.py:545} INFO - Filling up the DagBag from /home/airflow/.local/lib/python3.12/site-packages/airflow/example_dags/tutorial.py
[2025-08-17T00:55:32.997+0000] {processor.py:840} INFO - DAG(s) 'tutorial' retrieved from /home/airflow/.local/lib/python3.12/site-packages/airflow/example_dags/tutorial.py
[2025-08-17T00:55:33.027+0000] {logging_mixin.py:188} INFO - [2025-08-17T00:55:33.027+0000] {dag.py:3089} INFO - Sync 1 DAGs
[2025-08-17T00:55:33.053+0000] {logging_mixin.py:188} INFO - [2025-08-17T00:55:33.053+0000] {dag.py:3947} INFO - Setting next_dagrun for tutorial to 2025-08-16 00:00:00+00:00, run_after=2025-08-17 00:00:00+00:00
[2025-08-17T00:55:33.076+0000] {processor.py:183} INFO - Processing /home/airflow/.local/lib/python3.12/site-packages/airflow/example_dags/tutorial.py took 0.097 seconds
[2025-08-17T00:56:03.312+0000] {processor.py:161} INFO - Started process (PID=354) to work on /home/airflow/.local/lib/python3.12/site-packages/airflow/example_dags/tutorial.py
[2025-08-17T00:56:03.313+0000] {processor.py:830} INFO - Processing file /home/airflow/.local/lib/python3.12/site-packages/airflow/example_dags/tutorial.py for tasks to queue
[2025-08-17T00:56:03.316+0000] {logging_mixin.py:188} INFO - [2025-08-17T00:56:03.315+0000] {dagbag.py:545} INFO - Filling up the DagBag from /home/airflow/.local/lib/python3.12/site-packages/airflow/example_dags/tutorial.py
[2025-08-17T00:56:03.322+0000] {processor.py:840} INFO - DAG(s) 'tutorial' retrieved from /home/airflow/.local/lib/python3.12/site-packages/airflow/example_dags/tutorial.py
[2025-08-17T00:56:03.346+0000] {logging_mixin.py:188} INFO - [2025-08-17T00:56:03.346+0000] {dag.py:3089} INFO - Sync 1 DAGs
[2025-08-17T00:56:03.368+0000] {logging_mixin.py:188} INFO - [2025-08-17T00:56:03.368+0000] {dag.py:3947} INFO - Setting next_dagrun for tutorial to 2025-08-16 00:00:00+00:00, run_after=2025-08-17 00:00:00+00:00
[2025-08-17T00:56:03.389+0000] {processor.py:183} INFO - Processing /home/airflow/.local/lib/python3.12/site-packages/airflow/example_dags/tutorial.py took 0.083 seconds
[2025-08-17T00:56:33.660+0000] {processor.py:161} INFO - Started process (PID=412) to work on /home/airflow/.local/lib/python3.12/site-packages/airflow/example_dags/tutorial.py
[2025-08-17T00:56:33.661+0000] {processor.py:830} INFO - Processing file /home/airflow/.local/lib/python3.12/site-packages/airflow/example_dags/tutorial.py for tasks to queue
[2025-08-17T00:56:33.664+0000] {logging_mixin.py:188} INFO - [2025-08-17T00:56:33.664+0000] {dagbag.py:545} INFO - Filling up the DagBag from /home/airflow/.local/lib/python3.12/site-packages/airflow/example_dags/tutorial.py
[2025-08-17T00:56:33.672+0000] {processor.py:840} INFO - DAG(s) 'tutorial' retrieved from /home/airflow/.local/lib/python3.12/site-packages/airflow/example_dags/tutorial.py
[2025-08-17T00:56:33.700+0000] {logging_mixin.py:188} INFO - [2025-08-17T00:56:33.699+0000] {dag.py:3089} INFO - Sync 1 DAGs
[2025-08-17T00:56:33.724+0000] {logging_mixin.py:188} INFO - [2025-08-17T00:56:33.724+0000] {dag.py:3947} INFO - Setting next_dagrun for tutorial to 2025-08-16 00:00:00+00:00, run_after=2025-08-17 00:00:00+00:00
[2025-08-17T00:56:33.749+0000] {processor.py:183} INFO - Processing /home/airflow/.local/lib/python3.12/site-packages/airflow/example_dags/tutorial.py took 0.096 seconds
[2025-08-17T00:57:03.889+0000] {processor.py:161} INFO - Started process (PID=470) to work on /home/airflow/.local/lib/python3.12/site-packages/airflow/example_dags/tutorial.py
[2025-08-17T00:57:03.890+0000] {processor.py:830} INFO - Processing file /home/airflow/.local/lib/python3.12/site-packages/airflow/example_dags/tutorial.py for tasks to queue
[2025-08-17T00:57:03.893+0000] {logging_mixin.py:188} INFO - [2025-08-17T00:57:03.893+0000] {dagbag.py:545} INFO - Filling up the DagBag from /home/airflow/.local/lib/python3.12/site-packages/airflow/example_dags/tutorial.py
[2025-08-17T00:57:03.900+0000] {processor.py:840} INFO - DAG(s) 'tutorial' retrieved from /home/airflow/.local/lib/python3.12/site-packages/airflow/example_dags/tutorial.py
[2025-08-17T00:57:03.925+0000] {logging_mixin.py:188} INFO - [2025-08-17T00:57:03.924+0000] {dag.py:3089} INFO - Sync 1 DAGs
[2025-08-17T00:57:03.947+0000] {logging_mixin.py:188} INFO - [2025-08-17T00:57:03.947+0000] {dag.py:3947} INFO - Setting next_dagrun for tutorial to 2025-08-16 00:00:00+00:00, run_after=2025-08-17 00:00:00+00:00
[2025-08-17T00:57:03.970+0000] {processor.py:183} INFO - Processing /home/airflow/.local/lib/python3.12/site-packages/airflow/example_dags/tutorial.py took 0.087 seconds
[2025-08-17T00:57:34.470+0000] {processor.py:161} INFO - Started process (PID=534) to work on /home/airflow/.local/lib/python3.12/site-packages/airflow/example_dags/tutorial.py
[2025-08-17T00:57:34.471+0000] {processor.py:830} INFO - Processing file /home/airflow/.local/lib/python3.12/site-packages/airflow/example_dags/tutorial.py for tasks to queue
[2025-08-17T00:57:34.474+0000] {logging_mixin.py:188} INFO - [2025-08-17T00:57:34.474+0000] {dagbag.py:545} INFO - Filling up the DagBag from /home/airflow/.local/lib/python3.12/site-packages/airflow/example_dags/tutorial.py
[2025-08-17T00:57:34.482+0000] {processor.py:840} INFO - DAG(s) 'tutorial' retrieved from /home/airflow/.local/lib/python3.12/site-packages/airflow/example_dags/tutorial.py
[2025-08-17T00:57:34.509+0000] {logging_mixin.py:188} INFO - [2025-08-17T00:57:34.509+0000] {dag.py:3089} INFO - Sync 1 DAGs
[2025-08-17T00:57:34.532+0000] {logging_mixin.py:188} INFO - [2025-08-17T00:57:34.531+0000] {dag.py:3947} INFO - Setting next_dagrun for tutorial to 2025-08-16 00:00:00+00:00, run_after=2025-08-17 00:00:00+00:00
[2025-08-17T00:57:34.553+0000] {processor.py:183} INFO - Processing /home/airflow/.local/lib/python3.12/site-packages/airflow/example_dags/tutorial.py took 0.092 seconds
[2025-08-17T00:58:04.978+0000] {processor.py:161} INFO - Started process (PID=592) to work on /home/airflow/.local/lib/python3.12/site-packages/airflow/example_dags/tutorial.py
[2025-08-17T00:58:04.979+0000] {processor.py:830} INFO - Processing file /home/airflow/.local/lib/python3.12/site-packages/airflow/example_dags/tutorial.py for tasks to queue
[2025-08-17T00:58:04.982+0000] {logging_mixin.py:188} INFO - [2025-08-17T00:58:04.982+0000] {dagbag.py:545} INFO - Filling up the DagBag from /home/airflow/.local/lib/python3.12/site-packages/airflow/example_dags/tutorial.py
[2025-08-17T00:58:04.989+0000] {processor.py:840} INFO - DAG(s) 'tutorial' retrieved from /home/airflow/.local/lib/python3.12/site-packages/airflow/example_dags/tutorial.py
[2025-08-17T00:58:05.016+0000] {logging_mixin.py:188} INFO - [2025-08-17T00:58:05.016+0000] {dag.py:3089} INFO - Sync 1 DAGs
[2025-08-17T00:58:05.041+0000] {logging_mixin.py:188} INFO - [2025-08-17T00:58:05.040+0000] {dag.py:3947} INFO - Setting next_dagrun for tutorial to 2025-08-16 00:00:00+00:00, run_after=2025-08-17 00:00:00+00:00
[2025-08-17T00:58:05.062+0000] {processor.py:183} INFO - Processing /home/airflow/.local/lib/python3.12/site-packages/airflow/example_dags/tutorial.py took 0.090 seconds
[2025-08-17T00:58:35.832+0000] {processor.py:161} INFO - Started process (PID=651) to work on /home/airflow/.local/lib/python3.12/site-packages/airflow/example_dags/tutorial.py
[2025-08-17T00:58:35.833+0000] {processor.py:830} INFO - Processing file /home/airflow/.local/lib/python3.12/site-packages/airflow/example_dags/tutorial.py for tasks to queue
[2025-08-17T00:58:35.835+0000] {logging_mixin.py:188} INFO - [2025-08-17T00:58:35.835+0000] {dagbag.py:545} INFO - Filling up the DagBag from /home/airflow/.local/lib/python3.12/site-packages/airflow/example_dags/tutorial.py
[2025-08-17T00:58:35.842+0000] {processor.py:840} INFO - DAG(s) 'tutorial' retrieved from /home/airflow/.local/lib/python3.12/site-packages/airflow/example_dags/tutorial.py
[2025-08-17T00:58:35.865+0000] {logging_mixin.py:188} INFO - [2025-08-17T00:58:35.865+0000] {dag.py:3089} INFO - Sync 1 DAGs
[2025-08-17T00:58:35.888+0000] {logging_mixin.py:188} INFO - [2025-08-17T00:58:35.888+0000] {dag.py:3947} INFO - Setting next_dagrun for tutorial to 2025-08-16 00:00:00+00:00, run_after=2025-08-17 00:00:00+00:00
[2025-08-17T00:58:35.911+0000] {processor.py:183} INFO - Processing /home/airflow/.local/lib/python3.12/site-packages/airflow/example_dags/tutorial.py took 0.085 seconds
[2025-08-17T00:59:06.517+0000] {processor.py:161} INFO - Started process (PID=710) to work on /home/airflow/.local/lib/python3.12/site-packages/airflow/example_dags/tutorial.py
[2025-08-17T00:59:06.519+0000] {processor.py:830} INFO - Processing file /home/airflow/.local/lib/python3.12/site-packages/airflow/example_dags/tutorial.py for tasks to queue
[2025-08-17T00:59:06.522+0000] {logging_mixin.py:188} INFO - [2025-08-17T00:59:06.522+0000] {dagbag.py:545} INFO - Filling up the DagBag from /home/airflow/.local/lib/python3.12/site-packages/airflow/example_dags/tutorial.py
[2025-08-17T00:59:06.531+0000] {processor.py:840} INFO - DAG(s) 'tutorial' retrieved from /home/airflow/.local/lib/python3.12/site-packages/airflow/example_dags/tutorial.py
[2025-08-17T00:59:06.559+0000] {logging_mixin.py:188} INFO - [2025-08-17T00:59:06.559+0000] {dag.py:3089} INFO - Sync 1 DAGs
[2025-08-17T00:59:06.586+0000] {logging_mixin.py:188} INFO - [2025-08-17T00:59:06.585+0000] {dag.py:3947} INFO - Setting next_dagrun for tutorial to 2025-08-16 00:00:00+00:00, run_after=2025-08-17 00:00:00+00:00
[2025-08-17T00:59:06.609+0000] {processor.py:183} INFO - Processing /home/airflow/.local/lib/python3.12/site-packages/airflow/example_dags/tutorial.py took 0.105 seconds
[2025-08-17T01:00:09.480+0000] {processor.py:161} INFO - Started process (PID=57) to work on /home/airflow/.local/lib/python3.12/site-packages/airflow/example_dags/tutorial.py
[2025-08-17T01:00:09.481+0000] {processor.py:830} INFO - Processing file /home/airflow/.local/lib/python3.12/site-packages/airflow/example_dags/tutorial.py for tasks to queue
[2025-08-17T01:00:09.485+0000] {logging_mixin.py:188} INFO - [2025-08-17T01:00:09.485+0000] {dagbag.py:545} INFO - Filling up the DagBag from /home/airflow/.local/lib/python3.12/site-packages/airflow/example_dags/tutorial.py
[2025-08-17T01:00:09.500+0000] {processor.py:840} INFO - DAG(s) 'tutorial' retrieved from /home/airflow/.local/lib/python3.12/site-packages/airflow/example_dags/tutorial.py
[2025-08-17T01:00:09.547+0000] {logging_mixin.py:188} INFO - [2025-08-17T01:00:09.546+0000] {dag.py:3089} INFO - Sync 1 DAGs
[2025-08-17T01:00:09.585+0000] {logging_mixin.py:188} INFO - [2025-08-17T01:00:09.584+0000] {dag.py:3947} INFO - Setting next_dagrun for tutorial to 2025-08-16 00:00:00+00:00, run_after=2025-08-17 00:00:00+00:00
[2025-08-17T01:00:09.615+0000] {processor.py:183} INFO - Processing /home/airflow/.local/lib/python3.12/site-packages/airflow/example_dags/tutorial.py took 0.144 seconds
[2025-08-17T01:01:32.753+0000] {processor.py:161} INFO - Started process (PID=57) to work on /home/airflow/.local/lib/python3.12/site-packages/airflow/example_dags/tutorial.py
[2025-08-17T01:01:32.755+0000] {processor.py:830} INFO - Processing file /home/airflow/.local/lib/python3.12/site-packages/airflow/example_dags/tutorial.py for tasks to queue
[2025-08-17T01:01:32.759+0000] {logging_mixin.py:188} INFO - [2025-08-17T01:01:32.758+0000] {dagbag.py:545} INFO - Filling up the DagBag from /home/airflow/.local/lib/python3.12/site-packages/airflow/example_dags/tutorial.py
[2025-08-17T01:01:32.775+0000] {processor.py:840} INFO - DAG(s) 'tutorial' retrieved from /home/airflow/.local/lib/python3.12/site-packages/airflow/example_dags/tutorial.py
[2025-08-17T01:01:32.845+0000] {logging_mixin.py:188} INFO - [2025-08-17T01:01:32.845+0000] {dag.py:3089} INFO - Sync 1 DAGs
[2025-08-17T01:01:32.890+0000] {logging_mixin.py:188} INFO - [2025-08-17T01:01:32.889+0000] {dag.py:3947} INFO - Setting next_dagrun for tutorial to 2025-08-16 00:00:00+00:00, run_after=2025-08-17 00:00:00+00:00
[2025-08-17T01:01:32.929+0000] {processor.py:183} INFO - Processing /home/airflow/.local/lib/python3.12/site-packages/airflow/example_dags/tutorial.py took 0.184 seconds
[2025-08-17T01:02:03.249+0000] {processor.py:161} INFO - Started process (PID=116) to work on /home/airflow/.local/lib/python3.12/site-packages/airflow/example_dags/tutorial.py
[2025-08-17T01:02:03.250+0000] {processor.py:830} INFO - Processing file /home/airflow/.local/lib/python3.12/site-packages/airflow/example_dags/tutorial.py for tasks to queue
[2025-08-17T01:02:03.253+0000] {logging_mixin.py:188} INFO - [2025-08-17T01:02:03.252+0000] {dagbag.py:545} INFO - Filling up the DagBag from /home/airflow/.local/lib/python3.12/site-packages/airflow/example_dags/tutorial.py
[2025-08-17T01:02:03.262+0000] {processor.py:840} INFO - DAG(s) 'tutorial' retrieved from /home/airflow/.local/lib/python3.12/site-packages/airflow/example_dags/tutorial.py
[2025-08-17T01:02:03.387+0000] {logging_mixin.py:188} INFO - [2025-08-17T01:02:03.386+0000] {dag.py:3089} INFO - Sync 1 DAGs
[2025-08-17T01:02:03.407+0000] {logging_mixin.py:188} INFO - [2025-08-17T01:02:03.407+0000] {dag.py:3947} INFO - Setting next_dagrun for tutorial to 2025-08-16 00:00:00+00:00, run_after=2025-08-17 00:00:00+00:00
[2025-08-17T01:02:03.429+0000] {processor.py:183} INFO - Processing /home/airflow/.local/lib/python3.12/site-packages/airflow/example_dags/tutorial.py took 0.191 seconds
[2025-08-17T01:02:33.714+0000] {processor.py:161} INFO - Started process (PID=175) to work on /home/airflow/.local/lib/python3.12/site-packages/airflow/example_dags/tutorial.py
[2025-08-17T01:02:33.716+0000] {processor.py:830} INFO - Processing file /home/airflow/.local/lib/python3.12/site-packages/airflow/example_dags/tutorial.py for tasks to queue
[2025-08-17T01:02:33.719+0000] {logging_mixin.py:188} INFO - [2025-08-17T01:02:33.719+0000] {dagbag.py:545} INFO - Filling up the DagBag from /home/airflow/.local/lib/python3.12/site-packages/airflow/example_dags/tutorial.py
[2025-08-17T01:02:33.729+0000] {processor.py:840} INFO - DAG(s) 'tutorial' retrieved from /home/airflow/.local/lib/python3.12/site-packages/airflow/example_dags/tutorial.py
[2025-08-17T01:02:33.764+0000] {logging_mixin.py:188} INFO - [2025-08-17T01:02:33.763+0000] {dag.py:3089} INFO - Sync 1 DAGs
[2025-08-17T01:02:33.797+0000] {logging_mixin.py:188} INFO - [2025-08-17T01:02:33.796+0000] {dag.py:3947} INFO - Setting next_dagrun for tutorial to 2025-08-16 00:00:00+00:00, run_after=2025-08-17 00:00:00+00:00
[2025-08-17T01:02:33.824+0000] {processor.py:183} INFO - Processing /home/airflow/.local/lib/python3.12/site-packages/airflow/example_dags/tutorial.py took 0.118 seconds
[2025-08-17T01:03:04.276+0000] {processor.py:161} INFO - Started process (PID=234) to work on /home/airflow/.local/lib/python3.12/site-packages/airflow/example_dags/tutorial.py
[2025-08-17T01:03:04.277+0000] {processor.py:830} INFO - Processing file /home/airflow/.local/lib/python3.12/site-packages/airflow/example_dags/tutorial.py for tasks to queue
[2025-08-17T01:03:04.280+0000] {logging_mixin.py:188} INFO - [2025-08-17T01:03:04.279+0000] {dagbag.py:545} INFO - Filling up the DagBag from /home/airflow/.local/lib/python3.12/site-packages/airflow/example_dags/tutorial.py
[2025-08-17T01:03:04.289+0000] {processor.py:840} INFO - DAG(s) 'tutorial' retrieved from /home/airflow/.local/lib/python3.12/site-packages/airflow/example_dags/tutorial.py
[2025-08-17T01:03:04.319+0000] {logging_mixin.py:188} INFO - [2025-08-17T01:03:04.319+0000] {dag.py:3089} INFO - Sync 1 DAGs
[2025-08-17T01:03:04.349+0000] {logging_mixin.py:188} INFO - [2025-08-17T01:03:04.348+0000] {dag.py:3947} INFO - Setting next_dagrun for tutorial to 2025-08-16 00:00:00+00:00, run_after=2025-08-17 00:00:00+00:00
[2025-08-17T01:03:04.377+0000] {processor.py:183} INFO - Processing /home/airflow/.local/lib/python3.12/site-packages/airflow/example_dags/tutorial.py took 0.110 seconds
[2025-08-17T01:03:34.559+0000] {processor.py:161} INFO - Started process (PID=293) to work on /home/airflow/.local/lib/python3.12/site-packages/airflow/example_dags/tutorial.py
[2025-08-17T01:03:34.560+0000] {processor.py:830} INFO - Processing file /home/airflow/.local/lib/python3.12/site-packages/airflow/example_dags/tutorial.py for tasks to queue
[2025-08-17T01:03:34.562+0000] {logging_mixin.py:188} INFO - [2025-08-17T01:03:34.561+0000] {dagbag.py:545} INFO - Filling up the DagBag from /home/airflow/.local/lib/python3.12/site-packages/airflow/example_dags/tutorial.py
[2025-08-17T01:03:34.568+0000] {processor.py:840} INFO - DAG(s) 'tutorial' retrieved from /home/airflow/.local/lib/python3.12/site-packages/airflow/example_dags/tutorial.py
[2025-08-17T01:03:34.592+0000] {logging_mixin.py:188} INFO - [2025-08-17T01:03:34.591+0000] {dag.py:3089} INFO - Sync 1 DAGs
[2025-08-17T01:03:34.617+0000] {logging_mixin.py:188} INFO - [2025-08-17T01:03:34.617+0000] {dag.py:3947} INFO - Setting next_dagrun for tutorial to 2025-08-16 00:00:00+00:00, run_after=2025-08-17 00:00:00+00:00
[2025-08-17T01:03:34.637+0000] {processor.py:183} INFO - Processing /home/airflow/.local/lib/python3.12/site-packages/airflow/example_dags/tutorial.py took 0.084 seconds
[2025-08-17T01:04:04.717+0000] {processor.py:161} INFO - Started process (PID=352) to work on /home/airflow/.local/lib/python3.12/site-packages/airflow/example_dags/tutorial.py
[2025-08-17T01:04:04.718+0000] {processor.py:830} INFO - Processing file /home/airflow/.local/lib/python3.12/site-packages/airflow/example_dags/tutorial.py for tasks to queue
[2025-08-17T01:04:04.720+0000] {logging_mixin.py:188} INFO - [2025-08-17T01:04:04.720+0000] {dagbag.py:545} INFO - Filling up the DagBag from /home/airflow/.local/lib/python3.12/site-packages/airflow/example_dags/tutorial.py
[2025-08-17T01:04:04.727+0000] {processor.py:840} INFO - DAG(s) 'tutorial' retrieved from /home/airflow/.local/lib/python3.12/site-packages/airflow/example_dags/tutorial.py
[2025-08-17T01:04:04.750+0000] {logging_mixin.py:188} INFO - [2025-08-17T01:04:04.750+0000] {dag.py:3089} INFO - Sync 1 DAGs
[2025-08-17T01:04:04.773+0000] {logging_mixin.py:188} INFO - [2025-08-17T01:04:04.773+0000] {dag.py:3947} INFO - Setting next_dagrun for tutorial to 2025-08-16 00:00:00+00:00, run_after=2025-08-17 00:00:00+00:00
[2025-08-17T01:04:04.794+0000] {processor.py:183} INFO - Processing /home/airflow/.local/lib/python3.12/site-packages/airflow/example_dags/tutorial.py took 0.083 seconds
[2025-08-17T01:04:34.898+0000] {processor.py:161} INFO - Started process (PID=411) to work on /home/airflow/.local/lib/python3.12/site-packages/airflow/example_dags/tutorial.py
[2025-08-17T01:04:34.899+0000] {processor.py:830} INFO - Processing file /home/airflow/.local/lib/python3.12/site-packages/airflow/example_dags/tutorial.py for tasks to queue
[2025-08-17T01:04:34.901+0000] {logging_mixin.py:188} INFO - [2025-08-17T01:04:34.901+0000] {dagbag.py:545} INFO - Filling up the DagBag from /home/airflow/.local/lib/python3.12/site-packages/airflow/example_dags/tutorial.py
[2025-08-17T01:04:34.907+0000] {processor.py:840} INFO - DAG(s) 'tutorial' retrieved from /home/airflow/.local/lib/python3.12/site-packages/airflow/example_dags/tutorial.py
[2025-08-17T01:04:34.933+0000] {logging_mixin.py:188} INFO - [2025-08-17T01:04:34.932+0000] {dag.py:3089} INFO - Sync 1 DAGs
[2025-08-17T01:04:34.958+0000] {logging_mixin.py:188} INFO - [2025-08-17T01:04:34.958+0000] {dag.py:3947} INFO - Setting next_dagrun for tutorial to 2025-08-16 00:00:00+00:00, run_after=2025-08-17 00:00:00+00:00
[2025-08-17T01:04:34.985+0000] {processor.py:183} INFO - Processing /home/airflow/.local/lib/python3.12/site-packages/airflow/example_dags/tutorial.py took 0.094 seconds
[2025-08-17T01:05:05.384+0000] {processor.py:161} INFO - Started process (PID=470) to work on /home/airflow/.local/lib/python3.12/site-packages/airflow/example_dags/tutorial.py
[2025-08-17T01:05:05.385+0000] {processor.py:830} INFO - Processing file /home/airflow/.local/lib/python3.12/site-packages/airflow/example_dags/tutorial.py for tasks to queue
[2025-08-17T01:05:05.388+0000] {logging_mixin.py:188} INFO - [2025-08-17T01:05:05.387+0000] {dagbag.py:545} INFO - Filling up the DagBag from /home/airflow/.local/lib/python3.12/site-packages/airflow/example_dags/tutorial.py
[2025-08-17T01:05:05.395+0000] {processor.py:840} INFO - DAG(s) 'tutorial' retrieved from /home/airflow/.local/lib/python3.12/site-packages/airflow/example_dags/tutorial.py
[2025-08-17T01:05:05.424+0000] {logging_mixin.py:188} INFO - [2025-08-17T01:05:05.424+0000] {dag.py:3089} INFO - Sync 1 DAGs
[2025-08-17T01:05:05.453+0000] {logging_mixin.py:188} INFO - [2025-08-17T01:05:05.453+0000] {dag.py:3947} INFO - Setting next_dagrun for tutorial to 2025-08-16 00:00:00+00:00, run_after=2025-08-17 00:00:00+00:00
[2025-08-17T01:05:05.484+0000] {processor.py:183} INFO - Processing /home/airflow/.local/lib/python3.12/site-packages/airflow/example_dags/tutorial.py took 0.107 seconds
[2025-08-17T01:05:35.646+0000] {processor.py:161} INFO - Started process (PID=529) to work on /home/airflow/.local/lib/python3.12/site-packages/airflow/example_dags/tutorial.py
[2025-08-17T01:05:35.647+0000] {processor.py:830} INFO - Processing file /home/airflow/.local/lib/python3.12/site-packages/airflow/example_dags/tutorial.py for tasks to queue
[2025-08-17T01:05:35.649+0000] {logging_mixin.py:188} INFO - [2025-08-17T01:05:35.649+0000] {dagbag.py:545} INFO - Filling up the DagBag from /home/airflow/.local/lib/python3.12/site-packages/airflow/example_dags/tutorial.py
[2025-08-17T01:05:35.654+0000] {processor.py:840} INFO - DAG(s) 'tutorial' retrieved from /home/airflow/.local/lib/python3.12/site-packages/airflow/example_dags/tutorial.py
[2025-08-17T01:05:35.675+0000] {logging_mixin.py:188} INFO - [2025-08-17T01:05:35.675+0000] {dag.py:3089} INFO - Sync 1 DAGs
[2025-08-17T01:05:35.695+0000] {logging_mixin.py:188} INFO - [2025-08-17T01:05:35.694+0000] {dag.py:3947} INFO - Setting next_dagrun for tutorial to 2025-08-16 00:00:00+00:00, run_after=2025-08-17 00:00:00+00:00
[2025-08-17T01:05:35.714+0000] {processor.py:183} INFO - Processing /home/airflow/.local/lib/python3.12/site-packages/airflow/example_dags/tutorial.py took 0.073 seconds
[2025-08-17T01:06:05.851+0000] {processor.py:161} INFO - Started process (PID=588) to work on /home/airflow/.local/lib/python3.12/site-packages/airflow/example_dags/tutorial.py
[2025-08-17T01:06:05.853+0000] {processor.py:830} INFO - Processing file /home/airflow/.local/lib/python3.12/site-packages/airflow/example_dags/tutorial.py for tasks to queue
[2025-08-17T01:06:05.856+0000] {logging_mixin.py:188} INFO - [2025-08-17T01:06:05.856+0000] {dagbag.py:545} INFO - Filling up the DagBag from /home/airflow/.local/lib/python3.12/site-packages/airflow/example_dags/tutorial.py
[2025-08-17T01:06:05.863+0000] {processor.py:840} INFO - DAG(s) 'tutorial' retrieved from /home/airflow/.local/lib/python3.12/site-packages/airflow/example_dags/tutorial.py
[2025-08-17T01:06:05.888+0000] {logging_mixin.py:188} INFO - [2025-08-17T01:06:05.888+0000] {dag.py:3089} INFO - Sync 1 DAGs
[2025-08-17T01:06:05.911+0000] {logging_mixin.py:188} INFO - [2025-08-17T01:06:05.910+0000] {dag.py:3947} INFO - Setting next_dagrun for tutorial to 2025-08-16 00:00:00+00:00, run_after=2025-08-17 00:00:00+00:00
[2025-08-17T01:06:05.935+0000] {processor.py:183} INFO - Processing /home/airflow/.local/lib/python3.12/site-packages/airflow/example_dags/tutorial.py took 0.090 seconds
[2025-08-17T01:06:36.034+0000] {processor.py:161} INFO - Started process (PID=647) to work on /home/airflow/.local/lib/python3.12/site-packages/airflow/example_dags/tutorial.py
[2025-08-17T01:06:36.035+0000] {processor.py:830} INFO - Processing file /home/airflow/.local/lib/python3.12/site-packages/airflow/example_dags/tutorial.py for tasks to queue
[2025-08-17T01:06:36.038+0000] {logging_mixin.py:188} INFO - [2025-08-17T01:06:36.037+0000] {dagbag.py:545} INFO - Filling up the DagBag from /home/airflow/.local/lib/python3.12/site-packages/airflow/example_dags/tutorial.py
[2025-08-17T01:06:36.043+0000] {processor.py:840} INFO - DAG(s) 'tutorial' retrieved from /home/airflow/.local/lib/python3.12/site-packages/airflow/example_dags/tutorial.py
[2025-08-17T01:06:36.064+0000] {logging_mixin.py:188} INFO - [2025-08-17T01:06:36.064+0000] {dag.py:3089} INFO - Sync 1 DAGs
[2025-08-17T01:06:36.088+0000] {logging_mixin.py:188} INFO - [2025-08-17T01:06:36.087+0000] {dag.py:3947} INFO - Setting next_dagrun for tutorial to 2025-08-16 00:00:00+00:00, run_after=2025-08-17 00:00:00+00:00
[2025-08-17T01:06:36.108+0000] {processor.py:183} INFO - Processing /home/airflow/.local/lib/python3.12/site-packages/airflow/example_dags/tutorial.py took 0.080 seconds
[2025-08-17T01:07:06.209+0000] {processor.py:161} INFO - Started process (PID=706) to work on /home/airflow/.local/lib/python3.12/site-packages/airflow/example_dags/tutorial.py
[2025-08-17T01:07:06.211+0000] {processor.py:830} INFO - Processing file /home/airflow/.local/lib/python3.12/site-packages/airflow/example_dags/tutorial.py for tasks to queue
[2025-08-17T01:07:06.214+0000] {logging_mixin.py:188} INFO - [2025-08-17T01:07:06.214+0000] {dagbag.py:545} INFO - Filling up the DagBag from /home/airflow/.local/lib/python3.12/site-packages/airflow/example_dags/tutorial.py
[2025-08-17T01:07:06.221+0000] {processor.py:840} INFO - DAG(s) 'tutorial' retrieved from /home/airflow/.local/lib/python3.12/site-packages/airflow/example_dags/tutorial.py
[2025-08-17T01:07:06.245+0000] {logging_mixin.py:188} INFO - [2025-08-17T01:07:06.245+0000] {dag.py:3089} INFO - Sync 1 DAGs
[2025-08-17T01:07:06.270+0000] {logging_mixin.py:188} INFO - [2025-08-17T01:07:06.270+0000] {dag.py:3947} INFO - Setting next_dagrun for tutorial to 2025-08-16 00:00:00+00:00, run_after=2025-08-17 00:00:00+00:00
[2025-08-17T01:07:06.294+0000] {processor.py:183} INFO - Processing /home/airflow/.local/lib/python3.12/site-packages/airflow/example_dags/tutorial.py took 0.091 seconds
[2025-08-17T01:07:36.451+0000] {processor.py:161} INFO - Started process (PID=765) to work on /home/airflow/.local/lib/python3.12/site-packages/airflow/example_dags/tutorial.py
[2025-08-17T01:07:36.452+0000] {processor.py:830} INFO - Processing file /home/airflow/.local/lib/python3.12/site-packages/airflow/example_dags/tutorial.py for tasks to queue
[2025-08-17T01:07:36.454+0000] {logging_mixin.py:188} INFO - [2025-08-17T01:07:36.454+0000] {dagbag.py:545} INFO - Filling up the DagBag from /home/airflow/.local/lib/python3.12/site-packages/airflow/example_dags/tutorial.py
[2025-08-17T01:07:36.461+0000] {processor.py:840} INFO - DAG(s) 'tutorial' retrieved from /home/airflow/.local/lib/python3.12/site-packages/airflow/example_dags/tutorial.py
[2025-08-17T01:07:36.483+0000] {logging_mixin.py:188} INFO - [2025-08-17T01:07:36.483+0000] {dag.py:3089} INFO - Sync 1 DAGs
[2025-08-17T01:07:36.507+0000] {logging_mixin.py:188} INFO - [2025-08-17T01:07:36.506+0000] {dag.py:3947} INFO - Setting next_dagrun for tutorial to 2025-08-16 00:00:00+00:00, run_after=2025-08-17 00:00:00+00:00
[2025-08-17T01:07:36.527+0000] {processor.py:183} INFO - Processing /home/airflow/.local/lib/python3.12/site-packages/airflow/example_dags/tutorial.py took 0.083 seconds
[2025-08-17T01:08:06.650+0000] {processor.py:161} INFO - Started process (PID=825) to work on /home/airflow/.local/lib/python3.12/site-packages/airflow/example_dags/tutorial.py
[2025-08-17T01:08:06.651+0000] {processor.py:830} INFO - Processing file /home/airflow/.local/lib/python3.12/site-packages/airflow/example_dags/tutorial.py for tasks to queue
[2025-08-17T01:08:06.653+0000] {logging_mixin.py:188} INFO - [2025-08-17T01:08:06.653+0000] {dagbag.py:545} INFO - Filling up the DagBag from /home/airflow/.local/lib/python3.12/site-packages/airflow/example_dags/tutorial.py
[2025-08-17T01:08:06.661+0000] {processor.py:840} INFO - DAG(s) 'tutorial' retrieved from /home/airflow/.local/lib/python3.12/site-packages/airflow/example_dags/tutorial.py
[2025-08-17T01:08:06.691+0000] {logging_mixin.py:188} INFO - [2025-08-17T01:08:06.691+0000] {dag.py:3089} INFO - Sync 1 DAGs
[2025-08-17T01:08:06.717+0000] {logging_mixin.py:188} INFO - [2025-08-17T01:08:06.717+0000] {dag.py:3947} INFO - Setting next_dagrun for tutorial to 2025-08-16 00:00:00+00:00, run_after=2025-08-17 00:00:00+00:00
[2025-08-17T01:08:06.738+0000] {processor.py:183} INFO - Processing /home/airflow/.local/lib/python3.12/site-packages/airflow/example_dags/tutorial.py took 0.096 seconds
[2025-08-17T01:08:37.154+0000] {processor.py:161} INFO - Started process (PID=884) to work on /home/airflow/.local/lib/python3.12/site-packages/airflow/example_dags/tutorial.py
[2025-08-17T01:08:37.155+0000] {processor.py:830} INFO - Processing file /home/airflow/.local/lib/python3.12/site-packages/airflow/example_dags/tutorial.py for tasks to queue
[2025-08-17T01:08:37.157+0000] {logging_mixin.py:188} INFO - [2025-08-17T01:08:37.156+0000] {dagbag.py:545} INFO - Filling up the DagBag from /home/airflow/.local/lib/python3.12/site-packages/airflow/example_dags/tutorial.py
[2025-08-17T01:08:37.163+0000] {processor.py:840} INFO - DAG(s) 'tutorial' retrieved from /home/airflow/.local/lib/python3.12/site-packages/airflow/example_dags/tutorial.py
[2025-08-17T01:08:37.191+0000] {logging_mixin.py:188} INFO - [2025-08-17T01:08:37.191+0000] {dag.py:3089} INFO - Sync 1 DAGs
[2025-08-17T01:08:37.217+0000] {logging_mixin.py:188} INFO - [2025-08-17T01:08:37.217+0000] {dag.py:3947} INFO - Setting next_dagrun for tutorial to 2025-08-16 00:00:00+00:00, run_after=2025-08-17 00:00:00+00:00
[2025-08-17T01:08:37.239+0000] {processor.py:183} INFO - Processing /home/airflow/.local/lib/python3.12/site-packages/airflow/example_dags/tutorial.py took 0.091 seconds
[2025-08-17T01:09:07.393+0000] {processor.py:161} INFO - Started process (PID=943) to work on /home/airflow/.local/lib/python3.12/site-packages/airflow/example_dags/tutorial.py
[2025-08-17T01:09:07.394+0000] {processor.py:830} INFO - Processing file /home/airflow/.local/lib/python3.12/site-packages/airflow/example_dags/tutorial.py for tasks to queue
[2025-08-17T01:09:07.397+0000] {logging_mixin.py:188} INFO - [2025-08-17T01:09:07.396+0000] {dagbag.py:545} INFO - Filling up the DagBag from /home/airflow/.local/lib/python3.12/site-packages/airflow/example_dags/tutorial.py
[2025-08-17T01:09:07.404+0000] {processor.py:840} INFO - DAG(s) 'tutorial' retrieved from /home/airflow/.local/lib/python3.12/site-packages/airflow/example_dags/tutorial.py
[2025-08-17T01:09:07.432+0000] {logging_mixin.py:188} INFO - [2025-08-17T01:09:07.432+0000] {dag.py:3089} INFO - Sync 1 DAGs
[2025-08-17T01:09:07.460+0000] {logging_mixin.py:188} INFO - [2025-08-17T01:09:07.460+0000] {dag.py:3947} INFO - Setting next_dagrun for tutorial to 2025-08-16 00:00:00+00:00, run_after=2025-08-17 00:00:00+00:00
[2025-08-17T01:09:07.485+0000] {processor.py:183} INFO - Processing /home/airflow/.local/lib/python3.12/site-packages/airflow/example_dags/tutorial.py took 0.101 seconds
[2025-08-17T01:09:37.635+0000] {processor.py:161} INFO - Started process (PID=1002) to work on /home/airflow/.local/lib/python3.12/site-packages/airflow/example_dags/tutorial.py
[2025-08-17T01:09:37.636+0000] {processor.py:830} INFO - Processing file /home/airflow/.local/lib/python3.12/site-packages/airflow/example_dags/tutorial.py for tasks to queue
[2025-08-17T01:09:37.638+0000] {logging_mixin.py:188} INFO - [2025-08-17T01:09:37.637+0000] {dagbag.py:545} INFO - Filling up the DagBag from /home/airflow/.local/lib/python3.12/site-packages/airflow/example_dags/tutorial.py
[2025-08-17T01:09:37.644+0000] {processor.py:840} INFO - DAG(s) 'tutorial' retrieved from /home/airflow/.local/lib/python3.12/site-packages/airflow/example_dags/tutorial.py
[2025-08-17T01:09:37.667+0000] {logging_mixin.py:188} INFO - [2025-08-17T01:09:37.667+0000] {dag.py:3089} INFO - Sync 1 DAGs
[2025-08-17T01:09:37.688+0000] {logging_mixin.py:188} INFO - [2025-08-17T01:09:37.688+0000] {dag.py:3947} INFO - Setting next_dagrun for tutorial to 2025-08-16 00:00:00+00:00, run_after=2025-08-17 00:00:00+00:00
[2025-08-17T01:09:37.707+0000] {processor.py:183} INFO - Processing /home/airflow/.local/lib/python3.12/site-packages/airflow/example_dags/tutorial.py took 0.078 seconds
[2025-08-17T01:10:07.820+0000] {processor.py:161} INFO - Started process (PID=1061) to work on /home/airflow/.local/lib/python3.12/site-packages/airflow/example_dags/tutorial.py
[2025-08-17T01:10:07.821+0000] {processor.py:830} INFO - Processing file /home/airflow/.local/lib/python3.12/site-packages/airflow/example_dags/tutorial.py for tasks to queue
[2025-08-17T01:10:07.824+0000] {logging_mixin.py:188} INFO - [2025-08-17T01:10:07.824+0000] {dagbag.py:545} INFO - Filling up the DagBag from /home/airflow/.local/lib/python3.12/site-packages/airflow/example_dags/tutorial.py
[2025-08-17T01:10:07.832+0000] {processor.py:840} INFO - DAG(s) 'tutorial' retrieved from /home/airflow/.local/lib/python3.12/site-packages/airflow/example_dags/tutorial.py
[2025-08-17T01:10:07.861+0000] {logging_mixin.py:188} INFO - [2025-08-17T01:10:07.861+0000] {dag.py:3089} INFO - Sync 1 DAGs
[2025-08-17T01:10:07.888+0000] {logging_mixin.py:188} INFO - [2025-08-17T01:10:07.888+0000] {dag.py:3947} INFO - Setting next_dagrun for tutorial to 2025-08-16 00:00:00+00:00, run_after=2025-08-17 00:00:00+00:00
[2025-08-17T01:10:07.914+0000] {processor.py:183} INFO - Processing /home/airflow/.local/lib/python3.12/site-packages/airflow/example_dags/tutorial.py took 0.103 seconds
[2025-08-17T01:10:38.492+0000] {processor.py:161} INFO - Started process (PID=1121) to work on /home/airflow/.local/lib/python3.12/site-packages/airflow/example_dags/tutorial.py
[2025-08-17T01:10:38.493+0000] {processor.py:830} INFO - Processing file /home/airflow/.local/lib/python3.12/site-packages/airflow/example_dags/tutorial.py for tasks to queue
[2025-08-17T01:10:38.494+0000] {logging_mixin.py:188} INFO - [2025-08-17T01:10:38.494+0000] {dagbag.py:545} INFO - Filling up the DagBag from /home/airflow/.local/lib/python3.12/site-packages/airflow/example_dags/tutorial.py
[2025-08-17T01:10:38.501+0000] {processor.py:840} INFO - DAG(s) 'tutorial' retrieved from /home/airflow/.local/lib/python3.12/site-packages/airflow/example_dags/tutorial.py
[2025-08-17T01:10:38.526+0000] {logging_mixin.py:188} INFO - [2025-08-17T01:10:38.526+0000] {dag.py:3089} INFO - Sync 1 DAGs
[2025-08-17T01:10:38.555+0000] {logging_mixin.py:188} INFO - [2025-08-17T01:10:38.555+0000] {dag.py:3947} INFO - Setting next_dagrun for tutorial to 2025-08-16 00:00:00+00:00, run_after=2025-08-17 00:00:00+00:00
[2025-08-17T01:10:38.581+0000] {processor.py:183} INFO - Processing /home/airflow/.local/lib/python3.12/site-packages/airflow/example_dags/tutorial.py took 0.095 seconds
[2025-08-17T01:11:08.892+0000] {processor.py:161} INFO - Started process (PID=1180) to work on /home/airflow/.local/lib/python3.12/site-packages/airflow/example_dags/tutorial.py
[2025-08-17T01:11:08.893+0000] {processor.py:830} INFO - Processing file /home/airflow/.local/lib/python3.12/site-packages/airflow/example_dags/tutorial.py for tasks to queue
[2025-08-17T01:11:08.895+0000] {logging_mixin.py:188} INFO - [2025-08-17T01:11:08.895+0000] {dagbag.py:545} INFO - Filling up the DagBag from /home/airflow/.local/lib/python3.12/site-packages/airflow/example_dags/tutorial.py
[2025-08-17T01:11:08.902+0000] {processor.py:840} INFO - DAG(s) 'tutorial' retrieved from /home/airflow/.local/lib/python3.12/site-packages/airflow/example_dags/tutorial.py
[2025-08-17T01:11:08.925+0000] {logging_mixin.py:188} INFO - [2025-08-17T01:11:08.925+0000] {dag.py:3089} INFO - Sync 1 DAGs
[2025-08-17T01:11:08.947+0000] {logging_mixin.py:188} INFO - [2025-08-17T01:11:08.947+0000] {dag.py:3947} INFO - Setting next_dagrun for tutorial to 2025-08-16 00:00:00+00:00, run_after=2025-08-17 00:00:00+00:00
[2025-08-17T01:11:08.967+0000] {processor.py:183} INFO - Processing /home/airflow/.local/lib/python3.12/site-packages/airflow/example_dags/tutorial.py took 0.081 seconds
[2025-08-17T01:11:39.373+0000] {processor.py:161} INFO - Started process (PID=1239) to work on /home/airflow/.local/lib/python3.12/site-packages/airflow/example_dags/tutorial.py
[2025-08-17T01:11:39.375+0000] {processor.py:830} INFO - Processing file /home/airflow/.local/lib/python3.12/site-packages/airflow/example_dags/tutorial.py for tasks to queue
[2025-08-17T01:11:39.377+0000] {logging_mixin.py:188} INFO - [2025-08-17T01:11:39.377+0000] {dagbag.py:545} INFO - Filling up the DagBag from /home/airflow/.local/lib/python3.12/site-packages/airflow/example_dags/tutorial.py
[2025-08-17T01:11:39.385+0000] {processor.py:840} INFO - DAG(s) 'tutorial' retrieved from /home/airflow/.local/lib/python3.12/site-packages/airflow/example_dags/tutorial.py
[2025-08-17T01:11:39.412+0000] {logging_mixin.py:188} INFO - [2025-08-17T01:11:39.412+0000] {dag.py:3089} INFO - Sync 1 DAGs
[2025-08-17T01:11:39.437+0000] {logging_mixin.py:188} INFO - [2025-08-17T01:11:39.437+0000] {dag.py:3947} INFO - Setting next_dagrun for tutorial to 2025-08-16 00:00:00+00:00, run_after=2025-08-17 00:00:00+00:00
[2025-08-17T01:11:39.465+0000] {processor.py:183} INFO - Processing /home/airflow/.local/lib/python3.12/site-packages/airflow/example_dags/tutorial.py took 0.099 seconds
[2025-08-17T01:12:09.686+0000] {processor.py:161} INFO - Started process (PID=1304) to work on /home/airflow/.local/lib/python3.12/site-packages/airflow/example_dags/tutorial.py
[2025-08-17T01:12:09.688+0000] {processor.py:830} INFO - Processing file /home/airflow/.local/lib/python3.12/site-packages/airflow/example_dags/tutorial.py for tasks to queue
[2025-08-17T01:12:09.690+0000] {logging_mixin.py:188} INFO - [2025-08-17T01:12:09.690+0000] {dagbag.py:545} INFO - Filling up the DagBag from /home/airflow/.local/lib/python3.12/site-packages/airflow/example_dags/tutorial.py
[2025-08-17T01:12:09.697+0000] {processor.py:840} INFO - DAG(s) 'tutorial' retrieved from /home/airflow/.local/lib/python3.12/site-packages/airflow/example_dags/tutorial.py
[2025-08-17T01:12:09.724+0000] {logging_mixin.py:188} INFO - [2025-08-17T01:12:09.724+0000] {dag.py:3089} INFO - Sync 1 DAGs
[2025-08-17T01:12:09.746+0000] {logging_mixin.py:188} INFO - [2025-08-17T01:12:09.746+0000] {dag.py:3947} INFO - Setting next_dagrun for tutorial to 2025-08-16 00:00:00+00:00, run_after=2025-08-17 00:00:00+00:00
[2025-08-17T01:12:09.766+0000] {processor.py:183} INFO - Processing /home/airflow/.local/lib/python3.12/site-packages/airflow/example_dags/tutorial.py took 0.086 seconds
[2025-08-17T01:12:40.340+0000] {processor.py:161} INFO - Started process (PID=1363) to work on /home/airflow/.local/lib/python3.12/site-packages/airflow/example_dags/tutorial.py
[2025-08-17T01:12:40.342+0000] {processor.py:830} INFO - Processing file /home/airflow/.local/lib/python3.12/site-packages/airflow/example_dags/tutorial.py for tasks to queue
[2025-08-17T01:12:40.345+0000] {logging_mixin.py:188} INFO - [2025-08-17T01:12:40.344+0000] {dagbag.py:545} INFO - Filling up the DagBag from /home/airflow/.local/lib/python3.12/site-packages/airflow/example_dags/tutorial.py
[2025-08-17T01:12:40.352+0000] {processor.py:840} INFO - DAG(s) 'tutorial' retrieved from /home/airflow/.local/lib/python3.12/site-packages/airflow/example_dags/tutorial.py
[2025-08-17T01:12:40.376+0000] {logging_mixin.py:188} INFO - [2025-08-17T01:12:40.376+0000] {dag.py:3089} INFO - Sync 1 DAGs
[2025-08-17T01:12:40.401+0000] {logging_mixin.py:188} INFO - [2025-08-17T01:12:40.400+0000] {dag.py:3947} INFO - Setting next_dagrun for tutorial to 2025-08-16 00:00:00+00:00, run_after=2025-08-17 00:00:00+00:00
[2025-08-17T01:12:40.422+0000] {processor.py:183} INFO - Processing /home/airflow/.local/lib/python3.12/site-packages/airflow/example_dags/tutorial.py took 0.088 seconds
[2025-08-17T01:13:10.799+0000] {processor.py:161} INFO - Started process (PID=1423) to work on /home/airflow/.local/lib/python3.12/site-packages/airflow/example_dags/tutorial.py
[2025-08-17T01:13:10.800+0000] {processor.py:830} INFO - Processing file /home/airflow/.local/lib/python3.12/site-packages/airflow/example_dags/tutorial.py for tasks to queue
[2025-08-17T01:13:10.802+0000] {logging_mixin.py:188} INFO - [2025-08-17T01:13:10.802+0000] {dagbag.py:545} INFO - Filling up the DagBag from /home/airflow/.local/lib/python3.12/site-packages/airflow/example_dags/tutorial.py
[2025-08-17T01:13:10.808+0000] {processor.py:840} INFO - DAG(s) 'tutorial' retrieved from /home/airflow/.local/lib/python3.12/site-packages/airflow/example_dags/tutorial.py
[2025-08-17T01:13:10.834+0000] {logging_mixin.py:188} INFO - [2025-08-17T01:13:10.834+0000] {dag.py:3089} INFO - Sync 1 DAGs
[2025-08-17T01:13:10.869+0000] {logging_mixin.py:188} INFO - [2025-08-17T01:13:10.869+0000] {dag.py:3947} INFO - Setting next_dagrun for tutorial to 2025-08-16 00:00:00+00:00, run_after=2025-08-17 00:00:00+00:00
[2025-08-17T01:13:10.908+0000] {processor.py:183} INFO - Processing /home/airflow/.local/lib/python3.12/site-packages/airflow/example_dags/tutorial.py took 0.116 seconds
[2025-08-17T01:13:41.181+0000] {processor.py:161} INFO - Started process (PID=1482) to work on /home/airflow/.local/lib/python3.12/site-packages/airflow/example_dags/tutorial.py
[2025-08-17T01:13:41.183+0000] {processor.py:830} INFO - Processing file /home/airflow/.local/lib/python3.12/site-packages/airflow/example_dags/tutorial.py for tasks to queue
[2025-08-17T01:13:41.185+0000] {logging_mixin.py:188} INFO - [2025-08-17T01:13:41.185+0000] {dagbag.py:545} INFO - Filling up the DagBag from /home/airflow/.local/lib/python3.12/site-packages/airflow/example_dags/tutorial.py
[2025-08-17T01:13:41.192+0000] {processor.py:840} INFO - DAG(s) 'tutorial' retrieved from /home/airflow/.local/lib/python3.12/site-packages/airflow/example_dags/tutorial.py
[2025-08-17T01:13:41.216+0000] {logging_mixin.py:188} INFO - [2025-08-17T01:13:41.216+0000] {dag.py:3089} INFO - Sync 1 DAGs
[2025-08-17T01:13:41.240+0000] {logging_mixin.py:188} INFO - [2025-08-17T01:13:41.239+0000] {dag.py:3947} INFO - Setting next_dagrun for tutorial to 2025-08-16 00:00:00+00:00, run_after=2025-08-17 00:00:00+00:00
[2025-08-17T01:13:41.259+0000] {processor.py:183} INFO - Processing /home/airflow/.local/lib/python3.12/site-packages/airflow/example_dags/tutorial.py took 0.084 seconds
[2025-08-17T01:14:11.791+0000] {processor.py:161} INFO - Started process (PID=1541) to work on /home/airflow/.local/lib/python3.12/site-packages/airflow/example_dags/tutorial.py
[2025-08-17T01:14:11.792+0000] {processor.py:830} INFO - Processing file /home/airflow/.local/lib/python3.12/site-packages/airflow/example_dags/tutorial.py for tasks to queue
[2025-08-17T01:14:11.795+0000] {logging_mixin.py:188} INFO - [2025-08-17T01:14:11.794+0000] {dagbag.py:545} INFO - Filling up the DagBag from /home/airflow/.local/lib/python3.12/site-packages/airflow/example_dags/tutorial.py
[2025-08-17T01:14:11.801+0000] {processor.py:840} INFO - DAG(s) 'tutorial' retrieved from /home/airflow/.local/lib/python3.12/site-packages/airflow/example_dags/tutorial.py
[2025-08-17T01:14:11.824+0000] {logging_mixin.py:188} INFO - [2025-08-17T01:14:11.824+0000] {dag.py:3089} INFO - Sync 1 DAGs
[2025-08-17T01:14:11.846+0000] {logging_mixin.py:188} INFO - [2025-08-17T01:14:11.846+0000] {dag.py:3947} INFO - Setting next_dagrun for tutorial to 2025-08-16 00:00:00+00:00, run_after=2025-08-17 00:00:00+00:00
[2025-08-17T01:14:11.868+0000] {processor.py:183} INFO - Processing /home/airflow/.local/lib/python3.12/site-packages/airflow/example_dags/tutorial.py took 0.083 seconds
[2025-08-17T01:14:42.175+0000] {processor.py:161} INFO - Started process (PID=1600) to work on /home/airflow/.local/lib/python3.12/site-packages/airflow/example_dags/tutorial.py
[2025-08-17T01:14:42.176+0000] {processor.py:830} INFO - Processing file /home/airflow/.local/lib/python3.12/site-packages/airflow/example_dags/tutorial.py for tasks to queue
[2025-08-17T01:14:42.178+0000] {logging_mixin.py:188} INFO - [2025-08-17T01:14:42.177+0000] {dagbag.py:545} INFO - Filling up the DagBag from /home/airflow/.local/lib/python3.12/site-packages/airflow/example_dags/tutorial.py
[2025-08-17T01:14:42.184+0000] {processor.py:840} INFO - DAG(s) 'tutorial' retrieved from /home/airflow/.local/lib/python3.12/site-packages/airflow/example_dags/tutorial.py
[2025-08-17T01:14:42.206+0000] {logging_mixin.py:188} INFO - [2025-08-17T01:14:42.206+0000] {dag.py:3089} INFO - Sync 1 DAGs
[2025-08-17T01:14:42.229+0000] {logging_mixin.py:188} INFO - [2025-08-17T01:14:42.229+0000] {dag.py:3947} INFO - Setting next_dagrun for tutorial to 2025-08-16 00:00:00+00:00, run_after=2025-08-17 00:00:00+00:00
[2025-08-17T01:14:42.403+0000] {processor.py:183} INFO - Processing /home/airflow/.local/lib/python3.12/site-packages/airflow/example_dags/tutorial.py took 0.236 seconds
[2025-08-17T01:15:12.478+0000] {processor.py:161} INFO - Started process (PID=1659) to work on /home/airflow/.local/lib/python3.12/site-packages/airflow/example_dags/tutorial.py
[2025-08-17T01:15:12.479+0000] {processor.py:830} INFO - Processing file /home/airflow/.local/lib/python3.12/site-packages/airflow/example_dags/tutorial.py for tasks to queue
[2025-08-17T01:15:12.482+0000] {logging_mixin.py:188} INFO - [2025-08-17T01:15:12.482+0000] {dagbag.py:545} INFO - Filling up the DagBag from /home/airflow/.local/lib/python3.12/site-packages/airflow/example_dags/tutorial.py
[2025-08-17T01:15:12.491+0000] {processor.py:840} INFO - DAG(s) 'tutorial' retrieved from /home/airflow/.local/lib/python3.12/site-packages/airflow/example_dags/tutorial.py
[2025-08-17T01:15:12.530+0000] {logging_mixin.py:188} INFO - [2025-08-17T01:15:12.529+0000] {dag.py:3089} INFO - Sync 1 DAGs
[2025-08-17T01:15:12.581+0000] {logging_mixin.py:188} INFO - [2025-08-17T01:15:12.580+0000] {dag.py:3947} INFO - Setting next_dagrun for tutorial to 2025-08-16 00:00:00+00:00, run_after=2025-08-17 00:00:00+00:00
[2025-08-17T01:15:12.614+0000] {processor.py:183} INFO - Processing /home/airflow/.local/lib/python3.12/site-packages/airflow/example_dags/tutorial.py took 0.145 seconds
[2025-08-17T01:15:42.959+0000] {processor.py:161} INFO - Started process (PID=1718) to work on /home/airflow/.local/lib/python3.12/site-packages/airflow/example_dags/tutorial.py
[2025-08-17T01:15:42.960+0000] {processor.py:830} INFO - Processing file /home/airflow/.local/lib/python3.12/site-packages/airflow/example_dags/tutorial.py for tasks to queue
[2025-08-17T01:15:42.962+0000] {logging_mixin.py:188} INFO - [2025-08-17T01:15:42.962+0000] {dagbag.py:545} INFO - Filling up the DagBag from /home/airflow/.local/lib/python3.12/site-packages/airflow/example_dags/tutorial.py
[2025-08-17T01:15:42.969+0000] {processor.py:840} INFO - DAG(s) 'tutorial' retrieved from /home/airflow/.local/lib/python3.12/site-packages/airflow/example_dags/tutorial.py
[2025-08-17T01:15:42.992+0000] {logging_mixin.py:188} INFO - [2025-08-17T01:15:42.992+0000] {dag.py:3089} INFO - Sync 1 DAGs
[2025-08-17T01:15:43.016+0000] {logging_mixin.py:188} INFO - [2025-08-17T01:15:43.016+0000] {dag.py:3947} INFO - Setting next_dagrun for tutorial to 2025-08-16 00:00:00+00:00, run_after=2025-08-17 00:00:00+00:00
[2025-08-17T01:15:43.034+0000] {processor.py:183} INFO - Processing /home/airflow/.local/lib/python3.12/site-packages/airflow/example_dags/tutorial.py took 0.082 seconds
[2025-08-17T01:16:13.189+0000] {processor.py:161} INFO - Started process (PID=1777) to work on /home/airflow/.local/lib/python3.12/site-packages/airflow/example_dags/tutorial.py
[2025-08-17T01:16:13.190+0000] {processor.py:830} INFO - Processing file /home/airflow/.local/lib/python3.12/site-packages/airflow/example_dags/tutorial.py for tasks to queue
[2025-08-17T01:16:13.192+0000] {logging_mixin.py:188} INFO - [2025-08-17T01:16:13.192+0000] {dagbag.py:545} INFO - Filling up the DagBag from /home/airflow/.local/lib/python3.12/site-packages/airflow/example_dags/tutorial.py
[2025-08-17T01:16:13.198+0000] {processor.py:840} INFO - DAG(s) 'tutorial' retrieved from /home/airflow/.local/lib/python3.12/site-packages/airflow/example_dags/tutorial.py
[2025-08-17T01:16:13.221+0000] {logging_mixin.py:188} INFO - [2025-08-17T01:16:13.220+0000] {dag.py:3089} INFO - Sync 1 DAGs
[2025-08-17T01:16:13.244+0000] {logging_mixin.py:188} INFO - [2025-08-17T01:16:13.243+0000] {dag.py:3947} INFO - Setting next_dagrun for tutorial to 2025-08-16 00:00:00+00:00, run_after=2025-08-17 00:00:00+00:00
[2025-08-17T01:16:13.264+0000] {processor.py:183} INFO - Processing /home/airflow/.local/lib/python3.12/site-packages/airflow/example_dags/tutorial.py took 0.081 seconds
[2025-08-17T01:17:35.698+0000] {processor.py:161} INFO - Started process (PID=63) to work on /home/airflow/.local/lib/python3.12/site-packages/airflow/example_dags/tutorial.py
[2025-08-17T01:17:35.700+0000] {processor.py:830} INFO - Processing file /home/airflow/.local/lib/python3.12/site-packages/airflow/example_dags/tutorial.py for tasks to queue
[2025-08-17T01:17:35.704+0000] {logging_mixin.py:188} INFO - [2025-08-17T01:17:35.703+0000] {dagbag.py:545} INFO - Filling up the DagBag from /home/airflow/.local/lib/python3.12/site-packages/airflow/example_dags/tutorial.py
[2025-08-17T01:17:35.734+0000] {processor.py:840} INFO - DAG(s) 'tutorial' retrieved from /home/airflow/.local/lib/python3.12/site-packages/airflow/example_dags/tutorial.py
[2025-08-17T01:17:35.781+0000] {logging_mixin.py:188} INFO - [2025-08-17T01:17:35.780+0000] {dag.py:3089} INFO - Sync 1 DAGs
[2025-08-17T01:17:35.818+0000] {logging_mixin.py:188} INFO - [2025-08-17T01:17:35.818+0000] {dag.py:3947} INFO - Setting next_dagrun for tutorial to 2025-08-16 00:00:00+00:00, run_after=2025-08-17 00:00:00+00:00
[2025-08-17T01:17:35.852+0000] {processor.py:183} INFO - Processing /home/airflow/.local/lib/python3.12/site-packages/airflow/example_dags/tutorial.py took 0.164 seconds
[2025-08-17T01:18:06.048+0000] {processor.py:161} INFO - Started process (PID=121) to work on /home/airflow/.local/lib/python3.12/site-packages/airflow/example_dags/tutorial.py
[2025-08-17T01:18:06.049+0000] {processor.py:830} INFO - Processing file /home/airflow/.local/lib/python3.12/site-packages/airflow/example_dags/tutorial.py for tasks to queue
[2025-08-17T01:18:06.052+0000] {logging_mixin.py:188} INFO - [2025-08-17T01:18:06.051+0000] {dagbag.py:545} INFO - Filling up the DagBag from /home/airflow/.local/lib/python3.12/site-packages/airflow/example_dags/tutorial.py
[2025-08-17T01:18:06.059+0000] {processor.py:840} INFO - DAG(s) 'tutorial' retrieved from /home/airflow/.local/lib/python3.12/site-packages/airflow/example_dags/tutorial.py
[2025-08-17T01:18:06.198+0000] {logging_mixin.py:188} INFO - [2025-08-17T01:18:06.198+0000] {dag.py:3089} INFO - Sync 1 DAGs
[2025-08-17T01:18:06.222+0000] {logging_mixin.py:188} INFO - [2025-08-17T01:18:06.222+0000] {dag.py:3947} INFO - Setting next_dagrun for tutorial to 2025-08-16 00:00:00+00:00, run_after=2025-08-17 00:00:00+00:00
[2025-08-17T01:18:06.249+0000] {processor.py:183} INFO - Processing /home/airflow/.local/lib/python3.12/site-packages/airflow/example_dags/tutorial.py took 0.210 seconds
[2025-08-17T01:18:36.932+0000] {processor.py:161} INFO - Started process (PID=181) to work on /home/airflow/.local/lib/python3.12/site-packages/airflow/example_dags/tutorial.py
[2025-08-17T01:18:36.933+0000] {processor.py:830} INFO - Processing file /home/airflow/.local/lib/python3.12/site-packages/airflow/example_dags/tutorial.py for tasks to queue
[2025-08-17T01:18:36.936+0000] {logging_mixin.py:188} INFO - [2025-08-17T01:18:36.935+0000] {dagbag.py:545} INFO - Filling up the DagBag from /home/airflow/.local/lib/python3.12/site-packages/airflow/example_dags/tutorial.py
[2025-08-17T01:18:36.945+0000] {processor.py:840} INFO - DAG(s) 'tutorial' retrieved from /home/airflow/.local/lib/python3.12/site-packages/airflow/example_dags/tutorial.py
[2025-08-17T01:18:36.974+0000] {logging_mixin.py:188} INFO - [2025-08-17T01:18:36.974+0000] {dag.py:3089} INFO - Sync 1 DAGs
[2025-08-17T01:18:37.001+0000] {logging_mixin.py:188} INFO - [2025-08-17T01:18:37.001+0000] {dag.py:3947} INFO - Setting next_dagrun for tutorial to 2025-08-16 00:00:00+00:00, run_after=2025-08-17 00:00:00+00:00
[2025-08-17T01:18:37.025+0000] {processor.py:183} INFO - Processing /home/airflow/.local/lib/python3.12/site-packages/airflow/example_dags/tutorial.py took 0.100 seconds
[2025-08-17T01:19:07.194+0000] {processor.py:161} INFO - Started process (PID=240) to work on /home/airflow/.local/lib/python3.12/site-packages/airflow/example_dags/tutorial.py
[2025-08-17T01:19:07.195+0000] {processor.py:830} INFO - Processing file /home/airflow/.local/lib/python3.12/site-packages/airflow/example_dags/tutorial.py for tasks to queue
[2025-08-17T01:19:07.197+0000] {logging_mixin.py:188} INFO - [2025-08-17T01:19:07.197+0000] {dagbag.py:545} INFO - Filling up the DagBag from /home/airflow/.local/lib/python3.12/site-packages/airflow/example_dags/tutorial.py
[2025-08-17T01:19:07.203+0000] {processor.py:840} INFO - DAG(s) 'tutorial' retrieved from /home/airflow/.local/lib/python3.12/site-packages/airflow/example_dags/tutorial.py
[2025-08-17T01:19:07.229+0000] {logging_mixin.py:188} INFO - [2025-08-17T01:19:07.229+0000] {dag.py:3089} INFO - Sync 1 DAGs
[2025-08-17T01:19:07.252+0000] {logging_mixin.py:188} INFO - [2025-08-17T01:19:07.252+0000] {dag.py:3947} INFO - Setting next_dagrun for tutorial to 2025-08-16 00:00:00+00:00, run_after=2025-08-17 00:00:00+00:00
[2025-08-17T01:19:07.272+0000] {processor.py:183} INFO - Processing /home/airflow/.local/lib/python3.12/site-packages/airflow/example_dags/tutorial.py took 0.085 seconds
[2025-08-17T01:19:37.387+0000] {processor.py:161} INFO - Started process (PID=299) to work on /home/airflow/.local/lib/python3.12/site-packages/airflow/example_dags/tutorial.py
[2025-08-17T01:19:37.389+0000] {processor.py:830} INFO - Processing file /home/airflow/.local/lib/python3.12/site-packages/airflow/example_dags/tutorial.py for tasks to queue
[2025-08-17T01:19:37.391+0000] {logging_mixin.py:188} INFO - [2025-08-17T01:19:37.391+0000] {dagbag.py:545} INFO - Filling up the DagBag from /home/airflow/.local/lib/python3.12/site-packages/airflow/example_dags/tutorial.py
[2025-08-17T01:19:37.398+0000] {processor.py:840} INFO - DAG(s) 'tutorial' retrieved from /home/airflow/.local/lib/python3.12/site-packages/airflow/example_dags/tutorial.py
[2025-08-17T01:19:37.426+0000] {logging_mixin.py:188} INFO - [2025-08-17T01:19:37.426+0000] {dag.py:3089} INFO - Sync 1 DAGs
[2025-08-17T01:19:37.455+0000] {logging_mixin.py:188} INFO - [2025-08-17T01:19:37.454+0000] {dag.py:3947} INFO - Setting next_dagrun for tutorial to 2025-08-16 00:00:00+00:00, run_after=2025-08-17 00:00:00+00:00
[2025-08-17T01:19:37.477+0000] {processor.py:183} INFO - Processing /home/airflow/.local/lib/python3.12/site-packages/airflow/example_dags/tutorial.py took 0.096 seconds
[2025-08-17T01:20:07.595+0000] {processor.py:161} INFO - Started process (PID=358) to work on /home/airflow/.local/lib/python3.12/site-packages/airflow/example_dags/tutorial.py
[2025-08-17T01:20:07.596+0000] {processor.py:830} INFO - Processing file /home/airflow/.local/lib/python3.12/site-packages/airflow/example_dags/tutorial.py for tasks to queue
[2025-08-17T01:20:07.599+0000] {logging_mixin.py:188} INFO - [2025-08-17T01:20:07.598+0000] {dagbag.py:545} INFO - Filling up the DagBag from /home/airflow/.local/lib/python3.12/site-packages/airflow/example_dags/tutorial.py
[2025-08-17T01:20:07.607+0000] {processor.py:840} INFO - DAG(s) 'tutorial' retrieved from /home/airflow/.local/lib/python3.12/site-packages/airflow/example_dags/tutorial.py
[2025-08-17T01:20:07.635+0000] {logging_mixin.py:188} INFO - [2025-08-17T01:20:07.635+0000] {dag.py:3089} INFO - Sync 1 DAGs
[2025-08-17T01:20:07.661+0000] {logging_mixin.py:188} INFO - [2025-08-17T01:20:07.660+0000] {dag.py:3947} INFO - Setting next_dagrun for tutorial to 2025-08-16 00:00:00+00:00, run_after=2025-08-17 00:00:00+00:00
[2025-08-17T01:20:07.683+0000] {processor.py:183} INFO - Processing /home/airflow/.local/lib/python3.12/site-packages/airflow/example_dags/tutorial.py took 0.095 seconds
[2025-08-17T01:20:37.978+0000] {processor.py:161} INFO - Started process (PID=418) to work on /home/airflow/.local/lib/python3.12/site-packages/airflow/example_dags/tutorial.py
[2025-08-17T01:20:37.979+0000] {processor.py:830} INFO - Processing file /home/airflow/.local/lib/python3.12/site-packages/airflow/example_dags/tutorial.py for tasks to queue
[2025-08-17T01:20:37.981+0000] {logging_mixin.py:188} INFO - [2025-08-17T01:20:37.981+0000] {dagbag.py:545} INFO - Filling up the DagBag from /home/airflow/.local/lib/python3.12/site-packages/airflow/example_dags/tutorial.py
[2025-08-17T01:20:37.989+0000] {processor.py:840} INFO - DAG(s) 'tutorial' retrieved from /home/airflow/.local/lib/python3.12/site-packages/airflow/example_dags/tutorial.py
[2025-08-17T01:20:38.017+0000] {logging_mixin.py:188} INFO - [2025-08-17T01:20:38.017+0000] {dag.py:3089} INFO - Sync 1 DAGs
[2025-08-17T01:20:38.044+0000] {logging_mixin.py:188} INFO - [2025-08-17T01:20:38.044+0000] {dag.py:3947} INFO - Setting next_dagrun for tutorial to 2025-08-16 00:00:00+00:00, run_after=2025-08-17 00:00:00+00:00
[2025-08-17T01:20:38.067+0000] {processor.py:183} INFO - Processing /home/airflow/.local/lib/python3.12/site-packages/airflow/example_dags/tutorial.py took 0.095 seconds
[2025-08-17T01:21:08.609+0000] {processor.py:161} INFO - Started process (PID=478) to work on /home/airflow/.local/lib/python3.12/site-packages/airflow/example_dags/tutorial.py
[2025-08-17T01:21:08.610+0000] {processor.py:830} INFO - Processing file /home/airflow/.local/lib/python3.12/site-packages/airflow/example_dags/tutorial.py for tasks to queue
[2025-08-17T01:21:08.612+0000] {logging_mixin.py:188} INFO - [2025-08-17T01:21:08.612+0000] {dagbag.py:545} INFO - Filling up the DagBag from /home/airflow/.local/lib/python3.12/site-packages/airflow/example_dags/tutorial.py
[2025-08-17T01:21:08.619+0000] {processor.py:840} INFO - DAG(s) 'tutorial' retrieved from /home/airflow/.local/lib/python3.12/site-packages/airflow/example_dags/tutorial.py
[2025-08-17T01:21:08.644+0000] {logging_mixin.py:188} INFO - [2025-08-17T01:21:08.643+0000] {dag.py:3089} INFO - Sync 1 DAGs
[2025-08-17T01:21:08.669+0000] {logging_mixin.py:188} INFO - [2025-08-17T01:21:08.668+0000] {dag.py:3947} INFO - Setting next_dagrun for tutorial to 2025-08-16 00:00:00+00:00, run_after=2025-08-17 00:00:00+00:00
[2025-08-17T01:21:08.694+0000] {processor.py:183} INFO - Processing /home/airflow/.local/lib/python3.12/site-packages/airflow/example_dags/tutorial.py took 0.092 seconds
[2025-08-17T01:21:38.752+0000] {processor.py:161} INFO - Started process (PID=537) to work on /home/airflow/.local/lib/python3.12/site-packages/airflow/example_dags/tutorial.py
[2025-08-17T01:21:38.753+0000] {processor.py:830} INFO - Processing file /home/airflow/.local/lib/python3.12/site-packages/airflow/example_dags/tutorial.py for tasks to queue
[2025-08-17T01:21:38.755+0000] {logging_mixin.py:188} INFO - [2025-08-17T01:21:38.755+0000] {dagbag.py:545} INFO - Filling up the DagBag from /home/airflow/.local/lib/python3.12/site-packages/airflow/example_dags/tutorial.py
[2025-08-17T01:21:38.762+0000] {processor.py:840} INFO - DAG(s) 'tutorial' retrieved from /home/airflow/.local/lib/python3.12/site-packages/airflow/example_dags/tutorial.py
[2025-08-17T01:21:38.792+0000] {logging_mixin.py:188} INFO - [2025-08-17T01:21:38.791+0000] {dag.py:3089} INFO - Sync 1 DAGs
[2025-08-17T01:21:38.821+0000] {logging_mixin.py:188} INFO - [2025-08-17T01:21:38.821+0000] {dag.py:3947} INFO - Setting next_dagrun for tutorial to 2025-08-16 00:00:00+00:00, run_after=2025-08-17 00:00:00+00:00
[2025-08-17T01:21:38.843+0000] {processor.py:183} INFO - Processing /home/airflow/.local/lib/python3.12/site-packages/airflow/example_dags/tutorial.py took 0.097 seconds
[2025-08-17T01:22:09.112+0000] {processor.py:161} INFO - Started process (PID=596) to work on /home/airflow/.local/lib/python3.12/site-packages/airflow/example_dags/tutorial.py
[2025-08-17T01:22:09.114+0000] {processor.py:830} INFO - Processing file /home/airflow/.local/lib/python3.12/site-packages/airflow/example_dags/tutorial.py for tasks to queue
[2025-08-17T01:22:09.117+0000] {logging_mixin.py:188} INFO - [2025-08-17T01:22:09.117+0000] {dagbag.py:545} INFO - Filling up the DagBag from /home/airflow/.local/lib/python3.12/site-packages/airflow/example_dags/tutorial.py
[2025-08-17T01:22:09.127+0000] {processor.py:840} INFO - DAG(s) 'tutorial' retrieved from /home/airflow/.local/lib/python3.12/site-packages/airflow/example_dags/tutorial.py
[2025-08-17T01:22:09.159+0000] {logging_mixin.py:188} INFO - [2025-08-17T01:22:09.159+0000] {dag.py:3089} INFO - Sync 1 DAGs
[2025-08-17T01:22:09.186+0000] {logging_mixin.py:188} INFO - [2025-08-17T01:22:09.185+0000] {dag.py:3947} INFO - Setting next_dagrun for tutorial to 2025-08-16 00:00:00+00:00, run_after=2025-08-17 00:00:00+00:00
[2025-08-17T01:22:09.211+0000] {processor.py:183} INFO - Processing /home/airflow/.local/lib/python3.12/site-packages/airflow/example_dags/tutorial.py took 0.108 seconds
[2025-08-17T01:22:39.566+0000] {processor.py:161} INFO - Started process (PID=655) to work on /home/airflow/.local/lib/python3.12/site-packages/airflow/example_dags/tutorial.py
[2025-08-17T01:22:39.567+0000] {processor.py:830} INFO - Processing file /home/airflow/.local/lib/python3.12/site-packages/airflow/example_dags/tutorial.py for tasks to queue
[2025-08-17T01:22:39.569+0000] {logging_mixin.py:188} INFO - [2025-08-17T01:22:39.569+0000] {dagbag.py:545} INFO - Filling up the DagBag from /home/airflow/.local/lib/python3.12/site-packages/airflow/example_dags/tutorial.py
[2025-08-17T01:22:39.576+0000] {processor.py:840} INFO - DAG(s) 'tutorial' retrieved from /home/airflow/.local/lib/python3.12/site-packages/airflow/example_dags/tutorial.py
[2025-08-17T01:22:39.606+0000] {logging_mixin.py:188} INFO - [2025-08-17T01:22:39.606+0000] {dag.py:3089} INFO - Sync 1 DAGs
[2025-08-17T01:22:39.632+0000] {logging_mixin.py:188} INFO - [2025-08-17T01:22:39.632+0000] {dag.py:3947} INFO - Setting next_dagrun for tutorial to 2025-08-16 00:00:00+00:00, run_after=2025-08-17 00:00:00+00:00
[2025-08-17T01:22:39.654+0000] {processor.py:183} INFO - Processing /home/airflow/.local/lib/python3.12/site-packages/airflow/example_dags/tutorial.py took 0.094 seconds
[2025-08-17T01:23:09.821+0000] {processor.py:161} INFO - Started process (PID=714) to work on /home/airflow/.local/lib/python3.12/site-packages/airflow/example_dags/tutorial.py
[2025-08-17T01:23:09.822+0000] {processor.py:830} INFO - Processing file /home/airflow/.local/lib/python3.12/site-packages/airflow/example_dags/tutorial.py for tasks to queue
[2025-08-17T01:23:09.824+0000] {logging_mixin.py:188} INFO - [2025-08-17T01:23:09.824+0000] {dagbag.py:545} INFO - Filling up the DagBag from /home/airflow/.local/lib/python3.12/site-packages/airflow/example_dags/tutorial.py
[2025-08-17T01:23:09.831+0000] {processor.py:840} INFO - DAG(s) 'tutorial' retrieved from /home/airflow/.local/lib/python3.12/site-packages/airflow/example_dags/tutorial.py
[2025-08-17T01:23:09.855+0000] {logging_mixin.py:188} INFO - [2025-08-17T01:23:09.855+0000] {dag.py:3089} INFO - Sync 1 DAGs
[2025-08-17T01:23:09.877+0000] {logging_mixin.py:188} INFO - [2025-08-17T01:23:09.877+0000] {dag.py:3947} INFO - Setting next_dagrun for tutorial to 2025-08-16 00:00:00+00:00, run_after=2025-08-17 00:00:00+00:00
[2025-08-17T01:23:09.896+0000] {processor.py:183} INFO - Processing /home/airflow/.local/lib/python3.12/site-packages/airflow/example_dags/tutorial.py took 0.082 seconds
[2025-08-17T01:23:40.401+0000] {processor.py:161} INFO - Started process (PID=773) to work on /home/airflow/.local/lib/python3.12/site-packages/airflow/example_dags/tutorial.py
[2025-08-17T01:23:40.402+0000] {processor.py:830} INFO - Processing file /home/airflow/.local/lib/python3.12/site-packages/airflow/example_dags/tutorial.py for tasks to queue
[2025-08-17T01:23:40.405+0000] {logging_mixin.py:188} INFO - [2025-08-17T01:23:40.405+0000] {dagbag.py:545} INFO - Filling up the DagBag from /home/airflow/.local/lib/python3.12/site-packages/airflow/example_dags/tutorial.py
[2025-08-17T01:23:40.415+0000] {processor.py:840} INFO - DAG(s) 'tutorial' retrieved from /home/airflow/.local/lib/python3.12/site-packages/airflow/example_dags/tutorial.py
[2025-08-17T01:23:40.450+0000] {logging_mixin.py:188} INFO - [2025-08-17T01:23:40.450+0000] {dag.py:3089} INFO - Sync 1 DAGs
[2025-08-17T01:23:40.493+0000] {logging_mixin.py:188} INFO - [2025-08-17T01:23:40.493+0000] {dag.py:3947} INFO - Setting next_dagrun for tutorial to 2025-08-16 00:00:00+00:00, run_after=2025-08-17 00:00:00+00:00
[2025-08-17T01:23:40.534+0000] {processor.py:183} INFO - Processing /home/airflow/.local/lib/python3.12/site-packages/airflow/example_dags/tutorial.py took 0.144 seconds
[2025-08-17T01:24:10.907+0000] {processor.py:161} INFO - Started process (PID=832) to work on /home/airflow/.local/lib/python3.12/site-packages/airflow/example_dags/tutorial.py
[2025-08-17T01:24:10.908+0000] {processor.py:830} INFO - Processing file /home/airflow/.local/lib/python3.12/site-packages/airflow/example_dags/tutorial.py for tasks to queue
[2025-08-17T01:24:10.910+0000] {logging_mixin.py:188} INFO - [2025-08-17T01:24:10.910+0000] {dagbag.py:545} INFO - Filling up the DagBag from /home/airflow/.local/lib/python3.12/site-packages/airflow/example_dags/tutorial.py
[2025-08-17T01:24:10.919+0000] {processor.py:840} INFO - DAG(s) 'tutorial' retrieved from /home/airflow/.local/lib/python3.12/site-packages/airflow/example_dags/tutorial.py
[2025-08-17T01:24:10.944+0000] {logging_mixin.py:188} INFO - [2025-08-17T01:24:10.944+0000] {dag.py:3089} INFO - Sync 1 DAGs
[2025-08-17T01:24:10.968+0000] {logging_mixin.py:188} INFO - [2025-08-17T01:24:10.968+0000] {dag.py:3947} INFO - Setting next_dagrun for tutorial to 2025-08-16 00:00:00+00:00, run_after=2025-08-17 00:00:00+00:00
[2025-08-17T01:24:10.988+0000] {processor.py:183} INFO - Processing /home/airflow/.local/lib/python3.12/site-packages/airflow/example_dags/tutorial.py took 0.088 seconds
[2025-08-17T01:24:41.150+0000] {processor.py:161} INFO - Started process (PID=897) to work on /home/airflow/.local/lib/python3.12/site-packages/airflow/example_dags/tutorial.py
[2025-08-17T01:24:41.151+0000] {processor.py:830} INFO - Processing file /home/airflow/.local/lib/python3.12/site-packages/airflow/example_dags/tutorial.py for tasks to queue
[2025-08-17T01:24:41.153+0000] {logging_mixin.py:188} INFO - [2025-08-17T01:24:41.153+0000] {dagbag.py:545} INFO - Filling up the DagBag from /home/airflow/.local/lib/python3.12/site-packages/airflow/example_dags/tutorial.py
[2025-08-17T01:24:41.160+0000] {processor.py:840} INFO - DAG(s) 'tutorial' retrieved from /home/airflow/.local/lib/python3.12/site-packages/airflow/example_dags/tutorial.py
[2025-08-17T01:24:41.185+0000] {logging_mixin.py:188} INFO - [2025-08-17T01:24:41.184+0000] {dag.py:3089} INFO - Sync 1 DAGs
[2025-08-17T01:24:41.210+0000] {logging_mixin.py:188} INFO - [2025-08-17T01:24:41.210+0000] {dag.py:3947} INFO - Setting next_dagrun for tutorial to 2025-08-16 00:00:00+00:00, run_after=2025-08-17 00:00:00+00:00
[2025-08-17T01:24:41.233+0000] {processor.py:183} INFO - Processing /home/airflow/.local/lib/python3.12/site-packages/airflow/example_dags/tutorial.py took 0.091 seconds
[2025-08-17T01:25:11.426+0000] {processor.py:161} INFO - Started process (PID=956) to work on /home/airflow/.local/lib/python3.12/site-packages/airflow/example_dags/tutorial.py
[2025-08-17T01:25:11.427+0000] {processor.py:830} INFO - Processing file /home/airflow/.local/lib/python3.12/site-packages/airflow/example_dags/tutorial.py for tasks to queue
[2025-08-17T01:25:11.429+0000] {logging_mixin.py:188} INFO - [2025-08-17T01:25:11.429+0000] {dagbag.py:545} INFO - Filling up the DagBag from /home/airflow/.local/lib/python3.12/site-packages/airflow/example_dags/tutorial.py
[2025-08-17T01:25:11.436+0000] {processor.py:840} INFO - DAG(s) 'tutorial' retrieved from /home/airflow/.local/lib/python3.12/site-packages/airflow/example_dags/tutorial.py
[2025-08-17T01:25:11.463+0000] {logging_mixin.py:188} INFO - [2025-08-17T01:25:11.463+0000] {dag.py:3089} INFO - Sync 1 DAGs
[2025-08-17T01:25:11.489+0000] {logging_mixin.py:188} INFO - [2025-08-17T01:25:11.489+0000] {dag.py:3947} INFO - Setting next_dagrun for tutorial to 2025-08-16 00:00:00+00:00, run_after=2025-08-17 00:00:00+00:00
[2025-08-17T01:25:11.511+0000] {processor.py:183} INFO - Processing /home/airflow/.local/lib/python3.12/site-packages/airflow/example_dags/tutorial.py took 0.092 seconds
[2025-08-17T01:26:37.256+0000] {processor.py:161} INFO - Started process (PID=63) to work on /home/airflow/.local/lib/python3.12/site-packages/airflow/example_dags/tutorial.py
[2025-08-17T01:26:37.258+0000] {processor.py:830} INFO - Processing file /home/airflow/.local/lib/python3.12/site-packages/airflow/example_dags/tutorial.py for tasks to queue
[2025-08-17T01:26:37.266+0000] {logging_mixin.py:188} INFO - [2025-08-17T01:26:37.265+0000] {dagbag.py:545} INFO - Filling up the DagBag from /home/airflow/.local/lib/python3.12/site-packages/airflow/example_dags/tutorial.py
[2025-08-17T01:26:37.313+0000] {processor.py:840} INFO - DAG(s) 'tutorial' retrieved from /home/airflow/.local/lib/python3.12/site-packages/airflow/example_dags/tutorial.py
[2025-08-17T01:26:37.371+0000] {logging_mixin.py:188} INFO - [2025-08-17T01:26:37.370+0000] {dag.py:3089} INFO - Sync 1 DAGs
[2025-08-17T01:26:37.413+0000] {logging_mixin.py:188} INFO - [2025-08-17T01:26:37.413+0000] {dag.py:3947} INFO - Setting next_dagrun for tutorial to 2025-08-16 00:00:00+00:00, run_after=2025-08-17 00:00:00+00:00
[2025-08-17T01:26:37.450+0000] {processor.py:183} INFO - Processing /home/airflow/.local/lib/python3.12/site-packages/airflow/example_dags/tutorial.py took 0.213 seconds
[2025-08-17T01:27:07.710+0000] {processor.py:161} INFO - Started process (PID=121) to work on /home/airflow/.local/lib/python3.12/site-packages/airflow/example_dags/tutorial.py
[2025-08-17T01:27:07.711+0000] {processor.py:830} INFO - Processing file /home/airflow/.local/lib/python3.12/site-packages/airflow/example_dags/tutorial.py for tasks to queue
[2025-08-17T01:27:07.714+0000] {logging_mixin.py:188} INFO - [2025-08-17T01:27:07.714+0000] {dagbag.py:545} INFO - Filling up the DagBag from /home/airflow/.local/lib/python3.12/site-packages/airflow/example_dags/tutorial.py
[2025-08-17T01:27:07.723+0000] {processor.py:840} INFO - DAG(s) 'tutorial' retrieved from /home/airflow/.local/lib/python3.12/site-packages/airflow/example_dags/tutorial.py
[2025-08-17T01:27:07.740+0000] {logging_mixin.py:188} INFO - [2025-08-17T01:27:07.740+0000] {dag.py:3089} INFO - Sync 1 DAGs
[2025-08-17T01:27:07.765+0000] {logging_mixin.py:188} INFO - [2025-08-17T01:27:07.765+0000] {dag.py:3947} INFO - Setting next_dagrun for tutorial to 2025-08-16 00:00:00+00:00, run_after=2025-08-17 00:00:00+00:00
[2025-08-17T01:27:07.787+0000] {processor.py:183} INFO - Processing /home/airflow/.local/lib/python3.12/site-packages/airflow/example_dags/tutorial.py took 0.082 seconds
[2025-08-17T01:27:38.378+0000] {processor.py:161} INFO - Started process (PID=181) to work on /home/airflow/.local/lib/python3.12/site-packages/airflow/example_dags/tutorial.py
[2025-08-17T01:27:38.379+0000] {processor.py:830} INFO - Processing file /home/airflow/.local/lib/python3.12/site-packages/airflow/example_dags/tutorial.py for tasks to queue
[2025-08-17T01:27:38.382+0000] {logging_mixin.py:188} INFO - [2025-08-17T01:27:38.382+0000] {dagbag.py:545} INFO - Filling up the DagBag from /home/airflow/.local/lib/python3.12/site-packages/airflow/example_dags/tutorial.py
[2025-08-17T01:27:38.391+0000] {processor.py:840} INFO - DAG(s) 'tutorial' retrieved from /home/airflow/.local/lib/python3.12/site-packages/airflow/example_dags/tutorial.py
[2025-08-17T01:27:38.526+0000] {logging_mixin.py:188} INFO - [2025-08-17T01:27:38.526+0000] {dag.py:3089} INFO - Sync 1 DAGs
[2025-08-17T01:27:38.550+0000] {logging_mixin.py:188} INFO - [2025-08-17T01:27:38.549+0000] {dag.py:3947} INFO - Setting next_dagrun for tutorial to 2025-08-16 00:00:00+00:00, run_after=2025-08-17 00:00:00+00:00
[2025-08-17T01:27:38.575+0000] {processor.py:183} INFO - Processing /home/airflow/.local/lib/python3.12/site-packages/airflow/example_dags/tutorial.py took 0.206 seconds
[2025-08-17T01:28:09.105+0000] {processor.py:161} INFO - Started process (PID=240) to work on /home/airflow/.local/lib/python3.12/site-packages/airflow/example_dags/tutorial.py
[2025-08-17T01:28:09.107+0000] {processor.py:830} INFO - Processing file /home/airflow/.local/lib/python3.12/site-packages/airflow/example_dags/tutorial.py for tasks to queue
[2025-08-17T01:28:09.110+0000] {logging_mixin.py:188} INFO - [2025-08-17T01:28:09.109+0000] {dagbag.py:545} INFO - Filling up the DagBag from /home/airflow/.local/lib/python3.12/site-packages/airflow/example_dags/tutorial.py
[2025-08-17T01:28:09.117+0000] {processor.py:840} INFO - DAG(s) 'tutorial' retrieved from /home/airflow/.local/lib/python3.12/site-packages/airflow/example_dags/tutorial.py
[2025-08-17T01:28:09.142+0000] {logging_mixin.py:188} INFO - [2025-08-17T01:28:09.142+0000] {dag.py:3089} INFO - Sync 1 DAGs
[2025-08-17T01:28:09.166+0000] {logging_mixin.py:188} INFO - [2025-08-17T01:28:09.166+0000] {dag.py:3947} INFO - Setting next_dagrun for tutorial to 2025-08-16 00:00:00+00:00, run_after=2025-08-17 00:00:00+00:00
[2025-08-17T01:28:09.185+0000] {processor.py:183} INFO - Processing /home/airflow/.local/lib/python3.12/site-packages/airflow/example_dags/tutorial.py took 0.085 seconds
[2025-08-17T01:28:39.414+0000] {processor.py:161} INFO - Started process (PID=299) to work on /home/airflow/.local/lib/python3.12/site-packages/airflow/example_dags/tutorial.py
[2025-08-17T01:28:39.416+0000] {processor.py:830} INFO - Processing file /home/airflow/.local/lib/python3.12/site-packages/airflow/example_dags/tutorial.py for tasks to queue
[2025-08-17T01:28:39.418+0000] {logging_mixin.py:188} INFO - [2025-08-17T01:28:39.418+0000] {dagbag.py:545} INFO - Filling up the DagBag from /home/airflow/.local/lib/python3.12/site-packages/airflow/example_dags/tutorial.py
[2025-08-17T01:28:39.425+0000] {processor.py:840} INFO - DAG(s) 'tutorial' retrieved from /home/airflow/.local/lib/python3.12/site-packages/airflow/example_dags/tutorial.py
[2025-08-17T01:28:39.449+0000] {logging_mixin.py:188} INFO - [2025-08-17T01:28:39.449+0000] {dag.py:3089} INFO - Sync 1 DAGs
[2025-08-17T01:28:39.475+0000] {logging_mixin.py:188} INFO - [2025-08-17T01:28:39.475+0000] {dag.py:3947} INFO - Setting next_dagrun for tutorial to 2025-08-16 00:00:00+00:00, run_after=2025-08-17 00:00:00+00:00
[2025-08-17T01:28:39.498+0000] {processor.py:183} INFO - Processing /home/airflow/.local/lib/python3.12/site-packages/airflow/example_dags/tutorial.py took 0.090 seconds
[2025-08-17T01:29:09.990+0000] {processor.py:161} INFO - Started process (PID=358) to work on /home/airflow/.local/lib/python3.12/site-packages/airflow/example_dags/tutorial.py
[2025-08-17T01:29:09.991+0000] {processor.py:830} INFO - Processing file /home/airflow/.local/lib/python3.12/site-packages/airflow/example_dags/tutorial.py for tasks to queue
[2025-08-17T01:29:09.994+0000] {logging_mixin.py:188} INFO - [2025-08-17T01:29:09.994+0000] {dagbag.py:545} INFO - Filling up the DagBag from /home/airflow/.local/lib/python3.12/site-packages/airflow/example_dags/tutorial.py
[2025-08-17T01:29:10.002+0000] {processor.py:840} INFO - DAG(s) 'tutorial' retrieved from /home/airflow/.local/lib/python3.12/site-packages/airflow/example_dags/tutorial.py
[2025-08-17T01:29:10.030+0000] {logging_mixin.py:188} INFO - [2025-08-17T01:29:10.030+0000] {dag.py:3089} INFO - Sync 1 DAGs
[2025-08-17T01:29:10.056+0000] {logging_mixin.py:188} INFO - [2025-08-17T01:29:10.056+0000] {dag.py:3947} INFO - Setting next_dagrun for tutorial to 2025-08-16 00:00:00+00:00, run_after=2025-08-17 00:00:00+00:00
[2025-08-17T01:29:10.081+0000] {processor.py:183} INFO - Processing /home/airflow/.local/lib/python3.12/site-packages/airflow/example_dags/tutorial.py took 0.100 seconds
[2025-08-17T01:29:40.603+0000] {processor.py:161} INFO - Started process (PID=419) to work on /home/airflow/.local/lib/python3.12/site-packages/airflow/example_dags/tutorial.py
[2025-08-17T01:29:40.605+0000] {processor.py:830} INFO - Processing file /home/airflow/.local/lib/python3.12/site-packages/airflow/example_dags/tutorial.py for tasks to queue
[2025-08-17T01:29:40.609+0000] {logging_mixin.py:188} INFO - [2025-08-17T01:29:40.608+0000] {dagbag.py:545} INFO - Filling up the DagBag from /home/airflow/.local/lib/python3.12/site-packages/airflow/example_dags/tutorial.py
[2025-08-17T01:29:40.615+0000] {processor.py:840} INFO - DAG(s) 'tutorial' retrieved from /home/airflow/.local/lib/python3.12/site-packages/airflow/example_dags/tutorial.py
[2025-08-17T01:29:40.640+0000] {logging_mixin.py:188} INFO - [2025-08-17T01:29:40.640+0000] {dag.py:3089} INFO - Sync 1 DAGs
[2025-08-17T01:29:40.664+0000] {logging_mixin.py:188} INFO - [2025-08-17T01:29:40.664+0000] {dag.py:3947} INFO - Setting next_dagrun for tutorial to 2025-08-16 00:00:00+00:00, run_after=2025-08-17 00:00:00+00:00
[2025-08-17T01:29:40.688+0000] {processor.py:183} INFO - Processing /home/airflow/.local/lib/python3.12/site-packages/airflow/example_dags/tutorial.py took 0.092 seconds
[2025-08-17T01:30:11.275+0000] {processor.py:161} INFO - Started process (PID=484) to work on /home/airflow/.local/lib/python3.12/site-packages/airflow/example_dags/tutorial.py
[2025-08-17T01:30:11.277+0000] {processor.py:830} INFO - Processing file /home/airflow/.local/lib/python3.12/site-packages/airflow/example_dags/tutorial.py for tasks to queue
[2025-08-17T01:30:11.279+0000] {logging_mixin.py:188} INFO - [2025-08-17T01:30:11.279+0000] {dagbag.py:545} INFO - Filling up the DagBag from /home/airflow/.local/lib/python3.12/site-packages/airflow/example_dags/tutorial.py
[2025-08-17T01:30:11.286+0000] {processor.py:840} INFO - DAG(s) 'tutorial' retrieved from /home/airflow/.local/lib/python3.12/site-packages/airflow/example_dags/tutorial.py
[2025-08-17T01:30:11.310+0000] {logging_mixin.py:188} INFO - [2025-08-17T01:30:11.310+0000] {dag.py:3089} INFO - Sync 1 DAGs
[2025-08-17T01:30:11.332+0000] {logging_mixin.py:188} INFO - [2025-08-17T01:30:11.332+0000] {dag.py:3947} INFO - Setting next_dagrun for tutorial to 2025-08-16 00:00:00+00:00, run_after=2025-08-17 00:00:00+00:00
[2025-08-17T01:30:11.355+0000] {processor.py:183} INFO - Processing /home/airflow/.local/lib/python3.12/site-packages/airflow/example_dags/tutorial.py took 0.086 seconds
[2025-08-17T01:30:41.713+0000] {processor.py:161} INFO - Started process (PID=543) to work on /home/airflow/.local/lib/python3.12/site-packages/airflow/example_dags/tutorial.py
[2025-08-17T01:30:41.715+0000] {processor.py:830} INFO - Processing file /home/airflow/.local/lib/python3.12/site-packages/airflow/example_dags/tutorial.py for tasks to queue
[2025-08-17T01:30:41.718+0000] {logging_mixin.py:188} INFO - [2025-08-17T01:30:41.717+0000] {dagbag.py:545} INFO - Filling up the DagBag from /home/airflow/.local/lib/python3.12/site-packages/airflow/example_dags/tutorial.py
[2025-08-17T01:30:41.724+0000] {processor.py:840} INFO - DAG(s) 'tutorial' retrieved from /home/airflow/.local/lib/python3.12/site-packages/airflow/example_dags/tutorial.py
[2025-08-17T01:30:41.746+0000] {logging_mixin.py:188} INFO - [2025-08-17T01:30:41.746+0000] {dag.py:3089} INFO - Sync 1 DAGs
[2025-08-17T01:30:41.770+0000] {logging_mixin.py:188} INFO - [2025-08-17T01:30:41.770+0000] {dag.py:3947} INFO - Setting next_dagrun for tutorial to 2025-08-16 00:00:00+00:00, run_after=2025-08-17 00:00:00+00:00
[2025-08-17T01:30:41.793+0000] {processor.py:183} INFO - Processing /home/airflow/.local/lib/python3.12/site-packages/airflow/example_dags/tutorial.py took 0.086 seconds
[2025-08-17T01:31:12.075+0000] {processor.py:161} INFO - Started process (PID=602) to work on /home/airflow/.local/lib/python3.12/site-packages/airflow/example_dags/tutorial.py
[2025-08-17T01:31:12.077+0000] {processor.py:830} INFO - Processing file /home/airflow/.local/lib/python3.12/site-packages/airflow/example_dags/tutorial.py for tasks to queue
[2025-08-17T01:31:12.079+0000] {logging_mixin.py:188} INFO - [2025-08-17T01:31:12.079+0000] {dagbag.py:545} INFO - Filling up the DagBag from /home/airflow/.local/lib/python3.12/site-packages/airflow/example_dags/tutorial.py
[2025-08-17T01:31:12.085+0000] {processor.py:840} INFO - DAG(s) 'tutorial' retrieved from /home/airflow/.local/lib/python3.12/site-packages/airflow/example_dags/tutorial.py
[2025-08-17T01:31:12.114+0000] {logging_mixin.py:188} INFO - [2025-08-17T01:31:12.114+0000] {dag.py:3089} INFO - Sync 1 DAGs
[2025-08-17T01:31:12.147+0000] {logging_mixin.py:188} INFO - [2025-08-17T01:31:12.147+0000] {dag.py:3947} INFO - Setting next_dagrun for tutorial to 2025-08-16 00:00:00+00:00, run_after=2025-08-17 00:00:00+00:00
[2025-08-17T01:31:12.175+0000] {processor.py:183} INFO - Processing /home/airflow/.local/lib/python3.12/site-packages/airflow/example_dags/tutorial.py took 0.106 seconds
[2025-08-17T01:31:42.498+0000] {processor.py:161} INFO - Started process (PID=664) to work on /home/airflow/.local/lib/python3.12/site-packages/airflow/example_dags/tutorial.py
[2025-08-17T01:31:42.500+0000] {processor.py:830} INFO - Processing file /home/airflow/.local/lib/python3.12/site-packages/airflow/example_dags/tutorial.py for tasks to queue
[2025-08-17T01:31:42.504+0000] {logging_mixin.py:188} INFO - [2025-08-17T01:31:42.503+0000] {dagbag.py:545} INFO - Filling up the DagBag from /home/airflow/.local/lib/python3.12/site-packages/airflow/example_dags/tutorial.py
[2025-08-17T01:31:42.514+0000] {processor.py:840} INFO - DAG(s) 'tutorial' retrieved from /home/airflow/.local/lib/python3.12/site-packages/airflow/example_dags/tutorial.py
[2025-08-17T01:31:42.547+0000] {logging_mixin.py:188} INFO - [2025-08-17T01:31:42.547+0000] {dag.py:3089} INFO - Sync 1 DAGs
[2025-08-17T01:31:42.578+0000] {logging_mixin.py:188} INFO - [2025-08-17T01:31:42.577+0000] {dag.py:3947} INFO - Setting next_dagrun for tutorial to 2025-08-16 00:00:00+00:00, run_after=2025-08-17 00:00:00+00:00
[2025-08-17T01:31:42.602+0000] {processor.py:183} INFO - Processing /home/airflow/.local/lib/python3.12/site-packages/airflow/example_dags/tutorial.py took 0.114 seconds
